DEMOAPL1  MZ390 START
DEMOAPL1  MZ390 Copyright 2010 Automated Software Tools Corporation
DEMOAPL1  MZ390 z390 is licensed under GNU General Public License
DEMOAPL1  MZ390 program = guam\demo\DEMOAPL1.MLC
DEMOAPL1  MZ390 options = sysmac(W:\work\z390\mac+.) 
  syscpy(W:\work\z390\mac+.) @rt\RT1=(bal notiming stats) guam
DEMOAPL1  MZ390 final_options=ALIGN
DEMOAPL1  MZ390 final_options=NOALLOW
DEMOAPL1  MZ390 final_options=NOAMODE24
DEMOAPL1  MZ390 final_options=AMODE31
DEMOAPL1  MZ390 final_options=NOASCII
DEMOAPL1  MZ390 final_options=ASM
DEMOAPL1  MZ390 final_options=NOASSIST
DEMOAPL1  MZ390 final_options=AUTOLINK
DEMOAPL1  MZ390 final_options=BAL
DEMOAPL1  MZ390 final_options=NOBS2000
DEMOAPL1  MZ390 final_options=EDF
DEMOAPL1  MZ390 final_options=NOCICS
DEMOAPL1  MZ390 final_options=CODEPAGE(ISO-8859-1+IBM1047)
DEMOAPL1  MZ390 final_options=COMMENT
DEMOAPL1  MZ390 final_options=CON
DEMOAPL1  MZ390 final_options=NODUMP
DEMOAPL1  MZ390 final_options=EPILOG
DEMOAPL1  MZ390 final_options=NOERRSUM
DEMOAPL1  MZ390 final_options=EXTEND
DEMOAPL1  MZ390 final_options=FLOAT(DECIMAL)
DEMOAPL1  MZ390 final_options=GUAM
DEMOAPL1  MZ390 final_options=INIT
DEMOAPL1  MZ390 final_options=LIST
DEMOAPL1  MZ390 final_options=LISTCALL
DEMOAPL1  MZ390 final_options=LISTUSE
DEMOAPL1  MZ390 final_options=LOADHIGH
DEMOAPL1  MZ390 final_options=NOMCALL
DEMOAPL1  MZ390 final_options=NOMOD
DEMOAPL1  MZ390 final_options=OBJ
DEMOAPL1  MZ390 final_options=NOOBJHEX
DEMOAPL1  MZ390 final_options=PC
DEMOAPL1  MZ390 final_options=PCOPT
DEMOAPL1  MZ390 final_options=NOPRINTALL
DEMOAPL1  MZ390 final_options=PROLOG
DEMOAPL1  MZ390 final_options=PROTECT
DEMOAPL1  MZ390 final_options=R64
DEMOAPL1  MZ390 final_options=NOREFORMAT
DEMOAPL1  MZ390 final_options=NOREGS
DEMOAPL1  MZ390 final_options=RMODE24
DEMOAPL1  MZ390 final_options=NORMODE31
DEMOAPL1  MZ390 final_options=STATS
DEMOAPL1  MZ390 final_options=NOTEST
DEMOAPL1  MZ390 final_options=NOTIME
DEMOAPL1  MZ390 final_options=NOTIMING
DEMOAPL1  MZ390 final_options=NOTRACE
DEMOAPL1  MZ390 final_options=NOTRACEA
DEMOAPL1  MZ390 final_options=NOTRACEALL
DEMOAPL1  MZ390 final_options=NOTRACEC
DEMOAPL1  MZ390 final_options=NOTRACEG
DEMOAPL1  MZ390 final_options=NOTRACEL
DEMOAPL1  MZ390 final_options=NOTRACEM
DEMOAPL1  MZ390 final_options=NOTRACEP
DEMOAPL1  MZ390 final_options=NOTRACEQ
DEMOAPL1  MZ390 final_options=NOTRACES
DEMOAPL1  MZ390 final_options=NOTRACET
DEMOAPL1  MZ390 final_options=NOTRACEV
DEMOAPL1  MZ390 final_options=TRAP
DEMOAPL1  MZ390 final_options=NOTRUNC
DEMOAPL1  MZ390 final_options=NOTS
DEMOAPL1  MZ390 final_options=VCB
DEMOAPL1  MZ390 final_options=WARN
DEMOAPL1  MZ390 final_options=XREF
DEMOAPL1  MZ390 final_options=ZSTRMAC
DEMOAPL1  MZ390 final_options=CHKMAC=0
DEMOAPL1  MZ390 final_options=CHKSRC=1
DEMOAPL1  MZ390 final_options=ERR=100
DEMOAPL1  MZ390 final_options=MAXCALL=50
DEMOAPL1  MZ390 final_options=MAXDISPLAY=80
DEMOAPL1  MZ390 final_options=MAXESD=1000
DEMOAPL1  MZ390 final_options=MAXFILE=1000
DEMOAPL1  MZ390 final_options=MAXGBL=100000
DEMOAPL1  MZ390 final_options=MAXHEIGHT=600
DEMOAPL1  MZ390 final_options=MAXLCL=100000
DEMOAPL1  MZ390 final_options=MAXLEN=80
DEMOAPL1  MZ390 final_options=MAXLINE=200000
DEMOAPL1  MZ390 final_options=MAXLOG=1000000
DEMOAPL1  MZ390 final_options=MAXPARM=10000
DEMOAPL1  MZ390 final_options=MAXPASS=2
DEMOAPL1  MZ390 final_options=MAXPC=50000
DEMOAPL1  MZ390 final_options=MAXQUE=1000
DEMOAPL1  MZ390 final_options=MAXRLD=10000
DEMOAPL1  MZ390 final_options=MAXSIZE=52428800
DEMOAPL1  MZ390 final_options=MAXSYM=50000
DEMOAPL1  MZ390 final_options=MAXWARN=4
DEMOAPL1  MZ390 final_options=MAXWIDTH=800
DEMOAPL1  MZ390 final_options=MEM=1
DEMOAPL1  MZ390 final_options=MINHEIGHT=150
DEMOAPL1  MZ390 final_options=MINWIDTH=150
DEMOAPL1  MZ390 final_options=PARM=
DEMOAPL1  MZ390 final_options=PROFILE=
DEMOAPL1  MZ390 final_options=STATS=W:\work\z390\guam\demo\DEMOAPL1.STA
DEMOAPL1  MZ390 final_options=SYSPARM=
DEMOAPL1  MZ390 final_options=SYSTERM=W:\work\z390\guam\demo\DEMOAPL1.ERR
DEMOAPL1  MZ390 final_options=TESTDD=
DEMOAPL1  MZ390 final_options=TIME=15
DEMOAPL1  MZ390 final_options=TRACE=
DEMOAPL1  MZ390 final_options=Z390ACROBAT=cmd.exe /c Start
DEMOAPL1  MZ390 final_options=Z390BROWSER=cmd.exe /c Start
DEMOAPL1  MZ390 final_options=Z390COMMAND=cmd.exe
DEMOAPL1  MZ390 final_options=Z390EDITOR=notepad.exe
DEMOAPL1  MZ390 final_options=INSTALL=
DEMOAPL1  MZ390 final_options=IPL=
DEMOAPL1  MZ390 final_options=LOG=
DEMOAPL1  MZ390 final_options=SYS390=guam\demo\+linklib
DEMOAPL1  MZ390 final_options=SYSBAL=guam\demo\
DEMOAPL1  MZ390 final_options=SYSCPY=W:\work\z390\mac+.
DEMOAPL1  MZ390 final_options=SYSDAT=guam\demo\
DEMOAPL1  MZ390 final_options=SYSERR=guam\demo\
DEMOAPL1  MZ390 final_options=SYSLOG=guam\demo\
DEMOAPL1  MZ390 final_options=SYSLST=guam\demo\
DEMOAPL1  MZ390 final_options=SYSMAC=W:\work\z390\mac+.
DEMOAPL1  MZ390 final_options=SYSMLC=guam\demo\
DEMOAPL1  MZ390 final_options=SYSPCH=guam\demo\
DEMOAPL1  MZ390 final_options=SYSPRN=guam\demo\
DEMOAPL1  MZ390 final_options=SYSOBJ=guam\demo\
DEMOAPL1  MZ390 final_options=SYSOPT=guam\demo\
DEMOAPL1  MZ390 final_options=SYSTRC=guam\demo\
DEMOAPL1  MZ390 total MLC/MAC loaded  = 730
DEMOAPL1  MZ390 total BAL output lines= 1082
DEMOAPL1  MZ390 total BAL instructions= 16
DEMOAPL1  MZ390 total macros          = 7
DEMOAPL1  MZ390 total macro loads     = 7
DEMOAPL1  MZ390 total macro calls     = 286
DEMOAPL1  MZ390 total AENTRY blocks   = 0
DEMOAPL1  MZ390 total ACALL  calls    = 0
DEMOAPL1  MZ390 total AIF    blocks   = 0
DEMOAPL1  MZ390 total ACASE  blocks   = 0
DEMOAPL1  MZ390 total AWHILE calls    = 0
DEMOAPL1  MZ390 total AUNTIL blocks   = 0
DEMOAPL1  MZ390 total global set names= 57
DEMOAPL1  MZ390 tot global seta cells = 2
DEMOAPL1  MZ390 tot global setb cells = 13
DEMOAPL1  MZ390 tot global setc cells = 42
DEMOAPL1  MZ390 max local pos parms   = 3
DEMOAPL1  MZ390 max local key parms   = 11
DEMOAPL1  MZ390 max local set names   = 25
DEMOAPL1  MZ390 max local seta cells  = 79
DEMOAPL1  MZ390 max local setb cells  = 0
DEMOAPL1  MZ390 max local setc cells  = 15
DEMOAPL1  MZ390 total array expansions= 0
DEMOAPL1  MZ390 total Keys            = 4899
DEMOAPL1  MZ390 Key searches          = 46146
DEMOAPL1  MZ390 Key avg comps         = 0
DEMOAPL1  MZ390 Key max comps         = 3
DEMOAPL1  MZ390 total macro line exec = 12800
DEMOAPL1  MZ390 total pcode line exec = 9871
DEMOAPL1  MZ390 total pcode line gen. = 137
DEMOAPL1  MZ390 total pcode line reuse= 0
DEMOAPL1  MZ390 total pcode op   gen. = 730
DEMOAPL1  MZ390 total pcode op   exec = 82677
DEMOAPL1  MZ390 total pcode gen  opt  = 206
DEMOAPL1  MZ390 total pcode exec opt  = 7
DEMOAPL1  MZ390 FID=  1 ERR= 0 W:\work\z390\guam\demo\DEMOAPL1.MLC
DEMOAPL1  MZ390 FID=  2 ERR= 0 W:\work\z390\mac\SUBENTRY.MAC
DEMOAPL1  MZ390 FID=  3 ERR= 0 W:\work\z390\mac\GUAM.MAC
DEMOAPL1  MZ390 FID=  4 ERR= 0 W:\work\z390\mac\TPUT.MAC
DEMOAPL1  MZ390 FID=  5 ERR= 0 W:\work\z390\mac\TGET.MAC
DEMOAPL1  MZ390 FID=  6 ERR= 0 W:\work\z390\mac\SUBEXIT.MAC
DEMOAPL1  MZ390 FID=  7 ERR= 0 W:\work\z390\mac\TN3270.MAC
DEMOAPL1  MZ390 total mnote warnings  = 0
DEMOAPL1  MZ390 total mnote errors    = 0
DEMOAPL1  MZ390 max   mnote level     = 0
DEMOAPL1  MZ390 total mz390 errors    = 0
DEMOAPL1  AZ390 BAL lines             = 1082
DEMOAPL1  AZ390 symbols               = 106
DEMOAPL1  AZ390 Literals              = 5
DEMOAPL1  AZ390 alloc passes          = 2
DEMOAPL1  AZ390 Keys                  = 1292
DEMOAPL1  AZ390 Key searches          = 5283
DEMOAPL1  AZ390 Key avg comps         = 0
DEMOAPL1  AZ390 Key max comps         = 3
DEMOAPL1  AZ390 ESD symbols           = 1
DEMOAPL1  AZ390 object bytes          = 1053
DEMOAPL1  AZ390 object rlds           = 2
DEMOAPL1  AZ390 total mnote warnings  = 0
DEMOAPL1  AZ390 total mnote errors    = 0
DEMOAPL1  AZ390 max   mnote level     = 0
DEMOAPL1  AZ390 total mz390 errors    = 0
DEMOAPL1  AZ390 total az390 errors    = 0
DEMOAPL1  MZ390 ENDED   RC= 0 MEM(MB)= MB IO=5750
DEMOAPL1  LZ390 START
DEMOAPL1  LZ390 Copyright 2010 Automated Software Tools Corporation
DEMOAPL1  LZ390 z390 is licensed under GNU General Public License
DEMOAPL1  LZ390 options = @rt\RT1=(bal notiming stats) guam
DEMOAPL1  LZ390 program = guam\demo\DEMOAPL1.OBJ
DEMOAPL1  LZ390 final_options=ALIGN
DEMOAPL1  LZ390 final_options=NOALLOW
DEMOAPL1  LZ390 final_options=NOAMODE24
DEMOAPL1  LZ390 final_options=AMODE31
DEMOAPL1  LZ390 final_options=NOASCII
DEMOAPL1  LZ390 final_options=ASM
DEMOAPL1  LZ390 final_options=NOASSIST
DEMOAPL1  LZ390 final_options=AUTOLINK
DEMOAPL1  LZ390 final_options=BAL
DEMOAPL1  LZ390 final_options=NOBS2000
DEMOAPL1  LZ390 final_options=EDF
DEMOAPL1  LZ390 final_options=NOCICS
DEMOAPL1  LZ390 final_options=CODEPAGE(ISO-8859-1+IBM1047)
DEMOAPL1  LZ390 final_options=COMMENT
DEMOAPL1  LZ390 final_options=CON
DEMOAPL1  LZ390 final_options=NODUMP
DEMOAPL1  LZ390 final_options=EPILOG
DEMOAPL1  LZ390 final_options=NOERRSUM
DEMOAPL1  LZ390 final_options=EXTEND
DEMOAPL1  LZ390 final_options=FLOAT(DECIMAL)
DEMOAPL1  LZ390 final_options=GUAM
DEMOAPL1  LZ390 final_options=INIT
DEMOAPL1  LZ390 final_options=LIST
DEMOAPL1  LZ390 final_options=LISTCALL
DEMOAPL1  LZ390 final_options=LISTUSE
DEMOAPL1  LZ390 final_options=LOADHIGH
DEMOAPL1  LZ390 final_options=NOMCALL
DEMOAPL1  LZ390 final_options=NOMOD
DEMOAPL1  LZ390 final_options=OBJ
DEMOAPL1  LZ390 final_options=NOOBJHEX
DEMOAPL1  LZ390 final_options=PC
DEMOAPL1  LZ390 final_options=PCOPT
DEMOAPL1  LZ390 final_options=NOPRINTALL
DEMOAPL1  LZ390 final_options=PROLOG
DEMOAPL1  LZ390 final_options=PROTECT
DEMOAPL1  LZ390 final_options=R64
DEMOAPL1  LZ390 final_options=NOREFORMAT
DEMOAPL1  LZ390 final_options=NOREGS
DEMOAPL1  LZ390 final_options=RMODE24
DEMOAPL1  LZ390 final_options=NORMODE31
DEMOAPL1  LZ390 final_options=STATS
DEMOAPL1  LZ390 final_options=NOTEST
DEMOAPL1  LZ390 final_options=NOTIME
DEMOAPL1  LZ390 final_options=NOTIMING
DEMOAPL1  LZ390 final_options=NOTRACE
DEMOAPL1  LZ390 final_options=NOTRACEA
DEMOAPL1  LZ390 final_options=NOTRACEALL
DEMOAPL1  LZ390 final_options=NOTRACEC
DEMOAPL1  LZ390 final_options=NOTRACEG
DEMOAPL1  LZ390 final_options=NOTRACEL
DEMOAPL1  LZ390 final_options=NOTRACEM
DEMOAPL1  LZ390 final_options=NOTRACEP
DEMOAPL1  LZ390 final_options=NOTRACEQ
DEMOAPL1  LZ390 final_options=NOTRACES
DEMOAPL1  LZ390 final_options=NOTRACET
DEMOAPL1  LZ390 final_options=NOTRACEV
DEMOAPL1  LZ390 final_options=TRAP
DEMOAPL1  LZ390 final_options=NOTRUNC
DEMOAPL1  LZ390 final_options=NOTS
DEMOAPL1  LZ390 final_options=VCB
DEMOAPL1  LZ390 final_options=WARN
DEMOAPL1  LZ390 final_options=XREF
DEMOAPL1  LZ390 final_options=ZSTRMAC
DEMOAPL1  LZ390 final_options=CHKMAC=0
DEMOAPL1  LZ390 final_options=CHKSRC=1
DEMOAPL1  LZ390 final_options=ERR=100
DEMOAPL1  LZ390 final_options=MAXCALL=50
DEMOAPL1  LZ390 final_options=MAXDISPLAY=80
DEMOAPL1  LZ390 final_options=MAXESD=1000
DEMOAPL1  LZ390 final_options=MAXFILE=1000
DEMOAPL1  LZ390 final_options=MAXGBL=100000
DEMOAPL1  LZ390 final_options=MAXHEIGHT=600
DEMOAPL1  LZ390 final_options=MAXLCL=100000
DEMOAPL1  LZ390 final_options=MAXLEN=80
DEMOAPL1  LZ390 final_options=MAXLINE=200000
DEMOAPL1  LZ390 final_options=MAXLOG=1000000
DEMOAPL1  LZ390 final_options=MAXPARM=10000
DEMOAPL1  LZ390 final_options=MAXPASS=2
DEMOAPL1  LZ390 final_options=MAXPC=50000
DEMOAPL1  LZ390 final_options=MAXQUE=1000
DEMOAPL1  LZ390 final_options=MAXRLD=10000
DEMOAPL1  LZ390 final_options=MAXSIZE=52428800
DEMOAPL1  LZ390 final_options=MAXSYM=50000
DEMOAPL1  LZ390 final_options=MAXWARN=4
DEMOAPL1  LZ390 final_options=MAXWIDTH=800
DEMOAPL1  LZ390 final_options=MEM=1
DEMOAPL1  LZ390 final_options=MINHEIGHT=150
DEMOAPL1  LZ390 final_options=MINWIDTH=150
DEMOAPL1  LZ390 final_options=PARM=
DEMOAPL1  LZ390 final_options=PROFILE=
DEMOAPL1  LZ390 final_options=STATS=W:\work\z390\guam\demo\DEMOAPL1.STA
DEMOAPL1  LZ390 final_options=SYSPARM=
DEMOAPL1  LZ390 final_options=SYSTERM=W:\work\z390\guam\demo\DEMOAPL1.ERR
DEMOAPL1  LZ390 final_options=TESTDD=
DEMOAPL1  LZ390 final_options=TIME=15
DEMOAPL1  LZ390 final_options=TRACE=
DEMOAPL1  LZ390 final_options=Z390ACROBAT=cmd.exe /c Start
DEMOAPL1  LZ390 final_options=Z390BROWSER=cmd.exe /c Start
DEMOAPL1  LZ390 final_options=Z390COMMAND=cmd.exe
DEMOAPL1  LZ390 final_options=Z390EDITOR=notepad.exe
DEMOAPL1  LZ390 final_options=INSTALL=
DEMOAPL1  LZ390 final_options=IPL=
DEMOAPL1  LZ390 final_options=LOG=
DEMOAPL1  LZ390 final_options=SYS390=guam\demo\+linklib
DEMOAPL1  LZ390 final_options=SYSBAL=guam\demo\
DEMOAPL1  LZ390 final_options=SYSCPY=guam\demo\
DEMOAPL1  LZ390 final_options=SYSDAT=guam\demo\
DEMOAPL1  LZ390 final_options=SYSERR=guam\demo\
DEMOAPL1  LZ390 final_options=SYSLOG=guam\demo\
DEMOAPL1  LZ390 final_options=SYSLST=guam\demo\
DEMOAPL1  LZ390 final_options=SYSMAC=guam\demo\
DEMOAPL1  LZ390 final_options=SYSMLC=guam\demo\
DEMOAPL1  LZ390 final_options=SYSPCH=guam\demo\
DEMOAPL1  LZ390 final_options=SYSPRN=guam\demo\
DEMOAPL1  LZ390 final_options=SYSOBJ=guam\demo\
DEMOAPL1  LZ390 final_options=SYSOPT=guam\demo\
DEMOAPL1  LZ390 final_options=SYSTRC=guam\demo\
DEMOAPL1  LZ390 Stats total obj files = 1
DEMOAPL1  LZ390 Stats total esds      = 1
DEMOAPL1  LZ390 Stats total csects    = 1
DEMOAPL1  LZ390 Stats total entries   = 0
DEMOAPL1  LZ390 Stats missing wxtrn's = 0
DEMOAPL1  LZ390 Stats Keys            = 1
DEMOAPL1  LZ390 Stats Key searches    = 2
DEMOAPL1  LZ390 Stats Key avg comps   = 0
DEMOAPL1  LZ390 Stats Key max comps   = 1
DEMOAPL1  LZ390 Stats total obj byte  = 1053
DEMOAPL1  LZ390 Stats total obj rlds  = 2
DEMOAPL1  LZ390 total errors          = 0
DEMOAPL1  LZ390 ENDED   RC= 0 MEM(MB)= MB IO=230
DEMOAPL1  EZ390 START
DEMOAPL1  EZ390 Copyright 2010 Automated Software Tools Corporation
DEMOAPL1  EZ390 z390 is licensed under GNU General Public License
DEMOAPL1  EZ390 program = guam\demo\DEMOAPL1.390
DEMOAPL1  EZ390 options = @rt\RT1=(bal notiming stats) guam
DEMOAPL1  EZ390 final_options=ALIGN
DEMOAPL1  EZ390 final_options=NOALLOW
DEMOAPL1  EZ390 final_options=NOAMODE24
DEMOAPL1  EZ390 final_options=AMODE31
DEMOAPL1  EZ390 final_options=NOASCII
DEMOAPL1  EZ390 final_options=ASM
DEMOAPL1  EZ390 final_options=NOASSIST
DEMOAPL1  EZ390 final_options=AUTOLINK
DEMOAPL1  EZ390 final_options=BAL
DEMOAPL1  EZ390 final_options=NOBS2000
DEMOAPL1  EZ390 final_options=EDF
DEMOAPL1  EZ390 final_options=NOCICS
DEMOAPL1  EZ390 final_options=CODEPAGE(ISO-8859-1+IBM1047)
DEMOAPL1  EZ390 final_options=COMMENT
DEMOAPL1  EZ390 final_options=CON
DEMOAPL1  EZ390 final_options=NODUMP
DEMOAPL1  EZ390 final_options=EPILOG
DEMOAPL1  EZ390 final_options=NOERRSUM
DEMOAPL1  EZ390 final_options=EXTEND
DEMOAPL1  EZ390 final_options=FLOAT(DECIMAL)
DEMOAPL1  EZ390 final_options=GUAM
DEMOAPL1  EZ390 final_options=INIT
DEMOAPL1  EZ390 final_options=LIST
DEMOAPL1  EZ390 final_options=LISTCALL
DEMOAPL1  EZ390 final_options=LISTUSE
DEMOAPL1  EZ390 final_options=LOADHIGH
DEMOAPL1  EZ390 final_options=NOMCALL
DEMOAPL1  EZ390 final_options=NOMOD
DEMOAPL1  EZ390 final_options=OBJ
DEMOAPL1  EZ390 final_options=NOOBJHEX
DEMOAPL1  EZ390 final_options=PC
DEMOAPL1  EZ390 final_options=PCOPT
DEMOAPL1  EZ390 final_options=NOPRINTALL
DEMOAPL1  EZ390 final_options=PROLOG
DEMOAPL1  EZ390 final_options=PROTECT
DEMOAPL1  EZ390 final_options=R64
DEMOAPL1  EZ390 final_options=NOREFORMAT
DEMOAPL1  EZ390 final_options=NOREGS
DEMOAPL1  EZ390 final_options=RMODE24
DEMOAPL1  EZ390 final_options=NORMODE31
DEMOAPL1  EZ390 final_options=STATS
DEMOAPL1  EZ390 final_options=NOTEST
DEMOAPL1  EZ390 final_options=NOTIME
DEMOAPL1  EZ390 final_options=NOTIMING
DEMOAPL1  EZ390 final_options=NOTRACE
DEMOAPL1  EZ390 final_options=NOTRACEA
DEMOAPL1  EZ390 final_options=NOTRACEALL
DEMOAPL1  EZ390 final_options=NOTRACEC
DEMOAPL1  EZ390 final_options=NOTRACEG
DEMOAPL1  EZ390 final_options=NOTRACEL
DEMOAPL1  EZ390 final_options=NOTRACEM
DEMOAPL1  EZ390 final_options=NOTRACEP
DEMOAPL1  EZ390 final_options=NOTRACEQ
DEMOAPL1  EZ390 final_options=NOTRACES
DEMOAPL1  EZ390 final_options=NOTRACET
DEMOAPL1  EZ390 final_options=NOTRACEV
DEMOAPL1  EZ390 final_options=TRAP
DEMOAPL1  EZ390 final_options=NOTRUNC
DEMOAPL1  EZ390 final_options=NOTS
DEMOAPL1  EZ390 final_options=VCB
DEMOAPL1  EZ390 final_options=WARN
DEMOAPL1  EZ390 final_options=XREF
DEMOAPL1  EZ390 final_options=ZSTRMAC
DEMOAPL1  EZ390 final_options=CHKMAC=0
DEMOAPL1  EZ390 final_options=CHKSRC=1
DEMOAPL1  EZ390 final_options=ERR=100
DEMOAPL1  EZ390 final_options=MAXCALL=50
DEMOAPL1  EZ390 final_options=MAXDISPLAY=80
DEMOAPL1  EZ390 final_options=MAXESD=1000
DEMOAPL1  EZ390 final_options=MAXFILE=1000
DEMOAPL1  EZ390 final_options=MAXGBL=100000
DEMOAPL1  EZ390 final_options=MAXHEIGHT=600
DEMOAPL1  EZ390 final_options=MAXLCL=100000
DEMOAPL1  EZ390 final_options=MAXLEN=80
DEMOAPL1  EZ390 final_options=MAXLINE=200000
DEMOAPL1  EZ390 final_options=MAXLOG=1000000
DEMOAPL1  EZ390 final_options=MAXPARM=10000
DEMOAPL1  EZ390 final_options=MAXPASS=2
DEMOAPL1  EZ390 final_options=MAXPC=50000
DEMOAPL1  EZ390 final_options=MAXQUE=1000
DEMOAPL1  EZ390 final_options=MAXRLD=10000
DEMOAPL1  EZ390 final_options=MAXSIZE=52428800
DEMOAPL1  EZ390 final_options=MAXSYM=50000
DEMOAPL1  EZ390 final_options=MAXWARN=4
DEMOAPL1  EZ390 final_options=MAXWIDTH=800
DEMOAPL1  EZ390 final_options=MEM=1
DEMOAPL1  EZ390 final_options=MINHEIGHT=150
DEMOAPL1  EZ390 final_options=MINWIDTH=150
DEMOAPL1  EZ390 final_options=PARM=
DEMOAPL1  EZ390 final_options=PROFILE=
DEMOAPL1  EZ390 final_options=STATS=W:\work\z390\guam\demo\DEMOAPL1.STA
DEMOAPL1  EZ390 final_options=SYSPARM=
DEMOAPL1  EZ390 final_options=SYSTERM=W:\work\z390\guam\demo\DEMOAPL1.ERR
DEMOAPL1  EZ390 final_options=TESTDD=
DEMOAPL1  EZ390 final_options=TIME=15
DEMOAPL1  EZ390 final_options=TRACE=
DEMOAPL1  EZ390 final_options=Z390ACROBAT=cmd.exe /c Start
DEMOAPL1  EZ390 final_options=Z390BROWSER=cmd.exe /c Start
DEMOAPL1  EZ390 final_options=Z390COMMAND=cmd.exe
DEMOAPL1  EZ390 final_options=Z390EDITOR=notepad.exe
DEMOAPL1  EZ390 final_options=INSTALL=
DEMOAPL1  EZ390 final_options=IPL=
DEMOAPL1  EZ390 final_options=LOG=W:\work\z390\guam\demo\DEMOAPL1.LOG
DEMOAPL1  EZ390 final_options=SYS390=guam\demo\+linklib
DEMOAPL1  EZ390 final_options=SYSBAL=guam\demo\
DEMOAPL1  EZ390 final_options=SYSCPY=guam\demo\
DEMOAPL1  EZ390 final_options=SYSDAT=guam\demo\
DEMOAPL1  EZ390 final_options=SYSERR=guam\demo\
DEMOAPL1  EZ390 final_options=SYSLOG=guam\demo\
DEMOAPL1  EZ390 final_options=SYSLST=guam\demo\
DEMOAPL1  EZ390 final_options=SYSMAC=guam\demo\
DEMOAPL1  EZ390 final_options=SYSMLC=guam\demo\
DEMOAPL1  EZ390 final_options=SYSPCH=guam\demo\
DEMOAPL1  EZ390 final_options=SYSPRN=guam\demo\
DEMOAPL1  EZ390 final_options=SYSOBJ=guam\demo\
DEMOAPL1  EZ390 final_options=SYSOPT=guam\demo\
DEMOAPL1  EZ390 final_options=SYSTRC=guam\demo\
DEMOAPL1  EZ390 TCPIO operations      = 0
DEMOAPL1  EZ390 DCB operations        = 0
DEMOAPL1  EZ390 VSAM operations       = 0
DEMOAPL1  EZ390 Keys                  = 2212
DEMOAPL1  EZ390 Key searches          = 2
DEMOAPL1  EZ390 Key avg comps         = 1
DEMOAPL1  EZ390 Key max comps         = 1
DEMOAPL1  EZ390 total errors          = 0
DEMOAPL1  EZ390 ENDED   RC= 0 MEM(MB)= MB IO=152 INS=27
