14:30:17 INSTTIME  LZ390 STARTED USING z390 V1.3.09 ON J2SE 1.6.0_03
LZ390I Copyright 2006 Automated Software Tools Corporation
LZ390I z390 is licensed under GNU General Public License
LZ390I program = bmk\INSTTIME.OBJ
LZ390I options = SYSPARM(bmk) ASCII MEM(5)
LZ390I ESD=INSTTIME LOC=00000000 LEN=00007620
LZ390I RLD LOC=00000CE0 FLD=000002D8 EXT=00000000
LZ390I RLD LOC=00000D18 FLD=00000B96 EXT=00000000
LZ390I RLD LOC=00000D1C FLD=00000D8C EXT=00000000
LZ390I RLD LOC=00000D80 FLD=00000BE6 EXT=00000000
LZ390I RLD LOC=00000D84 FLD=00000D9D EXT=00000000
LZ390I RLD LOC=00000DE8 FLD=00000828 EXT=00000000
LZ390I RLD LOC=00000DF4 FLD=00000855 EXT=00000000
LZ390I RLD LOC=00000E00 FLD=00000828 EXT=00000000
LZ390I RLD LOC=00000E0C FLD=00000855 EXT=00000000
LZ390I RLD LOC=00000E18 FLD=00000828 EXT=00000000
LZ390I RLD LOC=00000E24 FLD=00000855 EXT=00000000
LZ390I RLD LOC=00000E30 FLD=00000828 EXT=00000000
LZ390I RLD LOC=00000E3C FLD=00000855 EXT=00000000
LZ390I RLD LOC=00000E48 FLD=00000828 EXT=00000000
LZ390I RLD LOC=00000E54 FLD=00000855 EXT=00000000
LZ390I RLD LOC=00000E60 FLD=00000828 EXT=00000000
LZ390I RLD LOC=00000E6C FLD=00000855 EXT=00000000
LZ390I RLD LOC=00000E78 FLD=00000828 EXT=00000000
LZ390I RLD LOC=00000E84 FLD=00000855 EXT=00000000
LZ390I RLD LOC=00000E90 FLD=00000828 EXT=00000000
LZ390I RLD LOC=00000E9C FLD=00000855 EXT=00000000
LZ390I RLD LOC=00000EA8 FLD=00000828 EXT=00000000
LZ390I RLD LOC=00000EB4 FLD=00000855 EXT=00000000
LZ390I RLD LOC=00000F90 FLD=000023D0 EXT=00000000
LZ390I RLD LOC=00000F98 FLD=000042A6 EXT=00000000
LZ390I RLD LOC=00000FA0 FLD=00004432 EXT=00000000
LZ390I RLD LOC=00000FA8 FLD=000044D2 EXT=00000000
LZ390I RLD LOC=00000FB0 FLD=00002534 EXT=00000000
LZ390I RLD LOC=00000FB8 FLD=0000461C EXT=00000000
LZ390I RLD LOC=00000FC0 FLD=00004EF4 EXT=00000000
LZ390I RLD LOC=00000FC8 FLD=00005592 EXT=00000000
LZ390I RLD LOC=00000FD0 FLD=00002A00 EXT=00000000
LZ390I RLD LOC=00000FD8 FLD=00006258 EXT=00000000
LZ390I RLD LOC=00000FE0 FLD=000062D8 EXT=00000000
LZ390I RLD LOC=00000FE8 FLD=00005C74 EXT=00000000
LZ390I RLD LOC=00000FF0 FLD=00002EA8 EXT=00000000
LZ390I RLD LOC=00000FF8 FLD=00003378 EXT=00000000
LZ390I RLD LOC=00001000 FLD=00005628 EXT=00000000
LZ390I RLD LOC=00001008 FLD=0000583C EXT=00000000
LZ390I RLD LOC=00001010 FLD=0000287C EXT=00000000
LZ390I RLD LOC=00001018 FLD=000029BE EXT=00000000
LZ390I RLD LOC=00001020 FLD=00006210 EXT=00000000
LZ390I RLD LOC=00001028 FLD=0000374C EXT=00000000
LZ390I RLD LOC=00001030 FLD=00003CF2 EXT=00000000
LZ390I RLD LOC=00001038 FLD=000041D6 EXT=00000000
LZ390I RLD LOC=00001040 FLD=00006372 EXT=00000000
LZ390I RLD LOC=00005394 FLD=00004F26 EXT=00000000
LZ390I RLD LOC=0000539A FLD=00004F26 EXT=00000000
LZ390I RLD LOC=000053A0 FLD=000051A6 EXT=00000000
LZ390I RLD LOC=000053A6 FLD=00005214 EXT=00000000
LZ390I RLD LOC=000053AC FLD=0000516E EXT=00000000
LZ390I RLD LOC=000053B2 FLD=0000516E EXT=00000000
LZ390I RLD LOC=000053B8 FLD=0000516E EXT=00000000
LZ390I RLD LOC=000053BE FLD=0000516E EXT=00000000
LZ390I RLD LOC=000053C4 FLD=0000516E EXT=00000000
LZ390I RLD LOC=000053CA FLD=0000516E EXT=00000000
LZ390I RLD LOC=000053D0 FLD=00005136 EXT=00000000
LZ390I RLD LOC=000053D6 FLD=00005136 EXT=00000000
LZ390I RLD LOC=000053DC FLD=00005136 EXT=00000000
LZ390I RLD LOC=000053E2 FLD=00005136 EXT=00000000
LZ390I RLD LOC=000053E8 FLD=00005136 EXT=00000000
LZ390I RLD LOC=000053EE FLD=00005136 EXT=00000000
LZ390I RLD LOC=000053F4 FLD=0000503C EXT=00000000
LZ390I RLD LOC=000053FA FLD=00004FEA EXT=00000000
LZ390I RLD LOC=00005400 FLD=00004FEA EXT=00000000
LZ390I RLD LOC=00005406 FLD=0000503C EXT=00000000
LZ390I RLD LOC=0000540C FLD=00004FEA EXT=00000000
LZ390I RLD LOC=00005412 FLD=00004FEA EXT=00000000
LZ390I RLD LOC=00005418 FLD=0000507A EXT=00000000
LZ390I RLD LOC=0000541E FLD=00004F9C EXT=00000000
LZ390I RLD LOC=00005424 FLD=000050C8 EXT=00000000
LZ390I RLD LOC=0000542A FLD=0000507A EXT=00000000
LZ390I RLD LOC=00005430 FLD=00004F9C EXT=00000000
LZ390I RLD LOC=00005436 FLD=000050C8 EXT=00000000
LZ390I RLD LOC=0000543C FLD=00005282 EXT=00000000
LZ390I RLD LOC=00005442 FLD=00005282 EXT=00000000
LZ390I RLD LOC=00005448 FLD=00005282 EXT=00000000
LZ390I RLD LOC=0000544E FLD=00005282 EXT=00000000
LZ390I RLD LOC=0000719A FLD=00006498 EXT=00000000
LZ390I RLD LOC=000071A9 FLD=000064C2 EXT=00000000
LZ390I RLD LOC=000071B8 FLD=000064EC EXT=00000000
LZ390I RLD LOC=000071C7 FLD=00006516 EXT=00000000
LZ390I RLD LOC=000071D6 FLD=00006544 EXT=00000000
LZ390I RLD LOC=000071E5 FLD=00006572 EXT=00000000
LZ390I RLD LOC=000071F4 FLD=000065A0 EXT=00000000
LZ390I RLD LOC=00007203 FLD=000065CE EXT=00000000
LZ390I RLD LOC=00007212 FLD=000065FC EXT=00000000
LZ390I RLD LOC=00007221 FLD=0000662A EXT=00000000
LZ390I RLD LOC=00007230 FLD=00006658 EXT=00000000
LZ390I RLD LOC=0000723F FLD=0000668A EXT=00000000
LZ390I RLD LOC=0000724E FLD=000066BC EXT=00000000
LZ390I RLD LOC=0000725D FLD=000066EE EXT=00000000
LZ390I RLD LOC=0000726C FLD=00006720 EXT=00000000
LZ390I RLD LOC=0000727B FLD=00006752 EXT=00000000
LZ390I RLD LOC=0000728A FLD=00006784 EXT=00000000
LZ390I RLD LOC=00007299 FLD=000067B6 EXT=00000000
LZ390I RLD LOC=000072A8 FLD=000067E8 EXT=00000000
LZ390I RLD LOC=000072B7 FLD=0000681A EXT=00000000
LZ390I RLD LOC=000072C6 FLD=0000684C EXT=00000000
LZ390I RLD LOC=000072D5 FLD=0000687E EXT=00000000
LZ390I RLD LOC=000072E4 FLD=000068B0 EXT=00000000
LZ390I RLD LOC=000072F3 FLD=000068E2 EXT=00000000
LZ390I RLD LOC=00007302 FLD=00006914 EXT=00000000
LZ390I RLD LOC=00007311 FLD=00006946 EXT=00000000
LZ390I RLD LOC=00007320 FLD=00006978 EXT=00000000
LZ390I RLD LOC=00007330 FLD=000069D0 EXT=00000000
LZ390I RLD LOC=0000733F FLD=00006A02 EXT=00000000
LZ390I RLD LOC=0000734E FLD=00006A34 EXT=00000000
LZ390I RLD LOC=0000735D FLD=00006A66 EXT=00000000
LZ390I RLD LOC=0000736C FLD=00006A98 EXT=00000000
LZ390I RLD LOC=0000737B FLD=00006ACA EXT=00000000
LZ390I RLD LOC=0000738A FLD=00006AFC EXT=00000000
LZ390I RLD LOC=00007399 FLD=00006B2E EXT=00000000
LZ390I RLD LOC=000073A8 FLD=00006B60 EXT=00000000
LZ390I RLD LOC=000073B7 FLD=00006B92 EXT=00000000
LZ390I RLD LOC=000073C7 FLD=00006BEE EXT=00000000
LZ390I RLD LOC=000073D6 FLD=00006C18 EXT=00000000
LZ390I RLD LOC=000073E5 FLD=00006C42 EXT=00000000
LZ390I RLD LOC=000073F4 FLD=00006C6C EXT=00000000
LZ390I RLD LOC=00007403 FLD=00006C96 EXT=00000000
LZ390I RLD LOC=00007412 FLD=00006CC0 EXT=00000000
LZ390I RLD LOC=00007421 FLD=00006CEA EXT=00000000
LZ390I RLD LOC=00007430 FLD=00006D14 EXT=00000000
LZ390I RLD LOC=0000743F FLD=00006D3E EXT=00000000
LZ390I RLD LOC=0000744E FLD=00006D68 EXT=00000000
LZ390I RLD LOC=000074C0 FLD=00007108 EXT=00000000
LZ390I RLD LOC=000074CC FLD=00007108 EXT=00000000
LZ390I RLD LOC=000074DC FLD=00007108 EXT=00000000
LZ390I RLD LOC=000074EC FLD=00007108 EXT=00000000
LZ390I RLD LOC=000074FC FLD=00007108 EXT=00000000
LZ390I RLD LOC=00007508 FLD=00007108 EXT=00000000
LZ390I RLD LOC=00007514 FLD=00007108 EXT=00000000
LZ390I RLD LOC=00007520 FLD=00007108 EXT=00000000
LZ390I RLD LOC=0000752C FLD=00007108 EXT=00000000
LZ390I RLD LOC=00007538 FLD=00007108 EXT=00000000
LZ390I RLD LOC=00007540 FLD=00007108 EXT=00000000
LZ390I RLD LOC=00007544 FLD=00007162 EXT=00000000
LZ390I RLD LOC=0000754C FLD=00007108 EXT=00000000
LZ390I RLD LOC=00007550 FLD=00007135 EXT=00000000
LZ390I RLD LOC=00007558 FLD=00007108 EXT=00000000
LZ390I RLD LOC=0000755C FLD=00007135 EXT=00000000
LZ390I RLD LOC=00007564 FLD=00007108 EXT=00000000
LZ390I RLD LOC=00007568 FLD=00007135 EXT=00000000
LZ390I RLD LOC=00007570 FLD=00007108 EXT=00000000
LZ390I RLD LOC=00007574 FLD=00007135 EXT=00000000
LZ390I RLD LOC=0000757C FLD=00007108 EXT=00000000
LZ390I RLD LOC=00007580 FLD=00007135 EXT=00000000
LZ390I RLD LOC=00007588 FLD=00007108 EXT=00000000
LZ390I RLD LOC=0000758C FLD=00007135 EXT=00000000
LZ390I RLD LOC=00007594 FLD=00007108 EXT=00000000
LZ390I RLD LOC=00007598 FLD=00007135 EXT=00000000
LZ390I RLD LOC=000075A0 FLD=00007108 EXT=00000000
LZ390I RLD LOC=000075A4 FLD=00007135 EXT=00000000
LZ390I RLD LOC=000075AC FLD=00007108 EXT=00000000
LZ390I RLD LOC=000075B0 FLD=00007135 EXT=00000000
LZ390I total errors         = 0
14:30:17 INSTTIME  LZ390 ENDED   RC= 0 SEC= 0 MEM(MB)=  5 IO=2508
