DEMOGUI2  MZ390 START
DEMOGUI2  MZ390 Copyright 2010 Automated Software Tools Corporation
DEMOGUI2  MZ390 z390 is licensed under GNU General Public License
DEMOGUI2  MZ390 program = guam\demo\DEMOGUI2.MLC
DEMOGUI2  MZ390 options = sysmac(W:\work\z390\mac+.) 
  syscpy(W:\work\z390\mac+.) @rt\RT1=(bal notiming stats) guam
DEMOGUI2  MZ390 final_options=ALIGN
DEMOGUI2  MZ390 final_options=NOALLOW
DEMOGUI2  MZ390 final_options=NOAMODE24
DEMOGUI2  MZ390 final_options=AMODE31
DEMOGUI2  MZ390 final_options=NOASCII
DEMOGUI2  MZ390 final_options=ASM
DEMOGUI2  MZ390 final_options=NOASSIST
DEMOGUI2  MZ390 final_options=AUTOLINK
DEMOGUI2  MZ390 final_options=BAL
DEMOGUI2  MZ390 final_options=NOBS2000
DEMOGUI2  MZ390 final_options=EDF
DEMOGUI2  MZ390 final_options=NOCICS
DEMOGUI2  MZ390 final_options=CODEPAGE(ISO-8859-1+IBM1047)
DEMOGUI2  MZ390 final_options=COMMENT
DEMOGUI2  MZ390 final_options=CON
DEMOGUI2  MZ390 final_options=NODUMP
DEMOGUI2  MZ390 final_options=EPILOG
DEMOGUI2  MZ390 final_options=NOERRSUM
DEMOGUI2  MZ390 final_options=EXTEND
DEMOGUI2  MZ390 final_options=FLOAT(DECIMAL)
DEMOGUI2  MZ390 final_options=GUAM
DEMOGUI2  MZ390 final_options=INIT
DEMOGUI2  MZ390 final_options=LIST
DEMOGUI2  MZ390 final_options=LISTCALL
DEMOGUI2  MZ390 final_options=LISTUSE
DEMOGUI2  MZ390 final_options=LOADHIGH
DEMOGUI2  MZ390 final_options=NOMCALL
DEMOGUI2  MZ390 final_options=NOMOD
DEMOGUI2  MZ390 final_options=OBJ
DEMOGUI2  MZ390 final_options=NOOBJHEX
DEMOGUI2  MZ390 final_options=PC
DEMOGUI2  MZ390 final_options=PCOPT
DEMOGUI2  MZ390 final_options=NOPRINTALL
DEMOGUI2  MZ390 final_options=PROLOG
DEMOGUI2  MZ390 final_options=PROTECT
DEMOGUI2  MZ390 final_options=R64
DEMOGUI2  MZ390 final_options=NOREFORMAT
DEMOGUI2  MZ390 final_options=NOREGS
DEMOGUI2  MZ390 final_options=RMODE24
DEMOGUI2  MZ390 final_options=NORMODE31
DEMOGUI2  MZ390 final_options=STATS
DEMOGUI2  MZ390 final_options=NOTEST
DEMOGUI2  MZ390 final_options=NOTIME
DEMOGUI2  MZ390 final_options=NOTIMING
DEMOGUI2  MZ390 final_options=NOTRACE
DEMOGUI2  MZ390 final_options=NOTRACEA
DEMOGUI2  MZ390 final_options=NOTRACEALL
DEMOGUI2  MZ390 final_options=NOTRACEC
DEMOGUI2  MZ390 final_options=NOTRACEG
DEMOGUI2  MZ390 final_options=NOTRACEL
DEMOGUI2  MZ390 final_options=NOTRACEM
DEMOGUI2  MZ390 final_options=NOTRACEP
DEMOGUI2  MZ390 final_options=NOTRACEQ
DEMOGUI2  MZ390 final_options=NOTRACES
DEMOGUI2  MZ390 final_options=NOTRACET
DEMOGUI2  MZ390 final_options=NOTRACEV
DEMOGUI2  MZ390 final_options=TRAP
DEMOGUI2  MZ390 final_options=NOTRUNC
DEMOGUI2  MZ390 final_options=NOTS
DEMOGUI2  MZ390 final_options=VCB
DEMOGUI2  MZ390 final_options=WARN
DEMOGUI2  MZ390 final_options=XREF
DEMOGUI2  MZ390 final_options=ZSTRMAC
DEMOGUI2  MZ390 final_options=CHKMAC=0
DEMOGUI2  MZ390 final_options=CHKSRC=1
DEMOGUI2  MZ390 final_options=ERR=100
DEMOGUI2  MZ390 final_options=MAXCALL=50
DEMOGUI2  MZ390 final_options=MAXDISPLAY=80
DEMOGUI2  MZ390 final_options=MAXESD=1000
DEMOGUI2  MZ390 final_options=MAXFILE=1000
DEMOGUI2  MZ390 final_options=MAXGBL=100000
DEMOGUI2  MZ390 final_options=MAXHEIGHT=600
DEMOGUI2  MZ390 final_options=MAXLCL=100000
DEMOGUI2  MZ390 final_options=MAXLEN=80
DEMOGUI2  MZ390 final_options=MAXLINE=200000
DEMOGUI2  MZ390 final_options=MAXLOG=1000000
DEMOGUI2  MZ390 final_options=MAXPARM=10000
DEMOGUI2  MZ390 final_options=MAXPASS=2
DEMOGUI2  MZ390 final_options=MAXPC=50000
DEMOGUI2  MZ390 final_options=MAXQUE=1000
DEMOGUI2  MZ390 final_options=MAXRLD=10000
DEMOGUI2  MZ390 final_options=MAXSIZE=52428800
DEMOGUI2  MZ390 final_options=MAXSYM=50000
DEMOGUI2  MZ390 final_options=MAXWARN=4
DEMOGUI2  MZ390 final_options=MAXWIDTH=800
DEMOGUI2  MZ390 final_options=MEM=1
DEMOGUI2  MZ390 final_options=MINHEIGHT=150
DEMOGUI2  MZ390 final_options=MINWIDTH=150
DEMOGUI2  MZ390 final_options=PARM=
DEMOGUI2  MZ390 final_options=PROFILE=
DEMOGUI2  MZ390 final_options=STATS=W:\work\z390\guam\demo\DEMOGUI2.STA
DEMOGUI2  MZ390 final_options=SYSPARM=
DEMOGUI2  MZ390 final_options=SYSTERM=W:\work\z390\guam\demo\DEMOGUI2.ERR
DEMOGUI2  MZ390 final_options=TESTDD=
DEMOGUI2  MZ390 final_options=TIME=15
DEMOGUI2  MZ390 final_options=TRACE=
DEMOGUI2  MZ390 final_options=Z390ACROBAT=cmd.exe /c Start
DEMOGUI2  MZ390 final_options=Z390BROWSER=cmd.exe /c Start
DEMOGUI2  MZ390 final_options=Z390COMMAND=cmd.exe
DEMOGUI2  MZ390 final_options=Z390EDITOR=notepad.exe
DEMOGUI2  MZ390 final_options=INSTALL=
DEMOGUI2  MZ390 final_options=IPL=
DEMOGUI2  MZ390 final_options=LOG=
DEMOGUI2  MZ390 final_options=SYS390=guam\demo\+linklib
DEMOGUI2  MZ390 final_options=SYSBAL=guam\demo\
DEMOGUI2  MZ390 final_options=SYSCPY=W:\work\z390\mac+.
DEMOGUI2  MZ390 final_options=SYSDAT=guam\demo\
DEMOGUI2  MZ390 final_options=SYSERR=guam\demo\
DEMOGUI2  MZ390 final_options=SYSLOG=guam\demo\
DEMOGUI2  MZ390 final_options=SYSLST=guam\demo\
DEMOGUI2  MZ390 final_options=SYSMAC=W:\work\z390\mac+.
DEMOGUI2  MZ390 final_options=SYSMLC=guam\demo\
DEMOGUI2  MZ390 final_options=SYSPCH=guam\demo\
DEMOGUI2  MZ390 final_options=SYSPRN=guam\demo\
DEMOGUI2  MZ390 final_options=SYSOBJ=guam\demo\
DEMOGUI2  MZ390 final_options=SYSOPT=guam\demo\
DEMOGUI2  MZ390 final_options=SYSTRC=guam\demo\
DEMOGUI2  MZ390 total MLC/MAC loaded  = 490
DEMOGUI2  MZ390 total BAL output lines= 229
DEMOGUI2  MZ390 total BAL instructions= 34
DEMOGUI2  MZ390 total macros          = 7
DEMOGUI2  MZ390 total macro loads     = 7
DEMOGUI2  MZ390 total macro calls     = 16
DEMOGUI2  MZ390 total AENTRY blocks   = 0
DEMOGUI2  MZ390 total ACALL  calls    = 0
DEMOGUI2  MZ390 total AIF    blocks   = 4
DEMOGUI2  MZ390 total ACASE  blocks   = 0
DEMOGUI2  MZ390 total AWHILE calls    = 1
DEMOGUI2  MZ390 total AUNTIL blocks   = 0
DEMOGUI2  MZ390 total global set names= 61
DEMOGUI2  MZ390 tot global seta cells = 2
DEMOGUI2  MZ390 tot global setb cells = 77
DEMOGUI2  MZ390 tot global setc cells = 42
DEMOGUI2  MZ390 max local pos parms   = 5
DEMOGUI2  MZ390 max local key parms   = 12
DEMOGUI2  MZ390 max local set names   = 13
DEMOGUI2  MZ390 max local seta cells  = 5
DEMOGUI2  MZ390 max local setb cells  = 0
DEMOGUI2  MZ390 max local setc cells  = 25
DEMOGUI2  MZ390 total array expansions= 0
DEMOGUI2  MZ390 total Keys            = 1639
DEMOGUI2  MZ390 Key searches          = 3730
DEMOGUI2  MZ390 Key avg comps         = 0
DEMOGUI2  MZ390 Key max comps         = 3
DEMOGUI2  MZ390 total macro line exec = 523
DEMOGUI2  MZ390 total pcode line exec = 148
DEMOGUI2  MZ390 total pcode line gen. = 70
DEMOGUI2  MZ390 total pcode line reuse= 0
DEMOGUI2  MZ390 total pcode op   gen. = 305
DEMOGUI2  MZ390 total pcode op   exec = 790
DEMOGUI2  MZ390 total pcode gen  opt  = 151
DEMOGUI2  MZ390 total pcode exec opt  = 1
DEMOGUI2  MZ390 FID=  1 ERR= 0 W:\work\z390\guam\demo\DEMOGUI2.MLC
DEMOGUI2  MZ390 FID=  2 ERR= 0 W:\work\z390\mac\SUBENTRY.MAC
DEMOGUI2  MZ390 FID=  3 ERR= 0 W:\work\z390\mac\WTO.MAC
DEMOGUI2  MZ390 FID=  4 ERR= 0 W:\work\z390\mac\WTOR.MAC
DEMOGUI2  MZ390 FID=  5 ERR= 0 W:\work\z390\mac\TIME.MAC
DEMOGUI2  MZ390 FID=  6 ERR= 0 W:\work\z390\mac\SUBEXIT.MAC
DEMOGUI2  MZ390 FID=  7 ERR= 0 W:\work\z390\mac\EQUREGS.MAC
DEMOGUI2  MZ390 total mnote warnings  = 0
DEMOGUI2  MZ390 total mnote errors    = 0
DEMOGUI2  MZ390 max   mnote level     = 0
DEMOGUI2  MZ390 total mz390 errors    = 0
DEMOGUI2  AZ390 BAL lines             = 229
DEMOGUI2  AZ390 symbols               = 54
DEMOGUI2  AZ390 Literals              = 4
DEMOGUI2  AZ390 alloc passes          = 2
DEMOGUI2  AZ390 Keys                  = 1239
DEMOGUI2  AZ390 Key searches          = 2490
DEMOGUI2  AZ390 Key avg comps         = 0
DEMOGUI2  AZ390 Key max comps         = 3
DEMOGUI2  AZ390 ESD symbols           = 1
DEMOGUI2  AZ390 object bytes          = 958
DEMOGUI2  AZ390 object rlds           = 0
DEMOGUI2  AZ390 total mnote warnings  = 0
DEMOGUI2  AZ390 total mnote errors    = 0
DEMOGUI2  AZ390 max   mnote level     = 0
DEMOGUI2  AZ390 total mz390 errors    = 0
DEMOGUI2  AZ390 total az390 errors    = 0
DEMOGUI2  MZ390 ENDED   RC= 0 MEM(MB)= MB IO=2663
DEMOGUI2  LZ390 START
DEMOGUI2  LZ390 Copyright 2010 Automated Software Tools Corporation
DEMOGUI2  LZ390 z390 is licensed under GNU General Public License
DEMOGUI2  LZ390 options = @rt\RT1=(bal notiming stats) guam
DEMOGUI2  LZ390 program = guam\demo\DEMOGUI2.OBJ
DEMOGUI2  LZ390 final_options=ALIGN
DEMOGUI2  LZ390 final_options=NOALLOW
DEMOGUI2  LZ390 final_options=NOAMODE24
DEMOGUI2  LZ390 final_options=AMODE31
DEMOGUI2  LZ390 final_options=NOASCII
DEMOGUI2  LZ390 final_options=ASM
DEMOGUI2  LZ390 final_options=NOASSIST
DEMOGUI2  LZ390 final_options=AUTOLINK
DEMOGUI2  LZ390 final_options=BAL
DEMOGUI2  LZ390 final_options=NOBS2000
DEMOGUI2  LZ390 final_options=EDF
DEMOGUI2  LZ390 final_options=NOCICS
DEMOGUI2  LZ390 final_options=CODEPAGE(ISO-8859-1+IBM1047)
DEMOGUI2  LZ390 final_options=COMMENT
DEMOGUI2  LZ390 final_options=CON
DEMOGUI2  LZ390 final_options=NODUMP
DEMOGUI2  LZ390 final_options=EPILOG
DEMOGUI2  LZ390 final_options=NOERRSUM
DEMOGUI2  LZ390 final_options=EXTEND
DEMOGUI2  LZ390 final_options=FLOAT(DECIMAL)
DEMOGUI2  LZ390 final_options=GUAM
DEMOGUI2  LZ390 final_options=INIT
DEMOGUI2  LZ390 final_options=LIST
DEMOGUI2  LZ390 final_options=LISTCALL
DEMOGUI2  LZ390 final_options=LISTUSE
DEMOGUI2  LZ390 final_options=LOADHIGH
DEMOGUI2  LZ390 final_options=NOMCALL
DEMOGUI2  LZ390 final_options=NOMOD
DEMOGUI2  LZ390 final_options=OBJ
DEMOGUI2  LZ390 final_options=NOOBJHEX
DEMOGUI2  LZ390 final_options=PC
DEMOGUI2  LZ390 final_options=PCOPT
DEMOGUI2  LZ390 final_options=NOPRINTALL
DEMOGUI2  LZ390 final_options=PROLOG
DEMOGUI2  LZ390 final_options=PROTECT
DEMOGUI2  LZ390 final_options=R64
DEMOGUI2  LZ390 final_options=NOREFORMAT
DEMOGUI2  LZ390 final_options=NOREGS
DEMOGUI2  LZ390 final_options=RMODE24
DEMOGUI2  LZ390 final_options=NORMODE31
DEMOGUI2  LZ390 final_options=STATS
DEMOGUI2  LZ390 final_options=NOTEST
DEMOGUI2  LZ390 final_options=NOTIME
DEMOGUI2  LZ390 final_options=NOTIMING
DEMOGUI2  LZ390 final_options=NOTRACE
DEMOGUI2  LZ390 final_options=NOTRACEA
DEMOGUI2  LZ390 final_options=NOTRACEALL
DEMOGUI2  LZ390 final_options=NOTRACEC
DEMOGUI2  LZ390 final_options=NOTRACEG
DEMOGUI2  LZ390 final_options=NOTRACEL
DEMOGUI2  LZ390 final_options=NOTRACEM
DEMOGUI2  LZ390 final_options=NOTRACEP
DEMOGUI2  LZ390 final_options=NOTRACEQ
DEMOGUI2  LZ390 final_options=NOTRACES
DEMOGUI2  LZ390 final_options=NOTRACET
DEMOGUI2  LZ390 final_options=NOTRACEV
DEMOGUI2  LZ390 final_options=TRAP
DEMOGUI2  LZ390 final_options=NOTRUNC
DEMOGUI2  LZ390 final_options=NOTS
DEMOGUI2  LZ390 final_options=VCB
DEMOGUI2  LZ390 final_options=WARN
DEMOGUI2  LZ390 final_options=XREF
DEMOGUI2  LZ390 final_options=ZSTRMAC
DEMOGUI2  LZ390 final_options=CHKMAC=0
DEMOGUI2  LZ390 final_options=CHKSRC=1
DEMOGUI2  LZ390 final_options=ERR=100
DEMOGUI2  LZ390 final_options=MAXCALL=50
DEMOGUI2  LZ390 final_options=MAXDISPLAY=80
DEMOGUI2  LZ390 final_options=MAXESD=1000
DEMOGUI2  LZ390 final_options=MAXFILE=1000
DEMOGUI2  LZ390 final_options=MAXGBL=100000
DEMOGUI2  LZ390 final_options=MAXHEIGHT=600
DEMOGUI2  LZ390 final_options=MAXLCL=100000
DEMOGUI2  LZ390 final_options=MAXLEN=80
DEMOGUI2  LZ390 final_options=MAXLINE=200000
DEMOGUI2  LZ390 final_options=MAXLOG=1000000
DEMOGUI2  LZ390 final_options=MAXPARM=10000
DEMOGUI2  LZ390 final_options=MAXPASS=2
DEMOGUI2  LZ390 final_options=MAXPC=50000
DEMOGUI2  LZ390 final_options=MAXQUE=1000
DEMOGUI2  LZ390 final_options=MAXRLD=10000
DEMOGUI2  LZ390 final_options=MAXSIZE=52428800
DEMOGUI2  LZ390 final_options=MAXSYM=50000
DEMOGUI2  LZ390 final_options=MAXWARN=4
DEMOGUI2  LZ390 final_options=MAXWIDTH=800
DEMOGUI2  LZ390 final_options=MEM=1
DEMOGUI2  LZ390 final_options=MINHEIGHT=150
DEMOGUI2  LZ390 final_options=MINWIDTH=150
DEMOGUI2  LZ390 final_options=PARM=
DEMOGUI2  LZ390 final_options=PROFILE=
DEMOGUI2  LZ390 final_options=STATS=W:\work\z390\guam\demo\DEMOGUI2.STA
DEMOGUI2  LZ390 final_options=SYSPARM=
DEMOGUI2  LZ390 final_options=SYSTERM=W:\work\z390\guam\demo\DEMOGUI2.ERR
DEMOGUI2  LZ390 final_options=TESTDD=
DEMOGUI2  LZ390 final_options=TIME=15
DEMOGUI2  LZ390 final_options=TRACE=
DEMOGUI2  LZ390 final_options=Z390ACROBAT=cmd.exe /c Start
DEMOGUI2  LZ390 final_options=Z390BROWSER=cmd.exe /c Start
DEMOGUI2  LZ390 final_options=Z390COMMAND=cmd.exe
DEMOGUI2  LZ390 final_options=Z390EDITOR=notepad.exe
DEMOGUI2  LZ390 final_options=INSTALL=
DEMOGUI2  LZ390 final_options=IPL=
DEMOGUI2  LZ390 final_options=LOG=
DEMOGUI2  LZ390 final_options=SYS390=guam\demo\+linklib
DEMOGUI2  LZ390 final_options=SYSBAL=guam\demo\
DEMOGUI2  LZ390 final_options=SYSCPY=guam\demo\
DEMOGUI2  LZ390 final_options=SYSDAT=guam\demo\
DEMOGUI2  LZ390 final_options=SYSERR=guam\demo\
DEMOGUI2  LZ390 final_options=SYSLOG=guam\demo\
DEMOGUI2  LZ390 final_options=SYSLST=guam\demo\
DEMOGUI2  LZ390 final_options=SYSMAC=guam\demo\
DEMOGUI2  LZ390 final_options=SYSMLC=guam\demo\
DEMOGUI2  LZ390 final_options=SYSPCH=guam\demo\
DEMOGUI2  LZ390 final_options=SYSPRN=guam\demo\
DEMOGUI2  LZ390 final_options=SYSOBJ=guam\demo\
DEMOGUI2  LZ390 final_options=SYSOPT=guam\demo\
DEMOGUI2  LZ390 final_options=SYSTRC=guam\demo\
DEMOGUI2  LZ390 Stats total obj files = 1
DEMOGUI2  LZ390 Stats total esds      = 1
DEMOGUI2  LZ390 Stats total csects    = 1
DEMOGUI2  LZ390 Stats total entries   = 0
DEMOGUI2  LZ390 Stats missing wxtrn's = 0
DEMOGUI2  LZ390 Stats Keys            = 1
DEMOGUI2  LZ390 Stats Key searches    = 2
DEMOGUI2  LZ390 Stats Key avg comps   = 0
DEMOGUI2  LZ390 Stats Key max comps   = 1
DEMOGUI2  LZ390 Stats total obj byte  = 958
DEMOGUI2  LZ390 Stats total obj rlds  = 0
DEMOGUI2  LZ390 total errors          = 0
DEMOGUI2  LZ390 ENDED   RC= 0 MEM(MB)= MB IO=217
DEMOGUI2  EZ390 START
DEMOGUI2  EZ390 Copyright 2010 Automated Software Tools Corporation
DEMOGUI2  EZ390 z390 is licensed under GNU General Public License
DEMOGUI2  EZ390 program = guam\demo\DEMOGUI2.390
DEMOGUI2  EZ390 options = @rt\RT1=(bal notiming stats) guam
DEMOGUI2  EZ390 final_options=ALIGN
DEMOGUI2  EZ390 final_options=NOALLOW
DEMOGUI2  EZ390 final_options=NOAMODE24
DEMOGUI2  EZ390 final_options=AMODE31
DEMOGUI2  EZ390 final_options=NOASCII
DEMOGUI2  EZ390 final_options=ASM
DEMOGUI2  EZ390 final_options=NOASSIST
DEMOGUI2  EZ390 final_options=AUTOLINK
DEMOGUI2  EZ390 final_options=BAL
DEMOGUI2  EZ390 final_options=NOBS2000
DEMOGUI2  EZ390 final_options=EDF
DEMOGUI2  EZ390 final_options=NOCICS
DEMOGUI2  EZ390 final_options=CODEPAGE(ISO-8859-1+IBM1047)
DEMOGUI2  EZ390 final_options=COMMENT
DEMOGUI2  EZ390 final_options=CON
DEMOGUI2  EZ390 final_options=NODUMP
DEMOGUI2  EZ390 final_options=EPILOG
DEMOGUI2  EZ390 final_options=NOERRSUM
DEMOGUI2  EZ390 final_options=EXTEND
DEMOGUI2  EZ390 final_options=FLOAT(DECIMAL)
DEMOGUI2  EZ390 final_options=GUAM
DEMOGUI2  EZ390 final_options=INIT
DEMOGUI2  EZ390 final_options=LIST
DEMOGUI2  EZ390 final_options=LISTCALL
DEMOGUI2  EZ390 final_options=LISTUSE
DEMOGUI2  EZ390 final_options=LOADHIGH
DEMOGUI2  EZ390 final_options=NOMCALL
DEMOGUI2  EZ390 final_options=NOMOD
DEMOGUI2  EZ390 final_options=OBJ
DEMOGUI2  EZ390 final_options=NOOBJHEX
DEMOGUI2  EZ390 final_options=PC
DEMOGUI2  EZ390 final_options=PCOPT
DEMOGUI2  EZ390 final_options=NOPRINTALL
DEMOGUI2  EZ390 final_options=PROLOG
DEMOGUI2  EZ390 final_options=PROTECT
DEMOGUI2  EZ390 final_options=R64
DEMOGUI2  EZ390 final_options=NOREFORMAT
DEMOGUI2  EZ390 final_options=NOREGS
DEMOGUI2  EZ390 final_options=RMODE24
DEMOGUI2  EZ390 final_options=NORMODE31
DEMOGUI2  EZ390 final_options=STATS
DEMOGUI2  EZ390 final_options=NOTEST
DEMOGUI2  EZ390 final_options=NOTIME
DEMOGUI2  EZ390 final_options=NOTIMING
DEMOGUI2  EZ390 final_options=NOTRACE
DEMOGUI2  EZ390 final_options=NOTRACEA
DEMOGUI2  EZ390 final_options=NOTRACEALL
DEMOGUI2  EZ390 final_options=NOTRACEC
DEMOGUI2  EZ390 final_options=NOTRACEG
DEMOGUI2  EZ390 final_options=NOTRACEL
DEMOGUI2  EZ390 final_options=NOTRACEM
DEMOGUI2  EZ390 final_options=NOTRACEP
DEMOGUI2  EZ390 final_options=NOTRACEQ
DEMOGUI2  EZ390 final_options=NOTRACES
DEMOGUI2  EZ390 final_options=NOTRACET
DEMOGUI2  EZ390 final_options=NOTRACEV
DEMOGUI2  EZ390 final_options=TRAP
DEMOGUI2  EZ390 final_options=NOTRUNC
DEMOGUI2  EZ390 final_options=NOTS
DEMOGUI2  EZ390 final_options=VCB
DEMOGUI2  EZ390 final_options=WARN
DEMOGUI2  EZ390 final_options=XREF
DEMOGUI2  EZ390 final_options=ZSTRMAC
DEMOGUI2  EZ390 final_options=CHKMAC=0
DEMOGUI2  EZ390 final_options=CHKSRC=1
DEMOGUI2  EZ390 final_options=ERR=100
DEMOGUI2  EZ390 final_options=MAXCALL=50
DEMOGUI2  EZ390 final_options=MAXDISPLAY=80
DEMOGUI2  EZ390 final_options=MAXESD=1000
DEMOGUI2  EZ390 final_options=MAXFILE=1000
DEMOGUI2  EZ390 final_options=MAXGBL=100000
DEMOGUI2  EZ390 final_options=MAXHEIGHT=600
DEMOGUI2  EZ390 final_options=MAXLCL=100000
DEMOGUI2  EZ390 final_options=MAXLEN=80
DEMOGUI2  EZ390 final_options=MAXLINE=200000
DEMOGUI2  EZ390 final_options=MAXLOG=1000000
DEMOGUI2  EZ390 final_options=MAXPARM=10000
DEMOGUI2  EZ390 final_options=MAXPASS=2
DEMOGUI2  EZ390 final_options=MAXPC=50000
DEMOGUI2  EZ390 final_options=MAXQUE=1000
DEMOGUI2  EZ390 final_options=MAXRLD=10000
DEMOGUI2  EZ390 final_options=MAXSIZE=52428800
DEMOGUI2  EZ390 final_options=MAXSYM=50000
DEMOGUI2  EZ390 final_options=MAXWARN=4
DEMOGUI2  EZ390 final_options=MAXWIDTH=800
DEMOGUI2  EZ390 final_options=MEM=1
DEMOGUI2  EZ390 final_options=MINHEIGHT=150
DEMOGUI2  EZ390 final_options=MINWIDTH=150
DEMOGUI2  EZ390 final_options=PARM=
DEMOGUI2  EZ390 final_options=PROFILE=
DEMOGUI2  EZ390 final_options=STATS=W:\work\z390\guam\demo\DEMOGUI2.STA
DEMOGUI2  EZ390 final_options=SYSPARM=
DEMOGUI2  EZ390 final_options=SYSTERM=W:\work\z390\guam\demo\DEMOGUI2.ERR
DEMOGUI2  EZ390 final_options=TESTDD=
DEMOGUI2  EZ390 final_options=TIME=15
DEMOGUI2  EZ390 final_options=TRACE=
DEMOGUI2  EZ390 final_options=Z390ACROBAT=cmd.exe /c Start
DEMOGUI2  EZ390 final_options=Z390BROWSER=cmd.exe /c Start
DEMOGUI2  EZ390 final_options=Z390COMMAND=cmd.exe
DEMOGUI2  EZ390 final_options=Z390EDITOR=notepad.exe
DEMOGUI2  EZ390 final_options=INSTALL=
DEMOGUI2  EZ390 final_options=IPL=
DEMOGUI2  EZ390 final_options=LOG=W:\work\z390\guam\demo\DEMOGUI2.LOG
DEMOGUI2  EZ390 final_options=SYS390=guam\demo\+linklib
DEMOGUI2  EZ390 final_options=SYSBAL=guam\demo\
DEMOGUI2  EZ390 final_options=SYSCPY=guam\demo\
DEMOGUI2  EZ390 final_options=SYSDAT=guam\demo\
DEMOGUI2  EZ390 final_options=SYSERR=guam\demo\
DEMOGUI2  EZ390 final_options=SYSLOG=guam\demo\
DEMOGUI2  EZ390 final_options=SYSLST=guam\demo\
DEMOGUI2  EZ390 final_options=SYSMAC=guam\demo\
DEMOGUI2  EZ390 final_options=SYSMLC=guam\demo\
DEMOGUI2  EZ390 final_options=SYSPCH=guam\demo\
DEMOGUI2  EZ390 final_options=SYSPRN=guam\demo\
DEMOGUI2  EZ390 final_options=SYSOBJ=guam\demo\
DEMOGUI2  EZ390 final_options=SYSOPT=guam\demo\
DEMOGUI2  EZ390 final_options=SYSTRC=guam\demo\
DEMOGUI2  EZ390 TCPIO operations      = 0
DEMOGUI2  EZ390 DCB operations        = 0
DEMOGUI2  EZ390 VSAM operations       = 0
DEMOGUI2  EZ390 Keys                  = 2212
DEMOGUI2  EZ390 Key searches          = 2
DEMOGUI2  EZ390 Key avg comps         = 0
DEMOGUI2  EZ390 Key max comps         = 0
DEMOGUI2  EZ390 total errors          = 0
DEMOGUI2  EZ390 ENDED   RC=16 MEM(MB)= MB IO=150 INS=44873068
