DEMOGUI5  MZ390 START
DEMOGUI5  MZ390 Copyright 2010 Automated Software Tools Corporation
DEMOGUI5  MZ390 z390 is licensed under GNU General Public License
DEMOGUI5  MZ390 program = guam\demo\DEMOGUI5.MLC
DEMOGUI5  MZ390 options = sysmac(W:\work\z390\mac+.) 
  syscpy(W:\work\z390\mac+.) @rt\RT1=(bal notiming stats) guam
DEMOGUI5  MZ390 final_options=ALIGN
DEMOGUI5  MZ390 final_options=NOALLOW
DEMOGUI5  MZ390 final_options=NOAMODE24
DEMOGUI5  MZ390 final_options=AMODE31
DEMOGUI5  MZ390 final_options=NOASCII
DEMOGUI5  MZ390 final_options=ASM
DEMOGUI5  MZ390 final_options=NOASSIST
DEMOGUI5  MZ390 final_options=AUTOLINK
DEMOGUI5  MZ390 final_options=BAL
DEMOGUI5  MZ390 final_options=NOBS2000
DEMOGUI5  MZ390 final_options=EDF
DEMOGUI5  MZ390 final_options=NOCICS
DEMOGUI5  MZ390 final_options=CODEPAGE(ISO-8859-1+IBM1047)
DEMOGUI5  MZ390 final_options=COMMENT
DEMOGUI5  MZ390 final_options=CON
DEMOGUI5  MZ390 final_options=NODUMP
DEMOGUI5  MZ390 final_options=EPILOG
DEMOGUI5  MZ390 final_options=NOERRSUM
DEMOGUI5  MZ390 final_options=EXTEND
DEMOGUI5  MZ390 final_options=FLOAT(DECIMAL)
DEMOGUI5  MZ390 final_options=GUAM
DEMOGUI5  MZ390 final_options=INIT
DEMOGUI5  MZ390 final_options=LIST
DEMOGUI5  MZ390 final_options=LISTCALL
DEMOGUI5  MZ390 final_options=LISTUSE
DEMOGUI5  MZ390 final_options=LOADHIGH
DEMOGUI5  MZ390 final_options=NOMCALL
DEMOGUI5  MZ390 final_options=NOMOD
DEMOGUI5  MZ390 final_options=OBJ
DEMOGUI5  MZ390 final_options=NOOBJHEX
DEMOGUI5  MZ390 final_options=PC
DEMOGUI5  MZ390 final_options=PCOPT
DEMOGUI5  MZ390 final_options=NOPRINTALL
DEMOGUI5  MZ390 final_options=PROLOG
DEMOGUI5  MZ390 final_options=PROTECT
DEMOGUI5  MZ390 final_options=R64
DEMOGUI5  MZ390 final_options=NOREFORMAT
DEMOGUI5  MZ390 final_options=NOREGS
DEMOGUI5  MZ390 final_options=RMODE24
DEMOGUI5  MZ390 final_options=NORMODE31
DEMOGUI5  MZ390 final_options=STATS
DEMOGUI5  MZ390 final_options=NOTEST
DEMOGUI5  MZ390 final_options=NOTIME
DEMOGUI5  MZ390 final_options=NOTIMING
DEMOGUI5  MZ390 final_options=NOTRACE
DEMOGUI5  MZ390 final_options=NOTRACEA
DEMOGUI5  MZ390 final_options=NOTRACEALL
DEMOGUI5  MZ390 final_options=NOTRACEC
DEMOGUI5  MZ390 final_options=NOTRACEG
DEMOGUI5  MZ390 final_options=NOTRACEL
DEMOGUI5  MZ390 final_options=NOTRACEM
DEMOGUI5  MZ390 final_options=NOTRACEP
DEMOGUI5  MZ390 final_options=NOTRACEQ
DEMOGUI5  MZ390 final_options=NOTRACES
DEMOGUI5  MZ390 final_options=NOTRACET
DEMOGUI5  MZ390 final_options=NOTRACEV
DEMOGUI5  MZ390 final_options=TRAP
DEMOGUI5  MZ390 final_options=NOTRUNC
DEMOGUI5  MZ390 final_options=NOTS
DEMOGUI5  MZ390 final_options=VCB
DEMOGUI5  MZ390 final_options=WARN
DEMOGUI5  MZ390 final_options=XREF
DEMOGUI5  MZ390 final_options=ZSTRMAC
DEMOGUI5  MZ390 final_options=CHKMAC=0
DEMOGUI5  MZ390 final_options=CHKSRC=1
DEMOGUI5  MZ390 final_options=ERR=100
DEMOGUI5  MZ390 final_options=MAXCALL=50
DEMOGUI5  MZ390 final_options=MAXDISPLAY=80
DEMOGUI5  MZ390 final_options=MAXESD=1000
DEMOGUI5  MZ390 final_options=MAXFILE=1000
DEMOGUI5  MZ390 final_options=MAXGBL=100000
DEMOGUI5  MZ390 final_options=MAXHEIGHT=600
DEMOGUI5  MZ390 final_options=MAXLCL=100000
DEMOGUI5  MZ390 final_options=MAXLEN=80
DEMOGUI5  MZ390 final_options=MAXLINE=200000
DEMOGUI5  MZ390 final_options=MAXLOG=1000000
DEMOGUI5  MZ390 final_options=MAXPARM=10000
DEMOGUI5  MZ390 final_options=MAXPASS=2
DEMOGUI5  MZ390 final_options=MAXPC=50000
DEMOGUI5  MZ390 final_options=MAXQUE=1000
DEMOGUI5  MZ390 final_options=MAXRLD=10000
DEMOGUI5  MZ390 final_options=MAXSIZE=52428800
DEMOGUI5  MZ390 final_options=MAXSYM=50000
DEMOGUI5  MZ390 final_options=MAXWARN=4
DEMOGUI5  MZ390 final_options=MAXWIDTH=800
DEMOGUI5  MZ390 final_options=MEM=1
DEMOGUI5  MZ390 final_options=MINHEIGHT=150
DEMOGUI5  MZ390 final_options=MINWIDTH=150
DEMOGUI5  MZ390 final_options=PARM=
DEMOGUI5  MZ390 final_options=PROFILE=
DEMOGUI5  MZ390 final_options=STATS=W:\work\z390\guam\demo\DEMOGUI5.STA
DEMOGUI5  MZ390 final_options=SYSPARM=
DEMOGUI5  MZ390 final_options=SYSTERM=W:\work\z390\guam\demo\DEMOGUI5.ERR
DEMOGUI5  MZ390 final_options=TESTDD=
DEMOGUI5  MZ390 final_options=TIME=15
DEMOGUI5  MZ390 final_options=TRACE=
DEMOGUI5  MZ390 final_options=Z390ACROBAT=cmd.exe /c Start
DEMOGUI5  MZ390 final_options=Z390BROWSER=cmd.exe /c Start
DEMOGUI5  MZ390 final_options=Z390COMMAND=cmd.exe
DEMOGUI5  MZ390 final_options=Z390EDITOR=notepad.exe
DEMOGUI5  MZ390 final_options=INSTALL=
DEMOGUI5  MZ390 final_options=IPL=
DEMOGUI5  MZ390 final_options=LOG=
DEMOGUI5  MZ390 final_options=SYS390=guam\demo\+linklib
DEMOGUI5  MZ390 final_options=SYSBAL=guam\demo\
DEMOGUI5  MZ390 final_options=SYSCPY=W:\work\z390\mac+.
DEMOGUI5  MZ390 final_options=SYSDAT=guam\demo\
DEMOGUI5  MZ390 final_options=SYSERR=guam\demo\
DEMOGUI5  MZ390 final_options=SYSLOG=guam\demo\
DEMOGUI5  MZ390 final_options=SYSLST=guam\demo\
DEMOGUI5  MZ390 final_options=SYSMAC=W:\work\z390\mac+.
DEMOGUI5  MZ390 final_options=SYSMLC=guam\demo\
DEMOGUI5  MZ390 final_options=SYSPCH=guam\demo\
DEMOGUI5  MZ390 final_options=SYSPRN=guam\demo\
DEMOGUI5  MZ390 final_options=SYSOBJ=guam\demo\
DEMOGUI5  MZ390 final_options=SYSOPT=guam\demo\
DEMOGUI5  MZ390 final_options=SYSTRC=guam\demo\
DEMOGUI5  MZ390 total MLC/MAC loaded  = 527
DEMOGUI5  MZ390 total BAL output lines= 143
DEMOGUI5  MZ390 total BAL instructions= 17
DEMOGUI5  MZ390 total macros          = 6
DEMOGUI5  MZ390 total macro loads     = 6
DEMOGUI5  MZ390 total macro calls     = 17
DEMOGUI5  MZ390 total AENTRY blocks   = 0
DEMOGUI5  MZ390 total ACALL  calls    = 0
DEMOGUI5  MZ390 total AIF    blocks   = 0
DEMOGUI5  MZ390 total ACASE  blocks   = 0
DEMOGUI5  MZ390 total AWHILE calls    = 0
DEMOGUI5  MZ390 total AUNTIL blocks   = 0
DEMOGUI5  MZ390 total global set names= 57
DEMOGUI5  MZ390 tot global seta cells = 2
DEMOGUI5  MZ390 tot global setb cells = 13
DEMOGUI5  MZ390 tot global setc cells = 42
DEMOGUI5  MZ390 max local pos parms   = 3
DEMOGUI5  MZ390 max local key parms   = 11
DEMOGUI5  MZ390 max local set names   = 19
DEMOGUI5  MZ390 max local seta cells  = 5
DEMOGUI5  MZ390 max local setb cells  = 0
DEMOGUI5  MZ390 max local setc cells  = 15
DEMOGUI5  MZ390 total array expansions= 0
DEMOGUI5  MZ390 total Keys            = 1551
DEMOGUI5  MZ390 Key searches          = 3305
DEMOGUI5  MZ390 Key avg comps         = 0
DEMOGUI5  MZ390 Key max comps         = 3
DEMOGUI5  MZ390 total macro line exec = 362
DEMOGUI5  MZ390 total pcode line exec = 104
DEMOGUI5  MZ390 total pcode line gen. = 87
DEMOGUI5  MZ390 total pcode line reuse= 0
DEMOGUI5  MZ390 total pcode op   gen. = 435
DEMOGUI5  MZ390 total pcode op   exec = 416
DEMOGUI5  MZ390 total pcode gen  opt  = 160
DEMOGUI5  MZ390 total pcode exec opt  = 0
DEMOGUI5  MZ390 FID=  1 ERR= 0 W:\work\z390\guam\demo\DEMOGUI5.MLC
DEMOGUI5  MZ390 FID=  2 ERR= 0 W:\work\z390\mac\SUBENTRY.MAC
DEMOGUI5  MZ390 FID=  3 ERR= 0 W:\work\z390\mac\WTO.MAC
DEMOGUI5  MZ390 FID=  4 ERR= 0 W:\work\z390\mac\TPUT.MAC
DEMOGUI5  MZ390 FID=  5 ERR= 0 W:\work\z390\mac\GUAM.MAC
DEMOGUI5  MZ390 FID=  6 ERR= 0 W:\work\z390\mac\SUBEXIT.MAC
DEMOGUI5  MZ390 total mnote warnings  = 0
DEMOGUI5  MZ390 total mnote errors    = 0
DEMOGUI5  MZ390 max   mnote level     = 0
DEMOGUI5  MZ390 total mz390 errors    = 0
DEMOGUI5  AZ390 BAL lines             = 143
DEMOGUI5  AZ390 symbols               = 34
DEMOGUI5  AZ390 Literals              = 14
DEMOGUI5  AZ390 alloc passes          = 2
DEMOGUI5  AZ390 Keys                  = 1229
DEMOGUI5  AZ390 Key searches          = 2020
DEMOGUI5  AZ390 Key avg comps         = 0
DEMOGUI5  AZ390 Key max comps         = 3
DEMOGUI5  AZ390 ESD symbols           = 1
DEMOGUI5  AZ390 object bytes          = 615
DEMOGUI5  AZ390 object rlds           = 9
DEMOGUI5  AZ390 total mnote warnings  = 0
DEMOGUI5  AZ390 total mnote errors    = 0
DEMOGUI5  AZ390 max   mnote level     = 0
DEMOGUI5  AZ390 total mz390 errors    = 0
DEMOGUI5  AZ390 total az390 errors    = 0
DEMOGUI5  MZ390 ENDED   RC= 0 MEM(MB)= MB IO=2528
DEMOGUI5  LZ390 START
DEMOGUI5  LZ390 Copyright 2010 Automated Software Tools Corporation
DEMOGUI5  LZ390 z390 is licensed under GNU General Public License
DEMOGUI5  LZ390 options = @rt\RT1=(bal notiming stats) guam
DEMOGUI5  LZ390 program = guam\demo\DEMOGUI5.OBJ
DEMOGUI5  LZ390 final_options=ALIGN
DEMOGUI5  LZ390 final_options=NOALLOW
DEMOGUI5  LZ390 final_options=NOAMODE24
DEMOGUI5  LZ390 final_options=AMODE31
DEMOGUI5  LZ390 final_options=NOASCII
DEMOGUI5  LZ390 final_options=ASM
DEMOGUI5  LZ390 final_options=NOASSIST
DEMOGUI5  LZ390 final_options=AUTOLINK
DEMOGUI5  LZ390 final_options=BAL
DEMOGUI5  LZ390 final_options=NOBS2000
DEMOGUI5  LZ390 final_options=EDF
DEMOGUI5  LZ390 final_options=NOCICS
DEMOGUI5  LZ390 final_options=CODEPAGE(ISO-8859-1+IBM1047)
DEMOGUI5  LZ390 final_options=COMMENT
DEMOGUI5  LZ390 final_options=CON
DEMOGUI5  LZ390 final_options=NODUMP
DEMOGUI5  LZ390 final_options=EPILOG
DEMOGUI5  LZ390 final_options=NOERRSUM
DEMOGUI5  LZ390 final_options=EXTEND
DEMOGUI5  LZ390 final_options=FLOAT(DECIMAL)
DEMOGUI5  LZ390 final_options=GUAM
DEMOGUI5  LZ390 final_options=INIT
DEMOGUI5  LZ390 final_options=LIST
DEMOGUI5  LZ390 final_options=LISTCALL
DEMOGUI5  LZ390 final_options=LISTUSE
DEMOGUI5  LZ390 final_options=LOADHIGH
DEMOGUI5  LZ390 final_options=NOMCALL
DEMOGUI5  LZ390 final_options=NOMOD
DEMOGUI5  LZ390 final_options=OBJ
DEMOGUI5  LZ390 final_options=NOOBJHEX
DEMOGUI5  LZ390 final_options=PC
DEMOGUI5  LZ390 final_options=PCOPT
DEMOGUI5  LZ390 final_options=NOPRINTALL
DEMOGUI5  LZ390 final_options=PROLOG
DEMOGUI5  LZ390 final_options=PROTECT
DEMOGUI5  LZ390 final_options=R64
DEMOGUI5  LZ390 final_options=NOREFORMAT
DEMOGUI5  LZ390 final_options=NOREGS
DEMOGUI5  LZ390 final_options=RMODE24
DEMOGUI5  LZ390 final_options=NORMODE31
DEMOGUI5  LZ390 final_options=STATS
DEMOGUI5  LZ390 final_options=NOTEST
DEMOGUI5  LZ390 final_options=NOTIME
DEMOGUI5  LZ390 final_options=NOTIMING
DEMOGUI5  LZ390 final_options=NOTRACE
DEMOGUI5  LZ390 final_options=NOTRACEA
DEMOGUI5  LZ390 final_options=NOTRACEALL
DEMOGUI5  LZ390 final_options=NOTRACEC
DEMOGUI5  LZ390 final_options=NOTRACEG
DEMOGUI5  LZ390 final_options=NOTRACEL
DEMOGUI5  LZ390 final_options=NOTRACEM
DEMOGUI5  LZ390 final_options=NOTRACEP
DEMOGUI5  LZ390 final_options=NOTRACEQ
DEMOGUI5  LZ390 final_options=NOTRACES
DEMOGUI5  LZ390 final_options=NOTRACET
DEMOGUI5  LZ390 final_options=NOTRACEV
DEMOGUI5  LZ390 final_options=TRAP
DEMOGUI5  LZ390 final_options=NOTRUNC
DEMOGUI5  LZ390 final_options=NOTS
DEMOGUI5  LZ390 final_options=VCB
DEMOGUI5  LZ390 final_options=WARN
DEMOGUI5  LZ390 final_options=XREF
DEMOGUI5  LZ390 final_options=ZSTRMAC
DEMOGUI5  LZ390 final_options=CHKMAC=0
DEMOGUI5  LZ390 final_options=CHKSRC=1
DEMOGUI5  LZ390 final_options=ERR=100
DEMOGUI5  LZ390 final_options=MAXCALL=50
DEMOGUI5  LZ390 final_options=MAXDISPLAY=80
DEMOGUI5  LZ390 final_options=MAXESD=1000
DEMOGUI5  LZ390 final_options=MAXFILE=1000
DEMOGUI5  LZ390 final_options=MAXGBL=100000
DEMOGUI5  LZ390 final_options=MAXHEIGHT=600
DEMOGUI5  LZ390 final_options=MAXLCL=100000
DEMOGUI5  LZ390 final_options=MAXLEN=80
DEMOGUI5  LZ390 final_options=MAXLINE=200000
DEMOGUI5  LZ390 final_options=MAXLOG=1000000
DEMOGUI5  LZ390 final_options=MAXPARM=10000
DEMOGUI5  LZ390 final_options=MAXPASS=2
DEMOGUI5  LZ390 final_options=MAXPC=50000
DEMOGUI5  LZ390 final_options=MAXQUE=1000
DEMOGUI5  LZ390 final_options=MAXRLD=10000
DEMOGUI5  LZ390 final_options=MAXSIZE=52428800
DEMOGUI5  LZ390 final_options=MAXSYM=50000
DEMOGUI5  LZ390 final_options=MAXWARN=4
DEMOGUI5  LZ390 final_options=MAXWIDTH=800
DEMOGUI5  LZ390 final_options=MEM=1
DEMOGUI5  LZ390 final_options=MINHEIGHT=150
DEMOGUI5  LZ390 final_options=MINWIDTH=150
DEMOGUI5  LZ390 final_options=PARM=
DEMOGUI5  LZ390 final_options=PROFILE=
DEMOGUI5  LZ390 final_options=STATS=W:\work\z390\guam\demo\DEMOGUI5.STA
DEMOGUI5  LZ390 final_options=SYSPARM=
DEMOGUI5  LZ390 final_options=SYSTERM=W:\work\z390\guam\demo\DEMOGUI5.ERR
DEMOGUI5  LZ390 final_options=TESTDD=
DEMOGUI5  LZ390 final_options=TIME=15
DEMOGUI5  LZ390 final_options=TRACE=
DEMOGUI5  LZ390 final_options=Z390ACROBAT=cmd.exe /c Start
DEMOGUI5  LZ390 final_options=Z390BROWSER=cmd.exe /c Start
DEMOGUI5  LZ390 final_options=Z390COMMAND=cmd.exe
DEMOGUI5  LZ390 final_options=Z390EDITOR=notepad.exe
DEMOGUI5  LZ390 final_options=INSTALL=
DEMOGUI5  LZ390 final_options=IPL=
DEMOGUI5  LZ390 final_options=LOG=
DEMOGUI5  LZ390 final_options=SYS390=guam\demo\+linklib
DEMOGUI5  LZ390 final_options=SYSBAL=guam\demo\
DEMOGUI5  LZ390 final_options=SYSCPY=guam\demo\
DEMOGUI5  LZ390 final_options=SYSDAT=guam\demo\
DEMOGUI5  LZ390 final_options=SYSERR=guam\demo\
DEMOGUI5  LZ390 final_options=SYSLOG=guam\demo\
DEMOGUI5  LZ390 final_options=SYSLST=guam\demo\
DEMOGUI5  LZ390 final_options=SYSMAC=guam\demo\
DEMOGUI5  LZ390 final_options=SYSMLC=guam\demo\
DEMOGUI5  LZ390 final_options=SYSPCH=guam\demo\
DEMOGUI5  LZ390 final_options=SYSPRN=guam\demo\
DEMOGUI5  LZ390 final_options=SYSOBJ=guam\demo\
DEMOGUI5  LZ390 final_options=SYSOPT=guam\demo\
DEMOGUI5  LZ390 final_options=SYSTRC=guam\demo\
DEMOGUI5  LZ390 Stats total obj files = 1
DEMOGUI5  LZ390 Stats total esds      = 1
DEMOGUI5  LZ390 Stats total csects    = 1
DEMOGUI5  LZ390 Stats total entries   = 0
DEMOGUI5  LZ390 Stats missing wxtrn's = 0
DEMOGUI5  LZ390 Stats Keys            = 1
DEMOGUI5  LZ390 Stats Key searches    = 2
DEMOGUI5  LZ390 Stats Key avg comps   = 0
DEMOGUI5  LZ390 Stats Key max comps   = 1
DEMOGUI5  LZ390 Stats total obj byte  = 615
DEMOGUI5  LZ390 Stats total obj rlds  = 9
DEMOGUI5  LZ390 total errors          = 0
DEMOGUI5  LZ390 ENDED   RC= 0 MEM(MB)= MB IO=231
DEMOGUI5  EZ390 START
DEMOGUI5  EZ390 Copyright 2010 Automated Software Tools Corporation
DEMOGUI5  EZ390 z390 is licensed under GNU General Public License
DEMOGUI5  EZ390 program = guam\demo\DEMOGUI5.390
DEMOGUI5  EZ390 options = @rt\RT1=(bal notiming stats) guam
DEMOGUI5  EZ390 final_options=ALIGN
DEMOGUI5  EZ390 final_options=NOALLOW
DEMOGUI5  EZ390 final_options=NOAMODE24
DEMOGUI5  EZ390 final_options=AMODE31
DEMOGUI5  EZ390 final_options=NOASCII
DEMOGUI5  EZ390 final_options=ASM
DEMOGUI5  EZ390 final_options=NOASSIST
DEMOGUI5  EZ390 final_options=AUTOLINK
DEMOGUI5  EZ390 final_options=BAL
DEMOGUI5  EZ390 final_options=NOBS2000
DEMOGUI5  EZ390 final_options=EDF
DEMOGUI5  EZ390 final_options=NOCICS
DEMOGUI5  EZ390 final_options=CODEPAGE(ISO-8859-1+IBM1047)
DEMOGUI5  EZ390 final_options=COMMENT
DEMOGUI5  EZ390 final_options=CON
DEMOGUI5  EZ390 final_options=NODUMP
DEMOGUI5  EZ390 final_options=EPILOG
DEMOGUI5  EZ390 final_options=NOERRSUM
DEMOGUI5  EZ390 final_options=EXTEND
DEMOGUI5  EZ390 final_options=FLOAT(DECIMAL)
DEMOGUI5  EZ390 final_options=GUAM
DEMOGUI5  EZ390 final_options=INIT
DEMOGUI5  EZ390 final_options=LIST
DEMOGUI5  EZ390 final_options=LISTCALL
DEMOGUI5  EZ390 final_options=LISTUSE
DEMOGUI5  EZ390 final_options=LOADHIGH
DEMOGUI5  EZ390 final_options=NOMCALL
DEMOGUI5  EZ390 final_options=NOMOD
DEMOGUI5  EZ390 final_options=OBJ
DEMOGUI5  EZ390 final_options=NOOBJHEX
DEMOGUI5  EZ390 final_options=PC
DEMOGUI5  EZ390 final_options=PCOPT
DEMOGUI5  EZ390 final_options=NOPRINTALL
DEMOGUI5  EZ390 final_options=PROLOG
DEMOGUI5  EZ390 final_options=PROTECT
DEMOGUI5  EZ390 final_options=R64
DEMOGUI5  EZ390 final_options=NOREFORMAT
DEMOGUI5  EZ390 final_options=NOREGS
DEMOGUI5  EZ390 final_options=RMODE24
DEMOGUI5  EZ390 final_options=NORMODE31
DEMOGUI5  EZ390 final_options=STATS
DEMOGUI5  EZ390 final_options=NOTEST
DEMOGUI5  EZ390 final_options=NOTIME
DEMOGUI5  EZ390 final_options=NOTIMING
DEMOGUI5  EZ390 final_options=NOTRACE
DEMOGUI5  EZ390 final_options=NOTRACEA
DEMOGUI5  EZ390 final_options=NOTRACEALL
DEMOGUI5  EZ390 final_options=NOTRACEC
DEMOGUI5  EZ390 final_options=NOTRACEG
DEMOGUI5  EZ390 final_options=NOTRACEL
DEMOGUI5  EZ390 final_options=NOTRACEM
DEMOGUI5  EZ390 final_options=NOTRACEP
DEMOGUI5  EZ390 final_options=NOTRACEQ
DEMOGUI5  EZ390 final_options=NOTRACES
DEMOGUI5  EZ390 final_options=NOTRACET
DEMOGUI5  EZ390 final_options=NOTRACEV
DEMOGUI5  EZ390 final_options=TRAP
DEMOGUI5  EZ390 final_options=NOTRUNC
DEMOGUI5  EZ390 final_options=NOTS
DEMOGUI5  EZ390 final_options=VCB
DEMOGUI5  EZ390 final_options=WARN
DEMOGUI5  EZ390 final_options=XREF
DEMOGUI5  EZ390 final_options=ZSTRMAC
DEMOGUI5  EZ390 final_options=CHKMAC=0
DEMOGUI5  EZ390 final_options=CHKSRC=1
DEMOGUI5  EZ390 final_options=ERR=100
DEMOGUI5  EZ390 final_options=MAXCALL=50
DEMOGUI5  EZ390 final_options=MAXDISPLAY=80
DEMOGUI5  EZ390 final_options=MAXESD=1000
DEMOGUI5  EZ390 final_options=MAXFILE=1000
DEMOGUI5  EZ390 final_options=MAXGBL=100000
DEMOGUI5  EZ390 final_options=MAXHEIGHT=600
DEMOGUI5  EZ390 final_options=MAXLCL=100000
DEMOGUI5  EZ390 final_options=MAXLEN=80
DEMOGUI5  EZ390 final_options=MAXLINE=200000
DEMOGUI5  EZ390 final_options=MAXLOG=1000000
DEMOGUI5  EZ390 final_options=MAXPARM=10000
DEMOGUI5  EZ390 final_options=MAXPASS=2
DEMOGUI5  EZ390 final_options=MAXPC=50000
DEMOGUI5  EZ390 final_options=MAXQUE=1000
DEMOGUI5  EZ390 final_options=MAXRLD=10000
DEMOGUI5  EZ390 final_options=MAXSIZE=52428800
DEMOGUI5  EZ390 final_options=MAXSYM=50000
DEMOGUI5  EZ390 final_options=MAXWARN=4
DEMOGUI5  EZ390 final_options=MAXWIDTH=800
DEMOGUI5  EZ390 final_options=MEM=1
DEMOGUI5  EZ390 final_options=MINHEIGHT=150
DEMOGUI5  EZ390 final_options=MINWIDTH=150
DEMOGUI5  EZ390 final_options=PARM=
DEMOGUI5  EZ390 final_options=PROFILE=
DEMOGUI5  EZ390 final_options=STATS=W:\work\z390\guam\demo\DEMOGUI5.STA
DEMOGUI5  EZ390 final_options=SYSPARM=
DEMOGUI5  EZ390 final_options=SYSTERM=W:\work\z390\guam\demo\DEMOGUI5.ERR
DEMOGUI5  EZ390 final_options=TESTDD=
DEMOGUI5  EZ390 final_options=TIME=15
DEMOGUI5  EZ390 final_options=TRACE=
DEMOGUI5  EZ390 final_options=Z390ACROBAT=cmd.exe /c Start
DEMOGUI5  EZ390 final_options=Z390BROWSER=cmd.exe /c Start
DEMOGUI5  EZ390 final_options=Z390COMMAND=cmd.exe
DEMOGUI5  EZ390 final_options=Z390EDITOR=notepad.exe
DEMOGUI5  EZ390 final_options=INSTALL=
DEMOGUI5  EZ390 final_options=IPL=
DEMOGUI5  EZ390 final_options=LOG=W:\work\z390\guam\demo\DEMOGUI5.LOG
DEMOGUI5  EZ390 final_options=SYS390=guam\demo\+linklib
DEMOGUI5  EZ390 final_options=SYSBAL=guam\demo\
DEMOGUI5  EZ390 final_options=SYSCPY=guam\demo\
DEMOGUI5  EZ390 final_options=SYSDAT=guam\demo\
DEMOGUI5  EZ390 final_options=SYSERR=guam\demo\
DEMOGUI5  EZ390 final_options=SYSLOG=guam\demo\
DEMOGUI5  EZ390 final_options=SYSLST=guam\demo\
DEMOGUI5  EZ390 final_options=SYSMAC=guam\demo\
DEMOGUI5  EZ390 final_options=SYSMLC=guam\demo\
DEMOGUI5  EZ390 final_options=SYSPCH=guam\demo\
DEMOGUI5  EZ390 final_options=SYSPRN=guam\demo\
DEMOGUI5  EZ390 final_options=SYSOBJ=guam\demo\
DEMOGUI5  EZ390 final_options=SYSOPT=guam\demo\
DEMOGUI5  EZ390 final_options=SYSTRC=guam\demo\
DEMOGUI5  EZ390 TCPIO operations      = 0
DEMOGUI5  EZ390 DCB operations        = 0
DEMOGUI5  EZ390 VSAM operations       = 0
DEMOGUI5  EZ390 Keys                  = 2212
DEMOGUI5  EZ390 Key searches          = 2
DEMOGUI5  EZ390 Key avg comps         = 0
DEMOGUI5  EZ390 Key max comps         = 0
DEMOGUI5  EZ390 total errors          = 0
DEMOGUI5  EZ390 ENDED   RC=16 MEM(MB)= MB IO=167 INS=48
