HELLO1    MZ390 START
HELLO1    MZ390 Copyright 2010 Automated Software Tools Corporation
HELLO1    MZ390 z390 is licensed under GNU General Public License
HELLO1    MZ390 program = guam\demo\HELLO1.MLC
HELLO1    MZ390 options = sysmac(W:\work\z390\mac+.) 
  syscpy(W:\work\z390\mac+.) @rt\RT1=(bal notiming stats) guam
HELLO1    MZ390 final_options=ALIGN
HELLO1    MZ390 final_options=NOALLOW
HELLO1    MZ390 final_options=NOAMODE24
HELLO1    MZ390 final_options=AMODE31
HELLO1    MZ390 final_options=NOASCII
HELLO1    MZ390 final_options=ASM
HELLO1    MZ390 final_options=NOASSIST
HELLO1    MZ390 final_options=AUTOLINK
HELLO1    MZ390 final_options=BAL
HELLO1    MZ390 final_options=NOBS2000
HELLO1    MZ390 final_options=EDF
HELLO1    MZ390 final_options=NOCICS
HELLO1    MZ390 final_options=CODEPAGE(ISO-8859-1+IBM1047)
HELLO1    MZ390 final_options=COMMENT
HELLO1    MZ390 final_options=CON
HELLO1    MZ390 final_options=NODUMP
HELLO1    MZ390 final_options=EPILOG
HELLO1    MZ390 final_options=NOERRSUM
HELLO1    MZ390 final_options=EXTEND
HELLO1    MZ390 final_options=FLOAT(DECIMAL)
HELLO1    MZ390 final_options=GUAM
HELLO1    MZ390 final_options=INIT
HELLO1    MZ390 final_options=LIST
HELLO1    MZ390 final_options=LISTCALL
HELLO1    MZ390 final_options=LISTUSE
HELLO1    MZ390 final_options=LOADHIGH
HELLO1    MZ390 final_options=NOMCALL
HELLO1    MZ390 final_options=NOMOD
HELLO1    MZ390 final_options=OBJ
HELLO1    MZ390 final_options=NOOBJHEX
HELLO1    MZ390 final_options=PC
HELLO1    MZ390 final_options=PCOPT
HELLO1    MZ390 final_options=NOPRINTALL
HELLO1    MZ390 final_options=PROLOG
HELLO1    MZ390 final_options=PROTECT
HELLO1    MZ390 final_options=R64
HELLO1    MZ390 final_options=NOREFORMAT
HELLO1    MZ390 final_options=NOREGS
HELLO1    MZ390 final_options=RMODE24
HELLO1    MZ390 final_options=NORMODE31
HELLO1    MZ390 final_options=STATS
HELLO1    MZ390 final_options=NOTEST
HELLO1    MZ390 final_options=NOTIME
HELLO1    MZ390 final_options=NOTIMING
HELLO1    MZ390 final_options=NOTRACE
HELLO1    MZ390 final_options=NOTRACEA
HELLO1    MZ390 final_options=NOTRACEALL
HELLO1    MZ390 final_options=NOTRACEC
HELLO1    MZ390 final_options=NOTRACEG
HELLO1    MZ390 final_options=NOTRACEL
HELLO1    MZ390 final_options=NOTRACEM
HELLO1    MZ390 final_options=NOTRACEP
HELLO1    MZ390 final_options=NOTRACEQ
HELLO1    MZ390 final_options=NOTRACES
HELLO1    MZ390 final_options=NOTRACET
HELLO1    MZ390 final_options=NOTRACEV
HELLO1    MZ390 final_options=TRAP
HELLO1    MZ390 final_options=NOTRUNC
HELLO1    MZ390 final_options=NOTS
HELLO1    MZ390 final_options=VCB
HELLO1    MZ390 final_options=WARN
HELLO1    MZ390 final_options=XREF
HELLO1    MZ390 final_options=ZSTRMAC
HELLO1    MZ390 final_options=CHKMAC=0
HELLO1    MZ390 final_options=CHKSRC=1
HELLO1    MZ390 final_options=ERR=100
HELLO1    MZ390 final_options=MAXCALL=50
HELLO1    MZ390 final_options=MAXDISPLAY=80
HELLO1    MZ390 final_options=MAXESD=1000
HELLO1    MZ390 final_options=MAXFILE=1000
HELLO1    MZ390 final_options=MAXGBL=100000
HELLO1    MZ390 final_options=MAXHEIGHT=600
HELLO1    MZ390 final_options=MAXLCL=100000
HELLO1    MZ390 final_options=MAXLEN=80
HELLO1    MZ390 final_options=MAXLINE=200000
HELLO1    MZ390 final_options=MAXLOG=1000000
HELLO1    MZ390 final_options=MAXPARM=10000
HELLO1    MZ390 final_options=MAXPASS=2
HELLO1    MZ390 final_options=MAXPC=50000
HELLO1    MZ390 final_options=MAXQUE=1000
HELLO1    MZ390 final_options=MAXRLD=10000
HELLO1    MZ390 final_options=MAXSIZE=52428800
HELLO1    MZ390 final_options=MAXSYM=50000
HELLO1    MZ390 final_options=MAXWARN=4
HELLO1    MZ390 final_options=MAXWIDTH=800
HELLO1    MZ390 final_options=MEM=1
HELLO1    MZ390 final_options=MINHEIGHT=150
HELLO1    MZ390 final_options=MINWIDTH=150
HELLO1    MZ390 final_options=PARM=
HELLO1    MZ390 final_options=PROFILE=
HELLO1    MZ390 final_options=STATS=W:\work\z390\guam\demo\HELLO1.STA
HELLO1    MZ390 final_options=SYSPARM=
HELLO1    MZ390 final_options=SYSTERM=W:\work\z390\guam\demo\HELLO1.ERR
HELLO1    MZ390 final_options=TESTDD=
HELLO1    MZ390 final_options=TIME=15
HELLO1    MZ390 final_options=TRACE=
HELLO1    MZ390 final_options=Z390ACROBAT=cmd.exe /c Start
HELLO1    MZ390 final_options=Z390BROWSER=cmd.exe /c Start
HELLO1    MZ390 final_options=Z390COMMAND=cmd.exe
HELLO1    MZ390 final_options=Z390EDITOR=notepad.exe
HELLO1    MZ390 final_options=INSTALL=
HELLO1    MZ390 final_options=IPL=
HELLO1    MZ390 final_options=LOG=
HELLO1    MZ390 final_options=SYS390=guam\demo\+linklib
HELLO1    MZ390 final_options=SYSBAL=guam\demo\
HELLO1    MZ390 final_options=SYSCPY=W:\work\z390\mac+.
HELLO1    MZ390 final_options=SYSDAT=guam\demo\
HELLO1    MZ390 final_options=SYSERR=guam\demo\
HELLO1    MZ390 final_options=SYSLOG=guam\demo\
HELLO1    MZ390 final_options=SYSLST=guam\demo\
HELLO1    MZ390 final_options=SYSMAC=W:\work\z390\mac+.
HELLO1    MZ390 final_options=SYSMLC=guam\demo\
HELLO1    MZ390 final_options=SYSPCH=guam\demo\
HELLO1    MZ390 final_options=SYSPRN=guam\demo\
HELLO1    MZ390 final_options=SYSOBJ=guam\demo\
HELLO1    MZ390 final_options=SYSOPT=guam\demo\
HELLO1    MZ390 final_options=SYSTRC=guam\demo\
HELLO1    MZ390 total MLC/MAC loaded  = 191
HELLO1    MZ390 total BAL output lines= 62
HELLO1    MZ390 total BAL instructions= 16
HELLO1    MZ390 total macros          = 7
HELLO1    MZ390 total macro loads     = 7
HELLO1    MZ390 total macro calls     = 8
HELLO1    MZ390 total AENTRY blocks   = 0
HELLO1    MZ390 total ACALL  calls    = 0
HELLO1    MZ390 total AIF    blocks   = 0
HELLO1    MZ390 total ACASE  blocks   = 0
HELLO1    MZ390 total AWHILE calls    = 0
HELLO1    MZ390 total AUNTIL blocks   = 0
HELLO1    MZ390 total global set names= 46
HELLO1    MZ390 tot global seta cells = 0
HELLO1    MZ390 tot global setb cells = 7
HELLO1    MZ390 tot global setc cells = 39
HELLO1    MZ390 max local pos parms   = 4
HELLO1    MZ390 max local key parms   = 1
HELLO1    MZ390 max local set names   = 19
HELLO1    MZ390 max local seta cells  = 4
HELLO1    MZ390 max local setb cells  = 0
HELLO1    MZ390 max local setc cells  = 15
HELLO1    MZ390 total array expansions= 0
HELLO1    MZ390 total Keys            = 1398
HELLO1    MZ390 Key searches          = 2311
HELLO1    MZ390 Key avg comps         = 0
HELLO1    MZ390 Key max comps         = 3
HELLO1    MZ390 total macro line exec = 143
HELLO1    MZ390 total pcode line exec = 4
HELLO1    MZ390 total pcode line gen. = 62
HELLO1    MZ390 total pcode line reuse= 0
HELLO1    MZ390 total pcode op   gen. = 262
HELLO1    MZ390 total pcode op   exec = 10
HELLO1    MZ390 total pcode gen  opt  = 92
HELLO1    MZ390 total pcode exec opt  = 2
HELLO1    MZ390 FID=  1 ERR= 0 W:\work\z390\guam\demo\HELLO1.MLC
HELLO1    MZ390 FID=  2 ERR= 0 W:\work\z390\mac\SAVE.MAC
HELLO1    MZ390 FID=  3 ERR= 0 W:\work\z390\mac\STFSMODE.MAC
HELLO1    MZ390 FID=  4 ERR= 0 W:\work\z390\mac\STTMPMD.MAC
HELLO1    MZ390 FID=  5 ERR= 0 W:\work\z390\mac\TPUT.MAC
HELLO1    MZ390 FID=  6 ERR= 0 W:\work\z390\mac\TGET.MAC
HELLO1    MZ390 FID=  7 ERR= 0 W:\work\z390\mac\STLINENO.MAC
HELLO1    MZ390 total mnote warnings  = 0
HELLO1    MZ390 total mnote errors    = 0
HELLO1    MZ390 max   mnote level     = 0
HELLO1    MZ390 total mz390 errors    = 0
HELLO1    AZ390 BAL lines             = 62
HELLO1    AZ390 symbols               = 6
HELLO1    AZ390 Literals              = 2
HELLO1    AZ390 alloc passes          = 2
HELLO1    AZ390 Keys                  = 1189
HELLO1    AZ390 Key searches          = 1457
HELLO1    AZ390 Key avg comps         = 0
HELLO1    AZ390 Key max comps         = 3
HELLO1    AZ390 ESD symbols           = 1
HELLO1    AZ390 object bytes          = 83
HELLO1    AZ390 object rlds           = 0
HELLO1    AZ390 total mnote warnings  = 0
HELLO1    AZ390 total mnote errors    = 0
HELLO1    AZ390 max   mnote level     = 0
HELLO1    AZ390 total mz390 errors    = 0
HELLO1    AZ390 total az390 errors    = 0
HELLO1    MZ390 ENDED   RC= 0 MEM(MB)= MB IO=1181
HELLO1    LZ390 START
HELLO1    LZ390 Copyright 2010 Automated Software Tools Corporation
HELLO1    LZ390 z390 is licensed under GNU General Public License
HELLO1    LZ390 options = @rt\RT1=(bal notiming stats) guam
HELLO1    LZ390 program = guam\demo\HELLO1.OBJ
HELLO1    LZ390 final_options=ALIGN
HELLO1    LZ390 final_options=NOALLOW
HELLO1    LZ390 final_options=NOAMODE24
HELLO1    LZ390 final_options=AMODE31
HELLO1    LZ390 final_options=NOASCII
HELLO1    LZ390 final_options=ASM
HELLO1    LZ390 final_options=NOASSIST
HELLO1    LZ390 final_options=AUTOLINK
HELLO1    LZ390 final_options=BAL
HELLO1    LZ390 final_options=NOBS2000
HELLO1    LZ390 final_options=EDF
HELLO1    LZ390 final_options=NOCICS
HELLO1    LZ390 final_options=CODEPAGE(ISO-8859-1+IBM1047)
HELLO1    LZ390 final_options=COMMENT
HELLO1    LZ390 final_options=CON
HELLO1    LZ390 final_options=NODUMP
HELLO1    LZ390 final_options=EPILOG
HELLO1    LZ390 final_options=NOERRSUM
HELLO1    LZ390 final_options=EXTEND
HELLO1    LZ390 final_options=FLOAT(DECIMAL)
HELLO1    LZ390 final_options=GUAM
HELLO1    LZ390 final_options=INIT
HELLO1    LZ390 final_options=LIST
HELLO1    LZ390 final_options=LISTCALL
HELLO1    LZ390 final_options=LISTUSE
HELLO1    LZ390 final_options=LOADHIGH
HELLO1    LZ390 final_options=NOMCALL
HELLO1    LZ390 final_options=NOMOD
HELLO1    LZ390 final_options=OBJ
HELLO1    LZ390 final_options=NOOBJHEX
HELLO1    LZ390 final_options=PC
HELLO1    LZ390 final_options=PCOPT
HELLO1    LZ390 final_options=NOPRINTALL
HELLO1    LZ390 final_options=PROLOG
HELLO1    LZ390 final_options=PROTECT
HELLO1    LZ390 final_options=R64
HELLO1    LZ390 final_options=NOREFORMAT
HELLO1    LZ390 final_options=NOREGS
HELLO1    LZ390 final_options=RMODE24
HELLO1    LZ390 final_options=NORMODE31
HELLO1    LZ390 final_options=STATS
HELLO1    LZ390 final_options=NOTEST
HELLO1    LZ390 final_options=NOTIME
HELLO1    LZ390 final_options=NOTIMING
HELLO1    LZ390 final_options=NOTRACE
HELLO1    LZ390 final_options=NOTRACEA
HELLO1    LZ390 final_options=NOTRACEALL
HELLO1    LZ390 final_options=NOTRACEC
HELLO1    LZ390 final_options=NOTRACEG
HELLO1    LZ390 final_options=NOTRACEL
HELLO1    LZ390 final_options=NOTRACEM
HELLO1    LZ390 final_options=NOTRACEP
HELLO1    LZ390 final_options=NOTRACEQ
HELLO1    LZ390 final_options=NOTRACES
HELLO1    LZ390 final_options=NOTRACET
HELLO1    LZ390 final_options=NOTRACEV
HELLO1    LZ390 final_options=TRAP
HELLO1    LZ390 final_options=NOTRUNC
HELLO1    LZ390 final_options=NOTS
HELLO1    LZ390 final_options=VCB
HELLO1    LZ390 final_options=WARN
HELLO1    LZ390 final_options=XREF
HELLO1    LZ390 final_options=ZSTRMAC
HELLO1    LZ390 final_options=CHKMAC=0
HELLO1    LZ390 final_options=CHKSRC=1
HELLO1    LZ390 final_options=ERR=100
HELLO1    LZ390 final_options=MAXCALL=50
HELLO1    LZ390 final_options=MAXDISPLAY=80
HELLO1    LZ390 final_options=MAXESD=1000
HELLO1    LZ390 final_options=MAXFILE=1000
HELLO1    LZ390 final_options=MAXGBL=100000
HELLO1    LZ390 final_options=MAXHEIGHT=600
HELLO1    LZ390 final_options=MAXLCL=100000
HELLO1    LZ390 final_options=MAXLEN=80
HELLO1    LZ390 final_options=MAXLINE=200000
HELLO1    LZ390 final_options=MAXLOG=1000000
HELLO1    LZ390 final_options=MAXPARM=10000
HELLO1    LZ390 final_options=MAXPASS=2
HELLO1    LZ390 final_options=MAXPC=50000
HELLO1    LZ390 final_options=MAXQUE=1000
HELLO1    LZ390 final_options=MAXRLD=10000
HELLO1    LZ390 final_options=MAXSIZE=52428800
HELLO1    LZ390 final_options=MAXSYM=50000
HELLO1    LZ390 final_options=MAXWARN=4
HELLO1    LZ390 final_options=MAXWIDTH=800
HELLO1    LZ390 final_options=MEM=1
HELLO1    LZ390 final_options=MINHEIGHT=150
HELLO1    LZ390 final_options=MINWIDTH=150
HELLO1    LZ390 final_options=PARM=
HELLO1    LZ390 final_options=PROFILE=
HELLO1    LZ390 final_options=STATS=W:\work\z390\guam\demo\HELLO1.STA
HELLO1    LZ390 final_options=SYSPARM=
HELLO1    LZ390 final_options=SYSTERM=W:\work\z390\guam\demo\HELLO1.ERR
HELLO1    LZ390 final_options=TESTDD=
HELLO1    LZ390 final_options=TIME=15
HELLO1    LZ390 final_options=TRACE=
HELLO1    LZ390 final_options=Z390ACROBAT=cmd.exe /c Start
HELLO1    LZ390 final_options=Z390BROWSER=cmd.exe /c Start
HELLO1    LZ390 final_options=Z390COMMAND=cmd.exe
HELLO1    LZ390 final_options=Z390EDITOR=notepad.exe
HELLO1    LZ390 final_options=INSTALL=
HELLO1    LZ390 final_options=IPL=
HELLO1    LZ390 final_options=LOG=
HELLO1    LZ390 final_options=SYS390=guam\demo\+linklib
HELLO1    LZ390 final_options=SYSBAL=guam\demo\
HELLO1    LZ390 final_options=SYSCPY=guam\demo\
HELLO1    LZ390 final_options=SYSDAT=guam\demo\
HELLO1    LZ390 final_options=SYSERR=guam\demo\
HELLO1    LZ390 final_options=SYSLOG=guam\demo\
HELLO1    LZ390 final_options=SYSLST=guam\demo\
HELLO1    LZ390 final_options=SYSMAC=guam\demo\
HELLO1    LZ390 final_options=SYSMLC=guam\demo\
HELLO1    LZ390 final_options=SYSPCH=guam\demo\
HELLO1    LZ390 final_options=SYSPRN=guam\demo\
HELLO1    LZ390 final_options=SYSOBJ=guam\demo\
HELLO1    LZ390 final_options=SYSOPT=guam\demo\
HELLO1    LZ390 final_options=SYSTRC=guam\demo\
HELLO1    LZ390 Stats total obj files = 1
HELLO1    LZ390 Stats total esds      = 1
HELLO1    LZ390 Stats total csects    = 1
HELLO1    LZ390 Stats total entries   = 0
HELLO1    LZ390 Stats missing wxtrn's = 0
HELLO1    LZ390 Stats Keys            = 1
HELLO1    LZ390 Stats Key searches    = 2
HELLO1    LZ390 Stats Key avg comps   = 0
HELLO1    LZ390 Stats Key max comps   = 1
HELLO1    LZ390 Stats total obj byte  = 83
HELLO1    LZ390 Stats total obj rlds  = 0
HELLO1    LZ390 total errors          = 0
HELLO1    LZ390 ENDED   RC= 0 MEM(MB)= MB IO=162
HELLO1    EZ390 START
HELLO1    EZ390 Copyright 2010 Automated Software Tools Corporation
HELLO1    EZ390 z390 is licensed under GNU General Public License
HELLO1    EZ390 program = guam\demo\HELLO1.390
HELLO1    EZ390 options = @rt\RT1=(bal notiming stats) guam
HELLO1    EZ390 final_options=ALIGN
HELLO1    EZ390 final_options=NOALLOW
HELLO1    EZ390 final_options=NOAMODE24
HELLO1    EZ390 final_options=AMODE31
HELLO1    EZ390 final_options=NOASCII
HELLO1    EZ390 final_options=ASM
HELLO1    EZ390 final_options=NOASSIST
HELLO1    EZ390 final_options=AUTOLINK
HELLO1    EZ390 final_options=BAL
HELLO1    EZ390 final_options=NOBS2000
HELLO1    EZ390 final_options=EDF
HELLO1    EZ390 final_options=NOCICS
HELLO1    EZ390 final_options=CODEPAGE(ISO-8859-1+IBM1047)
HELLO1    EZ390 final_options=COMMENT
HELLO1    EZ390 final_options=CON
HELLO1    EZ390 final_options=NODUMP
HELLO1    EZ390 final_options=EPILOG
HELLO1    EZ390 final_options=NOERRSUM
HELLO1    EZ390 final_options=EXTEND
HELLO1    EZ390 final_options=FLOAT(DECIMAL)
HELLO1    EZ390 final_options=GUAM
HELLO1    EZ390 final_options=INIT
HELLO1    EZ390 final_options=LIST
HELLO1    EZ390 final_options=LISTCALL
HELLO1    EZ390 final_options=LISTUSE
HELLO1    EZ390 final_options=LOADHIGH
HELLO1    EZ390 final_options=NOMCALL
HELLO1    EZ390 final_options=NOMOD
HELLO1    EZ390 final_options=OBJ
HELLO1    EZ390 final_options=NOOBJHEX
HELLO1    EZ390 final_options=PC
HELLO1    EZ390 final_options=PCOPT
HELLO1    EZ390 final_options=NOPRINTALL
HELLO1    EZ390 final_options=PROLOG
HELLO1    EZ390 final_options=PROTECT
HELLO1    EZ390 final_options=R64
HELLO1    EZ390 final_options=NOREFORMAT
HELLO1    EZ390 final_options=NOREGS
HELLO1    EZ390 final_options=RMODE24
HELLO1    EZ390 final_options=NORMODE31
HELLO1    EZ390 final_options=STATS
HELLO1    EZ390 final_options=NOTEST
HELLO1    EZ390 final_options=NOTIME
HELLO1    EZ390 final_options=NOTIMING
HELLO1    EZ390 final_options=NOTRACE
HELLO1    EZ390 final_options=NOTRACEA
HELLO1    EZ390 final_options=NOTRACEALL
HELLO1    EZ390 final_options=NOTRACEC
HELLO1    EZ390 final_options=NOTRACEG
HELLO1    EZ390 final_options=NOTRACEL
HELLO1    EZ390 final_options=NOTRACEM
HELLO1    EZ390 final_options=NOTRACEP
HELLO1    EZ390 final_options=NOTRACEQ
HELLO1    EZ390 final_options=NOTRACES
HELLO1    EZ390 final_options=NOTRACET
HELLO1    EZ390 final_options=NOTRACEV
HELLO1    EZ390 final_options=TRAP
HELLO1    EZ390 final_options=NOTRUNC
HELLO1    EZ390 final_options=NOTS
HELLO1    EZ390 final_options=VCB
HELLO1    EZ390 final_options=WARN
HELLO1    EZ390 final_options=XREF
HELLO1    EZ390 final_options=ZSTRMAC
HELLO1    EZ390 final_options=CHKMAC=0
HELLO1    EZ390 final_options=CHKSRC=1
HELLO1    EZ390 final_options=ERR=100
HELLO1    EZ390 final_options=MAXCALL=50
HELLO1    EZ390 final_options=MAXDISPLAY=80
HELLO1    EZ390 final_options=MAXESD=1000
HELLO1    EZ390 final_options=MAXFILE=1000
HELLO1    EZ390 final_options=MAXGBL=100000
HELLO1    EZ390 final_options=MAXHEIGHT=600
HELLO1    EZ390 final_options=MAXLCL=100000
HELLO1    EZ390 final_options=MAXLEN=80
HELLO1    EZ390 final_options=MAXLINE=200000
HELLO1    EZ390 final_options=MAXLOG=1000000
HELLO1    EZ390 final_options=MAXPARM=10000
HELLO1    EZ390 final_options=MAXPASS=2
HELLO1    EZ390 final_options=MAXPC=50000
HELLO1    EZ390 final_options=MAXQUE=1000
HELLO1    EZ390 final_options=MAXRLD=10000
HELLO1    EZ390 final_options=MAXSIZE=52428800
HELLO1    EZ390 final_options=MAXSYM=50000
HELLO1    EZ390 final_options=MAXWARN=4
HELLO1    EZ390 final_options=MAXWIDTH=800
HELLO1    EZ390 final_options=MEM=1
HELLO1    EZ390 final_options=MINHEIGHT=150
HELLO1    EZ390 final_options=MINWIDTH=150
HELLO1    EZ390 final_options=PARM=
HELLO1    EZ390 final_options=PROFILE=
HELLO1    EZ390 final_options=STATS=W:\work\z390\guam\demo\HELLO1.STA
HELLO1    EZ390 final_options=SYSPARM=
HELLO1    EZ390 final_options=SYSTERM=W:\work\z390\guam\demo\HELLO1.ERR
HELLO1    EZ390 final_options=TESTDD=
HELLO1    EZ390 final_options=TIME=15
HELLO1    EZ390 final_options=TRACE=
HELLO1    EZ390 final_options=Z390ACROBAT=cmd.exe /c Start
HELLO1    EZ390 final_options=Z390BROWSER=cmd.exe /c Start
HELLO1    EZ390 final_options=Z390COMMAND=cmd.exe
HELLO1    EZ390 final_options=Z390EDITOR=notepad.exe
HELLO1    EZ390 final_options=INSTALL=
HELLO1    EZ390 final_options=IPL=
HELLO1    EZ390 final_options=LOG=W:\work\z390\guam\demo\HELLO1.LOG
HELLO1    EZ390 final_options=SYS390=guam\demo\+linklib
HELLO1    EZ390 final_options=SYSBAL=guam\demo\
HELLO1    EZ390 final_options=SYSCPY=guam\demo\
HELLO1    EZ390 final_options=SYSDAT=guam\demo\
HELLO1    EZ390 final_options=SYSERR=guam\demo\
HELLO1    EZ390 final_options=SYSLOG=guam\demo\
HELLO1    EZ390 final_options=SYSLST=guam\demo\
HELLO1    EZ390 final_options=SYSMAC=guam\demo\
HELLO1    EZ390 final_options=SYSMLC=guam\demo\
HELLO1    EZ390 final_options=SYSPCH=guam\demo\
HELLO1    EZ390 final_options=SYSPRN=guam\demo\
HELLO1    EZ390 final_options=SYSOBJ=guam\demo\
HELLO1    EZ390 final_options=SYSOPT=guam\demo\
HELLO1    EZ390 final_options=SYSTRC=guam\demo\
HELLO1    EZ390 TCPIO operations      = 0
HELLO1    EZ390 DCB operations        = 0
HELLO1    EZ390 VSAM operations       = 0
HELLO1    EZ390 Keys                  = 2212
HELLO1    EZ390 Key searches          = 2
HELLO1    EZ390 Key avg comps         = 1
HELLO1    EZ390 Key max comps         = 1
HELLO1    EZ390 total errors          = 0
HELLO1    EZ390 ENDED   RC= 0 MEM(MB)= MB IO=148 INS=19
