HELLO3    MZ390 START
HELLO3    MZ390 Copyright 2010 Automated Software Tools Corporation
HELLO3    MZ390 z390 is licensed under GNU General Public License
HELLO3    MZ390 program = guam\demo\HELLO3.MLC
HELLO3    MZ390 options = sysmac(W:\work\z390\mac+.) 
  syscpy(W:\work\z390\mac+.) @rt\RT1=(bal notiming stats) guam
HELLO3    MZ390 final_options=ALIGN
HELLO3    MZ390 final_options=NOALLOW
HELLO3    MZ390 final_options=NOAMODE24
HELLO3    MZ390 final_options=AMODE31
HELLO3    MZ390 final_options=NOASCII
HELLO3    MZ390 final_options=ASM
HELLO3    MZ390 final_options=NOASSIST
HELLO3    MZ390 final_options=AUTOLINK
HELLO3    MZ390 final_options=BAL
HELLO3    MZ390 final_options=NOBS2000
HELLO3    MZ390 final_options=EDF
HELLO3    MZ390 final_options=NOCICS
HELLO3    MZ390 final_options=CODEPAGE(ISO-8859-1+IBM1047)
HELLO3    MZ390 final_options=COMMENT
HELLO3    MZ390 final_options=CON
HELLO3    MZ390 final_options=NODUMP
HELLO3    MZ390 final_options=EPILOG
HELLO3    MZ390 final_options=NOERRSUM
HELLO3    MZ390 final_options=EXTEND
HELLO3    MZ390 final_options=FLOAT(DECIMAL)
HELLO3    MZ390 final_options=GUAM
HELLO3    MZ390 final_options=INIT
HELLO3    MZ390 final_options=LIST
HELLO3    MZ390 final_options=LISTCALL
HELLO3    MZ390 final_options=LISTUSE
HELLO3    MZ390 final_options=LOADHIGH
HELLO3    MZ390 final_options=NOMCALL
HELLO3    MZ390 final_options=NOMOD
HELLO3    MZ390 final_options=OBJ
HELLO3    MZ390 final_options=NOOBJHEX
HELLO3    MZ390 final_options=PC
HELLO3    MZ390 final_options=PCOPT
HELLO3    MZ390 final_options=NOPRINTALL
HELLO3    MZ390 final_options=PROLOG
HELLO3    MZ390 final_options=PROTECT
HELLO3    MZ390 final_options=R64
HELLO3    MZ390 final_options=NOREFORMAT
HELLO3    MZ390 final_options=NOREGS
HELLO3    MZ390 final_options=RMODE24
HELLO3    MZ390 final_options=NORMODE31
HELLO3    MZ390 final_options=STATS
HELLO3    MZ390 final_options=NOTEST
HELLO3    MZ390 final_options=NOTIME
HELLO3    MZ390 final_options=NOTIMING
HELLO3    MZ390 final_options=NOTRACE
HELLO3    MZ390 final_options=NOTRACEA
HELLO3    MZ390 final_options=NOTRACEALL
HELLO3    MZ390 final_options=NOTRACEC
HELLO3    MZ390 final_options=NOTRACEG
HELLO3    MZ390 final_options=NOTRACEL
HELLO3    MZ390 final_options=NOTRACEM
HELLO3    MZ390 final_options=NOTRACEP
HELLO3    MZ390 final_options=NOTRACEQ
HELLO3    MZ390 final_options=NOTRACES
HELLO3    MZ390 final_options=NOTRACET
HELLO3    MZ390 final_options=NOTRACEV
HELLO3    MZ390 final_options=TRAP
HELLO3    MZ390 final_options=NOTRUNC
HELLO3    MZ390 final_options=NOTS
HELLO3    MZ390 final_options=VCB
HELLO3    MZ390 final_options=WARN
HELLO3    MZ390 final_options=XREF
HELLO3    MZ390 final_options=ZSTRMAC
HELLO3    MZ390 final_options=CHKMAC=0
HELLO3    MZ390 final_options=CHKSRC=1
HELLO3    MZ390 final_options=ERR=100
HELLO3    MZ390 final_options=MAXCALL=50
HELLO3    MZ390 final_options=MAXDISPLAY=80
HELLO3    MZ390 final_options=MAXESD=1000
HELLO3    MZ390 final_options=MAXFILE=1000
HELLO3    MZ390 final_options=MAXGBL=100000
HELLO3    MZ390 final_options=MAXHEIGHT=600
HELLO3    MZ390 final_options=MAXLCL=100000
HELLO3    MZ390 final_options=MAXLEN=80
HELLO3    MZ390 final_options=MAXLINE=200000
HELLO3    MZ390 final_options=MAXLOG=1000000
HELLO3    MZ390 final_options=MAXPARM=10000
HELLO3    MZ390 final_options=MAXPASS=2
HELLO3    MZ390 final_options=MAXPC=50000
HELLO3    MZ390 final_options=MAXQUE=1000
HELLO3    MZ390 final_options=MAXRLD=10000
HELLO3    MZ390 final_options=MAXSIZE=52428800
HELLO3    MZ390 final_options=MAXSYM=50000
HELLO3    MZ390 final_options=MAXWARN=4
HELLO3    MZ390 final_options=MAXWIDTH=800
HELLO3    MZ390 final_options=MEM=1
HELLO3    MZ390 final_options=MINHEIGHT=150
HELLO3    MZ390 final_options=MINWIDTH=150
HELLO3    MZ390 final_options=PARM=
HELLO3    MZ390 final_options=PROFILE=
HELLO3    MZ390 final_options=STATS=W:\work\z390\guam\demo\HELLO3.STA
HELLO3    MZ390 final_options=SYSPARM=
HELLO3    MZ390 final_options=SYSTERM=W:\work\z390\guam\demo\HELLO3.ERR
HELLO3    MZ390 final_options=TESTDD=
HELLO3    MZ390 final_options=TIME=15
HELLO3    MZ390 final_options=TRACE=
HELLO3    MZ390 final_options=Z390ACROBAT=cmd.exe /c Start
HELLO3    MZ390 final_options=Z390BROWSER=cmd.exe /c Start
HELLO3    MZ390 final_options=Z390COMMAND=cmd.exe
HELLO3    MZ390 final_options=Z390EDITOR=notepad.exe
HELLO3    MZ390 final_options=INSTALL=
HELLO3    MZ390 final_options=IPL=
HELLO3    MZ390 final_options=LOG=
HELLO3    MZ390 final_options=SYS390=guam\demo\+linklib
HELLO3    MZ390 final_options=SYSBAL=guam\demo\
HELLO3    MZ390 final_options=SYSCPY=W:\work\z390\mac+.
HELLO3    MZ390 final_options=SYSDAT=guam\demo\
HELLO3    MZ390 final_options=SYSERR=guam\demo\
HELLO3    MZ390 final_options=SYSLOG=guam\demo\
HELLO3    MZ390 final_options=SYSLST=guam\demo\
HELLO3    MZ390 final_options=SYSMAC=W:\work\z390\mac+.
HELLO3    MZ390 final_options=SYSMLC=guam\demo\
HELLO3    MZ390 final_options=SYSPCH=guam\demo\
HELLO3    MZ390 final_options=SYSPRN=guam\demo\
HELLO3    MZ390 final_options=SYSOBJ=guam\demo\
HELLO3    MZ390 final_options=SYSOPT=guam\demo\
HELLO3    MZ390 final_options=SYSTRC=guam\demo\
HELLO3    MZ390 total MLC/MAC loaded  = 193
HELLO3    MZ390 total BAL output lines= 65
HELLO3    MZ390 total BAL instructions= 16
HELLO3    MZ390 total macros          = 7
HELLO3    MZ390 total macro loads     = 7
HELLO3    MZ390 total macro calls     = 8
HELLO3    MZ390 total AENTRY blocks   = 0
HELLO3    MZ390 total ACALL  calls    = 0
HELLO3    MZ390 total AIF    blocks   = 0
HELLO3    MZ390 total ACASE  blocks   = 0
HELLO3    MZ390 total AWHILE calls    = 0
HELLO3    MZ390 total AUNTIL blocks   = 0
HELLO3    MZ390 total global set names= 46
HELLO3    MZ390 tot global seta cells = 0
HELLO3    MZ390 tot global setb cells = 7
HELLO3    MZ390 tot global setc cells = 39
HELLO3    MZ390 max local pos parms   = 4
HELLO3    MZ390 max local key parms   = 1
HELLO3    MZ390 max local set names   = 19
HELLO3    MZ390 max local seta cells  = 4
HELLO3    MZ390 max local setb cells  = 0
HELLO3    MZ390 max local setc cells  = 15
HELLO3    MZ390 total array expansions= 0
HELLO3    MZ390 total Keys            = 1398
HELLO3    MZ390 Key searches          = 2323
HELLO3    MZ390 Key avg comps         = 0
HELLO3    MZ390 Key max comps         = 3
HELLO3    MZ390 total macro line exec = 145
HELLO3    MZ390 total pcode line exec = 4
HELLO3    MZ390 total pcode line gen. = 62
HELLO3    MZ390 total pcode line reuse= 0
HELLO3    MZ390 total pcode op   gen. = 262
HELLO3    MZ390 total pcode op   exec = 10
HELLO3    MZ390 total pcode gen  opt  = 92
HELLO3    MZ390 total pcode exec opt  = 2
HELLO3    MZ390 FID=  1 ERR= 0 W:\work\z390\guam\demo\HELLO3.MLC
HELLO3    MZ390 FID=  2 ERR= 0 W:\work\z390\mac\SAVE.MAC
HELLO3    MZ390 FID=  3 ERR= 0 W:\work\z390\mac\STFSMODE.MAC
HELLO3    MZ390 FID=  4 ERR= 0 W:\work\z390\mac\STTMPMD.MAC
HELLO3    MZ390 FID=  5 ERR= 0 W:\work\z390\mac\TPUT.MAC
HELLO3    MZ390 FID=  6 ERR= 0 W:\work\z390\mac\TGET.MAC
HELLO3    MZ390 FID=  7 ERR= 0 W:\work\z390\mac\STLINENO.MAC
HELLO3    MZ390 total mnote warnings  = 0
HELLO3    MZ390 total mnote errors    = 0
HELLO3    MZ390 max   mnote level     = 0
HELLO3    MZ390 total mz390 errors    = 0
HELLO3    AZ390 BAL lines             = 65
HELLO3    AZ390 symbols               = 6
HELLO3    AZ390 Literals              = 2
HELLO3    AZ390 alloc passes          = 2
HELLO3    AZ390 Keys                  = 1189
HELLO3    AZ390 Key searches          = 1475
HELLO3    AZ390 Key avg comps         = 0
HELLO3    AZ390 Key max comps         = 3
HELLO3    AZ390 ESD symbols           = 1
HELLO3    AZ390 object bytes          = 91
HELLO3    AZ390 object rlds           = 0
HELLO3    AZ390 total mnote warnings  = 0
HELLO3    AZ390 total mnote errors    = 0
HELLO3    AZ390 max   mnote level     = 0
HELLO3    AZ390 total mz390 errors    = 0
HELLO3    AZ390 total az390 errors    = 0
HELLO3    MZ390 ENDED   RC= 0 MEM(MB)= MB IO=1194
HELLO3    LZ390 START
HELLO3    LZ390 Copyright 2010 Automated Software Tools Corporation
HELLO3    LZ390 z390 is licensed under GNU General Public License
HELLO3    LZ390 options = @rt\RT1=(bal notiming stats) guam
HELLO3    LZ390 program = guam\demo\HELLO3.OBJ
HELLO3    LZ390 final_options=ALIGN
HELLO3    LZ390 final_options=NOALLOW
HELLO3    LZ390 final_options=NOAMODE24
HELLO3    LZ390 final_options=AMODE31
HELLO3    LZ390 final_options=NOASCII
HELLO3    LZ390 final_options=ASM
HELLO3    LZ390 final_options=NOASSIST
HELLO3    LZ390 final_options=AUTOLINK
HELLO3    LZ390 final_options=BAL
HELLO3    LZ390 final_options=NOBS2000
HELLO3    LZ390 final_options=EDF
HELLO3    LZ390 final_options=NOCICS
HELLO3    LZ390 final_options=CODEPAGE(ISO-8859-1+IBM1047)
HELLO3    LZ390 final_options=COMMENT
HELLO3    LZ390 final_options=CON
HELLO3    LZ390 final_options=NODUMP
HELLO3    LZ390 final_options=EPILOG
HELLO3    LZ390 final_options=NOERRSUM
HELLO3    LZ390 final_options=EXTEND
HELLO3    LZ390 final_options=FLOAT(DECIMAL)
HELLO3    LZ390 final_options=GUAM
HELLO3    LZ390 final_options=INIT
HELLO3    LZ390 final_options=LIST
HELLO3    LZ390 final_options=LISTCALL
HELLO3    LZ390 final_options=LISTUSE
HELLO3    LZ390 final_options=LOADHIGH
HELLO3    LZ390 final_options=NOMCALL
HELLO3    LZ390 final_options=NOMOD
HELLO3    LZ390 final_options=OBJ
HELLO3    LZ390 final_options=NOOBJHEX
HELLO3    LZ390 final_options=PC
HELLO3    LZ390 final_options=PCOPT
HELLO3    LZ390 final_options=NOPRINTALL
HELLO3    LZ390 final_options=PROLOG
HELLO3    LZ390 final_options=PROTECT
HELLO3    LZ390 final_options=R64
HELLO3    LZ390 final_options=NOREFORMAT
HELLO3    LZ390 final_options=NOREGS
HELLO3    LZ390 final_options=RMODE24
HELLO3    LZ390 final_options=NORMODE31
HELLO3    LZ390 final_options=STATS
HELLO3    LZ390 final_options=NOTEST
HELLO3    LZ390 final_options=NOTIME
HELLO3    LZ390 final_options=NOTIMING
HELLO3    LZ390 final_options=NOTRACE
HELLO3    LZ390 final_options=NOTRACEA
HELLO3    LZ390 final_options=NOTRACEALL
HELLO3    LZ390 final_options=NOTRACEC
HELLO3    LZ390 final_options=NOTRACEG
HELLO3    LZ390 final_options=NOTRACEL
HELLO3    LZ390 final_options=NOTRACEM
HELLO3    LZ390 final_options=NOTRACEP
HELLO3    LZ390 final_options=NOTRACEQ
HELLO3    LZ390 final_options=NOTRACES
HELLO3    LZ390 final_options=NOTRACET
HELLO3    LZ390 final_options=NOTRACEV
HELLO3    LZ390 final_options=TRAP
HELLO3    LZ390 final_options=NOTRUNC
HELLO3    LZ390 final_options=NOTS
HELLO3    LZ390 final_options=VCB
HELLO3    LZ390 final_options=WARN
HELLO3    LZ390 final_options=XREF
HELLO3    LZ390 final_options=ZSTRMAC
HELLO3    LZ390 final_options=CHKMAC=0
HELLO3    LZ390 final_options=CHKSRC=1
HELLO3    LZ390 final_options=ERR=100
HELLO3    LZ390 final_options=MAXCALL=50
HELLO3    LZ390 final_options=MAXDISPLAY=80
HELLO3    LZ390 final_options=MAXESD=1000
HELLO3    LZ390 final_options=MAXFILE=1000
HELLO3    LZ390 final_options=MAXGBL=100000
HELLO3    LZ390 final_options=MAXHEIGHT=600
HELLO3    LZ390 final_options=MAXLCL=100000
HELLO3    LZ390 final_options=MAXLEN=80
HELLO3    LZ390 final_options=MAXLINE=200000
HELLO3    LZ390 final_options=MAXLOG=1000000
HELLO3    LZ390 final_options=MAXPARM=10000
HELLO3    LZ390 final_options=MAXPASS=2
HELLO3    LZ390 final_options=MAXPC=50000
HELLO3    LZ390 final_options=MAXQUE=1000
HELLO3    LZ390 final_options=MAXRLD=10000
HELLO3    LZ390 final_options=MAXSIZE=52428800
HELLO3    LZ390 final_options=MAXSYM=50000
HELLO3    LZ390 final_options=MAXWARN=4
HELLO3    LZ390 final_options=MAXWIDTH=800
HELLO3    LZ390 final_options=MEM=1
HELLO3    LZ390 final_options=MINHEIGHT=150
HELLO3    LZ390 final_options=MINWIDTH=150
HELLO3    LZ390 final_options=PARM=
HELLO3    LZ390 final_options=PROFILE=
HELLO3    LZ390 final_options=STATS=W:\work\z390\guam\demo\HELLO3.STA
HELLO3    LZ390 final_options=SYSPARM=
HELLO3    LZ390 final_options=SYSTERM=W:\work\z390\guam\demo\HELLO3.ERR
HELLO3    LZ390 final_options=TESTDD=
HELLO3    LZ390 final_options=TIME=15
HELLO3    LZ390 final_options=TRACE=
HELLO3    LZ390 final_options=Z390ACROBAT=cmd.exe /c Start
HELLO3    LZ390 final_options=Z390BROWSER=cmd.exe /c Start
HELLO3    LZ390 final_options=Z390COMMAND=cmd.exe
HELLO3    LZ390 final_options=Z390EDITOR=notepad.exe
HELLO3    LZ390 final_options=INSTALL=
HELLO3    LZ390 final_options=IPL=
HELLO3    LZ390 final_options=LOG=
HELLO3    LZ390 final_options=SYS390=guam\demo\+linklib
HELLO3    LZ390 final_options=SYSBAL=guam\demo\
HELLO3    LZ390 final_options=SYSCPY=guam\demo\
HELLO3    LZ390 final_options=SYSDAT=guam\demo\
HELLO3    LZ390 final_options=SYSERR=guam\demo\
HELLO3    LZ390 final_options=SYSLOG=guam\demo\
HELLO3    LZ390 final_options=SYSLST=guam\demo\
HELLO3    LZ390 final_options=SYSMAC=guam\demo\
HELLO3    LZ390 final_options=SYSMLC=guam\demo\
HELLO3    LZ390 final_options=SYSPCH=guam\demo\
HELLO3    LZ390 final_options=SYSPRN=guam\demo\
HELLO3    LZ390 final_options=SYSOBJ=guam\demo\
HELLO3    LZ390 final_options=SYSOPT=guam\demo\
HELLO3    LZ390 final_options=SYSTRC=guam\demo\
HELLO3    LZ390 Stats total obj files = 1
HELLO3    LZ390 Stats total esds      = 1
HELLO3    LZ390 Stats total csects    = 1
HELLO3    LZ390 Stats total entries   = 0
HELLO3    LZ390 Stats missing wxtrn's = 0
HELLO3    LZ390 Stats Keys            = 1
HELLO3    LZ390 Stats Key searches    = 2
HELLO3    LZ390 Stats Key avg comps   = 0
HELLO3    LZ390 Stats Key max comps   = 1
HELLO3    LZ390 Stats total obj byte  = 91
HELLO3    LZ390 Stats total obj rlds  = 0
HELLO3    LZ390 total errors          = 0
HELLO3    LZ390 ENDED   RC= 0 MEM(MB)= MB IO=162
HELLO3    EZ390 START
HELLO3    EZ390 Copyright 2010 Automated Software Tools Corporation
HELLO3    EZ390 z390 is licensed under GNU General Public License
HELLO3    EZ390 program = guam\demo\HELLO3.390
HELLO3    EZ390 options = @rt\RT1=(bal notiming stats) guam
HELLO3    EZ390 final_options=ALIGN
HELLO3    EZ390 final_options=NOALLOW
HELLO3    EZ390 final_options=NOAMODE24
HELLO3    EZ390 final_options=AMODE31
HELLO3    EZ390 final_options=NOASCII
HELLO3    EZ390 final_options=ASM
HELLO3    EZ390 final_options=NOASSIST
HELLO3    EZ390 final_options=AUTOLINK
HELLO3    EZ390 final_options=BAL
HELLO3    EZ390 final_options=NOBS2000
HELLO3    EZ390 final_options=EDF
HELLO3    EZ390 final_options=NOCICS
HELLO3    EZ390 final_options=CODEPAGE(ISO-8859-1+IBM1047)
HELLO3    EZ390 final_options=COMMENT
HELLO3    EZ390 final_options=CON
HELLO3    EZ390 final_options=NODUMP
HELLO3    EZ390 final_options=EPILOG
HELLO3    EZ390 final_options=NOERRSUM
HELLO3    EZ390 final_options=EXTEND
HELLO3    EZ390 final_options=FLOAT(DECIMAL)
HELLO3    EZ390 final_options=GUAM
HELLO3    EZ390 final_options=INIT
HELLO3    EZ390 final_options=LIST
HELLO3    EZ390 final_options=LISTCALL
HELLO3    EZ390 final_options=LISTUSE
HELLO3    EZ390 final_options=LOADHIGH
HELLO3    EZ390 final_options=NOMCALL
HELLO3    EZ390 final_options=NOMOD
HELLO3    EZ390 final_options=OBJ
HELLO3    EZ390 final_options=NOOBJHEX
HELLO3    EZ390 final_options=PC
HELLO3    EZ390 final_options=PCOPT
HELLO3    EZ390 final_options=NOPRINTALL
HELLO3    EZ390 final_options=PROLOG
HELLO3    EZ390 final_options=PROTECT
HELLO3    EZ390 final_options=R64
HELLO3    EZ390 final_options=NOREFORMAT
HELLO3    EZ390 final_options=NOREGS
HELLO3    EZ390 final_options=RMODE24
HELLO3    EZ390 final_options=NORMODE31
HELLO3    EZ390 final_options=STATS
HELLO3    EZ390 final_options=NOTEST
HELLO3    EZ390 final_options=NOTIME
HELLO3    EZ390 final_options=NOTIMING
HELLO3    EZ390 final_options=NOTRACE
HELLO3    EZ390 final_options=NOTRACEA
HELLO3    EZ390 final_options=NOTRACEALL
HELLO3    EZ390 final_options=NOTRACEC
HELLO3    EZ390 final_options=NOTRACEG
HELLO3    EZ390 final_options=NOTRACEL
HELLO3    EZ390 final_options=NOTRACEM
HELLO3    EZ390 final_options=NOTRACEP
HELLO3    EZ390 final_options=NOTRACEQ
HELLO3    EZ390 final_options=NOTRACES
HELLO3    EZ390 final_options=NOTRACET
HELLO3    EZ390 final_options=NOTRACEV
HELLO3    EZ390 final_options=TRAP
HELLO3    EZ390 final_options=NOTRUNC
HELLO3    EZ390 final_options=NOTS
HELLO3    EZ390 final_options=VCB
HELLO3    EZ390 final_options=WARN
HELLO3    EZ390 final_options=XREF
HELLO3    EZ390 final_options=ZSTRMAC
HELLO3    EZ390 final_options=CHKMAC=0
HELLO3    EZ390 final_options=CHKSRC=1
HELLO3    EZ390 final_options=ERR=100
HELLO3    EZ390 final_options=MAXCALL=50
HELLO3    EZ390 final_options=MAXDISPLAY=80
HELLO3    EZ390 final_options=MAXESD=1000
HELLO3    EZ390 final_options=MAXFILE=1000
HELLO3    EZ390 final_options=MAXGBL=100000
HELLO3    EZ390 final_options=MAXHEIGHT=600
HELLO3    EZ390 final_options=MAXLCL=100000
HELLO3    EZ390 final_options=MAXLEN=80
HELLO3    EZ390 final_options=MAXLINE=200000
HELLO3    EZ390 final_options=MAXLOG=1000000
HELLO3    EZ390 final_options=MAXPARM=10000
HELLO3    EZ390 final_options=MAXPASS=2
HELLO3    EZ390 final_options=MAXPC=50000
HELLO3    EZ390 final_options=MAXQUE=1000
HELLO3    EZ390 final_options=MAXRLD=10000
HELLO3    EZ390 final_options=MAXSIZE=52428800
HELLO3    EZ390 final_options=MAXSYM=50000
HELLO3    EZ390 final_options=MAXWARN=4
HELLO3    EZ390 final_options=MAXWIDTH=800
HELLO3    EZ390 final_options=MEM=1
HELLO3    EZ390 final_options=MINHEIGHT=150
HELLO3    EZ390 final_options=MINWIDTH=150
HELLO3    EZ390 final_options=PARM=
HELLO3    EZ390 final_options=PROFILE=
HELLO3    EZ390 final_options=STATS=W:\work\z390\guam\demo\HELLO3.STA
HELLO3    EZ390 final_options=SYSPARM=
HELLO3    EZ390 final_options=SYSTERM=W:\work\z390\guam\demo\HELLO3.ERR
HELLO3    EZ390 final_options=TESTDD=
HELLO3    EZ390 final_options=TIME=15
HELLO3    EZ390 final_options=TRACE=
HELLO3    EZ390 final_options=Z390ACROBAT=cmd.exe /c Start
HELLO3    EZ390 final_options=Z390BROWSER=cmd.exe /c Start
HELLO3    EZ390 final_options=Z390COMMAND=cmd.exe
HELLO3    EZ390 final_options=Z390EDITOR=notepad.exe
HELLO3    EZ390 final_options=INSTALL=
HELLO3    EZ390 final_options=IPL=
HELLO3    EZ390 final_options=LOG=W:\work\z390\guam\demo\HELLO3.LOG
HELLO3    EZ390 final_options=SYS390=guam\demo\+linklib
HELLO3    EZ390 final_options=SYSBAL=guam\demo\
HELLO3    EZ390 final_options=SYSCPY=guam\demo\
HELLO3    EZ390 final_options=SYSDAT=guam\demo\
HELLO3    EZ390 final_options=SYSERR=guam\demo\
HELLO3    EZ390 final_options=SYSLOG=guam\demo\
HELLO3    EZ390 final_options=SYSLST=guam\demo\
HELLO3    EZ390 final_options=SYSMAC=guam\demo\
HELLO3    EZ390 final_options=SYSMLC=guam\demo\
HELLO3    EZ390 final_options=SYSPCH=guam\demo\
HELLO3    EZ390 final_options=SYSPRN=guam\demo\
HELLO3    EZ390 final_options=SYSOBJ=guam\demo\
HELLO3    EZ390 final_options=SYSOPT=guam\demo\
HELLO3    EZ390 final_options=SYSTRC=guam\demo\
HELLO3    EZ390 TCPIO operations      = 0
HELLO3    EZ390 DCB operations        = 0
HELLO3    EZ390 VSAM operations       = 0
HELLO3    EZ390 Keys                  = 2212
HELLO3    EZ390 Key searches          = 2
HELLO3    EZ390 Key avg comps         = 1
HELLO3    EZ390 Key max comps         = 1
HELLO3    EZ390 total errors          = 0
HELLO3    EZ390 ENDED   RC= 0 MEM(MB)= MB IO=148 INS=19
