Comparing files MFACC\P12DSH2.STA and RT\MFACC\SAVE\P12DSH2.STA
***** MFACC\P12DSH2.STA
P12DSH2   MZ390 program = mfacc\P12DSH2.MLC
P12DSH2   MZ390 options = sysmac(C:\PROGRA~2\AUTOMA~1\z390\mac+.) 
  syscpy(C:\PROGRA~2\AUTOMA~1\z390\mac+.) @rt\RT1=(bal notiming stats) 
  systerm(mfacc\rtmfacc)
***** RT\MFACC\SAVE\P12DSH2.STA
P12DSH2   MZ390 program = mfacc\P12DSH2.MLC
P12DSH2   MZ390 options = W:\work\z390\z390.OPT=(time(60)) sysmac(W:\work\z390\mac+.) 
  syscpy(W:\work\z390\mac+.) @rt\RT1=(bal notiming stats) 
  systerm(mfacc\rtmfacc)
*****

***** MFACC\P12DSH2.STA
P12DSH2   MZ390 final_options=PROFILE=
P12DSH2   MZ390 final_options=STATS=C:\Program Files (x86)\Automated Software Tools\z390\mfacc\P12DSH2.STA
P12DSH2   MZ390 final_options=SYSPARM=
P12DSH2   MZ390 final options=SYSTERM=C:\Program Files (x86)\Automated Software Tools\z390\mfacc\rtmfacc.E
P12DSH2   MZ390 final_options=RR
P12DSH2   MZ390 final_options=TESTDD=
P12DSH2   MZ390 final_options=TIME=15
P12DSH2   MZ390 final_options=TRACE=
***** RT\MFACC\SAVE\P12DSH2.STA
P12DSH2   MZ390 final_options=PROFILE=
P12DSH2   MZ390 final_options=STATS=W:\work\z390\mfacc\P12DSH2.STA
P12DSH2   MZ390 final_options=SYSPARM=
P12DSH2   MZ390 final_options=SYSTERM=W:\work\z390\mfacc\rtmfacc.ERR
P12DSH2   MZ390 final_options=TESTDD=
P12DSH2   MZ390 final_options=TIME=60
P12DSH2   MZ390 final_options=TRACE=
*****

***** MFACC\P12DSH2.STA
P12DSH2   MZ390 final_options=SYSBAL=mfacc\
P12DSH2   MZ390 final_options=SYSCPY=C:\PROGRA~2\AUTOMA~1\z390\mac+.
P12DSH2   MZ390 final_options=SYSDAT=mfacc\
***** RT\MFACC\SAVE\P12DSH2.STA
P12DSH2   MZ390 final_options=SYSBAL=mfacc\
P12DSH2   MZ390 final_options=SYSCPY=W:\work\z390\mac+.
P12DSH2   MZ390 final_options=SYSDAT=mfacc\
*****

***** MFACC\P12DSH2.STA
P12DSH2   MZ390 final_options=SYSLST=mfacc\
P12DSH2   MZ390 final_options=SYSMAC=C:\PROGRA~2\AUTOMA~1\z390\mac+.
P12DSH2   MZ390 final_options=SYSMLC=mfacc\
***** RT\MFACC\SAVE\P12DSH2.STA
P12DSH2   MZ390 final_options=SYSLST=mfacc\
P12DSH2   MZ390 final_options=SYSMAC=W:\work\z390\mac+.
P12DSH2   MZ390 final_options=SYSMLC=mfacc\
*****

***** MFACC\P12DSH2.STA
P12DSH2   MZ390 total pcode exec opt  = 8
P12DSH2   MZ390 FID=  1 ERR= 0 C:\Program Files (x86)\Automated Software Tools\z390\mfacc\P12DSH2.MLC
P12DSH2   MZ390 FID=  2 ERR= 0 C:\PROGRA~2\AUTOMA~1\z390\mac\ASMMSP.CPY
P12DSH2   MZ390 FID=  3 ERR= 0 C:\PROGRA~2\AUTOMA~1\z390\mac\ZSTRMAC.CPY
P12DSH2   MZ390 FID=  4 ERR= 0 C:\PROGRA~2\AUTOMA~1\z390\mac\ZMFACC.MAC
P12DSH2   MZ390 FID=  5 ERR= 0 C:\PROGRA~2\AUTOMA~1\z390\mac\WTO.MAC
P12DSH2   MZ390 FID=  6 ERR= 0 C:\PROGRA~2\AUTOMA~1\z390\mac\SNAP.MAC
P12DSH2   MZ390 FID=  7 ERR= 0 C:\PROGRA~2\AUTOMA~1\z390\mac\CALL.MAC
P12DSH2   MZ390 FID=  8 ERR= 0 C:\PROGRA~2\AUTOMA~1\z390\mac\ZCALL.MAC
P12DSH2   MZ390 FID=  9 ERR= 0 C:\PROGRA~2\AUTOMA~1\z390\mac\CTD.MAC
P12DSH2   MZ390 FID= 10 ERR= 0 C:\PROGRA~2\AUTOMA~1\z390\mac\SAVE.MAC
P12DSH2   MZ390 FID= 11 ERR= 0 C:\PROGRA~2\AUTOMA~1\z390\mac\IF.MAC
P12DSH2   MZ390 FID= 12 ERR= 0 C:\PROGRA~2\AUTOMA~1\z390\mac\ZSTRGBL.CPY
P12DSH2   MZ390 FID= 13 ERR= 0 C:\PROGRA~2\AUTOMA~1\z390\mac\ZSTREQU.MAC
P12DSH2   MZ390 FID= 14 ERR= 0 C:\PROGRA~2\AUTOMA~1\z390\mac\RETURN.MAC
P12DSH2   MZ390 FID= 15 ERR= 0 C:\PROGRA~2\AUTOMA~1\z390\mac\ZRETURN.MAC
P12DSH2   MZ390 FID= 16 ERR= 0 C:\PROGRA~2\AUTOMA~1\z390\mac\RESTORE.MAC
P12DSH2   MZ390 FID= 17 ERR= 0 C:\PROGRA~2\AUTOMA~1\z390\mac\ENDIF.MAC
P12DSH2   MZ390 FID= 18 ERR= 0 C:\PROGRA~2\AUTOMA~1\z390\mac\DO.MAC
P12DSH2   MZ390 FID= 19 ERR= 0 C:\PROGRA~2\AUTOMA~1\z390\mac\ENDDO.MAC
P12DSH2   MZ390 total mnote warnings  = 1
***** RT\MFACC\SAVE\P12DSH2.STA
P12DSH2   MZ390 total pcode exec opt  = 8
P12DSH2   MZ390 FID=  1 ERR= 0 W:\work\z390\mfacc\P12DSH2.MLC
P12DSH2   MZ390 FID=  2 ERR= 0 W:\work\z390\mac\ASMMSP.CPY
P12DSH2   MZ390 FID=  3 ERR= 0 W:\work\z390\mac\ZSTRMAC.CPY
P12DSH2   MZ390 FID=  4 ERR= 0 W:\work\z390\mac\ZMFACC.MAC
P12DSH2   MZ390 FID=  5 ERR= 0 W:\work\z390\mac\WTO.MAC
P12DSH2   MZ390 FID=  6 ERR= 0 W:\work\z390\mac\SNAP.MAC
P12DSH2   MZ390 FID=  7 ERR= 0 W:\work\z390\mac\CALL.MAC
P12DSH2   MZ390 FID=  8 ERR= 0 W:\work\z390\mac\ZCALL.MAC
P12DSH2   MZ390 FID=  9 ERR= 0 W:\work\z390\mac\CTD.MAC
P12DSH2   MZ390 FID= 10 ERR= 0 W:\work\z390\mac\SAVE.MAC
P12DSH2   MZ390 FID= 11 ERR= 0 W:\work\z390\mac\IF.MAC
P12DSH2   MZ390 FID= 12 ERR= 0 W:\work\z390\mac\ZSTRGBL.CPY
P12DSH2   MZ390 FID= 13 ERR= 0 W:\work\z390\mac\ZSTREQU.MAC
P12DSH2   MZ390 FID= 14 ERR= 0 W:\work\z390\mac\RETURN.MAC
P12DSH2   MZ390 FID= 15 ERR= 0 W:\work\z390\mac\ZRETURN.MAC
P12DSH2   MZ390 FID= 16 ERR= 0 W:\work\z390\mac\RESTORE.MAC
P12DSH2   MZ390 FID= 17 ERR= 0 W:\work\z390\mac\ENDIF.MAC
P12DSH2   MZ390 FID= 18 ERR= 0 W:\work\z390\mac\DO.MAC
P12DSH2   MZ390 FID= 19 ERR= 0 W:\work\z390\mac\ENDDO.MAC
P12DSH2   MZ390 total mnote warnings  = 1
*****

***** MFACC\P12DSH2.STA
P12DSH2   AZ390 total az390 errors    = 0
P12DSH2   MZ390 ENDED   RC= 4 MEM(MB)= MB IO=4406
P12DSH2   LZ390 START
***** RT\MFACC\SAVE\P12DSH2.STA
P12DSH2   AZ390 total az390 errors    = 0
P12DSH2   MZ390 ENDED   RC= 4 MEM(MB)= MB IO=4405
P12DSH2   LZ390 START
*****

***** MFACC\P12DSH2.STA
P12DSH2   LZ390 z390 is licensed under GNU General Public License
P12DSH2   LZ390 options = @rt\RT1=(bal notiming stats) 
  systerm(mfacc\rtmfacc)
***** RT\MFACC\SAVE\P12DSH2.STA
P12DSH2   LZ390 z390 is licensed under GNU General Public License
P12DSH2   LZ390 options = W:\work\z390\z390.OPT=(time(60)) @rt\RT1=(bal notiming stats) 
  systerm(mfacc\rtmfacc)
*****

***** MFACC\P12DSH2.STA
P12DSH2   LZ390 final_options=PROFILE=
P12DSH2   LZ390 final_options=STATS=C:\Program Files (x86)\Automated Software Tools\z390\mfacc\P12DSH2.STA
P12DSH2   LZ390 final_options=SYSPARM=
P12DSH2   LZ390 final options=SYSTERM=C:\Program Files (x86)\Automated Software Tools\z390\mfacc\rtmfacc.E
P12DSH2   LZ390 final_options=RR
P12DSH2   LZ390 final_options=TESTDD=
P12DSH2   LZ390 final_options=TIME=15
P12DSH2   LZ390 final_options=TRACE=
***** RT\MFACC\SAVE\P12DSH2.STA
P12DSH2   LZ390 final_options=PROFILE=
P12DSH2   LZ390 final_options=STATS=W:\work\z390\mfacc\P12DSH2.STA
P12DSH2   LZ390 final_options=SYSPARM=
P12DSH2   LZ390 final_options=SYSTERM=W:\work\z390\mfacc\rtmfacc.ERR
P12DSH2   LZ390 final_options=TESTDD=
P12DSH2   LZ390 final_options=TIME=60
P12DSH2   LZ390 final_options=TRACE=
*****

***** MFACC\P12DSH2.STA
P12DSH2   LZ390 total errors          = 0
P12DSH2   LZ390 ENDED   RC= 0 MEM(MB)= MB IO=311
P12DSH2   EZ390 START
***** RT\MFACC\SAVE\P12DSH2.STA
P12DSH2   LZ390 total errors          = 0
P12DSH2   LZ390 ENDED   RC= 0 MEM(MB)= MB IO=310
P12DSH2   EZ390 START
*****

***** MFACC\P12DSH2.STA
P12DSH2   EZ390 program = mfacc\P12DSH2.390
P12DSH2   EZ390 options = @rt\RT1=(bal notiming stats) 
  systerm(mfacc\rtmfacc)
***** RT\MFACC\SAVE\P12DSH2.STA
P12DSH2   EZ390 program = mfacc\P12DSH2.390
P12DSH2   EZ390 options = W:\work\z390\z390.OPT=(time(60)) @rt\RT1=(bal notiming stats) 
  systerm(mfacc\rtmfacc)
*****

***** MFACC\P12DSH2.STA
P12DSH2   EZ390 final_options=PROFILE=
P12DSH2   EZ390 final_options=STATS=C:\Program Files (x86)\Automated Software Tools\z390\mfacc\P12DSH2.STA
P12DSH2   EZ390 final_options=SYSPARM=
P12DSH2   EZ390 final options=SYSTERM=C:\Program Files (x86)\Automated Software Tools\z390\mfacc\rtmfacc.E
P12DSH2   EZ390 final_options=RR
P12DSH2   EZ390 final_options=TESTDD=
P12DSH2   EZ390 final_options=TIME=15
P12DSH2   EZ390 final_options=TRACE=
***** RT\MFACC\SAVE\P12DSH2.STA
P12DSH2   EZ390 final_options=PROFILE=
P12DSH2   EZ390 final_options=STATS=W:\work\z390\mfacc\P12DSH2.STA
P12DSH2   EZ390 final_options=SYSPARM=
P12DSH2   EZ390 final_options=SYSTERM=W:\work\z390\mfacc\rtmfacc.ERR
P12DSH2   EZ390 final_options=TESTDD=
P12DSH2   EZ390 final_options=TIME=60
P12DSH2   EZ390 final_options=TRACE=
*****

***** MFACC\P12DSH2.STA
P12DSH2   EZ390 final_options=IPL=
P12DSH2   EZ390 final_options=LOG=C:\Program Files (x86)\Automated Software Tools\z390\mfacc\P12DSH2.LOG
P12DSH2   EZ390 final_options=SYS390=mfacc\+linklib
***** RT\MFACC\SAVE\P12DSH2.STA
P12DSH2   EZ390 final_options=IPL=
P12DSH2   EZ390 final_options=LOG=W:\work\z390\mfacc\P12DSH2.LOG
P12DSH2   EZ390 final_options=SYS390=mfacc\+linklib
*****

***** MFACC\P12DSH2.STA
P12DSH2   EZ390 total errors          = 0
P12DSH2   EZ390 ENDED   RC= 0 MEM(MB)= MB IO=184 INS=139
***** RT\MFACC\SAVE\P12DSH2.STA
P12DSH2   EZ390 total errors          = 0
P12DSH2   EZ390 ENDED   RC= 0 MEM(MB)= MB IO=183 INS=139
*****

