Comparing files MFACC\P3LKM1.STA and RT\MFACC\SAVE\P3LKM1.STA
***** MFACC\P3LKM1.STA
P3LKM1    MZ390 program = mfacc\P3LKM1.MLC
P3LKM1    MZ390 options = sysmac(C:\PROGRA~2\AUTOMA~1\z390\mac+.) 
  syscpy(C:\PROGRA~2\AUTOMA~1\z390\mac+.) @rt\RT1=(bal notiming stats) 
  systerm(mfacc\rtmfacc)
***** RT\MFACC\SAVE\P3LKM1.STA
P3LKM1    MZ390 program = mfacc\P3LKM1.MLC
P3LKM1    MZ390 options = W:\work\z390\z390.OPT=(time(60)) sysmac(W:\work\z390\mac+.) 
  syscpy(W:\work\z390\mac+.) @rt\RT1=(bal notiming stats) 
  systerm(mfacc\rtmfacc)
*****

***** MFACC\P3LKM1.STA
P3LKM1    MZ390 final_options=PROFILE=
P3LKM1    MZ390 final_options=STATS=C:\Program Files (x86)\Automated Software Tools\z390\mfacc\P3LKM1.STA
P3LKM1    MZ390 final_options=SYSPARM=
P3LKM1    MZ390 final options=SYSTERM=C:\Program Files (x86)\Automated Software Tools\z390\mfacc\rtmfacc.E
P3LKM1    MZ390 final_options=RR
P3LKM1    MZ390 final_options=TESTDD=
P3LKM1    MZ390 final_options=TIME=15
P3LKM1    MZ390 final_options=TRACE=
***** RT\MFACC\SAVE\P3LKM1.STA
P3LKM1    MZ390 final_options=PROFILE=
P3LKM1    MZ390 final_options=STATS=W:\work\z390\mfacc\P3LKM1.STA
P3LKM1    MZ390 final_options=SYSPARM=
P3LKM1    MZ390 final_options=SYSTERM=W:\work\z390\mfacc\rtmfacc.ERR
P3LKM1    MZ390 final_options=TESTDD=
P3LKM1    MZ390 final_options=TIME=60
P3LKM1    MZ390 final_options=TRACE=
*****

***** MFACC\P3LKM1.STA
P3LKM1    MZ390 final_options=SYSBAL=mfacc\
P3LKM1    MZ390 final_options=SYSCPY=C:\PROGRA~2\AUTOMA~1\z390\mac+.
P3LKM1    MZ390 final_options=SYSDAT=mfacc\
***** RT\MFACC\SAVE\P3LKM1.STA
P3LKM1    MZ390 final_options=SYSBAL=mfacc\
P3LKM1    MZ390 final_options=SYSCPY=W:\work\z390\mac+.
P3LKM1    MZ390 final_options=SYSDAT=mfacc\
*****

***** MFACC\P3LKM1.STA
P3LKM1    MZ390 final_options=SYSLST=mfacc\
P3LKM1    MZ390 final_options=SYSMAC=C:\PROGRA~2\AUTOMA~1\z390\mac+.
P3LKM1    MZ390 final_options=SYSMLC=mfacc\
***** RT\MFACC\SAVE\P3LKM1.STA
P3LKM1    MZ390 final_options=SYSLST=mfacc\
P3LKM1    MZ390 final_options=SYSMAC=W:\work\z390\mac+.
P3LKM1    MZ390 final_options=SYSMLC=mfacc\
*****

***** MFACC\P3LKM1.STA
P3LKM1    MZ390 total pcode exec opt  = 0
P3LKM1    MZ390 FID=  1 ERR= 0 C:\Program Files (x86)\Automated Software Tools\z390\mfacc\P3LKM1.MLC
P3LKM1    MZ390 FID=  2 ERR= 0 C:\PROGRA~2\AUTOMA~1\z390\mac\ZMFACC.MAC
P3LKM1    MZ390 FID=  3 ERR= 0 C:\PROGRA~2\AUTOMA~1\z390\mac\WTO.MAC
P3LKM1    MZ390 FID=  4 ERR= 0 C:\PROGRA~2\AUTOMA~1\z390\mac\SNAP.MAC
P3LKM1    MZ390 total mnote warnings  = 1
***** RT\MFACC\SAVE\P3LKM1.STA
P3LKM1    MZ390 total pcode exec opt  = 0
P3LKM1    MZ390 FID=  1 ERR= 0 W:\work\z390\mfacc\P3LKM1.MLC
P3LKM1    MZ390 FID=  2 ERR= 0 W:\work\z390\mac\ZMFACC.MAC
P3LKM1    MZ390 FID=  3 ERR= 0 W:\work\z390\mac\WTO.MAC
P3LKM1    MZ390 FID=  4 ERR= 0 W:\work\z390\mac\SNAP.MAC
P3LKM1    MZ390 total mnote warnings  = 1
*****

***** MFACC\P3LKM1.STA
P3LKM1    AZ390 total az390 errors    = 0
P3LKM1    MZ390 ENDED   RC= 4 MEM(MB)= MB IO=2008
P3LKM1    LZ390 START
***** RT\MFACC\SAVE\P3LKM1.STA
P3LKM1    AZ390 total az390 errors    = 0
P3LKM1    MZ390 ENDED   RC= 4 MEM(MB)= MB IO=2007
P3LKM1    LZ390 START
*****

***** MFACC\P3LKM1.STA
P3LKM1    LZ390 z390 is licensed under GNU General Public License
P3LKM1    LZ390 options = @rt\RT1=(bal notiming stats) 
  systerm(mfacc\rtmfacc)
***** RT\MFACC\SAVE\P3LKM1.STA
P3LKM1    LZ390 z390 is licensed under GNU General Public License
P3LKM1    LZ390 options = W:\work\z390\z390.OPT=(time(60)) @rt\RT1=(bal notiming stats) 
  systerm(mfacc\rtmfacc)
*****

***** MFACC\P3LKM1.STA
P3LKM1    LZ390 final_options=PROFILE=
P3LKM1    LZ390 final_options=STATS=C:\Program Files (x86)\Automated Software Tools\z390\mfacc\P3LKM1.STA
P3LKM1    LZ390 final_options=SYSPARM=
P3LKM1    LZ390 final options=SYSTERM=C:\Program Files (x86)\Automated Software Tools\z390\mfacc\rtmfacc.E
P3LKM1    LZ390 final_options=RR
P3LKM1    LZ390 final_options=TESTDD=
P3LKM1    LZ390 final_options=TIME=15
P3LKM1    LZ390 final_options=TRACE=
***** RT\MFACC\SAVE\P3LKM1.STA
P3LKM1    LZ390 final_options=PROFILE=
P3LKM1    LZ390 final_options=STATS=W:\work\z390\mfacc\P3LKM1.STA
P3LKM1    LZ390 final_options=SYSPARM=
P3LKM1    LZ390 final_options=SYSTERM=W:\work\z390\mfacc\rtmfacc.ERR
P3LKM1    LZ390 final_options=TESTDD=
P3LKM1    LZ390 final_options=TIME=60
P3LKM1    LZ390 final_options=TRACE=
*****

***** MFACC\P3LKM1.STA
P3LKM1    LZ390 total errors          = 0
P3LKM1    LZ390 ENDED   RC= 0 MEM(MB)= MB IO=240
P3LKM1    EZ390 START
***** RT\MFACC\SAVE\P3LKM1.STA
P3LKM1    LZ390 total errors          = 0
P3LKM1    LZ390 ENDED   RC= 0 MEM(MB)= MB IO=239
P3LKM1    EZ390 START
*****

***** MFACC\P3LKM1.STA
P3LKM1    EZ390 program = mfacc\P3LKM1.390
P3LKM1    EZ390 options = @rt\RT1=(bal notiming stats) 
  systerm(mfacc\rtmfacc)
***** RT\MFACC\SAVE\P3LKM1.STA
P3LKM1    EZ390 program = mfacc\P3LKM1.390
P3LKM1    EZ390 options = W:\work\z390\z390.OPT=(time(60)) @rt\RT1=(bal notiming stats) 
  systerm(mfacc\rtmfacc)
*****

***** MFACC\P3LKM1.STA
P3LKM1    EZ390 final_options=PROFILE=
P3LKM1    EZ390 final_options=STATS=C:\Program Files (x86)\Automated Software Tools\z390\mfacc\P3LKM1.STA
P3LKM1    EZ390 final_options=SYSPARM=
P3LKM1    EZ390 final options=SYSTERM=C:\Program Files (x86)\Automated Software Tools\z390\mfacc\rtmfacc.E
P3LKM1    EZ390 final_options=RR
P3LKM1    EZ390 final_options=TESTDD=
P3LKM1    EZ390 final_options=TIME=15
P3LKM1    EZ390 final_options=TRACE=
***** RT\MFACC\SAVE\P3LKM1.STA
P3LKM1    EZ390 final_options=PROFILE=
P3LKM1    EZ390 final_options=STATS=W:\work\z390\mfacc\P3LKM1.STA
P3LKM1    EZ390 final_options=SYSPARM=
P3LKM1    EZ390 final_options=SYSTERM=W:\work\z390\mfacc\rtmfacc.ERR
P3LKM1    EZ390 final_options=TESTDD=
P3LKM1    EZ390 final_options=TIME=60
P3LKM1    EZ390 final_options=TRACE=
*****

***** MFACC\P3LKM1.STA
P3LKM1    EZ390 final_options=IPL=
P3LKM1    EZ390 final_options=LOG=C:\Program Files (x86)\Automated Software Tools\z390\mfacc\P3LKM1.LOG
P3LKM1    EZ390 final_options=SYS390=mfacc\+linklib
***** RT\MFACC\SAVE\P3LKM1.STA
P3LKM1    EZ390 final_options=IPL=
P3LKM1    EZ390 final_options=LOG=W:\work\z390\mfacc\P3LKM1.LOG
P3LKM1    EZ390 final_options=SYS390=mfacc\+linklib
*****

***** MFACC\P3LKM1.STA
P3LKM1    EZ390 total errors          = 0
P3LKM1    EZ390 ENDED   RC= 0 MEM(MB)= MB IO=166 INS=88
***** RT\MFACC\SAVE\P3LKM1.STA
P3LKM1    EZ390 total errors          = 0
P3LKM1    EZ390 ENDED   RC= 0 MEM(MB)= MB IO=165 INS=88
*****

