solp06    MZ390 START
solp06    MZ390 Copyright 2011 Automated Software Tools Corporation
solp06    MZ390 z390 is licensed under GNU General Public License
solp06    MZ390 program = assist\solp06.MLC
solp06    MZ390 options = sysmac(C:\PROGRA~2\AUTOMA~1\z390\mac+.) 
  syscpy(C:\PROGRA~2\AUTOMA~1\z390\mac+.) assist notiming stats 
  systerm(assist\rtast)
solp06    MZ390 final_options=ALIGN
solp06    MZ390 final_options=NOALLOW
solp06    MZ390 final_options=NOAMODE24
solp06    MZ390 final_options=AMODE31
solp06    MZ390 final_options=NOASCII
solp06    MZ390 final_options=ASM
solp06    MZ390 final_options=ASSIST
solp06    MZ390 final_options=AUTOLINK
solp06    MZ390 final_options=NOBAL
solp06    MZ390 final_options=NOBS2000
solp06    MZ390 final_options=EDF
solp06    MZ390 final_options=NOCICS
solp06    MZ390 final_options=CODEPAGE(ISO-8859-1+IBM1047)
solp06    MZ390 final_options=COMMENT
solp06    MZ390 final_options=CON
solp06    MZ390 final_options=NODUMP
solp06    MZ390 final_options=EPILOG
solp06    MZ390 final_options=NOERRSUM
solp06    MZ390 final_options=EXTEND
solp06    MZ390 final_options=FLOAT(DECIMAL)
solp06    MZ390 final_options=NOGUAM
solp06    MZ390 final_options=INIT
solp06    MZ390 final_options=LIST
solp06    MZ390 final_options=LISTCALL
solp06    MZ390 final_options=LISTUSE
solp06    MZ390 final_options=NOLOADHIGH
solp06    MZ390 final_options=NOMCALL
solp06    MZ390 final_options=NOMOD
solp06    MZ390 final_options=OBJ
solp06    MZ390 final_options=NOOBJHEX
solp06    MZ390 final_options=PC
solp06    MZ390 final_options=PCOPT
solp06    MZ390 final_options=NOPDSMEM8
solp06    MZ390 final_options=NOPRINTALL
solp06    MZ390 final_options=PROLOG
solp06    MZ390 final_options=PROTECT
solp06    MZ390 final_options=R64
solp06    MZ390 final_options=NOREFORMAT
solp06    MZ390 final_options=NOREGS
solp06    MZ390 final_options=RMODE24
solp06    MZ390 final_options=NORMODE31
solp06    MZ390 final_options=STATS
solp06    MZ390 final_options=NOTEST
solp06    MZ390 final_options=THREAD
solp06    MZ390 final_options=NOTIME
solp06    MZ390 final_options=NOTIMING
solp06    MZ390 final_options=NOTRACE
solp06    MZ390 final_options=NOTRACEA
solp06    MZ390 final_options=NOTRACEALL
solp06    MZ390 final_options=NOTRACEC
solp06    MZ390 final_options=NOTRACEG
solp06    MZ390 final_options=NOTRACEI
solp06    MZ390 final_options=NOTRACEL
solp06    MZ390 final_options=NOTRACEM
solp06    MZ390 final_options=NOTRACEP
solp06    MZ390 final_options=NOTRACEQ
solp06    MZ390 final_options=NOTRACES
solp06    MZ390 final_options=NOTRACET
solp06    MZ390 final_options=NOTRACEV
solp06    MZ390 final_options=TRAP
solp06    MZ390 final_options=NOTRUNC
solp06    MZ390 final_options=NOTS
solp06    MZ390 final_options=VCB
solp06    MZ390 final_options=WARN
solp06    MZ390 final_options=XREF
solp06    MZ390 final_options=ZSTRMAC
solp06    MZ390 final_options=CHKMAC=0
solp06    MZ390 final_options=CHKSRC=1
solp06    MZ390 final_options=ERR=100
solp06    MZ390 final_options=MAXCALL=50
solp06    MZ390 final_options=MAXDISPLAY=80
solp06    MZ390 final_options=MAXESD=1000
solp06    MZ390 final_options=MAXFILE=1000
solp06    MZ390 final_options=MAXGBL=100000
solp06    MZ390 final_options=MAXHEIGHT=600
solp06    MZ390 final_options=MAXLCL=100000
solp06    MZ390 final_options=MAXLEN=80
solp06    MZ390 final_options=MAXLINE=200000
solp06    MZ390 final_options=MAXLOG=1000000
solp06    MZ390 final_options=MAXPARM=10000
solp06    MZ390 final_options=MAXPASS=2
solp06    MZ390 final_options=MAXPC=50000
solp06    MZ390 final_options=MAXQUE=1000
solp06    MZ390 final_options=MAXRLD=10000
solp06    MZ390 final_options=MAXSIZE=52428800
solp06    MZ390 final_options=MAXSYM=50000
solp06    MZ390 final_options=MAXWARN=4
solp06    MZ390 final_options=MAXWIDTH=800
solp06    MZ390 final_options=MEM=1
solp06    MZ390 final_options=MINHEIGHT=150
solp06    MZ390 final_options=MINWIDTH=150
solp06    MZ390 final_options=MNOTE=0
solp06    MZ390 final_options=PARM=
solp06    MZ390 final_options=PROFILE=
solp06    MZ390 final_options=STATS=C:\Program Files (x86)\Automated Software Tools\z390\assist\solp06.STA
solp06    MZ390 final_options=SYSPARM=
solp06    MZ390 final options=SYSTERM=C:\Program Files (x86)\Automated Software Tools\z390\assist\rtast.ER
solp06    MZ390 final_options=R
solp06    MZ390 final_options=TESTDD=
solp06    MZ390 final_options=TIME=15
solp06    MZ390 final_options=TRACE=
solp06    MZ390 final_options=Z390ACROBAT=cmd.exe /c Start
solp06    MZ390 final_options=Z390BROWSER=cmd.exe /c Start
solp06    MZ390 final_options=Z390COMMAND=cmd.exe
solp06    MZ390 final_options=Z390EDITOR=notepad.exe
solp06    MZ390 final_options=INSTALL=
solp06    MZ390 final_options=IPL=
solp06    MZ390 final_options=LOG=
solp06    MZ390 final_options=SYS390=assist\+linklib
solp06    MZ390 final_options=SYSBAL=assist\
solp06    MZ390 final_options=SYSCPY=C:\PROGRA~2\AUTOMA~1\z390\mac+.
solp06    MZ390 final_options=SYSDAT=assist\
solp06    MZ390 final_options=SYSERR=assist\
solp06    MZ390 final_options=SYSLOG=assist\
solp06    MZ390 final_options=SYSLST=assist\
solp06    MZ390 final_options=SYSMAC=C:\PROGRA~2\AUTOMA~1\z390\mac+.
solp06    MZ390 final_options=SYSMLC=assist\
solp06    MZ390 final_options=SYSPCH=assist\
solp06    MZ390 final_options=SYSPRN=assist\
solp06    MZ390 final_options=SYSOBJ=assist\
solp06    MZ390 final_options=SYSOPT=assist\
solp06    MZ390 final_options=SYSTRC=assist\
solp06    MZ390 total MLC/MAC loaded  = 1005
solp06    MZ390 total BAL output lines= 1004
solp06    MZ390 total BAL instructions= 38
solp06    MZ390 total macros          = 1
solp06    MZ390 total macro loads     = 1
solp06    MZ390 total macro calls     = 0
solp06    MZ390 total AENTRY blocks   = 0
solp06    MZ390 total ACALL  calls    = 0
solp06    MZ390 total AIF    blocks   = 0
solp06    MZ390 total ACASE  blocks   = 0
solp06    MZ390 total AWHILE calls    = 0
solp06    MZ390 total AUNTIL blocks   = 0
solp06    MZ390 total global set names= 46
solp06    MZ390 tot global seta cells = 0
solp06    MZ390 tot global setb cells = 7
solp06    MZ390 tot global setc cells = 39
solp06    MZ390 max local pos parms   = 0
solp06    MZ390 max local key parms   = 0
solp06    MZ390 max local set names   = 5
solp06    MZ390 max local seta cells  = 1
solp06    MZ390 max local setb cells  = 0
solp06    MZ390 max local setc cells  = 4
solp06    MZ390 total array expansions= 0
solp06    MZ390 total Keys            = 1420
solp06    MZ390 Key searches          = 3110
solp06    MZ390 Key avg comps         = 0
solp06    MZ390 Key max comps         = 4
solp06    MZ390 total macro line exec = 1006
solp06    MZ390 total pcode line exec = 0
solp06    MZ390 total pcode line gen. = 0
solp06    MZ390 total pcode line reuse= 0
solp06    MZ390 total pcode op   gen. = 0
solp06    MZ390 total pcode op   exec = 0
solp06    MZ390 total pcode gen  opt  = 0
solp06    MZ390 total pcode exec opt  = 0
solp06    MZ390 FID=  1 ERR= 0 C:\Program Files (x86)\Automated Software Tools\z390\assist\solp06.MLC
solp06    MZ390 total mnote warnings  = 0
solp06    MZ390 total mnote errors    = 0
solp06    MZ390 max   mnote level     = 0
solp06    MZ390 total mz390 errors    = 0
solp06    AZ390 BAL lines             = 1004
solp06    AZ390 symbols               = 80
solp06    AZ390 Literals              = 6
solp06    AZ390 alloc passes          = 2
solp06    AZ390 Keys                  = 1405
solp06    AZ390 Key searches          = 4145
solp06    AZ390 Key avg comps         = 0
solp06    AZ390 Key max comps         = 3
solp06    AZ390 ESD symbols           = 1
solp06    AZ390 object bytes          = 2270
solp06    AZ390 object rlds           = 16
solp06    AZ390 total mnote warnings  = 0
solp06    AZ390 total mnote errors    = 0
solp06    AZ390 max   mnote level     = 0
solp06    AZ390 total mz390 errors    = 0
solp06    AZ390 total az390 errors    = 0
solp06    MZ390 ENDED   RC= 0 MEM(MB)= MB IO=3477
solp06    LZ390 START
solp06    LZ390 Copyright 2011 Automated Software Tools Corporation
solp06    LZ390 z390 is licensed under GNU General Public License
solp06    LZ390 options = assist notiming stats systerm(assist\rtast)
solp06    LZ390 program = assist\solp06.OBJ
solp06    LZ390 final_options=ALIGN
solp06    LZ390 final_options=NOALLOW
solp06    LZ390 final_options=NOAMODE24
solp06    LZ390 final_options=AMODE31
solp06    LZ390 final_options=NOASCII
solp06    LZ390 final_options=ASM
solp06    LZ390 final_options=ASSIST
solp06    LZ390 final_options=AUTOLINK
solp06    LZ390 final_options=NOBAL
solp06    LZ390 final_options=NOBS2000
solp06    LZ390 final_options=EDF
solp06    LZ390 final_options=NOCICS
solp06    LZ390 final_options=CODEPAGE(ISO-8859-1+IBM1047)
solp06    LZ390 final_options=COMMENT
solp06    LZ390 final_options=CON
solp06    LZ390 final_options=NODUMP
solp06    LZ390 final_options=EPILOG
solp06    LZ390 final_options=NOERRSUM
solp06    LZ390 final_options=EXTEND
solp06    LZ390 final_options=FLOAT(DECIMAL)
solp06    LZ390 final_options=NOGUAM
solp06    LZ390 final_options=INIT
solp06    LZ390 final_options=LIST
solp06    LZ390 final_options=LISTCALL
solp06    LZ390 final_options=LISTUSE
solp06    LZ390 final_options=NOLOADHIGH
solp06    LZ390 final_options=NOMCALL
solp06    LZ390 final_options=NOMOD
solp06    LZ390 final_options=OBJ
solp06    LZ390 final_options=NOOBJHEX
solp06    LZ390 final_options=PC
solp06    LZ390 final_options=PCOPT
solp06    LZ390 final_options=NOPDSMEM8
solp06    LZ390 final_options=NOPRINTALL
solp06    LZ390 final_options=PROLOG
solp06    LZ390 final_options=PROTECT
solp06    LZ390 final_options=R64
solp06    LZ390 final_options=NOREFORMAT
solp06    LZ390 final_options=NOREGS
solp06    LZ390 final_options=RMODE24
solp06    LZ390 final_options=NORMODE31
solp06    LZ390 final_options=STATS
solp06    LZ390 final_options=NOTEST
solp06    LZ390 final_options=THREAD
solp06    LZ390 final_options=NOTIME
solp06    LZ390 final_options=NOTIMING
solp06    LZ390 final_options=NOTRACE
solp06    LZ390 final_options=NOTRACEA
solp06    LZ390 final_options=NOTRACEALL
solp06    LZ390 final_options=NOTRACEC
solp06    LZ390 final_options=NOTRACEG
solp06    LZ390 final_options=NOTRACEI
solp06    LZ390 final_options=NOTRACEL
solp06    LZ390 final_options=NOTRACEM
solp06    LZ390 final_options=NOTRACEP
solp06    LZ390 final_options=NOTRACEQ
solp06    LZ390 final_options=NOTRACES
solp06    LZ390 final_options=NOTRACET
solp06    LZ390 final_options=NOTRACEV
solp06    LZ390 final_options=TRAP
solp06    LZ390 final_options=NOTRUNC
solp06    LZ390 final_options=NOTS
solp06    LZ390 final_options=VCB
solp06    LZ390 final_options=WARN
solp06    LZ390 final_options=XREF
solp06    LZ390 final_options=ZSTRMAC
solp06    LZ390 final_options=CHKMAC=0
solp06    LZ390 final_options=CHKSRC=1
solp06    LZ390 final_options=ERR=100
solp06    LZ390 final_options=MAXCALL=50
solp06    LZ390 final_options=MAXDISPLAY=80
solp06    LZ390 final_options=MAXESD=1000
solp06    LZ390 final_options=MAXFILE=1000
solp06    LZ390 final_options=MAXGBL=100000
solp06    LZ390 final_options=MAXHEIGHT=600
solp06    LZ390 final_options=MAXLCL=100000
solp06    LZ390 final_options=MAXLEN=80
solp06    LZ390 final_options=MAXLINE=200000
solp06    LZ390 final_options=MAXLOG=1000000
solp06    LZ390 final_options=MAXPARM=10000
solp06    LZ390 final_options=MAXPASS=2
solp06    LZ390 final_options=MAXPC=50000
solp06    LZ390 final_options=MAXQUE=1000
solp06    LZ390 final_options=MAXRLD=10000
solp06    LZ390 final_options=MAXSIZE=52428800
solp06    LZ390 final_options=MAXSYM=50000
solp06    LZ390 final_options=MAXWARN=4
solp06    LZ390 final_options=MAXWIDTH=800
solp06    LZ390 final_options=MEM=1
solp06    LZ390 final_options=MINHEIGHT=150
solp06    LZ390 final_options=MINWIDTH=150
solp06    LZ390 final_options=MNOTE=0
solp06    LZ390 final_options=PARM=
solp06    LZ390 final_options=PROFILE=
solp06    LZ390 final_options=STATS=C:\Program Files (x86)\Automated Software Tools\z390\assist\solp06.STA
solp06    LZ390 final_options=SYSPARM=
solp06    LZ390 final options=SYSTERM=C:\Program Files (x86)\Automated Software Tools\z390\assist\rtast.ER
solp06    LZ390 final_options=R
solp06    LZ390 final_options=TESTDD=
solp06    LZ390 final_options=TIME=15
solp06    LZ390 final_options=TRACE=
solp06    LZ390 final_options=Z390ACROBAT=cmd.exe /c Start
solp06    LZ390 final_options=Z390BROWSER=cmd.exe /c Start
solp06    LZ390 final_options=Z390COMMAND=cmd.exe
solp06    LZ390 final_options=Z390EDITOR=notepad.exe
solp06    LZ390 final_options=INSTALL=
solp06    LZ390 final_options=IPL=
solp06    LZ390 final_options=LOG=
solp06    LZ390 final_options=SYS390=assist\+linklib
solp06    LZ390 final_options=SYSBAL=assist\
solp06    LZ390 final_options=SYSCPY=assist\
solp06    LZ390 final_options=SYSDAT=assist\
solp06    LZ390 final_options=SYSERR=assist\
solp06    LZ390 final_options=SYSLOG=assist\
solp06    LZ390 final_options=SYSLST=assist\
solp06    LZ390 final_options=SYSMAC=assist\
solp06    LZ390 final_options=SYSMLC=assist\
solp06    LZ390 final_options=SYSPCH=assist\
solp06    LZ390 final_options=SYSPRN=assist\
solp06    LZ390 final_options=SYSOBJ=assist\
solp06    LZ390 final_options=SYSOPT=assist\
solp06    LZ390 final_options=SYSTRC=assist\
solp06    LZ390 Stats total obj files = 1
solp06    LZ390 Stats total esds      = 1
solp06    LZ390 Stats total csects    = 1
solp06    LZ390 Stats total entries   = 0
solp06    LZ390 Stats missing wxtrn's = 0
solp06    LZ390 Stats Keys            = 1
solp06    LZ390 Stats Key searches    = 2
solp06    LZ390 Stats Key avg comps   = 0
solp06    LZ390 Stats Key max comps   = 1
solp06    LZ390 Stats total obj byte  = 2270
solp06    LZ390 Stats total obj rlds  = 16
solp06    LZ390 total errors          = 0
solp06    LZ390 ENDED   RC= 0 MEM(MB)= MB IO=542
solp06    EZ390 START
solp06    EZ390 Copyright 2011 Automated Software Tools Corporation
solp06    EZ390 z390 is licensed under GNU General Public License
solp06    EZ390 program = assist\solp06.390
solp06    EZ390 options = assist notiming stats systerm(assist\rtast)
solp06    EZ390 final_options=ALIGN
solp06    EZ390 final_options=NOALLOW
solp06    EZ390 final_options=NOAMODE24
solp06    EZ390 final_options=AMODE31
solp06    EZ390 final_options=NOASCII
solp06    EZ390 final_options=ASM
solp06    EZ390 final_options=ASSIST
solp06    EZ390 final_options=AUTOLINK
solp06    EZ390 final_options=NOBAL
solp06    EZ390 final_options=NOBS2000
solp06    EZ390 final_options=EDF
solp06    EZ390 final_options=NOCICS
solp06    EZ390 final_options=CODEPAGE(ISO-8859-1+IBM1047)
solp06    EZ390 final_options=COMMENT
solp06    EZ390 final_options=CON
solp06    EZ390 final_options=NODUMP
solp06    EZ390 final_options=EPILOG
solp06    EZ390 final_options=NOERRSUM
solp06    EZ390 final_options=EXTEND
solp06    EZ390 final_options=FLOAT(DECIMAL)
solp06    EZ390 final_options=NOGUAM
solp06    EZ390 final_options=INIT
solp06    EZ390 final_options=LIST
solp06    EZ390 final_options=LISTCALL
solp06    EZ390 final_options=LISTUSE
solp06    EZ390 final_options=NOLOADHIGH
solp06    EZ390 final_options=NOMCALL
solp06    EZ390 final_options=NOMOD
solp06    EZ390 final_options=OBJ
solp06    EZ390 final_options=NOOBJHEX
solp06    EZ390 final_options=PC
solp06    EZ390 final_options=PCOPT
solp06    EZ390 final_options=NOPDSMEM8
solp06    EZ390 final_options=NOPRINTALL
solp06    EZ390 final_options=PROLOG
solp06    EZ390 final_options=PROTECT
solp06    EZ390 final_options=R64
solp06    EZ390 final_options=NOREFORMAT
solp06    EZ390 final_options=NOREGS
solp06    EZ390 final_options=RMODE24
solp06    EZ390 final_options=NORMODE31
solp06    EZ390 final_options=STATS
solp06    EZ390 final_options=NOTEST
solp06    EZ390 final_options=THREAD
solp06    EZ390 final_options=NOTIME
solp06    EZ390 final_options=NOTIMING
solp06    EZ390 final_options=NOTRACE
solp06    EZ390 final_options=NOTRACEA
solp06    EZ390 final_options=NOTRACEALL
solp06    EZ390 final_options=NOTRACEC
solp06    EZ390 final_options=NOTRACEG
solp06    EZ390 final_options=NOTRACEI
solp06    EZ390 final_options=NOTRACEL
solp06    EZ390 final_options=NOTRACEM
solp06    EZ390 final_options=NOTRACEP
solp06    EZ390 final_options=NOTRACEQ
solp06    EZ390 final_options=NOTRACES
solp06    EZ390 final_options=NOTRACET
solp06    EZ390 final_options=NOTRACEV
solp06    EZ390 final_options=TRAP
solp06    EZ390 final_options=NOTRUNC
solp06    EZ390 final_options=NOTS
solp06    EZ390 final_options=VCB
solp06    EZ390 final_options=WARN
solp06    EZ390 final_options=XREF
solp06    EZ390 final_options=ZSTRMAC
solp06    EZ390 final_options=CHKMAC=0
solp06    EZ390 final_options=CHKSRC=1
solp06    EZ390 final_options=ERR=100
solp06    EZ390 final_options=MAXCALL=50
solp06    EZ390 final_options=MAXDISPLAY=80
solp06    EZ390 final_options=MAXESD=1000
solp06    EZ390 final_options=MAXFILE=1000
solp06    EZ390 final_options=MAXGBL=100000
solp06    EZ390 final_options=MAXHEIGHT=600
solp06    EZ390 final_options=MAXLCL=100000
solp06    EZ390 final_options=MAXLEN=80
solp06    EZ390 final_options=MAXLINE=200000
solp06    EZ390 final_options=MAXLOG=1000000
solp06    EZ390 final_options=MAXPARM=10000
solp06    EZ390 final_options=MAXPASS=2
solp06    EZ390 final_options=MAXPC=50000
solp06    EZ390 final_options=MAXQUE=1000
solp06    EZ390 final_options=MAXRLD=10000
solp06    EZ390 final_options=MAXSIZE=52428800
solp06    EZ390 final_options=MAXSYM=50000
solp06    EZ390 final_options=MAXWARN=4
solp06    EZ390 final_options=MAXWIDTH=800
solp06    EZ390 final_options=MEM=1
solp06    EZ390 final_options=MINHEIGHT=150
solp06    EZ390 final_options=MINWIDTH=150
solp06    EZ390 final_options=MNOTE=0
solp06    EZ390 final_options=PARM=
solp06    EZ390 final_options=PROFILE=
solp06    EZ390 final_options=STATS=C:\Program Files (x86)\Automated Software Tools\z390\assist\solp06.STA
solp06    EZ390 final_options=SYSPARM=
solp06    EZ390 final options=SYSTERM=C:\Program Files (x86)\Automated Software Tools\z390\assist\rtast.ER
solp06    EZ390 final_options=R
solp06    EZ390 final_options=TESTDD=
solp06    EZ390 final_options=TIME=15
solp06    EZ390 final_options=TRACE=
solp06    EZ390 final_options=Z390ACROBAT=cmd.exe /c Start
solp06    EZ390 final_options=Z390BROWSER=cmd.exe /c Start
solp06    EZ390 final_options=Z390COMMAND=cmd.exe
solp06    EZ390 final_options=Z390EDITOR=notepad.exe
solp06    EZ390 final_options=INSTALL=
solp06    EZ390 final_options=IPL=
solp06    EZ390 final_options=LOG=C:\Program Files (x86)\Automated Software Tools\z390\assist\solp06.LOG
solp06    EZ390 final_options=SYS390=assist\+linklib
solp06    EZ390 final_options=SYSBAL=assist\
solp06    EZ390 final_options=SYSCPY=assist\
solp06    EZ390 final_options=SYSDAT=assist\
solp06    EZ390 final_options=SYSERR=assist\
solp06    EZ390 final_options=SYSLOG=assist\
solp06    EZ390 final_options=SYSLST=assist\
solp06    EZ390 final_options=SYSMAC=assist\
solp06    EZ390 final_options=SYSMLC=assist\
solp06    EZ390 final_options=SYSPCH=assist\
solp06    EZ390 final_options=SYSPRN=assist\
solp06    EZ390 final_options=SYSOBJ=assist\
solp06    EZ390 final_options=SYSOPT=assist\
solp06    EZ390 final_options=SYSTRC=assist\
solp06    EZ390 TCPIO operations      = 0
solp06    EZ390 DCB operations        = 3
solp06    EZ390 DCB open              = 2
solp06    EZ390 DCB close             = 1
solp06    EZ390 DCB get               = 0
solp06    EZ390 DCB put               = 0
solp06    EZ390 DCB read              = 0
solp06    EZ390 stats DCB write             = 0
solp06    EZ390 VSAM operations       = 0
solp06    EZ390 Keys                  = 2467
solp06    EZ390 Key searches          = 2
solp06    EZ390 Key avg comps         = 0
solp06    EZ390 Key max comps         = 0
solp06    EZ390 total errors          = 0
solp06    EZ390 ENDED   RC= 0 MEM(MB)= MB IO=332 INS=5559
