P10DSH2   EZ390 START
EZ390I Copyright 2011 Automated Software Tools Corporation
EZ390I z390 is licensed under GNU General Public License
EZ390I program = mfacc\P10DSH2.390
EZ390I options = @rt\RT1=(bal notiming stats) 
  systerm(mfacc\rtmfacc)
ZMFACC Solution for problem P10DSH2 by MATS BROBERG AT SEB SWEDEN using RUNSYS=390
SNAP DUMP ID=1 TEXT=Input Area
 000FF7EC *F6F6F6F6 00000000 00000000 00000000* *6666............*
 000FF7FC *00000000 00000000 00000000 00000000* *................*
 000FF80C *00000001 00000000 00000000 0DE0B6B3* *.............\ถท*
 000FF81C *A7640000 00000000 00000000 7FFFFFFF* *xภ.........."???*
 000FF82C *FFFFFFFF 00000000 00000000 8AC72304* *????........ซG??*
 000FF83C *89E80000 00000000 00000000 FFFFFFFF* *iY..........????*
 000FF84C *FFFFFFFF 00000000 00000001 FFFFFFFF* *????........????*
 000FF85C *FFFFFFFF 00000000 00000005 6BC75E2D* *????........,G;.*
 000FF86C *63100000 3FFFFFFF FFFFFFFF FFFFFFFF* *ฤ....???????????*
 000FF87C *FFFFFFFF 7FFFFFFF FFFFFFFF FFFFFFFF* *????"???????????*
 000FF88C *FFFFFFFF BBBBBBBB BBBBBBBB BBBBBBBB* *????จจจจจจจจจจจจ*
 000FF89C *BBBBBBBB FFFFFFFF FFFFFFFF FFFFFFFF* *จจจจ????????????*
 000FF8AC *FFFFFFFF                           * *????            *
VERIFY OK - CALCULATED EQUALS EXPECTED DISPLAY VALUES
SNAP DUMP ID=2 TEXT=Output Area
 000FF8B0 *E3C1C2D3 C540D6C6 40C5E7D7 C5C3E3C5* *TABLE OF EXPECTE*
 000FF8C0 *C440C4C9 E2D7D3C1 E840C9D5 E3C5C7C5* *D DISPLAY INTEGE*
 000FF8D0 *D9E27EF6 F6F6F6F6 40404040 40404040* *RS=66666        *
 000FF8E0 *40404040 40404040 40404040 40404040* *                *
 ........
 000FF900 *40404040 40404040 40404040 40F04040* *             0  *
 000FF910 *40404040 40404040 40404040 40404040* *                *
 ........
 000FF940 *404040F1 40404040 40404040 40404040* *   1            *
 000FF950 *40404040 40404040 40404040 40404040* *                *
 000FF960 *40F16BF0 F0F06BF0 F0F06BF0 F0F06BF0* * 1,000,000,000,0*
 000FF970 *F0F06BF0 F0F06BF0 F0F04040 40404040* *00,000,000      *
 000FF980 *40404040 40404040 40404040 40404040* *                *
 000FF990 *40404040 404040F9 6BF2F2F3 6BF3F7F2* *       9,223,372*
 000FF9A0 *6BF0F3F6 6BF8F5F4 6BF7F7F5 6BF8F0F7* *,036,854,775,807*
 000FF9B0 *40404040 40404040 40404040 40404040* *                *
 000FF9C0 *40404040 40404040 40404040 F1F06BF0* *            10,0*
 000FF9D0 *F0F06BF0 F0F06BF0 F0F06BF0 F0F06BF0* *00,000,000,000,0*
 000FF9E0 *F0F06BF0 F0F04040 40404040 40404040* *00,000          *
 000FF9F0 *40404040 40404040 40404040 40404040* *                *
 000FFA00 *4040F1F8 6BF4F4F6 6BF7F4F4 6BF0F7F3* *  18,446,744,073*
 000FFA10 *6BF7F0F9 6BF5F5F1 6BF6F1F5 40404040* *,709,551,615    *
 000FFA20 *40404040 40404040 40404040 40404040* *                *
 000FFA30 *40404040 40404040 F3F66BF8 F9F36BF4* *        36,893,4*
 000FFA40 *F8F86BF1 F4F76BF4 F1F96BF1 F0F36BF2* *88,147,419,103,2*
 000FFA50 *F3F14040 40404040 40404040 40404040* *31              *
 000FFA60 *40404040 40404040 40404040 40F1F0F0* *             100*
 000FFA70 *6BF0F0F0 6BF0F0F0 6BF0F0F0 6BF0F0F0* *,000,000,000,000*
 000FFA80 *6BF0F0F0 6BF0F0F0 40404040 F8F56BF0* *,000,000    85,0*
 000FFA90 *F7F06BF5 F9F16BF7 F3F06BF2 F3F46BF6* *70,591,730,234,6*
 000FFAA0 *F1F56BF8 F6F56BF8 F4F36BF6 F5F16BF8* *15,865,843,651,8*
 000FFAB0 *F5F76BF9 F4F26BF0 F5F26BF8 F6F34040* *57,942,052,863  *
 000FFAC0 *40F1F7F0 6BF1F4F1 6BF1F8F3 6BF4F6F0* * 170,141,183,460*
 000FFAD0 *6BF4F6F9 6BF2F3F1 6BF7F3F1 6BF6F8F7* *,469,231,731,687*
 000FFAE0 *6BF3F0F3 6BF7F1F5 6BF8F8F4 6BF1F0F5* *,303,715,884,105*
 000FFAF0 *6BF7F2F7 404040F2 F4F96BF5 F4F06BF4* *,727   249,540,4*
 000FFB00 *F0F26BF4 F0F86BF6 F8F86BF2 F0F66BF5* *02,408,688,206,5*
 000FFB10 *F3F96BF8 F0F86BF0 F4F56BF4 F4F96BF9* *39,808,045,449,9*
 000FFB20 *F6F36BF3 F5F56BF0 F6F74040 40F3F4F0* *63,355,067   340*
 000FFB30 *6BF2F8F2 6BF3F6F6 6BF9F2F0 6BF9F3F8* *,282,366,920,938*
 000FFB40 *6BF4F6F3 6BF4F6F3 6BF3F7F4 6BF6F0F7* *,463,463,374,607*
 000FFB50 *6BF4F3F1 6BF7F6F8 6BF2F1F1 6BF4F5F5* *,431,768,211,455*
 000FFB60 *E3C1C2D3 C540D6C6 40C3C1D3 C3E4D3C1* *TABLE OF CALCULA*
 000FFB70 *E3C5C440 C4C9E2D7 D3C1E840 C9D5E3C5* *TED DISPLAY INTE*
 000FFB80 *C7C5D9E2 7EF6F6F6 40404040 40404040* *GERS=666        *
 000FFB90 *40404040 40404040 40404040 40404040* *                *
 ........
 000FFBB0 *40404040 40404040 40404040 40F04040* *             0  *
 000FFBC0 *40404040 40404040 40404040 40404040* *                *
 ........
 000FFBF0 *404040F1 40404040 40404040 40404040* *   1            *
 000FFC00 *40404040 40404040 40404040 40404040* *                *
 000FFC10 *40F16BF0 F0F06BF0 F0F06BF0 F0F06BF0* * 1,000,000,000,0*
 000FFC20 *F0F06BF0 F0F06BF0 F0F04040 40404040* *00,000,000      *
 000FFC30 *40404040 40404040 40404040 40404040* *                *
 000FFC40 *40404040 404040F9 6BF2F2F3 6BF3F7F2* *       9,223,372*
 000FFC50 *6BF0F3F6 6BF8F5F4 6BF7F7F5 6BF8F0F7* *,036,854,775,807*
 000FFC60 *40404040 40404040 40404040 40404040* *                *
 000FFC70 *40404040 40404040 40404040 F1F06BF0* *            10,0*
 000FFC80 *F0F06BF0 F0F06BF0 F0F06BF0 F0F06BF0* *00,000,000,000,0*
 000FFC90 *F0F06BF0 F0F04040 40404040 40404040* *00,000          *
 000FFCA0 *40404040 40404040 40404040 40404040* *                *
 000FFCB0 *4040F1F8 6BF4F4F6 6BF7F4F4 6BF0F7F3* *  18,446,744,073*
 000FFCC0 *6BF7F0F9 6BF5F5F1 6BF6F1F5 40404040* *,709,551,615    *
 000FFCD0 *40404040 40404040 40404040 40404040* *                *
 000FFCE0 *40404040 40404040 F3F66BF8 F9F36BF4* *        36,893,4*
 000FFCF0 *F8F86BF1 F4F76BF4 F1F96BF1 F0F36BF2* *88,147,419,103,2*
 000FFD00 *F3F14040 40404040 40404040 40404040* *31              *
 000FFD10 *40404040 40404040 40404040 40F1F0F0* *             100*
 000FFD20 *6BF0F0F0 6BF0F0F0 6BF0F0F0 6BF0F0F0* *,000,000,000,000*
 000FFD30 *6BF0F0F0 6BF0F0F0 40404040 F8F56BF0* *,000,000    85,0*
 000FFD40 *F7F06BF5 F9F16BF7 F3F06BF2 F3F46BF6* *70,591,730,234,6*
 000FFD50 *F1F56BF8 F6F56BF8 F4F36BF6 F5F16BF8* *15,865,843,651,8*
 000FFD60 *F5F76BF9 F4F26BF0 F5F26BF8 F6F34040* *57,942,052,863  *
 000FFD70 *40F1F7F0 6BF1F4F1 6BF1F8F3 6BF4F6F0* * 170,141,183,460*
 000FFD80 *6BF4F6F9 6BF2F3F1 6BF7F3F1 6BF6F8F7* *,469,231,731,687*
 000FFD90 *6BF3F0F3 6BF7F1F5 6BF8F8F4 6BF1F0F5* *,303,715,884,105*
 000FFDA0 *6BF7F2F7 404040F2 F4F96BF5 F4F06BF4* *,727   249,540,4*
 000FFDB0 *F0F26BF4 F0F86BF6 F8F86BF2 F0F66BF5* *02,408,688,206,5*
 000FFDC0 *F3F96BF8 F0F86BF0 F4F56BF4 F4F96BF9* *39,808,045,449,9*
 000FFDD0 *F6F36BF3 F5F56BF0 F6F74040 40F3F4F0* *63,355,067   340*
 000FFDE0 *6BF2F8F2 6BF3F6F6 6BF9F2F0 6BF9F3F8* *,282,366,920,938*
 000FFDF0 *6BF4F6F3 6BF4F6F3 6BF3F7F4 6BF6F0F7* *,463,463,374,607*
 000FFE00 *6BF4F3F1 6BF7F6F8 6BF2F1F1 6BF4F5F5* *,431,768,211,455*
EZ390I total errors         = 0
P10DSH2   EZ390 ENDED   RC= 0 MEM(MB)= MB IO=266 INS=350
