P10DSH1   EZ390 START
EZ390I Copyright 2011 Automated Software Tools Corporation
EZ390I z390 is licensed under GNU General Public License
EZ390I program = mfacc\P10DSH1.390
EZ390I options = @rt\RT1=(bal notiming stats) 
  systerm(mfacc\rtmfacc)
ZMFACC Solution for problem P10DSH1 by Don Higgins using RUNSYS=390
SNAP DUMP ID=1 TEXT=Input Area
 000FF7FC *F6F6F6F6 00000000 00000000 00000000* *6666............*
 000FF80C *00000000 00000000 00000000 00000000* *................*
 000FF81C *00000001 00000000 00000000 0DE0B6B3* *.............\ถท*
 000FF82C *A7640000 00000000 00000000 7FFFFFFF* *xภ.........."???*
 000FF83C *FFFFFFFF 00000000 00000000 8AC72304* *????........ซG??*
 000FF84C *89E80000 00000000 00000000 FFFFFFFF* *iY..........????*
 000FF85C *FFFFFFFF 00000000 00000001 FFFFFFFF* *????........????*
 000FF86C *FFFFFFFF 00000000 00000005 6BC75E2D* *????........,G;.*
 000FF87C *63100000 3FFFFFFF FFFFFFFF FFFFFFFF* *ฤ....???????????*
 000FF88C *FFFFFFFF 7FFFFFFF FFFFFFFF FFFFFFFF* *????"???????????*
 000FF89C *FFFFFFFF BBBBBBBB BBBBBBBB BBBBBBBB* *????จจจจจจจจจจจจ*
 000FF8AC *BBBBBBBB FFFFFFFF FFFFFFFF FFFFFFFF* *จจจจ????????????*
 000FF8BC *FFFFFFFF                           * *????            *
VERIFY OK - CALCULATED EQUALS EXPECTED DISPLAY VALUES
SNAP DUMP ID=2 TEXT=Output Area
 000FF8C0 *E3C1C2D3 C540D6C6 40C5E7D7 C5C3E3C5* *TABLE OF EXPECTE*
 000FF8D0 *C440C4C9 E2D7D3C1 E840E4D5 E2C9C7D5* *D DISPLAY UNSIGN*
 000FF8E0 *C5C440C9 D5E3C5C7 C5D9E27E F6F6F6F6* *ED INTEGERS=6666*
 000FF8F0 *40404040 40404040 40404040 40404040* *                *
 ........
 000FF920 *40404040 40F04040 40404040 40404040* *     0          *
 000FF930 *40404040 40404040 40404040 40404040* *                *
 ........
 000FF950 *40404040 40404040 404040F1 40404040* *           1    *
 000FF960 *40404040 40404040 40404040 40404040* *                *
 000FF970 *40404040 40404040 40F16BF0 F0F06BF0* *         1,000,0*
 000FF980 *F0F06BF0 F0F06BF0 F0F06BF0 F0F06BF0* *00,000,000,000,0*
 000FF990 *F0F04040 40404040 40404040 40404040* *00              *
 000FF9A0 *40404040 40404040 40404040 404040F9* *               9*
 000FF9B0 *6BF2F2F3 6BF3F7F2 6BF0F3F6 6BF8F5F4* *,223,372,036,854*
 000FF9C0 *6BF7F7F5 6BF8F0F7 40404040 40404040* *,775,807        *
 000FF9D0 *40404040 40404040 40404040 40404040* *                *
 000FF9E0 *40404040 F1F06BF0 F0F06BF0 F0F06BF0* *    10,000,000,0*
 000FF9F0 *F0F06BF0 F0F06BF0 F0F06BF0 F0F04040* *00,000,000,000  *
 000FFA00 *40404040 40404040 40404040 40404040* *                *
 000FFA10 *40404040 40404040 4040F1F8 6BF4F4F6* *          18,446*
 000FFA20 *6BF7F4F4 6BF0F7F3 6BF7F0F9 6BF5F5F1* *,744,073,709,551*
 000FFA30 *6BF6F1F5 40404040 40404040 40404040* *,615            *
 000FFA40 *40404040 40404040 40404040 40404040* *                *
 000FFA50 *F3F66BF8 F9F36BF4 F8F86BF1 F4F76BF4* *36,893,488,147,4*
 000FFA60 *F1F96BF1 F0F36BF2 F3F14040 40404040* *19,103,231      *
 000FFA70 *40404040 40404040 40404040 40404040* *                *
 000FFA80 *40404040 40F1F0F0 6BF0F0F0 6BF0F0F0* *     100,000,000*
 000FFA90 *6BF0F0F0 6BF0F0F0 6BF0F0F0 6BF0F0F0* *,000,000,000,000*
 000FFAA0 *40404040 F8F56BF0 F7F06BF5 F9F16BF7* *    85,070,591,7*
 000FFAB0 *F3F06BF2 F3F46BF6 F1F56BF8 F6F56BF8* *30,234,615,865,8*
 000FFAC0 *F4F36BF6 F5F16BF8 F5F76BF9 F4F26BF0* *43,651,857,942,0*
 000FFAD0 *F5F26BF8 F6F34040 40F1F7F0 6BF1F4F1* *52,863   170,141*
 000FFAE0 *6BF1F8F3 6BF4F6F0 6BF4F6F9 6BF2F3F1* *,183,460,469,231*
 000FFAF0 *6BF7F3F1 6BF6F8F7 6BF3F0F3 6BF7F1F5* *,731,687,303,715*
 000FFB00 *6BF8F8F4 6BF1F0F5 6BF7F2F7 404040F2* *,884,105,727   2*
 000FFB10 *F4F96BF5 F4F06BF4 F0F26BF4 F0F86BF6* *49,540,402,408,6*
 000FFB20 *F8F86BF2 F0F66BF5 F3F96BF8 F0F86BF0* *88,206,539,808,0*
 000FFB30 *F4F56BF4 F4F96BF9 F6F36BF3 F5F56BF0* *45,449,963,355,0*
 000FFB40 *F6F74040 40F3F4F0 6BF2F8F2 6BF3F6F6* *67   340,282,366*
 000FFB50 *6BF9F2F0 6BF9F3F8 6BF4F6F3 6BF4F6F3* *,920,938,463,463*
 000FFB60 *6BF3F7F4 6BF6F0F7 6BF4F3F1 6BF7F6F8* *,374,607,431,768*
 000FFB70 *6BF2F1F1 6BF4F5F5 4040C3C1 D3C3E4D3* *,211,455  CALCUL*
 000FFB80 *C1E3C5C4 40C4C9E2 D7D3C1E8 40E4D5E2* *ATED DISPLAY UNS*
 000FFB90 *C9C7D5C5 C440C9D5 E3C5C7C5 D9E27EF6* *IGNED INTEGERS=6*
 000FFBA0 *40404040 40404040 40404040 40404040* *                *
 ........
 000FFBD0 *40404040 40F04040 40404040 40404040* *     0          *
 000FFBE0 *40404040 40404040 40404040 40404040* *                *
 ........
 000FFC00 *40404040 40404040 404040F1 40404040* *           1    *
 000FFC10 *40404040 40404040 40404040 40404040* *                *
 000FFC20 *40404040 40404040 40F16BF0 F0F06BF0* *         1,000,0*
 000FFC30 *F0F06BF0 F0F06BF0 F0F06BF0 F0F06BF0* *00,000,000,000,0*
 000FFC40 *F0F04040 40404040 40404040 40404040* *00              *
 000FFC50 *40404040 40404040 40404040 404040F9* *               9*
 000FFC60 *6BF2F2F3 6BF3F7F2 6BF0F3F6 6BF8F5F4* *,223,372,036,854*
 000FFC70 *6BF7F7F5 6BF8F0F7 40404040 40404040* *,775,807        *
 000FFC80 *40404040 40404040 40404040 40404040* *                *
 000FFC90 *40404040 F1F06BF0 F0F06BF0 F0F06BF0* *    10,000,000,0*
 000FFCA0 *F0F06BF0 F0F06BF0 F0F06BF0 F0F04040* *00,000,000,000  *
 000FFCB0 *40404040 40404040 40404040 40404040* *                *
 000FFCC0 *40404040 40404040 4040F1F8 6BF4F4F6* *          18,446*
 000FFCD0 *6BF7F4F4 6BF0F7F3 6BF7F0F9 6BF5F5F1* *,744,073,709,551*
 000FFCE0 *6BF6F1F5 40404040 40404040 40404040* *,615            *
 000FFCF0 *40404040 40404040 40404040 40404040* *                *
 000FFD00 *F3F66BF8 F9F36BF4 F8F86BF1 F4F76BF4* *36,893,488,147,4*
 000FFD10 *F1F96BF1 F0F36BF2 F3F14040 40404040* *19,103,231      *
 000FFD20 *40404040 40404040 40404040 40404040* *                *
 000FFD30 *40404040 40F1F0F0 6BF0F0F0 6BF0F0F0* *     100,000,000*
 000FFD40 *6BF0F0F0 6BF0F0F0 6BF0F0F0 6BF0F0F0* *,000,000,000,000*
 000FFD50 *40404040 F8F56BF0 F7F06BF5 F9F16BF7* *    85,070,591,7*
 000FFD60 *F3F06BF2 F3F46BF6 F1F56BF8 F6F56BF8* *30,234,615,865,8*
 000FFD70 *F4F36BF6 F5F16BF8 F5F76BF9 F4F26BF0* *43,651,857,942,0*
 000FFD80 *F5F26BF8 F6F34040 40F1F7F0 6BF1F4F1* *52,863   170,141*
 000FFD90 *6BF1F8F3 6BF4F6F0 6BF4F6F9 6BF2F3F1* *,183,460,469,231*
 000FFDA0 *6BF7F3F1 6BF6F8F7 6BF3F0F3 6BF7F1F5* *,731,687,303,715*
 000FFDB0 *6BF8F8F4 6BF1F0F5 6BF7F2F7 404040F2* *,884,105,727   2*
 000FFDC0 *F4F96BF5 F4F06BF4 F0F26BF4 F0F86BF6* *49,540,402,408,6*
 000FFDD0 *F8F86BF2 F0F66BF5 F3F96BF8 F0F86BF0* *88,206,539,808,0*
 000FFDE0 *F4F56BF4 F4F96BF9 F6F36BF3 F5F56BF0* *45,449,963,355,0*
 000FFDF0 *F6F74040 40F3F4F0 6BF2F8F2 6BF3F6F6* *67   340,282,366*
 000FFE00 *6BF9F2F0 6BF9F3F8 6BF4F6F3 6BF4F6F3* *,920,938,463,463*
 000FFE10 *6BF3F7F4 6BF6F0F7 6BF4F3F1 6BF7F6F8* *,374,607,431,768*
 000FFE20 *6BF2F1F1 6BF4F5F5                  * *,211,455        *
EZ390I total errors         = 0
P10DSH1   EZ390 ENDED   RC= 0 MEM(MB)= MB IO=267 INS=421
