P11DSH1   MZ390 START
P11DSH1   MZ390 Copyright 2011 Automated Software Tools Corporation
P11DSH1   MZ390 z390 is licensed under GNU General Public License
P11DSH1   MZ390 program = mfacc\P11DSH1.MLC
P11DSH1   MZ390 options = sysmac(C:\PROGRA~2\AUTOMA~1\z390\mac+.) 
  syscpy(C:\PROGRA~2\AUTOMA~1\z390\mac+.) @rt\RT1=(bal notiming stats) 
  SYSCPY(mfacc+mac) systerm(mfacc\rtmfacc)
P11DSH1   MZ390 final_options=ALIGN
P11DSH1   MZ390 final_options=NOALLOW
P11DSH1   MZ390 final_options=NOAMODE24
P11DSH1   MZ390 final_options=AMODE31
P11DSH1   MZ390 final_options=NOASCII
P11DSH1   MZ390 final_options=ASM
P11DSH1   MZ390 final_options=NOASSIST
P11DSH1   MZ390 final_options=AUTOLINK
P11DSH1   MZ390 final_options=BAL
P11DSH1   MZ390 final_options=NOBS2000
P11DSH1   MZ390 final_options=EDF
P11DSH1   MZ390 final_options=NOCICS
P11DSH1   MZ390 final_options=CODEPAGE(ISO-8859-1+IBM1047)
P11DSH1   MZ390 final_options=COMMENT
P11DSH1   MZ390 final_options=CON
P11DSH1   MZ390 final_options=NODUMP
P11DSH1   MZ390 final_options=EPILOG
P11DSH1   MZ390 final_options=NOERRSUM
P11DSH1   MZ390 final_options=EXTEND
P11DSH1   MZ390 final_options=FLOAT(DECIMAL)
P11DSH1   MZ390 final_options=NOGUAM
P11DSH1   MZ390 final_options=INIT
P11DSH1   MZ390 final_options=LIST
P11DSH1   MZ390 final_options=LISTCALL
P11DSH1   MZ390 final_options=LISTUSE
P11DSH1   MZ390 final_options=LOADHIGH
P11DSH1   MZ390 final_options=NOMCALL
P11DSH1   MZ390 final_options=NOMOD
P11DSH1   MZ390 final_options=OBJ
P11DSH1   MZ390 final_options=NOOBJHEX
P11DSH1   MZ390 final_options=PC
P11DSH1   MZ390 final_options=PCOPT
P11DSH1   MZ390 final_options=NOPDSMEM8
P11DSH1   MZ390 final_options=NOPRINTALL
P11DSH1   MZ390 final_options=PROLOG
P11DSH1   MZ390 final_options=PROTECT
P11DSH1   MZ390 final_options=R64
P11DSH1   MZ390 final_options=NOREFORMAT
P11DSH1   MZ390 final_options=NOREGS
P11DSH1   MZ390 final_options=RMODE24
P11DSH1   MZ390 final_options=NORMODE31
P11DSH1   MZ390 final_options=STATS
P11DSH1   MZ390 final_options=NOTEST
P11DSH1   MZ390 final_options=THREAD
P11DSH1   MZ390 final_options=NOTIME
P11DSH1   MZ390 final_options=NOTIMING
P11DSH1   MZ390 final_options=NOTRACE
P11DSH1   MZ390 final_options=NOTRACEA
P11DSH1   MZ390 final_options=NOTRACEALL
P11DSH1   MZ390 final_options=NOTRACEC
P11DSH1   MZ390 final_options=NOTRACEG
P11DSH1   MZ390 final_options=NOTRACEI
P11DSH1   MZ390 final_options=NOTRACEL
P11DSH1   MZ390 final_options=NOTRACEM
P11DSH1   MZ390 final_options=NOTRACEP
P11DSH1   MZ390 final_options=NOTRACEQ
P11DSH1   MZ390 final_options=NOTRACES
P11DSH1   MZ390 final_options=NOTRACET
P11DSH1   MZ390 final_options=NOTRACEV
P11DSH1   MZ390 final_options=TRAP
P11DSH1   MZ390 final_options=NOTRUNC
P11DSH1   MZ390 final_options=NOTS
P11DSH1   MZ390 final_options=VCB
P11DSH1   MZ390 final_options=WARN
P11DSH1   MZ390 final_options=XREF
P11DSH1   MZ390 final_options=ZSTRMAC
P11DSH1   MZ390 final_options=CHKMAC=0
P11DSH1   MZ390 final_options=CHKSRC=1
P11DSH1   MZ390 final_options=ERR=100
P11DSH1   MZ390 final_options=MAXCALL=50
P11DSH1   MZ390 final_options=MAXDISPLAY=80
P11DSH1   MZ390 final_options=MAXESD=1000
P11DSH1   MZ390 final_options=MAXFILE=1000
P11DSH1   MZ390 final_options=MAXGBL=100000
P11DSH1   MZ390 final_options=MAXHEIGHT=600
P11DSH1   MZ390 final_options=MAXLCL=100000
P11DSH1   MZ390 final_options=MAXLEN=80
P11DSH1   MZ390 final_options=MAXLINE=200000
P11DSH1   MZ390 final_options=MAXLOG=1000000
P11DSH1   MZ390 final_options=MAXPARM=10000
P11DSH1   MZ390 final_options=MAXPASS=2
P11DSH1   MZ390 final_options=MAXPC=50000
P11DSH1   MZ390 final_options=MAXQUE=1000
P11DSH1   MZ390 final_options=MAXRLD=10000
P11DSH1   MZ390 final_options=MAXSIZE=52428800
P11DSH1   MZ390 final_options=MAXSYM=50000
P11DSH1   MZ390 final_options=MAXWARN=4
P11DSH1   MZ390 final_options=MAXWIDTH=800
P11DSH1   MZ390 final_options=MEM=1
P11DSH1   MZ390 final_options=MINHEIGHT=150
P11DSH1   MZ390 final_options=MINWIDTH=150
P11DSH1   MZ390 final_options=MNOTE=0
P11DSH1   MZ390 final_options=PARM=
P11DSH1   MZ390 final_options=PROFILE=
P11DSH1   MZ390 final_options=STATS=C:\Program Files (x86)\Automated Software Tools\z390\mfacc\P11DSH1.STA
P11DSH1   MZ390 final_options=SYSPARM=
P11DSH1   MZ390 final options=SYSTERM=C:\Program Files (x86)\Automated Software Tools\z390\mfacc\rtmfacc.E
P11DSH1   MZ390 final_options=RR
P11DSH1   MZ390 final_options=TESTDD=
P11DSH1   MZ390 final_options=TIME=15
P11DSH1   MZ390 final_options=TRACE=
P11DSH1   MZ390 final_options=Z390ACROBAT=cmd.exe /c Start
P11DSH1   MZ390 final_options=Z390BROWSER=cmd.exe /c Start
P11DSH1   MZ390 final_options=Z390COMMAND=cmd.exe
P11DSH1   MZ390 final_options=Z390EDITOR=notepad.exe
P11DSH1   MZ390 final_options=INSTALL=
P11DSH1   MZ390 final_options=IPL=
P11DSH1   MZ390 final_options=LOG=
P11DSH1   MZ390 final_options=SYS390=mfacc\+linklib
P11DSH1   MZ390 final_options=SYSBAL=mfacc\
P11DSH1   MZ390 final_options=SYSCPY=mfacc+mac
P11DSH1   MZ390 final_options=SYSDAT=mfacc\
P11DSH1   MZ390 final_options=SYSERR=mfacc\
P11DSH1   MZ390 final_options=SYSLOG=mfacc\
P11DSH1   MZ390 final_options=SYSLST=mfacc\
P11DSH1   MZ390 final_options=SYSMAC=C:\PROGRA~2\AUTOMA~1\z390\mac+.
P11DSH1   MZ390 final_options=SYSMLC=mfacc\
P11DSH1   MZ390 final_options=SYSPCH=mfacc\
P11DSH1   MZ390 final_options=SYSPRN=mfacc\
P11DSH1   MZ390 final_options=SYSOBJ=mfacc\
P11DSH1   MZ390 final_options=SYSOPT=mfacc\
P11DSH1   MZ390 final_options=SYSTRC=mfacc\
P11DSH1   MZ390 total MLC/MAC loaded  = 1296
P11DSH1   MZ390 total BAL output lines= 2772
P11DSH1   MZ390 total BAL instructions= 34
P11DSH1   MZ390 total macros          = 5
P11DSH1   MZ390 total macro loads     = 5
P11DSH1   MZ390 total macro calls     = 867
P11DSH1   MZ390 total AENTRY blocks   = 0
P11DSH1   MZ390 total ACALL  calls    = 0
P11DSH1   MZ390 total AIF    blocks   = 0
P11DSH1   MZ390 total ACASE  blocks   = 0
P11DSH1   MZ390 total AWHILE calls    = 0
P11DSH1   MZ390 total AUNTIL blocks   = 0
P11DSH1   MZ390 total global set names= 48
P11DSH1   MZ390 tot global seta cells = 0
P11DSH1   MZ390 tot global setb cells = 8
P11DSH1   MZ390 tot global setc cells = 40
P11DSH1   MZ390 max local pos parms   = 7
P11DSH1   MZ390 max local key parms   = 23
P11DSH1   MZ390 max local set names   = 34
P11DSH1   MZ390 max local seta cells  = 11
P11DSH1   MZ390 max local setb cells  = 0
P11DSH1   MZ390 max local setc cells  = 23
P11DSH1   MZ390 total array expansions= 0
P11DSH1   MZ390 total Keys            = 11984
P11DSH1   MZ390 Key searches          = 37177
P11DSH1   MZ390 Key avg comps         = 0
P11DSH1   MZ390 Key max comps         = 3
P11DSH1   MZ390 total macro line exec = 5508
P11DSH1   MZ390 total pcode line exec = 2621
P11DSH1   MZ390 total pcode line gen. = 65
P11DSH1   MZ390 total pcode line reuse= 0
P11DSH1   MZ390 total pcode op   gen. = 264
P11DSH1   MZ390 total pcode op   exec = 17308
P11DSH1   MZ390 total pcode gen  opt  = 143
P11DSH1   MZ390 total pcode exec opt  = 0
P11DSH1   MZ390 FID=  1 ERR= 0 C:\Program Files (x86)\Automated Software Tools\z390\mfacc\P11DSH1.MLC
P11DSH1   MZ390 FID=  2 ERR= 0 C:\Program Files (x86)\Automated Software Tools\z390\mfacc\OPCODES.CPY
P11DSH1   MZ390 FID=  3 ERR= 0 C:\PROGRA~2\AUTOMA~1\z390\mac\ZMFACC.MAC
P11DSH1   MZ390 FID=  4 ERR= 0 C:\PROGRA~2\AUTOMA~1\z390\mac\WTO.MAC
P11DSH1   MZ390 FID=  5 ERR= 0 C:\PROGRA~2\AUTOMA~1\z390\mac\SNAP.MAC
P11DSH1   MZ390 total mnote warnings  = 1
P11DSH1   MZ390 total mnote errors    = 0
P11DSH1   MZ390 max   mnote level     = 4
P11DSH1   MZ390 total mz390 errors    = 0
P11DSH1   AZ390 BAL lines             = 2772
P11DSH1   AZ390 symbols               = 67
P11DSH1   AZ390 Literals              = 8
P11DSH1   AZ390 alloc passes          = 2
P11DSH1   AZ390 Keys                  = 1394
P11DSH1   AZ390 Key searches          = 7739
P11DSH1   AZ390 Key avg comps         = 0
P11DSH1   AZ390 Key max comps         = 3
P11DSH1   AZ390 ESD symbols           = 1
P11DSH1   AZ390 object bytes          = 201138
P11DSH1   AZ390 object rlds           = 6
P11DSH1   AZ390 total mnote warnings  = 1
P11DSH1   AZ390 total mnote errors    = 0
P11DSH1   AZ390 max   mnote level     = 4
P11DSH1   AZ390 total mz390 errors    = 0
P11DSH1   AZ390 total az390 errors    = 0
P11DSH1   MZ390 ENDED   RC= 4 MEM(MB)= MB IO=49384
P11DSH1   LZ390 START
P11DSH1   LZ390 Copyright 2011 Automated Software Tools Corporation
P11DSH1   LZ390 z390 is licensed under GNU General Public License
P11DSH1   LZ390 options = @rt\RT1=(bal notiming stats) 
  SYSCPY(mfacc+mac) systerm(mfacc\rtmfacc)
P11DSH1   LZ390 program = mfacc\P11DSH1.OBJ
P11DSH1   LZ390 final_options=ALIGN
P11DSH1   LZ390 final_options=NOALLOW
P11DSH1   LZ390 final_options=NOAMODE24
P11DSH1   LZ390 final_options=AMODE31
P11DSH1   LZ390 final_options=NOASCII
P11DSH1   LZ390 final_options=ASM
P11DSH1   LZ390 final_options=NOASSIST
P11DSH1   LZ390 final_options=AUTOLINK
P11DSH1   LZ390 final_options=BAL
P11DSH1   LZ390 final_options=NOBS2000
P11DSH1   LZ390 final_options=EDF
P11DSH1   LZ390 final_options=NOCICS
P11DSH1   LZ390 final_options=CODEPAGE(ISO-8859-1+IBM1047)
P11DSH1   LZ390 final_options=COMMENT
P11DSH1   LZ390 final_options=CON
P11DSH1   LZ390 final_options=NODUMP
P11DSH1   LZ390 final_options=EPILOG
P11DSH1   LZ390 final_options=NOERRSUM
P11DSH1   LZ390 final_options=EXTEND
P11DSH1   LZ390 final_options=FLOAT(DECIMAL)
P11DSH1   LZ390 final_options=NOGUAM
P11DSH1   LZ390 final_options=INIT
P11DSH1   LZ390 final_options=LIST
P11DSH1   LZ390 final_options=LISTCALL
P11DSH1   LZ390 final_options=LISTUSE
P11DSH1   LZ390 final_options=LOADHIGH
P11DSH1   LZ390 final_options=NOMCALL
P11DSH1   LZ390 final_options=NOMOD
P11DSH1   LZ390 final_options=OBJ
P11DSH1   LZ390 final_options=NOOBJHEX
P11DSH1   LZ390 final_options=PC
P11DSH1   LZ390 final_options=PCOPT
P11DSH1   LZ390 final_options=NOPDSMEM8
P11DSH1   LZ390 final_options=NOPRINTALL
P11DSH1   LZ390 final_options=PROLOG
P11DSH1   LZ390 final_options=PROTECT
P11DSH1   LZ390 final_options=R64
P11DSH1   LZ390 final_options=NOREFORMAT
P11DSH1   LZ390 final_options=NOREGS
P11DSH1   LZ390 final_options=RMODE24
P11DSH1   LZ390 final_options=NORMODE31
P11DSH1   LZ390 final_options=STATS
P11DSH1   LZ390 final_options=NOTEST
P11DSH1   LZ390 final_options=THREAD
P11DSH1   LZ390 final_options=NOTIME
P11DSH1   LZ390 final_options=NOTIMING
P11DSH1   LZ390 final_options=NOTRACE
P11DSH1   LZ390 final_options=NOTRACEA
P11DSH1   LZ390 final_options=NOTRACEALL
P11DSH1   LZ390 final_options=NOTRACEC
P11DSH1   LZ390 final_options=NOTRACEG
P11DSH1   LZ390 final_options=NOTRACEI
P11DSH1   LZ390 final_options=NOTRACEL
P11DSH1   LZ390 final_options=NOTRACEM
P11DSH1   LZ390 final_options=NOTRACEP
P11DSH1   LZ390 final_options=NOTRACEQ
P11DSH1   LZ390 final_options=NOTRACES
P11DSH1   LZ390 final_options=NOTRACET
P11DSH1   LZ390 final_options=NOTRACEV
P11DSH1   LZ390 final_options=TRAP
P11DSH1   LZ390 final_options=NOTRUNC
P11DSH1   LZ390 final_options=NOTS
P11DSH1   LZ390 final_options=VCB
P11DSH1   LZ390 final_options=WARN
P11DSH1   LZ390 final_options=XREF
P11DSH1   LZ390 final_options=ZSTRMAC
P11DSH1   LZ390 final_options=CHKMAC=0
P11DSH1   LZ390 final_options=CHKSRC=1
P11DSH1   LZ390 final_options=ERR=100
P11DSH1   LZ390 final_options=MAXCALL=50
P11DSH1   LZ390 final_options=MAXDISPLAY=80
P11DSH1   LZ390 final_options=MAXESD=1000
P11DSH1   LZ390 final_options=MAXFILE=1000
P11DSH1   LZ390 final_options=MAXGBL=100000
P11DSH1   LZ390 final_options=MAXHEIGHT=600
P11DSH1   LZ390 final_options=MAXLCL=100000
P11DSH1   LZ390 final_options=MAXLEN=80
P11DSH1   LZ390 final_options=MAXLINE=200000
P11DSH1   LZ390 final_options=MAXLOG=1000000
P11DSH1   LZ390 final_options=MAXPARM=10000
P11DSH1   LZ390 final_options=MAXPASS=2
P11DSH1   LZ390 final_options=MAXPC=50000
P11DSH1   LZ390 final_options=MAXQUE=1000
P11DSH1   LZ390 final_options=MAXRLD=10000
P11DSH1   LZ390 final_options=MAXSIZE=52428800
P11DSH1   LZ390 final_options=MAXSYM=50000
P11DSH1   LZ390 final_options=MAXWARN=4
P11DSH1   LZ390 final_options=MAXWIDTH=800
P11DSH1   LZ390 final_options=MEM=1
P11DSH1   LZ390 final_options=MINHEIGHT=150
P11DSH1   LZ390 final_options=MINWIDTH=150
P11DSH1   LZ390 final_options=MNOTE=0
P11DSH1   LZ390 final_options=PARM=
P11DSH1   LZ390 final_options=PROFILE=
P11DSH1   LZ390 final_options=STATS=C:\Program Files (x86)\Automated Software Tools\z390\mfacc\P11DSH1.STA
P11DSH1   LZ390 final_options=SYSPARM=
P11DSH1   LZ390 final options=SYSTERM=C:\Program Files (x86)\Automated Software Tools\z390\mfacc\rtmfacc.E
P11DSH1   LZ390 final_options=RR
P11DSH1   LZ390 final_options=TESTDD=
P11DSH1   LZ390 final_options=TIME=15
P11DSH1   LZ390 final_options=TRACE=
P11DSH1   LZ390 final_options=Z390ACROBAT=cmd.exe /c Start
P11DSH1   LZ390 final_options=Z390BROWSER=cmd.exe /c Start
P11DSH1   LZ390 final_options=Z390COMMAND=cmd.exe
P11DSH1   LZ390 final_options=Z390EDITOR=notepad.exe
P11DSH1   LZ390 final_options=INSTALL=
P11DSH1   LZ390 final_options=IPL=
P11DSH1   LZ390 final_options=LOG=
P11DSH1   LZ390 final_options=SYS390=mfacc\+linklib
P11DSH1   LZ390 final_options=SYSBAL=mfacc\
P11DSH1   LZ390 final_options=SYSCPY=mfacc+mac
P11DSH1   LZ390 final_options=SYSDAT=mfacc\
P11DSH1   LZ390 final_options=SYSERR=mfacc\
P11DSH1   LZ390 final_options=SYSLOG=mfacc\
P11DSH1   LZ390 final_options=SYSLST=mfacc\
P11DSH1   LZ390 final_options=SYSMAC=mfacc\
P11DSH1   LZ390 final_options=SYSMLC=mfacc\
P11DSH1   LZ390 final_options=SYSPCH=mfacc\
P11DSH1   LZ390 final_options=SYSPRN=mfacc\
P11DSH1   LZ390 final_options=SYSOBJ=mfacc\
P11DSH1   LZ390 final_options=SYSOPT=mfacc\
P11DSH1   LZ390 final_options=SYSTRC=mfacc\
P11DSH1   LZ390 Stats total obj files = 1
P11DSH1   LZ390 Stats total esds      = 1
P11DSH1   LZ390 Stats total csects    = 1
P11DSH1   LZ390 Stats total entries   = 0
P11DSH1   LZ390 Stats missing wxtrn's = 0
P11DSH1   LZ390 Stats Keys            = 1
P11DSH1   LZ390 Stats Key searches    = 2
P11DSH1   LZ390 Stats Key avg comps   = 0
P11DSH1   LZ390 Stats Key max comps   = 1
P11DSH1   LZ390 Stats total obj byte  = 201138
P11DSH1   LZ390 Stats total obj rlds  = 6
P11DSH1   LZ390 total errors          = 0
P11DSH1   LZ390 ENDED   RC= 0 MEM(MB)= MB IO=25338
P11DSH1   EZ390 START
P11DSH1   EZ390 Copyright 2011 Automated Software Tools Corporation
P11DSH1   EZ390 z390 is licensed under GNU General Public License
P11DSH1   EZ390 program = mfacc\P11DSH1.390
P11DSH1   EZ390 options = @rt\RT1=(bal notiming stats) 
  SYSCPY(mfacc+mac) systerm(mfacc\rtmfacc)
P11DSH1   EZ390 final_options=ALIGN
P11DSH1   EZ390 final_options=NOALLOW
P11DSH1   EZ390 final_options=NOAMODE24
P11DSH1   EZ390 final_options=AMODE31
P11DSH1   EZ390 final_options=NOASCII
P11DSH1   EZ390 final_options=ASM
P11DSH1   EZ390 final_options=NOASSIST
P11DSH1   EZ390 final_options=AUTOLINK
P11DSH1   EZ390 final_options=BAL
P11DSH1   EZ390 final_options=NOBS2000
P11DSH1   EZ390 final_options=EDF
P11DSH1   EZ390 final_options=NOCICS
P11DSH1   EZ390 final_options=CODEPAGE(ISO-8859-1+IBM1047)
P11DSH1   EZ390 final_options=COMMENT
P11DSH1   EZ390 final_options=CON
P11DSH1   EZ390 final_options=NODUMP
P11DSH1   EZ390 final_options=EPILOG
P11DSH1   EZ390 final_options=NOERRSUM
P11DSH1   EZ390 final_options=EXTEND
P11DSH1   EZ390 final_options=FLOAT(DECIMAL)
P11DSH1   EZ390 final_options=NOGUAM
P11DSH1   EZ390 final_options=INIT
P11DSH1   EZ390 final_options=LIST
P11DSH1   EZ390 final_options=LISTCALL
P11DSH1   EZ390 final_options=LISTUSE
P11DSH1   EZ390 final_options=LOADHIGH
P11DSH1   EZ390 final_options=NOMCALL
P11DSH1   EZ390 final_options=NOMOD
P11DSH1   EZ390 final_options=OBJ
P11DSH1   EZ390 final_options=NOOBJHEX
P11DSH1   EZ390 final_options=PC
P11DSH1   EZ390 final_options=PCOPT
P11DSH1   EZ390 final_options=NOPDSMEM8
P11DSH1   EZ390 final_options=NOPRINTALL
P11DSH1   EZ390 final_options=PROLOG
P11DSH1   EZ390 final_options=PROTECT
P11DSH1   EZ390 final_options=R64
P11DSH1   EZ390 final_options=NOREFORMAT
P11DSH1   EZ390 final_options=NOREGS
P11DSH1   EZ390 final_options=RMODE24
P11DSH1   EZ390 final_options=NORMODE31
P11DSH1   EZ390 final_options=STATS
P11DSH1   EZ390 final_options=NOTEST
P11DSH1   EZ390 final_options=THREAD
P11DSH1   EZ390 final_options=NOTIME
P11DSH1   EZ390 final_options=NOTIMING
P11DSH1   EZ390 final_options=NOTRACE
P11DSH1   EZ390 final_options=NOTRACEA
P11DSH1   EZ390 final_options=NOTRACEALL
P11DSH1   EZ390 final_options=NOTRACEC
P11DSH1   EZ390 final_options=NOTRACEG
P11DSH1   EZ390 final_options=NOTRACEI
P11DSH1   EZ390 final_options=NOTRACEL
P11DSH1   EZ390 final_options=NOTRACEM
P11DSH1   EZ390 final_options=NOTRACEP
P11DSH1   EZ390 final_options=NOTRACEQ
P11DSH1   EZ390 final_options=NOTRACES
P11DSH1   EZ390 final_options=NOTRACET
P11DSH1   EZ390 final_options=NOTRACEV
P11DSH1   EZ390 final_options=TRAP
P11DSH1   EZ390 final_options=NOTRUNC
P11DSH1   EZ390 final_options=NOTS
P11DSH1   EZ390 final_options=VCB
P11DSH1   EZ390 final_options=WARN
P11DSH1   EZ390 final_options=XREF
P11DSH1   EZ390 final_options=ZSTRMAC
P11DSH1   EZ390 final_options=CHKMAC=0
P11DSH1   EZ390 final_options=CHKSRC=1
P11DSH1   EZ390 final_options=ERR=100
P11DSH1   EZ390 final_options=MAXCALL=50
P11DSH1   EZ390 final_options=MAXDISPLAY=80
P11DSH1   EZ390 final_options=MAXESD=1000
P11DSH1   EZ390 final_options=MAXFILE=1000
P11DSH1   EZ390 final_options=MAXGBL=100000
P11DSH1   EZ390 final_options=MAXHEIGHT=600
P11DSH1   EZ390 final_options=MAXLCL=100000
P11DSH1   EZ390 final_options=MAXLEN=80
P11DSH1   EZ390 final_options=MAXLINE=200000
P11DSH1   EZ390 final_options=MAXLOG=1000000
P11DSH1   EZ390 final_options=MAXPARM=10000
P11DSH1   EZ390 final_options=MAXPASS=2
P11DSH1   EZ390 final_options=MAXPC=50000
P11DSH1   EZ390 final_options=MAXQUE=1000
P11DSH1   EZ390 final_options=MAXRLD=10000
P11DSH1   EZ390 final_options=MAXSIZE=52428800
P11DSH1   EZ390 final_options=MAXSYM=50000
P11DSH1   EZ390 final_options=MAXWARN=4
P11DSH1   EZ390 final_options=MAXWIDTH=800
P11DSH1   EZ390 final_options=MEM=1
P11DSH1   EZ390 final_options=MINHEIGHT=150
P11DSH1   EZ390 final_options=MINWIDTH=150
P11DSH1   EZ390 final_options=MNOTE=0
P11DSH1   EZ390 final_options=PARM=
P11DSH1   EZ390 final_options=PROFILE=
P11DSH1   EZ390 final_options=STATS=C:\Program Files (x86)\Automated Software Tools\z390\mfacc\P11DSH1.STA
P11DSH1   EZ390 final_options=SYSPARM=
P11DSH1   EZ390 final options=SYSTERM=C:\Program Files (x86)\Automated Software Tools\z390\mfacc\rtmfacc.E
P11DSH1   EZ390 final_options=RR
P11DSH1   EZ390 final_options=TESTDD=
P11DSH1   EZ390 final_options=TIME=15
P11DSH1   EZ390 final_options=TRACE=
P11DSH1   EZ390 final_options=Z390ACROBAT=cmd.exe /c Start
P11DSH1   EZ390 final_options=Z390BROWSER=cmd.exe /c Start
P11DSH1   EZ390 final_options=Z390COMMAND=cmd.exe
P11DSH1   EZ390 final_options=Z390EDITOR=notepad.exe
P11DSH1   EZ390 final_options=INSTALL=
P11DSH1   EZ390 final_options=IPL=
P11DSH1   EZ390 final_options=LOG=C:\Program Files (x86)\Automated Software Tools\z390\mfacc\P11DSH1.LOG
P11DSH1   EZ390 final_options=SYS390=mfacc\+linklib
P11DSH1   EZ390 final_options=SYSBAL=mfacc\
P11DSH1   EZ390 final_options=SYSCPY=mfacc+mac
P11DSH1   EZ390 final_options=SYSDAT=mfacc\
P11DSH1   EZ390 final_options=SYSERR=mfacc\
P11DSH1   EZ390 final_options=SYSLOG=mfacc\
P11DSH1   EZ390 final_options=SYSLST=mfacc\
P11DSH1   EZ390 final_options=SYSMAC=mfacc\
P11DSH1   EZ390 final_options=SYSMLC=mfacc\
P11DSH1   EZ390 final_options=SYSPCH=mfacc\
P11DSH1   EZ390 final_options=SYSPRN=mfacc\
P11DSH1   EZ390 final_options=SYSOBJ=mfacc\
P11DSH1   EZ390 final_options=SYSOPT=mfacc\
P11DSH1   EZ390 final_options=SYSTRC=mfacc\
P11DSH1   EZ390 TCPIO operations      = 0
P11DSH1   EZ390 DCB operations        = 0
P11DSH1   EZ390 VSAM operations       = 0
P11DSH1   EZ390 Keys                  = 2467
P11DSH1   EZ390 Key searches          = 2
P11DSH1   EZ390 Key avg comps         = 1
P11DSH1   EZ390 Key max comps         = 1
P11DSH1   EZ390 total errors          = 0
P11DSH1   EZ390 ENDED   RC= 0 MEM(MB)= MB IO=168 INS=1041979
