P11FIND1  MZ390 START
P11FIND1  MZ390 Copyright 2011 Automated Software Tools Corporation
P11FIND1  MZ390 z390 is licensed under GNU General Public License
P11FIND1  MZ390 program = mfacc\P11FIND1.MLC
P11FIND1  MZ390 options = sysmac(C:\PROGRA~2\AUTOMA~1\z390\mac+.) 
  syscpy(C:\PROGRA~2\AUTOMA~1\z390\mac+.) @rt\RT1=(bal notiming stats) 
  SYSCPY(mfacc+mac) systerm(mfacc\rtmfacc)
P11FIND1  MZ390 final_options=ALIGN
P11FIND1  MZ390 final_options=NOALLOW
P11FIND1  MZ390 final_options=NOAMODE24
P11FIND1  MZ390 final_options=AMODE31
P11FIND1  MZ390 final_options=NOASCII
P11FIND1  MZ390 final_options=ASM
P11FIND1  MZ390 final_options=NOASSIST
P11FIND1  MZ390 final_options=AUTOLINK
P11FIND1  MZ390 final_options=BAL
P11FIND1  MZ390 final_options=NOBS2000
P11FIND1  MZ390 final_options=EDF
P11FIND1  MZ390 final_options=NOCICS
P11FIND1  MZ390 final_options=CODEPAGE(ISO-8859-1+IBM1047)
P11FIND1  MZ390 final_options=COMMENT
P11FIND1  MZ390 final_options=CON
P11FIND1  MZ390 final_options=NODUMP
P11FIND1  MZ390 final_options=EPILOG
P11FIND1  MZ390 final_options=NOERRSUM
P11FIND1  MZ390 final_options=EXTEND
P11FIND1  MZ390 final_options=FLOAT(DECIMAL)
P11FIND1  MZ390 final_options=NOGUAM
P11FIND1  MZ390 final_options=INIT
P11FIND1  MZ390 final_options=LIST
P11FIND1  MZ390 final_options=LISTCALL
P11FIND1  MZ390 final_options=LISTUSE
P11FIND1  MZ390 final_options=LOADHIGH
P11FIND1  MZ390 final_options=NOMCALL
P11FIND1  MZ390 final_options=NOMOD
P11FIND1  MZ390 final_options=OBJ
P11FIND1  MZ390 final_options=NOOBJHEX
P11FIND1  MZ390 final_options=PC
P11FIND1  MZ390 final_options=PCOPT
P11FIND1  MZ390 final_options=NOPDSMEM8
P11FIND1  MZ390 final_options=NOPRINTALL
P11FIND1  MZ390 final_options=PROLOG
P11FIND1  MZ390 final_options=PROTECT
P11FIND1  MZ390 final_options=R64
P11FIND1  MZ390 final_options=NOREFORMAT
P11FIND1  MZ390 final_options=NOREGS
P11FIND1  MZ390 final_options=RMODE24
P11FIND1  MZ390 final_options=NORMODE31
P11FIND1  MZ390 final_options=STATS
P11FIND1  MZ390 final_options=NOTEST
P11FIND1  MZ390 final_options=THREAD
P11FIND1  MZ390 final_options=NOTIME
P11FIND1  MZ390 final_options=NOTIMING
P11FIND1  MZ390 final_options=NOTRACE
P11FIND1  MZ390 final_options=NOTRACEA
P11FIND1  MZ390 final_options=NOTRACEALL
P11FIND1  MZ390 final_options=NOTRACEC
P11FIND1  MZ390 final_options=NOTRACEG
P11FIND1  MZ390 final_options=NOTRACEI
P11FIND1  MZ390 final_options=NOTRACEL
P11FIND1  MZ390 final_options=NOTRACEM
P11FIND1  MZ390 final_options=NOTRACEP
P11FIND1  MZ390 final_options=NOTRACEQ
P11FIND1  MZ390 final_options=NOTRACES
P11FIND1  MZ390 final_options=NOTRACET
P11FIND1  MZ390 final_options=NOTRACEV
P11FIND1  MZ390 final_options=TRAP
P11FIND1  MZ390 final_options=NOTRUNC
P11FIND1  MZ390 final_options=NOTS
P11FIND1  MZ390 final_options=VCB
P11FIND1  MZ390 final_options=WARN
P11FIND1  MZ390 final_options=XREF
P11FIND1  MZ390 final_options=ZSTRMAC
P11FIND1  MZ390 final_options=CHKMAC=0
P11FIND1  MZ390 final_options=CHKSRC=1
P11FIND1  MZ390 final_options=ERR=100
P11FIND1  MZ390 final_options=MAXCALL=50
P11FIND1  MZ390 final_options=MAXDISPLAY=80
P11FIND1  MZ390 final_options=MAXESD=1000
P11FIND1  MZ390 final_options=MAXFILE=1000
P11FIND1  MZ390 final_options=MAXGBL=100000
P11FIND1  MZ390 final_options=MAXHEIGHT=600
P11FIND1  MZ390 final_options=MAXLCL=100000
P11FIND1  MZ390 final_options=MAXLEN=80
P11FIND1  MZ390 final_options=MAXLINE=200000
P11FIND1  MZ390 final_options=MAXLOG=1000000
P11FIND1  MZ390 final_options=MAXPARM=10000
P11FIND1  MZ390 final_options=MAXPASS=2
P11FIND1  MZ390 final_options=MAXPC=50000
P11FIND1  MZ390 final_options=MAXQUE=1000
P11FIND1  MZ390 final_options=MAXRLD=10000
P11FIND1  MZ390 final_options=MAXSIZE=52428800
P11FIND1  MZ390 final_options=MAXSYM=50000
P11FIND1  MZ390 final_options=MAXWARN=4
P11FIND1  MZ390 final_options=MAXWIDTH=800
P11FIND1  MZ390 final_options=MEM=1
P11FIND1  MZ390 final_options=MINHEIGHT=150
P11FIND1  MZ390 final_options=MINWIDTH=150
P11FIND1  MZ390 final_options=MNOTE=0
P11FIND1  MZ390 final_options=PARM=
P11FIND1  MZ390 final_options=PROFILE=
P11FIND1  MZ390 final options=STATS=C:\Program Files (x86)\Automated Software Tools\z390\mfacc\P11FIND1.ST
P11FIND1  MZ390 final_options=A
P11FIND1  MZ390 final_options=SYSPARM=
P11FIND1  MZ390 final options=SYSTERM=C:\Program Files (x86)\Automated Software Tools\z390\mfacc\rtmfacc.E
P11FIND1  MZ390 final_options=RR
P11FIND1  MZ390 final_options=TESTDD=
P11FIND1  MZ390 final_options=TIME=15
P11FIND1  MZ390 final_options=TRACE=
P11FIND1  MZ390 final_options=Z390ACROBAT=cmd.exe /c Start
P11FIND1  MZ390 final_options=Z390BROWSER=cmd.exe /c Start
P11FIND1  MZ390 final_options=Z390COMMAND=cmd.exe
P11FIND1  MZ390 final_options=Z390EDITOR=notepad.exe
P11FIND1  MZ390 final_options=INSTALL=
P11FIND1  MZ390 final_options=IPL=
P11FIND1  MZ390 final_options=LOG=
P11FIND1  MZ390 final_options=SYS390=mfacc\+linklib
P11FIND1  MZ390 final_options=SYSBAL=mfacc\
P11FIND1  MZ390 final_options=SYSCPY=mfacc+mac
P11FIND1  MZ390 final_options=SYSDAT=mfacc\
P11FIND1  MZ390 final_options=SYSERR=mfacc\
P11FIND1  MZ390 final_options=SYSLOG=mfacc\
P11FIND1  MZ390 final_options=SYSLST=mfacc\
P11FIND1  MZ390 final_options=SYSMAC=C:\PROGRA~2\AUTOMA~1\z390\mac+.
P11FIND1  MZ390 final_options=SYSMLC=mfacc\
P11FIND1  MZ390 final_options=SYSPCH=mfacc\
P11FIND1  MZ390 final_options=SYSPRN=mfacc\
P11FIND1  MZ390 final_options=SYSOBJ=mfacc\
P11FIND1  MZ390 final_options=SYSOPT=mfacc\
P11FIND1  MZ390 final_options=SYSTRC=mfacc\
P11FIND1  MZ390 total MLC/MAC loaded  = 1299
P11FIND1  MZ390 total BAL output lines= 2780
P11FIND1  MZ390 total BAL instructions= 37
P11FIND1  MZ390 total macros          = 5
P11FIND1  MZ390 total macro loads     = 5
P11FIND1  MZ390 total macro calls     = 868
P11FIND1  MZ390 total AENTRY blocks   = 0
P11FIND1  MZ390 total ACALL  calls    = 0
P11FIND1  MZ390 total AIF    blocks   = 0
P11FIND1  MZ390 total ACASE  blocks   = 0
P11FIND1  MZ390 total AWHILE calls    = 0
P11FIND1  MZ390 total AUNTIL blocks   = 0
P11FIND1  MZ390 total global set names= 48
P11FIND1  MZ390 tot global seta cells = 0
P11FIND1  MZ390 tot global setb cells = 8
P11FIND1  MZ390 tot global setc cells = 40
P11FIND1  MZ390 max local pos parms   = 7
P11FIND1  MZ390 max local key parms   = 23
P11FIND1  MZ390 max local set names   = 34
P11FIND1  MZ390 max local seta cells  = 11
P11FIND1  MZ390 max local setb cells  = 0
P11FIND1  MZ390 max local setc cells  = 23
P11FIND1  MZ390 total array expansions= 0
P11FIND1  MZ390 total Keys            = 12005
P11FIND1  MZ390 Key searches          = 37287
P11FIND1  MZ390 Key avg comps         = 0
P11FIND1  MZ390 Key max comps         = 3
P11FIND1  MZ390 total macro line exec = 5524
P11FIND1  MZ390 total pcode line exec = 2628
P11FIND1  MZ390 total pcode line gen. = 65
P11FIND1  MZ390 total pcode line reuse= 0
P11FIND1  MZ390 total pcode op   gen. = 264
P11FIND1  MZ390 total pcode op   exec = 17332
P11FIND1  MZ390 total pcode gen  opt  = 143
P11FIND1  MZ390 total pcode exec opt  = 0
P11FIND1  MZ390 FID=  1 ERR= 0 C:\Program Files (x86)\Automated Software Tools\z390\mfacc\P11FIND1.MLC
P11FIND1  MZ390 FID=  2 ERR= 0 C:\Program Files (x86)\Automated Software Tools\z390\mfacc\OPCODES.CPY
P11FIND1  MZ390 FID=  3 ERR= 0 C:\PROGRA~2\AUTOMA~1\z390\mac\ZMFACC.MAC
P11FIND1  MZ390 FID=  4 ERR= 0 C:\PROGRA~2\AUTOMA~1\z390\mac\WTO.MAC
P11FIND1  MZ390 FID=  5 ERR= 0 C:\PROGRA~2\AUTOMA~1\z390\mac\SNAP.MAC
P11FIND1  MZ390 total mnote warnings  = 1
P11FIND1  MZ390 total mnote errors    = 0
P11FIND1  MZ390 max   mnote level     = 4
P11FIND1  MZ390 total mz390 errors    = 0
P11FIND1  AZ390 BAL lines             = 2780
P11FIND1  AZ390 symbols               = 72
P11FIND1  AZ390 Literals              = 10
P11FIND1  AZ390 alloc passes          = 2
P11FIND1  AZ390 Keys                  = 1401
P11FIND1  AZ390 Key searches          = 7870
P11FIND1  AZ390 Key avg comps         = 0
P11FIND1  AZ390 Key max comps         = 3
P11FIND1  AZ390 ESD symbols           = 1
P11FIND1  AZ390 object bytes          = 9224
P11FIND1  AZ390 object rlds           = 7
P11FIND1  AZ390 total mnote warnings  = 1
P11FIND1  AZ390 total mnote errors    = 0
P11FIND1  AZ390 max   mnote level     = 4
P11FIND1  AZ390 total mz390 errors    = 0
P11FIND1  AZ390 total az390 errors    = 0
P11FIND1  MZ390 ENDED   RC= 4 MEM(MB)= MB IO=13430
P11FIND1  LZ390 START
P11FIND1  LZ390 Copyright 2011 Automated Software Tools Corporation
P11FIND1  LZ390 z390 is licensed under GNU General Public License
P11FIND1  LZ390 options = @rt\RT1=(bal notiming stats) 
  SYSCPY(mfacc+mac) systerm(mfacc\rtmfacc)
P11FIND1  LZ390 program = mfacc\P11FIND1.OBJ
P11FIND1  LZ390 final_options=ALIGN
P11FIND1  LZ390 final_options=NOALLOW
P11FIND1  LZ390 final_options=NOAMODE24
P11FIND1  LZ390 final_options=AMODE31
P11FIND1  LZ390 final_options=NOASCII
P11FIND1  LZ390 final_options=ASM
P11FIND1  LZ390 final_options=NOASSIST
P11FIND1  LZ390 final_options=AUTOLINK
P11FIND1  LZ390 final_options=BAL
P11FIND1  LZ390 final_options=NOBS2000
P11FIND1  LZ390 final_options=EDF
P11FIND1  LZ390 final_options=NOCICS
P11FIND1  LZ390 final_options=CODEPAGE(ISO-8859-1+IBM1047)
P11FIND1  LZ390 final_options=COMMENT
P11FIND1  LZ390 final_options=CON
P11FIND1  LZ390 final_options=NODUMP
P11FIND1  LZ390 final_options=EPILOG
P11FIND1  LZ390 final_options=NOERRSUM
P11FIND1  LZ390 final_options=EXTEND
P11FIND1  LZ390 final_options=FLOAT(DECIMAL)
P11FIND1  LZ390 final_options=NOGUAM
P11FIND1  LZ390 final_options=INIT
P11FIND1  LZ390 final_options=LIST
P11FIND1  LZ390 final_options=LISTCALL
P11FIND1  LZ390 final_options=LISTUSE
P11FIND1  LZ390 final_options=LOADHIGH
P11FIND1  LZ390 final_options=NOMCALL
P11FIND1  LZ390 final_options=NOMOD
P11FIND1  LZ390 final_options=OBJ
P11FIND1  LZ390 final_options=NOOBJHEX
P11FIND1  LZ390 final_options=PC
P11FIND1  LZ390 final_options=PCOPT
P11FIND1  LZ390 final_options=NOPDSMEM8
P11FIND1  LZ390 final_options=NOPRINTALL
P11FIND1  LZ390 final_options=PROLOG
P11FIND1  LZ390 final_options=PROTECT
P11FIND1  LZ390 final_options=R64
P11FIND1  LZ390 final_options=NOREFORMAT
P11FIND1  LZ390 final_options=NOREGS
P11FIND1  LZ390 final_options=RMODE24
P11FIND1  LZ390 final_options=NORMODE31
P11FIND1  LZ390 final_options=STATS
P11FIND1  LZ390 final_options=NOTEST
P11FIND1  LZ390 final_options=THREAD
P11FIND1  LZ390 final_options=NOTIME
P11FIND1  LZ390 final_options=NOTIMING
P11FIND1  LZ390 final_options=NOTRACE
P11FIND1  LZ390 final_options=NOTRACEA
P11FIND1  LZ390 final_options=NOTRACEALL
P11FIND1  LZ390 final_options=NOTRACEC
P11FIND1  LZ390 final_options=NOTRACEG
P11FIND1  LZ390 final_options=NOTRACEI
P11FIND1  LZ390 final_options=NOTRACEL
P11FIND1  LZ390 final_options=NOTRACEM
P11FIND1  LZ390 final_options=NOTRACEP
P11FIND1  LZ390 final_options=NOTRACEQ
P11FIND1  LZ390 final_options=NOTRACES
P11FIND1  LZ390 final_options=NOTRACET
P11FIND1  LZ390 final_options=NOTRACEV
P11FIND1  LZ390 final_options=TRAP
P11FIND1  LZ390 final_options=NOTRUNC
P11FIND1  LZ390 final_options=NOTS
P11FIND1  LZ390 final_options=VCB
P11FIND1  LZ390 final_options=WARN
P11FIND1  LZ390 final_options=XREF
P11FIND1  LZ390 final_options=ZSTRMAC
P11FIND1  LZ390 final_options=CHKMAC=0
P11FIND1  LZ390 final_options=CHKSRC=1
P11FIND1  LZ390 final_options=ERR=100
P11FIND1  LZ390 final_options=MAXCALL=50
P11FIND1  LZ390 final_options=MAXDISPLAY=80
P11FIND1  LZ390 final_options=MAXESD=1000
P11FIND1  LZ390 final_options=MAXFILE=1000
P11FIND1  LZ390 final_options=MAXGBL=100000
P11FIND1  LZ390 final_options=MAXHEIGHT=600
P11FIND1  LZ390 final_options=MAXLCL=100000
P11FIND1  LZ390 final_options=MAXLEN=80
P11FIND1  LZ390 final_options=MAXLINE=200000
P11FIND1  LZ390 final_options=MAXLOG=1000000
P11FIND1  LZ390 final_options=MAXPARM=10000
P11FIND1  LZ390 final_options=MAXPASS=2
P11FIND1  LZ390 final_options=MAXPC=50000
P11FIND1  LZ390 final_options=MAXQUE=1000
P11FIND1  LZ390 final_options=MAXRLD=10000
P11FIND1  LZ390 final_options=MAXSIZE=52428800
P11FIND1  LZ390 final_options=MAXSYM=50000
P11FIND1  LZ390 final_options=MAXWARN=4
P11FIND1  LZ390 final_options=MAXWIDTH=800
P11FIND1  LZ390 final_options=MEM=1
P11FIND1  LZ390 final_options=MINHEIGHT=150
P11FIND1  LZ390 final_options=MINWIDTH=150
P11FIND1  LZ390 final_options=MNOTE=0
P11FIND1  LZ390 final_options=PARM=
P11FIND1  LZ390 final_options=PROFILE=
P11FIND1  LZ390 final options=STATS=C:\Program Files (x86)\Automated Software Tools\z390\mfacc\P11FIND1.ST
P11FIND1  LZ390 final_options=A
P11FIND1  LZ390 final_options=SYSPARM=
P11FIND1  LZ390 final options=SYSTERM=C:\Program Files (x86)\Automated Software Tools\z390\mfacc\rtmfacc.E
P11FIND1  LZ390 final_options=RR
P11FIND1  LZ390 final_options=TESTDD=
P11FIND1  LZ390 final_options=TIME=15
P11FIND1  LZ390 final_options=TRACE=
P11FIND1  LZ390 final_options=Z390ACROBAT=cmd.exe /c Start
P11FIND1  LZ390 final_options=Z390BROWSER=cmd.exe /c Start
P11FIND1  LZ390 final_options=Z390COMMAND=cmd.exe
P11FIND1  LZ390 final_options=Z390EDITOR=notepad.exe
P11FIND1  LZ390 final_options=INSTALL=
P11FIND1  LZ390 final_options=IPL=
P11FIND1  LZ390 final_options=LOG=
P11FIND1  LZ390 final_options=SYS390=mfacc\+linklib
P11FIND1  LZ390 final_options=SYSBAL=mfacc\
P11FIND1  LZ390 final_options=SYSCPY=mfacc+mac
P11FIND1  LZ390 final_options=SYSDAT=mfacc\
P11FIND1  LZ390 final_options=SYSERR=mfacc\
P11FIND1  LZ390 final_options=SYSLOG=mfacc\
P11FIND1  LZ390 final_options=SYSLST=mfacc\
P11FIND1  LZ390 final_options=SYSMAC=mfacc\
P11FIND1  LZ390 final_options=SYSMLC=mfacc\
P11FIND1  LZ390 final_options=SYSPCH=mfacc\
P11FIND1  LZ390 final_options=SYSPRN=mfacc\
P11FIND1  LZ390 final_options=SYSOBJ=mfacc\
P11FIND1  LZ390 final_options=SYSOPT=mfacc\
P11FIND1  LZ390 final_options=SYSTRC=mfacc\
P11FIND1  LZ390 Stats total obj files = 1
P11FIND1  LZ390 Stats total esds      = 1
P11FIND1  LZ390 Stats total csects    = 1
P11FIND1  LZ390 Stats total entries   = 0
P11FIND1  LZ390 Stats missing wxtrn's = 0
P11FIND1  LZ390 Stats Keys            = 1
P11FIND1  LZ390 Stats Key searches    = 2
P11FIND1  LZ390 Stats Key avg comps   = 0
P11FIND1  LZ390 Stats Key max comps   = 1
P11FIND1  LZ390 Stats total obj byte  = 9224
P11FIND1  LZ390 Stats total obj rlds  = 7
P11FIND1  LZ390 total errors          = 0
P11FIND1  LZ390 ENDED   RC= 0 MEM(MB)= MB IO=1356
P11FIND1  EZ390 START
P11FIND1  EZ390 Copyright 2011 Automated Software Tools Corporation
P11FIND1  EZ390 z390 is licensed under GNU General Public License
P11FIND1  EZ390 program = mfacc\P11FIND1.390
P11FIND1  EZ390 options = @rt\RT1=(bal notiming stats) 
  SYSCPY(mfacc+mac) systerm(mfacc\rtmfacc)
P11FIND1  EZ390 final_options=ALIGN
P11FIND1  EZ390 final_options=NOALLOW
P11FIND1  EZ390 final_options=NOAMODE24
P11FIND1  EZ390 final_options=AMODE31
P11FIND1  EZ390 final_options=NOASCII
P11FIND1  EZ390 final_options=ASM
P11FIND1  EZ390 final_options=NOASSIST
P11FIND1  EZ390 final_options=AUTOLINK
P11FIND1  EZ390 final_options=BAL
P11FIND1  EZ390 final_options=NOBS2000
P11FIND1  EZ390 final_options=EDF
P11FIND1  EZ390 final_options=NOCICS
P11FIND1  EZ390 final_options=CODEPAGE(ISO-8859-1+IBM1047)
P11FIND1  EZ390 final_options=COMMENT
P11FIND1  EZ390 final_options=CON
P11FIND1  EZ390 final_options=NODUMP
P11FIND1  EZ390 final_options=EPILOG
P11FIND1  EZ390 final_options=NOERRSUM
P11FIND1  EZ390 final_options=EXTEND
P11FIND1  EZ390 final_options=FLOAT(DECIMAL)
P11FIND1  EZ390 final_options=NOGUAM
P11FIND1  EZ390 final_options=INIT
P11FIND1  EZ390 final_options=LIST
P11FIND1  EZ390 final_options=LISTCALL
P11FIND1  EZ390 final_options=LISTUSE
P11FIND1  EZ390 final_options=LOADHIGH
P11FIND1  EZ390 final_options=NOMCALL
P11FIND1  EZ390 final_options=NOMOD
P11FIND1  EZ390 final_options=OBJ
P11FIND1  EZ390 final_options=NOOBJHEX
P11FIND1  EZ390 final_options=PC
P11FIND1  EZ390 final_options=PCOPT
P11FIND1  EZ390 final_options=NOPDSMEM8
P11FIND1  EZ390 final_options=NOPRINTALL
P11FIND1  EZ390 final_options=PROLOG
P11FIND1  EZ390 final_options=PROTECT
P11FIND1  EZ390 final_options=R64
P11FIND1  EZ390 final_options=NOREFORMAT
P11FIND1  EZ390 final_options=NOREGS
P11FIND1  EZ390 final_options=RMODE24
P11FIND1  EZ390 final_options=NORMODE31
P11FIND1  EZ390 final_options=STATS
P11FIND1  EZ390 final_options=NOTEST
P11FIND1  EZ390 final_options=THREAD
P11FIND1  EZ390 final_options=NOTIME
P11FIND1  EZ390 final_options=NOTIMING
P11FIND1  EZ390 final_options=NOTRACE
P11FIND1  EZ390 final_options=NOTRACEA
P11FIND1  EZ390 final_options=NOTRACEALL
P11FIND1  EZ390 final_options=NOTRACEC
P11FIND1  EZ390 final_options=NOTRACEG
P11FIND1  EZ390 final_options=NOTRACEI
P11FIND1  EZ390 final_options=NOTRACEL
P11FIND1  EZ390 final_options=NOTRACEM
P11FIND1  EZ390 final_options=NOTRACEP
P11FIND1  EZ390 final_options=NOTRACEQ
P11FIND1  EZ390 final_options=NOTRACES
P11FIND1  EZ390 final_options=NOTRACET
P11FIND1  EZ390 final_options=NOTRACEV
P11FIND1  EZ390 final_options=TRAP
P11FIND1  EZ390 final_options=NOTRUNC
P11FIND1  EZ390 final_options=NOTS
P11FIND1  EZ390 final_options=VCB
P11FIND1  EZ390 final_options=WARN
P11FIND1  EZ390 final_options=XREF
P11FIND1  EZ390 final_options=ZSTRMAC
P11FIND1  EZ390 final_options=CHKMAC=0
P11FIND1  EZ390 final_options=CHKSRC=1
P11FIND1  EZ390 final_options=ERR=100
P11FIND1  EZ390 final_options=MAXCALL=50
P11FIND1  EZ390 final_options=MAXDISPLAY=80
P11FIND1  EZ390 final_options=MAXESD=1000
P11FIND1  EZ390 final_options=MAXFILE=1000
P11FIND1  EZ390 final_options=MAXGBL=100000
P11FIND1  EZ390 final_options=MAXHEIGHT=600
P11FIND1  EZ390 final_options=MAXLCL=100000
P11FIND1  EZ390 final_options=MAXLEN=80
P11FIND1  EZ390 final_options=MAXLINE=200000
P11FIND1  EZ390 final_options=MAXLOG=1000000
P11FIND1  EZ390 final_options=MAXPARM=10000
P11FIND1  EZ390 final_options=MAXPASS=2
P11FIND1  EZ390 final_options=MAXPC=50000
P11FIND1  EZ390 final_options=MAXQUE=1000
P11FIND1  EZ390 final_options=MAXRLD=10000
P11FIND1  EZ390 final_options=MAXSIZE=52428800
P11FIND1  EZ390 final_options=MAXSYM=50000
P11FIND1  EZ390 final_options=MAXWARN=4
P11FIND1  EZ390 final_options=MAXWIDTH=800
P11FIND1  EZ390 final_options=MEM=1
P11FIND1  EZ390 final_options=MINHEIGHT=150
P11FIND1  EZ390 final_options=MINWIDTH=150
P11FIND1  EZ390 final_options=MNOTE=0
P11FIND1  EZ390 final_options=PARM=
P11FIND1  EZ390 final_options=PROFILE=
P11FIND1  EZ390 final options=STATS=C:\Program Files (x86)\Automated Software Tools\z390\mfacc\P11FIND1.ST
P11FIND1  EZ390 final_options=A
P11FIND1  EZ390 final_options=SYSPARM=
P11FIND1  EZ390 final options=SYSTERM=C:\Program Files (x86)\Automated Software Tools\z390\mfacc\rtmfacc.E
P11FIND1  EZ390 final_options=RR
P11FIND1  EZ390 final_options=TESTDD=
P11FIND1  EZ390 final_options=TIME=15
P11FIND1  EZ390 final_options=TRACE=
P11FIND1  EZ390 final_options=Z390ACROBAT=cmd.exe /c Start
P11FIND1  EZ390 final_options=Z390BROWSER=cmd.exe /c Start
P11FIND1  EZ390 final_options=Z390COMMAND=cmd.exe
P11FIND1  EZ390 final_options=Z390EDITOR=notepad.exe
P11FIND1  EZ390 final_options=INSTALL=
P11FIND1  EZ390 final_options=IPL=
P11FIND1  EZ390 final_options=LOG=C:\Program Files (x86)\Automated Software Tools\z390\mfacc\P11FIND1.LOG
P11FIND1  EZ390 final_options=SYS390=mfacc\+linklib
P11FIND1  EZ390 final_options=SYSBAL=mfacc\
P11FIND1  EZ390 final_options=SYSCPY=mfacc+mac
P11FIND1  EZ390 final_options=SYSDAT=mfacc\
P11FIND1  EZ390 final_options=SYSERR=mfacc\
P11FIND1  EZ390 final_options=SYSLOG=mfacc\
P11FIND1  EZ390 final_options=SYSLST=mfacc\
P11FIND1  EZ390 final_options=SYSMAC=mfacc\
P11FIND1  EZ390 final_options=SYSMLC=mfacc\
P11FIND1  EZ390 final_options=SYSPCH=mfacc\
P11FIND1  EZ390 final_options=SYSPRN=mfacc\
P11FIND1  EZ390 final_options=SYSOBJ=mfacc\
P11FIND1  EZ390 final_options=SYSOPT=mfacc\
P11FIND1  EZ390 final_options=SYSTRC=mfacc\
P11FIND1  EZ390 TCPIO operations      = 0
P11FIND1  EZ390 DCB operations        = 0
P11FIND1  EZ390 VSAM operations       = 0
P11FIND1  EZ390 Keys                  = 2467
P11FIND1  EZ390 Key searches          = 2
P11FIND1  EZ390 Key avg comps         = 2
P11FIND1  EZ390 Key max comps         = 2
P11FIND1  EZ390 total errors          = 0
P11FIND1  EZ390 ENDED   RC= 0 MEM(MB)= MB IO=174 INS=85137624
