P12DSH1   MZ390 START
P12DSH1   MZ390 Copyright 2011 Automated Software Tools Corporation
P12DSH1   MZ390 z390 is licensed under GNU General Public License
P12DSH1   MZ390 program = mfacc\P12DSH1.MLC
P12DSH1   MZ390 options = sysmac(C:\PROGRA~2\AUTOMA~1\z390\mac+.) 
  syscpy(C:\PROGRA~2\AUTOMA~1\z390\mac+.) @rt\RT1=(bal notiming stats) 
  systerm(mfacc\rtmfacc)
P12DSH1   MZ390 final_options=ALIGN
P12DSH1   MZ390 final_options=NOALLOW
P12DSH1   MZ390 final_options=NOAMODE24
P12DSH1   MZ390 final_options=AMODE31
P12DSH1   MZ390 final_options=NOASCII
P12DSH1   MZ390 final_options=ASM
P12DSH1   MZ390 final_options=NOASSIST
P12DSH1   MZ390 final_options=AUTOLINK
P12DSH1   MZ390 final_options=BAL
P12DSH1   MZ390 final_options=NOBS2000
P12DSH1   MZ390 final_options=EDF
P12DSH1   MZ390 final_options=NOCICS
P12DSH1   MZ390 final_options=CODEPAGE(ISO-8859-1+IBM1047)
P12DSH1   MZ390 final_options=COMMENT
P12DSH1   MZ390 final_options=CON
P12DSH1   MZ390 final_options=NODUMP
P12DSH1   MZ390 final_options=EPILOG
P12DSH1   MZ390 final_options=NOERRSUM
P12DSH1   MZ390 final_options=EXTEND
P12DSH1   MZ390 final_options=FLOAT(DECIMAL)
P12DSH1   MZ390 final_options=NOGUAM
P12DSH1   MZ390 final_options=INIT
P12DSH1   MZ390 final_options=LIST
P12DSH1   MZ390 final_options=LISTCALL
P12DSH1   MZ390 final_options=LISTUSE
P12DSH1   MZ390 final_options=LOADHIGH
P12DSH1   MZ390 final_options=NOMCALL
P12DSH1   MZ390 final_options=NOMOD
P12DSH1   MZ390 final_options=OBJ
P12DSH1   MZ390 final_options=NOOBJHEX
P12DSH1   MZ390 final_options=PC
P12DSH1   MZ390 final_options=PCOPT
P12DSH1   MZ390 final_options=NOPDSMEM8
P12DSH1   MZ390 final_options=NOPRINTALL
P12DSH1   MZ390 final_options=PROLOG
P12DSH1   MZ390 final_options=PROTECT
P12DSH1   MZ390 final_options=R64
P12DSH1   MZ390 final_options=NOREFORMAT
P12DSH1   MZ390 final_options=NOREGS
P12DSH1   MZ390 final_options=RMODE24
P12DSH1   MZ390 final_options=NORMODE31
P12DSH1   MZ390 final_options=STATS
P12DSH1   MZ390 final_options=NOTEST
P12DSH1   MZ390 final_options=THREAD
P12DSH1   MZ390 final_options=NOTIME
P12DSH1   MZ390 final_options=NOTIMING
P12DSH1   MZ390 final_options=NOTRACE
P12DSH1   MZ390 final_options=NOTRACEA
P12DSH1   MZ390 final_options=NOTRACEALL
P12DSH1   MZ390 final_options=NOTRACEC
P12DSH1   MZ390 final_options=NOTRACEG
P12DSH1   MZ390 final_options=NOTRACEI
P12DSH1   MZ390 final_options=NOTRACEL
P12DSH1   MZ390 final_options=NOTRACEM
P12DSH1   MZ390 final_options=NOTRACEP
P12DSH1   MZ390 final_options=NOTRACEQ
P12DSH1   MZ390 final_options=NOTRACES
P12DSH1   MZ390 final_options=NOTRACET
P12DSH1   MZ390 final_options=NOTRACEV
P12DSH1   MZ390 final_options=TRAP
P12DSH1   MZ390 final_options=NOTRUNC
P12DSH1   MZ390 final_options=NOTS
P12DSH1   MZ390 final_options=VCB
P12DSH1   MZ390 final_options=WARN
P12DSH1   MZ390 final_options=XREF
P12DSH1   MZ390 final_options=ZSTRMAC
P12DSH1   MZ390 final_options=CHKMAC=0
P12DSH1   MZ390 final_options=CHKSRC=1
P12DSH1   MZ390 final_options=ERR=100
P12DSH1   MZ390 final_options=MAXCALL=50
P12DSH1   MZ390 final_options=MAXDISPLAY=80
P12DSH1   MZ390 final_options=MAXESD=1000
P12DSH1   MZ390 final_options=MAXFILE=1000
P12DSH1   MZ390 final_options=MAXGBL=100000
P12DSH1   MZ390 final_options=MAXHEIGHT=600
P12DSH1   MZ390 final_options=MAXLCL=100000
P12DSH1   MZ390 final_options=MAXLEN=80
P12DSH1   MZ390 final_options=MAXLINE=200000
P12DSH1   MZ390 final_options=MAXLOG=1000000
P12DSH1   MZ390 final_options=MAXPARM=10000
P12DSH1   MZ390 final_options=MAXPASS=2
P12DSH1   MZ390 final_options=MAXPC=50000
P12DSH1   MZ390 final_options=MAXQUE=1000
P12DSH1   MZ390 final_options=MAXRLD=10000
P12DSH1   MZ390 final_options=MAXSIZE=52428800
P12DSH1   MZ390 final_options=MAXSYM=50000
P12DSH1   MZ390 final_options=MAXWARN=4
P12DSH1   MZ390 final_options=MAXWIDTH=800
P12DSH1   MZ390 final_options=MEM=1
P12DSH1   MZ390 final_options=MINHEIGHT=150
P12DSH1   MZ390 final_options=MINWIDTH=150
P12DSH1   MZ390 final_options=MNOTE=0
P12DSH1   MZ390 final_options=PARM=
P12DSH1   MZ390 final_options=PROFILE=
P12DSH1   MZ390 final_options=STATS=C:\Program Files (x86)\Automated Software Tools\z390\mfacc\P12DSH1.STA
P12DSH1   MZ390 final_options=SYSPARM=
P12DSH1   MZ390 final options=SYSTERM=C:\Program Files (x86)\Automated Software Tools\z390\mfacc\rtmfacc.E
P12DSH1   MZ390 final_options=RR
P12DSH1   MZ390 final_options=TESTDD=
P12DSH1   MZ390 final_options=TIME=15
P12DSH1   MZ390 final_options=TRACE=
P12DSH1   MZ390 final_options=Z390ACROBAT=cmd.exe /c Start
P12DSH1   MZ390 final_options=Z390BROWSER=cmd.exe /c Start
P12DSH1   MZ390 final_options=Z390COMMAND=cmd.exe
P12DSH1   MZ390 final_options=Z390EDITOR=notepad.exe
P12DSH1   MZ390 final_options=INSTALL=
P12DSH1   MZ390 final_options=IPL=
P12DSH1   MZ390 final_options=LOG=
P12DSH1   MZ390 final_options=SYS390=mfacc\+linklib
P12DSH1   MZ390 final_options=SYSBAL=mfacc\
P12DSH1   MZ390 final_options=SYSCPY=C:\PROGRA~2\AUTOMA~1\z390\mac+.
P12DSH1   MZ390 final_options=SYSDAT=mfacc\
P12DSH1   MZ390 final_options=SYSERR=mfacc\
P12DSH1   MZ390 final_options=SYSLOG=mfacc\
P12DSH1   MZ390 final_options=SYSLST=mfacc\
P12DSH1   MZ390 final_options=SYSMAC=C:\PROGRA~2\AUTOMA~1\z390\mac+.
P12DSH1   MZ390 final_options=SYSMLC=mfacc\
P12DSH1   MZ390 final_options=SYSPCH=mfacc\
P12DSH1   MZ390 final_options=SYSPRN=mfacc\
P12DSH1   MZ390 final_options=SYSOBJ=mfacc\
P12DSH1   MZ390 final_options=SYSOPT=mfacc\
P12DSH1   MZ390 final_options=SYSTRC=mfacc\
P12DSH1   MZ390 total MLC/MAC loaded  = 895
P12DSH1   MZ390 total BAL output lines= 336
P12DSH1   MZ390 total BAL instructions= 43
P12DSH1   MZ390 total macros          = 16
P12DSH1   MZ390 total macro loads     = 16
P12DSH1   MZ390 total macro calls     = 43
P12DSH1   MZ390 total AENTRY blocks   = 6
P12DSH1   MZ390 total ACALL  calls    = 6
P12DSH1   MZ390 total AIF    blocks   = 56
P12DSH1   MZ390 total ACASE  blocks   = 0
P12DSH1   MZ390 total AWHILE calls    = 4
P12DSH1   MZ390 total AUNTIL blocks   = 0
P12DSH1   MZ390 total global set names= 67
P12DSH1   MZ390 tot global seta cells = 316
P12DSH1   MZ390 tot global setb cells = 210
P12DSH1   MZ390 tot global setc cells = 540
P12DSH1   MZ390 max local pos parms   = 8
P12DSH1   MZ390 max local key parms   = 23
P12DSH1   MZ390 max local set names   = 34
P12DSH1   MZ390 max local seta cells  = 11
P12DSH1   MZ390 max local setb cells  = 1
P12DSH1   MZ390 max local setc cells  = 23
P12DSH1   MZ390 total array expansions= 0
P12DSH1   MZ390 total Keys            = 2302
P12DSH1   MZ390 Key searches          = 8509
P12DSH1   MZ390 Key avg comps         = 0
P12DSH1   MZ390 Key max comps         = 3
P12DSH1   MZ390 total macro line exec = 970
P12DSH1   MZ390 total pcode line exec = 173
P12DSH1   MZ390 total pcode line gen. = 174
P12DSH1   MZ390 total pcode line reuse= 0
P12DSH1   MZ390 total pcode op   gen. = 760
P12DSH1   MZ390 total pcode op   exec = 682
P12DSH1   MZ390 total pcode gen  opt  = 267
P12DSH1   MZ390 total pcode exec opt  = 8
P12DSH1   MZ390 FID=  1 ERR= 0 C:\Program Files (x86)\Automated Software Tools\z390\mfacc\P12DSH1.MLC
P12DSH1   MZ390 FID=  2 ERR= 0 C:\PROGRA~2\AUTOMA~1\z390\mac\ASMMSP.CPY
P12DSH1   MZ390 FID=  3 ERR= 0 C:\PROGRA~2\AUTOMA~1\z390\mac\ZSTRMAC.CPY
P12DSH1   MZ390 FID=  4 ERR= 0 C:\PROGRA~2\AUTOMA~1\z390\mac\ZMFACC.MAC
P12DSH1   MZ390 FID=  5 ERR= 0 C:\PROGRA~2\AUTOMA~1\z390\mac\WTO.MAC
P12DSH1   MZ390 FID=  6 ERR= 0 C:\PROGRA~2\AUTOMA~1\z390\mac\SNAP.MAC
P12DSH1   MZ390 FID=  7 ERR= 0 C:\PROGRA~2\AUTOMA~1\z390\mac\CALL.MAC
P12DSH1   MZ390 FID=  8 ERR= 0 C:\PROGRA~2\AUTOMA~1\z390\mac\ZCALL.MAC
P12DSH1   MZ390 FID=  9 ERR= 0 C:\PROGRA~2\AUTOMA~1\z390\mac\CTD.MAC
P12DSH1   MZ390 FID= 10 ERR= 0 C:\PROGRA~2\AUTOMA~1\z390\mac\SAVE.MAC
P12DSH1   MZ390 FID= 11 ERR= 0 C:\PROGRA~2\AUTOMA~1\z390\mac\IF.MAC
P12DSH1   MZ390 FID= 12 ERR= 0 C:\PROGRA~2\AUTOMA~1\z390\mac\ZSTRGBL.CPY
P12DSH1   MZ390 FID= 13 ERR= 0 C:\PROGRA~2\AUTOMA~1\z390\mac\ZSTREQU.MAC
P12DSH1   MZ390 FID= 14 ERR= 0 C:\PROGRA~2\AUTOMA~1\z390\mac\RETURN.MAC
P12DSH1   MZ390 FID= 15 ERR= 0 C:\PROGRA~2\AUTOMA~1\z390\mac\ZRETURN.MAC
P12DSH1   MZ390 FID= 16 ERR= 0 C:\PROGRA~2\AUTOMA~1\z390\mac\RESTORE.MAC
P12DSH1   MZ390 FID= 17 ERR= 0 C:\PROGRA~2\AUTOMA~1\z390\mac\ENDIF.MAC
P12DSH1   MZ390 FID= 18 ERR= 0 C:\PROGRA~2\AUTOMA~1\z390\mac\DO.MAC
P12DSH1   MZ390 FID= 19 ERR= 0 C:\PROGRA~2\AUTOMA~1\z390\mac\ENDDO.MAC
P12DSH1   MZ390 total mnote warnings  = 1
P12DSH1   MZ390 total mnote errors    = 0
P12DSH1   MZ390 max   mnote level     = 4
P12DSH1   MZ390 total mz390 errors    = 0
P12DSH1   AZ390 BAL lines             = 336
P12DSH1   AZ390 symbols               = 103
P12DSH1   AZ390 Literals              = 9
P12DSH1   AZ390 alloc passes          = 3
P12DSH1   AZ390 Keys                  = 1431
P12DSH1   AZ390 Key searches          = 3849
P12DSH1   AZ390 Key avg comps         = 0
P12DSH1   AZ390 Key max comps         = 3
P12DSH1   AZ390 ESD symbols           = 3
P12DSH1   AZ390 object bytes          = 758
P12DSH1   AZ390 object rlds           = 10
P12DSH1   AZ390 total mnote warnings  = 1
P12DSH1   AZ390 total mnote errors    = 0
P12DSH1   AZ390 max   mnote level     = 4
P12DSH1   AZ390 total mz390 errors    = 0
P12DSH1   AZ390 total az390 errors    = 0
P12DSH1   MZ390 ENDED   RC= 4 MEM(MB)= MB IO=4440
P12DSH1   LZ390 START
P12DSH1   LZ390 Copyright 2011 Automated Software Tools Corporation
P12DSH1   LZ390 z390 is licensed under GNU General Public License
P12DSH1   LZ390 options = @rt\RT1=(bal notiming stats) 
  systerm(mfacc\rtmfacc)
P12DSH1   LZ390 program = mfacc\P12DSH1.OBJ
P12DSH1   LZ390 final_options=ALIGN
P12DSH1   LZ390 final_options=NOALLOW
P12DSH1   LZ390 final_options=NOAMODE24
P12DSH1   LZ390 final_options=AMODE31
P12DSH1   LZ390 final_options=NOASCII
P12DSH1   LZ390 final_options=ASM
P12DSH1   LZ390 final_options=NOASSIST
P12DSH1   LZ390 final_options=AUTOLINK
P12DSH1   LZ390 final_options=BAL
P12DSH1   LZ390 final_options=NOBS2000
P12DSH1   LZ390 final_options=EDF
P12DSH1   LZ390 final_options=NOCICS
P12DSH1   LZ390 final_options=CODEPAGE(ISO-8859-1+IBM1047)
P12DSH1   LZ390 final_options=COMMENT
P12DSH1   LZ390 final_options=CON
P12DSH1   LZ390 final_options=NODUMP
P12DSH1   LZ390 final_options=EPILOG
P12DSH1   LZ390 final_options=NOERRSUM
P12DSH1   LZ390 final_options=EXTEND
P12DSH1   LZ390 final_options=FLOAT(DECIMAL)
P12DSH1   LZ390 final_options=NOGUAM
P12DSH1   LZ390 final_options=INIT
P12DSH1   LZ390 final_options=LIST
P12DSH1   LZ390 final_options=LISTCALL
P12DSH1   LZ390 final_options=LISTUSE
P12DSH1   LZ390 final_options=LOADHIGH
P12DSH1   LZ390 final_options=NOMCALL
P12DSH1   LZ390 final_options=NOMOD
P12DSH1   LZ390 final_options=OBJ
P12DSH1   LZ390 final_options=NOOBJHEX
P12DSH1   LZ390 final_options=PC
P12DSH1   LZ390 final_options=PCOPT
P12DSH1   LZ390 final_options=NOPDSMEM8
P12DSH1   LZ390 final_options=NOPRINTALL
P12DSH1   LZ390 final_options=PROLOG
P12DSH1   LZ390 final_options=PROTECT
P12DSH1   LZ390 final_options=R64
P12DSH1   LZ390 final_options=NOREFORMAT
P12DSH1   LZ390 final_options=NOREGS
P12DSH1   LZ390 final_options=RMODE24
P12DSH1   LZ390 final_options=NORMODE31
P12DSH1   LZ390 final_options=STATS
P12DSH1   LZ390 final_options=NOTEST
P12DSH1   LZ390 final_options=THREAD
P12DSH1   LZ390 final_options=NOTIME
P12DSH1   LZ390 final_options=NOTIMING
P12DSH1   LZ390 final_options=NOTRACE
P12DSH1   LZ390 final_options=NOTRACEA
P12DSH1   LZ390 final_options=NOTRACEALL
P12DSH1   LZ390 final_options=NOTRACEC
P12DSH1   LZ390 final_options=NOTRACEG
P12DSH1   LZ390 final_options=NOTRACEI
P12DSH1   LZ390 final_options=NOTRACEL
P12DSH1   LZ390 final_options=NOTRACEM
P12DSH1   LZ390 final_options=NOTRACEP
P12DSH1   LZ390 final_options=NOTRACEQ
P12DSH1   LZ390 final_options=NOTRACES
P12DSH1   LZ390 final_options=NOTRACET
P12DSH1   LZ390 final_options=NOTRACEV
P12DSH1   LZ390 final_options=TRAP
P12DSH1   LZ390 final_options=NOTRUNC
P12DSH1   LZ390 final_options=NOTS
P12DSH1   LZ390 final_options=VCB
P12DSH1   LZ390 final_options=WARN
P12DSH1   LZ390 final_options=XREF
P12DSH1   LZ390 final_options=ZSTRMAC
P12DSH1   LZ390 final_options=CHKMAC=0
P12DSH1   LZ390 final_options=CHKSRC=1
P12DSH1   LZ390 final_options=ERR=100
P12DSH1   LZ390 final_options=MAXCALL=50
P12DSH1   LZ390 final_options=MAXDISPLAY=80
P12DSH1   LZ390 final_options=MAXESD=1000
P12DSH1   LZ390 final_options=MAXFILE=1000
P12DSH1   LZ390 final_options=MAXGBL=100000
P12DSH1   LZ390 final_options=MAXHEIGHT=600
P12DSH1   LZ390 final_options=MAXLCL=100000
P12DSH1   LZ390 final_options=MAXLEN=80
P12DSH1   LZ390 final_options=MAXLINE=200000
P12DSH1   LZ390 final_options=MAXLOG=1000000
P12DSH1   LZ390 final_options=MAXPARM=10000
P12DSH1   LZ390 final_options=MAXPASS=2
P12DSH1   LZ390 final_options=MAXPC=50000
P12DSH1   LZ390 final_options=MAXQUE=1000
P12DSH1   LZ390 final_options=MAXRLD=10000
P12DSH1   LZ390 final_options=MAXSIZE=52428800
P12DSH1   LZ390 final_options=MAXSYM=50000
P12DSH1   LZ390 final_options=MAXWARN=4
P12DSH1   LZ390 final_options=MAXWIDTH=800
P12DSH1   LZ390 final_options=MEM=1
P12DSH1   LZ390 final_options=MINHEIGHT=150
P12DSH1   LZ390 final_options=MINWIDTH=150
P12DSH1   LZ390 final_options=MNOTE=0
P12DSH1   LZ390 final_options=PARM=
P12DSH1   LZ390 final_options=PROFILE=
P12DSH1   LZ390 final_options=STATS=C:\Program Files (x86)\Automated Software Tools\z390\mfacc\P12DSH1.STA
P12DSH1   LZ390 final_options=SYSPARM=
P12DSH1   LZ390 final options=SYSTERM=C:\Program Files (x86)\Automated Software Tools\z390\mfacc\rtmfacc.E
P12DSH1   LZ390 final_options=RR
P12DSH1   LZ390 final_options=TESTDD=
P12DSH1   LZ390 final_options=TIME=15
P12DSH1   LZ390 final_options=TRACE=
P12DSH1   LZ390 final_options=Z390ACROBAT=cmd.exe /c Start
P12DSH1   LZ390 final_options=Z390BROWSER=cmd.exe /c Start
P12DSH1   LZ390 final_options=Z390COMMAND=cmd.exe
P12DSH1   LZ390 final_options=Z390EDITOR=notepad.exe
P12DSH1   LZ390 final_options=INSTALL=
P12DSH1   LZ390 final_options=IPL=
P12DSH1   LZ390 final_options=LOG=
P12DSH1   LZ390 final_options=SYS390=mfacc\+linklib
P12DSH1   LZ390 final_options=SYSBAL=mfacc\
P12DSH1   LZ390 final_options=SYSCPY=mfacc\
P12DSH1   LZ390 final_options=SYSDAT=mfacc\
P12DSH1   LZ390 final_options=SYSERR=mfacc\
P12DSH1   LZ390 final_options=SYSLOG=mfacc\
P12DSH1   LZ390 final_options=SYSLST=mfacc\
P12DSH1   LZ390 final_options=SYSMAC=mfacc\
P12DSH1   LZ390 final_options=SYSMLC=mfacc\
P12DSH1   LZ390 final_options=SYSPCH=mfacc\
P12DSH1   LZ390 final_options=SYSPRN=mfacc\
P12DSH1   LZ390 final_options=SYSOBJ=mfacc\
P12DSH1   LZ390 final_options=SYSOPT=mfacc\
P12DSH1   LZ390 final_options=SYSTRC=mfacc\
P12DSH1   LZ390 Stats total obj files = 1
P12DSH1   LZ390 Stats total esds      = 2
P12DSH1   LZ390 Stats total csects    = 2
P12DSH1   LZ390 Stats total entries   = 0
P12DSH1   LZ390 Stats missing wxtrn's = 0
P12DSH1   LZ390 Stats Keys            = 2
P12DSH1   LZ390 Stats Key searches    = 6
P12DSH1   LZ390 Stats Key avg comps   = 0
P12DSH1   LZ390 Stats Key max comps   = 1
P12DSH1   LZ390 Stats total obj byte  = 758
P12DSH1   LZ390 Stats total obj rlds  = 10
P12DSH1   LZ390 total errors          = 0
P12DSH1   LZ390 ENDED   RC= 0 MEM(MB)= MB IO=313
P12DSH1   EZ390 START
P12DSH1   EZ390 Copyright 2011 Automated Software Tools Corporation
P12DSH1   EZ390 z390 is licensed under GNU General Public License
P12DSH1   EZ390 program = mfacc\P12DSH1.390
P12DSH1   EZ390 options = @rt\RT1=(bal notiming stats) 
  systerm(mfacc\rtmfacc)
P12DSH1   EZ390 final_options=ALIGN
P12DSH1   EZ390 final_options=NOALLOW
P12DSH1   EZ390 final_options=NOAMODE24
P12DSH1   EZ390 final_options=AMODE31
P12DSH1   EZ390 final_options=NOASCII
P12DSH1   EZ390 final_options=ASM
P12DSH1   EZ390 final_options=NOASSIST
P12DSH1   EZ390 final_options=AUTOLINK
P12DSH1   EZ390 final_options=BAL
P12DSH1   EZ390 final_options=NOBS2000
P12DSH1   EZ390 final_options=EDF
P12DSH1   EZ390 final_options=NOCICS
P12DSH1   EZ390 final_options=CODEPAGE(ISO-8859-1+IBM1047)
P12DSH1   EZ390 final_options=COMMENT
P12DSH1   EZ390 final_options=CON
P12DSH1   EZ390 final_options=NODUMP
P12DSH1   EZ390 final_options=EPILOG
P12DSH1   EZ390 final_options=NOERRSUM
P12DSH1   EZ390 final_options=EXTEND
P12DSH1   EZ390 final_options=FLOAT(DECIMAL)
P12DSH1   EZ390 final_options=NOGUAM
P12DSH1   EZ390 final_options=INIT
P12DSH1   EZ390 final_options=LIST
P12DSH1   EZ390 final_options=LISTCALL
P12DSH1   EZ390 final_options=LISTUSE
P12DSH1   EZ390 final_options=LOADHIGH
P12DSH1   EZ390 final_options=NOMCALL
P12DSH1   EZ390 final_options=NOMOD
P12DSH1   EZ390 final_options=OBJ
P12DSH1   EZ390 final_options=NOOBJHEX
P12DSH1   EZ390 final_options=PC
P12DSH1   EZ390 final_options=PCOPT
P12DSH1   EZ390 final_options=NOPDSMEM8
P12DSH1   EZ390 final_options=NOPRINTALL
P12DSH1   EZ390 final_options=PROLOG
P12DSH1   EZ390 final_options=PROTECT
P12DSH1   EZ390 final_options=R64
P12DSH1   EZ390 final_options=NOREFORMAT
P12DSH1   EZ390 final_options=NOREGS
P12DSH1   EZ390 final_options=RMODE24
P12DSH1   EZ390 final_options=NORMODE31
P12DSH1   EZ390 final_options=STATS
P12DSH1   EZ390 final_options=NOTEST
P12DSH1   EZ390 final_options=THREAD
P12DSH1   EZ390 final_options=NOTIME
P12DSH1   EZ390 final_options=NOTIMING
P12DSH1   EZ390 final_options=NOTRACE
P12DSH1   EZ390 final_options=NOTRACEA
P12DSH1   EZ390 final_options=NOTRACEALL
P12DSH1   EZ390 final_options=NOTRACEC
P12DSH1   EZ390 final_options=NOTRACEG
P12DSH1   EZ390 final_options=NOTRACEI
P12DSH1   EZ390 final_options=NOTRACEL
P12DSH1   EZ390 final_options=NOTRACEM
P12DSH1   EZ390 final_options=NOTRACEP
P12DSH1   EZ390 final_options=NOTRACEQ
P12DSH1   EZ390 final_options=NOTRACES
P12DSH1   EZ390 final_options=NOTRACET
P12DSH1   EZ390 final_options=NOTRACEV
P12DSH1   EZ390 final_options=TRAP
P12DSH1   EZ390 final_options=NOTRUNC
P12DSH1   EZ390 final_options=NOTS
P12DSH1   EZ390 final_options=VCB
P12DSH1   EZ390 final_options=WARN
P12DSH1   EZ390 final_options=XREF
P12DSH1   EZ390 final_options=ZSTRMAC
P12DSH1   EZ390 final_options=CHKMAC=0
P12DSH1   EZ390 final_options=CHKSRC=1
P12DSH1   EZ390 final_options=ERR=100
P12DSH1   EZ390 final_options=MAXCALL=50
P12DSH1   EZ390 final_options=MAXDISPLAY=80
P12DSH1   EZ390 final_options=MAXESD=1000
P12DSH1   EZ390 final_options=MAXFILE=1000
P12DSH1   EZ390 final_options=MAXGBL=100000
P12DSH1   EZ390 final_options=MAXHEIGHT=600
P12DSH1   EZ390 final_options=MAXLCL=100000
P12DSH1   EZ390 final_options=MAXLEN=80
P12DSH1   EZ390 final_options=MAXLINE=200000
P12DSH1   EZ390 final_options=MAXLOG=1000000
P12DSH1   EZ390 final_options=MAXPARM=10000
P12DSH1   EZ390 final_options=MAXPASS=2
P12DSH1   EZ390 final_options=MAXPC=50000
P12DSH1   EZ390 final_options=MAXQUE=1000
P12DSH1   EZ390 final_options=MAXRLD=10000
P12DSH1   EZ390 final_options=MAXSIZE=52428800
P12DSH1   EZ390 final_options=MAXSYM=50000
P12DSH1   EZ390 final_options=MAXWARN=4
P12DSH1   EZ390 final_options=MAXWIDTH=800
P12DSH1   EZ390 final_options=MEM=1
P12DSH1   EZ390 final_options=MINHEIGHT=150
P12DSH1   EZ390 final_options=MINWIDTH=150
P12DSH1   EZ390 final_options=MNOTE=0
P12DSH1   EZ390 final_options=PARM=
P12DSH1   EZ390 final_options=PROFILE=
P12DSH1   EZ390 final_options=STATS=C:\Program Files (x86)\Automated Software Tools\z390\mfacc\P12DSH1.STA
P12DSH1   EZ390 final_options=SYSPARM=
P12DSH1   EZ390 final options=SYSTERM=C:\Program Files (x86)\Automated Software Tools\z390\mfacc\rtmfacc.E
P12DSH1   EZ390 final_options=RR
P12DSH1   EZ390 final_options=TESTDD=
P12DSH1   EZ390 final_options=TIME=15
P12DSH1   EZ390 final_options=TRACE=
P12DSH1   EZ390 final_options=Z390ACROBAT=cmd.exe /c Start
P12DSH1   EZ390 final_options=Z390BROWSER=cmd.exe /c Start
P12DSH1   EZ390 final_options=Z390COMMAND=cmd.exe
P12DSH1   EZ390 final_options=Z390EDITOR=notepad.exe
P12DSH1   EZ390 final_options=INSTALL=
P12DSH1   EZ390 final_options=IPL=
P12DSH1   EZ390 final_options=LOG=C:\Program Files (x86)\Automated Software Tools\z390\mfacc\P12DSH1.LOG
P12DSH1   EZ390 final_options=SYS390=mfacc\+linklib
P12DSH1   EZ390 final_options=SYSBAL=mfacc\
P12DSH1   EZ390 final_options=SYSCPY=mfacc\
P12DSH1   EZ390 final_options=SYSDAT=mfacc\
P12DSH1   EZ390 final_options=SYSERR=mfacc\
P12DSH1   EZ390 final_options=SYSLOG=mfacc\
P12DSH1   EZ390 final_options=SYSLST=mfacc\
P12DSH1   EZ390 final_options=SYSMAC=mfacc\
P12DSH1   EZ390 final_options=SYSMLC=mfacc\
P12DSH1   EZ390 final_options=SYSPCH=mfacc\
P12DSH1   EZ390 final_options=SYSPRN=mfacc\
P12DSH1   EZ390 final_options=SYSOBJ=mfacc\
P12DSH1   EZ390 final_options=SYSOPT=mfacc\
P12DSH1   EZ390 final_options=SYSTRC=mfacc\
P12DSH1   EZ390 TCPIO operations      = 0
P12DSH1   EZ390 DCB operations        = 0
P12DSH1   EZ390 VSAM operations       = 0
P12DSH1   EZ390 Keys                  = 2467
P12DSH1   EZ390 Key searches          = 2
P12DSH1   EZ390 Key avg comps         = 0
P12DSH1   EZ390 Key max comps         = 0
P12DSH1   EZ390 total errors          = 0
P12DSH1   EZ390 ENDED   RC= 0 MEM(MB)= MB IO=184 INS=144
