P14DSH1   MZ390 START
P14DSH1   MZ390 Copyright 2011 Automated Software Tools Corporation
P14DSH1   MZ390 z390 is licensed under GNU General Public License
P14DSH1   MZ390 program = mfacc\P14DSH1.MLC
P14DSH1   MZ390 options = sysmac(C:\PROGRA~2\AUTOMA~1\z390\mac+.) 
  syscpy(C:\PROGRA~2\AUTOMA~1\z390\mac+.) @rt\RT1=(bal notiming stats) 
  systerm(mfacc\rtmfacc)
P14DSH1   MZ390 final_options=ALIGN
P14DSH1   MZ390 final_options=NOALLOW
P14DSH1   MZ390 final_options=NOAMODE24
P14DSH1   MZ390 final_options=AMODE31
P14DSH1   MZ390 final_options=NOASCII
P14DSH1   MZ390 final_options=ASM
P14DSH1   MZ390 final_options=NOASSIST
P14DSH1   MZ390 final_options=AUTOLINK
P14DSH1   MZ390 final_options=BAL
P14DSH1   MZ390 final_options=NOBS2000
P14DSH1   MZ390 final_options=EDF
P14DSH1   MZ390 final_options=NOCICS
P14DSH1   MZ390 final_options=CODEPAGE(ISO-8859-1+IBM1047)
P14DSH1   MZ390 final_options=COMMENT
P14DSH1   MZ390 final_options=CON
P14DSH1   MZ390 final_options=NODUMP
P14DSH1   MZ390 final_options=EPILOG
P14DSH1   MZ390 final_options=NOERRSUM
P14DSH1   MZ390 final_options=EXTEND
P14DSH1   MZ390 final_options=FLOAT(DECIMAL)
P14DSH1   MZ390 final_options=NOGUAM
P14DSH1   MZ390 final_options=INIT
P14DSH1   MZ390 final_options=LIST
P14DSH1   MZ390 final_options=LISTCALL
P14DSH1   MZ390 final_options=LISTUSE
P14DSH1   MZ390 final_options=LOADHIGH
P14DSH1   MZ390 final_options=NOMCALL
P14DSH1   MZ390 final_options=NOMOD
P14DSH1   MZ390 final_options=OBJ
P14DSH1   MZ390 final_options=NOOBJHEX
P14DSH1   MZ390 final_options=PC
P14DSH1   MZ390 final_options=PCOPT
P14DSH1   MZ390 final_options=NOPDSMEM8
P14DSH1   MZ390 final_options=NOPRINTALL
P14DSH1   MZ390 final_options=PROLOG
P14DSH1   MZ390 final_options=PROTECT
P14DSH1   MZ390 final_options=R64
P14DSH1   MZ390 final_options=NOREFORMAT
P14DSH1   MZ390 final_options=NOREGS
P14DSH1   MZ390 final_options=RMODE24
P14DSH1   MZ390 final_options=NORMODE31
P14DSH1   MZ390 final_options=STATS
P14DSH1   MZ390 final_options=NOTEST
P14DSH1   MZ390 final_options=THREAD
P14DSH1   MZ390 final_options=NOTIME
P14DSH1   MZ390 final_options=NOTIMING
P14DSH1   MZ390 final_options=NOTRACE
P14DSH1   MZ390 final_options=NOTRACEA
P14DSH1   MZ390 final_options=NOTRACEALL
P14DSH1   MZ390 final_options=NOTRACEC
P14DSH1   MZ390 final_options=NOTRACEG
P14DSH1   MZ390 final_options=NOTRACEI
P14DSH1   MZ390 final_options=NOTRACEL
P14DSH1   MZ390 final_options=NOTRACEM
P14DSH1   MZ390 final_options=NOTRACEP
P14DSH1   MZ390 final_options=NOTRACEQ
P14DSH1   MZ390 final_options=NOTRACES
P14DSH1   MZ390 final_options=NOTRACET
P14DSH1   MZ390 final_options=NOTRACEV
P14DSH1   MZ390 final_options=TRAP
P14DSH1   MZ390 final_options=NOTRUNC
P14DSH1   MZ390 final_options=NOTS
P14DSH1   MZ390 final_options=VCB
P14DSH1   MZ390 final_options=WARN
P14DSH1   MZ390 final_options=XREF
P14DSH1   MZ390 final_options=ZSTRMAC
P14DSH1   MZ390 final_options=CHKMAC=0
P14DSH1   MZ390 final_options=CHKSRC=1
P14DSH1   MZ390 final_options=ERR=100
P14DSH1   MZ390 final_options=MAXCALL=50
P14DSH1   MZ390 final_options=MAXDISPLAY=80
P14DSH1   MZ390 final_options=MAXESD=1000
P14DSH1   MZ390 final_options=MAXFILE=1000
P14DSH1   MZ390 final_options=MAXGBL=100000
P14DSH1   MZ390 final_options=MAXHEIGHT=600
P14DSH1   MZ390 final_options=MAXLCL=100000
P14DSH1   MZ390 final_options=MAXLEN=80
P14DSH1   MZ390 final_options=MAXLINE=200000
P14DSH1   MZ390 final_options=MAXLOG=1000000
P14DSH1   MZ390 final_options=MAXPARM=10000
P14DSH1   MZ390 final_options=MAXPASS=2
P14DSH1   MZ390 final_options=MAXPC=50000
P14DSH1   MZ390 final_options=MAXQUE=1000
P14DSH1   MZ390 final_options=MAXRLD=10000
P14DSH1   MZ390 final_options=MAXSIZE=52428800
P14DSH1   MZ390 final_options=MAXSYM=50000
P14DSH1   MZ390 final_options=MAXWARN=4
P14DSH1   MZ390 final_options=MAXWIDTH=800
P14DSH1   MZ390 final_options=MEM=1
P14DSH1   MZ390 final_options=MINHEIGHT=150
P14DSH1   MZ390 final_options=MINWIDTH=150
P14DSH1   MZ390 final_options=MNOTE=0
P14DSH1   MZ390 final_options=PARM=
P14DSH1   MZ390 final_options=PROFILE=
P14DSH1   MZ390 final_options=STATS=C:\Program Files (x86)\Automated Software Tools\z390\mfacc\P14DSH1.STA
P14DSH1   MZ390 final_options=SYSPARM=
P14DSH1   MZ390 final options=SYSTERM=C:\Program Files (x86)\Automated Software Tools\z390\mfacc\rtmfacc.E
P14DSH1   MZ390 final_options=RR
P14DSH1   MZ390 final_options=TESTDD=
P14DSH1   MZ390 final_options=TIME=15
P14DSH1   MZ390 final_options=TRACE=
P14DSH1   MZ390 final_options=Z390ACROBAT=cmd.exe /c Start
P14DSH1   MZ390 final_options=Z390BROWSER=cmd.exe /c Start
P14DSH1   MZ390 final_options=Z390COMMAND=cmd.exe
P14DSH1   MZ390 final_options=Z390EDITOR=notepad.exe
P14DSH1   MZ390 final_options=INSTALL=
P14DSH1   MZ390 final_options=IPL=
P14DSH1   MZ390 final_options=LOG=
P14DSH1   MZ390 final_options=SYS390=mfacc\+linklib
P14DSH1   MZ390 final_options=SYSBAL=mfacc\
P14DSH1   MZ390 final_options=SYSCPY=C:\PROGRA~2\AUTOMA~1\z390\mac+.
P14DSH1   MZ390 final_options=SYSDAT=mfacc\
P14DSH1   MZ390 final_options=SYSERR=mfacc\
P14DSH1   MZ390 final_options=SYSLOG=mfacc\
P14DSH1   MZ390 final_options=SYSLST=mfacc\
P14DSH1   MZ390 final_options=SYSMAC=C:\PROGRA~2\AUTOMA~1\z390\mac+.
P14DSH1   MZ390 final_options=SYSMLC=mfacc\
P14DSH1   MZ390 final_options=SYSPCH=mfacc\
P14DSH1   MZ390 final_options=SYSPRN=mfacc\
P14DSH1   MZ390 final_options=SYSOBJ=mfacc\
P14DSH1   MZ390 final_options=SYSOPT=mfacc\
P14DSH1   MZ390 final_options=SYSTRC=mfacc\
P14DSH1   MZ390 total MLC/MAC loaded  = 393
P14DSH1   MZ390 total BAL output lines= 223
P14DSH1   MZ390 total BAL instructions= 21
P14DSH1   MZ390 total macros          = 5
P14DSH1   MZ390 total macro loads     = 5
P14DSH1   MZ390 total macro calls     = 45
P14DSH1   MZ390 total AENTRY blocks   = 0
P14DSH1   MZ390 total ACALL  calls    = 0
P14DSH1   MZ390 total AIF    blocks   = 0
P14DSH1   MZ390 total ACASE  blocks   = 0
P14DSH1   MZ390 total AWHILE calls    = 0
P14DSH1   MZ390 total AUNTIL blocks   = 0
P14DSH1   MZ390 total global set names= 49
P14DSH1   MZ390 tot global seta cells = 1
P14DSH1   MZ390 tot global setb cells = 8
P14DSH1   MZ390 tot global setc cells = 40
P14DSH1   MZ390 max local pos parms   = 48
P14DSH1   MZ390 max local key parms   = 23
P14DSH1   MZ390 max local set names   = 101
P14DSH1   MZ390 max local seta cells  = 33
P14DSH1   MZ390 max local setb cells  = 0
P14DSH1   MZ390 max local setc cells  = 68
P14DSH1   MZ390 total array expansions= 0
P14DSH1   MZ390 total Keys            = 2008
P14DSH1   MZ390 Key searches          = 5253
P14DSH1   MZ390 Key avg comps         = 0
P14DSH1   MZ390 Key max comps         = 3
P14DSH1   MZ390 total macro line exec = 702
P14DSH1   MZ390 total pcode line exec = 227
P14DSH1   MZ390 total pcode line gen. = 70
P14DSH1   MZ390 total pcode line reuse= 0
P14DSH1   MZ390 total pcode op   gen. = 270
P14DSH1   MZ390 total pcode op   exec = 751
P14DSH1   MZ390 total pcode gen  opt  = 146
P14DSH1   MZ390 total pcode exec opt  = 0
P14DSH1   MZ390 FID=  1 ERR= 0 C:\Program Files (x86)\Automated Software Tools\z390\mfacc\P14DSH1.MLC
P14DSH1   MZ390 FID=  2 ERR= 0 C:\PROGRA~2\AUTOMA~1\z390\mac\ZMFACC.MAC
P14DSH1   MZ390 FID=  3 ERR= 0 C:\PROGRA~2\AUTOMA~1\z390\mac\WTO.MAC
P14DSH1   MZ390 FID=  4 ERR= 0 C:\PROGRA~2\AUTOMA~1\z390\mac\SNAP.MAC
P14DSH1   MZ390 total mnote warnings  = 1
P14DSH1   MZ390 total mnote errors    = 0
P14DSH1   MZ390 max   mnote level     = 4
P14DSH1   MZ390 total mz390 errors    = 0
P14DSH1   AZ390 BAL lines             = 223
P14DSH1   AZ390 symbols               = 56
P14DSH1   AZ390 Literals              = 6
P14DSH1   AZ390 alloc passes          = 2
P14DSH1   AZ390 Keys                  = 1381
P14DSH1   AZ390 Key searches          = 2298
P14DSH1   AZ390 Key avg comps         = 0
P14DSH1   AZ390 Key max comps         = 3
P14DSH1   AZ390 ESD symbols           = 1
P14DSH1   AZ390 object bytes          = 409
P14DSH1   AZ390 object rlds           = 4
P14DSH1   AZ390 total mnote warnings  = 1
P14DSH1   AZ390 total mnote errors    = 0
P14DSH1   AZ390 max   mnote level     = 4
P14DSH1   AZ390 total mz390 errors    = 0
P14DSH1   AZ390 total az390 errors    = 0
P14DSH1   MZ390 ENDED   RC= 4 MEM(MB)= MB IO=2204
P14DSH1   LZ390 START
P14DSH1   LZ390 Copyright 2011 Automated Software Tools Corporation
P14DSH1   LZ390 z390 is licensed under GNU General Public License
P14DSH1   LZ390 options = @rt\RT1=(bal notiming stats) 
  systerm(mfacc\rtmfacc)
P14DSH1   LZ390 program = mfacc\P14DSH1.OBJ
P14DSH1   LZ390 final_options=ALIGN
P14DSH1   LZ390 final_options=NOALLOW
P14DSH1   LZ390 final_options=NOAMODE24
P14DSH1   LZ390 final_options=AMODE31
P14DSH1   LZ390 final_options=NOASCII
P14DSH1   LZ390 final_options=ASM
P14DSH1   LZ390 final_options=NOASSIST
P14DSH1   LZ390 final_options=AUTOLINK
P14DSH1   LZ390 final_options=BAL
P14DSH1   LZ390 final_options=NOBS2000
P14DSH1   LZ390 final_options=EDF
P14DSH1   LZ390 final_options=NOCICS
P14DSH1   LZ390 final_options=CODEPAGE(ISO-8859-1+IBM1047)
P14DSH1   LZ390 final_options=COMMENT
P14DSH1   LZ390 final_options=CON
P14DSH1   LZ390 final_options=NODUMP
P14DSH1   LZ390 final_options=EPILOG
P14DSH1   LZ390 final_options=NOERRSUM
P14DSH1   LZ390 final_options=EXTEND
P14DSH1   LZ390 final_options=FLOAT(DECIMAL)
P14DSH1   LZ390 final_options=NOGUAM
P14DSH1   LZ390 final_options=INIT
P14DSH1   LZ390 final_options=LIST
P14DSH1   LZ390 final_options=LISTCALL
P14DSH1   LZ390 final_options=LISTUSE
P14DSH1   LZ390 final_options=LOADHIGH
P14DSH1   LZ390 final_options=NOMCALL
P14DSH1   LZ390 final_options=NOMOD
P14DSH1   LZ390 final_options=OBJ
P14DSH1   LZ390 final_options=NOOBJHEX
P14DSH1   LZ390 final_options=PC
P14DSH1   LZ390 final_options=PCOPT
P14DSH1   LZ390 final_options=NOPDSMEM8
P14DSH1   LZ390 final_options=NOPRINTALL
P14DSH1   LZ390 final_options=PROLOG
P14DSH1   LZ390 final_options=PROTECT
P14DSH1   LZ390 final_options=R64
P14DSH1   LZ390 final_options=NOREFORMAT
P14DSH1   LZ390 final_options=NOREGS
P14DSH1   LZ390 final_options=RMODE24
P14DSH1   LZ390 final_options=NORMODE31
P14DSH1   LZ390 final_options=STATS
P14DSH1   LZ390 final_options=NOTEST
P14DSH1   LZ390 final_options=THREAD
P14DSH1   LZ390 final_options=NOTIME
P14DSH1   LZ390 final_options=NOTIMING
P14DSH1   LZ390 final_options=NOTRACE
P14DSH1   LZ390 final_options=NOTRACEA
P14DSH1   LZ390 final_options=NOTRACEALL
P14DSH1   LZ390 final_options=NOTRACEC
P14DSH1   LZ390 final_options=NOTRACEG
P14DSH1   LZ390 final_options=NOTRACEI
P14DSH1   LZ390 final_options=NOTRACEL
P14DSH1   LZ390 final_options=NOTRACEM
P14DSH1   LZ390 final_options=NOTRACEP
P14DSH1   LZ390 final_options=NOTRACEQ
P14DSH1   LZ390 final_options=NOTRACES
P14DSH1   LZ390 final_options=NOTRACET
P14DSH1   LZ390 final_options=NOTRACEV
P14DSH1   LZ390 final_options=TRAP
P14DSH1   LZ390 final_options=NOTRUNC
P14DSH1   LZ390 final_options=NOTS
P14DSH1   LZ390 final_options=VCB
P14DSH1   LZ390 final_options=WARN
P14DSH1   LZ390 final_options=XREF
P14DSH1   LZ390 final_options=ZSTRMAC
P14DSH1   LZ390 final_options=CHKMAC=0
P14DSH1   LZ390 final_options=CHKSRC=1
P14DSH1   LZ390 final_options=ERR=100
P14DSH1   LZ390 final_options=MAXCALL=50
P14DSH1   LZ390 final_options=MAXDISPLAY=80
P14DSH1   LZ390 final_options=MAXESD=1000
P14DSH1   LZ390 final_options=MAXFILE=1000
P14DSH1   LZ390 final_options=MAXGBL=100000
P14DSH1   LZ390 final_options=MAXHEIGHT=600
P14DSH1   LZ390 final_options=MAXLCL=100000
P14DSH1   LZ390 final_options=MAXLEN=80
P14DSH1   LZ390 final_options=MAXLINE=200000
P14DSH1   LZ390 final_options=MAXLOG=1000000
P14DSH1   LZ390 final_options=MAXPARM=10000
P14DSH1   LZ390 final_options=MAXPASS=2
P14DSH1   LZ390 final_options=MAXPC=50000
P14DSH1   LZ390 final_options=MAXQUE=1000
P14DSH1   LZ390 final_options=MAXRLD=10000
P14DSH1   LZ390 final_options=MAXSIZE=52428800
P14DSH1   LZ390 final_options=MAXSYM=50000
P14DSH1   LZ390 final_options=MAXWARN=4
P14DSH1   LZ390 final_options=MAXWIDTH=800
P14DSH1   LZ390 final_options=MEM=1
P14DSH1   LZ390 final_options=MINHEIGHT=150
P14DSH1   LZ390 final_options=MINWIDTH=150
P14DSH1   LZ390 final_options=MNOTE=0
P14DSH1   LZ390 final_options=PARM=
P14DSH1   LZ390 final_options=PROFILE=
P14DSH1   LZ390 final_options=STATS=C:\Program Files (x86)\Automated Software Tools\z390\mfacc\P14DSH1.STA
P14DSH1   LZ390 final_options=SYSPARM=
P14DSH1   LZ390 final options=SYSTERM=C:\Program Files (x86)\Automated Software Tools\z390\mfacc\rtmfacc.E
P14DSH1   LZ390 final_options=RR
P14DSH1   LZ390 final_options=TESTDD=
P14DSH1   LZ390 final_options=TIME=15
P14DSH1   LZ390 final_options=TRACE=
P14DSH1   LZ390 final_options=Z390ACROBAT=cmd.exe /c Start
P14DSH1   LZ390 final_options=Z390BROWSER=cmd.exe /c Start
P14DSH1   LZ390 final_options=Z390COMMAND=cmd.exe
P14DSH1   LZ390 final_options=Z390EDITOR=notepad.exe
P14DSH1   LZ390 final_options=INSTALL=
P14DSH1   LZ390 final_options=IPL=
P14DSH1   LZ390 final_options=LOG=
P14DSH1   LZ390 final_options=SYS390=mfacc\+linklib
P14DSH1   LZ390 final_options=SYSBAL=mfacc\
P14DSH1   LZ390 final_options=SYSCPY=mfacc\
P14DSH1   LZ390 final_options=SYSDAT=mfacc\
P14DSH1   LZ390 final_options=SYSERR=mfacc\
P14DSH1   LZ390 final_options=SYSLOG=mfacc\
P14DSH1   LZ390 final_options=SYSLST=mfacc\
P14DSH1   LZ390 final_options=SYSMAC=mfacc\
P14DSH1   LZ390 final_options=SYSMLC=mfacc\
P14DSH1   LZ390 final_options=SYSPCH=mfacc\
P14DSH1   LZ390 final_options=SYSPRN=mfacc\
P14DSH1   LZ390 final_options=SYSOBJ=mfacc\
P14DSH1   LZ390 final_options=SYSOPT=mfacc\
P14DSH1   LZ390 final_options=SYSTRC=mfacc\
P14DSH1   LZ390 Stats total obj files = 1
P14DSH1   LZ390 Stats total esds      = 1
P14DSH1   LZ390 Stats total csects    = 1
P14DSH1   LZ390 Stats total entries   = 0
P14DSH1   LZ390 Stats missing wxtrn's = 0
P14DSH1   LZ390 Stats Keys            = 1
P14DSH1   LZ390 Stats Key searches    = 2
P14DSH1   LZ390 Stats Key avg comps   = 0
P14DSH1   LZ390 Stats Key max comps   = 1
P14DSH1   LZ390 Stats total obj byte  = 409
P14DSH1   LZ390 Stats total obj rlds  = 4
P14DSH1   LZ390 total errors          = 0
P14DSH1   LZ390 ENDED   RC= 0 MEM(MB)= MB IO=236
P14DSH1   EZ390 START
P14DSH1   EZ390 Copyright 2011 Automated Software Tools Corporation
P14DSH1   EZ390 z390 is licensed under GNU General Public License
P14DSH1   EZ390 program = mfacc\P14DSH1.390
P14DSH1   EZ390 options = @rt\RT1=(bal notiming stats) 
  systerm(mfacc\rtmfacc)
P14DSH1   EZ390 final_options=ALIGN
P14DSH1   EZ390 final_options=NOALLOW
P14DSH1   EZ390 final_options=NOAMODE24
P14DSH1   EZ390 final_options=AMODE31
P14DSH1   EZ390 final_options=NOASCII
P14DSH1   EZ390 final_options=ASM
P14DSH1   EZ390 final_options=NOASSIST
P14DSH1   EZ390 final_options=AUTOLINK
P14DSH1   EZ390 final_options=BAL
P14DSH1   EZ390 final_options=NOBS2000
P14DSH1   EZ390 final_options=EDF
P14DSH1   EZ390 final_options=NOCICS
P14DSH1   EZ390 final_options=CODEPAGE(ISO-8859-1+IBM1047)
P14DSH1   EZ390 final_options=COMMENT
P14DSH1   EZ390 final_options=CON
P14DSH1   EZ390 final_options=NODUMP
P14DSH1   EZ390 final_options=EPILOG
P14DSH1   EZ390 final_options=NOERRSUM
P14DSH1   EZ390 final_options=EXTEND
P14DSH1   EZ390 final_options=FLOAT(DECIMAL)
P14DSH1   EZ390 final_options=NOGUAM
P14DSH1   EZ390 final_options=INIT
P14DSH1   EZ390 final_options=LIST
P14DSH1   EZ390 final_options=LISTCALL
P14DSH1   EZ390 final_options=LISTUSE
P14DSH1   EZ390 final_options=LOADHIGH
P14DSH1   EZ390 final_options=NOMCALL
P14DSH1   EZ390 final_options=NOMOD
P14DSH1   EZ390 final_options=OBJ
P14DSH1   EZ390 final_options=NOOBJHEX
P14DSH1   EZ390 final_options=PC
P14DSH1   EZ390 final_options=PCOPT
P14DSH1   EZ390 final_options=NOPDSMEM8
P14DSH1   EZ390 final_options=NOPRINTALL
P14DSH1   EZ390 final_options=PROLOG
P14DSH1   EZ390 final_options=PROTECT
P14DSH1   EZ390 final_options=R64
P14DSH1   EZ390 final_options=NOREFORMAT
P14DSH1   EZ390 final_options=NOREGS
P14DSH1   EZ390 final_options=RMODE24
P14DSH1   EZ390 final_options=NORMODE31
P14DSH1   EZ390 final_options=STATS
P14DSH1   EZ390 final_options=NOTEST
P14DSH1   EZ390 final_options=THREAD
P14DSH1   EZ390 final_options=NOTIME
P14DSH1   EZ390 final_options=NOTIMING
P14DSH1   EZ390 final_options=NOTRACE
P14DSH1   EZ390 final_options=NOTRACEA
P14DSH1   EZ390 final_options=NOTRACEALL
P14DSH1   EZ390 final_options=NOTRACEC
P14DSH1   EZ390 final_options=NOTRACEG
P14DSH1   EZ390 final_options=NOTRACEI
P14DSH1   EZ390 final_options=NOTRACEL
P14DSH1   EZ390 final_options=NOTRACEM
P14DSH1   EZ390 final_options=NOTRACEP
P14DSH1   EZ390 final_options=NOTRACEQ
P14DSH1   EZ390 final_options=NOTRACES
P14DSH1   EZ390 final_options=NOTRACET
P14DSH1   EZ390 final_options=NOTRACEV
P14DSH1   EZ390 final_options=TRAP
P14DSH1   EZ390 final_options=NOTRUNC
P14DSH1   EZ390 final_options=NOTS
P14DSH1   EZ390 final_options=VCB
P14DSH1   EZ390 final_options=WARN
P14DSH1   EZ390 final_options=XREF
P14DSH1   EZ390 final_options=ZSTRMAC
P14DSH1   EZ390 final_options=CHKMAC=0
P14DSH1   EZ390 final_options=CHKSRC=1
P14DSH1   EZ390 final_options=ERR=100
P14DSH1   EZ390 final_options=MAXCALL=50
P14DSH1   EZ390 final_options=MAXDISPLAY=80
P14DSH1   EZ390 final_options=MAXESD=1000
P14DSH1   EZ390 final_options=MAXFILE=1000
P14DSH1   EZ390 final_options=MAXGBL=100000
P14DSH1   EZ390 final_options=MAXHEIGHT=600
P14DSH1   EZ390 final_options=MAXLCL=100000
P14DSH1   EZ390 final_options=MAXLEN=80
P14DSH1   EZ390 final_options=MAXLINE=200000
P14DSH1   EZ390 final_options=MAXLOG=1000000
P14DSH1   EZ390 final_options=MAXPARM=10000
P14DSH1   EZ390 final_options=MAXPASS=2
P14DSH1   EZ390 final_options=MAXPC=50000
P14DSH1   EZ390 final_options=MAXQUE=1000
P14DSH1   EZ390 final_options=MAXRLD=10000
P14DSH1   EZ390 final_options=MAXSIZE=52428800
P14DSH1   EZ390 final_options=MAXSYM=50000
P14DSH1   EZ390 final_options=MAXWARN=4
P14DSH1   EZ390 final_options=MAXWIDTH=800
P14DSH1   EZ390 final_options=MEM=1
P14DSH1   EZ390 final_options=MINHEIGHT=150
P14DSH1   EZ390 final_options=MINWIDTH=150
P14DSH1   EZ390 final_options=MNOTE=0
P14DSH1   EZ390 final_options=PARM=
P14DSH1   EZ390 final_options=PROFILE=
P14DSH1   EZ390 final_options=STATS=C:\Program Files (x86)\Automated Software Tools\z390\mfacc\P14DSH1.STA
P14DSH1   EZ390 final_options=SYSPARM=
P14DSH1   EZ390 final options=SYSTERM=C:\Program Files (x86)\Automated Software Tools\z390\mfacc\rtmfacc.E
P14DSH1   EZ390 final_options=RR
P14DSH1   EZ390 final_options=TESTDD=
P14DSH1   EZ390 final_options=TIME=15
P14DSH1   EZ390 final_options=TRACE=
P14DSH1   EZ390 final_options=Z390ACROBAT=cmd.exe /c Start
P14DSH1   EZ390 final_options=Z390BROWSER=cmd.exe /c Start
P14DSH1   EZ390 final_options=Z390COMMAND=cmd.exe
P14DSH1   EZ390 final_options=Z390EDITOR=notepad.exe
P14DSH1   EZ390 final_options=INSTALL=
P14DSH1   EZ390 final_options=IPL=
P14DSH1   EZ390 final_options=LOG=C:\Program Files (x86)\Automated Software Tools\z390\mfacc\P14DSH1.LOG
P14DSH1   EZ390 final_options=SYS390=mfacc\+linklib
P14DSH1   EZ390 final_options=SYSBAL=mfacc\
P14DSH1   EZ390 final_options=SYSCPY=mfacc\
P14DSH1   EZ390 final_options=SYSDAT=mfacc\
P14DSH1   EZ390 final_options=SYSERR=mfacc\
P14DSH1   EZ390 final_options=SYSLOG=mfacc\
P14DSH1   EZ390 final_options=SYSLST=mfacc\
P14DSH1   EZ390 final_options=SYSMAC=mfacc\
P14DSH1   EZ390 final_options=SYSMLC=mfacc\
P14DSH1   EZ390 final_options=SYSPCH=mfacc\
P14DSH1   EZ390 final_options=SYSPRN=mfacc\
P14DSH1   EZ390 final_options=SYSOBJ=mfacc\
P14DSH1   EZ390 final_options=SYSOPT=mfacc\
P14DSH1   EZ390 final_options=SYSTRC=mfacc\
P14DSH1   EZ390 TCPIO operations      = 0
P14DSH1   EZ390 DCB operations        = 0
P14DSH1   EZ390 VSAM operations       = 0
P14DSH1   EZ390 Keys                  = 2467
P14DSH1   EZ390 Key searches          = 2
P14DSH1   EZ390 Key avg comps         = 0
P14DSH1   EZ390 Key max comps         = 0
P14DSH1   EZ390 total errors          = 0
P14DSH1   EZ390 ENDED   RC= 0 MEM(MB)= MB IO=166 INS=25
