P16DSH1   MZ390 START
P16DSH1   MZ390 Copyright 2011 Automated Software Tools Corporation
P16DSH1   MZ390 z390 is licensed under GNU General Public License
P16DSH1   MZ390 program = mfacc\P16DSH1.MLC
P16DSH1   MZ390 options = sysmac(C:\PROGRA~2\AUTOMA~1\z390\mac+.) 
  syscpy(C:\PROGRA~2\AUTOMA~1\z390\mac+.) @rt\RT1=(bal notiming stats) 
  systerm(mfacc\rtmfacc)
P16DSH1   MZ390 final_options=ALIGN
P16DSH1   MZ390 final_options=NOALLOW
P16DSH1   MZ390 final_options=NOAMODE24
P16DSH1   MZ390 final_options=AMODE31
P16DSH1   MZ390 final_options=NOASCII
P16DSH1   MZ390 final_options=ASM
P16DSH1   MZ390 final_options=NOASSIST
P16DSH1   MZ390 final_options=AUTOLINK
P16DSH1   MZ390 final_options=BAL
P16DSH1   MZ390 final_options=NOBS2000
P16DSH1   MZ390 final_options=EDF
P16DSH1   MZ390 final_options=NOCICS
P16DSH1   MZ390 final_options=CODEPAGE(ISO-8859-1+IBM1047)
P16DSH1   MZ390 final_options=COMMENT
P16DSH1   MZ390 final_options=CON
P16DSH1   MZ390 final_options=NODUMP
P16DSH1   MZ390 final_options=EPILOG
P16DSH1   MZ390 final_options=NOERRSUM
P16DSH1   MZ390 final_options=EXTEND
P16DSH1   MZ390 final_options=FLOAT(DECIMAL)
P16DSH1   MZ390 final_options=NOGUAM
P16DSH1   MZ390 final_options=INIT
P16DSH1   MZ390 final_options=LIST
P16DSH1   MZ390 final_options=LISTCALL
P16DSH1   MZ390 final_options=LISTUSE
P16DSH1   MZ390 final_options=LOADHIGH
P16DSH1   MZ390 final_options=NOMCALL
P16DSH1   MZ390 final_options=NOMOD
P16DSH1   MZ390 final_options=OBJ
P16DSH1   MZ390 final_options=NOOBJHEX
P16DSH1   MZ390 final_options=PC
P16DSH1   MZ390 final_options=PCOPT
P16DSH1   MZ390 final_options=NOPDSMEM8
P16DSH1   MZ390 final_options=NOPRINTALL
P16DSH1   MZ390 final_options=PROLOG
P16DSH1   MZ390 final_options=PROTECT
P16DSH1   MZ390 final_options=R64
P16DSH1   MZ390 final_options=NOREFORMAT
P16DSH1   MZ390 final_options=NOREGS
P16DSH1   MZ390 final_options=RMODE24
P16DSH1   MZ390 final_options=NORMODE31
P16DSH1   MZ390 final_options=STATS
P16DSH1   MZ390 final_options=NOTEST
P16DSH1   MZ390 final_options=THREAD
P16DSH1   MZ390 final_options=NOTIME
P16DSH1   MZ390 final_options=NOTIMING
P16DSH1   MZ390 final_options=NOTRACE
P16DSH1   MZ390 final_options=NOTRACEA
P16DSH1   MZ390 final_options=NOTRACEALL
P16DSH1   MZ390 final_options=NOTRACEC
P16DSH1   MZ390 final_options=NOTRACEG
P16DSH1   MZ390 final_options=NOTRACEI
P16DSH1   MZ390 final_options=NOTRACEL
P16DSH1   MZ390 final_options=NOTRACEM
P16DSH1   MZ390 final_options=NOTRACEP
P16DSH1   MZ390 final_options=NOTRACEQ
P16DSH1   MZ390 final_options=NOTRACES
P16DSH1   MZ390 final_options=NOTRACET
P16DSH1   MZ390 final_options=NOTRACEV
P16DSH1   MZ390 final_options=TRAP
P16DSH1   MZ390 final_options=NOTRUNC
P16DSH1   MZ390 final_options=NOTS
P16DSH1   MZ390 final_options=VCB
P16DSH1   MZ390 final_options=WARN
P16DSH1   MZ390 final_options=XREF
P16DSH1   MZ390 final_options=ZSTRMAC
P16DSH1   MZ390 final_options=CHKMAC=0
P16DSH1   MZ390 final_options=CHKSRC=1
P16DSH1   MZ390 final_options=ERR=100
P16DSH1   MZ390 final_options=MAXCALL=50
P16DSH1   MZ390 final_options=MAXDISPLAY=80
P16DSH1   MZ390 final_options=MAXESD=1000
P16DSH1   MZ390 final_options=MAXFILE=1000
P16DSH1   MZ390 final_options=MAXGBL=100000
P16DSH1   MZ390 final_options=MAXHEIGHT=600
P16DSH1   MZ390 final_options=MAXLCL=100000
P16DSH1   MZ390 final_options=MAXLEN=80
P16DSH1   MZ390 final_options=MAXLINE=200000
P16DSH1   MZ390 final_options=MAXLOG=1000000
P16DSH1   MZ390 final_options=MAXPARM=10000
P16DSH1   MZ390 final_options=MAXPASS=2
P16DSH1   MZ390 final_options=MAXPC=50000
P16DSH1   MZ390 final_options=MAXQUE=1000
P16DSH1   MZ390 final_options=MAXRLD=10000
P16DSH1   MZ390 final_options=MAXSIZE=52428800
P16DSH1   MZ390 final_options=MAXSYM=50000
P16DSH1   MZ390 final_options=MAXWARN=4
P16DSH1   MZ390 final_options=MAXWIDTH=800
P16DSH1   MZ390 final_options=MEM=1
P16DSH1   MZ390 final_options=MINHEIGHT=150
P16DSH1   MZ390 final_options=MINWIDTH=150
P16DSH1   MZ390 final_options=MNOTE=0
P16DSH1   MZ390 final_options=PARM=
P16DSH1   MZ390 final_options=PROFILE=
P16DSH1   MZ390 final_options=STATS=C:\Program Files (x86)\Automated Software Tools\z390\mfacc\P16DSH1.STA
P16DSH1   MZ390 final_options=SYSPARM=
P16DSH1   MZ390 final options=SYSTERM=C:\Program Files (x86)\Automated Software Tools\z390\mfacc\rtmfacc.E
P16DSH1   MZ390 final_options=RR
P16DSH1   MZ390 final_options=TESTDD=
P16DSH1   MZ390 final_options=TIME=15
P16DSH1   MZ390 final_options=TRACE=
P16DSH1   MZ390 final_options=Z390ACROBAT=cmd.exe /c Start
P16DSH1   MZ390 final_options=Z390BROWSER=cmd.exe /c Start
P16DSH1   MZ390 final_options=Z390COMMAND=cmd.exe
P16DSH1   MZ390 final_options=Z390EDITOR=notepad.exe
P16DSH1   MZ390 final_options=INSTALL=
P16DSH1   MZ390 final_options=IPL=
P16DSH1   MZ390 final_options=LOG=
P16DSH1   MZ390 final_options=SYS390=mfacc\+linklib
P16DSH1   MZ390 final_options=SYSBAL=mfacc\
P16DSH1   MZ390 final_options=SYSCPY=C:\PROGRA~2\AUTOMA~1\z390\mac+.
P16DSH1   MZ390 final_options=SYSDAT=mfacc\
P16DSH1   MZ390 final_options=SYSERR=mfacc\
P16DSH1   MZ390 final_options=SYSLOG=mfacc\
P16DSH1   MZ390 final_options=SYSLST=mfacc\
P16DSH1   MZ390 final_options=SYSMAC=C:\PROGRA~2\AUTOMA~1\z390\mac+.
P16DSH1   MZ390 final_options=SYSMLC=mfacc\
P16DSH1   MZ390 final_options=SYSPCH=mfacc\
P16DSH1   MZ390 final_options=SYSPRN=mfacc\
P16DSH1   MZ390 final_options=SYSOBJ=mfacc\
P16DSH1   MZ390 final_options=SYSOPT=mfacc\
P16DSH1   MZ390 final_options=SYSTRC=mfacc\
P16DSH1   MZ390 total MLC/MAC loaded  = 712
P16DSH1   MZ390 total BAL output lines= 357
P16DSH1   MZ390 total BAL instructions= 42
P16DSH1   MZ390 total macros          = 12
P16DSH1   MZ390 total macro loads     = 12
P16DSH1   MZ390 total macro calls     = 55
P16DSH1   MZ390 total AENTRY blocks   = 5
P16DSH1   MZ390 total ACALL  calls    = 5
P16DSH1   MZ390 total AIF    blocks   = 26
P16DSH1   MZ390 total ACASE  blocks   = 0
P16DSH1   MZ390 total AWHILE calls    = 1
P16DSH1   MZ390 total AUNTIL blocks   = 0
P16DSH1   MZ390 total global set names= 66
P16DSH1   MZ390 tot global seta cells = 316
P16DSH1   MZ390 tot global setb cells = 209
P16DSH1   MZ390 tot global setc cells = 540
P16DSH1   MZ390 max local pos parms   = 8
P16DSH1   MZ390 max local key parms   = 23
P16DSH1   MZ390 max local set names   = 34
P16DSH1   MZ390 max local seta cells  = 11
P16DSH1   MZ390 max local setb cells  = 1
P16DSH1   MZ390 max local setc cells  = 23
P16DSH1   MZ390 total array expansions= 0
P16DSH1   MZ390 total Keys            = 2472
P16DSH1   MZ390 Key searches          = 10255
P16DSH1   MZ390 Key avg comps         = 0
P16DSH1   MZ390 Key max comps         = 3
P16DSH1   MZ390 total macro line exec = 1206
P16DSH1   MZ390 total pcode line exec = 274
P16DSH1   MZ390 total pcode line gen. = 129
P16DSH1   MZ390 total pcode line reuse= 0
P16DSH1   MZ390 total pcode op   gen. = 524
P16DSH1   MZ390 total pcode op   exec = 985
P16DSH1   MZ390 total pcode gen  opt  = 189
P16DSH1   MZ390 total pcode exec opt  = 7
P16DSH1   MZ390 FID=  1 ERR= 0 C:\Program Files (x86)\Automated Software Tools\z390\mfacc\P16DSH1.MLC
P16DSH1   MZ390 FID=  2 ERR= 0 C:\PROGRA~2\AUTOMA~1\z390\mac\ASMMSP.CPY
P16DSH1   MZ390 FID=  3 ERR= 0 C:\PROGRA~2\AUTOMA~1\z390\mac\ZSTRMAC.CPY
P16DSH1   MZ390 FID=  4 ERR= 0 C:\PROGRA~2\AUTOMA~1\z390\mac\ZMFACC.MAC
P16DSH1   MZ390 FID=  5 ERR= 0 C:\PROGRA~2\AUTOMA~1\z390\mac\WTO.MAC
P16DSH1   MZ390 FID=  6 ERR= 0 C:\PROGRA~2\AUTOMA~1\z390\mac\SNAP.MAC
P16DSH1   MZ390 FID=  7 ERR= 0 C:\PROGRA~2\AUTOMA~1\z390\mac\DO.MAC
P16DSH1   MZ390 FID=  8 ERR= 0 C:\PROGRA~2\AUTOMA~1\z390\mac\ZSTRGBL.CPY
P16DSH1   MZ390 FID=  9 ERR= 0 C:\PROGRA~2\AUTOMA~1\z390\mac\ZSTREQU.MAC
P16DSH1   MZ390 FID= 10 ERR= 0 C:\PROGRA~2\AUTOMA~1\z390\mac\IF.MAC
P16DSH1   MZ390 FID= 11 ERR= 0 C:\PROGRA~2\AUTOMA~1\z390\mac\ENDIF.MAC
P16DSH1   MZ390 FID= 12 ERR= 0 C:\PROGRA~2\AUTOMA~1\z390\mac\ELSE.MAC
P16DSH1   MZ390 FID= 13 ERR= 0 C:\PROGRA~2\AUTOMA~1\z390\mac\ENDDO.MAC
P16DSH1   MZ390 total mnote warnings  = 1
P16DSH1   MZ390 total mnote errors    = 0
P16DSH1   MZ390 max   mnote level     = 4
P16DSH1   MZ390 total mz390 errors    = 0
P16DSH1   AZ390 BAL lines             = 357
P16DSH1   AZ390 symbols               = 99
P16DSH1   AZ390 Literals              = 8
P16DSH1   AZ390 alloc passes          = 2
P16DSH1   AZ390 Keys                  = 1426
P16DSH1   AZ390 Key searches          = 3311
P16DSH1   AZ390 Key avg comps         = 0
P16DSH1   AZ390 Key max comps         = 3
P16DSH1   AZ390 ESD symbols           = 1
P16DSH1   AZ390 object bytes          = 676
P16DSH1   AZ390 object rlds           = 4
P16DSH1   AZ390 total mnote warnings  = 1
P16DSH1   AZ390 total mnote errors    = 0
P16DSH1   AZ390 max   mnote level     = 4
P16DSH1   AZ390 total mz390 errors    = 0
P16DSH1   AZ390 total az390 errors    = 0
P16DSH1   MZ390 ENDED   RC= 4 MEM(MB)= MB IO=3784
P16DSH1   LZ390 START
P16DSH1   LZ390 Copyright 2011 Automated Software Tools Corporation
P16DSH1   LZ390 z390 is licensed under GNU General Public License
P16DSH1   LZ390 options = @rt\RT1=(bal notiming stats) 
  systerm(mfacc\rtmfacc)
P16DSH1   LZ390 program = mfacc\P16DSH1.OBJ
P16DSH1   LZ390 final_options=ALIGN
P16DSH1   LZ390 final_options=NOALLOW
P16DSH1   LZ390 final_options=NOAMODE24
P16DSH1   LZ390 final_options=AMODE31
P16DSH1   LZ390 final_options=NOASCII
P16DSH1   LZ390 final_options=ASM
P16DSH1   LZ390 final_options=NOASSIST
P16DSH1   LZ390 final_options=AUTOLINK
P16DSH1   LZ390 final_options=BAL
P16DSH1   LZ390 final_options=NOBS2000
P16DSH1   LZ390 final_options=EDF
P16DSH1   LZ390 final_options=NOCICS
P16DSH1   LZ390 final_options=CODEPAGE(ISO-8859-1+IBM1047)
P16DSH1   LZ390 final_options=COMMENT
P16DSH1   LZ390 final_options=CON
P16DSH1   LZ390 final_options=NODUMP
P16DSH1   LZ390 final_options=EPILOG
P16DSH1   LZ390 final_options=NOERRSUM
P16DSH1   LZ390 final_options=EXTEND
P16DSH1   LZ390 final_options=FLOAT(DECIMAL)
P16DSH1   LZ390 final_options=NOGUAM
P16DSH1   LZ390 final_options=INIT
P16DSH1   LZ390 final_options=LIST
P16DSH1   LZ390 final_options=LISTCALL
P16DSH1   LZ390 final_options=LISTUSE
P16DSH1   LZ390 final_options=LOADHIGH
P16DSH1   LZ390 final_options=NOMCALL
P16DSH1   LZ390 final_options=NOMOD
P16DSH1   LZ390 final_options=OBJ
P16DSH1   LZ390 final_options=NOOBJHEX
P16DSH1   LZ390 final_options=PC
P16DSH1   LZ390 final_options=PCOPT
P16DSH1   LZ390 final_options=NOPDSMEM8
P16DSH1   LZ390 final_options=NOPRINTALL
P16DSH1   LZ390 final_options=PROLOG
P16DSH1   LZ390 final_options=PROTECT
P16DSH1   LZ390 final_options=R64
P16DSH1   LZ390 final_options=NOREFORMAT
P16DSH1   LZ390 final_options=NOREGS
P16DSH1   LZ390 final_options=RMODE24
P16DSH1   LZ390 final_options=NORMODE31
P16DSH1   LZ390 final_options=STATS
P16DSH1   LZ390 final_options=NOTEST
P16DSH1   LZ390 final_options=THREAD
P16DSH1   LZ390 final_options=NOTIME
P16DSH1   LZ390 final_options=NOTIMING
P16DSH1   LZ390 final_options=NOTRACE
P16DSH1   LZ390 final_options=NOTRACEA
P16DSH1   LZ390 final_options=NOTRACEALL
P16DSH1   LZ390 final_options=NOTRACEC
P16DSH1   LZ390 final_options=NOTRACEG
P16DSH1   LZ390 final_options=NOTRACEI
P16DSH1   LZ390 final_options=NOTRACEL
P16DSH1   LZ390 final_options=NOTRACEM
P16DSH1   LZ390 final_options=NOTRACEP
P16DSH1   LZ390 final_options=NOTRACEQ
P16DSH1   LZ390 final_options=NOTRACES
P16DSH1   LZ390 final_options=NOTRACET
P16DSH1   LZ390 final_options=NOTRACEV
P16DSH1   LZ390 final_options=TRAP
P16DSH1   LZ390 final_options=NOTRUNC
P16DSH1   LZ390 final_options=NOTS
P16DSH1   LZ390 final_options=VCB
P16DSH1   LZ390 final_options=WARN
P16DSH1   LZ390 final_options=XREF
P16DSH1   LZ390 final_options=ZSTRMAC
P16DSH1   LZ390 final_options=CHKMAC=0
P16DSH1   LZ390 final_options=CHKSRC=1
P16DSH1   LZ390 final_options=ERR=100
P16DSH1   LZ390 final_options=MAXCALL=50
P16DSH1   LZ390 final_options=MAXDISPLAY=80
P16DSH1   LZ390 final_options=MAXESD=1000
P16DSH1   LZ390 final_options=MAXFILE=1000
P16DSH1   LZ390 final_options=MAXGBL=100000
P16DSH1   LZ390 final_options=MAXHEIGHT=600
P16DSH1   LZ390 final_options=MAXLCL=100000
P16DSH1   LZ390 final_options=MAXLEN=80
P16DSH1   LZ390 final_options=MAXLINE=200000
P16DSH1   LZ390 final_options=MAXLOG=1000000
P16DSH1   LZ390 final_options=MAXPARM=10000
P16DSH1   LZ390 final_options=MAXPASS=2
P16DSH1   LZ390 final_options=MAXPC=50000
P16DSH1   LZ390 final_options=MAXQUE=1000
P16DSH1   LZ390 final_options=MAXRLD=10000
P16DSH1   LZ390 final_options=MAXSIZE=52428800
P16DSH1   LZ390 final_options=MAXSYM=50000
P16DSH1   LZ390 final_options=MAXWARN=4
P16DSH1   LZ390 final_options=MAXWIDTH=800
P16DSH1   LZ390 final_options=MEM=1
P16DSH1   LZ390 final_options=MINHEIGHT=150
P16DSH1   LZ390 final_options=MINWIDTH=150
P16DSH1   LZ390 final_options=MNOTE=0
P16DSH1   LZ390 final_options=PARM=
P16DSH1   LZ390 final_options=PROFILE=
P16DSH1   LZ390 final_options=STATS=C:\Program Files (x86)\Automated Software Tools\z390\mfacc\P16DSH1.STA
P16DSH1   LZ390 final_options=SYSPARM=
P16DSH1   LZ390 final options=SYSTERM=C:\Program Files (x86)\Automated Software Tools\z390\mfacc\rtmfacc.E
P16DSH1   LZ390 final_options=RR
P16DSH1   LZ390 final_options=TESTDD=
P16DSH1   LZ390 final_options=TIME=15
P16DSH1   LZ390 final_options=TRACE=
P16DSH1   LZ390 final_options=Z390ACROBAT=cmd.exe /c Start
P16DSH1   LZ390 final_options=Z390BROWSER=cmd.exe /c Start
P16DSH1   LZ390 final_options=Z390COMMAND=cmd.exe
P16DSH1   LZ390 final_options=Z390EDITOR=notepad.exe
P16DSH1   LZ390 final_options=INSTALL=
P16DSH1   LZ390 final_options=IPL=
P16DSH1   LZ390 final_options=LOG=
P16DSH1   LZ390 final_options=SYS390=mfacc\+linklib
P16DSH1   LZ390 final_options=SYSBAL=mfacc\
P16DSH1   LZ390 final_options=SYSCPY=mfacc\
P16DSH1   LZ390 final_options=SYSDAT=mfacc\
P16DSH1   LZ390 final_options=SYSERR=mfacc\
P16DSH1   LZ390 final_options=SYSLOG=mfacc\
P16DSH1   LZ390 final_options=SYSLST=mfacc\
P16DSH1   LZ390 final_options=SYSMAC=mfacc\
P16DSH1   LZ390 final_options=SYSMLC=mfacc\
P16DSH1   LZ390 final_options=SYSPCH=mfacc\
P16DSH1   LZ390 final_options=SYSPRN=mfacc\
P16DSH1   LZ390 final_options=SYSOBJ=mfacc\
P16DSH1   LZ390 final_options=SYSOPT=mfacc\
P16DSH1   LZ390 final_options=SYSTRC=mfacc\
P16DSH1   LZ390 Stats total obj files = 1
P16DSH1   LZ390 Stats total esds      = 1
P16DSH1   LZ390 Stats total csects    = 1
P16DSH1   LZ390 Stats total entries   = 0
P16DSH1   LZ390 Stats missing wxtrn's = 0
P16DSH1   LZ390 Stats Keys            = 1
P16DSH1   LZ390 Stats Key searches    = 2
P16DSH1   LZ390 Stats Key avg comps   = 0
P16DSH1   LZ390 Stats Key max comps   = 1
P16DSH1   LZ390 Stats total obj byte  = 676
P16DSH1   LZ390 Stats total obj rlds  = 4
P16DSH1   LZ390 total errors          = 0
P16DSH1   LZ390 ENDED   RC= 0 MEM(MB)= MB IO=270
P16DSH1   EZ390 START
P16DSH1   EZ390 Copyright 2011 Automated Software Tools Corporation
P16DSH1   EZ390 z390 is licensed under GNU General Public License
P16DSH1   EZ390 program = mfacc\P16DSH1.390
P16DSH1   EZ390 options = @rt\RT1=(bal notiming stats) 
  systerm(mfacc\rtmfacc)
P16DSH1   EZ390 final_options=ALIGN
P16DSH1   EZ390 final_options=NOALLOW
P16DSH1   EZ390 final_options=NOAMODE24
P16DSH1   EZ390 final_options=AMODE31
P16DSH1   EZ390 final_options=NOASCII
P16DSH1   EZ390 final_options=ASM
P16DSH1   EZ390 final_options=NOASSIST
P16DSH1   EZ390 final_options=AUTOLINK
P16DSH1   EZ390 final_options=BAL
P16DSH1   EZ390 final_options=NOBS2000
P16DSH1   EZ390 final_options=EDF
P16DSH1   EZ390 final_options=NOCICS
P16DSH1   EZ390 final_options=CODEPAGE(ISO-8859-1+IBM1047)
P16DSH1   EZ390 final_options=COMMENT
P16DSH1   EZ390 final_options=CON
P16DSH1   EZ390 final_options=NODUMP
P16DSH1   EZ390 final_options=EPILOG
P16DSH1   EZ390 final_options=NOERRSUM
P16DSH1   EZ390 final_options=EXTEND
P16DSH1   EZ390 final_options=FLOAT(DECIMAL)
P16DSH1   EZ390 final_options=NOGUAM
P16DSH1   EZ390 final_options=INIT
P16DSH1   EZ390 final_options=LIST
P16DSH1   EZ390 final_options=LISTCALL
P16DSH1   EZ390 final_options=LISTUSE
P16DSH1   EZ390 final_options=LOADHIGH
P16DSH1   EZ390 final_options=NOMCALL
P16DSH1   EZ390 final_options=NOMOD
P16DSH1   EZ390 final_options=OBJ
P16DSH1   EZ390 final_options=NOOBJHEX
P16DSH1   EZ390 final_options=PC
P16DSH1   EZ390 final_options=PCOPT
P16DSH1   EZ390 final_options=NOPDSMEM8
P16DSH1   EZ390 final_options=NOPRINTALL
P16DSH1   EZ390 final_options=PROLOG
P16DSH1   EZ390 final_options=PROTECT
P16DSH1   EZ390 final_options=R64
P16DSH1   EZ390 final_options=NOREFORMAT
P16DSH1   EZ390 final_options=NOREGS
P16DSH1   EZ390 final_options=RMODE24
P16DSH1   EZ390 final_options=NORMODE31
P16DSH1   EZ390 final_options=STATS
P16DSH1   EZ390 final_options=NOTEST
P16DSH1   EZ390 final_options=THREAD
P16DSH1   EZ390 final_options=NOTIME
P16DSH1   EZ390 final_options=NOTIMING
P16DSH1   EZ390 final_options=NOTRACE
P16DSH1   EZ390 final_options=NOTRACEA
P16DSH1   EZ390 final_options=NOTRACEALL
P16DSH1   EZ390 final_options=NOTRACEC
P16DSH1   EZ390 final_options=NOTRACEG
P16DSH1   EZ390 final_options=NOTRACEI
P16DSH1   EZ390 final_options=NOTRACEL
P16DSH1   EZ390 final_options=NOTRACEM
P16DSH1   EZ390 final_options=NOTRACEP
P16DSH1   EZ390 final_options=NOTRACEQ
P16DSH1   EZ390 final_options=NOTRACES
P16DSH1   EZ390 final_options=NOTRACET
P16DSH1   EZ390 final_options=NOTRACEV
P16DSH1   EZ390 final_options=TRAP
P16DSH1   EZ390 final_options=NOTRUNC
P16DSH1   EZ390 final_options=NOTS
P16DSH1   EZ390 final_options=VCB
P16DSH1   EZ390 final_options=WARN
P16DSH1   EZ390 final_options=XREF
P16DSH1   EZ390 final_options=ZSTRMAC
P16DSH1   EZ390 final_options=CHKMAC=0
P16DSH1   EZ390 final_options=CHKSRC=1
P16DSH1   EZ390 final_options=ERR=100
P16DSH1   EZ390 final_options=MAXCALL=50
P16DSH1   EZ390 final_options=MAXDISPLAY=80
P16DSH1   EZ390 final_options=MAXESD=1000
P16DSH1   EZ390 final_options=MAXFILE=1000
P16DSH1   EZ390 final_options=MAXGBL=100000
P16DSH1   EZ390 final_options=MAXHEIGHT=600
P16DSH1   EZ390 final_options=MAXLCL=100000
P16DSH1   EZ390 final_options=MAXLEN=80
P16DSH1   EZ390 final_options=MAXLINE=200000
P16DSH1   EZ390 final_options=MAXLOG=1000000
P16DSH1   EZ390 final_options=MAXPARM=10000
P16DSH1   EZ390 final_options=MAXPASS=2
P16DSH1   EZ390 final_options=MAXPC=50000
P16DSH1   EZ390 final_options=MAXQUE=1000
P16DSH1   EZ390 final_options=MAXRLD=10000
P16DSH1   EZ390 final_options=MAXSIZE=52428800
P16DSH1   EZ390 final_options=MAXSYM=50000
P16DSH1   EZ390 final_options=MAXWARN=4
P16DSH1   EZ390 final_options=MAXWIDTH=800
P16DSH1   EZ390 final_options=MEM=1
P16DSH1   EZ390 final_options=MINHEIGHT=150
P16DSH1   EZ390 final_options=MINWIDTH=150
P16DSH1   EZ390 final_options=MNOTE=0
P16DSH1   EZ390 final_options=PARM=
P16DSH1   EZ390 final_options=PROFILE=
P16DSH1   EZ390 final_options=STATS=C:\Program Files (x86)\Automated Software Tools\z390\mfacc\P16DSH1.STA
P16DSH1   EZ390 final_options=SYSPARM=
P16DSH1   EZ390 final options=SYSTERM=C:\Program Files (x86)\Automated Software Tools\z390\mfacc\rtmfacc.E
P16DSH1   EZ390 final_options=RR
P16DSH1   EZ390 final_options=TESTDD=
P16DSH1   EZ390 final_options=TIME=15
P16DSH1   EZ390 final_options=TRACE=
P16DSH1   EZ390 final_options=Z390ACROBAT=cmd.exe /c Start
P16DSH1   EZ390 final_options=Z390BROWSER=cmd.exe /c Start
P16DSH1   EZ390 final_options=Z390COMMAND=cmd.exe
P16DSH1   EZ390 final_options=Z390EDITOR=notepad.exe
P16DSH1   EZ390 final_options=INSTALL=
P16DSH1   EZ390 final_options=IPL=
P16DSH1   EZ390 final_options=LOG=C:\Program Files (x86)\Automated Software Tools\z390\mfacc\P16DSH1.LOG
P16DSH1   EZ390 final_options=SYS390=mfacc\+linklib
P16DSH1   EZ390 final_options=SYSBAL=mfacc\
P16DSH1   EZ390 final_options=SYSCPY=mfacc\
P16DSH1   EZ390 final_options=SYSDAT=mfacc\
P16DSH1   EZ390 final_options=SYSERR=mfacc\
P16DSH1   EZ390 final_options=SYSLOG=mfacc\
P16DSH1   EZ390 final_options=SYSLST=mfacc\
P16DSH1   EZ390 final_options=SYSMAC=mfacc\
P16DSH1   EZ390 final_options=SYSMLC=mfacc\
P16DSH1   EZ390 final_options=SYSPCH=mfacc\
P16DSH1   EZ390 final_options=SYSPRN=mfacc\
P16DSH1   EZ390 final_options=SYSOBJ=mfacc\
P16DSH1   EZ390 final_options=SYSOPT=mfacc\
P16DSH1   EZ390 final_options=SYSTRC=mfacc\
P16DSH1   EZ390 TCPIO operations      = 0
P16DSH1   EZ390 DCB operations        = 0
P16DSH1   EZ390 VSAM operations       = 0
P16DSH1   EZ390 Keys                  = 2467
P16DSH1   EZ390 Key searches          = 2
P16DSH1   EZ390 Key avg comps         = 0
P16DSH1   EZ390 Key max comps         = 0
P16DSH1   EZ390 total errors          = 0
P16DSH1   EZ390 ENDED   RC= 0 MEM(MB)= MB IO=188 INS=2958
