P16WR1    MZ390 START
P16WR1    MZ390 Copyright 2011 Automated Software Tools Corporation
P16WR1    MZ390 z390 is licensed under GNU General Public License
P16WR1    MZ390 program = mfacc\P16WR1.MLC
P16WR1    MZ390 options = sysmac(C:\PROGRA~2\AUTOMA~1\z390\mac+.) 
  syscpy(C:\PROGRA~2\AUTOMA~1\z390\mac+.) @rt\RT1=(bal notiming stats) 
  systerm(mfacc\rtmfacc)
P16WR1    MZ390 final_options=ALIGN
P16WR1    MZ390 final_options=NOALLOW
P16WR1    MZ390 final_options=NOAMODE24
P16WR1    MZ390 final_options=AMODE31
P16WR1    MZ390 final_options=NOASCII
P16WR1    MZ390 final_options=ASM
P16WR1    MZ390 final_options=NOASSIST
P16WR1    MZ390 final_options=AUTOLINK
P16WR1    MZ390 final_options=BAL
P16WR1    MZ390 final_options=NOBS2000
P16WR1    MZ390 final_options=EDF
P16WR1    MZ390 final_options=NOCICS
P16WR1    MZ390 final_options=CODEPAGE(ISO-8859-1+IBM1047)
P16WR1    MZ390 final_options=COMMENT
P16WR1    MZ390 final_options=CON
P16WR1    MZ390 final_options=NODUMP
P16WR1    MZ390 final_options=EPILOG
P16WR1    MZ390 final_options=NOERRSUM
P16WR1    MZ390 final_options=EXTEND
P16WR1    MZ390 final_options=FLOAT(DECIMAL)
P16WR1    MZ390 final_options=NOGUAM
P16WR1    MZ390 final_options=INIT
P16WR1    MZ390 final_options=LIST
P16WR1    MZ390 final_options=LISTCALL
P16WR1    MZ390 final_options=LISTUSE
P16WR1    MZ390 final_options=LOADHIGH
P16WR1    MZ390 final_options=NOMCALL
P16WR1    MZ390 final_options=NOMOD
P16WR1    MZ390 final_options=OBJ
P16WR1    MZ390 final_options=NOOBJHEX
P16WR1    MZ390 final_options=PC
P16WR1    MZ390 final_options=PCOPT
P16WR1    MZ390 final_options=NOPDSMEM8
P16WR1    MZ390 final_options=NOPRINTALL
P16WR1    MZ390 final_options=PROLOG
P16WR1    MZ390 final_options=PROTECT
P16WR1    MZ390 final_options=R64
P16WR1    MZ390 final_options=NOREFORMAT
P16WR1    MZ390 final_options=NOREGS
P16WR1    MZ390 final_options=RMODE24
P16WR1    MZ390 final_options=NORMODE31
P16WR1    MZ390 final_options=STATS
P16WR1    MZ390 final_options=NOTEST
P16WR1    MZ390 final_options=THREAD
P16WR1    MZ390 final_options=NOTIME
P16WR1    MZ390 final_options=NOTIMING
P16WR1    MZ390 final_options=NOTRACE
P16WR1    MZ390 final_options=NOTRACEA
P16WR1    MZ390 final_options=NOTRACEALL
P16WR1    MZ390 final_options=NOTRACEC
P16WR1    MZ390 final_options=NOTRACEG
P16WR1    MZ390 final_options=NOTRACEI
P16WR1    MZ390 final_options=NOTRACEL
P16WR1    MZ390 final_options=NOTRACEM
P16WR1    MZ390 final_options=NOTRACEP
P16WR1    MZ390 final_options=NOTRACEQ
P16WR1    MZ390 final_options=NOTRACES
P16WR1    MZ390 final_options=NOTRACET
P16WR1    MZ390 final_options=NOTRACEV
P16WR1    MZ390 final_options=TRAP
P16WR1    MZ390 final_options=NOTRUNC
P16WR1    MZ390 final_options=NOTS
P16WR1    MZ390 final_options=VCB
P16WR1    MZ390 final_options=WARN
P16WR1    MZ390 final_options=XREF
P16WR1    MZ390 final_options=ZSTRMAC
P16WR1    MZ390 final_options=CHKMAC=0
P16WR1    MZ390 final_options=CHKSRC=1
P16WR1    MZ390 final_options=ERR=100
P16WR1    MZ390 final_options=MAXCALL=50
P16WR1    MZ390 final_options=MAXDISPLAY=80
P16WR1    MZ390 final_options=MAXESD=1000
P16WR1    MZ390 final_options=MAXFILE=1000
P16WR1    MZ390 final_options=MAXGBL=100000
P16WR1    MZ390 final_options=MAXHEIGHT=600
P16WR1    MZ390 final_options=MAXLCL=100000
P16WR1    MZ390 final_options=MAXLEN=80
P16WR1    MZ390 final_options=MAXLINE=200000
P16WR1    MZ390 final_options=MAXLOG=1000000
P16WR1    MZ390 final_options=MAXPARM=10000
P16WR1    MZ390 final_options=MAXPASS=2
P16WR1    MZ390 final_options=MAXPC=50000
P16WR1    MZ390 final_options=MAXQUE=1000
P16WR1    MZ390 final_options=MAXRLD=10000
P16WR1    MZ390 final_options=MAXSIZE=52428800
P16WR1    MZ390 final_options=MAXSYM=50000
P16WR1    MZ390 final_options=MAXWARN=4
P16WR1    MZ390 final_options=MAXWIDTH=800
P16WR1    MZ390 final_options=MEM=1
P16WR1    MZ390 final_options=MINHEIGHT=150
P16WR1    MZ390 final_options=MINWIDTH=150
P16WR1    MZ390 final_options=MNOTE=0
P16WR1    MZ390 final_options=PARM=
P16WR1    MZ390 final_options=PROFILE=
P16WR1    MZ390 final_options=STATS=C:\Program Files (x86)\Automated Software Tools\z390\mfacc\P16WR1.STA
P16WR1    MZ390 final_options=SYSPARM=
P16WR1    MZ390 final options=SYSTERM=C:\Program Files (x86)\Automated Software Tools\z390\mfacc\rtmfacc.E
P16WR1    MZ390 final_options=RR
P16WR1    MZ390 final_options=TESTDD=
P16WR1    MZ390 final_options=TIME=15
P16WR1    MZ390 final_options=TRACE=
P16WR1    MZ390 final_options=Z390ACROBAT=cmd.exe /c Start
P16WR1    MZ390 final_options=Z390BROWSER=cmd.exe /c Start
P16WR1    MZ390 final_options=Z390COMMAND=cmd.exe
P16WR1    MZ390 final_options=Z390EDITOR=notepad.exe
P16WR1    MZ390 final_options=INSTALL=
P16WR1    MZ390 final_options=IPL=
P16WR1    MZ390 final_options=LOG=
P16WR1    MZ390 final_options=SYS390=mfacc\+linklib
P16WR1    MZ390 final_options=SYSBAL=mfacc\
P16WR1    MZ390 final_options=SYSCPY=C:\PROGRA~2\AUTOMA~1\z390\mac+.
P16WR1    MZ390 final_options=SYSDAT=mfacc\
P16WR1    MZ390 final_options=SYSERR=mfacc\
P16WR1    MZ390 final_options=SYSLOG=mfacc\
P16WR1    MZ390 final_options=SYSLST=mfacc\
P16WR1    MZ390 final_options=SYSMAC=C:\PROGRA~2\AUTOMA~1\z390\mac+.
P16WR1    MZ390 final_options=SYSMLC=mfacc\
P16WR1    MZ390 final_options=SYSPCH=mfacc\
P16WR1    MZ390 final_options=SYSPRN=mfacc\
P16WR1    MZ390 final_options=SYSOBJ=mfacc\
P16WR1    MZ390 final_options=SYSOPT=mfacc\
P16WR1    MZ390 final_options=SYSTRC=mfacc\
P16WR1    MZ390 total MLC/MAC loaded  = 419
P16WR1    MZ390 total BAL output lines= 185
P16WR1    MZ390 total BAL instructions= 37
P16WR1    MZ390 total macros          = 4
P16WR1    MZ390 total macro loads     = 4
P16WR1    MZ390 total macro calls     = 12
P16WR1    MZ390 total AENTRY blocks   = 0
P16WR1    MZ390 total ACALL  calls    = 0
P16WR1    MZ390 total AIF    blocks   = 0
P16WR1    MZ390 total ACASE  blocks   = 0
P16WR1    MZ390 total AWHILE calls    = 0
P16WR1    MZ390 total AUNTIL blocks   = 0
P16WR1    MZ390 total global set names= 48
P16WR1    MZ390 tot global seta cells = 0
P16WR1    MZ390 tot global setb cells = 8
P16WR1    MZ390 tot global setc cells = 40
P16WR1    MZ390 max local pos parms   = 7
P16WR1    MZ390 max local key parms   = 23
P16WR1    MZ390 max local set names   = 34
P16WR1    MZ390 max local seta cells  = 11
P16WR1    MZ390 max local setb cells  = 0
P16WR1    MZ390 max local setc cells  = 23
P16WR1    MZ390 total array expansions= 0
P16WR1    MZ390 total Keys            = 1731
P16WR1    MZ390 Key searches          = 3853
P16WR1    MZ390 Key avg comps         = 0
P16WR1    MZ390 Key max comps         = 3
P16WR1    MZ390 total macro line exec = 364
P16WR1    MZ390 total pcode line exec = 59
P16WR1    MZ390 total pcode line gen. = 63
P16WR1    MZ390 total pcode line reuse= 0
P16WR1    MZ390 total pcode op   gen. = 261
P16WR1    MZ390 total pcode op   exec = 218
P16WR1    MZ390 total pcode gen  opt  = 144
P16WR1    MZ390 total pcode exec opt  = 0
P16WR1    MZ390 FID=  1 ERR= 0 C:\Program Files (x86)\Automated Software Tools\z390\mfacc\P16WR1.MLC
P16WR1    MZ390 FID=  2 ERR= 0 C:\PROGRA~2\AUTOMA~1\z390\mac\ZMFACC.MAC
P16WR1    MZ390 FID=  3 ERR= 0 C:\PROGRA~2\AUTOMA~1\z390\mac\WTO.MAC
P16WR1    MZ390 FID=  4 ERR= 0 C:\PROGRA~2\AUTOMA~1\z390\mac\SNAP.MAC
P16WR1    MZ390 total mnote warnings  = 0
P16WR1    MZ390 total mnote errors    = 0
P16WR1    MZ390 max   mnote level     = 0
P16WR1    MZ390 total mz390 errors    = 0
P16WR1    AZ390 BAL lines             = 185
P16WR1    AZ390 symbols               = 73
P16WR1    AZ390 Literals              = 7
P16WR1    AZ390 alloc passes          = 2
P16WR1    AZ390 Keys                  = 1399
P16WR1    AZ390 Key searches          = 2683
P16WR1    AZ390 Key avg comps         = 0
P16WR1    AZ390 Key max comps         = 3
P16WR1    AZ390 ESD symbols           = 1
P16WR1    AZ390 object bytes          = 562
P16WR1    AZ390 object rlds           = 4
P16WR1    AZ390 total mnote warnings  = 0
P16WR1    AZ390 total mnote errors    = 0
P16WR1    AZ390 max   mnote level     = 0
P16WR1    AZ390 total mz390 errors    = 0
P16WR1    AZ390 total az390 errors    = 0
P16WR1    MZ390 ENDED   RC= 0 MEM(MB)= MB IO=2234
P16WR1    LZ390 START
P16WR1    LZ390 Copyright 2011 Automated Software Tools Corporation
P16WR1    LZ390 z390 is licensed under GNU General Public License
P16WR1    LZ390 options = @rt\RT1=(bal notiming stats) 
  systerm(mfacc\rtmfacc)
P16WR1    LZ390 program = mfacc\P16WR1.OBJ
P16WR1    LZ390 final_options=ALIGN
P16WR1    LZ390 final_options=NOALLOW
P16WR1    LZ390 final_options=NOAMODE24
P16WR1    LZ390 final_options=AMODE31
P16WR1    LZ390 final_options=NOASCII
P16WR1    LZ390 final_options=ASM
P16WR1    LZ390 final_options=NOASSIST
P16WR1    LZ390 final_options=AUTOLINK
P16WR1    LZ390 final_options=BAL
P16WR1    LZ390 final_options=NOBS2000
P16WR1    LZ390 final_options=EDF
P16WR1    LZ390 final_options=NOCICS
P16WR1    LZ390 final_options=CODEPAGE(ISO-8859-1+IBM1047)
P16WR1    LZ390 final_options=COMMENT
P16WR1    LZ390 final_options=CON
P16WR1    LZ390 final_options=NODUMP
P16WR1    LZ390 final_options=EPILOG
P16WR1    LZ390 final_options=NOERRSUM
P16WR1    LZ390 final_options=EXTEND
P16WR1    LZ390 final_options=FLOAT(DECIMAL)
P16WR1    LZ390 final_options=NOGUAM
P16WR1    LZ390 final_options=INIT
P16WR1    LZ390 final_options=LIST
P16WR1    LZ390 final_options=LISTCALL
P16WR1    LZ390 final_options=LISTUSE
P16WR1    LZ390 final_options=LOADHIGH
P16WR1    LZ390 final_options=NOMCALL
P16WR1    LZ390 final_options=NOMOD
P16WR1    LZ390 final_options=OBJ
P16WR1    LZ390 final_options=NOOBJHEX
P16WR1    LZ390 final_options=PC
P16WR1    LZ390 final_options=PCOPT
P16WR1    LZ390 final_options=NOPDSMEM8
P16WR1    LZ390 final_options=NOPRINTALL
P16WR1    LZ390 final_options=PROLOG
P16WR1    LZ390 final_options=PROTECT
P16WR1    LZ390 final_options=R64
P16WR1    LZ390 final_options=NOREFORMAT
P16WR1    LZ390 final_options=NOREGS
P16WR1    LZ390 final_options=RMODE24
P16WR1    LZ390 final_options=NORMODE31
P16WR1    LZ390 final_options=STATS
P16WR1    LZ390 final_options=NOTEST
P16WR1    LZ390 final_options=THREAD
P16WR1    LZ390 final_options=NOTIME
P16WR1    LZ390 final_options=NOTIMING
P16WR1    LZ390 final_options=NOTRACE
P16WR1    LZ390 final_options=NOTRACEA
P16WR1    LZ390 final_options=NOTRACEALL
P16WR1    LZ390 final_options=NOTRACEC
P16WR1    LZ390 final_options=NOTRACEG
P16WR1    LZ390 final_options=NOTRACEI
P16WR1    LZ390 final_options=NOTRACEL
P16WR1    LZ390 final_options=NOTRACEM
P16WR1    LZ390 final_options=NOTRACEP
P16WR1    LZ390 final_options=NOTRACEQ
P16WR1    LZ390 final_options=NOTRACES
P16WR1    LZ390 final_options=NOTRACET
P16WR1    LZ390 final_options=NOTRACEV
P16WR1    LZ390 final_options=TRAP
P16WR1    LZ390 final_options=NOTRUNC
P16WR1    LZ390 final_options=NOTS
P16WR1    LZ390 final_options=VCB
P16WR1    LZ390 final_options=WARN
P16WR1    LZ390 final_options=XREF
P16WR1    LZ390 final_options=ZSTRMAC
P16WR1    LZ390 final_options=CHKMAC=0
P16WR1    LZ390 final_options=CHKSRC=1
P16WR1    LZ390 final_options=ERR=100
P16WR1    LZ390 final_options=MAXCALL=50
P16WR1    LZ390 final_options=MAXDISPLAY=80
P16WR1    LZ390 final_options=MAXESD=1000
P16WR1    LZ390 final_options=MAXFILE=1000
P16WR1    LZ390 final_options=MAXGBL=100000
P16WR1    LZ390 final_options=MAXHEIGHT=600
P16WR1    LZ390 final_options=MAXLCL=100000
P16WR1    LZ390 final_options=MAXLEN=80
P16WR1    LZ390 final_options=MAXLINE=200000
P16WR1    LZ390 final_options=MAXLOG=1000000
P16WR1    LZ390 final_options=MAXPARM=10000
P16WR1    LZ390 final_options=MAXPASS=2
P16WR1    LZ390 final_options=MAXPC=50000
P16WR1    LZ390 final_options=MAXQUE=1000
P16WR1    LZ390 final_options=MAXRLD=10000
P16WR1    LZ390 final_options=MAXSIZE=52428800
P16WR1    LZ390 final_options=MAXSYM=50000
P16WR1    LZ390 final_options=MAXWARN=4
P16WR1    LZ390 final_options=MAXWIDTH=800
P16WR1    LZ390 final_options=MEM=1
P16WR1    LZ390 final_options=MINHEIGHT=150
P16WR1    LZ390 final_options=MINWIDTH=150
P16WR1    LZ390 final_options=MNOTE=0
P16WR1    LZ390 final_options=PARM=
P16WR1    LZ390 final_options=PROFILE=
P16WR1    LZ390 final_options=STATS=C:\Program Files (x86)\Automated Software Tools\z390\mfacc\P16WR1.STA
P16WR1    LZ390 final_options=SYSPARM=
P16WR1    LZ390 final options=SYSTERM=C:\Program Files (x86)\Automated Software Tools\z390\mfacc\rtmfacc.E
P16WR1    LZ390 final_options=RR
P16WR1    LZ390 final_options=TESTDD=
P16WR1    LZ390 final_options=TIME=15
P16WR1    LZ390 final_options=TRACE=
P16WR1    LZ390 final_options=Z390ACROBAT=cmd.exe /c Start
P16WR1    LZ390 final_options=Z390BROWSER=cmd.exe /c Start
P16WR1    LZ390 final_options=Z390COMMAND=cmd.exe
P16WR1    LZ390 final_options=Z390EDITOR=notepad.exe
P16WR1    LZ390 final_options=INSTALL=
P16WR1    LZ390 final_options=IPL=
P16WR1    LZ390 final_options=LOG=
P16WR1    LZ390 final_options=SYS390=mfacc\+linklib
P16WR1    LZ390 final_options=SYSBAL=mfacc\
P16WR1    LZ390 final_options=SYSCPY=mfacc\
P16WR1    LZ390 final_options=SYSDAT=mfacc\
P16WR1    LZ390 final_options=SYSERR=mfacc\
P16WR1    LZ390 final_options=SYSLOG=mfacc\
P16WR1    LZ390 final_options=SYSLST=mfacc\
P16WR1    LZ390 final_options=SYSMAC=mfacc\
P16WR1    LZ390 final_options=SYSMLC=mfacc\
P16WR1    LZ390 final_options=SYSPCH=mfacc\
P16WR1    LZ390 final_options=SYSPRN=mfacc\
P16WR1    LZ390 final_options=SYSOBJ=mfacc\
P16WR1    LZ390 final_options=SYSOPT=mfacc\
P16WR1    LZ390 final_options=SYSTRC=mfacc\
P16WR1    LZ390 Stats total obj files = 1
P16WR1    LZ390 Stats total esds      = 1
P16WR1    LZ390 Stats total csects    = 1
P16WR1    LZ390 Stats total entries   = 0
P16WR1    LZ390 Stats missing wxtrn's = 0
P16WR1    LZ390 Stats Keys            = 1
P16WR1    LZ390 Stats Key searches    = 2
P16WR1    LZ390 Stats Key avg comps   = 0
P16WR1    LZ390 Stats Key max comps   = 1
P16WR1    LZ390 Stats total obj byte  = 562
P16WR1    LZ390 Stats total obj rlds  = 4
P16WR1    LZ390 total errors          = 0
P16WR1    LZ390 ENDED   RC= 0 MEM(MB)= MB IO=256
P16WR1    EZ390 START
P16WR1    EZ390 Copyright 2011 Automated Software Tools Corporation
P16WR1    EZ390 z390 is licensed under GNU General Public License
P16WR1    EZ390 program = mfacc\P16WR1.390
P16WR1    EZ390 options = @rt\RT1=(bal notiming stats) 
  systerm(mfacc\rtmfacc)
P16WR1    EZ390 final_options=ALIGN
P16WR1    EZ390 final_options=NOALLOW
P16WR1    EZ390 final_options=NOAMODE24
P16WR1    EZ390 final_options=AMODE31
P16WR1    EZ390 final_options=NOASCII
P16WR1    EZ390 final_options=ASM
P16WR1    EZ390 final_options=NOASSIST
P16WR1    EZ390 final_options=AUTOLINK
P16WR1    EZ390 final_options=BAL
P16WR1    EZ390 final_options=NOBS2000
P16WR1    EZ390 final_options=EDF
P16WR1    EZ390 final_options=NOCICS
P16WR1    EZ390 final_options=CODEPAGE(ISO-8859-1+IBM1047)
P16WR1    EZ390 final_options=COMMENT
P16WR1    EZ390 final_options=CON
P16WR1    EZ390 final_options=NODUMP
P16WR1    EZ390 final_options=EPILOG
P16WR1    EZ390 final_options=NOERRSUM
P16WR1    EZ390 final_options=EXTEND
P16WR1    EZ390 final_options=FLOAT(DECIMAL)
P16WR1    EZ390 final_options=NOGUAM
P16WR1    EZ390 final_options=INIT
P16WR1    EZ390 final_options=LIST
P16WR1    EZ390 final_options=LISTCALL
P16WR1    EZ390 final_options=LISTUSE
P16WR1    EZ390 final_options=LOADHIGH
P16WR1    EZ390 final_options=NOMCALL
P16WR1    EZ390 final_options=NOMOD
P16WR1    EZ390 final_options=OBJ
P16WR1    EZ390 final_options=NOOBJHEX
P16WR1    EZ390 final_options=PC
P16WR1    EZ390 final_options=PCOPT
P16WR1    EZ390 final_options=NOPDSMEM8
P16WR1    EZ390 final_options=NOPRINTALL
P16WR1    EZ390 final_options=PROLOG
P16WR1    EZ390 final_options=PROTECT
P16WR1    EZ390 final_options=R64
P16WR1    EZ390 final_options=NOREFORMAT
P16WR1    EZ390 final_options=NOREGS
P16WR1    EZ390 final_options=RMODE24
P16WR1    EZ390 final_options=NORMODE31
P16WR1    EZ390 final_options=STATS
P16WR1    EZ390 final_options=NOTEST
P16WR1    EZ390 final_options=THREAD
P16WR1    EZ390 final_options=NOTIME
P16WR1    EZ390 final_options=NOTIMING
P16WR1    EZ390 final_options=NOTRACE
P16WR1    EZ390 final_options=NOTRACEA
P16WR1    EZ390 final_options=NOTRACEALL
P16WR1    EZ390 final_options=NOTRACEC
P16WR1    EZ390 final_options=NOTRACEG
P16WR1    EZ390 final_options=NOTRACEI
P16WR1    EZ390 final_options=NOTRACEL
P16WR1    EZ390 final_options=NOTRACEM
P16WR1    EZ390 final_options=NOTRACEP
P16WR1    EZ390 final_options=NOTRACEQ
P16WR1    EZ390 final_options=NOTRACES
P16WR1    EZ390 final_options=NOTRACET
P16WR1    EZ390 final_options=NOTRACEV
P16WR1    EZ390 final_options=TRAP
P16WR1    EZ390 final_options=NOTRUNC
P16WR1    EZ390 final_options=NOTS
P16WR1    EZ390 final_options=VCB
P16WR1    EZ390 final_options=WARN
P16WR1    EZ390 final_options=XREF
P16WR1    EZ390 final_options=ZSTRMAC
P16WR1    EZ390 final_options=CHKMAC=0
P16WR1    EZ390 final_options=CHKSRC=1
P16WR1    EZ390 final_options=ERR=100
P16WR1    EZ390 final_options=MAXCALL=50
P16WR1    EZ390 final_options=MAXDISPLAY=80
P16WR1    EZ390 final_options=MAXESD=1000
P16WR1    EZ390 final_options=MAXFILE=1000
P16WR1    EZ390 final_options=MAXGBL=100000
P16WR1    EZ390 final_options=MAXHEIGHT=600
P16WR1    EZ390 final_options=MAXLCL=100000
P16WR1    EZ390 final_options=MAXLEN=80
P16WR1    EZ390 final_options=MAXLINE=200000
P16WR1    EZ390 final_options=MAXLOG=1000000
P16WR1    EZ390 final_options=MAXPARM=10000
P16WR1    EZ390 final_options=MAXPASS=2
P16WR1    EZ390 final_options=MAXPC=50000
P16WR1    EZ390 final_options=MAXQUE=1000
P16WR1    EZ390 final_options=MAXRLD=10000
P16WR1    EZ390 final_options=MAXSIZE=52428800
P16WR1    EZ390 final_options=MAXSYM=50000
P16WR1    EZ390 final_options=MAXWARN=4
P16WR1    EZ390 final_options=MAXWIDTH=800
P16WR1    EZ390 final_options=MEM=1
P16WR1    EZ390 final_options=MINHEIGHT=150
P16WR1    EZ390 final_options=MINWIDTH=150
P16WR1    EZ390 final_options=MNOTE=0
P16WR1    EZ390 final_options=PARM=
P16WR1    EZ390 final_options=PROFILE=
P16WR1    EZ390 final_options=STATS=C:\Program Files (x86)\Automated Software Tools\z390\mfacc\P16WR1.STA
P16WR1    EZ390 final_options=SYSPARM=
P16WR1    EZ390 final options=SYSTERM=C:\Program Files (x86)\Automated Software Tools\z390\mfacc\rtmfacc.E
P16WR1    EZ390 final_options=RR
P16WR1    EZ390 final_options=TESTDD=
P16WR1    EZ390 final_options=TIME=15
P16WR1    EZ390 final_options=TRACE=
P16WR1    EZ390 final_options=Z390ACROBAT=cmd.exe /c Start
P16WR1    EZ390 final_options=Z390BROWSER=cmd.exe /c Start
P16WR1    EZ390 final_options=Z390COMMAND=cmd.exe
P16WR1    EZ390 final_options=Z390EDITOR=notepad.exe
P16WR1    EZ390 final_options=INSTALL=
P16WR1    EZ390 final_options=IPL=
P16WR1    EZ390 final_options=LOG=C:\Program Files (x86)\Automated Software Tools\z390\mfacc\P16WR1.LOG
P16WR1    EZ390 final_options=SYS390=mfacc\+linklib
P16WR1    EZ390 final_options=SYSBAL=mfacc\
P16WR1    EZ390 final_options=SYSCPY=mfacc\
P16WR1    EZ390 final_options=SYSDAT=mfacc\
P16WR1    EZ390 final_options=SYSERR=mfacc\
P16WR1    EZ390 final_options=SYSLOG=mfacc\
P16WR1    EZ390 final_options=SYSLST=mfacc\
P16WR1    EZ390 final_options=SYSMAC=mfacc\
P16WR1    EZ390 final_options=SYSMLC=mfacc\
P16WR1    EZ390 final_options=SYSPCH=mfacc\
P16WR1    EZ390 final_options=SYSPRN=mfacc\
P16WR1    EZ390 final_options=SYSOBJ=mfacc\
P16WR1    EZ390 final_options=SYSOPT=mfacc\
P16WR1    EZ390 final_options=SYSTRC=mfacc\
P16WR1    EZ390 TCPIO operations      = 0
P16WR1    EZ390 DCB operations        = 0
P16WR1    EZ390 VSAM operations       = 0
P16WR1    EZ390 Keys                  = 2467
P16WR1    EZ390 Key searches          = 2
P16WR1    EZ390 Key avg comps         = 0
P16WR1    EZ390 Key max comps         = 0
P16WR1    EZ390 total errors          = 0
P16WR1    EZ390 ENDED   RC= 0 MEM(MB)= MB IO=190 INS=2531
