P1RAFA1   MZ390 START
P1RAFA1   MZ390 Copyright 2011 Automated Software Tools Corporation
P1RAFA1   MZ390 z390 is licensed under GNU General Public License
P1RAFA1   MZ390 program = mfacc\P1RAFA1.MLC
P1RAFA1   MZ390 options = sysmac(C:\PROGRA~2\AUTOMA~1\z390\mac+.) 
  syscpy(C:\PROGRA~2\AUTOMA~1\z390\mac+.) @rt\RT1=(bal notiming stats) 
  systerm(mfacc\rtmfacc)
P1RAFA1   MZ390 final_options=ALIGN
P1RAFA1   MZ390 final_options=NOALLOW
P1RAFA1   MZ390 final_options=NOAMODE24
P1RAFA1   MZ390 final_options=AMODE31
P1RAFA1   MZ390 final_options=NOASCII
P1RAFA1   MZ390 final_options=ASM
P1RAFA1   MZ390 final_options=NOASSIST
P1RAFA1   MZ390 final_options=AUTOLINK
P1RAFA1   MZ390 final_options=BAL
P1RAFA1   MZ390 final_options=NOBS2000
P1RAFA1   MZ390 final_options=EDF
P1RAFA1   MZ390 final_options=NOCICS
P1RAFA1   MZ390 final_options=CODEPAGE(ISO-8859-1+IBM1047)
P1RAFA1   MZ390 final_options=COMMENT
P1RAFA1   MZ390 final_options=CON
P1RAFA1   MZ390 final_options=NODUMP
P1RAFA1   MZ390 final_options=EPILOG
P1RAFA1   MZ390 final_options=NOERRSUM
P1RAFA1   MZ390 final_options=EXTEND
P1RAFA1   MZ390 final_options=FLOAT(DECIMAL)
P1RAFA1   MZ390 final_options=NOGUAM
P1RAFA1   MZ390 final_options=INIT
P1RAFA1   MZ390 final_options=LIST
P1RAFA1   MZ390 final_options=LISTCALL
P1RAFA1   MZ390 final_options=LISTUSE
P1RAFA1   MZ390 final_options=LOADHIGH
P1RAFA1   MZ390 final_options=NOMCALL
P1RAFA1   MZ390 final_options=NOMOD
P1RAFA1   MZ390 final_options=OBJ
P1RAFA1   MZ390 final_options=NOOBJHEX
P1RAFA1   MZ390 final_options=PC
P1RAFA1   MZ390 final_options=PCOPT
P1RAFA1   MZ390 final_options=NOPDSMEM8
P1RAFA1   MZ390 final_options=NOPRINTALL
P1RAFA1   MZ390 final_options=PROLOG
P1RAFA1   MZ390 final_options=PROTECT
P1RAFA1   MZ390 final_options=R64
P1RAFA1   MZ390 final_options=NOREFORMAT
P1RAFA1   MZ390 final_options=NOREGS
P1RAFA1   MZ390 final_options=RMODE24
P1RAFA1   MZ390 final_options=NORMODE31
P1RAFA1   MZ390 final_options=STATS
P1RAFA1   MZ390 final_options=NOTEST
P1RAFA1   MZ390 final_options=THREAD
P1RAFA1   MZ390 final_options=NOTIME
P1RAFA1   MZ390 final_options=NOTIMING
P1RAFA1   MZ390 final_options=NOTRACE
P1RAFA1   MZ390 final_options=NOTRACEA
P1RAFA1   MZ390 final_options=NOTRACEALL
P1RAFA1   MZ390 final_options=NOTRACEC
P1RAFA1   MZ390 final_options=NOTRACEG
P1RAFA1   MZ390 final_options=NOTRACEI
P1RAFA1   MZ390 final_options=NOTRACEL
P1RAFA1   MZ390 final_options=NOTRACEM
P1RAFA1   MZ390 final_options=NOTRACEP
P1RAFA1   MZ390 final_options=NOTRACEQ
P1RAFA1   MZ390 final_options=NOTRACES
P1RAFA1   MZ390 final_options=NOTRACET
P1RAFA1   MZ390 final_options=NOTRACEV
P1RAFA1   MZ390 final_options=TRAP
P1RAFA1   MZ390 final_options=NOTRUNC
P1RAFA1   MZ390 final_options=NOTS
P1RAFA1   MZ390 final_options=VCB
P1RAFA1   MZ390 final_options=WARN
P1RAFA1   MZ390 final_options=XREF
P1RAFA1   MZ390 final_options=ZSTRMAC
P1RAFA1   MZ390 final_options=CHKMAC=0
P1RAFA1   MZ390 final_options=CHKSRC=1
P1RAFA1   MZ390 final_options=ERR=100
P1RAFA1   MZ390 final_options=MAXCALL=50
P1RAFA1   MZ390 final_options=MAXDISPLAY=80
P1RAFA1   MZ390 final_options=MAXESD=1000
P1RAFA1   MZ390 final_options=MAXFILE=1000
P1RAFA1   MZ390 final_options=MAXGBL=100000
P1RAFA1   MZ390 final_options=MAXHEIGHT=600
P1RAFA1   MZ390 final_options=MAXLCL=100000
P1RAFA1   MZ390 final_options=MAXLEN=80
P1RAFA1   MZ390 final_options=MAXLINE=200000
P1RAFA1   MZ390 final_options=MAXLOG=1000000
P1RAFA1   MZ390 final_options=MAXPARM=10000
P1RAFA1   MZ390 final_options=MAXPASS=2
P1RAFA1   MZ390 final_options=MAXPC=50000
P1RAFA1   MZ390 final_options=MAXQUE=1000
P1RAFA1   MZ390 final_options=MAXRLD=10000
P1RAFA1   MZ390 final_options=MAXSIZE=52428800
P1RAFA1   MZ390 final_options=MAXSYM=50000
P1RAFA1   MZ390 final_options=MAXWARN=4
P1RAFA1   MZ390 final_options=MAXWIDTH=800
P1RAFA1   MZ390 final_options=MEM=1
P1RAFA1   MZ390 final_options=MINHEIGHT=150
P1RAFA1   MZ390 final_options=MINWIDTH=150
P1RAFA1   MZ390 final_options=MNOTE=0
P1RAFA1   MZ390 final_options=PARM=
P1RAFA1   MZ390 final_options=PROFILE=
P1RAFA1   MZ390 final_options=STATS=C:\Program Files (x86)\Automated Software Tools\z390\mfacc\P1RAFA1.STA
P1RAFA1   MZ390 final_options=SYSPARM=
P1RAFA1   MZ390 final options=SYSTERM=C:\Program Files (x86)\Automated Software Tools\z390\mfacc\rtmfacc.E
P1RAFA1   MZ390 final_options=RR
P1RAFA1   MZ390 final_options=TESTDD=
P1RAFA1   MZ390 final_options=TIME=15
P1RAFA1   MZ390 final_options=TRACE=
P1RAFA1   MZ390 final_options=Z390ACROBAT=cmd.exe /c Start
P1RAFA1   MZ390 final_options=Z390BROWSER=cmd.exe /c Start
P1RAFA1   MZ390 final_options=Z390COMMAND=cmd.exe
P1RAFA1   MZ390 final_options=Z390EDITOR=notepad.exe
P1RAFA1   MZ390 final_options=INSTALL=
P1RAFA1   MZ390 final_options=IPL=
P1RAFA1   MZ390 final_options=LOG=
P1RAFA1   MZ390 final_options=SYS390=mfacc\+linklib
P1RAFA1   MZ390 final_options=SYSBAL=mfacc\
P1RAFA1   MZ390 final_options=SYSCPY=C:\PROGRA~2\AUTOMA~1\z390\mac+.
P1RAFA1   MZ390 final_options=SYSDAT=mfacc\
P1RAFA1   MZ390 final_options=SYSERR=mfacc\
P1RAFA1   MZ390 final_options=SYSLOG=mfacc\
P1RAFA1   MZ390 final_options=SYSLST=mfacc\
P1RAFA1   MZ390 final_options=SYSMAC=C:\PROGRA~2\AUTOMA~1\z390\mac+.
P1RAFA1   MZ390 final_options=SYSMLC=mfacc\
P1RAFA1   MZ390 final_options=SYSPCH=mfacc\
P1RAFA1   MZ390 final_options=SYSPRN=mfacc\
P1RAFA1   MZ390 final_options=SYSOBJ=mfacc\
P1RAFA1   MZ390 final_options=SYSOPT=mfacc\
P1RAFA1   MZ390 final_options=SYSTRC=mfacc\
P1RAFA1   MZ390 total MLC/MAC loaded  = 371
P1RAFA1   MZ390 total BAL output lines= 135
P1RAFA1   MZ390 total BAL instructions= 21
P1RAFA1   MZ390 total macros          = 4
P1RAFA1   MZ390 total macro loads     = 4
P1RAFA1   MZ390 total macro calls     = 11
P1RAFA1   MZ390 total AENTRY blocks   = 0
P1RAFA1   MZ390 total ACALL  calls    = 0
P1RAFA1   MZ390 total AIF    blocks   = 0
P1RAFA1   MZ390 total ACASE  blocks   = 0
P1RAFA1   MZ390 total AWHILE calls    = 0
P1RAFA1   MZ390 total AUNTIL blocks   = 0
P1RAFA1   MZ390 total global set names= 48
P1RAFA1   MZ390 tot global seta cells = 0
P1RAFA1   MZ390 tot global setb cells = 8
P1RAFA1   MZ390 tot global setc cells = 40
P1RAFA1   MZ390 max local pos parms   = 7
P1RAFA1   MZ390 max local key parms   = 23
P1RAFA1   MZ390 max local set names   = 34
P1RAFA1   MZ390 max local seta cells  = 11
P1RAFA1   MZ390 max local setb cells  = 0
P1RAFA1   MZ390 max local setc cells  = 23
P1RAFA1   MZ390 total array expansions= 0
P1RAFA1   MZ390 total Keys            = 1696
P1RAFA1   MZ390 Key searches          = 3554
P1RAFA1   MZ390 Key avg comps         = 0
P1RAFA1   MZ390 Key max comps         = 3
P1RAFA1   MZ390 total macro line exec = 309
P1RAFA1   MZ390 total pcode line exec = 56
P1RAFA1   MZ390 total pcode line gen. = 62
P1RAFA1   MZ390 total pcode line reuse= 0
P1RAFA1   MZ390 total pcode op   gen. = 244
P1RAFA1   MZ390 total pcode op   exec = 208
P1RAFA1   MZ390 total pcode gen  opt  = 138
P1RAFA1   MZ390 total pcode exec opt  = 0
P1RAFA1   MZ390 FID=  1 ERR= 0 C:\Program Files (x86)\Automated Software Tools\z390\mfacc\P1RAFA1.MLC
P1RAFA1   MZ390 FID=  2 ERR= 0 C:\PROGRA~2\AUTOMA~1\z390\mac\ZMFACC.MAC
P1RAFA1   MZ390 FID=  3 ERR= 0 C:\PROGRA~2\AUTOMA~1\z390\mac\WTO.MAC
P1RAFA1   MZ390 FID=  4 ERR= 0 C:\PROGRA~2\AUTOMA~1\z390\mac\SNAP.MAC
P1RAFA1   MZ390 total mnote warnings  = 1
P1RAFA1   MZ390 total mnote errors    = 0
P1RAFA1   MZ390 max   mnote level     = 4
P1RAFA1   MZ390 total mz390 errors    = 0
P1RAFA1   AZ390 BAL lines             = 135
P1RAFA1   AZ390 symbols               = 59
P1RAFA1   AZ390 Literals              = 6
P1RAFA1   AZ390 alloc passes          = 2
P1RAFA1   AZ390 Keys                  = 1384
P1RAFA1   AZ390 Key searches          = 2174
P1RAFA1   AZ390 Key avg comps         = 0
P1RAFA1   AZ390 Key max comps         = 3
P1RAFA1   AZ390 ESD symbols           = 1
P1RAFA1   AZ390 object bytes          = 431
P1RAFA1   AZ390 object rlds           = 4
P1RAFA1   AZ390 total mnote warnings  = 1
P1RAFA1   AZ390 total mnote errors    = 0
P1RAFA1   AZ390 max   mnote level     = 4
P1RAFA1   AZ390 total mz390 errors    = 0
P1RAFA1   AZ390 total az390 errors    = 0
P1RAFA1   MZ390 ENDED   RC= 4 MEM(MB)= MB IO=1962
P1RAFA1   LZ390 START
P1RAFA1   LZ390 Copyright 2011 Automated Software Tools Corporation
P1RAFA1   LZ390 z390 is licensed under GNU General Public License
P1RAFA1   LZ390 options = @rt\RT1=(bal notiming stats) 
  systerm(mfacc\rtmfacc)
P1RAFA1   LZ390 program = mfacc\P1RAFA1.OBJ
P1RAFA1   LZ390 final_options=ALIGN
P1RAFA1   LZ390 final_options=NOALLOW
P1RAFA1   LZ390 final_options=NOAMODE24
P1RAFA1   LZ390 final_options=AMODE31
P1RAFA1   LZ390 final_options=NOASCII
P1RAFA1   LZ390 final_options=ASM
P1RAFA1   LZ390 final_options=NOASSIST
P1RAFA1   LZ390 final_options=AUTOLINK
P1RAFA1   LZ390 final_options=BAL
P1RAFA1   LZ390 final_options=NOBS2000
P1RAFA1   LZ390 final_options=EDF
P1RAFA1   LZ390 final_options=NOCICS
P1RAFA1   LZ390 final_options=CODEPAGE(ISO-8859-1+IBM1047)
P1RAFA1   LZ390 final_options=COMMENT
P1RAFA1   LZ390 final_options=CON
P1RAFA1   LZ390 final_options=NODUMP
P1RAFA1   LZ390 final_options=EPILOG
P1RAFA1   LZ390 final_options=NOERRSUM
P1RAFA1   LZ390 final_options=EXTEND
P1RAFA1   LZ390 final_options=FLOAT(DECIMAL)
P1RAFA1   LZ390 final_options=NOGUAM
P1RAFA1   LZ390 final_options=INIT
P1RAFA1   LZ390 final_options=LIST
P1RAFA1   LZ390 final_options=LISTCALL
P1RAFA1   LZ390 final_options=LISTUSE
P1RAFA1   LZ390 final_options=LOADHIGH
P1RAFA1   LZ390 final_options=NOMCALL
P1RAFA1   LZ390 final_options=NOMOD
P1RAFA1   LZ390 final_options=OBJ
P1RAFA1   LZ390 final_options=NOOBJHEX
P1RAFA1   LZ390 final_options=PC
P1RAFA1   LZ390 final_options=PCOPT
P1RAFA1   LZ390 final_options=NOPDSMEM8
P1RAFA1   LZ390 final_options=NOPRINTALL
P1RAFA1   LZ390 final_options=PROLOG
P1RAFA1   LZ390 final_options=PROTECT
P1RAFA1   LZ390 final_options=R64
P1RAFA1   LZ390 final_options=NOREFORMAT
P1RAFA1   LZ390 final_options=NOREGS
P1RAFA1   LZ390 final_options=RMODE24
P1RAFA1   LZ390 final_options=NORMODE31
P1RAFA1   LZ390 final_options=STATS
P1RAFA1   LZ390 final_options=NOTEST
P1RAFA1   LZ390 final_options=THREAD
P1RAFA1   LZ390 final_options=NOTIME
P1RAFA1   LZ390 final_options=NOTIMING
P1RAFA1   LZ390 final_options=NOTRACE
P1RAFA1   LZ390 final_options=NOTRACEA
P1RAFA1   LZ390 final_options=NOTRACEALL
P1RAFA1   LZ390 final_options=NOTRACEC
P1RAFA1   LZ390 final_options=NOTRACEG
P1RAFA1   LZ390 final_options=NOTRACEI
P1RAFA1   LZ390 final_options=NOTRACEL
P1RAFA1   LZ390 final_options=NOTRACEM
P1RAFA1   LZ390 final_options=NOTRACEP
P1RAFA1   LZ390 final_options=NOTRACEQ
P1RAFA1   LZ390 final_options=NOTRACES
P1RAFA1   LZ390 final_options=NOTRACET
P1RAFA1   LZ390 final_options=NOTRACEV
P1RAFA1   LZ390 final_options=TRAP
P1RAFA1   LZ390 final_options=NOTRUNC
P1RAFA1   LZ390 final_options=NOTS
P1RAFA1   LZ390 final_options=VCB
P1RAFA1   LZ390 final_options=WARN
P1RAFA1   LZ390 final_options=XREF
P1RAFA1   LZ390 final_options=ZSTRMAC
P1RAFA1   LZ390 final_options=CHKMAC=0
P1RAFA1   LZ390 final_options=CHKSRC=1
P1RAFA1   LZ390 final_options=ERR=100
P1RAFA1   LZ390 final_options=MAXCALL=50
P1RAFA1   LZ390 final_options=MAXDISPLAY=80
P1RAFA1   LZ390 final_options=MAXESD=1000
P1RAFA1   LZ390 final_options=MAXFILE=1000
P1RAFA1   LZ390 final_options=MAXGBL=100000
P1RAFA1   LZ390 final_options=MAXHEIGHT=600
P1RAFA1   LZ390 final_options=MAXLCL=100000
P1RAFA1   LZ390 final_options=MAXLEN=80
P1RAFA1   LZ390 final_options=MAXLINE=200000
P1RAFA1   LZ390 final_options=MAXLOG=1000000
P1RAFA1   LZ390 final_options=MAXPARM=10000
P1RAFA1   LZ390 final_options=MAXPASS=2
P1RAFA1   LZ390 final_options=MAXPC=50000
P1RAFA1   LZ390 final_options=MAXQUE=1000
P1RAFA1   LZ390 final_options=MAXRLD=10000
P1RAFA1   LZ390 final_options=MAXSIZE=52428800
P1RAFA1   LZ390 final_options=MAXSYM=50000
P1RAFA1   LZ390 final_options=MAXWARN=4
P1RAFA1   LZ390 final_options=MAXWIDTH=800
P1RAFA1   LZ390 final_options=MEM=1
P1RAFA1   LZ390 final_options=MINHEIGHT=150
P1RAFA1   LZ390 final_options=MINWIDTH=150
P1RAFA1   LZ390 final_options=MNOTE=0
P1RAFA1   LZ390 final_options=PARM=
P1RAFA1   LZ390 final_options=PROFILE=
P1RAFA1   LZ390 final_options=STATS=C:\Program Files (x86)\Automated Software Tools\z390\mfacc\P1RAFA1.STA
P1RAFA1   LZ390 final_options=SYSPARM=
P1RAFA1   LZ390 final options=SYSTERM=C:\Program Files (x86)\Automated Software Tools\z390\mfacc\rtmfacc.E
P1RAFA1   LZ390 final_options=RR
P1RAFA1   LZ390 final_options=TESTDD=
P1RAFA1   LZ390 final_options=TIME=15
P1RAFA1   LZ390 final_options=TRACE=
P1RAFA1   LZ390 final_options=Z390ACROBAT=cmd.exe /c Start
P1RAFA1   LZ390 final_options=Z390BROWSER=cmd.exe /c Start
P1RAFA1   LZ390 final_options=Z390COMMAND=cmd.exe
P1RAFA1   LZ390 final_options=Z390EDITOR=notepad.exe
P1RAFA1   LZ390 final_options=INSTALL=
P1RAFA1   LZ390 final_options=IPL=
P1RAFA1   LZ390 final_options=LOG=
P1RAFA1   LZ390 final_options=SYS390=mfacc\+linklib
P1RAFA1   LZ390 final_options=SYSBAL=mfacc\
P1RAFA1   LZ390 final_options=SYSCPY=mfacc\
P1RAFA1   LZ390 final_options=SYSDAT=mfacc\
P1RAFA1   LZ390 final_options=SYSERR=mfacc\
P1RAFA1   LZ390 final_options=SYSLOG=mfacc\
P1RAFA1   LZ390 final_options=SYSLST=mfacc\
P1RAFA1   LZ390 final_options=SYSMAC=mfacc\
P1RAFA1   LZ390 final_options=SYSMLC=mfacc\
P1RAFA1   LZ390 final_options=SYSPCH=mfacc\
P1RAFA1   LZ390 final_options=SYSPRN=mfacc\
P1RAFA1   LZ390 final_options=SYSOBJ=mfacc\
P1RAFA1   LZ390 final_options=SYSOPT=mfacc\
P1RAFA1   LZ390 final_options=SYSTRC=mfacc\
P1RAFA1   LZ390 Stats total obj files = 1
P1RAFA1   LZ390 Stats total esds      = 1
P1RAFA1   LZ390 Stats total csects    = 1
P1RAFA1   LZ390 Stats total entries   = 0
P1RAFA1   LZ390 Stats missing wxtrn's = 0
P1RAFA1   LZ390 Stats Keys            = 1
P1RAFA1   LZ390 Stats Key searches    = 2
P1RAFA1   LZ390 Stats Key avg comps   = 0
P1RAFA1   LZ390 Stats Key max comps   = 1
P1RAFA1   LZ390 Stats total obj byte  = 431
P1RAFA1   LZ390 Stats total obj rlds  = 4
P1RAFA1   LZ390 total errors          = 0
P1RAFA1   LZ390 ENDED   RC= 0 MEM(MB)= MB IO=240
P1RAFA1   EZ390 START
P1RAFA1   EZ390 Copyright 2011 Automated Software Tools Corporation
P1RAFA1   EZ390 z390 is licensed under GNU General Public License
P1RAFA1   EZ390 program = mfacc\P1RAFA1.390
P1RAFA1   EZ390 options = @rt\RT1=(bal notiming stats) 
  systerm(mfacc\rtmfacc)
P1RAFA1   EZ390 final_options=ALIGN
P1RAFA1   EZ390 final_options=NOALLOW
P1RAFA1   EZ390 final_options=NOAMODE24
P1RAFA1   EZ390 final_options=AMODE31
P1RAFA1   EZ390 final_options=NOASCII
P1RAFA1   EZ390 final_options=ASM
P1RAFA1   EZ390 final_options=NOASSIST
P1RAFA1   EZ390 final_options=AUTOLINK
P1RAFA1   EZ390 final_options=BAL
P1RAFA1   EZ390 final_options=NOBS2000
P1RAFA1   EZ390 final_options=EDF
P1RAFA1   EZ390 final_options=NOCICS
P1RAFA1   EZ390 final_options=CODEPAGE(ISO-8859-1+IBM1047)
P1RAFA1   EZ390 final_options=COMMENT
P1RAFA1   EZ390 final_options=CON
P1RAFA1   EZ390 final_options=NODUMP
P1RAFA1   EZ390 final_options=EPILOG
P1RAFA1   EZ390 final_options=NOERRSUM
P1RAFA1   EZ390 final_options=EXTEND
P1RAFA1   EZ390 final_options=FLOAT(DECIMAL)
P1RAFA1   EZ390 final_options=NOGUAM
P1RAFA1   EZ390 final_options=INIT
P1RAFA1   EZ390 final_options=LIST
P1RAFA1   EZ390 final_options=LISTCALL
P1RAFA1   EZ390 final_options=LISTUSE
P1RAFA1   EZ390 final_options=LOADHIGH
P1RAFA1   EZ390 final_options=NOMCALL
P1RAFA1   EZ390 final_options=NOMOD
P1RAFA1   EZ390 final_options=OBJ
P1RAFA1   EZ390 final_options=NOOBJHEX
P1RAFA1   EZ390 final_options=PC
P1RAFA1   EZ390 final_options=PCOPT
P1RAFA1   EZ390 final_options=NOPDSMEM8
P1RAFA1   EZ390 final_options=NOPRINTALL
P1RAFA1   EZ390 final_options=PROLOG
P1RAFA1   EZ390 final_options=PROTECT
P1RAFA1   EZ390 final_options=R64
P1RAFA1   EZ390 final_options=NOREFORMAT
P1RAFA1   EZ390 final_options=NOREGS
P1RAFA1   EZ390 final_options=RMODE24
P1RAFA1   EZ390 final_options=NORMODE31
P1RAFA1   EZ390 final_options=STATS
P1RAFA1   EZ390 final_options=NOTEST
P1RAFA1   EZ390 final_options=THREAD
P1RAFA1   EZ390 final_options=NOTIME
P1RAFA1   EZ390 final_options=NOTIMING
P1RAFA1   EZ390 final_options=NOTRACE
P1RAFA1   EZ390 final_options=NOTRACEA
P1RAFA1   EZ390 final_options=NOTRACEALL
P1RAFA1   EZ390 final_options=NOTRACEC
P1RAFA1   EZ390 final_options=NOTRACEG
P1RAFA1   EZ390 final_options=NOTRACEI
P1RAFA1   EZ390 final_options=NOTRACEL
P1RAFA1   EZ390 final_options=NOTRACEM
P1RAFA1   EZ390 final_options=NOTRACEP
P1RAFA1   EZ390 final_options=NOTRACEQ
P1RAFA1   EZ390 final_options=NOTRACES
P1RAFA1   EZ390 final_options=NOTRACET
P1RAFA1   EZ390 final_options=NOTRACEV
P1RAFA1   EZ390 final_options=TRAP
P1RAFA1   EZ390 final_options=NOTRUNC
P1RAFA1   EZ390 final_options=NOTS
P1RAFA1   EZ390 final_options=VCB
P1RAFA1   EZ390 final_options=WARN
P1RAFA1   EZ390 final_options=XREF
P1RAFA1   EZ390 final_options=ZSTRMAC
P1RAFA1   EZ390 final_options=CHKMAC=0
P1RAFA1   EZ390 final_options=CHKSRC=1
P1RAFA1   EZ390 final_options=ERR=100
P1RAFA1   EZ390 final_options=MAXCALL=50
P1RAFA1   EZ390 final_options=MAXDISPLAY=80
P1RAFA1   EZ390 final_options=MAXESD=1000
P1RAFA1   EZ390 final_options=MAXFILE=1000
P1RAFA1   EZ390 final_options=MAXGBL=100000
P1RAFA1   EZ390 final_options=MAXHEIGHT=600
P1RAFA1   EZ390 final_options=MAXLCL=100000
P1RAFA1   EZ390 final_options=MAXLEN=80
P1RAFA1   EZ390 final_options=MAXLINE=200000
P1RAFA1   EZ390 final_options=MAXLOG=1000000
P1RAFA1   EZ390 final_options=MAXPARM=10000
P1RAFA1   EZ390 final_options=MAXPASS=2
P1RAFA1   EZ390 final_options=MAXPC=50000
P1RAFA1   EZ390 final_options=MAXQUE=1000
P1RAFA1   EZ390 final_options=MAXRLD=10000
P1RAFA1   EZ390 final_options=MAXSIZE=52428800
P1RAFA1   EZ390 final_options=MAXSYM=50000
P1RAFA1   EZ390 final_options=MAXWARN=4
P1RAFA1   EZ390 final_options=MAXWIDTH=800
P1RAFA1   EZ390 final_options=MEM=1
P1RAFA1   EZ390 final_options=MINHEIGHT=150
P1RAFA1   EZ390 final_options=MINWIDTH=150
P1RAFA1   EZ390 final_options=MNOTE=0
P1RAFA1   EZ390 final_options=PARM=
P1RAFA1   EZ390 final_options=PROFILE=
P1RAFA1   EZ390 final_options=STATS=C:\Program Files (x86)\Automated Software Tools\z390\mfacc\P1RAFA1.STA
P1RAFA1   EZ390 final_options=SYSPARM=
P1RAFA1   EZ390 final options=SYSTERM=C:\Program Files (x86)\Automated Software Tools\z390\mfacc\rtmfacc.E
P1RAFA1   EZ390 final_options=RR
P1RAFA1   EZ390 final_options=TESTDD=
P1RAFA1   EZ390 final_options=TIME=15
P1RAFA1   EZ390 final_options=TRACE=
P1RAFA1   EZ390 final_options=Z390ACROBAT=cmd.exe /c Start
P1RAFA1   EZ390 final_options=Z390BROWSER=cmd.exe /c Start
P1RAFA1   EZ390 final_options=Z390COMMAND=cmd.exe
P1RAFA1   EZ390 final_options=Z390EDITOR=notepad.exe
P1RAFA1   EZ390 final_options=INSTALL=
P1RAFA1   EZ390 final_options=IPL=
P1RAFA1   EZ390 final_options=LOG=C:\Program Files (x86)\Automated Software Tools\z390\mfacc\P1RAFA1.LOG
P1RAFA1   EZ390 final_options=SYS390=mfacc\+linklib
P1RAFA1   EZ390 final_options=SYSBAL=mfacc\
P1RAFA1   EZ390 final_options=SYSCPY=mfacc\
P1RAFA1   EZ390 final_options=SYSDAT=mfacc\
P1RAFA1   EZ390 final_options=SYSERR=mfacc\
P1RAFA1   EZ390 final_options=SYSLOG=mfacc\
P1RAFA1   EZ390 final_options=SYSLST=mfacc\
P1RAFA1   EZ390 final_options=SYSMAC=mfacc\
P1RAFA1   EZ390 final_options=SYSMLC=mfacc\
P1RAFA1   EZ390 final_options=SYSPCH=mfacc\
P1RAFA1   EZ390 final_options=SYSPRN=mfacc\
P1RAFA1   EZ390 final_options=SYSOBJ=mfacc\
P1RAFA1   EZ390 final_options=SYSOPT=mfacc\
P1RAFA1   EZ390 final_options=SYSTRC=mfacc\
P1RAFA1   EZ390 TCPIO operations      = 0
P1RAFA1   EZ390 DCB operations        = 0
P1RAFA1   EZ390 VSAM operations       = 0
P1RAFA1   EZ390 Keys                  = 2467
P1RAFA1   EZ390 Key searches          = 2
P1RAFA1   EZ390 Key avg comps         = 0
P1RAFA1   EZ390 Key max comps         = 0
P1RAFA1   EZ390 total errors          = 0
P1RAFA1   EZ390 ENDED   RC= 0 MEM(MB)= MB IO=170 INS=27
