P3MM1     MZ390 START
P3MM1     MZ390 Copyright 2011 Automated Software Tools Corporation
P3MM1     MZ390 z390 is licensed under GNU General Public License
P3MM1     MZ390 program = mfacc\P3MM1.MLC
P3MM1     MZ390 options = sysmac(C:\PROGRA~2\AUTOMA~1\z390\mac+.) 
  syscpy(C:\PROGRA~2\AUTOMA~1\z390\mac+.) @rt\RT1=(bal notiming stats) 
  systerm(mfacc\rtmfacc)
P3MM1     MZ390 final_options=ALIGN
P3MM1     MZ390 final_options=NOALLOW
P3MM1     MZ390 final_options=NOAMODE24
P3MM1     MZ390 final_options=AMODE31
P3MM1     MZ390 final_options=NOASCII
P3MM1     MZ390 final_options=ASM
P3MM1     MZ390 final_options=NOASSIST
P3MM1     MZ390 final_options=AUTOLINK
P3MM1     MZ390 final_options=BAL
P3MM1     MZ390 final_options=NOBS2000
P3MM1     MZ390 final_options=EDF
P3MM1     MZ390 final_options=NOCICS
P3MM1     MZ390 final_options=CODEPAGE(ISO-8859-1+IBM1047)
P3MM1     MZ390 final_options=COMMENT
P3MM1     MZ390 final_options=CON
P3MM1     MZ390 final_options=NODUMP
P3MM1     MZ390 final_options=EPILOG
P3MM1     MZ390 final_options=NOERRSUM
P3MM1     MZ390 final_options=EXTEND
P3MM1     MZ390 final_options=FLOAT(DECIMAL)
P3MM1     MZ390 final_options=NOGUAM
P3MM1     MZ390 final_options=INIT
P3MM1     MZ390 final_options=LIST
P3MM1     MZ390 final_options=LISTCALL
P3MM1     MZ390 final_options=LISTUSE
P3MM1     MZ390 final_options=LOADHIGH
P3MM1     MZ390 final_options=NOMCALL
P3MM1     MZ390 final_options=NOMOD
P3MM1     MZ390 final_options=OBJ
P3MM1     MZ390 final_options=NOOBJHEX
P3MM1     MZ390 final_options=PC
P3MM1     MZ390 final_options=PCOPT
P3MM1     MZ390 final_options=NOPDSMEM8
P3MM1     MZ390 final_options=NOPRINTALL
P3MM1     MZ390 final_options=PROLOG
P3MM1     MZ390 final_options=PROTECT
P3MM1     MZ390 final_options=R64
P3MM1     MZ390 final_options=NOREFORMAT
P3MM1     MZ390 final_options=NOREGS
P3MM1     MZ390 final_options=RMODE24
P3MM1     MZ390 final_options=NORMODE31
P3MM1     MZ390 final_options=STATS
P3MM1     MZ390 final_options=NOTEST
P3MM1     MZ390 final_options=THREAD
P3MM1     MZ390 final_options=NOTIME
P3MM1     MZ390 final_options=NOTIMING
P3MM1     MZ390 final_options=NOTRACE
P3MM1     MZ390 final_options=NOTRACEA
P3MM1     MZ390 final_options=NOTRACEALL
P3MM1     MZ390 final_options=NOTRACEC
P3MM1     MZ390 final_options=NOTRACEG
P3MM1     MZ390 final_options=NOTRACEI
P3MM1     MZ390 final_options=NOTRACEL
P3MM1     MZ390 final_options=NOTRACEM
P3MM1     MZ390 final_options=NOTRACEP
P3MM1     MZ390 final_options=NOTRACEQ
P3MM1     MZ390 final_options=NOTRACES
P3MM1     MZ390 final_options=NOTRACET
P3MM1     MZ390 final_options=NOTRACEV
P3MM1     MZ390 final_options=TRAP
P3MM1     MZ390 final_options=NOTRUNC
P3MM1     MZ390 final_options=NOTS
P3MM1     MZ390 final_options=VCB
P3MM1     MZ390 final_options=WARN
P3MM1     MZ390 final_options=XREF
P3MM1     MZ390 final_options=ZSTRMAC
P3MM1     MZ390 final_options=CHKMAC=0
P3MM1     MZ390 final_options=CHKSRC=1
P3MM1     MZ390 final_options=ERR=100
P3MM1     MZ390 final_options=MAXCALL=50
P3MM1     MZ390 final_options=MAXDISPLAY=80
P3MM1     MZ390 final_options=MAXESD=1000
P3MM1     MZ390 final_options=MAXFILE=1000
P3MM1     MZ390 final_options=MAXGBL=100000
P3MM1     MZ390 final_options=MAXHEIGHT=600
P3MM1     MZ390 final_options=MAXLCL=100000
P3MM1     MZ390 final_options=MAXLEN=80
P3MM1     MZ390 final_options=MAXLINE=200000
P3MM1     MZ390 final_options=MAXLOG=1000000
P3MM1     MZ390 final_options=MAXPARM=10000
P3MM1     MZ390 final_options=MAXPASS=2
P3MM1     MZ390 final_options=MAXPC=50000
P3MM1     MZ390 final_options=MAXQUE=1000
P3MM1     MZ390 final_options=MAXRLD=10000
P3MM1     MZ390 final_options=MAXSIZE=52428800
P3MM1     MZ390 final_options=MAXSYM=50000
P3MM1     MZ390 final_options=MAXWARN=4
P3MM1     MZ390 final_options=MAXWIDTH=800
P3MM1     MZ390 final_options=MEM=1
P3MM1     MZ390 final_options=MINHEIGHT=150
P3MM1     MZ390 final_options=MINWIDTH=150
P3MM1     MZ390 final_options=MNOTE=0
P3MM1     MZ390 final_options=PARM=
P3MM1     MZ390 final_options=PROFILE=
P3MM1     MZ390 final_options=STATS=C:\Program Files (x86)\Automated Software Tools\z390\mfacc\P3MM1.STA
P3MM1     MZ390 final_options=SYSPARM=
P3MM1     MZ390 final options=SYSTERM=C:\Program Files (x86)\Automated Software Tools\z390\mfacc\rtmfacc.E
P3MM1     MZ390 final_options=RR
P3MM1     MZ390 final_options=TESTDD=
P3MM1     MZ390 final_options=TIME=15
P3MM1     MZ390 final_options=TRACE=
P3MM1     MZ390 final_options=Z390ACROBAT=cmd.exe /c Start
P3MM1     MZ390 final_options=Z390BROWSER=cmd.exe /c Start
P3MM1     MZ390 final_options=Z390COMMAND=cmd.exe
P3MM1     MZ390 final_options=Z390EDITOR=notepad.exe
P3MM1     MZ390 final_options=INSTALL=
P3MM1     MZ390 final_options=IPL=
P3MM1     MZ390 final_options=LOG=
P3MM1     MZ390 final_options=SYS390=mfacc\+linklib
P3MM1     MZ390 final_options=SYSBAL=mfacc\
P3MM1     MZ390 final_options=SYSCPY=C:\PROGRA~2\AUTOMA~1\z390\mac+.
P3MM1     MZ390 final_options=SYSDAT=mfacc\
P3MM1     MZ390 final_options=SYSERR=mfacc\
P3MM1     MZ390 final_options=SYSLOG=mfacc\
P3MM1     MZ390 final_options=SYSLST=mfacc\
P3MM1     MZ390 final_options=SYSMAC=C:\PROGRA~2\AUTOMA~1\z390\mac+.
P3MM1     MZ390 final_options=SYSMLC=mfacc\
P3MM1     MZ390 final_options=SYSPCH=mfacc\
P3MM1     MZ390 final_options=SYSPRN=mfacc\
P3MM1     MZ390 final_options=SYSOBJ=mfacc\
P3MM1     MZ390 final_options=SYSOPT=mfacc\
P3MM1     MZ390 final_options=SYSTRC=mfacc\
P3MM1     MZ390 total MLC/MAC loaded  = 386
P3MM1     MZ390 total BAL output lines= 150
P3MM1     MZ390 total BAL instructions= 23
P3MM1     MZ390 total macros          = 4
P3MM1     MZ390 total macro loads     = 4
P3MM1     MZ390 total macro calls     = 11
P3MM1     MZ390 total AENTRY blocks   = 0
P3MM1     MZ390 total ACALL  calls    = 0
P3MM1     MZ390 total AIF    blocks   = 0
P3MM1     MZ390 total ACASE  blocks   = 0
P3MM1     MZ390 total AWHILE calls    = 0
P3MM1     MZ390 total AUNTIL blocks   = 0
P3MM1     MZ390 total global set names= 48
P3MM1     MZ390 tot global seta cells = 0
P3MM1     MZ390 tot global setb cells = 8
P3MM1     MZ390 tot global setc cells = 40
P3MM1     MZ390 max local pos parms   = 7
P3MM1     MZ390 max local key parms   = 23
P3MM1     MZ390 max local set names   = 34
P3MM1     MZ390 max local seta cells  = 11
P3MM1     MZ390 max local setb cells  = 0
P3MM1     MZ390 max local setc cells  = 23
P3MM1     MZ390 total array expansions= 0
P3MM1     MZ390 total Keys            = 1698
P3MM1     MZ390 Key searches          = 3645
P3MM1     MZ390 Key avg comps         = 0
P3MM1     MZ390 Key max comps         = 3
P3MM1     MZ390 total macro line exec = 324
P3MM1     MZ390 total pcode line exec = 56
P3MM1     MZ390 total pcode line gen. = 62
P3MM1     MZ390 total pcode line reuse= 0
P3MM1     MZ390 total pcode op   gen. = 244
P3MM1     MZ390 total pcode op   exec = 208
P3MM1     MZ390 total pcode gen  opt  = 138
P3MM1     MZ390 total pcode exec opt  = 0
P3MM1     MZ390 FID=  1 ERR= 0 C:\Program Files (x86)\Automated Software Tools\z390\mfacc\P3MM1.MLC
P3MM1     MZ390 FID=  2 ERR= 0 C:\PROGRA~2\AUTOMA~1\z390\mac\ZMFACC.MAC
P3MM1     MZ390 FID=  3 ERR= 0 C:\PROGRA~2\AUTOMA~1\z390\mac\WTO.MAC
P3MM1     MZ390 FID=  4 ERR= 0 C:\PROGRA~2\AUTOMA~1\z390\mac\SNAP.MAC
P3MM1     MZ390 total mnote warnings  = 1
P3MM1     MZ390 total mnote errors    = 0
P3MM1     MZ390 max   mnote level     = 4
P3MM1     MZ390 total mz390 errors    = 0
P3MM1     AZ390 BAL lines             = 150
P3MM1     AZ390 symbols               = 60
P3MM1     AZ390 Literals              = 6
P3MM1     AZ390 alloc passes          = 2
P3MM1     AZ390 Keys                  = 1385
P3MM1     AZ390 Key searches          = 2316
P3MM1     AZ390 Key avg comps         = 0
P3MM1     AZ390 Key max comps         = 3
P3MM1     AZ390 ESD symbols           = 1
P3MM1     AZ390 object bytes          = 928
P3MM1     AZ390 object rlds           = 4
P3MM1     AZ390 total mnote warnings  = 1
P3MM1     AZ390 total mnote errors    = 0
P3MM1     AZ390 max   mnote level     = 4
P3MM1     AZ390 total mz390 errors    = 0
P3MM1     AZ390 total az390 errors    = 0
P3MM1     MZ390 ENDED   RC= 4 MEM(MB)= MB IO=2069
P3MM1     LZ390 START
P3MM1     LZ390 Copyright 2011 Automated Software Tools Corporation
P3MM1     LZ390 z390 is licensed under GNU General Public License
P3MM1     LZ390 options = @rt\RT1=(bal notiming stats) 
  systerm(mfacc\rtmfacc)
P3MM1     LZ390 program = mfacc\P3MM1.OBJ
P3MM1     LZ390 final_options=ALIGN
P3MM1     LZ390 final_options=NOALLOW
P3MM1     LZ390 final_options=NOAMODE24
P3MM1     LZ390 final_options=AMODE31
P3MM1     LZ390 final_options=NOASCII
P3MM1     LZ390 final_options=ASM
P3MM1     LZ390 final_options=NOASSIST
P3MM1     LZ390 final_options=AUTOLINK
P3MM1     LZ390 final_options=BAL
P3MM1     LZ390 final_options=NOBS2000
P3MM1     LZ390 final_options=EDF
P3MM1     LZ390 final_options=NOCICS
P3MM1     LZ390 final_options=CODEPAGE(ISO-8859-1+IBM1047)
P3MM1     LZ390 final_options=COMMENT
P3MM1     LZ390 final_options=CON
P3MM1     LZ390 final_options=NODUMP
P3MM1     LZ390 final_options=EPILOG
P3MM1     LZ390 final_options=NOERRSUM
P3MM1     LZ390 final_options=EXTEND
P3MM1     LZ390 final_options=FLOAT(DECIMAL)
P3MM1     LZ390 final_options=NOGUAM
P3MM1     LZ390 final_options=INIT
P3MM1     LZ390 final_options=LIST
P3MM1     LZ390 final_options=LISTCALL
P3MM1     LZ390 final_options=LISTUSE
P3MM1     LZ390 final_options=LOADHIGH
P3MM1     LZ390 final_options=NOMCALL
P3MM1     LZ390 final_options=NOMOD
P3MM1     LZ390 final_options=OBJ
P3MM1     LZ390 final_options=NOOBJHEX
P3MM1     LZ390 final_options=PC
P3MM1     LZ390 final_options=PCOPT
P3MM1     LZ390 final_options=NOPDSMEM8
P3MM1     LZ390 final_options=NOPRINTALL
P3MM1     LZ390 final_options=PROLOG
P3MM1     LZ390 final_options=PROTECT
P3MM1     LZ390 final_options=R64
P3MM1     LZ390 final_options=NOREFORMAT
P3MM1     LZ390 final_options=NOREGS
P3MM1     LZ390 final_options=RMODE24
P3MM1     LZ390 final_options=NORMODE31
P3MM1     LZ390 final_options=STATS
P3MM1     LZ390 final_options=NOTEST
P3MM1     LZ390 final_options=THREAD
P3MM1     LZ390 final_options=NOTIME
P3MM1     LZ390 final_options=NOTIMING
P3MM1     LZ390 final_options=NOTRACE
P3MM1     LZ390 final_options=NOTRACEA
P3MM1     LZ390 final_options=NOTRACEALL
P3MM1     LZ390 final_options=NOTRACEC
P3MM1     LZ390 final_options=NOTRACEG
P3MM1     LZ390 final_options=NOTRACEI
P3MM1     LZ390 final_options=NOTRACEL
P3MM1     LZ390 final_options=NOTRACEM
P3MM1     LZ390 final_options=NOTRACEP
P3MM1     LZ390 final_options=NOTRACEQ
P3MM1     LZ390 final_options=NOTRACES
P3MM1     LZ390 final_options=NOTRACET
P3MM1     LZ390 final_options=NOTRACEV
P3MM1     LZ390 final_options=TRAP
P3MM1     LZ390 final_options=NOTRUNC
P3MM1     LZ390 final_options=NOTS
P3MM1     LZ390 final_options=VCB
P3MM1     LZ390 final_options=WARN
P3MM1     LZ390 final_options=XREF
P3MM1     LZ390 final_options=ZSTRMAC
P3MM1     LZ390 final_options=CHKMAC=0
P3MM1     LZ390 final_options=CHKSRC=1
P3MM1     LZ390 final_options=ERR=100
P3MM1     LZ390 final_options=MAXCALL=50
P3MM1     LZ390 final_options=MAXDISPLAY=80
P3MM1     LZ390 final_options=MAXESD=1000
P3MM1     LZ390 final_options=MAXFILE=1000
P3MM1     LZ390 final_options=MAXGBL=100000
P3MM1     LZ390 final_options=MAXHEIGHT=600
P3MM1     LZ390 final_options=MAXLCL=100000
P3MM1     LZ390 final_options=MAXLEN=80
P3MM1     LZ390 final_options=MAXLINE=200000
P3MM1     LZ390 final_options=MAXLOG=1000000
P3MM1     LZ390 final_options=MAXPARM=10000
P3MM1     LZ390 final_options=MAXPASS=2
P3MM1     LZ390 final_options=MAXPC=50000
P3MM1     LZ390 final_options=MAXQUE=1000
P3MM1     LZ390 final_options=MAXRLD=10000
P3MM1     LZ390 final_options=MAXSIZE=52428800
P3MM1     LZ390 final_options=MAXSYM=50000
P3MM1     LZ390 final_options=MAXWARN=4
P3MM1     LZ390 final_options=MAXWIDTH=800
P3MM1     LZ390 final_options=MEM=1
P3MM1     LZ390 final_options=MINHEIGHT=150
P3MM1     LZ390 final_options=MINWIDTH=150
P3MM1     LZ390 final_options=MNOTE=0
P3MM1     LZ390 final_options=PARM=
P3MM1     LZ390 final_options=PROFILE=
P3MM1     LZ390 final_options=STATS=C:\Program Files (x86)\Automated Software Tools\z390\mfacc\P3MM1.STA
P3MM1     LZ390 final_options=SYSPARM=
P3MM1     LZ390 final options=SYSTERM=C:\Program Files (x86)\Automated Software Tools\z390\mfacc\rtmfacc.E
P3MM1     LZ390 final_options=RR
P3MM1     LZ390 final_options=TESTDD=
P3MM1     LZ390 final_options=TIME=15
P3MM1     LZ390 final_options=TRACE=
P3MM1     LZ390 final_options=Z390ACROBAT=cmd.exe /c Start
P3MM1     LZ390 final_options=Z390BROWSER=cmd.exe /c Start
P3MM1     LZ390 final_options=Z390COMMAND=cmd.exe
P3MM1     LZ390 final_options=Z390EDITOR=notepad.exe
P3MM1     LZ390 final_options=INSTALL=
P3MM1     LZ390 final_options=IPL=
P3MM1     LZ390 final_options=LOG=
P3MM1     LZ390 final_options=SYS390=mfacc\+linklib
P3MM1     LZ390 final_options=SYSBAL=mfacc\
P3MM1     LZ390 final_options=SYSCPY=mfacc\
P3MM1     LZ390 final_options=SYSDAT=mfacc\
P3MM1     LZ390 final_options=SYSERR=mfacc\
P3MM1     LZ390 final_options=SYSLOG=mfacc\
P3MM1     LZ390 final_options=SYSLST=mfacc\
P3MM1     LZ390 final_options=SYSMAC=mfacc\
P3MM1     LZ390 final_options=SYSMLC=mfacc\
P3MM1     LZ390 final_options=SYSPCH=mfacc\
P3MM1     LZ390 final_options=SYSPRN=mfacc\
P3MM1     LZ390 final_options=SYSOBJ=mfacc\
P3MM1     LZ390 final_options=SYSOPT=mfacc\
P3MM1     LZ390 final_options=SYSTRC=mfacc\
P3MM1     LZ390 Stats total obj files = 1
P3MM1     LZ390 Stats total esds      = 1
P3MM1     LZ390 Stats total csects    = 1
P3MM1     LZ390 Stats total entries   = 0
P3MM1     LZ390 Stats missing wxtrn's = 0
P3MM1     LZ390 Stats Keys            = 1
P3MM1     LZ390 Stats Key searches    = 2
P3MM1     LZ390 Stats Key avg comps   = 0
P3MM1     LZ390 Stats Key max comps   = 1
P3MM1     LZ390 Stats total obj byte  = 928
P3MM1     LZ390 Stats total obj rlds  = 4
P3MM1     LZ390 total errors          = 0
P3MM1     LZ390 ENDED   RC= 0 MEM(MB)= MB IO=302
P3MM1     EZ390 START
P3MM1     EZ390 Copyright 2011 Automated Software Tools Corporation
P3MM1     EZ390 z390 is licensed under GNU General Public License
P3MM1     EZ390 program = mfacc\P3MM1.390
P3MM1     EZ390 options = @rt\RT1=(bal notiming stats) 
  systerm(mfacc\rtmfacc)
P3MM1     EZ390 final_options=ALIGN
P3MM1     EZ390 final_options=NOALLOW
P3MM1     EZ390 final_options=NOAMODE24
P3MM1     EZ390 final_options=AMODE31
P3MM1     EZ390 final_options=NOASCII
P3MM1     EZ390 final_options=ASM
P3MM1     EZ390 final_options=NOASSIST
P3MM1     EZ390 final_options=AUTOLINK
P3MM1     EZ390 final_options=BAL
P3MM1     EZ390 final_options=NOBS2000
P3MM1     EZ390 final_options=EDF
P3MM1     EZ390 final_options=NOCICS
P3MM1     EZ390 final_options=CODEPAGE(ISO-8859-1+IBM1047)
P3MM1     EZ390 final_options=COMMENT
P3MM1     EZ390 final_options=CON
P3MM1     EZ390 final_options=NODUMP
P3MM1     EZ390 final_options=EPILOG
P3MM1     EZ390 final_options=NOERRSUM
P3MM1     EZ390 final_options=EXTEND
P3MM1     EZ390 final_options=FLOAT(DECIMAL)
P3MM1     EZ390 final_options=NOGUAM
P3MM1     EZ390 final_options=INIT
P3MM1     EZ390 final_options=LIST
P3MM1     EZ390 final_options=LISTCALL
P3MM1     EZ390 final_options=LISTUSE
P3MM1     EZ390 final_options=LOADHIGH
P3MM1     EZ390 final_options=NOMCALL
P3MM1     EZ390 final_options=NOMOD
P3MM1     EZ390 final_options=OBJ
P3MM1     EZ390 final_options=NOOBJHEX
P3MM1     EZ390 final_options=PC
P3MM1     EZ390 final_options=PCOPT
P3MM1     EZ390 final_options=NOPDSMEM8
P3MM1     EZ390 final_options=NOPRINTALL
P3MM1     EZ390 final_options=PROLOG
P3MM1     EZ390 final_options=PROTECT
P3MM1     EZ390 final_options=R64
P3MM1     EZ390 final_options=NOREFORMAT
P3MM1     EZ390 final_options=NOREGS
P3MM1     EZ390 final_options=RMODE24
P3MM1     EZ390 final_options=NORMODE31
P3MM1     EZ390 final_options=STATS
P3MM1     EZ390 final_options=NOTEST
P3MM1     EZ390 final_options=THREAD
P3MM1     EZ390 final_options=NOTIME
P3MM1     EZ390 final_options=NOTIMING
P3MM1     EZ390 final_options=NOTRACE
P3MM1     EZ390 final_options=NOTRACEA
P3MM1     EZ390 final_options=NOTRACEALL
P3MM1     EZ390 final_options=NOTRACEC
P3MM1     EZ390 final_options=NOTRACEG
P3MM1     EZ390 final_options=NOTRACEI
P3MM1     EZ390 final_options=NOTRACEL
P3MM1     EZ390 final_options=NOTRACEM
P3MM1     EZ390 final_options=NOTRACEP
P3MM1     EZ390 final_options=NOTRACEQ
P3MM1     EZ390 final_options=NOTRACES
P3MM1     EZ390 final_options=NOTRACET
P3MM1     EZ390 final_options=NOTRACEV
P3MM1     EZ390 final_options=TRAP
P3MM1     EZ390 final_options=NOTRUNC
P3MM1     EZ390 final_options=NOTS
P3MM1     EZ390 final_options=VCB
P3MM1     EZ390 final_options=WARN
P3MM1     EZ390 final_options=XREF
P3MM1     EZ390 final_options=ZSTRMAC
P3MM1     EZ390 final_options=CHKMAC=0
P3MM1     EZ390 final_options=CHKSRC=1
P3MM1     EZ390 final_options=ERR=100
P3MM1     EZ390 final_options=MAXCALL=50
P3MM1     EZ390 final_options=MAXDISPLAY=80
P3MM1     EZ390 final_options=MAXESD=1000
P3MM1     EZ390 final_options=MAXFILE=1000
P3MM1     EZ390 final_options=MAXGBL=100000
P3MM1     EZ390 final_options=MAXHEIGHT=600
P3MM1     EZ390 final_options=MAXLCL=100000
P3MM1     EZ390 final_options=MAXLEN=80
P3MM1     EZ390 final_options=MAXLINE=200000
P3MM1     EZ390 final_options=MAXLOG=1000000
P3MM1     EZ390 final_options=MAXPARM=10000
P3MM1     EZ390 final_options=MAXPASS=2
P3MM1     EZ390 final_options=MAXPC=50000
P3MM1     EZ390 final_options=MAXQUE=1000
P3MM1     EZ390 final_options=MAXRLD=10000
P3MM1     EZ390 final_options=MAXSIZE=52428800
P3MM1     EZ390 final_options=MAXSYM=50000
P3MM1     EZ390 final_options=MAXWARN=4
P3MM1     EZ390 final_options=MAXWIDTH=800
P3MM1     EZ390 final_options=MEM=1
P3MM1     EZ390 final_options=MINHEIGHT=150
P3MM1     EZ390 final_options=MINWIDTH=150
P3MM1     EZ390 final_options=MNOTE=0
P3MM1     EZ390 final_options=PARM=
P3MM1     EZ390 final_options=PROFILE=
P3MM1     EZ390 final_options=STATS=C:\Program Files (x86)\Automated Software Tools\z390\mfacc\P3MM1.STA
P3MM1     EZ390 final_options=SYSPARM=
P3MM1     EZ390 final options=SYSTERM=C:\Program Files (x86)\Automated Software Tools\z390\mfacc\rtmfacc.E
P3MM1     EZ390 final_options=RR
P3MM1     EZ390 final_options=TESTDD=
P3MM1     EZ390 final_options=TIME=15
P3MM1     EZ390 final_options=TRACE=
P3MM1     EZ390 final_options=Z390ACROBAT=cmd.exe /c Start
P3MM1     EZ390 final_options=Z390BROWSER=cmd.exe /c Start
P3MM1     EZ390 final_options=Z390COMMAND=cmd.exe
P3MM1     EZ390 final_options=Z390EDITOR=notepad.exe
P3MM1     EZ390 final_options=INSTALL=
P3MM1     EZ390 final_options=IPL=
P3MM1     EZ390 final_options=LOG=C:\Program Files (x86)\Automated Software Tools\z390\mfacc\P3MM1.LOG
P3MM1     EZ390 final_options=SYS390=mfacc\+linklib
P3MM1     EZ390 final_options=SYSBAL=mfacc\
P3MM1     EZ390 final_options=SYSCPY=mfacc\
P3MM1     EZ390 final_options=SYSDAT=mfacc\
P3MM1     EZ390 final_options=SYSERR=mfacc\
P3MM1     EZ390 final_options=SYSLOG=mfacc\
P3MM1     EZ390 final_options=SYSLST=mfacc\
P3MM1     EZ390 final_options=SYSMAC=mfacc\
P3MM1     EZ390 final_options=SYSMLC=mfacc\
P3MM1     EZ390 final_options=SYSPCH=mfacc\
P3MM1     EZ390 final_options=SYSPRN=mfacc\
P3MM1     EZ390 final_options=SYSOBJ=mfacc\
P3MM1     EZ390 final_options=SYSOPT=mfacc\
P3MM1     EZ390 final_options=SYSTRC=mfacc\
P3MM1     EZ390 TCPIO operations      = 0
P3MM1     EZ390 DCB operations        = 0
P3MM1     EZ390 VSAM operations       = 0
P3MM1     EZ390 Keys                  = 2467
P3MM1     EZ390 Key searches          = 2
P3MM1     EZ390 Key avg comps         = 0
P3MM1     EZ390 Key max comps         = 0
P3MM1     EZ390 total errors          = 0
P3MM1     EZ390 ENDED   RC= 0 MEM(MB)= MB IO=166 INS=31
