P4AN1     EZ390 START
EZ390I Copyright 2011 Automated Software Tools Corporation
EZ390I z390 is licensed under GNU General Public License
EZ390I program = mfacc\P4AN1.390
EZ390I options = @rt\RT1=(bal notiming stats) 
  systerm(mfacc\rtmfacc)
ZMFACC Solution for problem P4AN1 by Alfred Nykolyn using RUNSYS=390
SNAP DUMP ID=1 TEXT=Input Area
 000FFE04 *000000A0 0000009C 00000098 00000094* *...µ...æ...q...m*
 000FFE14 *00000090 0000008C 00000088 00000084* *...°...ð...h...d*
 000FFE24 *00000080 0000007C 00000078 00000074* *...Ø...@...Ì...È*
 000FFE34 *00000070 0000006C 00000068 00000064* *...ø...%...Ç...À*
 000FFE44 *00000060 0000005C 00000058 00000054* *...-...*...ì...è*
SNAP DUMP ID=2 TEXT=Output Area
 000FFE54 *00000004 00000008 0000000C 00000010* *...?...?........*
 000FFE64 *00000014 00000018 0000001C 00000020* *...?...........?*
 000FFE74 *00000024 00000028 0000002C 00000030* *...?...?...?...?*
 000FFE84 *00000034 00000038 0000003C 00000040* *...?...?....... *
 000FFE94 *00000044 00000048 0000004C 00000050* *...à...ç...<...&*
EZ390I total errors         = 0
P4AN1     EZ390 ENDED   RC= 0 MEM(MB)= MB IO=180 INS=1533
