P4DSH1    EZ390 START
EZ390I Copyright 2011 Automated Software Tools Corporation
EZ390I z390 is licensed under GNU General Public License
EZ390I program = mfacc\P4DSH1.390
EZ390I options = @rt\RT1=(bal notiming stats) 
  systerm(mfacc\rtmfacc)
ZMFACC Solution for problem P4DSH1 by Don Higgins using RUNSYS=390
SNAP DUMP ID=1 TEXT=Input Area
 000FFE48 *00000050 0000004C 00000048 00000044* *...&...<...ç...à*
 000FFE58 *00000040 0000003C 00000038 00000034* *... .......?...?*
 000FFE68 *00000030 0000002C 00000028 00000024* *...?...?...?...?*
 000FFE78 *00000020 0000001C 00000018 00000014* *...?...........?*
 000FFE88 *00000010 0000000C 00000008 00000004* *...........?...?*
SNAP DUMP ID=2 TEXT=Output Area
 000FFE48 *00000004 00000008 0000000C 00000010* *...?...?........*
 000FFE58 *00000014 00000018 0000001C 00000020* *...?...........?*
 000FFE68 *00000024 00000028 0000002C 00000030* *...?...?...?...?*
 000FFE78 *00000034 00000038 0000003C 00000040* *...?...?....... *
 000FFE88 *00000044 00000048 0000004C 00000050* *...à...ç...<...&*
EZ390I total errors         = 0
P4DSH1    EZ390 ENDED   RC= 0 MEM(MB)= MB IO=180 INS=2610
