P4RJ1     MZ390 START
P4RJ1     MZ390 Copyright 2011 Automated Software Tools Corporation
P4RJ1     MZ390 z390 is licensed under GNU General Public License
P4RJ1     MZ390 program = mfacc\P4RJ1.MLC
P4RJ1     MZ390 options = sysmac(C:\PROGRA~2\AUTOMA~1\z390\mac+.) 
  syscpy(C:\PROGRA~2\AUTOMA~1\z390\mac+.) @rt\RT1=(bal notiming stats) 
  systerm(mfacc\rtmfacc)
P4RJ1     MZ390 final_options=ALIGN
P4RJ1     MZ390 final_options=NOALLOW
P4RJ1     MZ390 final_options=NOAMODE24
P4RJ1     MZ390 final_options=AMODE31
P4RJ1     MZ390 final_options=NOASCII
P4RJ1     MZ390 final_options=ASM
P4RJ1     MZ390 final_options=NOASSIST
P4RJ1     MZ390 final_options=AUTOLINK
P4RJ1     MZ390 final_options=BAL
P4RJ1     MZ390 final_options=NOBS2000
P4RJ1     MZ390 final_options=EDF
P4RJ1     MZ390 final_options=NOCICS
P4RJ1     MZ390 final_options=CODEPAGE(ISO-8859-1+IBM1047)
P4RJ1     MZ390 final_options=COMMENT
P4RJ1     MZ390 final_options=CON
P4RJ1     MZ390 final_options=NODUMP
P4RJ1     MZ390 final_options=EPILOG
P4RJ1     MZ390 final_options=NOERRSUM
P4RJ1     MZ390 final_options=EXTEND
P4RJ1     MZ390 final_options=FLOAT(DECIMAL)
P4RJ1     MZ390 final_options=NOGUAM
P4RJ1     MZ390 final_options=INIT
P4RJ1     MZ390 final_options=LIST
P4RJ1     MZ390 final_options=LISTCALL
P4RJ1     MZ390 final_options=LISTUSE
P4RJ1     MZ390 final_options=LOADHIGH
P4RJ1     MZ390 final_options=NOMCALL
P4RJ1     MZ390 final_options=NOMOD
P4RJ1     MZ390 final_options=OBJ
P4RJ1     MZ390 final_options=NOOBJHEX
P4RJ1     MZ390 final_options=PC
P4RJ1     MZ390 final_options=PCOPT
P4RJ1     MZ390 final_options=NOPDSMEM8
P4RJ1     MZ390 final_options=NOPRINTALL
P4RJ1     MZ390 final_options=PROLOG
P4RJ1     MZ390 final_options=PROTECT
P4RJ1     MZ390 final_options=R64
P4RJ1     MZ390 final_options=NOREFORMAT
P4RJ1     MZ390 final_options=NOREGS
P4RJ1     MZ390 final_options=RMODE24
P4RJ1     MZ390 final_options=NORMODE31
P4RJ1     MZ390 final_options=STATS
P4RJ1     MZ390 final_options=NOTEST
P4RJ1     MZ390 final_options=THREAD
P4RJ1     MZ390 final_options=NOTIME
P4RJ1     MZ390 final_options=NOTIMING
P4RJ1     MZ390 final_options=NOTRACE
P4RJ1     MZ390 final_options=NOTRACEA
P4RJ1     MZ390 final_options=NOTRACEALL
P4RJ1     MZ390 final_options=NOTRACEC
P4RJ1     MZ390 final_options=NOTRACEG
P4RJ1     MZ390 final_options=NOTRACEI
P4RJ1     MZ390 final_options=NOTRACEL
P4RJ1     MZ390 final_options=NOTRACEM
P4RJ1     MZ390 final_options=NOTRACEP
P4RJ1     MZ390 final_options=NOTRACEQ
P4RJ1     MZ390 final_options=NOTRACES
P4RJ1     MZ390 final_options=NOTRACET
P4RJ1     MZ390 final_options=NOTRACEV
P4RJ1     MZ390 final_options=TRAP
P4RJ1     MZ390 final_options=NOTRUNC
P4RJ1     MZ390 final_options=NOTS
P4RJ1     MZ390 final_options=VCB
P4RJ1     MZ390 final_options=WARN
P4RJ1     MZ390 final_options=XREF
P4RJ1     MZ390 final_options=ZSTRMAC
P4RJ1     MZ390 final_options=CHKMAC=0
P4RJ1     MZ390 final_options=CHKSRC=1
P4RJ1     MZ390 final_options=ERR=100
P4RJ1     MZ390 final_options=MAXCALL=50
P4RJ1     MZ390 final_options=MAXDISPLAY=80
P4RJ1     MZ390 final_options=MAXESD=1000
P4RJ1     MZ390 final_options=MAXFILE=1000
P4RJ1     MZ390 final_options=MAXGBL=100000
P4RJ1     MZ390 final_options=MAXHEIGHT=600
P4RJ1     MZ390 final_options=MAXLCL=100000
P4RJ1     MZ390 final_options=MAXLEN=80
P4RJ1     MZ390 final_options=MAXLINE=200000
P4RJ1     MZ390 final_options=MAXLOG=1000000
P4RJ1     MZ390 final_options=MAXPARM=10000
P4RJ1     MZ390 final_options=MAXPASS=2
P4RJ1     MZ390 final_options=MAXPC=50000
P4RJ1     MZ390 final_options=MAXQUE=1000
P4RJ1     MZ390 final_options=MAXRLD=10000
P4RJ1     MZ390 final_options=MAXSIZE=52428800
P4RJ1     MZ390 final_options=MAXSYM=50000
P4RJ1     MZ390 final_options=MAXWARN=4
P4RJ1     MZ390 final_options=MAXWIDTH=800
P4RJ1     MZ390 final_options=MEM=1
P4RJ1     MZ390 final_options=MINHEIGHT=150
P4RJ1     MZ390 final_options=MINWIDTH=150
P4RJ1     MZ390 final_options=MNOTE=0
P4RJ1     MZ390 final_options=PARM=
P4RJ1     MZ390 final_options=PROFILE=
P4RJ1     MZ390 final_options=STATS=C:\Program Files (x86)\Automated Software Tools\z390\mfacc\P4RJ1.STA
P4RJ1     MZ390 final_options=SYSPARM=
P4RJ1     MZ390 final options=SYSTERM=C:\Program Files (x86)\Automated Software Tools\z390\mfacc\rtmfacc.E
P4RJ1     MZ390 final_options=RR
P4RJ1     MZ390 final_options=TESTDD=
P4RJ1     MZ390 final_options=TIME=15
P4RJ1     MZ390 final_options=TRACE=
P4RJ1     MZ390 final_options=Z390ACROBAT=cmd.exe /c Start
P4RJ1     MZ390 final_options=Z390BROWSER=cmd.exe /c Start
P4RJ1     MZ390 final_options=Z390COMMAND=cmd.exe
P4RJ1     MZ390 final_options=Z390EDITOR=notepad.exe
P4RJ1     MZ390 final_options=INSTALL=
P4RJ1     MZ390 final_options=IPL=
P4RJ1     MZ390 final_options=LOG=
P4RJ1     MZ390 final_options=SYS390=mfacc\+linklib
P4RJ1     MZ390 final_options=SYSBAL=mfacc\
P4RJ1     MZ390 final_options=SYSCPY=C:\PROGRA~2\AUTOMA~1\z390\mac+.
P4RJ1     MZ390 final_options=SYSDAT=mfacc\
P4RJ1     MZ390 final_options=SYSERR=mfacc\
P4RJ1     MZ390 final_options=SYSLOG=mfacc\
P4RJ1     MZ390 final_options=SYSLST=mfacc\
P4RJ1     MZ390 final_options=SYSMAC=C:\PROGRA~2\AUTOMA~1\z390\mac+.
P4RJ1     MZ390 final_options=SYSMLC=mfacc\
P4RJ1     MZ390 final_options=SYSPCH=mfacc\
P4RJ1     MZ390 final_options=SYSPRN=mfacc\
P4RJ1     MZ390 final_options=SYSOBJ=mfacc\
P4RJ1     MZ390 final_options=SYSOPT=mfacc\
P4RJ1     MZ390 final_options=SYSTRC=mfacc\
P4RJ1     MZ390 total MLC/MAC loaded  = 473
P4RJ1     MZ390 total BAL output lines= 234
P4RJ1     MZ390 total BAL instructions= 46
P4RJ1     MZ390 total macros          = 4
P4RJ1     MZ390 total macro loads     = 4
P4RJ1     MZ390 total macro calls     = 11
P4RJ1     MZ390 total AENTRY blocks   = 0
P4RJ1     MZ390 total ACALL  calls    = 0
P4RJ1     MZ390 total AIF    blocks   = 0
P4RJ1     MZ390 total ACASE  blocks   = 0
P4RJ1     MZ390 total AWHILE calls    = 0
P4RJ1     MZ390 total AUNTIL blocks   = 0
P4RJ1     MZ390 total global set names= 48
P4RJ1     MZ390 tot global seta cells = 0
P4RJ1     MZ390 tot global setb cells = 8
P4RJ1     MZ390 tot global setc cells = 40
P4RJ1     MZ390 max local pos parms   = 7
P4RJ1     MZ390 max local key parms   = 23
P4RJ1     MZ390 max local set names   = 34
P4RJ1     MZ390 max local seta cells  = 11
P4RJ1     MZ390 max local setb cells  = 0
P4RJ1     MZ390 max local setc cells  = 23
P4RJ1     MZ390 total array expansions= 0
P4RJ1     MZ390 total Keys            = 1721
P4RJ1     MZ390 Key searches          = 4105
P4RJ1     MZ390 Key avg comps         = 0
P4RJ1     MZ390 Key max comps         = 4
P4RJ1     MZ390 total macro line exec = 411
P4RJ1     MZ390 total pcode line exec = 56
P4RJ1     MZ390 total pcode line gen. = 62
P4RJ1     MZ390 total pcode line reuse= 0
P4RJ1     MZ390 total pcode op   gen. = 244
P4RJ1     MZ390 total pcode op   exec = 208
P4RJ1     MZ390 total pcode gen  opt  = 138
P4RJ1     MZ390 total pcode exec opt  = 0
P4RJ1     MZ390 FID=  1 ERR= 0 C:\Program Files (x86)\Automated Software Tools\z390\mfacc\P4RJ1.MLC
P4RJ1     MZ390 FID=  2 ERR= 0 C:\PROGRA~2\AUTOMA~1\z390\mac\ZMFACC.MAC
P4RJ1     MZ390 FID=  3 ERR= 0 C:\PROGRA~2\AUTOMA~1\z390\mac\WTO.MAC
P4RJ1     MZ390 FID=  4 ERR= 0 C:\PROGRA~2\AUTOMA~1\z390\mac\SNAP.MAC
P4RJ1     MZ390 total mnote warnings  = 1
P4RJ1     MZ390 total mnote errors    = 0
P4RJ1     MZ390 max   mnote level     = 4
P4RJ1     MZ390 total mz390 errors    = 0
P4RJ1     AZ390 BAL lines             = 234
P4RJ1     AZ390 symbols               = 77
P4RJ1     AZ390 Literals              = 6
P4RJ1     AZ390 alloc passes          = 3
P4RJ1     AZ390 Keys                  = 1402
P4RJ1     AZ390 Key searches          = 3543
P4RJ1     AZ390 Key avg comps         = 0
P4RJ1     AZ390 Key max comps         = 4
P4RJ1     AZ390 ESD symbols           = 2
P4RJ1     AZ390 object bytes          = 821
P4RJ1     AZ390 object rlds           = 4
P4RJ1     AZ390 total mnote warnings  = 1
P4RJ1     AZ390 total mnote errors    = 0
P4RJ1     AZ390 max   mnote level     = 4
P4RJ1     AZ390 total mz390 errors    = 0
P4RJ1     AZ390 total az390 errors    = 0
P4RJ1     MZ390 ENDED   RC= 4 MEM(MB)= MB IO=2513
P4RJ1     LZ390 START
P4RJ1     LZ390 Copyright 2011 Automated Software Tools Corporation
P4RJ1     LZ390 z390 is licensed under GNU General Public License
P4RJ1     LZ390 options = @rt\RT1=(bal notiming stats) 
  systerm(mfacc\rtmfacc)
P4RJ1     LZ390 program = mfacc\P4RJ1.OBJ
P4RJ1     LZ390 final_options=ALIGN
P4RJ1     LZ390 final_options=NOALLOW
P4RJ1     LZ390 final_options=NOAMODE24
P4RJ1     LZ390 final_options=AMODE31
P4RJ1     LZ390 final_options=NOASCII
P4RJ1     LZ390 final_options=ASM
P4RJ1     LZ390 final_options=NOASSIST
P4RJ1     LZ390 final_options=AUTOLINK
P4RJ1     LZ390 final_options=BAL
P4RJ1     LZ390 final_options=NOBS2000
P4RJ1     LZ390 final_options=EDF
P4RJ1     LZ390 final_options=NOCICS
P4RJ1     LZ390 final_options=CODEPAGE(ISO-8859-1+IBM1047)
P4RJ1     LZ390 final_options=COMMENT
P4RJ1     LZ390 final_options=CON
P4RJ1     LZ390 final_options=NODUMP
P4RJ1     LZ390 final_options=EPILOG
P4RJ1     LZ390 final_options=NOERRSUM
P4RJ1     LZ390 final_options=EXTEND
P4RJ1     LZ390 final_options=FLOAT(DECIMAL)
P4RJ1     LZ390 final_options=NOGUAM
P4RJ1     LZ390 final_options=INIT
P4RJ1     LZ390 final_options=LIST
P4RJ1     LZ390 final_options=LISTCALL
P4RJ1     LZ390 final_options=LISTUSE
P4RJ1     LZ390 final_options=LOADHIGH
P4RJ1     LZ390 final_options=NOMCALL
P4RJ1     LZ390 final_options=NOMOD
P4RJ1     LZ390 final_options=OBJ
P4RJ1     LZ390 final_options=NOOBJHEX
P4RJ1     LZ390 final_options=PC
P4RJ1     LZ390 final_options=PCOPT
P4RJ1     LZ390 final_options=NOPDSMEM8
P4RJ1     LZ390 final_options=NOPRINTALL
P4RJ1     LZ390 final_options=PROLOG
P4RJ1     LZ390 final_options=PROTECT
P4RJ1     LZ390 final_options=R64
P4RJ1     LZ390 final_options=NOREFORMAT
P4RJ1     LZ390 final_options=NOREGS
P4RJ1     LZ390 final_options=RMODE24
P4RJ1     LZ390 final_options=NORMODE31
P4RJ1     LZ390 final_options=STATS
P4RJ1     LZ390 final_options=NOTEST
P4RJ1     LZ390 final_options=THREAD
P4RJ1     LZ390 final_options=NOTIME
P4RJ1     LZ390 final_options=NOTIMING
P4RJ1     LZ390 final_options=NOTRACE
P4RJ1     LZ390 final_options=NOTRACEA
P4RJ1     LZ390 final_options=NOTRACEALL
P4RJ1     LZ390 final_options=NOTRACEC
P4RJ1     LZ390 final_options=NOTRACEG
P4RJ1     LZ390 final_options=NOTRACEI
P4RJ1     LZ390 final_options=NOTRACEL
P4RJ1     LZ390 final_options=NOTRACEM
P4RJ1     LZ390 final_options=NOTRACEP
P4RJ1     LZ390 final_options=NOTRACEQ
P4RJ1     LZ390 final_options=NOTRACES
P4RJ1     LZ390 final_options=NOTRACET
P4RJ1     LZ390 final_options=NOTRACEV
P4RJ1     LZ390 final_options=TRAP
P4RJ1     LZ390 final_options=NOTRUNC
P4RJ1     LZ390 final_options=NOTS
P4RJ1     LZ390 final_options=VCB
P4RJ1     LZ390 final_options=WARN
P4RJ1     LZ390 final_options=XREF
P4RJ1     LZ390 final_options=ZSTRMAC
P4RJ1     LZ390 final_options=CHKMAC=0
P4RJ1     LZ390 final_options=CHKSRC=1
P4RJ1     LZ390 final_options=ERR=100
P4RJ1     LZ390 final_options=MAXCALL=50
P4RJ1     LZ390 final_options=MAXDISPLAY=80
P4RJ1     LZ390 final_options=MAXESD=1000
P4RJ1     LZ390 final_options=MAXFILE=1000
P4RJ1     LZ390 final_options=MAXGBL=100000
P4RJ1     LZ390 final_options=MAXHEIGHT=600
P4RJ1     LZ390 final_options=MAXLCL=100000
P4RJ1     LZ390 final_options=MAXLEN=80
P4RJ1     LZ390 final_options=MAXLINE=200000
P4RJ1     LZ390 final_options=MAXLOG=1000000
P4RJ1     LZ390 final_options=MAXPARM=10000
P4RJ1     LZ390 final_options=MAXPASS=2
P4RJ1     LZ390 final_options=MAXPC=50000
P4RJ1     LZ390 final_options=MAXQUE=1000
P4RJ1     LZ390 final_options=MAXRLD=10000
P4RJ1     LZ390 final_options=MAXSIZE=52428800
P4RJ1     LZ390 final_options=MAXSYM=50000
P4RJ1     LZ390 final_options=MAXWARN=4
P4RJ1     LZ390 final_options=MAXWIDTH=800
P4RJ1     LZ390 final_options=MEM=1
P4RJ1     LZ390 final_options=MINHEIGHT=150
P4RJ1     LZ390 final_options=MINWIDTH=150
P4RJ1     LZ390 final_options=MNOTE=0
P4RJ1     LZ390 final_options=PARM=
P4RJ1     LZ390 final_options=PROFILE=
P4RJ1     LZ390 final_options=STATS=C:\Program Files (x86)\Automated Software Tools\z390\mfacc\P4RJ1.STA
P4RJ1     LZ390 final_options=SYSPARM=
P4RJ1     LZ390 final options=SYSTERM=C:\Program Files (x86)\Automated Software Tools\z390\mfacc\rtmfacc.E
P4RJ1     LZ390 final_options=RR
P4RJ1     LZ390 final_options=TESTDD=
P4RJ1     LZ390 final_options=TIME=15
P4RJ1     LZ390 final_options=TRACE=
P4RJ1     LZ390 final_options=Z390ACROBAT=cmd.exe /c Start
P4RJ1     LZ390 final_options=Z390BROWSER=cmd.exe /c Start
P4RJ1     LZ390 final_options=Z390COMMAND=cmd.exe
P4RJ1     LZ390 final_options=Z390EDITOR=notepad.exe
P4RJ1     LZ390 final_options=INSTALL=
P4RJ1     LZ390 final_options=IPL=
P4RJ1     LZ390 final_options=LOG=
P4RJ1     LZ390 final_options=SYS390=mfacc\+linklib
P4RJ1     LZ390 final_options=SYSBAL=mfacc\
P4RJ1     LZ390 final_options=SYSCPY=mfacc\
P4RJ1     LZ390 final_options=SYSDAT=mfacc\
P4RJ1     LZ390 final_options=SYSERR=mfacc\
P4RJ1     LZ390 final_options=SYSLOG=mfacc\
P4RJ1     LZ390 final_options=SYSLST=mfacc\
P4RJ1     LZ390 final_options=SYSMAC=mfacc\
P4RJ1     LZ390 final_options=SYSMLC=mfacc\
P4RJ1     LZ390 final_options=SYSPCH=mfacc\
P4RJ1     LZ390 final_options=SYSPRN=mfacc\
P4RJ1     LZ390 final_options=SYSOBJ=mfacc\
P4RJ1     LZ390 final_options=SYSOPT=mfacc\
P4RJ1     LZ390 final_options=SYSTRC=mfacc\
P4RJ1     LZ390 Stats total obj files = 1
P4RJ1     LZ390 Stats total esds      = 1
P4RJ1     LZ390 Stats total csects    = 1
P4RJ1     LZ390 Stats total entries   = 0
P4RJ1     LZ390 Stats missing wxtrn's = 0
P4RJ1     LZ390 Stats Keys            = 1
P4RJ1     LZ390 Stats Key searches    = 2
P4RJ1     LZ390 Stats Key avg comps   = 0
P4RJ1     LZ390 Stats Key max comps   = 1
P4RJ1     LZ390 Stats total obj byte  = 821
P4RJ1     LZ390 Stats total obj rlds  = 4
P4RJ1     LZ390 total errors          = 0
P4RJ1     LZ390 ENDED   RC= 0 MEM(MB)= MB IO=288
P4RJ1     EZ390 START
P4RJ1     EZ390 Copyright 2011 Automated Software Tools Corporation
P4RJ1     EZ390 z390 is licensed under GNU General Public License
P4RJ1     EZ390 program = mfacc\P4RJ1.390
P4RJ1     EZ390 options = @rt\RT1=(bal notiming stats) 
  systerm(mfacc\rtmfacc)
P4RJ1     EZ390 final_options=ALIGN
P4RJ1     EZ390 final_options=NOALLOW
P4RJ1     EZ390 final_options=NOAMODE24
P4RJ1     EZ390 final_options=AMODE31
P4RJ1     EZ390 final_options=NOASCII
P4RJ1     EZ390 final_options=ASM
P4RJ1     EZ390 final_options=NOASSIST
P4RJ1     EZ390 final_options=AUTOLINK
P4RJ1     EZ390 final_options=BAL
P4RJ1     EZ390 final_options=NOBS2000
P4RJ1     EZ390 final_options=EDF
P4RJ1     EZ390 final_options=NOCICS
P4RJ1     EZ390 final_options=CODEPAGE(ISO-8859-1+IBM1047)
P4RJ1     EZ390 final_options=COMMENT
P4RJ1     EZ390 final_options=CON
P4RJ1     EZ390 final_options=NODUMP
P4RJ1     EZ390 final_options=EPILOG
P4RJ1     EZ390 final_options=NOERRSUM
P4RJ1     EZ390 final_options=EXTEND
P4RJ1     EZ390 final_options=FLOAT(DECIMAL)
P4RJ1     EZ390 final_options=NOGUAM
P4RJ1     EZ390 final_options=INIT
P4RJ1     EZ390 final_options=LIST
P4RJ1     EZ390 final_options=LISTCALL
P4RJ1     EZ390 final_options=LISTUSE
P4RJ1     EZ390 final_options=LOADHIGH
P4RJ1     EZ390 final_options=NOMCALL
P4RJ1     EZ390 final_options=NOMOD
P4RJ1     EZ390 final_options=OBJ
P4RJ1     EZ390 final_options=NOOBJHEX
P4RJ1     EZ390 final_options=PC
P4RJ1     EZ390 final_options=PCOPT
P4RJ1     EZ390 final_options=NOPDSMEM8
P4RJ1     EZ390 final_options=NOPRINTALL
P4RJ1     EZ390 final_options=PROLOG
P4RJ1     EZ390 final_options=PROTECT
P4RJ1     EZ390 final_options=R64
P4RJ1     EZ390 final_options=NOREFORMAT
P4RJ1     EZ390 final_options=NOREGS
P4RJ1     EZ390 final_options=RMODE24
P4RJ1     EZ390 final_options=NORMODE31
P4RJ1     EZ390 final_options=STATS
P4RJ1     EZ390 final_options=NOTEST
P4RJ1     EZ390 final_options=THREAD
P4RJ1     EZ390 final_options=NOTIME
P4RJ1     EZ390 final_options=NOTIMING
P4RJ1     EZ390 final_options=NOTRACE
P4RJ1     EZ390 final_options=NOTRACEA
P4RJ1     EZ390 final_options=NOTRACEALL
P4RJ1     EZ390 final_options=NOTRACEC
P4RJ1     EZ390 final_options=NOTRACEG
P4RJ1     EZ390 final_options=NOTRACEI
P4RJ1     EZ390 final_options=NOTRACEL
P4RJ1     EZ390 final_options=NOTRACEM
P4RJ1     EZ390 final_options=NOTRACEP
P4RJ1     EZ390 final_options=NOTRACEQ
P4RJ1     EZ390 final_options=NOTRACES
P4RJ1     EZ390 final_options=NOTRACET
P4RJ1     EZ390 final_options=NOTRACEV
P4RJ1     EZ390 final_options=TRAP
P4RJ1     EZ390 final_options=NOTRUNC
P4RJ1     EZ390 final_options=NOTS
P4RJ1     EZ390 final_options=VCB
P4RJ1     EZ390 final_options=WARN
P4RJ1     EZ390 final_options=XREF
P4RJ1     EZ390 final_options=ZSTRMAC
P4RJ1     EZ390 final_options=CHKMAC=0
P4RJ1     EZ390 final_options=CHKSRC=1
P4RJ1     EZ390 final_options=ERR=100
P4RJ1     EZ390 final_options=MAXCALL=50
P4RJ1     EZ390 final_options=MAXDISPLAY=80
P4RJ1     EZ390 final_options=MAXESD=1000
P4RJ1     EZ390 final_options=MAXFILE=1000
P4RJ1     EZ390 final_options=MAXGBL=100000
P4RJ1     EZ390 final_options=MAXHEIGHT=600
P4RJ1     EZ390 final_options=MAXLCL=100000
P4RJ1     EZ390 final_options=MAXLEN=80
P4RJ1     EZ390 final_options=MAXLINE=200000
P4RJ1     EZ390 final_options=MAXLOG=1000000
P4RJ1     EZ390 final_options=MAXPARM=10000
P4RJ1     EZ390 final_options=MAXPASS=2
P4RJ1     EZ390 final_options=MAXPC=50000
P4RJ1     EZ390 final_options=MAXQUE=1000
P4RJ1     EZ390 final_options=MAXRLD=10000
P4RJ1     EZ390 final_options=MAXSIZE=52428800
P4RJ1     EZ390 final_options=MAXSYM=50000
P4RJ1     EZ390 final_options=MAXWARN=4
P4RJ1     EZ390 final_options=MAXWIDTH=800
P4RJ1     EZ390 final_options=MEM=1
P4RJ1     EZ390 final_options=MINHEIGHT=150
P4RJ1     EZ390 final_options=MINWIDTH=150
P4RJ1     EZ390 final_options=MNOTE=0
P4RJ1     EZ390 final_options=PARM=
P4RJ1     EZ390 final_options=PROFILE=
P4RJ1     EZ390 final_options=STATS=C:\Program Files (x86)\Automated Software Tools\z390\mfacc\P4RJ1.STA
P4RJ1     EZ390 final_options=SYSPARM=
P4RJ1     EZ390 final options=SYSTERM=C:\Program Files (x86)\Automated Software Tools\z390\mfacc\rtmfacc.E
P4RJ1     EZ390 final_options=RR
P4RJ1     EZ390 final_options=TESTDD=
P4RJ1     EZ390 final_options=TIME=15
P4RJ1     EZ390 final_options=TRACE=
P4RJ1     EZ390 final_options=Z390ACROBAT=cmd.exe /c Start
P4RJ1     EZ390 final_options=Z390BROWSER=cmd.exe /c Start
P4RJ1     EZ390 final_options=Z390COMMAND=cmd.exe
P4RJ1     EZ390 final_options=Z390EDITOR=notepad.exe
P4RJ1     EZ390 final_options=INSTALL=
P4RJ1     EZ390 final_options=IPL=
P4RJ1     EZ390 final_options=LOG=C:\Program Files (x86)\Automated Software Tools\z390\mfacc\P4RJ1.LOG
P4RJ1     EZ390 final_options=SYS390=mfacc\+linklib
P4RJ1     EZ390 final_options=SYSBAL=mfacc\
P4RJ1     EZ390 final_options=SYSCPY=mfacc\
P4RJ1     EZ390 final_options=SYSDAT=mfacc\
P4RJ1     EZ390 final_options=SYSERR=mfacc\
P4RJ1     EZ390 final_options=SYSLOG=mfacc\
P4RJ1     EZ390 final_options=SYSLST=mfacc\
P4RJ1     EZ390 final_options=SYSMAC=mfacc\
P4RJ1     EZ390 final_options=SYSMLC=mfacc\
P4RJ1     EZ390 final_options=SYSPCH=mfacc\
P4RJ1     EZ390 final_options=SYSPRN=mfacc\
P4RJ1     EZ390 final_options=SYSOBJ=mfacc\
P4RJ1     EZ390 final_options=SYSOPT=mfacc\
P4RJ1     EZ390 final_options=SYSTRC=mfacc\
P4RJ1     EZ390 TCPIO operations      = 0
P4RJ1     EZ390 DCB operations        = 0
P4RJ1     EZ390 VSAM operations       = 0
P4RJ1     EZ390 Keys                  = 2467
P4RJ1     EZ390 Key searches          = 2
P4RJ1     EZ390 Key avg comps         = 1
P4RJ1     EZ390 Key max comps         = 1
P4RJ1     EZ390 total errors          = 0
P4RJ1     EZ390 ENDED   RC= 0 MEM(MB)= MB IO=174 INS=685
