P5MM1     MZ390 START
P5MM1     MZ390 Copyright 2011 Automated Software Tools Corporation
P5MM1     MZ390 z390 is licensed under GNU General Public License
P5MM1     MZ390 program = mfacc\P5MM1.MLC
P5MM1     MZ390 options = sysmac(C:\PROGRA~2\AUTOMA~1\z390\mac+.) 
  syscpy(C:\PROGRA~2\AUTOMA~1\z390\mac+.) @rt\RT1=(bal notiming stats) 
  systerm(mfacc\rtmfacc)
P5MM1     MZ390 final_options=ALIGN
P5MM1     MZ390 final_options=NOALLOW
P5MM1     MZ390 final_options=NOAMODE24
P5MM1     MZ390 final_options=AMODE31
P5MM1     MZ390 final_options=NOASCII
P5MM1     MZ390 final_options=ASM
P5MM1     MZ390 final_options=NOASSIST
P5MM1     MZ390 final_options=AUTOLINK
P5MM1     MZ390 final_options=BAL
P5MM1     MZ390 final_options=NOBS2000
P5MM1     MZ390 final_options=EDF
P5MM1     MZ390 final_options=NOCICS
P5MM1     MZ390 final_options=CODEPAGE(ISO-8859-1+IBM1047)
P5MM1     MZ390 final_options=COMMENT
P5MM1     MZ390 final_options=CON
P5MM1     MZ390 final_options=NODUMP
P5MM1     MZ390 final_options=EPILOG
P5MM1     MZ390 final_options=NOERRSUM
P5MM1     MZ390 final_options=EXTEND
P5MM1     MZ390 final_options=FLOAT(DECIMAL)
P5MM1     MZ390 final_options=NOGUAM
P5MM1     MZ390 final_options=INIT
P5MM1     MZ390 final_options=LIST
P5MM1     MZ390 final_options=LISTCALL
P5MM1     MZ390 final_options=LISTUSE
P5MM1     MZ390 final_options=LOADHIGH
P5MM1     MZ390 final_options=NOMCALL
P5MM1     MZ390 final_options=NOMOD
P5MM1     MZ390 final_options=OBJ
P5MM1     MZ390 final_options=NOOBJHEX
P5MM1     MZ390 final_options=PC
P5MM1     MZ390 final_options=PCOPT
P5MM1     MZ390 final_options=NOPDSMEM8
P5MM1     MZ390 final_options=NOPRINTALL
P5MM1     MZ390 final_options=PROLOG
P5MM1     MZ390 final_options=PROTECT
P5MM1     MZ390 final_options=R64
P5MM1     MZ390 final_options=NOREFORMAT
P5MM1     MZ390 final_options=NOREGS
P5MM1     MZ390 final_options=RMODE24
P5MM1     MZ390 final_options=NORMODE31
P5MM1     MZ390 final_options=STATS
P5MM1     MZ390 final_options=NOTEST
P5MM1     MZ390 final_options=THREAD
P5MM1     MZ390 final_options=NOTIME
P5MM1     MZ390 final_options=NOTIMING
P5MM1     MZ390 final_options=NOTRACE
P5MM1     MZ390 final_options=NOTRACEA
P5MM1     MZ390 final_options=NOTRACEALL
P5MM1     MZ390 final_options=NOTRACEC
P5MM1     MZ390 final_options=NOTRACEG
P5MM1     MZ390 final_options=NOTRACEI
P5MM1     MZ390 final_options=NOTRACEL
P5MM1     MZ390 final_options=NOTRACEM
P5MM1     MZ390 final_options=NOTRACEP
P5MM1     MZ390 final_options=NOTRACEQ
P5MM1     MZ390 final_options=NOTRACES
P5MM1     MZ390 final_options=NOTRACET
P5MM1     MZ390 final_options=NOTRACEV
P5MM1     MZ390 final_options=TRAP
P5MM1     MZ390 final_options=NOTRUNC
P5MM1     MZ390 final_options=NOTS
P5MM1     MZ390 final_options=VCB
P5MM1     MZ390 final_options=WARN
P5MM1     MZ390 final_options=XREF
P5MM1     MZ390 final_options=ZSTRMAC
P5MM1     MZ390 final_options=CHKMAC=0
P5MM1     MZ390 final_options=CHKSRC=1
P5MM1     MZ390 final_options=ERR=100
P5MM1     MZ390 final_options=MAXCALL=50
P5MM1     MZ390 final_options=MAXDISPLAY=80
P5MM1     MZ390 final_options=MAXESD=1000
P5MM1     MZ390 final_options=MAXFILE=1000
P5MM1     MZ390 final_options=MAXGBL=100000
P5MM1     MZ390 final_options=MAXHEIGHT=600
P5MM1     MZ390 final_options=MAXLCL=100000
P5MM1     MZ390 final_options=MAXLEN=80
P5MM1     MZ390 final_options=MAXLINE=200000
P5MM1     MZ390 final_options=MAXLOG=1000000
P5MM1     MZ390 final_options=MAXPARM=10000
P5MM1     MZ390 final_options=MAXPASS=2
P5MM1     MZ390 final_options=MAXPC=50000
P5MM1     MZ390 final_options=MAXQUE=1000
P5MM1     MZ390 final_options=MAXRLD=10000
P5MM1     MZ390 final_options=MAXSIZE=52428800
P5MM1     MZ390 final_options=MAXSYM=50000
P5MM1     MZ390 final_options=MAXWARN=4
P5MM1     MZ390 final_options=MAXWIDTH=800
P5MM1     MZ390 final_options=MEM=1
P5MM1     MZ390 final_options=MINHEIGHT=150
P5MM1     MZ390 final_options=MINWIDTH=150
P5MM1     MZ390 final_options=MNOTE=0
P5MM1     MZ390 final_options=PARM=
P5MM1     MZ390 final_options=PROFILE=
P5MM1     MZ390 final_options=STATS=C:\Program Files (x86)\Automated Software Tools\z390\mfacc\P5MM1.STA
P5MM1     MZ390 final_options=SYSPARM=
P5MM1     MZ390 final options=SYSTERM=C:\Program Files (x86)\Automated Software Tools\z390\mfacc\rtmfacc.E
P5MM1     MZ390 final_options=RR
P5MM1     MZ390 final_options=TESTDD=
P5MM1     MZ390 final_options=TIME=15
P5MM1     MZ390 final_options=TRACE=
P5MM1     MZ390 final_options=Z390ACROBAT=cmd.exe /c Start
P5MM1     MZ390 final_options=Z390BROWSER=cmd.exe /c Start
P5MM1     MZ390 final_options=Z390COMMAND=cmd.exe
P5MM1     MZ390 final_options=Z390EDITOR=notepad.exe
P5MM1     MZ390 final_options=INSTALL=
P5MM1     MZ390 final_options=IPL=
P5MM1     MZ390 final_options=LOG=
P5MM1     MZ390 final_options=SYS390=mfacc\+linklib
P5MM1     MZ390 final_options=SYSBAL=mfacc\
P5MM1     MZ390 final_options=SYSCPY=C:\PROGRA~2\AUTOMA~1\z390\mac+.
P5MM1     MZ390 final_options=SYSDAT=mfacc\
P5MM1     MZ390 final_options=SYSERR=mfacc\
P5MM1     MZ390 final_options=SYSLOG=mfacc\
P5MM1     MZ390 final_options=SYSLST=mfacc\
P5MM1     MZ390 final_options=SYSMAC=C:\PROGRA~2\AUTOMA~1\z390\mac+.
P5MM1     MZ390 final_options=SYSMLC=mfacc\
P5MM1     MZ390 final_options=SYSPCH=mfacc\
P5MM1     MZ390 final_options=SYSPRN=mfacc\
P5MM1     MZ390 final_options=SYSOBJ=mfacc\
P5MM1     MZ390 final_options=SYSOPT=mfacc\
P5MM1     MZ390 final_options=SYSTRC=mfacc\
P5MM1     MZ390 total MLC/MAC loaded  = 389
P5MM1     MZ390 total BAL output lines= 153
P5MM1     MZ390 total BAL instructions= 25
P5MM1     MZ390 total macros          = 4
P5MM1     MZ390 total macro loads     = 4
P5MM1     MZ390 total macro calls     = 11
P5MM1     MZ390 total AENTRY blocks   = 0
P5MM1     MZ390 total ACALL  calls    = 0
P5MM1     MZ390 total AIF    blocks   = 0
P5MM1     MZ390 total ACASE  blocks   = 0
P5MM1     MZ390 total AWHILE calls    = 0
P5MM1     MZ390 total AUNTIL blocks   = 0
P5MM1     MZ390 total global set names= 48
P5MM1     MZ390 tot global seta cells = 0
P5MM1     MZ390 tot global setb cells = 8
P5MM1     MZ390 tot global setc cells = 40
P5MM1     MZ390 max local pos parms   = 7
P5MM1     MZ390 max local key parms   = 23
P5MM1     MZ390 max local set names   = 34
P5MM1     MZ390 max local seta cells  = 11
P5MM1     MZ390 max local setb cells  = 0
P5MM1     MZ390 max local setc cells  = 23
P5MM1     MZ390 total array expansions= 0
P5MM1     MZ390 total Keys            = 1700
P5MM1     MZ390 Key searches          = 3609
P5MM1     MZ390 Key avg comps         = 0
P5MM1     MZ390 Key max comps         = 3
P5MM1     MZ390 total macro line exec = 327
P5MM1     MZ390 total pcode line exec = 56
P5MM1     MZ390 total pcode line gen. = 62
P5MM1     MZ390 total pcode line reuse= 0
P5MM1     MZ390 total pcode op   gen. = 244
P5MM1     MZ390 total pcode op   exec = 208
P5MM1     MZ390 total pcode gen  opt  = 138
P5MM1     MZ390 total pcode exec opt  = 0
P5MM1     MZ390 FID=  1 ERR= 0 C:\Program Files (x86)\Automated Software Tools\z390\mfacc\P5MM1.MLC
P5MM1     MZ390 FID=  2 ERR= 0 C:\PROGRA~2\AUTOMA~1\z390\mac\ZMFACC.MAC
P5MM1     MZ390 FID=  3 ERR= 0 C:\PROGRA~2\AUTOMA~1\z390\mac\WTO.MAC
P5MM1     MZ390 FID=  4 ERR= 0 C:\PROGRA~2\AUTOMA~1\z390\mac\SNAP.MAC
P5MM1     MZ390 total mnote warnings  = 1
P5MM1     MZ390 total mnote errors    = 0
P5MM1     MZ390 max   mnote level     = 4
P5MM1     MZ390 total mz390 errors    = 0
P5MM1     AZ390 BAL lines             = 153
P5MM1     AZ390 symbols               = 62
P5MM1     AZ390 Literals              = 6
P5MM1     AZ390 alloc passes          = 2
P5MM1     AZ390 Keys                  = 1387
P5MM1     AZ390 Key searches          = 2257
P5MM1     AZ390 Key avg comps         = 0
P5MM1     AZ390 Key max comps         = 3
P5MM1     AZ390 ESD symbols           = 1
P5MM1     AZ390 object bytes          = 502
P5MM1     AZ390 object rlds           = 4
P5MM1     AZ390 total mnote warnings  = 1
P5MM1     AZ390 total mnote errors    = 0
P5MM1     AZ390 max   mnote level     = 4
P5MM1     AZ390 total mz390 errors    = 0
P5MM1     AZ390 total az390 errors    = 0
P5MM1     MZ390 ENDED   RC= 4 MEM(MB)= MB IO=2058
P5MM1     LZ390 START
P5MM1     LZ390 Copyright 2011 Automated Software Tools Corporation
P5MM1     LZ390 z390 is licensed under GNU General Public License
P5MM1     LZ390 options = @rt\RT1=(bal notiming stats) 
  systerm(mfacc\rtmfacc)
P5MM1     LZ390 program = mfacc\P5MM1.OBJ
P5MM1     LZ390 final_options=ALIGN
P5MM1     LZ390 final_options=NOALLOW
P5MM1     LZ390 final_options=NOAMODE24
P5MM1     LZ390 final_options=AMODE31
P5MM1     LZ390 final_options=NOASCII
P5MM1     LZ390 final_options=ASM
P5MM1     LZ390 final_options=NOASSIST
P5MM1     LZ390 final_options=AUTOLINK
P5MM1     LZ390 final_options=BAL
P5MM1     LZ390 final_options=NOBS2000
P5MM1     LZ390 final_options=EDF
P5MM1     LZ390 final_options=NOCICS
P5MM1     LZ390 final_options=CODEPAGE(ISO-8859-1+IBM1047)
P5MM1     LZ390 final_options=COMMENT
P5MM1     LZ390 final_options=CON
P5MM1     LZ390 final_options=NODUMP
P5MM1     LZ390 final_options=EPILOG
P5MM1     LZ390 final_options=NOERRSUM
P5MM1     LZ390 final_options=EXTEND
P5MM1     LZ390 final_options=FLOAT(DECIMAL)
P5MM1     LZ390 final_options=NOGUAM
P5MM1     LZ390 final_options=INIT
P5MM1     LZ390 final_options=LIST
P5MM1     LZ390 final_options=LISTCALL
P5MM1     LZ390 final_options=LISTUSE
P5MM1     LZ390 final_options=LOADHIGH
P5MM1     LZ390 final_options=NOMCALL
P5MM1     LZ390 final_options=NOMOD
P5MM1     LZ390 final_options=OBJ
P5MM1     LZ390 final_options=NOOBJHEX
P5MM1     LZ390 final_options=PC
P5MM1     LZ390 final_options=PCOPT
P5MM1     LZ390 final_options=NOPDSMEM8
P5MM1     LZ390 final_options=NOPRINTALL
P5MM1     LZ390 final_options=PROLOG
P5MM1     LZ390 final_options=PROTECT
P5MM1     LZ390 final_options=R64
P5MM1     LZ390 final_options=NOREFORMAT
P5MM1     LZ390 final_options=NOREGS
P5MM1     LZ390 final_options=RMODE24
P5MM1     LZ390 final_options=NORMODE31
P5MM1     LZ390 final_options=STATS
P5MM1     LZ390 final_options=NOTEST
P5MM1     LZ390 final_options=THREAD
P5MM1     LZ390 final_options=NOTIME
P5MM1     LZ390 final_options=NOTIMING
P5MM1     LZ390 final_options=NOTRACE
P5MM1     LZ390 final_options=NOTRACEA
P5MM1     LZ390 final_options=NOTRACEALL
P5MM1     LZ390 final_options=NOTRACEC
P5MM1     LZ390 final_options=NOTRACEG
P5MM1     LZ390 final_options=NOTRACEI
P5MM1     LZ390 final_options=NOTRACEL
P5MM1     LZ390 final_options=NOTRACEM
P5MM1     LZ390 final_options=NOTRACEP
P5MM1     LZ390 final_options=NOTRACEQ
P5MM1     LZ390 final_options=NOTRACES
P5MM1     LZ390 final_options=NOTRACET
P5MM1     LZ390 final_options=NOTRACEV
P5MM1     LZ390 final_options=TRAP
P5MM1     LZ390 final_options=NOTRUNC
P5MM1     LZ390 final_options=NOTS
P5MM1     LZ390 final_options=VCB
P5MM1     LZ390 final_options=WARN
P5MM1     LZ390 final_options=XREF
P5MM1     LZ390 final_options=ZSTRMAC
P5MM1     LZ390 final_options=CHKMAC=0
P5MM1     LZ390 final_options=CHKSRC=1
P5MM1     LZ390 final_options=ERR=100
P5MM1     LZ390 final_options=MAXCALL=50
P5MM1     LZ390 final_options=MAXDISPLAY=80
P5MM1     LZ390 final_options=MAXESD=1000
P5MM1     LZ390 final_options=MAXFILE=1000
P5MM1     LZ390 final_options=MAXGBL=100000
P5MM1     LZ390 final_options=MAXHEIGHT=600
P5MM1     LZ390 final_options=MAXLCL=100000
P5MM1     LZ390 final_options=MAXLEN=80
P5MM1     LZ390 final_options=MAXLINE=200000
P5MM1     LZ390 final_options=MAXLOG=1000000
P5MM1     LZ390 final_options=MAXPARM=10000
P5MM1     LZ390 final_options=MAXPASS=2
P5MM1     LZ390 final_options=MAXPC=50000
P5MM1     LZ390 final_options=MAXQUE=1000
P5MM1     LZ390 final_options=MAXRLD=10000
P5MM1     LZ390 final_options=MAXSIZE=52428800
P5MM1     LZ390 final_options=MAXSYM=50000
P5MM1     LZ390 final_options=MAXWARN=4
P5MM1     LZ390 final_options=MAXWIDTH=800
P5MM1     LZ390 final_options=MEM=1
P5MM1     LZ390 final_options=MINHEIGHT=150
P5MM1     LZ390 final_options=MINWIDTH=150
P5MM1     LZ390 final_options=MNOTE=0
P5MM1     LZ390 final_options=PARM=
P5MM1     LZ390 final_options=PROFILE=
P5MM1     LZ390 final_options=STATS=C:\Program Files (x86)\Automated Software Tools\z390\mfacc\P5MM1.STA
P5MM1     LZ390 final_options=SYSPARM=
P5MM1     LZ390 final options=SYSTERM=C:\Program Files (x86)\Automated Software Tools\z390\mfacc\rtmfacc.E
P5MM1     LZ390 final_options=RR
P5MM1     LZ390 final_options=TESTDD=
P5MM1     LZ390 final_options=TIME=15
P5MM1     LZ390 final_options=TRACE=
P5MM1     LZ390 final_options=Z390ACROBAT=cmd.exe /c Start
P5MM1     LZ390 final_options=Z390BROWSER=cmd.exe /c Start
P5MM1     LZ390 final_options=Z390COMMAND=cmd.exe
P5MM1     LZ390 final_options=Z390EDITOR=notepad.exe
P5MM1     LZ390 final_options=INSTALL=
P5MM1     LZ390 final_options=IPL=
P5MM1     LZ390 final_options=LOG=
P5MM1     LZ390 final_options=SYS390=mfacc\+linklib
P5MM1     LZ390 final_options=SYSBAL=mfacc\
P5MM1     LZ390 final_options=SYSCPY=mfacc\
P5MM1     LZ390 final_options=SYSDAT=mfacc\
P5MM1     LZ390 final_options=SYSERR=mfacc\
P5MM1     LZ390 final_options=SYSLOG=mfacc\
P5MM1     LZ390 final_options=SYSLST=mfacc\
P5MM1     LZ390 final_options=SYSMAC=mfacc\
P5MM1     LZ390 final_options=SYSMLC=mfacc\
P5MM1     LZ390 final_options=SYSPCH=mfacc\
P5MM1     LZ390 final_options=SYSPRN=mfacc\
P5MM1     LZ390 final_options=SYSOBJ=mfacc\
P5MM1     LZ390 final_options=SYSOPT=mfacc\
P5MM1     LZ390 final_options=SYSTRC=mfacc\
P5MM1     LZ390 Stats total obj files = 1
P5MM1     LZ390 Stats total esds      = 1
P5MM1     LZ390 Stats total csects    = 1
P5MM1     LZ390 Stats total entries   = 0
P5MM1     LZ390 Stats missing wxtrn's = 0
P5MM1     LZ390 Stats Keys            = 1
P5MM1     LZ390 Stats Key searches    = 2
P5MM1     LZ390 Stats Key avg comps   = 0
P5MM1     LZ390 Stats Key max comps   = 1
P5MM1     LZ390 Stats total obj byte  = 502
P5MM1     LZ390 Stats total obj rlds  = 4
P5MM1     LZ390 total errors          = 0
P5MM1     LZ390 ENDED   RC= 0 MEM(MB)= MB IO=246
P5MM1     EZ390 START
P5MM1     EZ390 Copyright 2011 Automated Software Tools Corporation
P5MM1     EZ390 z390 is licensed under GNU General Public License
P5MM1     EZ390 program = mfacc\P5MM1.390
P5MM1     EZ390 options = @rt\RT1=(bal notiming stats) 
  systerm(mfacc\rtmfacc)
P5MM1     EZ390 final_options=ALIGN
P5MM1     EZ390 final_options=NOALLOW
P5MM1     EZ390 final_options=NOAMODE24
P5MM1     EZ390 final_options=AMODE31
P5MM1     EZ390 final_options=NOASCII
P5MM1     EZ390 final_options=ASM
P5MM1     EZ390 final_options=NOASSIST
P5MM1     EZ390 final_options=AUTOLINK
P5MM1     EZ390 final_options=BAL
P5MM1     EZ390 final_options=NOBS2000
P5MM1     EZ390 final_options=EDF
P5MM1     EZ390 final_options=NOCICS
P5MM1     EZ390 final_options=CODEPAGE(ISO-8859-1+IBM1047)
P5MM1     EZ390 final_options=COMMENT
P5MM1     EZ390 final_options=CON
P5MM1     EZ390 final_options=NODUMP
P5MM1     EZ390 final_options=EPILOG
P5MM1     EZ390 final_options=NOERRSUM
P5MM1     EZ390 final_options=EXTEND
P5MM1     EZ390 final_options=FLOAT(DECIMAL)
P5MM1     EZ390 final_options=NOGUAM
P5MM1     EZ390 final_options=INIT
P5MM1     EZ390 final_options=LIST
P5MM1     EZ390 final_options=LISTCALL
P5MM1     EZ390 final_options=LISTUSE
P5MM1     EZ390 final_options=LOADHIGH
P5MM1     EZ390 final_options=NOMCALL
P5MM1     EZ390 final_options=NOMOD
P5MM1     EZ390 final_options=OBJ
P5MM1     EZ390 final_options=NOOBJHEX
P5MM1     EZ390 final_options=PC
P5MM1     EZ390 final_options=PCOPT
P5MM1     EZ390 final_options=NOPDSMEM8
P5MM1     EZ390 final_options=NOPRINTALL
P5MM1     EZ390 final_options=PROLOG
P5MM1     EZ390 final_options=PROTECT
P5MM1     EZ390 final_options=R64
P5MM1     EZ390 final_options=NOREFORMAT
P5MM1     EZ390 final_options=NOREGS
P5MM1     EZ390 final_options=RMODE24
P5MM1     EZ390 final_options=NORMODE31
P5MM1     EZ390 final_options=STATS
P5MM1     EZ390 final_options=NOTEST
P5MM1     EZ390 final_options=THREAD
P5MM1     EZ390 final_options=NOTIME
P5MM1     EZ390 final_options=NOTIMING
P5MM1     EZ390 final_options=NOTRACE
P5MM1     EZ390 final_options=NOTRACEA
P5MM1     EZ390 final_options=NOTRACEALL
P5MM1     EZ390 final_options=NOTRACEC
P5MM1     EZ390 final_options=NOTRACEG
P5MM1     EZ390 final_options=NOTRACEI
P5MM1     EZ390 final_options=NOTRACEL
P5MM1     EZ390 final_options=NOTRACEM
P5MM1     EZ390 final_options=NOTRACEP
P5MM1     EZ390 final_options=NOTRACEQ
P5MM1     EZ390 final_options=NOTRACES
P5MM1     EZ390 final_options=NOTRACET
P5MM1     EZ390 final_options=NOTRACEV
P5MM1     EZ390 final_options=TRAP
P5MM1     EZ390 final_options=NOTRUNC
P5MM1     EZ390 final_options=NOTS
P5MM1     EZ390 final_options=VCB
P5MM1     EZ390 final_options=WARN
P5MM1     EZ390 final_options=XREF
P5MM1     EZ390 final_options=ZSTRMAC
P5MM1     EZ390 final_options=CHKMAC=0
P5MM1     EZ390 final_options=CHKSRC=1
P5MM1     EZ390 final_options=ERR=100
P5MM1     EZ390 final_options=MAXCALL=50
P5MM1     EZ390 final_options=MAXDISPLAY=80
P5MM1     EZ390 final_options=MAXESD=1000
P5MM1     EZ390 final_options=MAXFILE=1000
P5MM1     EZ390 final_options=MAXGBL=100000
P5MM1     EZ390 final_options=MAXHEIGHT=600
P5MM1     EZ390 final_options=MAXLCL=100000
P5MM1     EZ390 final_options=MAXLEN=80
P5MM1     EZ390 final_options=MAXLINE=200000
P5MM1     EZ390 final_options=MAXLOG=1000000
P5MM1     EZ390 final_options=MAXPARM=10000
P5MM1     EZ390 final_options=MAXPASS=2
P5MM1     EZ390 final_options=MAXPC=50000
P5MM1     EZ390 final_options=MAXQUE=1000
P5MM1     EZ390 final_options=MAXRLD=10000
P5MM1     EZ390 final_options=MAXSIZE=52428800
P5MM1     EZ390 final_options=MAXSYM=50000
P5MM1     EZ390 final_options=MAXWARN=4
P5MM1     EZ390 final_options=MAXWIDTH=800
P5MM1     EZ390 final_options=MEM=1
P5MM1     EZ390 final_options=MINHEIGHT=150
P5MM1     EZ390 final_options=MINWIDTH=150
P5MM1     EZ390 final_options=MNOTE=0
P5MM1     EZ390 final_options=PARM=
P5MM1     EZ390 final_options=PROFILE=
P5MM1     EZ390 final_options=STATS=C:\Program Files (x86)\Automated Software Tools\z390\mfacc\P5MM1.STA
P5MM1     EZ390 final_options=SYSPARM=
P5MM1     EZ390 final options=SYSTERM=C:\Program Files (x86)\Automated Software Tools\z390\mfacc\rtmfacc.E
P5MM1     EZ390 final_options=RR
P5MM1     EZ390 final_options=TESTDD=
P5MM1     EZ390 final_options=TIME=15
P5MM1     EZ390 final_options=TRACE=
P5MM1     EZ390 final_options=Z390ACROBAT=cmd.exe /c Start
P5MM1     EZ390 final_options=Z390BROWSER=cmd.exe /c Start
P5MM1     EZ390 final_options=Z390COMMAND=cmd.exe
P5MM1     EZ390 final_options=Z390EDITOR=notepad.exe
P5MM1     EZ390 final_options=INSTALL=
P5MM1     EZ390 final_options=IPL=
P5MM1     EZ390 final_options=LOG=C:\Program Files (x86)\Automated Software Tools\z390\mfacc\P5MM1.LOG
P5MM1     EZ390 final_options=SYS390=mfacc\+linklib
P5MM1     EZ390 final_options=SYSBAL=mfacc\
P5MM1     EZ390 final_options=SYSCPY=mfacc\
P5MM1     EZ390 final_options=SYSDAT=mfacc\
P5MM1     EZ390 final_options=SYSERR=mfacc\
P5MM1     EZ390 final_options=SYSLOG=mfacc\
P5MM1     EZ390 final_options=SYSLST=mfacc\
P5MM1     EZ390 final_options=SYSMAC=mfacc\
P5MM1     EZ390 final_options=SYSMLC=mfacc\
P5MM1     EZ390 final_options=SYSPCH=mfacc\
P5MM1     EZ390 final_options=SYSPRN=mfacc\
P5MM1     EZ390 final_options=SYSOBJ=mfacc\
P5MM1     EZ390 final_options=SYSOPT=mfacc\
P5MM1     EZ390 final_options=SYSTRC=mfacc\
P5MM1     EZ390 TCPIO operations      = 0
P5MM1     EZ390 DCB operations        = 0
P5MM1     EZ390 VSAM operations       = 0
P5MM1     EZ390 Keys                  = 2467
P5MM1     EZ390 Key searches          = 2
P5MM1     EZ390 Key avg comps         = 1
P5MM1     EZ390 Key max comps         = 1
P5MM1     EZ390 total errors          = 0
P5MM1     EZ390 ENDED   RC= 0 MEM(MB)= MB IO=166 INS=30
