P7DSH1    MZ390 START
P7DSH1    MZ390 Copyright 2011 Automated Software Tools Corporation
P7DSH1    MZ390 z390 is licensed under GNU General Public License
P7DSH1    MZ390 program = mfacc\P7DSH1.MLC
P7DSH1    MZ390 options = sysmac(C:\PROGRA~2\AUTOMA~1\z390\mac+.) 
  syscpy(C:\PROGRA~2\AUTOMA~1\z390\mac+.) @rt\RT1=(bal notiming stats) 
  systerm(mfacc\rtmfacc)
P7DSH1    MZ390 final_options=ALIGN
P7DSH1    MZ390 final_options=NOALLOW
P7DSH1    MZ390 final_options=NOAMODE24
P7DSH1    MZ390 final_options=AMODE31
P7DSH1    MZ390 final_options=NOASCII
P7DSH1    MZ390 final_options=ASM
P7DSH1    MZ390 final_options=NOASSIST
P7DSH1    MZ390 final_options=AUTOLINK
P7DSH1    MZ390 final_options=BAL
P7DSH1    MZ390 final_options=NOBS2000
P7DSH1    MZ390 final_options=EDF
P7DSH1    MZ390 final_options=NOCICS
P7DSH1    MZ390 final_options=CODEPAGE(ISO-8859-1+IBM1047)
P7DSH1    MZ390 final_options=COMMENT
P7DSH1    MZ390 final_options=CON
P7DSH1    MZ390 final_options=NODUMP
P7DSH1    MZ390 final_options=EPILOG
P7DSH1    MZ390 final_options=NOERRSUM
P7DSH1    MZ390 final_options=EXTEND
P7DSH1    MZ390 final_options=FLOAT(DECIMAL)
P7DSH1    MZ390 final_options=NOGUAM
P7DSH1    MZ390 final_options=INIT
P7DSH1    MZ390 final_options=LIST
P7DSH1    MZ390 final_options=LISTCALL
P7DSH1    MZ390 final_options=LISTUSE
P7DSH1    MZ390 final_options=LOADHIGH
P7DSH1    MZ390 final_options=NOMCALL
P7DSH1    MZ390 final_options=NOMOD
P7DSH1    MZ390 final_options=OBJ
P7DSH1    MZ390 final_options=NOOBJHEX
P7DSH1    MZ390 final_options=PC
P7DSH1    MZ390 final_options=PCOPT
P7DSH1    MZ390 final_options=NOPDSMEM8
P7DSH1    MZ390 final_options=NOPRINTALL
P7DSH1    MZ390 final_options=PROLOG
P7DSH1    MZ390 final_options=PROTECT
P7DSH1    MZ390 final_options=R64
P7DSH1    MZ390 final_options=NOREFORMAT
P7DSH1    MZ390 final_options=NOREGS
P7DSH1    MZ390 final_options=RMODE24
P7DSH1    MZ390 final_options=NORMODE31
P7DSH1    MZ390 final_options=STATS
P7DSH1    MZ390 final_options=NOTEST
P7DSH1    MZ390 final_options=THREAD
P7DSH1    MZ390 final_options=NOTIME
P7DSH1    MZ390 final_options=NOTIMING
P7DSH1    MZ390 final_options=NOTRACE
P7DSH1    MZ390 final_options=NOTRACEA
P7DSH1    MZ390 final_options=NOTRACEALL
P7DSH1    MZ390 final_options=NOTRACEC
P7DSH1    MZ390 final_options=NOTRACEG
P7DSH1    MZ390 final_options=NOTRACEI
P7DSH1    MZ390 final_options=NOTRACEL
P7DSH1    MZ390 final_options=NOTRACEM
P7DSH1    MZ390 final_options=NOTRACEP
P7DSH1    MZ390 final_options=NOTRACEQ
P7DSH1    MZ390 final_options=NOTRACES
P7DSH1    MZ390 final_options=NOTRACET
P7DSH1    MZ390 final_options=NOTRACEV
P7DSH1    MZ390 final_options=TRAP
P7DSH1    MZ390 final_options=NOTRUNC
P7DSH1    MZ390 final_options=NOTS
P7DSH1    MZ390 final_options=VCB
P7DSH1    MZ390 final_options=WARN
P7DSH1    MZ390 final_options=XREF
P7DSH1    MZ390 final_options=ZSTRMAC
P7DSH1    MZ390 final_options=CHKMAC=0
P7DSH1    MZ390 final_options=CHKSRC=1
P7DSH1    MZ390 final_options=ERR=100
P7DSH1    MZ390 final_options=MAXCALL=50
P7DSH1    MZ390 final_options=MAXDISPLAY=80
P7DSH1    MZ390 final_options=MAXESD=1000
P7DSH1    MZ390 final_options=MAXFILE=1000
P7DSH1    MZ390 final_options=MAXGBL=100000
P7DSH1    MZ390 final_options=MAXHEIGHT=600
P7DSH1    MZ390 final_options=MAXLCL=100000
P7DSH1    MZ390 final_options=MAXLEN=80
P7DSH1    MZ390 final_options=MAXLINE=200000
P7DSH1    MZ390 final_options=MAXLOG=1000000
P7DSH1    MZ390 final_options=MAXPARM=10000
P7DSH1    MZ390 final_options=MAXPASS=2
P7DSH1    MZ390 final_options=MAXPC=50000
P7DSH1    MZ390 final_options=MAXQUE=1000
P7DSH1    MZ390 final_options=MAXRLD=10000
P7DSH1    MZ390 final_options=MAXSIZE=52428800
P7DSH1    MZ390 final_options=MAXSYM=50000
P7DSH1    MZ390 final_options=MAXWARN=4
P7DSH1    MZ390 final_options=MAXWIDTH=800
P7DSH1    MZ390 final_options=MEM=1
P7DSH1    MZ390 final_options=MINHEIGHT=150
P7DSH1    MZ390 final_options=MINWIDTH=150
P7DSH1    MZ390 final_options=MNOTE=0
P7DSH1    MZ390 final_options=PARM=
P7DSH1    MZ390 final_options=PROFILE=
P7DSH1    MZ390 final_options=STATS=C:\Program Files (x86)\Automated Software Tools\z390\mfacc\P7DSH1.STA
P7DSH1    MZ390 final_options=SYSPARM=
P7DSH1    MZ390 final options=SYSTERM=C:\Program Files (x86)\Automated Software Tools\z390\mfacc\rtmfacc.E
P7DSH1    MZ390 final_options=RR
P7DSH1    MZ390 final_options=TESTDD=
P7DSH1    MZ390 final_options=TIME=15
P7DSH1    MZ390 final_options=TRACE=
P7DSH1    MZ390 final_options=Z390ACROBAT=cmd.exe /c Start
P7DSH1    MZ390 final_options=Z390BROWSER=cmd.exe /c Start
P7DSH1    MZ390 final_options=Z390COMMAND=cmd.exe
P7DSH1    MZ390 final_options=Z390EDITOR=notepad.exe
P7DSH1    MZ390 final_options=INSTALL=
P7DSH1    MZ390 final_options=IPL=
P7DSH1    MZ390 final_options=LOG=
P7DSH1    MZ390 final_options=SYS390=mfacc\+linklib
P7DSH1    MZ390 final_options=SYSBAL=mfacc\
P7DSH1    MZ390 final_options=SYSCPY=C:\PROGRA~2\AUTOMA~1\z390\mac+.
P7DSH1    MZ390 final_options=SYSDAT=mfacc\
P7DSH1    MZ390 final_options=SYSERR=mfacc\
P7DSH1    MZ390 final_options=SYSLOG=mfacc\
P7DSH1    MZ390 final_options=SYSLST=mfacc\
P7DSH1    MZ390 final_options=SYSMAC=C:\PROGRA~2\AUTOMA~1\z390\mac+.
P7DSH1    MZ390 final_options=SYSMLC=mfacc\
P7DSH1    MZ390 final_options=SYSPCH=mfacc\
P7DSH1    MZ390 final_options=SYSPRN=mfacc\
P7DSH1    MZ390 final_options=SYSOBJ=mfacc\
P7DSH1    MZ390 final_options=SYSOPT=mfacc\
P7DSH1    MZ390 final_options=SYSTRC=mfacc\
P7DSH1    MZ390 total MLC/MAC loaded  = 470
P7DSH1    MZ390 total BAL output lines= 209
P7DSH1    MZ390 total BAL instructions= 36
P7DSH1    MZ390 total macros          = 5
P7DSH1    MZ390 total macro loads     = 5
P7DSH1    MZ390 total macro calls     = 15
P7DSH1    MZ390 total AENTRY blocks   = 0
P7DSH1    MZ390 total ACALL  calls    = 0
P7DSH1    MZ390 total AIF    blocks   = 0
P7DSH1    MZ390 total ACASE  blocks   = 0
P7DSH1    MZ390 total AWHILE calls    = 0
P7DSH1    MZ390 total AUNTIL blocks   = 0
P7DSH1    MZ390 total global set names= 49
P7DSH1    MZ390 tot global seta cells = 0
P7DSH1    MZ390 tot global setb cells = 9
P7DSH1    MZ390 tot global setc cells = 40
P7DSH1    MZ390 max local pos parms   = 7
P7DSH1    MZ390 max local key parms   = 23
P7DSH1    MZ390 max local set names   = 34
P7DSH1    MZ390 max local seta cells  = 11
P7DSH1    MZ390 max local setb cells  = 0
P7DSH1    MZ390 max local setc cells  = 23
P7DSH1    MZ390 total array expansions= 0
P7DSH1    MZ390 total Keys            = 1789
P7DSH1    MZ390 Key searches          = 4177
P7DSH1    MZ390 Key avg comps         = 0
P7DSH1    MZ390 Key max comps         = 3
P7DSH1    MZ390 total macro line exec = 430
P7DSH1    MZ390 total pcode line exec = 75
P7DSH1    MZ390 total pcode line gen. = 79
P7DSH1    MZ390 total pcode line reuse= 0
P7DSH1    MZ390 total pcode op   gen. = 320
P7DSH1    MZ390 total pcode op   exec = 293
P7DSH1    MZ390 total pcode gen  opt  = 173
P7DSH1    MZ390 total pcode exec opt  = 0
P7DSH1    MZ390 FID=  1 ERR= 0 C:\Program Files (x86)\Automated Software Tools\z390\mfacc\P7DSH1.MLC
P7DSH1    MZ390 FID=  2 ERR= 0 C:\PROGRA~2\AUTOMA~1\z390\mac\ZMFACC.MAC
P7DSH1    MZ390 FID=  3 ERR= 0 C:\PROGRA~2\AUTOMA~1\z390\mac\WTO.MAC
P7DSH1    MZ390 FID=  4 ERR= 0 C:\PROGRA~2\AUTOMA~1\z390\mac\SNAP.MAC
P7DSH1    MZ390 FID=  5 ERR= 0 C:\PROGRA~2\AUTOMA~1\z390\mac\CTD.MAC
P7DSH1    MZ390 total mnote warnings  = 1
P7DSH1    MZ390 total mnote errors    = 0
P7DSH1    MZ390 max   mnote level     = 4
P7DSH1    MZ390 total mz390 errors    = 0
P7DSH1    AZ390 BAL lines             = 209
P7DSH1    AZ390 symbols               = 80
P7DSH1    AZ390 Literals              = 15
P7DSH1    AZ390 alloc passes          = 2
P7DSH1    AZ390 Keys                  = 1414
P7DSH1    AZ390 Key searches          = 2753
P7DSH1    AZ390 Key avg comps         = 0
P7DSH1    AZ390 Key max comps         = 3
P7DSH1    AZ390 ESD symbols           = 1
P7DSH1    AZ390 object bytes          = 697
P7DSH1    AZ390 object rlds           = 8
P7DSH1    AZ390 total mnote warnings  = 1
P7DSH1    AZ390 total mnote errors    = 0
P7DSH1    AZ390 max   mnote level     = 4
P7DSH1    AZ390 total mz390 errors    = 0
P7DSH1    AZ390 total az390 errors    = 0
P7DSH1    MZ390 ENDED   RC= 4 MEM(MB)= MB IO=2559
P7DSH1    LZ390 START
P7DSH1    LZ390 Copyright 2011 Automated Software Tools Corporation
P7DSH1    LZ390 z390 is licensed under GNU General Public License
P7DSH1    LZ390 options = @rt\RT1=(bal notiming stats) 
  systerm(mfacc\rtmfacc)
P7DSH1    LZ390 program = mfacc\P7DSH1.OBJ
P7DSH1    LZ390 final_options=ALIGN
P7DSH1    LZ390 final_options=NOALLOW
P7DSH1    LZ390 final_options=NOAMODE24
P7DSH1    LZ390 final_options=AMODE31
P7DSH1    LZ390 final_options=NOASCII
P7DSH1    LZ390 final_options=ASM
P7DSH1    LZ390 final_options=NOASSIST
P7DSH1    LZ390 final_options=AUTOLINK
P7DSH1    LZ390 final_options=BAL
P7DSH1    LZ390 final_options=NOBS2000
P7DSH1    LZ390 final_options=EDF
P7DSH1    LZ390 final_options=NOCICS
P7DSH1    LZ390 final_options=CODEPAGE(ISO-8859-1+IBM1047)
P7DSH1    LZ390 final_options=COMMENT
P7DSH1    LZ390 final_options=CON
P7DSH1    LZ390 final_options=NODUMP
P7DSH1    LZ390 final_options=EPILOG
P7DSH1    LZ390 final_options=NOERRSUM
P7DSH1    LZ390 final_options=EXTEND
P7DSH1    LZ390 final_options=FLOAT(DECIMAL)
P7DSH1    LZ390 final_options=NOGUAM
P7DSH1    LZ390 final_options=INIT
P7DSH1    LZ390 final_options=LIST
P7DSH1    LZ390 final_options=LISTCALL
P7DSH1    LZ390 final_options=LISTUSE
P7DSH1    LZ390 final_options=LOADHIGH
P7DSH1    LZ390 final_options=NOMCALL
P7DSH1    LZ390 final_options=NOMOD
P7DSH1    LZ390 final_options=OBJ
P7DSH1    LZ390 final_options=NOOBJHEX
P7DSH1    LZ390 final_options=PC
P7DSH1    LZ390 final_options=PCOPT
P7DSH1    LZ390 final_options=NOPDSMEM8
P7DSH1    LZ390 final_options=NOPRINTALL
P7DSH1    LZ390 final_options=PROLOG
P7DSH1    LZ390 final_options=PROTECT
P7DSH1    LZ390 final_options=R64
P7DSH1    LZ390 final_options=NOREFORMAT
P7DSH1    LZ390 final_options=NOREGS
P7DSH1    LZ390 final_options=RMODE24
P7DSH1    LZ390 final_options=NORMODE31
P7DSH1    LZ390 final_options=STATS
P7DSH1    LZ390 final_options=NOTEST
P7DSH1    LZ390 final_options=THREAD
P7DSH1    LZ390 final_options=NOTIME
P7DSH1    LZ390 final_options=NOTIMING
P7DSH1    LZ390 final_options=NOTRACE
P7DSH1    LZ390 final_options=NOTRACEA
P7DSH1    LZ390 final_options=NOTRACEALL
P7DSH1    LZ390 final_options=NOTRACEC
P7DSH1    LZ390 final_options=NOTRACEG
P7DSH1    LZ390 final_options=NOTRACEI
P7DSH1    LZ390 final_options=NOTRACEL
P7DSH1    LZ390 final_options=NOTRACEM
P7DSH1    LZ390 final_options=NOTRACEP
P7DSH1    LZ390 final_options=NOTRACEQ
P7DSH1    LZ390 final_options=NOTRACES
P7DSH1    LZ390 final_options=NOTRACET
P7DSH1    LZ390 final_options=NOTRACEV
P7DSH1    LZ390 final_options=TRAP
P7DSH1    LZ390 final_options=NOTRUNC
P7DSH1    LZ390 final_options=NOTS
P7DSH1    LZ390 final_options=VCB
P7DSH1    LZ390 final_options=WARN
P7DSH1    LZ390 final_options=XREF
P7DSH1    LZ390 final_options=ZSTRMAC
P7DSH1    LZ390 final_options=CHKMAC=0
P7DSH1    LZ390 final_options=CHKSRC=1
P7DSH1    LZ390 final_options=ERR=100
P7DSH1    LZ390 final_options=MAXCALL=50
P7DSH1    LZ390 final_options=MAXDISPLAY=80
P7DSH1    LZ390 final_options=MAXESD=1000
P7DSH1    LZ390 final_options=MAXFILE=1000
P7DSH1    LZ390 final_options=MAXGBL=100000
P7DSH1    LZ390 final_options=MAXHEIGHT=600
P7DSH1    LZ390 final_options=MAXLCL=100000
P7DSH1    LZ390 final_options=MAXLEN=80
P7DSH1    LZ390 final_options=MAXLINE=200000
P7DSH1    LZ390 final_options=MAXLOG=1000000
P7DSH1    LZ390 final_options=MAXPARM=10000
P7DSH1    LZ390 final_options=MAXPASS=2
P7DSH1    LZ390 final_options=MAXPC=50000
P7DSH1    LZ390 final_options=MAXQUE=1000
P7DSH1    LZ390 final_options=MAXRLD=10000
P7DSH1    LZ390 final_options=MAXSIZE=52428800
P7DSH1    LZ390 final_options=MAXSYM=50000
P7DSH1    LZ390 final_options=MAXWARN=4
P7DSH1    LZ390 final_options=MAXWIDTH=800
P7DSH1    LZ390 final_options=MEM=1
P7DSH1    LZ390 final_options=MINHEIGHT=150
P7DSH1    LZ390 final_options=MINWIDTH=150
P7DSH1    LZ390 final_options=MNOTE=0
P7DSH1    LZ390 final_options=PARM=
P7DSH1    LZ390 final_options=PROFILE=
P7DSH1    LZ390 final_options=STATS=C:\Program Files (x86)\Automated Software Tools\z390\mfacc\P7DSH1.STA
P7DSH1    LZ390 final_options=SYSPARM=
P7DSH1    LZ390 final options=SYSTERM=C:\Program Files (x86)\Automated Software Tools\z390\mfacc\rtmfacc.E
P7DSH1    LZ390 final_options=RR
P7DSH1    LZ390 final_options=TESTDD=
P7DSH1    LZ390 final_options=TIME=15
P7DSH1    LZ390 final_options=TRACE=
P7DSH1    LZ390 final_options=Z390ACROBAT=cmd.exe /c Start
P7DSH1    LZ390 final_options=Z390BROWSER=cmd.exe /c Start
P7DSH1    LZ390 final_options=Z390COMMAND=cmd.exe
P7DSH1    LZ390 final_options=Z390EDITOR=notepad.exe
P7DSH1    LZ390 final_options=INSTALL=
P7DSH1    LZ390 final_options=IPL=
P7DSH1    LZ390 final_options=LOG=
P7DSH1    LZ390 final_options=SYS390=mfacc\+linklib
P7DSH1    LZ390 final_options=SYSBAL=mfacc\
P7DSH1    LZ390 final_options=SYSCPY=mfacc\
P7DSH1    LZ390 final_options=SYSDAT=mfacc\
P7DSH1    LZ390 final_options=SYSERR=mfacc\
P7DSH1    LZ390 final_options=SYSLOG=mfacc\
P7DSH1    LZ390 final_options=SYSLST=mfacc\
P7DSH1    LZ390 final_options=SYSMAC=mfacc\
P7DSH1    LZ390 final_options=SYSMLC=mfacc\
P7DSH1    LZ390 final_options=SYSPCH=mfacc\
P7DSH1    LZ390 final_options=SYSPRN=mfacc\
P7DSH1    LZ390 final_options=SYSOBJ=mfacc\
P7DSH1    LZ390 final_options=SYSOPT=mfacc\
P7DSH1    LZ390 final_options=SYSTRC=mfacc\
P7DSH1    LZ390 Stats total obj files = 1
P7DSH1    LZ390 Stats total esds      = 1
P7DSH1    LZ390 Stats total csects    = 1
P7DSH1    LZ390 Stats total entries   = 0
P7DSH1    LZ390 Stats missing wxtrn's = 0
P7DSH1    LZ390 Stats Keys            = 1
P7DSH1    LZ390 Stats Key searches    = 2
P7DSH1    LZ390 Stats Key avg comps   = 0
P7DSH1    LZ390 Stats Key max comps   = 1
P7DSH1    LZ390 Stats total obj byte  = 697
P7DSH1    LZ390 Stats total obj rlds  = 8
P7DSH1    LZ390 total errors          = 0
P7DSH1    LZ390 ENDED   RC= 0 MEM(MB)= MB IO=296
P7DSH1    EZ390 START
P7DSH1    EZ390 Copyright 2011 Automated Software Tools Corporation
P7DSH1    EZ390 z390 is licensed under GNU General Public License
P7DSH1    EZ390 program = mfacc\P7DSH1.390
P7DSH1    EZ390 options = @rt\RT1=(bal notiming stats) 
  systerm(mfacc\rtmfacc)
P7DSH1    EZ390 final_options=ALIGN
P7DSH1    EZ390 final_options=NOALLOW
P7DSH1    EZ390 final_options=NOAMODE24
P7DSH1    EZ390 final_options=AMODE31
P7DSH1    EZ390 final_options=NOASCII
P7DSH1    EZ390 final_options=ASM
P7DSH1    EZ390 final_options=NOASSIST
P7DSH1    EZ390 final_options=AUTOLINK
P7DSH1    EZ390 final_options=BAL
P7DSH1    EZ390 final_options=NOBS2000
P7DSH1    EZ390 final_options=EDF
P7DSH1    EZ390 final_options=NOCICS
P7DSH1    EZ390 final_options=CODEPAGE(ISO-8859-1+IBM1047)
P7DSH1    EZ390 final_options=COMMENT
P7DSH1    EZ390 final_options=CON
P7DSH1    EZ390 final_options=NODUMP
P7DSH1    EZ390 final_options=EPILOG
P7DSH1    EZ390 final_options=NOERRSUM
P7DSH1    EZ390 final_options=EXTEND
P7DSH1    EZ390 final_options=FLOAT(DECIMAL)
P7DSH1    EZ390 final_options=NOGUAM
P7DSH1    EZ390 final_options=INIT
P7DSH1    EZ390 final_options=LIST
P7DSH1    EZ390 final_options=LISTCALL
P7DSH1    EZ390 final_options=LISTUSE
P7DSH1    EZ390 final_options=LOADHIGH
P7DSH1    EZ390 final_options=NOMCALL
P7DSH1    EZ390 final_options=NOMOD
P7DSH1    EZ390 final_options=OBJ
P7DSH1    EZ390 final_options=NOOBJHEX
P7DSH1    EZ390 final_options=PC
P7DSH1    EZ390 final_options=PCOPT
P7DSH1    EZ390 final_options=NOPDSMEM8
P7DSH1    EZ390 final_options=NOPRINTALL
P7DSH1    EZ390 final_options=PROLOG
P7DSH1    EZ390 final_options=PROTECT
P7DSH1    EZ390 final_options=R64
P7DSH1    EZ390 final_options=NOREFORMAT
P7DSH1    EZ390 final_options=NOREGS
P7DSH1    EZ390 final_options=RMODE24
P7DSH1    EZ390 final_options=NORMODE31
P7DSH1    EZ390 final_options=STATS
P7DSH1    EZ390 final_options=NOTEST
P7DSH1    EZ390 final_options=THREAD
P7DSH1    EZ390 final_options=NOTIME
P7DSH1    EZ390 final_options=NOTIMING
P7DSH1    EZ390 final_options=NOTRACE
P7DSH1    EZ390 final_options=NOTRACEA
P7DSH1    EZ390 final_options=NOTRACEALL
P7DSH1    EZ390 final_options=NOTRACEC
P7DSH1    EZ390 final_options=NOTRACEG
P7DSH1    EZ390 final_options=NOTRACEI
P7DSH1    EZ390 final_options=NOTRACEL
P7DSH1    EZ390 final_options=NOTRACEM
P7DSH1    EZ390 final_options=NOTRACEP
P7DSH1    EZ390 final_options=NOTRACEQ
P7DSH1    EZ390 final_options=NOTRACES
P7DSH1    EZ390 final_options=NOTRACET
P7DSH1    EZ390 final_options=NOTRACEV
P7DSH1    EZ390 final_options=TRAP
P7DSH1    EZ390 final_options=NOTRUNC
P7DSH1    EZ390 final_options=NOTS
P7DSH1    EZ390 final_options=VCB
P7DSH1    EZ390 final_options=WARN
P7DSH1    EZ390 final_options=XREF
P7DSH1    EZ390 final_options=ZSTRMAC
P7DSH1    EZ390 final_options=CHKMAC=0
P7DSH1    EZ390 final_options=CHKSRC=1
P7DSH1    EZ390 final_options=ERR=100
P7DSH1    EZ390 final_options=MAXCALL=50
P7DSH1    EZ390 final_options=MAXDISPLAY=80
P7DSH1    EZ390 final_options=MAXESD=1000
P7DSH1    EZ390 final_options=MAXFILE=1000
P7DSH1    EZ390 final_options=MAXGBL=100000
P7DSH1    EZ390 final_options=MAXHEIGHT=600
P7DSH1    EZ390 final_options=MAXLCL=100000
P7DSH1    EZ390 final_options=MAXLEN=80
P7DSH1    EZ390 final_options=MAXLINE=200000
P7DSH1    EZ390 final_options=MAXLOG=1000000
P7DSH1    EZ390 final_options=MAXPARM=10000
P7DSH1    EZ390 final_options=MAXPASS=2
P7DSH1    EZ390 final_options=MAXPC=50000
P7DSH1    EZ390 final_options=MAXQUE=1000
P7DSH1    EZ390 final_options=MAXRLD=10000
P7DSH1    EZ390 final_options=MAXSIZE=52428800
P7DSH1    EZ390 final_options=MAXSYM=50000
P7DSH1    EZ390 final_options=MAXWARN=4
P7DSH1    EZ390 final_options=MAXWIDTH=800
P7DSH1    EZ390 final_options=MEM=1
P7DSH1    EZ390 final_options=MINHEIGHT=150
P7DSH1    EZ390 final_options=MINWIDTH=150
P7DSH1    EZ390 final_options=MNOTE=0
P7DSH1    EZ390 final_options=PARM=
P7DSH1    EZ390 final_options=PROFILE=
P7DSH1    EZ390 final_options=STATS=C:\Program Files (x86)\Automated Software Tools\z390\mfacc\P7DSH1.STA
P7DSH1    EZ390 final_options=SYSPARM=
P7DSH1    EZ390 final options=SYSTERM=C:\Program Files (x86)\Automated Software Tools\z390\mfacc\rtmfacc.E
P7DSH1    EZ390 final_options=RR
P7DSH1    EZ390 final_options=TESTDD=
P7DSH1    EZ390 final_options=TIME=15
P7DSH1    EZ390 final_options=TRACE=
P7DSH1    EZ390 final_options=Z390ACROBAT=cmd.exe /c Start
P7DSH1    EZ390 final_options=Z390BROWSER=cmd.exe /c Start
P7DSH1    EZ390 final_options=Z390COMMAND=cmd.exe
P7DSH1    EZ390 final_options=Z390EDITOR=notepad.exe
P7DSH1    EZ390 final_options=INSTALL=
P7DSH1    EZ390 final_options=IPL=
P7DSH1    EZ390 final_options=LOG=C:\Program Files (x86)\Automated Software Tools\z390\mfacc\P7DSH1.LOG
P7DSH1    EZ390 final_options=SYS390=mfacc\+linklib
P7DSH1    EZ390 final_options=SYSBAL=mfacc\
P7DSH1    EZ390 final_options=SYSCPY=mfacc\
P7DSH1    EZ390 final_options=SYSDAT=mfacc\
P7DSH1    EZ390 final_options=SYSERR=mfacc\
P7DSH1    EZ390 final_options=SYSLOG=mfacc\
P7DSH1    EZ390 final_options=SYSLST=mfacc\
P7DSH1    EZ390 final_options=SYSMAC=mfacc\
P7DSH1    EZ390 final_options=SYSMLC=mfacc\
P7DSH1    EZ390 final_options=SYSPCH=mfacc\
P7DSH1    EZ390 final_options=SYSPRN=mfacc\
P7DSH1    EZ390 final_options=SYSOBJ=mfacc\
P7DSH1    EZ390 final_options=SYSOPT=mfacc\
P7DSH1    EZ390 final_options=SYSTRC=mfacc\
P7DSH1    EZ390 TCPIO operations      = 0
P7DSH1    EZ390 DCB operations        = 0
P7DSH1    EZ390 VSAM operations       = 0
P7DSH1    EZ390 Keys                  = 2467
P7DSH1    EZ390 Key searches          = 2
P7DSH1    EZ390 Key avg comps         = 1
P7DSH1    EZ390 Key max comps         = 1
P7DSH1    EZ390 total errors          = 0
P7DSH1    EZ390 ENDED   RC= 0 MEM(MB)= MB IO=176 INS=62
