P8DSH2    EZ390 START
EZ390I Copyright 2011 Automated Software Tools Corporation
EZ390I z390 is licensed under GNU General Public License
EZ390I program = mfacc\P8DSH2.390
EZ390I options = @rt\RT1=(bal notiming stats) 
  systerm(mfacc\rtmfacc)
ZMFACC Solution for problem P8DSH2 by Don Higgins using RUNSYS=390
SNAP DUMP ID=1 TEXT=Input Area
SNAP DUMP ID=0 TEXT=TRIAL
 000FFEAC *F1404040 40404040 40404040 40404040* *1               *
 000FFEBC *40404040 40404040 40404040 40404040* *                *
 000FFECC *40404040 40404040 40404040 40      * *                *
SNAP DUMP ID=0 TEXT=TRIAL
 000FFEAC *F04BF7F5 40404040 40404040 40404040* *0.75            *
 000FFEBC *40404040 40404040 40404040 40404040* *                *
 000FFECC *40404040 40404040 40404040 40      * *                *
SNAP DUMP ID=0 TEXT=TRIAL
 000FFEAC *F1404040 40404040 40404040 40404040* *1               *
 000FFEBC *40404040 40404040 40404040 40404040* *                *
 000FFECC *40404040 40404040 40404040 40      * *                *
SNAP DUMP ID=0 TEXT=TRIAL
 000FFEAC *F04BF8F6 F1F1F1F1 F1F1F1F1 F1F1F1F1* *0.86111111111111*
 000FFEBC *F1F1F1F1 F1F1F1F1 F1F1F1F1 F1F1F1F1* *1111111111111111*
 000FFECC *F1F14040 40404040 40404040 40      * *11              *
SNAP DUMP ID=0 TEXT=TRIAL
 000FFEAC *F1404040 40404040 40404040 40404040* *1               *
 000FFEBC *40404040 40404040 40404040 40404040* *                *
 000FFECC *40404040 40404040 40404040 40      * *                *
SNAP DUMP ID=0 TEXT=TRIAL
 000FFEAC *F04BF7F9 F8F6F1F1 F1F1F1F1 F1F1F1F1* *0.79861111111111*
 000FFEBC *F1F1F1F1 F1F1F1F1 F1F1F1F1 F1F1F1F1* *1111111111111111*
 000FFECC *F1F14040 40404040 40404040 40      * *11              *
SNAP DUMP ID=0 TEXT=TRIAL
 000FFEAC *F1404040 40404040 40404040 40404040* *1               *
 000FFEBC *40404040 40404040 40404040 40404040* *                *
 000FFECC *40404040 40404040 40404040 40      * *                *
SNAP DUMP ID=0 TEXT=TRIAL
 000FFEAC *F04BF8F3 F8F6F1F1 F1F1F1F1 F1F1F1F1* *0.83861111111111*
 000FFEBC *F1F1F1F1 F1F1F1F1 F1F1F1F1 F1F1F1F1* *1111111111111111*
 000FFECC *F1F14040 40404040 40404040 40      * *11              *
SNAP DUMP ID=0 TEXT=TRIAL
 000FFEAC *F1404040 40404040 40404040 40404040* *1               *
 000FFEBC *40404040 40404040 40404040 40404040* *                *
 000FFECC *40404040 40404040 40404040 40      * *                *
SNAP DUMP ID=0 TEXT=TRIAL
 000FFEAC *F04BF8F1 F0F8F3F3 F3F3F3F3 F3F3F3F3* *0.81083333333333*
 000FFEBC *F3F3F3F3 F3F3F3F3 F3F3F3F3 F3F3F3F3* *3333333333333333*
 000FFECC *F3F34040 40404040 40404040 40      * *33              *
SNAP DUMP ID=0 TEXT=TRIAL
 000FFEAC *F1404040 40404040 40404040 40404040* *1               *
 000FFEBC *40404040 40404040 40404040 40404040* *                *
 000FFECC *40404040 40404040 40404040 40      * *                *
SNAP DUMP ID=0 TEXT=TRIAL
 000FFEAC *F04BF8F3 F1F2F4F1 F4F9F6F5 F9F8F6F3* *0.83124149659863*
 000FFEBC *F9F4F5F5 F7F8F2F3 F1F2F9F2 F5F1F7F0* *9455782312925170*
 000FFECC *F0F64040 40404040 40404040 40      * *06              *
SNAP DUMP ID=0 TEXT=TRIAL
 000FFEAC *F1404040 40404040 40404040 40404040* *1               *
 000FFEBC *40404040 40404040 40404040 40404040* *                *
 000FFECC *40404040 40404040 40404040 40      * *                *
SNAP DUMP ID=0 TEXT=TRIAL
 000FFEAC *F04BF8F1 F5F6F1F6 F4F9F6F5 F9F8F6F3* *0.81561649659863*
 000FFEBC *F9F4F5F5 F7F8F2F3 F1F2F9F2 F5F1F7F0* *9455782312925170*
 000FFECC *F0F64040 40404040 40404040 40      * *06              *
SNAP DUMP ID=0 TEXT=TRIAL
 000FFEAC *F1404040 40404040 40404040 40404040* *1               *
 000FFEBC *40404040 40404040 40404040 40404040* *                *
 000FFECC *40404040 40404040 40404040 40      * *                *
SNAP DUMP ID=0 TEXT=TRIAL
 000FFEAC *F04BF8F2 F7F9F6F2 F1F7F5F6 F1F0F9F8* *0.82796217561098*
 000FFEBC *F5F1F3F4 F7F9F4F6 F5F8F6F0 F4F1F8F2* *5134794658604182*
 000FFECC *F4F14040 40404040 40404040 40      * *41              *
SNAP DUMP ID=0 TEXT=TRIAL
 000FFEAC *F1404040 40404040 40404040 40404040* *1               *
 000FFEBC *40404040 40404040 40404040 40404040* *                *
 000FFECC *40404040 40404040 40404040 40      * *                *
SNAP DUMP ID=0 TEXT=TRIAL
 000FFEAC *F04BF8F1 F7F9F6F2 F1F7F5F6 F1F0F9F8* *0.81796217561098*
 000FFEBC *F5F1F3F4 F7F9F4F6 F5F8F6F0 F4F1F8F2* *5134794658604182*
 000FFECC *F4F14040 40404040 40404040 40      * *41              *
SNAP DUMP ID=0 TEXT=TRIAL
 000FFEAC *F1404040 40404040 40404040 40404040* *1               *
 000FFEBC *40404040 40404040 40404040 40404040* *                *
 000FFECC *40404040 40404040 40404040 40      * *                *
SNAP DUMP ID=0 TEXT=TRIAL
 000FFEAC *F04BF8F2 F6F2F2F6 F6F3F8F4 F2F0F9F0* *0.82622663842090*
 000FFEBC *F2F4F9F0 F1F6F6F5 F5F9F4F3 F0F6F2F8* *2490166559430628*
 000FFECC *F6F94040 40404040 40404040 40      * *69              *
SNAP DUMP ID=0 TEXT=TRIAL
 000FFEAC *F1404040 40404040 40404040 40404040* *1               *
 000FFEBC *40404040 40404040 40404040 40404040* *                *
 000FFECC *40404040 40404040 40404040 40      * *                *
SNAP DUMP ID=0 TEXT=TRIAL
 000FFEAC *F04BF8F1 F9F2F8F2 F1F9F3F9 F7F6F4F5* *0.81928219397645*
 000FFEBC *F8F0F4F5 F7F2F2F1 F1F4F9F8 F6F1F8F4* *8045722114986184*
 000FFECC *F2F54040 40404040 40404040 40      * *25              *
SNAP DUMP ID=0 TEXT=TRIAL
 000FFEAC *F1404040 40404040 40404040 40404040* *1               *
 000FFEBC *40404040 40404040 40404040 40404040* *                *
 000FFECC *40404040 40404040 40404040 40      * *                *
SNAP DUMP ID=0 TEXT=TRIAL
 000FFEAC *F04BF8F2 F5F1F9F9 F3F5F3F7 F3F9F7F7* *0.82519935373977*
 000FFEBC *F1F6F5F5 F1F8F9F5 F7F0F6F0 F7F4F8F6* *1655189570607486*
 000FFECC *F0F24040 40404040 40404040 40      * *02              *
SNAP DUMP ID=0 TEXT=TRIAL
 000FFEAC *F1404040 40404040 40404040 40404040* *1               *
 000FFEBC *40404040 40404040 40404040 40404040* *                *
 000FFECC *40404040 40404040 40404040 40      * *                *
SNAP DUMP ID=0 TEXT=TRIAL
 000FFEAC *F04BF8F2 F0F0F9F7 F3F1F2F9 F2F3F4F4* *0.82009731292344*
 000FFEBC *F5F1F2F4 F5F7F7F3 F2F5F7F0 F9F5F2F6* *5124577325709526*
 000FFECC *F8F44040 40404040 40404040 40      * *84              *
SNAP DUMP ID=0 TEXT=TRIAL
 000FFEAC *F1404040 40404040 40404040 40404040* *1               *
 000FFEBC *40404040 40404040 40404040 40404040* *                *
 000FFECC *40404040 40404040 40404040 40      * *                *
SNAP DUMP ID=0 TEXT=TRIAL
 000FFEAC *F04BF8F2 F4F5F4F1 F7F5F7F3 F6F7F8F8* *0.82454175736788*
 000FFEBC *F9F5F6F9 F0F2F1F7 F7F0F1F5 F3F9F7F1* *9569021770153971*
 000FFECC *F2F84040 40404040 40404040 40      * *28              *
SNAP DUMP ID=0 TEXT=TRIAL
 000FFEAC *F1404040 40404040 40404040 40404040* *1               *
 000FFEBC *40404040 40404040 40404040 40404040* *                *
 000FFECC *40404040 40404040 40404040 40      * *                *
SNAP DUMP ID=0 TEXT=TRIAL
 000FFEAC *F04BF8F2 F0F6F3F5 F5F0F7F3 F6F7F8F8* *0.82063550736788*
 000FFEBC *F9F5F6F9 F0F2F1F7 F7F0F1F5 F3F9F7F1* *9569021770153971*
 000FFECC *F2F84040 40404040 40404040 40      * *28              *
SNAP DUMP ID=0 TEXT=TRIAL
 000FFEAC *F1404040 40404040 40404040 40404040* *1               *
 000FFEBC *40404040 40404040 40404040 40404040* *                *
 000FFECC *40404040 40404040 40404040 40      * *                *
SNAP DUMP ID=0 TEXT=TRIAL
 000FFEAC *F04BF8F2 F4F0F9F5 F7F1F4F9 F8F0F3F4* *0.82409571498034*
 000FFEBC *F6F3F1F6 F4F2F6F6 F1F4F4F4 F4F6F2F8* *6316426614444628*
 000FFECC *F7F24040 40404040 40404040 40      * *72              *
SNAP DUMP ID=0 TEXT=TRIAL
 000FFEAC *F1404040 40404040 40404040 40404040* *1               *
 000FFEBC *40404040 40404040 40404040 40404040* *                *
 000FFECC *40404040 40404040 40404040 40      * *                *
SNAP DUMP ID=0 TEXT=TRIAL
 000FFEAC *F04BF8F2 F1F0F0F9 F2F9F5F2 F2F7F2F5* *0.82100929522725*
 000FFEBC *F9F8F9F6 F6F7F3F5 F2F8F0F2 F4F8F7F5* *9896673528024875*
 000FFECC *F6F34040 40404040 40404040 40      * *63              *
SNAP DUMP ID=0 TEXT=TRIAL
 000FFEAC *F1404040 40404040 40404040 40404040* *1               *
 000FFEBC *40404040 40404040 40404040 40404040* *                *
 000FFECC *40404040 40404040 40404040 40      * *                *
SNAP DUMP ID=0 TEXT=TRIAL
 000FFEAC *F04BF8F2 F3F7F7F9 F3F7F8F3 F2F9F7F5* *0.82377937832975*
 000FFEBC *F2F9F7F1 F4F6F5F7 F7F1F7F9 F2F1F8F8* *2971465771792188*
 000FFECC *F6F54040 40404040 40404040 40      * *65              *
SNAP DUMP ID=0 TEXT=TRIAL
 000FFEAC *F1404040 40404040 40404040 40404040* *1               *
 000FFEBC *40404040 40404040 40404040 40404040* *                *
 000FFECC *40404040 40404040 40404040 40      * *                *
SNAP DUMP ID=0 TEXT=TRIAL
 000FFEAC *F04BF8F2 F1F2F7F9 F3F7F8F3 F2F9F7F5* *0.82127937832975*
 000FFEBC *F2F9F7F1 F4F6F5F7 F7F1F7F9 F2F1F8F8* *2971465771792188*
 000FFECC *F6F54040 40404040 40404040 40      * *65              *
SNAP DUMP ID=0 TEXT=TRIAL
 000FFEAC *F1404040 40404040 40404040 40404040* *1               *
 000FFEBC *40404040 40404040 40404040 40404040* *                *
 000FFECC *40404040 40404040 40404040 40      * *                *
SNAP DUMP ID=0 TEXT=TRIAL
 000FFEAC *F04BF8F2 F3F5F4F6 F9F5F2F0 F2F5F8F9* *0.82354695202589*
 000FFEBC *F8F0F9F6 F1F8F2F3 F2F5F0F8 F0F1F7F0* *8096182325080170*
 000FFECC *F5F14040 40404040 40404040 40      * *51              *
SNAP DUMP ID=0 TEXT=TRIAL
 000FFEAC *F1404040 40404040 40404040 40404040* *1               *
 000FFEBC *40404040 40404040 40404040 40404040* *                *
 000FFECC *40404040 40404040 40404040 40      * *                *
SNAP DUMP ID=0 TEXT=TRIAL
 000FFEAC *F04BF8F2 F1F4F8F0 F8F3F6F3 F2F3F4F1* *0.82148083632341*
 000FFEBC *F8F7F5F7 F3F3F9F3 F4F9F8F7 F3F5F5F8* *8757339349873558*
 000FFECC *F9F44040 40404040 40404040 40      * *94              *
SNAP DUMP ID=0 TEXT=TRIAL
 000FFEAC *F1404040 40404040 40404040 40404040* *1               *
 000FFEBC *40404040 40404040 40404040 40404040* *                *
 000FFECC *40404040 40404040 40404040 40      * *                *
SNAP DUMP ID=0 TEXT=TRIAL
 000FFEAC *F04BF8F2 F3F3F7F1 F1F9F5F4 F9F1F6F6* *0.82337119549166*
 000FFEBC *F0F7F2F3 F3F1F2F8 F8F4F8F4 F5F2F0F3* *0723312884845203*
 000FFECC *F5F64040 40404040 40404040 40      * *56              *
SNAP DUMP ID=0 TEXT=TRIAL
 000FFEAC *F1404040 40404040 40404040 40404040* *1               *
 000FFEBC *40404040 40404040 40404040 40404040* *                *
 000FFECC *40404040 40404040 40404040 40      * *                *
SNAP DUMP ID=0 TEXT=TRIAL
 000FFEAC *F04BF8F2 F1F6F3F5 F0F8F4F3 F8F0F5F4* *0.82163508438054*
 000FFEBC *F9F6F1F2 F2F0F1F7 F7F3F7F3 F4F0F9F2* *9612201773734092*
 000FFECC *F4F44040 40404040 40404040 40      * *44              *
SNAP DUMP ID=0 TEXT=TRIAL
 000FFEAC *F1404040 40404040 40404040 40404040* *1               *
 000FFEBC *40404040 40404040 40404040 40404040* *                *
 000FFECC *40404040 40404040 40404040 40      * *                *
SNAP DUMP ID=0 TEXT=TRIAL
 000FFEAC *F04BF8F2 F3F2F3F5 F0F8F4F3 F8F0F5F4* *0.82323508438054*
 000FFEBC *F9F6F1F2 F2F0F1F7 F7F3F7F3 F4F0F9F2* *9612201773734092*
 000FFECC *F4F44040 40404040 40404040 40      * *44              *
SNAP DUMP ID=0 TEXT=TRIAL
 000FFEAC *F1404040 40404040 40404040 40404040* *1               *
 000FFEBC *40404040 40404040 40404040 40404040* *                *
 000FFECC *40404040 40404040 40404040 40      * *                *
SNAP DUMP ID=0 TEXT=TRIAL
 000FFEAC *F04BF8F2 F1F7F5F5 F7F9F4F4 F3F9F7F2* *0.82175579443972*
 000FFEBC *F1F2F0F9 F8F3F4F9 F0F9F8F2 F8F7F6F7* *1209834909828767*
 000FFECC *40404040 40404040 40404040 40      * *                *
SNAP DUMP ID=0 TEXT=TRIAL
 000FFEAC *F1404040 40404040 40404040 40404040* *1               *
 000FFEBC *40404040 40404040 40404040 40404040* *                *
 000FFECC *40404040 40404040 40404040 40      * *                *
SNAP DUMP ID=0 TEXT=TRIAL
 000FFEAC *F04BF8F2 F3F1F2F7 F5F3F6F5 F5F2F2F0* *0.82312753655220*
 000FFEBC *F4F0F6F3 F0F5F8F5 F0F3F7F9 F3F1F0F1* *4063058503793101*
 000FFECC *F7F14040 40404040 40404040 40      * *71              *
SNAP DUMP ID=0 TEXT=TRIAL
 000FFEAC *F1404040 40404040 40404040 40404040* *1               *
 000FFEBC *40404040 40404040 40404040 40404040* *                *
 000FFECC *40404040 40404040 40404040 40      * *                *
SNAP DUMP ID=0 TEXT=TRIAL
 000FFEAC *F04BF8F2 F1F8F5F2 F0F2F6F3 F4F8F1F2* *0.82185202634812*
 000FFEBC *F2F4F3F0 F4F0F5F4 F4F2F5F6 F8F6F1F1* *2430405442568611*
 000FFECC *F9F14040 40404040 40404040 40      * *91              *
SNAP DUMP ID=0 TEXT=TRIAL
 000FFEAC *F1404040 40404040 40404040 40404040* *1               *
 000FFEBC *40404040 40404040 40404040 40404040* *                *
 000FFECC *40404040 40404040 40404040 40      * *                *
SNAP DUMP ID=0 TEXT=TRIAL
 000FFEAC *F04BF8F2 F3F0F4F1 F0F8F6F9 F9F0F2F1* *0.82304108699021*
 000FFEBC *F5F1F7F7 F1F3F5F5 F2F5F8F0 F2F8F5F6* *5177135525802856*
 000FFECC *F8F64040 40404040 40404040 40      * *86              *
SNAP DUMP ID=0 TEXT=TRIAL
 000FFEAC *F1404040 40404040 40404040 40404040* *1               *
 000FFEBC *40404040 40404040 40404040 40404040* *                *
 000FFECC *40404040 40404040 40404040 40      * *                *
SNAP DUMP ID=0 TEXT=TRIAL
 000FFEAC *F04BF8F2 F1F9F2F9 F9F7F5F8 F7F9F1F0* *0.82192997587910*
 000FFEBC *F4F0F6F6 F0F2F4F4 F1F4F6F9 F1F7F4F5* *4066024414691745*
 000FFECC *F7F54040 40404040 40404040 40      * *75              *
SNAP DUMP ID=0 TEXT=TRIAL
 000FFEAC *F1404040 40404040 40404040 40404040* *1               *
 000FFEBC *40404040 40404040 40404040 40404040* *                *
 000FFECC *40404040 40404040 40404040 40      * *                *
SNAP DUMP ID=0 TEXT=TRIAL
 000FFEAC *F04BF8F2 F2F9F7F0 F5F5F8F6 F0F5F4F3* *0.82297055860543*
 000FFEBC *F0F8F0F9 F0F0F0F4 F8F1F2F8 F9F0F4F0* *0809000481289040*
 000FFECC *F2F34040 40404040 40404040 40      * *23              *
SNAP DUMP ID=0 TEXT=TRIAL
 000FFEAC *F1404040 40404040 40404040 40404040* *1               *
 000FFEBC *40404040 40404040 40404040 40404040* *                *
 000FFECC *40404040 40404040 40404040 40      * *                *
SNAP DUMP ID=0 TEXT=TRIAL
 000FFEAC *F04BF8F2 F1F9F9F3 F9F9F6F1 F0F5F4F3* *0.82199399610543*
 000FFEBC *F0F8F0F9 F0F0F0F4 F8F1F2F8 F9F0F4F0* *0809000481289040*
 000FFECC *F2F34040 40404040 40404040 40      * *23              *
SNAP DUMP ID=0 TEXT=TRIAL
 000FFEAC *F1404040 40404040 40404040 40404040* *1               *
 000FFEBC *40404040 40404040 40404040 40404040* *                *
 000FFECC *40404040 40404040 40404040 40      * *                *
SNAP DUMP ID=0 TEXT=TRIAL
 000FFEAC *F04BF8F2 F2F9F1F2 F2F6F9F7 F5F0F9F7* *0.82291226975097*
 000FFEBC *F7F1F8F1 F8F1F9F5 F8F1F3F8 F0F8F6F7* *7181819581380867*
 000FFECC *F5F94040 40404040 40404040 40      * *59              *
SNAP DUMP ID=0 TEXT=TRIAL
 000FFEAC *F1404040 40404040 40404040 40404040* *1               *
 000FFEBC *40404040 40404040 40404040 40404040* *                *
 000FFECC *40404040 40404040 40404040 40      * *                *
SNAP DUMP ID=0 TEXT=TRIAL
 000FFEAC *F04BF8F2 F2F0F4F7 F2F1F7F8 F4F7F8F6* *0.82204721784786*
 000FFEBC *F2F9F9F4 F9F6F8F3 F7F0F3F0 F8F2F0F3* *2994968370308203*
 000FFECC *F2F34040 40404040 40404040 40      * *23              *
SNAP DUMP ID=0 TEXT=TRIAL
 000FFEAC *F1404040 40404040 40404040 40404040* *1               *
 000FFEBC *40404040 40404040 40404040 40404040* *                *
 000FFECC *40404040 40404040 40404040 40      * *                *
SNAP DUMP ID=0 TEXT=TRIAL
 000FFEAC *F04BF8F2 F2F8F6F3 F5F4F4F3 F7F8F4F7* *0.82286354437847*
 000FFEBC *F5F2F3F9 F8F6F6F3 F2F9F4F9 F1F8F7F6* *5239866329491876*
 000FFECC *F7404040 40404040 40404040 40      * *7               *
SNAP DUMP ID=0 TEXT=TRIAL
 000FFEAC *F1404040 40404040 40404040 40404040* *1               *
 000FFEBC *40404040 40404040 40404040 40404040* *                *
 000FFECC *40404040 40404040 40404040 40      * *                *
SNAP DUMP ID=0 TEXT=TRIAL
 000FFEAC *F04BF8F2 F2F0F9F1 F9F3F9F4 F4F0F2F0* *0.82209193944020*
 000FFEBC *F3F6F3F4 F9F2F8F0 F5F7F8F8 F6F9F3F8* *3634928057886938*
 000FFECC *F4F34040 40404040 40404040 40      * *43              *
SNAP DUMP ID=0 TEXT=TRIAL
 000FFEAC *F1404040 40404040 40404040 40404040* *1               *
 000FFEBC *40404040 40404040 40404040 40404040* *                *
 000FFECC *40404040 40404040 40404040 40      * *                *
SNAP DUMP ID=0 TEXT=TRIAL
 000FFEAC *F04BF8F2 F2F8F2F2 F3F9F9F6 F3F0F1F2* *0.82282239963012*
 000FFEBC *F3F2F8F4 F3F0F7F1 F6F6F7F2 F5F5F0F6* *3284307166725506*
 000FFECC *F7F34040 40404040 40404040 40      * *73              *
SNAP DUMP ID=0 TEXT=TRIAL
 000FFEAC *F1404040 40404040 40404040 40404040* *1               *
 000FFEBC *40404040 40404040 40404040 40404040* *                *
 000FFECC *40404040 40404040 40404040 40      * *                *
SNAP DUMP ID=0 TEXT=TRIAL
 000FFEAC *F04BF8F2 F2F1F2F9 F8F7F8F8 F5F4F5F0* *0.82212987885450*
 000FFEBC *F0F0F1F5 F6F0F9F1 F0F5F7F8 F3F6F7F8* *0015609105783678*
 000FFECC *F4F84040 40404040 40404040 40      * *48              *
SNAP DUMP ID=0 TEXT=TRIAL
 000FFEAC *F1404040 40404040 40404040 40404040* *1               *
 000FFEBC *40404040 40404040 40404040 40404040* *                *
 000FFECC *40404040 40404040 40404040 40      * *                *
SNAP DUMP ID=0 TEXT=TRIAL
 000FFEAC *F04BF8F2 F2F7F8F7 F3F4F1F0 F5F0F4F2* *0.82278734105042*
 000FFEBC *F3F7F4F9 F9F9F4F3 F7F8F6F3 F0F4F8F9* *3749994378630489*
 000FFECC *F7F84040 40404040 40404040 40      * *78              *
SNAP DUMP ID=0 TEXT=TRIAL
 000FFEAC *F1404040 40404040 40404040 40404040* *1               *
 000FFEBC *40404040 40404040 40404040 40404040* *                *
 000FFECC *40404040 40404040 40404040 40      * *                *
SNAP DUMP ID=0 TEXT=TRIAL
 000FFEAC *F04BF8F2 F2F1F6F2 F3F4F1F0 F5F0F4F2* *0.82216234105042*
 000FFEBC *F3F7F4F9 F9F9F4F3 F7F8F6F3 F0F4F8F9* *3749994378630489*
 000FFECC *F7F84040 40404040 40404040 40      * *78              *
SNAP DUMP ID=0 TEXT=TRIAL
 000FFEAC *F1404040 40404040 40404040 40404040* *1               *
 000FFEBC *40404040 40404040 40404040 40404040* *                *
 000FFECC *40404040 40404040 40404040 40      * *                *
SNAP DUMP ID=0 TEXT=TRIAL
 000FFEAC *F04BF8F2 F2F7F5F7 F2F2F5F0 F4F8F0F4* *0.82275722504804*
 000FFEBC *F4F2F1F4 F0F0F3F8 F9F6F7F7 F4F4F5F1* *4214003896774451*
 000FFECC *F7F14040 40404040 40404040 40      * *71              *
SNAP DUMP ID=0 TEXT=TRIAL
 000FFEAC *F1404040 40404040 40404040 40404040* *1               *
 000FFEBC *40404040 40404040 40404040 40404040* *                *
 000FFECC *40404040 40404040 40404040 40      * *                *
SNAP DUMP ID=0 TEXT=TRIAL
 000FFEAC *F04BF8F2 F2F1F9F0 F3F3F1F6 F2F4F0F0* *0.82219033162400*
 000FFEBC *F7F9F3F2 F8F2F4F7 F5F8F4F5 F2F4F5F6* *7932824758452456*
 000FFECC *F2F54040 40404040 40404040 40      * *25              *
SNAP DUMP ID=0 TEXT=TRIAL
 000FFEAC *F1404040 40404040 40404040 40404040* *1               *
 000FFEBC *40404040 40404040 40404040 40404040* *                *
 000FFECC *40404040 40404040 40404040 40      * *                *
SNAP DUMP ID=0 TEXT=TRIAL
 000FFEAC *F04BF8F2 F2F7F3F1 F1F6F4F5 F0F6F6F4* *0.82273116450664*
 000FFEBC *F7F1F9F7 F2F9F2F0 F3F8F0F6 F3F0F5F6* *7197292038063056*
 000FFECC *F5F74040 40404040 40404040 40      * *57              *
SNAP DUMP ID=0 TEXT=TRIAL
 000FFEAC *F1404040 40404040 40404040 40404040* *1               *
 000FFEBC *40404040 40404040 40404040 40404040* *                *
 000FFECC *40404040 40404040 40404040 40      * *                *
SNAP DUMP ID=0 TEXT=TRIAL
 000FFEAC *F04BF8F2 F2F2F1F4 F6F3F5F5 F8F1F0F2* *0.82221463558102*
 000FFEBC *F7F3F6F2 F5F8F1F2 F9F4F2F6 F1F4F0F3* *7362581294261403*
 000FFECC *F6F84040 40404040 40404040 40      * *68              *
SNAP DUMP ID=0 TEXT=TRIAL
 000FFEAC *F1404040 40404040 40404040 40404040* *1               *
 000FFEBC *40404040 40404040 40404040 40404040* *                *
 000FFECC *40404040 40404040 40404040 40      * *                *
SNAP DUMP ID=0 TEXT=TRIAL
 000FFEAC *F04BF8F2 F2F7F0F8 F4F6F2F7 F4F1F5F2* *0.82270846274152*
 000FFEBC *F1F1F8F9 F7F4F1F7 F8F8F0F8 F8F5F6F4* *1189741788088564*
 000FFECC *F1F74040 40404040 40404040 40      * *17              *
SNAP DUMP ID=0 TEXT=TRIAL
 000FFEAC *F1404040 40404040 40404040 40404040* *1               *
 000FFEBC *40404040 40404040 40404040 40404040* *                *
 000FFECC *40404040 40404040 40404040 40      * *                *
SNAP DUMP ID=0 TEXT=TRIAL
 000FFEAC *F04BF8F2 F2F2F3F5 F8F7F2F9 F4F9F4F6* *0.82223587294946*
 000FFEBC *F0F6F9F8 F2F4F8F4 F0F4F3F4 F5F6F5F3* *0698248404345653*
 000FFECC *F0F24040 40404040 40404040 40      * *02              *
SNAP DUMP ID=0 TEXT=TRIAL
 000FFEAC *F1404040 40404040 40404040 40404040* *1               *
 000FFEBC *40404040 40404040 40404040 40404040* *                *
 000FFECC *40404040 40404040 40404040 40      * *                *
SNAP DUMP ID=0 TEXT=TRIAL
 000FFEAC *F04BF8F2 F2F6F8F8 F5F6F6F4 F7F5F9F4* *0.82268856647594*
 000FFEBC *F3F2F6F9 F5F4F7F6 F3F4F7F6 F6F6F5F8* *3269547634766658*
 000FFECC *40404040 40404040 40404040 40      * *                *
SNAP DUMP ID=0 TEXT=TRIAL
 000FFEAC *F1404040 40404040 40404040 40404040* *1               *
 000FFEBC *40404040 40404040 40404040 40404040* *                *
 000FFECC *40404040 40404040 40404040 40      * *                *
SNAP DUMP ID=0 TEXT=TRIAL
 000FFEAC *F04BF8F2 F2F2F5F4 F5F3F8F6 F9F8F1F6* *0.82225453869816*
 000FFEBC *F5F4F9F1 F7F6F9F8 F5F6F9F8 F8F8F8F0* *5491769856988880*
 000FFECC *F2F24040 40404040 40404040 40      * *22              *
SNAP DUMP ID=0 TEXT=TRIAL
 000FFEAC *F1404040 40404040 40404040 40404040* *1               *
 000FFEBC *40404040 40404040 40404040 40404040* *                *
 000FFECC *40404040 40404040 40404040 40      * *                *
SNAP DUMP ID=0 TEXT=TRIAL
 000FFEAC *F04BF8F2 F2F6F7F1 F0F3F1F8 F2F6F0F2* *0.82267103182602*
 000FFEBC *F8F8F8F2 F0F2F3F9 F1F7F7F9 F6F8F7F6* *8882023917796876*
 000FFECC *F8F94040 40404040 40404040 40      * *89              *
SNAP DUMP ID=0 TEXT=TRIAL
 000FFEAC *F1404040 40404040 40404040 40404040* *1               *
 000FFEBC *40404040 40404040 40404040 40404040* *                *
 000FFECC *40404040 40404040 40404040 40      * *                *
SNAP DUMP ID=0 TEXT=TRIAL
 000FFEAC *F04BF8F2 F2F2F7F1 F0F3F1F8 F2F6F0F2* *0.82227103182602*
 000FFEBC *F8F8F8F2 F0F2F3F9 F1F7F7F9 F6F8F7F6* *8882023917796876*
 000FFECC *F8F94040 40404040 40404040 40      * *89              *
SNAP DUMP ID=0 TEXT=TRIAL
 000FFEAC *F1404040 40404040 40404040 40404040* *1               *
 000FFEBC *40404040 40404040 40404040 40404040* *                *
 000FFECC *40404040 40404040 40404040 40      * *                *
SNAP DUMP ID=0 TEXT=TRIAL
 000FFEAC *F04BF8F2 F2F6F5F5 F4F9F9F3 F3F8F5F2* *0.82265549933852*
 000FFEBC *F4F0F7F6 F1F8F0F0 F1F1F6F0 F6F9F4F9* *4076180011606949*
 000FFECC *F9F44040 40404040 40404040 40      * *94              *
SNAP DUMP ID=0 TEXT=TRIAL
 000FFEAC *F1404040 40404040 40404040 40404040* *1               *
 000FFEBC *40404040 40404040 40404040 40404040* *                *
 000FFECC *40404040 40404040 40404040 40      * *                *
SNAP DUMP ID=0 TEXT=TRIAL
 000FFEAC *F04BF8F2 F2F2F8F5 F6F7F6F8 F5F3F3F1* *0.82228567685331*
 000FFEBC *F6F9F7F5 F5F8F8F2 F9F5F6F3 F0F6F1F8* *6975588295630618*
 000FFECC *F5F84040 40404040 40404040 40      * *58              *
SNAP DUMP ID=0 TEXT=TRIAL
 000FFEAC *F1404040 40404040 40404040 40404040* *1               *
 000FFEBC *40404040 40404040 40404040 40404040* *                *
 000FFECC *40404040 40404040 40404040 40      * *                *
SNAP DUMP ID=0 TEXT=TRIAL
 000FFEAC *F04BF8F2 F2F6F4F1 F6F7F5F4 F2F9F3F2* *0.82264167542932*
 000FFEBC *F2F6F7F1 F5F6F5F5 F1F1F7F2 F1F7F5F4* *2671565511721754*
 000FFECC *F2F14040 40404040 40404040 40      * *21              *
SNAP DUMP ID=0 TEXT=TRIAL
 000FFEAC *F1404040 40404040 40404040 40404040* *1               *
 000FFEBC *40404040 40404040 40404040 40404040* *                *
 000FFECC *40404040 40404040 40404040 40      * *                *
SNAP DUMP ID=0 TEXT=TRIAL
 000FFEAC *F04BF8F2 F2F2F9F8 F7F3F9F9 F0F1F2F0* *0.82229873990120*
 000FFEBC *F1F9F5F8 F2F5F9F6 F1F3F2F3 F0F6F7F0* *1958259613230670*
 000FFECC *F5F44040 40404040 40404040 40      * *54              *
SNAP DUMP ID=0 TEXT=TRIAL
 000FFEAC *F1404040 40404040 40404040 40404040* *1               *
 000FFEBC *40404040 40404040 40404040 40404040* *                *
 000FFECC *40404040 40404040 40404040 40      * *                *
SNAP DUMP ID=0 TEXT=TRIAL
 000FFEAC *F04BF8F2 F2F6F2F9 F3F1F8F4 F1F3F5F9* *0.82262931841359*
 000FFEBC *F8F6F5F2 F4F7F4F4 F8F9F2F6 F3F7F2F8* *8652474489263728*
 000FFECC *F3F94040 40404040 40404040 40      * *39              *
SNAP DUMP ID=0 TEXT=TRIAL
 000FFEAC *F1404040 40404040 40404040 40404040* *1               *
 000FFEBC *40404040 40404040 40404040 40404040* *                *
 000FFECC *40404040 40404040 40404040 40      * *                *
SNAP DUMP ID=0 TEXT=TRIAL
 000FFEAC *F04BF8F2 F2F3F1F0 F4F4F0F8 F6F2F5F7* *0.82231044086257*
 000FFEBC *F8F2F4F4 F3F1F1F2 F2F3F9F5 F7F6F0F5* *8244311223957605*
 000FFECC *F9F44040 40404040 40404040 40      * *94              *
SNAP DUMP ID=0 TEXT=TRIAL
 000FFEAC *F1404040 40404040 40404040 40404040* *1               *
 000FFEBC *40404040 40404040 40404040 40404040* *                *
 000FFECC *40404040 40404040 40404040 40      * *                *
SNAP DUMP ID=0 TEXT=TRIAL
 000FFEAC *F04BF8F2 F2F6F1F8 F2F2F7F8 F7F3F9F6* *0.82261822787396*
 000FFEBC *F6F3F6F3 F7F3F2F5 F8F4F3F7 F6F1F9F6* *6363732584376196*
 000FFECC *F2F74040 40404040 40404040 40      * *27              *
SNAP DUMP ID=0 TEXT=TRIAL
 000FFEAC *F1404040 40404040 40404040 40404040* *1               *
 000FFEBC *40404040 40404040 40404040 40404040* *                *
 000FFECC *40404040 40404040 40404040 40      * *                *
SNAP DUMP ID=0 TEXT=TRIAL
 000FFEAC *F04BF8F2 F2F3F2F0 F9F6F2F7 F1F3F4F4* *0.82232096271344*
 000FFEBC *F3F1F7F7 F0F5F0F0 F6F3F5F6 F7F6F3F5* *3177050063567635*
 000FFECC *F0F44040 40404040 40404040 40      * *04              *
SNAP DUMP ID=0 TEXT=TRIAL
 000FFEAC *F1404040 40404040 40404040 40404040* *1               *
 000FFEBC *40404040 40404040 40404040 40404040* *                *
 000FFECC *40404040 40404040 40404040 40      * *                *
SNAP DUMP ID=0 TEXT=TRIAL
 000FFEAC *F04BF8F2 F2F6F0F8 F2F3F6F4 F8F5F3F4* *0.82260823648534*
 000FFEBC *F7F8F0F2 F1F5F7F7 F9F1F2F3 F2F0F9F9* *7802157791232099*
 000FFECC *F2F74040 40404040 40404040 40      * *27              *
SNAP DUMP ID=0 TEXT=TRIAL
 000FFEAC *F1404040 40404040 40404040 40404040* *1               *
 000FFEBC *40404040 40404040 40404040 40404040* *                *
 000FFECC *40404040 40404040 40404040 40      * *                *
SNAP DUMP ID=0 TEXT=TRIAL
 000FFEAC *F04BF8F2 F2F3F3F0 F4F5F8F7 F0F7F5F7* *0.82233045870757*
 000FFEBC *F0F0F2F4 F3F8F0F0 F1F3F4F5 F4F3F2F1* *0024380013454321*
 000FFECC *F4F94040 40404040 40404040 40      * *49              *
SNAP DUMP ID=0 TEXT=TRIAL
 000FFEAC *F1404040 40404040 40404040 40404040* *1               *
 000FFEBC *40404040 40404040 40404040 40404040* *                *
 000FFECC *40404040 40404040 40404040 40      * *                *
SNAP DUMP ID=0 TEXT=TRIAL
 000FFEAC *F04BF8F2 F2F5F9F9 F2F0F3F6 F6F8F6F0* *0.82259920366860*
 000FFEBC *F2F0F0F5 F0F3F0F3 F7F6F2F6 F0F0F1F8* *2005030376260018*
 000FFECC *F8F94040 40404040 40404040 40      * *89              *
SNAP DUMP ID=0 TEXT=TRIAL
 000FFEAC *F1404040 40404040 40404040 40404040* *1               *
 000FFEBC *40404040 40404040 40404040 40404040* *                *
 000FFECC *40404040 40404040 40404040 40      * *                *
SNAP DUMP ID=0 TEXT=TRIAL
 000FFEAC *F04BF8F2 F2F3F3F9 F0F5F7F9 F8F7F0F2* *0.82233905798702*
 000FFEBC *F0F3F1F9 F2F8F6F3 F5F9F6F1 F0F6F9F5* *0319286359610695*
 000FFECC *F2F74040 40404040 40404040 40      * *27              *
SNAP DUMP ID=0 TEXT=TRIAL
 000FFEAC *F1404040 40404040 40404040 40404040* *1               *
 000FFEBC *40404040 40404040 40404040 40404040* *                *
 000FFECC *40404040 40404040 40404040 40      * *                *
SNAP DUMP ID=0 TEXT=TRIAL
 000FFEAC *F04BF8F2 F2F5F9F1 F0F1F0F6 F1F9F9F2* *0.82259101061992*
 000FFEBC *F5F3F3F3 F1F4F3F7 F5F4F4F2 F0F4F7F1* *5333143754420471*
 000FFECC *F0F34040 40404040 40404040 40      * *03              *
SNAP DUMP ID=0 TEXT=TRIAL
 000FFEAC *F1404040 40404040 40404040 40404040* *1               *
 000FFEBC *40404040 40404040 40404040 40404040* *                *
 000FFECC *40404040 40404040 40404040 40      * *                *
SNAP DUMP ID=0 TEXT=TRIAL
 000FFEAC *F04BF8F2 F2F3F4F6 F8F6F9F9 F9F4F9F2* *0.82234686999492*
 000FFEBC *F5F3F3F3 F1F4F3F7 F5F4F4F2 F0F4F7F1* *5333143754420471*
 000FFECC *F0F34040 40404040 40404040 40      * *03              *
SNAP DUMP ID=0 TEXT=TRIAL
 000FFEAC *F1404040 40404040 40404040 40404040* *1               *
 000FFEBC *40404040 40404040 40404040 40404040* *                *
 000FFECC *40404040 40404040 40404040 40      * *                *
SNAP DUMP ID=0 TEXT=TRIAL
 000FFEAC *F04BF8F2 F2F5F8F3 F5F5F6F3 F8F5F4F5* *0.82258355638545*
 000FFEBC *F7F8F7F7 F5F2F2F4 F5F2F6F4 F5F3F2F3* *7877522452645323*
 000FFECC *F1404040 40404040 40404040 40      * *1               *
SNAP DUMP ID=0 TEXT=TRIAL
 000FFEAC *F1404040 40404040 40404040 40404040* *1               *
 000FFEBC *40404040 40404040 40404040 40404040* *                *
 000FFECC *40404040 40404040 40404040 40      * *                *
SNAP DUMP ID=0 TEXT=TRIAL
 000FFEAC *F04BF8F2 F2F3F5F3 F9F8F7F9 F7F4F0F7* *0.82235398797407*
 000FFEBC *F1F2F8F4 F3F1F7F6 F7F7F6F2 F2F3F6F6* *1284317677622366*
 000FFECC *F2F64040 40404040 40404040 40      * *26              *
SNAP DUMP ID=0 TEXT=TRIAL
 000FFEAC *F1404040 40404040 40404040 40404040* *1               *
 000FFEBC *40404040 40404040 40404040 40404040* *                *
 000FFECC *40404040 40404040 40404040 40      * *                *
SNAP DUMP ID=0 TEXT=TRIAL
 000FFEAC *F04BF8F2 F2F5F7F6 F7F5F4F7 F3F7F2F7* *0.82257675473727*
 000FFEBC *F0F2F1F5 F0F3F7F2 F1F4F2F6 F7F4F9F8* *0215037214267498*
 000FFECC *F8404040 40404040 40404040 40      * *8               *
SNAP DUMP ID=0 TEXT=TRIAL
 000FFEAC *F1404040 40404040 40404040 40404040* *1               *
 000FFEBC *40404040 40404040 40404040 40404040* *                *
 000FFECC *40404040 40404040 40404040 40      * *                *
SNAP DUMP ID=0 TEXT=TRIAL
 000FFEAC *F04BF8F2 F2F3F6F0 F4F9F1F7 F6F1F4F9* *0.82236049176149*
 000FFEBC *F1F6F6F8 F3F2F4F4 F1F1F4F9 F9F3F3F2* *1668324411499332*
 000FFECC *F7F14040 40404040 40404040 40      * *71              *
SNAP DUMP ID=0 TEXT=TRIAL
 000FFEAC *F1404040 40404040 40404040 40404040* *1               *
 000FFEBC *40404040 40404040 40404040 40404040* *                *
 000FFECC *40404040 40404040 40404040 40      * *                *
SNAP DUMP ID=0 TEXT=TRIAL
 000FFEAC *F04BF8F2 F2F5F7F0 F5F3F1F6 F6F9F0F7* *0.82257053166907*
 000FFEBC *F4F1F0F8 F9F8F8F1 F3F7F6F0 F7F2F9F3* *4108988137607293*
 000FFECC *F2F34040 40404040 40404040 40      * *23              *
SNAP DUMP ID=0 TEXT=TRIAL
 000FFEAC *F1404040 40404040 40404040 40404040* *1               *
 000FFEBC *40404040 40404040 40404040 40404040* *                *
 000FFECC *40404040 40404040 40404040 40      * *                *
SNAP DUMP ID=0 TEXT=TRIAL
 000FFEAC *F04BF8F2 F2F3F6F6 F4F5F0F0 F3F6F4F2* *0.82236645003642*
 000FFEBC *F1F0F4F7 F7F6F3F6 F4F7F8F1 F1F3F7F4* *1047763647811374*
 000FFECC *F8F64040 40404040 40404040 40      * *86              *
SNAP DUMP ID=0 TEXT=TRIAL
 000FFEAC *F1404040 40404040 40404040 40404040* *1               *
 000FFEBC *40404040 40404040 40404040 40404040* *                *
 000FFECC *40404040 40404040 40404040 40      * *                *
SNAP DUMP ID=0 TEXT=TRIAL
 000FFEAC *F04BF8F2 F2F5F6F4 F8F2F3F3 F7F5F0F4* *0.82256482337504*
 000FFEBC *F4F3F3F6 F7F9F3F6 F0F2F1F8 F5F5F0F6* *4336793602185506*
 000FFECC *F9F84040 40404040 40404040 40      * *98              *
SNAP DUMP ID=0 TEXT=TRIAL
 000FFEAC *F1404040 40404040 40404040 40404040* *1               *
 000FFEBC *40404040 40404040 40404040 40404040* *                *
 000FFECC *40404040 40404040 40404040 40      * *                *
SNAP DUMP ID=0 TEXT=TRIAL
 000FFEAC *F04BF8F2 F2F3F7F1 F9F2F2F1 F4F0F4F7* *0.82237192214047*
 000FFEBC *F6F4F3F5 F5F5F9F0 F3F4F2F8 F4F2F7F2* *6435559034284272*
 000FFECC *F4F14040 40404040 40404040 40      * *41              *
SNAP DUMP ID=0 TEXT=TRIAL
 000FFEAC *F1404040 40404040 40404040 40404040* *1               *
 000FFEBC *40404040 40404040 40404040 40404040* *                *
 000FFECC *40404040 40404040 40404040 40      * *                *
SNAP DUMP ID=0 TEXT=TRIAL
 000FFEAC *F04BF8F2 F2F5F5F9 F5F7F4F6 F0F8F1F0* *0.82255957460810*
 000FFEBC *F6F3F8F4 F8F9F2F8 F6F8F0F2 F4F1F8F6* *6384892868024186*
 000FFECC *F0F94040 40404040 40404040 40      * *09              *
SNAP DUMP ID=0 TEXT=TRIAL
 000FFEAC *F1404040 40404040 40404040 40404040* *1               *
 000FFEBC *40404040 40404040 40404040 40404040* *                *
 000FFECC *40404040 40404040 40404040 40      * *                *
SNAP DUMP ID=0 TEXT=TRIAL
 000FFEAC *F04BF8F2 F2F3F7F6 F9F5F9F5 F6F0F6F2* *0.82237695956062*
 000FFEBC *F6F4F7F2 F5F4F8F0 F9F0F8F1 F4F5F4F4* *6472548090814544*
 000FFECC *F0F14040 40404040 40404040 40      * *01              *
SNAP DUMP ID=0 TEXT=TRIAL
 000FFEAC *F1404040 40404040 40404040 40404040* *1               *
 000FFEBC *40404040 40404040 40404040 40404040* *                *
 000FFECC *40404040 40404040 40404040 40      * *                *
SNAP DUMP ID=0 TEXT=TRIAL
 000FFEAC *F04BF8F2 F2F5F5F4 F7F3F7F3 F3F8F4F0* *0.82255473733840*
 000FFEBC *F4F2F5F0 F3F2F5F8 F6F8F5F9 F2F3F2F1* *4250325868592321*
 000FFECC *F7F94040 40404040 40404040 40      * *79              *
SNAP DUMP ID=0 TEXT=TRIAL
 000FFEAC *F1404040 40404040 40404040 40404040* *1               *
 000FFEBC *40404040 40404040 40404040 40404040* *                *
 000FFECC *40404040 40404040 40404040 40      * *                *
SNAP DUMP ID=0 TEXT=TRIAL
 000FFEAC *F04BF8F2 F2F3F8F1 F6F0F7F1 F4F4F4F9* *0.82238160714449*
 000FFEBC *F8F4F3F3 F1F5F1F3 F5F3F3F5 F6F8F6F4* *8433151353356864*
 000FFECC *F7F34040 40404040 40404040 40      * *73              *
SNAP DUMP ID=0 TEXT=TRIAL
 000FFEAC *F1404040 40404040 40404040 40404040* *1               *
 000FFEBC *40404040 40404040 40404040 40404040* *                *
 000FFECC *40404040 40404040 40404040 40      * *                *
SNAP DUMP ID=0 TEXT=TRIAL
 000FFEAC *F04BF8F2 F2F5F5F0 F2F6F9F6 F5F0F8F2* *0.82255026965082*
 000FFEBC *F3F2F7F7 F1F3F8F5 F3F5F0F0 F6F3F8F4* *3277138535006384*
 000FFECC *F0F44040 40404040 40404040 40      * *04              *
SNAP DUMP ID=0 TEXT=TRIAL
 000FFEAC *F1404040 40404040 40404040 40404040* *1               *
 000FFEBC *40404040 40404040 40404040 40404040* *                *
 000FFECC *40404040 40404040 40404040 40      * *                *
SNAP DUMP ID=0 TEXT=TRIAL
 000FFEAC *F04BF8F2 F2F3F8F5 F9F0F4F1 F0F1F8F4* *0.82238590410184*
 000FFEBC *F2F3F4F3 F5F4F2F2 F1F6F7F9 F4F6F8F1* *2343542216794681*
 000FFECC *F2F14040 40404040 40404040 40      * *21              *
SNAP DUMP ID=0 TEXT=TRIAL
 000FFEAC *F1404040 40404040 40404040 40404040* *1               *
 000FFEBC *40404040 40404040 40404040 40404040* *                *
 000FFECC *40404040 40404040 40404040 40      * *                *
SNAP DUMP ID=0 TEXT=TRIAL
 000FFEAC *F04BF8F2 F2F5F4F6 F1F3F4F8 F3F4F0F9* *0.82254613483409*
 000FFEBC *F6F7F8F9 F9F4F5F0 F3F6F8F5 F5F5F6F8* *6789945036855568*
 000FFECC *F8F94040 40404040 40404040 40      * *89              *
SNAP DUMP ID=0 TEXT=TRIAL
 000FFEAC *F1404040 40404040 40404040 40404040* *1               *
 000FFEBC *40404040 40404040 40404040 40404040* *                *
 000FFECC *40404040 40404040 40404040 40      * *                *
SNAP DUMP ID=0 TEXT=TRIAL
 000FFEAC *F04BF8F2 F2F3F8F9 F8F8F4F8 F3F4F0F9* *0.82238988483409*
 000FFEBC *F6F7F8F9 F9F4F5F0 F3F6F8F5 F5F5F6F8* *6789945036855568*
 000FFECC *F8F94040 40404040 40404040 40      * *89              *
SNAP DUMP ID=0 TEXT=TRIAL
 000FFEAC *F1404040 40404040 40404040 40404040* *1               *
 000FFEBC *40404040 40404040 40404040 40404040* *                *
 000FFECC *40404040 40404040 40404040 40      * *                *
SNAP DUMP ID=0 TEXT=TRIAL
 000FFEAC *F04BF8F2 F2F5F4F2 F3F0F0F6 F2F4F3F7* *0.82254230062437*
 000FFEBC *F2F6F6F2 F5F2F5F4 F3F6F1F8 F4F9F3F9* *2662525436184939*
 000FFECC *F4F14040 40404040 40404040 40      * *41              *
SNAP DUMP ID=0 TEXT=TRIAL
 000FFEAC *F1404040 40404040 40404040 40404040* *1               *
 000FFEBC *40404040 40404040 40404040 40404040* *                *
 000FFECC *40404040 40404040 40404040 40      * *                *
SNAP DUMP ID=0 TEXT=TRIAL
 000FFEAC *F04BF8F2 F2F3F9F3 F5F7F9F6 F2F4F9F6* *0.82239357962496*
 000FFEBC *F7F5F4F6 F5F2F3F0 F5F6F6F4 F8F9F4F8* *7546523056648948*
 000FFECC *F9F34040 40404040 40404040 40      * *93              *
SNAP DUMP ID=0 TEXT=TRIAL
 000FFEAC *F1404040 40404040 40404040 40404040* *1               *
 000FFEBC *40404040 40404040 40404040 40404040* *                *
 000FFECC *40404040 40404040 40404040 40      * *                *
SNAP DUMP ID=0 TEXT=TRIAL
 000FFEAC *F04BF8F2 F2F5F3F8 F7F3F8F5 F7F4F0F1* *0.82253873857401*
 000FFEBC *F6F7F5F5 F4F0F6F7 F8F4F3F3 F0F7F6F0* *6755406784330760*
 000FFECC *F5F24040 40404040 40404040 40      * *52              *
SNAP DUMP ID=0 TEXT=TRIAL
 000FFEAC *F1404040 40404040 40404040 40404040* *1               *
 000FFEBC *40404040 40404040 40404040 40404040* *                *
 000FFECC *40404040 40404040 40404040 40      * *                *
SNAP DUMP ID=0 TEXT=TRIAL
 000FFEAC *F04BF8F2 F2F3F9F7 F0F1F5F2 F1F8F0F0* *0.82239701521800*
 000FFEBC *F7F6F8F5 F1F1F1F9 F9F9F7F5 F0F2F6F1* *7685111999750261*
 000FFECC *F6F54040 40404040 40404040 40      * *65              *
SNAP DUMP ID=0 TEXT=TRIAL
 000FFEAC *F1404040 40404040 40404040 40404040* *1               *
 000FFEBC *40404040 40404040 40404040 40404040* *                *
 000FFECC *40404040 40404040 40404040 40      * *                *
SNAP DUMP ID=0 TEXT=TRIAL
 000FFEAC *F04BF8F2 F2F5F3F5 F4F2F3F5 F2F2F5F0* *0.82253542352250*
 000FFEBC *F5F9F5F5 F0F0F8F1 F9F3F5F2 F1F8F8F7* *5955008193521887*
 000FFECC *F9F54040 40404040 40404040 40      * *95              *
SNAP DUMP ID=0 TEXT=TRIAL
 000FFEAC *F1404040 40404040 40404040 40404040* *1               *
 000FFEBC *40404040 40404040 40404040 40404040* *                *
 000FFECC *40404040 40404040 40404040 40      * *                *
SNAP DUMP ID=0 TEXT=TRIAL
 000FFEAC *F04BF8F2 F2F4F0F0 F2F1F5F3 F0F1F8F4* *0.82240021530184*
 000FFEBC *F6F1F3F8 F8F9F1F3 F7F3F6F1 F9F2F3F7* *6138891373619237*
 000FFECC *F8F74040 40404040 40404040 40      * *87              *
SNAP DUMP ID=0 TEXT=TRIAL
 000FFEAC *F1404040 40404040 40404040 40404040* *1               *
 000FFEBC *40404040 40404040 40404040 40404040* *                *
 000FFECC *40404040 40404040 40404040 40      * *                *
SNAP DUMP ID=0 TEXT=TRIAL
 000FFEAC *F04BF8F2 F2F5F3F2 F3F3F3F1 F5F0F9F6* *0.82253233315096*
 000FFEBC *F7F5F5F5 F1F9F4F7 F1F6F2F0 F0F8F2F0* *7555194716200820*
 000FFECC *F6F44040 40404040 40404040 40      * *64              *
SNAP DUMP ID=0 TEXT=TRIAL
 000FFEAC *F1404040 40404040 40404040 40404040* *1               *
 000FFEBC *40404040 40404040 40404040 40404040* *                *
 000FFECC *40404040 40404040 40404040 40      * *                *
SNAP DUMP ID=0 TEXT=TRIAL
 000FFEAC *F04BF8F2 F2F4F0F3 F2F0F0F9 F1F9F5F6* *0.82240320091956*
 000FFEBC *F2F5F9F6 F5F1F7F0 F3F0F2F5 F0F4F0F7* *2596517030250407*
 000FFECC *F4F14040 40404040 40404040 40      * *41              *
SNAP DUMP ID=0 TEXT=TRIAL
 000FFEAC *F1404040 40404040 40404040 40404040* *1               *
 000FFEBC *40404040 40404040 40404040 40404040* *                *
 000FFECC *40404040 40404040 40404040 40      * *                *
SNAP DUMP ID=0 TEXT=TRIAL
 000FFEAC *F04BF8F2 F2F5F2F9 F4F4F7F6 F0F5F5F8* *0.82252944760558*
 000FFEBC *F7F0F8F8 F3F7F4F1 F1F9F0F0 F1F8F2F7* *7088374119001827*
 000FFECC *F6F94040 40404040 40404040 40      * *69              *
SNAP DUMP ID=0 TEXT=TRIAL
 000FFEAC *F1404040 40404040 40404040 40404040* *1               *
 000FFEBC *40404040 40404040 40404040 40404040* *                *
 000FFECC *40404040 40404040 40404040 40      * *                *
SNAP DUMP ID=0 TEXT=TRIAL
 000FFEAC *F04BF8F2 F2F4F0F5 F9F9F0F8 F1F5F4F6* *0.82240599081546*
 000FFEBC *F3F6F3F1 F5F8F3F9 F9F5F5F4 F5F0F3F7* *3631583995545037*
 000FFECC *F5F74040 40404040 40404040 40      * *57              *
SNAP DUMP ID=0 TEXT=TRIAL
 000FFEAC *F1404040 40404040 40404040 40404040* *1               *
 000FFEBC *40404040 40404040 40404040 40404040* *                *
 000FFECC *40404040 40404040 40404040 40      * *                *
SNAP DUMP ID=0 TEXT=TRIAL
 000FFEAC *F04BF8F2 F2F5F2F6 F7F4F9F1 F7F7F9F8* *0.82252674917798*
 000FFEBC *F0F2F3F5 F8F5F8F8 F4F1F5F7 F8F1F2F5* *0235858841578125*
 000FFECC *F3F64040 40404040 40404040 40      * *36              *
SNAP DUMP ID=0 TEXT=TRIAL
 000FFEAC *F1404040 40404040 40404040 40404040* *1               *
 000FFEBC *40404040 40404040 40404040 40404040* *                *
 000FFECC *40404040 40404040 40404040 40      * *                *
SNAP DUMP ID=0 TEXT=TRIAL
 000FFEAC *F04BF8F2 F2F4F0F8 F6F0F1F7 F2F9F9F6* *0.82240860172996*
 000FFEBC *F5F1F1F2 F9F8F5F4 F9F5F6F4 F2F3F9F7* *5112985495642397*
 000FFECC *F5F74040 40404040 40404040 40      * *57              *
SNAP DUMP ID=0 TEXT=TRIAL
 000FFEAC *F1404040 40404040 40404040 40404040* *1               *
 000FFEBC *40404040 40404040 40404040 40404040* *                *
 000FFECC *40404040 40404040 40404040 40      * *                *
SNAP DUMP ID=0 TEXT=TRIAL
 000FFEAC *F04BF8F2 F2F5F2F4 F2F2F2F0 F3F2F8F9* *0.82252422203289*
 000FFEBC *F0F3F0F6 F6F4F9F5 F0F3F0F4 F2F0F9F6* *0306649503042096*
 000FFECC *F9F64040 40404040 40404040 40      * *96              *
SNAP DUMP ID=0 TEXT=TRIAL
 000FFEAC *F1404040 40404040 40404040 40404040* *1               *
 000FFEBC *40404040 40404040 40404040 40404040* *                *
 000FFECC *40404040 40404040 40404040 40      * *                *
SNAP DUMP ID=0 TEXT=TRIAL
 000FFEAC *F04BF8F2 F2F4F1F1 F0F4F8F6 F5F1F2F6* *0.82241104865126*
 000FFEBC *F9F6F6F3 F8F2F4F6 F9F5F4F3 F6F8F4F5* *9663824695436845*
 000FFECC *F7F14040 40404040 40404040 40      * *71              *
SNAP DUMP ID=0 TEXT=TRIAL
 000FFEAC *F1404040 40404040 40404040 40404040* *1               *
 000FFEBC *40404040 40404040 40404040 40404040* *                *
 000FFECC *40404040 40404040 40404040 40      * *                *
SNAP DUMP ID=0 TEXT=TRIAL
 000FFEAC *F04BF8F2 F2F5F2F1 F8F5F1F9 F7F5F3F6* *0.82252185197536*
 000FFEBC *F9F3F8F6 F8F1F6F3 F8F5F1F8 F7F5F3F8* *9386816385187538*
 000FFECC *F2F34040 40404040 40404040 40      * *23              *
SNAP DUMP ID=0 TEXT=TRIAL
 000FFEAC *F1404040 40404040 40404040 40404040* *1               *
 000FFEBC *40404040 40404040 40404040 40404040* *                *
 000FFECC *40404040 40404040 40404040 40      * *                *
SNAP DUMP ID=0 TEXT=TRIAL
 000FFEAC *F04BF8F2 F2F4F1F3 F3F4F5F0 F3F0F9F2* *0.82241334503092*
 000FFEBC *F4F9F4F2 F3F7F1F9 F4F0F7F4 F3F0F9F3* *4942371940743093*
 000FFECC *F7F94040 40404040 40404040 40      * *79              *
SNAP DUMP ID=0 TEXT=TRIAL
 000FFEAC *F1404040 40404040 40404040 40404040* *1               *
 000FFEBC *40404040 40404040 40404040 40404040* *                *
 000FFECC *40404040 40404040 40404040 40      * *                *
SNAP DUMP ID=0 TEXT=TRIAL
 000FFEAC *F04BF8F2 F2F5F1F9 F6F2F6F2 F5F1F0F3* *0.82251962625103*
 000FFEBC *F3F3F4F9 F2F1F6F4 F5F1F3F1 F8F0F7F5* *3349216451318075*
 000FFECC *F1F94040 40404040 40404040 40      * *19              *
SNAP DUMP ID=0 TEXT=TRIAL
 000FFEAC *F1404040 40404040 40404040 40404040* *1               *
 000FFEBC *40404040 40404040 40404040 40404040* *                *
 000FFECC *40404040 40404040 40404040 40      * *                *
SNAP DUMP ID=0 TEXT=TRIAL
 000FFEAC *F04BF8F2 F2F4F1F5 F5F0F2F9 F6F9F0F6* *0.82241550296906*
 000FFEBC *F7F5F0F1 F6F5F2F9 F3F6F1F1 F6F0F7F6* *7501652936116076*
 000FFECC *F0F24040 40404040 40404040 40      * *02              *
SNAP DUMP ID=0 TEXT=TRIAL
 000FFEAC *F1404040 40404040 40404040 40404040* *1               *
 000FFEBC *40404040 40404040 40404040 40404040* *                *
 000FFECC *40404040 40404040 40404040 40      * *                *
SNAP DUMP ID=0 TEXT=TRIAL
 000FFEAC *F04BF8F2 F2F5F1F7 F5F3F3F3 F7F4F1F2* *0.82251753337412*
 000FFEBC *F8F2F0F9 F7F4F3F9 F4F7F2F3 F7F3F9F0* *8209743947237390*
 000FFECC *F1F74040 40404040 40404040 40      * *17              *
SNAP DUMP ID=0 TEXT=TRIAL
 000FFEAC *F1404040 40404040 40404040 40404040* *1               *
 000FFEBC *40404040 40404040 40404040 40404040* *                *
 000FFECC *40404040 40404040 40404040 40      * *                *
SNAP DUMP ID=0 TEXT=TRIAL
 000FFEAC *F04BF8F2 F2F4F1F7 F5F3F3F3 F7F4F1F2* *0.82241753337412*
 000FFEBC *F8F2F0F9 F7F4F3F9 F4F7F2F3 F7F3F9F0* *8209743947237390*
 000FFECC *F1F74040 40404040 40404040 40      * *17              *
SNAP DUMP ID=0 TEXT=TRIAL
 000FFEAC *F1404040 40404040 40404040 40404040* *1               *
 000FFEBC *40404040 40404040 40404040 40404040* *                *
 000FFECC *40404040 40404040 40404040 40      * *                *
SNAP DUMP ID=0 TEXT=TRIAL
 000FFEAC *F04BF8F2 F2F5F1F5 F5F6F2F9 F7F9F0F6* *0.82251556297906*
 000FFEBC *F8F9F0F1 F8F3F2F9 F5F8F1F1 F8F6F7F6* *8901832958118676*
 000FFECC *F3F24040 40404040 40404040 40      * *32              *
SNAP DUMP ID=2 TEXT=Output Area
 000FFEAC *F34BF1F4 F1F6F8F5 F3F3F6F8 F4F5F3F0* *3.14168533684530*
 000FFEBC *F9F6F5F9 F8F2F1F5 F3F8F0F6 F0F4F7F6* *9659821538060476*
 000FFECC *F2F64040 40404040 40404040 40      * *26              *
EZ390I total errors         = 0
P8DSH2    EZ390 ENDED   RC= 0 MEM(MB)= MB IO=975 INS=3293
