P8LM1     MZ390 START
P8LM1     MZ390 Copyright 2011 Automated Software Tools Corporation
P8LM1     MZ390 z390 is licensed under GNU General Public License
P8LM1     MZ390 program = mfacc\P8LM1.MLC
P8LM1     MZ390 options = sysmac(C:\PROGRA~2\AUTOMA~1\z390\mac+.) 
  syscpy(C:\PROGRA~2\AUTOMA~1\z390\mac+.) @rt\RT1=(bal notiming stats) 
  systerm(mfacc\rtmfacc)
P8LM1     MZ390 final_options=ALIGN
P8LM1     MZ390 final_options=NOALLOW
P8LM1     MZ390 final_options=NOAMODE24
P8LM1     MZ390 final_options=AMODE31
P8LM1     MZ390 final_options=NOASCII
P8LM1     MZ390 final_options=ASM
P8LM1     MZ390 final_options=NOASSIST
P8LM1     MZ390 final_options=AUTOLINK
P8LM1     MZ390 final_options=BAL
P8LM1     MZ390 final_options=NOBS2000
P8LM1     MZ390 final_options=EDF
P8LM1     MZ390 final_options=NOCICS
P8LM1     MZ390 final_options=CODEPAGE(ISO-8859-1+IBM1047)
P8LM1     MZ390 final_options=COMMENT
P8LM1     MZ390 final_options=CON
P8LM1     MZ390 final_options=NODUMP
P8LM1     MZ390 final_options=EPILOG
P8LM1     MZ390 final_options=NOERRSUM
P8LM1     MZ390 final_options=EXTEND
P8LM1     MZ390 final_options=FLOAT(DECIMAL)
P8LM1     MZ390 final_options=NOGUAM
P8LM1     MZ390 final_options=INIT
P8LM1     MZ390 final_options=LIST
P8LM1     MZ390 final_options=LISTCALL
P8LM1     MZ390 final_options=LISTUSE
P8LM1     MZ390 final_options=LOADHIGH
P8LM1     MZ390 final_options=NOMCALL
P8LM1     MZ390 final_options=NOMOD
P8LM1     MZ390 final_options=OBJ
P8LM1     MZ390 final_options=NOOBJHEX
P8LM1     MZ390 final_options=PC
P8LM1     MZ390 final_options=PCOPT
P8LM1     MZ390 final_options=NOPDSMEM8
P8LM1     MZ390 final_options=NOPRINTALL
P8LM1     MZ390 final_options=PROLOG
P8LM1     MZ390 final_options=PROTECT
P8LM1     MZ390 final_options=R64
P8LM1     MZ390 final_options=NOREFORMAT
P8LM1     MZ390 final_options=NOREGS
P8LM1     MZ390 final_options=RMODE24
P8LM1     MZ390 final_options=NORMODE31
P8LM1     MZ390 final_options=STATS
P8LM1     MZ390 final_options=NOTEST
P8LM1     MZ390 final_options=THREAD
P8LM1     MZ390 final_options=NOTIME
P8LM1     MZ390 final_options=NOTIMING
P8LM1     MZ390 final_options=NOTRACE
P8LM1     MZ390 final_options=NOTRACEA
P8LM1     MZ390 final_options=NOTRACEALL
P8LM1     MZ390 final_options=NOTRACEC
P8LM1     MZ390 final_options=NOTRACEG
P8LM1     MZ390 final_options=NOTRACEI
P8LM1     MZ390 final_options=NOTRACEL
P8LM1     MZ390 final_options=NOTRACEM
P8LM1     MZ390 final_options=NOTRACEP
P8LM1     MZ390 final_options=NOTRACEQ
P8LM1     MZ390 final_options=NOTRACES
P8LM1     MZ390 final_options=NOTRACET
P8LM1     MZ390 final_options=NOTRACEV
P8LM1     MZ390 final_options=TRAP
P8LM1     MZ390 final_options=NOTRUNC
P8LM1     MZ390 final_options=NOTS
P8LM1     MZ390 final_options=VCB
P8LM1     MZ390 final_options=WARN
P8LM1     MZ390 final_options=XREF
P8LM1     MZ390 final_options=ZSTRMAC
P8LM1     MZ390 final_options=CHKMAC=0
P8LM1     MZ390 final_options=CHKSRC=1
P8LM1     MZ390 final_options=ERR=100
P8LM1     MZ390 final_options=MAXCALL=50
P8LM1     MZ390 final_options=MAXDISPLAY=80
P8LM1     MZ390 final_options=MAXESD=1000
P8LM1     MZ390 final_options=MAXFILE=1000
P8LM1     MZ390 final_options=MAXGBL=100000
P8LM1     MZ390 final_options=MAXHEIGHT=600
P8LM1     MZ390 final_options=MAXLCL=100000
P8LM1     MZ390 final_options=MAXLEN=80
P8LM1     MZ390 final_options=MAXLINE=200000
P8LM1     MZ390 final_options=MAXLOG=1000000
P8LM1     MZ390 final_options=MAXPARM=10000
P8LM1     MZ390 final_options=MAXPASS=2
P8LM1     MZ390 final_options=MAXPC=50000
P8LM1     MZ390 final_options=MAXQUE=1000
P8LM1     MZ390 final_options=MAXRLD=10000
P8LM1     MZ390 final_options=MAXSIZE=52428800
P8LM1     MZ390 final_options=MAXSYM=50000
P8LM1     MZ390 final_options=MAXWARN=4
P8LM1     MZ390 final_options=MAXWIDTH=800
P8LM1     MZ390 final_options=MEM=1
P8LM1     MZ390 final_options=MINHEIGHT=150
P8LM1     MZ390 final_options=MINWIDTH=150
P8LM1     MZ390 final_options=MNOTE=0
P8LM1     MZ390 final_options=PARM=
P8LM1     MZ390 final_options=PROFILE=
P8LM1     MZ390 final_options=STATS=C:\Program Files (x86)\Automated Software Tools\z390\mfacc\P8LM1.STA
P8LM1     MZ390 final_options=SYSPARM=
P8LM1     MZ390 final options=SYSTERM=C:\Program Files (x86)\Automated Software Tools\z390\mfacc\rtmfacc.E
P8LM1     MZ390 final_options=RR
P8LM1     MZ390 final_options=TESTDD=
P8LM1     MZ390 final_options=TIME=15
P8LM1     MZ390 final_options=TRACE=
P8LM1     MZ390 final_options=Z390ACROBAT=cmd.exe /c Start
P8LM1     MZ390 final_options=Z390BROWSER=cmd.exe /c Start
P8LM1     MZ390 final_options=Z390COMMAND=cmd.exe
P8LM1     MZ390 final_options=Z390EDITOR=notepad.exe
P8LM1     MZ390 final_options=INSTALL=
P8LM1     MZ390 final_options=IPL=
P8LM1     MZ390 final_options=LOG=
P8LM1     MZ390 final_options=SYS390=mfacc\+linklib
P8LM1     MZ390 final_options=SYSBAL=mfacc\
P8LM1     MZ390 final_options=SYSCPY=C:\PROGRA~2\AUTOMA~1\z390\mac+.
P8LM1     MZ390 final_options=SYSDAT=mfacc\
P8LM1     MZ390 final_options=SYSERR=mfacc\
P8LM1     MZ390 final_options=SYSLOG=mfacc\
P8LM1     MZ390 final_options=SYSLST=mfacc\
P8LM1     MZ390 final_options=SYSMAC=C:\PROGRA~2\AUTOMA~1\z390\mac+.
P8LM1     MZ390 final_options=SYSMLC=mfacc\
P8LM1     MZ390 final_options=SYSPCH=mfacc\
P8LM1     MZ390 final_options=SYSPRN=mfacc\
P8LM1     MZ390 final_options=SYSOBJ=mfacc\
P8LM1     MZ390 final_options=SYSOPT=mfacc\
P8LM1     MZ390 final_options=SYSTRC=mfacc\
P8LM1     MZ390 total MLC/MAC loaded  = 506
P8LM1     MZ390 total BAL output lines= 283
P8LM1     MZ390 total BAL instructions= 35
P8LM1     MZ390 total macros          = 8
P8LM1     MZ390 total macro loads     = 8
P8LM1     MZ390 total macro calls     = 25
P8LM1     MZ390 total AENTRY blocks   = 0
P8LM1     MZ390 total ACALL  calls    = 0
P8LM1     MZ390 total AIF    blocks   = 2
P8LM1     MZ390 total ACASE  blocks   = 0
P8LM1     MZ390 total AWHILE calls    = 0
P8LM1     MZ390 total AUNTIL blocks   = 0
P8LM1     MZ390 total global set names= 49
P8LM1     MZ390 tot global seta cells = 0
P8LM1     MZ390 tot global setb cells = 9
P8LM1     MZ390 tot global setc cells = 40
P8LM1     MZ390 max local pos parms   = 7
P8LM1     MZ390 max local key parms   = 23
P8LM1     MZ390 max local set names   = 34
P8LM1     MZ390 max local seta cells  = 12
P8LM1     MZ390 max local setb cells  = 0
P8LM1     MZ390 max local setc cells  = 23
P8LM1     MZ390 total array expansions= 7
P8LM1     MZ390 total Keys            = 1883
P8LM1     MZ390 Key searches          = 4623
P8LM1     MZ390 Key avg comps         = 0
P8LM1     MZ390 Key max comps         = 4
P8LM1     MZ390 total macro line exec = 553
P8LM1     MZ390 total pcode line exec = 128
P8LM1     MZ390 total pcode line gen. = 78
P8LM1     MZ390 total pcode line reuse= 0
P8LM1     MZ390 total pcode op   gen. = 393
P8LM1     MZ390 total pcode op   exec = 683
P8LM1     MZ390 total pcode gen  opt  = 164
P8LM1     MZ390 total pcode exec opt  = 0
P8LM1     MZ390 FID=  1 ERR= 0 C:\Program Files (x86)\Automated Software Tools\z390\mfacc\P8LM1.MLC
P8LM1     MZ390 FID=  2 ERR= 0 C:\PROGRA~2\AUTOMA~1\z390\mac\ZMFACC.MAC
P8LM1     MZ390 FID=  3 ERR= 0 C:\PROGRA~2\AUTOMA~1\z390\mac\WTO.MAC
P8LM1     MZ390 FID=  4 ERR= 0 C:\PROGRA~2\AUTOMA~1\z390\mac\SNAP.MAC
P8LM1     MZ390 FID=  5 ERR= 0 C:\PROGRA~2\AUTOMA~1\z390\mac\CTD.MAC
P8LM1     MZ390 FID=  6 ERR= 0 C:\PROGRA~2\AUTOMA~1\z390\mac\ZOPTLR.MAC
P8LM1     MZ390 total mnote warnings  = 1
P8LM1     MZ390 total mnote errors    = 0
P8LM1     MZ390 max   mnote level     = 4
P8LM1     MZ390 total mz390 errors    = 0
P8LM1     AZ390 BAL lines             = 283
P8LM1     AZ390 symbols               = 73
P8LM1     AZ390 Literals              = 17
P8LM1     AZ390 alloc passes          = 2
P8LM1     AZ390 Keys                  = 1409
P8LM1     AZ390 Key searches          = 3056
P8LM1     AZ390 Key avg comps         = 0
P8LM1     AZ390 Key max comps         = 4
P8LM1     AZ390 ESD symbols           = 1
P8LM1     AZ390 object bytes          = 916
P8LM1     AZ390 object rlds           = 11
P8LM1     AZ390 total mnote warnings  = 1
P8LM1     AZ390 total mnote errors    = 0
P8LM1     AZ390 max   mnote level     = 4
P8LM1     AZ390 total mz390 errors    = 0
P8LM1     AZ390 total az390 errors    = 0
P8LM1     MZ390 ENDED   RC= 4 MEM(MB)= MB IO=2921
P8LM1     LZ390 START
P8LM1     LZ390 Copyright 2011 Automated Software Tools Corporation
P8LM1     LZ390 z390 is licensed under GNU General Public License
P8LM1     LZ390 options = @rt\RT1=(bal notiming stats) 
  systerm(mfacc\rtmfacc)
P8LM1     LZ390 program = mfacc\P8LM1.OBJ
P8LM1     LZ390 final_options=ALIGN
P8LM1     LZ390 final_options=NOALLOW
P8LM1     LZ390 final_options=NOAMODE24
P8LM1     LZ390 final_options=AMODE31
P8LM1     LZ390 final_options=NOASCII
P8LM1     LZ390 final_options=ASM
P8LM1     LZ390 final_options=NOASSIST
P8LM1     LZ390 final_options=AUTOLINK
P8LM1     LZ390 final_options=BAL
P8LM1     LZ390 final_options=NOBS2000
P8LM1     LZ390 final_options=EDF
P8LM1     LZ390 final_options=NOCICS
P8LM1     LZ390 final_options=CODEPAGE(ISO-8859-1+IBM1047)
P8LM1     LZ390 final_options=COMMENT
P8LM1     LZ390 final_options=CON
P8LM1     LZ390 final_options=NODUMP
P8LM1     LZ390 final_options=EPILOG
P8LM1     LZ390 final_options=NOERRSUM
P8LM1     LZ390 final_options=EXTEND
P8LM1     LZ390 final_options=FLOAT(DECIMAL)
P8LM1     LZ390 final_options=NOGUAM
P8LM1     LZ390 final_options=INIT
P8LM1     LZ390 final_options=LIST
P8LM1     LZ390 final_options=LISTCALL
P8LM1     LZ390 final_options=LISTUSE
P8LM1     LZ390 final_options=LOADHIGH
P8LM1     LZ390 final_options=NOMCALL
P8LM1     LZ390 final_options=NOMOD
P8LM1     LZ390 final_options=OBJ
P8LM1     LZ390 final_options=NOOBJHEX
P8LM1     LZ390 final_options=PC
P8LM1     LZ390 final_options=PCOPT
P8LM1     LZ390 final_options=NOPDSMEM8
P8LM1     LZ390 final_options=NOPRINTALL
P8LM1     LZ390 final_options=PROLOG
P8LM1     LZ390 final_options=PROTECT
P8LM1     LZ390 final_options=R64
P8LM1     LZ390 final_options=NOREFORMAT
P8LM1     LZ390 final_options=NOREGS
P8LM1     LZ390 final_options=RMODE24
P8LM1     LZ390 final_options=NORMODE31
P8LM1     LZ390 final_options=STATS
P8LM1     LZ390 final_options=NOTEST
P8LM1     LZ390 final_options=THREAD
P8LM1     LZ390 final_options=NOTIME
P8LM1     LZ390 final_options=NOTIMING
P8LM1     LZ390 final_options=NOTRACE
P8LM1     LZ390 final_options=NOTRACEA
P8LM1     LZ390 final_options=NOTRACEALL
P8LM1     LZ390 final_options=NOTRACEC
P8LM1     LZ390 final_options=NOTRACEG
P8LM1     LZ390 final_options=NOTRACEI
P8LM1     LZ390 final_options=NOTRACEL
P8LM1     LZ390 final_options=NOTRACEM
P8LM1     LZ390 final_options=NOTRACEP
P8LM1     LZ390 final_options=NOTRACEQ
P8LM1     LZ390 final_options=NOTRACES
P8LM1     LZ390 final_options=NOTRACET
P8LM1     LZ390 final_options=NOTRACEV
P8LM1     LZ390 final_options=TRAP
P8LM1     LZ390 final_options=NOTRUNC
P8LM1     LZ390 final_options=NOTS
P8LM1     LZ390 final_options=VCB
P8LM1     LZ390 final_options=WARN
P8LM1     LZ390 final_options=XREF
P8LM1     LZ390 final_options=ZSTRMAC
P8LM1     LZ390 final_options=CHKMAC=0
P8LM1     LZ390 final_options=CHKSRC=1
P8LM1     LZ390 final_options=ERR=100
P8LM1     LZ390 final_options=MAXCALL=50
P8LM1     LZ390 final_options=MAXDISPLAY=80
P8LM1     LZ390 final_options=MAXESD=1000
P8LM1     LZ390 final_options=MAXFILE=1000
P8LM1     LZ390 final_options=MAXGBL=100000
P8LM1     LZ390 final_options=MAXHEIGHT=600
P8LM1     LZ390 final_options=MAXLCL=100000
P8LM1     LZ390 final_options=MAXLEN=80
P8LM1     LZ390 final_options=MAXLINE=200000
P8LM1     LZ390 final_options=MAXLOG=1000000
P8LM1     LZ390 final_options=MAXPARM=10000
P8LM1     LZ390 final_options=MAXPASS=2
P8LM1     LZ390 final_options=MAXPC=50000
P8LM1     LZ390 final_options=MAXQUE=1000
P8LM1     LZ390 final_options=MAXRLD=10000
P8LM1     LZ390 final_options=MAXSIZE=52428800
P8LM1     LZ390 final_options=MAXSYM=50000
P8LM1     LZ390 final_options=MAXWARN=4
P8LM1     LZ390 final_options=MAXWIDTH=800
P8LM1     LZ390 final_options=MEM=1
P8LM1     LZ390 final_options=MINHEIGHT=150
P8LM1     LZ390 final_options=MINWIDTH=150
P8LM1     LZ390 final_options=MNOTE=0
P8LM1     LZ390 final_options=PARM=
P8LM1     LZ390 final_options=PROFILE=
P8LM1     LZ390 final_options=STATS=C:\Program Files (x86)\Automated Software Tools\z390\mfacc\P8LM1.STA
P8LM1     LZ390 final_options=SYSPARM=
P8LM1     LZ390 final options=SYSTERM=C:\Program Files (x86)\Automated Software Tools\z390\mfacc\rtmfacc.E
P8LM1     LZ390 final_options=RR
P8LM1     LZ390 final_options=TESTDD=
P8LM1     LZ390 final_options=TIME=15
P8LM1     LZ390 final_options=TRACE=
P8LM1     LZ390 final_options=Z390ACROBAT=cmd.exe /c Start
P8LM1     LZ390 final_options=Z390BROWSER=cmd.exe /c Start
P8LM1     LZ390 final_options=Z390COMMAND=cmd.exe
P8LM1     LZ390 final_options=Z390EDITOR=notepad.exe
P8LM1     LZ390 final_options=INSTALL=
P8LM1     LZ390 final_options=IPL=
P8LM1     LZ390 final_options=LOG=
P8LM1     LZ390 final_options=SYS390=mfacc\+linklib
P8LM1     LZ390 final_options=SYSBAL=mfacc\
P8LM1     LZ390 final_options=SYSCPY=mfacc\
P8LM1     LZ390 final_options=SYSDAT=mfacc\
P8LM1     LZ390 final_options=SYSERR=mfacc\
P8LM1     LZ390 final_options=SYSLOG=mfacc\
P8LM1     LZ390 final_options=SYSLST=mfacc\
P8LM1     LZ390 final_options=SYSMAC=mfacc\
P8LM1     LZ390 final_options=SYSMLC=mfacc\
P8LM1     LZ390 final_options=SYSPCH=mfacc\
P8LM1     LZ390 final_options=SYSPRN=mfacc\
P8LM1     LZ390 final_options=SYSOBJ=mfacc\
P8LM1     LZ390 final_options=SYSOPT=mfacc\
P8LM1     LZ390 final_options=SYSTRC=mfacc\
P8LM1     LZ390 Stats total obj files = 1
P8LM1     LZ390 Stats total esds      = 1
P8LM1     LZ390 Stats total csects    = 1
P8LM1     LZ390 Stats total entries   = 0
P8LM1     LZ390 Stats missing wxtrn's = 0
P8LM1     LZ390 Stats Keys            = 1
P8LM1     LZ390 Stats Key searches    = 2
P8LM1     LZ390 Stats Key avg comps   = 0
P8LM1     LZ390 Stats Key max comps   = 1
P8LM1     LZ390 Stats total obj byte  = 916
P8LM1     LZ390 Stats total obj rlds  = 11
P8LM1     LZ390 total errors          = 0
P8LM1     LZ390 ENDED   RC= 0 MEM(MB)= MB IO=335
P8LM1     EZ390 START
P8LM1     EZ390 Copyright 2011 Automated Software Tools Corporation
P8LM1     EZ390 z390 is licensed under GNU General Public License
P8LM1     EZ390 program = mfacc\P8LM1.390
P8LM1     EZ390 options = @rt\RT1=(bal notiming stats) 
  systerm(mfacc\rtmfacc)
P8LM1     EZ390 final_options=ALIGN
P8LM1     EZ390 final_options=NOALLOW
P8LM1     EZ390 final_options=NOAMODE24
P8LM1     EZ390 final_options=AMODE31
P8LM1     EZ390 final_options=NOASCII
P8LM1     EZ390 final_options=ASM
P8LM1     EZ390 final_options=NOASSIST
P8LM1     EZ390 final_options=AUTOLINK
P8LM1     EZ390 final_options=BAL
P8LM1     EZ390 final_options=NOBS2000
P8LM1     EZ390 final_options=EDF
P8LM1     EZ390 final_options=NOCICS
P8LM1     EZ390 final_options=CODEPAGE(ISO-8859-1+IBM1047)
P8LM1     EZ390 final_options=COMMENT
P8LM1     EZ390 final_options=CON
P8LM1     EZ390 final_options=NODUMP
P8LM1     EZ390 final_options=EPILOG
P8LM1     EZ390 final_options=NOERRSUM
P8LM1     EZ390 final_options=EXTEND
P8LM1     EZ390 final_options=FLOAT(DECIMAL)
P8LM1     EZ390 final_options=NOGUAM
P8LM1     EZ390 final_options=INIT
P8LM1     EZ390 final_options=LIST
P8LM1     EZ390 final_options=LISTCALL
P8LM1     EZ390 final_options=LISTUSE
P8LM1     EZ390 final_options=LOADHIGH
P8LM1     EZ390 final_options=NOMCALL
P8LM1     EZ390 final_options=NOMOD
P8LM1     EZ390 final_options=OBJ
P8LM1     EZ390 final_options=NOOBJHEX
P8LM1     EZ390 final_options=PC
P8LM1     EZ390 final_options=PCOPT
P8LM1     EZ390 final_options=NOPDSMEM8
P8LM1     EZ390 final_options=NOPRINTALL
P8LM1     EZ390 final_options=PROLOG
P8LM1     EZ390 final_options=PROTECT
P8LM1     EZ390 final_options=R64
P8LM1     EZ390 final_options=NOREFORMAT
P8LM1     EZ390 final_options=NOREGS
P8LM1     EZ390 final_options=RMODE24
P8LM1     EZ390 final_options=NORMODE31
P8LM1     EZ390 final_options=STATS
P8LM1     EZ390 final_options=NOTEST
P8LM1     EZ390 final_options=THREAD
P8LM1     EZ390 final_options=NOTIME
P8LM1     EZ390 final_options=NOTIMING
P8LM1     EZ390 final_options=NOTRACE
P8LM1     EZ390 final_options=NOTRACEA
P8LM1     EZ390 final_options=NOTRACEALL
P8LM1     EZ390 final_options=NOTRACEC
P8LM1     EZ390 final_options=NOTRACEG
P8LM1     EZ390 final_options=NOTRACEI
P8LM1     EZ390 final_options=NOTRACEL
P8LM1     EZ390 final_options=NOTRACEM
P8LM1     EZ390 final_options=NOTRACEP
P8LM1     EZ390 final_options=NOTRACEQ
P8LM1     EZ390 final_options=NOTRACES
P8LM1     EZ390 final_options=NOTRACET
P8LM1     EZ390 final_options=NOTRACEV
P8LM1     EZ390 final_options=TRAP
P8LM1     EZ390 final_options=NOTRUNC
P8LM1     EZ390 final_options=NOTS
P8LM1     EZ390 final_options=VCB
P8LM1     EZ390 final_options=WARN
P8LM1     EZ390 final_options=XREF
P8LM1     EZ390 final_options=ZSTRMAC
P8LM1     EZ390 final_options=CHKMAC=0
P8LM1     EZ390 final_options=CHKSRC=1
P8LM1     EZ390 final_options=ERR=100
P8LM1     EZ390 final_options=MAXCALL=50
P8LM1     EZ390 final_options=MAXDISPLAY=80
P8LM1     EZ390 final_options=MAXESD=1000
P8LM1     EZ390 final_options=MAXFILE=1000
P8LM1     EZ390 final_options=MAXGBL=100000
P8LM1     EZ390 final_options=MAXHEIGHT=600
P8LM1     EZ390 final_options=MAXLCL=100000
P8LM1     EZ390 final_options=MAXLEN=80
P8LM1     EZ390 final_options=MAXLINE=200000
P8LM1     EZ390 final_options=MAXLOG=1000000
P8LM1     EZ390 final_options=MAXPARM=10000
P8LM1     EZ390 final_options=MAXPASS=2
P8LM1     EZ390 final_options=MAXPC=50000
P8LM1     EZ390 final_options=MAXQUE=1000
P8LM1     EZ390 final_options=MAXRLD=10000
P8LM1     EZ390 final_options=MAXSIZE=52428800
P8LM1     EZ390 final_options=MAXSYM=50000
P8LM1     EZ390 final_options=MAXWARN=4
P8LM1     EZ390 final_options=MAXWIDTH=800
P8LM1     EZ390 final_options=MEM=1
P8LM1     EZ390 final_options=MINHEIGHT=150
P8LM1     EZ390 final_options=MINWIDTH=150
P8LM1     EZ390 final_options=MNOTE=0
P8LM1     EZ390 final_options=PARM=
P8LM1     EZ390 final_options=PROFILE=
P8LM1     EZ390 final_options=STATS=C:\Program Files (x86)\Automated Software Tools\z390\mfacc\P8LM1.STA
P8LM1     EZ390 final_options=SYSPARM=
P8LM1     EZ390 final options=SYSTERM=C:\Program Files (x86)\Automated Software Tools\z390\mfacc\rtmfacc.E
P8LM1     EZ390 final_options=RR
P8LM1     EZ390 final_options=TESTDD=
P8LM1     EZ390 final_options=TIME=15
P8LM1     EZ390 final_options=TRACE=
P8LM1     EZ390 final_options=Z390ACROBAT=cmd.exe /c Start
P8LM1     EZ390 final_options=Z390BROWSER=cmd.exe /c Start
P8LM1     EZ390 final_options=Z390COMMAND=cmd.exe
P8LM1     EZ390 final_options=Z390EDITOR=notepad.exe
P8LM1     EZ390 final_options=INSTALL=
P8LM1     EZ390 final_options=IPL=
P8LM1     EZ390 final_options=LOG=C:\Program Files (x86)\Automated Software Tools\z390\mfacc\P8LM1.LOG
P8LM1     EZ390 final_options=SYS390=mfacc\+linklib
P8LM1     EZ390 final_options=SYSBAL=mfacc\
P8LM1     EZ390 final_options=SYSCPY=mfacc\
P8LM1     EZ390 final_options=SYSDAT=mfacc\
P8LM1     EZ390 final_options=SYSERR=mfacc\
P8LM1     EZ390 final_options=SYSLOG=mfacc\
P8LM1     EZ390 final_options=SYSLST=mfacc\
P8LM1     EZ390 final_options=SYSMAC=mfacc\
P8LM1     EZ390 final_options=SYSMLC=mfacc\
P8LM1     EZ390 final_options=SYSPCH=mfacc\
P8LM1     EZ390 final_options=SYSPRN=mfacc\
P8LM1     EZ390 final_options=SYSOBJ=mfacc\
P8LM1     EZ390 final_options=SYSOPT=mfacc\
P8LM1     EZ390 final_options=SYSTRC=mfacc\
P8LM1     EZ390 TCPIO operations      = 0
P8LM1     EZ390 DCB operations        = 0
P8LM1     EZ390 VSAM operations       = 0
P8LM1     EZ390 Keys                  = 2467
P8LM1     EZ390 Key searches          = 2
P8LM1     EZ390 Key avg comps         = 0
P8LM1     EZ390 Key max comps         = 0
P8LM1     EZ390 total errors          = 0
P8LM1     EZ390 ENDED   RC= 0 MEM(MB)= MB IO=576 INS=2293
