Comparing files MVS\DEMO\DEMO.STA and RT\MVS\DEMO\SAVE\DEMO.STA
***** MVS\DEMO\DEMO.STA
DEMO      MZ390 program = mvs\demo\DEMO.MLC
DEMO      MZ390 options = sysmac(C:\PROGRA~2\AUTOMA~1\z390\mac+.) 
  syscpy(C:\PROGRA~2\AUTOMA~1\z390\mac+.) @rt\RT1=(bal notiming stats) 
  sysmac(mvs\maclib+mac) systerm(mvs\test\rtmvs)
***** RT\MVS\DEMO\SAVE\DEMO.STA
DEMO      MZ390 program = mvs\demo\DEMO.MLC
DEMO      MZ390 options = W:\work\z390\z390.OPT=(time(60)) sysmac(W:\work\z390\mac+.) 
  syscpy(W:\work\z390\mac+.) @rt\RT1=(bal notiming stats) 
  sysmac(mvs\maclib+mac) systerm(mvs\test\rtmvs)
*****

***** MVS\DEMO\DEMO.STA
DEMO      MZ390 final_options=PROFILE=
DEMO      MZ390 final_options=STATS=C:\Program Files (x86)\Automated Software Tools\z390\mvs\demo\DEMO.STA
DEMO      MZ390 final_options=SYSPARM=
DEMO      MZ390 final options=SYSTERM=C:\Program Files (x86)\Automated Software Tools\z390\mvs\test\rtmvs.
DEMO      MZ390 final_options=ERR
DEMO      MZ390 final_options=TESTDD=
DEMO      MZ390 final_options=TIME=15
DEMO      MZ390 final_options=TRACE=
***** RT\MVS\DEMO\SAVE\DEMO.STA
DEMO      MZ390 final_options=PROFILE=
DEMO      MZ390 final_options=STATS=W:\work\z390\mvs\demo\DEMO.STA
DEMO      MZ390 final_options=SYSPARM=
DEMO      MZ390 final_options=SYSTERM=W:\work\z390\mvs\test\rtmvs.ERR
DEMO      MZ390 final_options=TESTDD=
DEMO      MZ390 final_options=TIME=60
DEMO      MZ390 final_options=TRACE=
*****

***** MVS\DEMO\DEMO.STA
DEMO      MZ390 final_options=SYSBAL=mvs\demo\
DEMO      MZ390 final_options=SYSCPY=C:\PROGRA~2\AUTOMA~1\z390\mac+.
DEMO      MZ390 final_options=SYSDAT=mvs\demo\
***** RT\MVS\DEMO\SAVE\DEMO.STA
DEMO      MZ390 final_options=SYSBAL=mvs\demo\
DEMO      MZ390 final_options=SYSCPY=W:\work\z390\mac+.
DEMO      MZ390 final_options=SYSDAT=mvs\demo\
*****

***** MVS\DEMO\DEMO.STA
DEMO      MZ390 total pcode exec opt  = 1
DEMO      MZ390 FID=  1 ERR= 0 C:\Program Files (x86)\Automated Software Tools\z390\mvs\demo\DEMO.MLC
DEMO      MZ390 FID=  2 ERR= 0 C:\Program Files (x86)\Automated Software Tools\z390\mac\SUBENTRY.MAC
DEMO      MZ390 FID=  3 ERR= 0 C:\Program Files (x86)\Automated Software Tools\z390\mvs\maclib\WTO.MAC
DEMO      MZ390 FID=  4 ERR= 0 C:\Program Files (x86)\Automated Software Tools\z390\mac\SUBEXIT.MAC
DEMO      MZ390 total mnote warnings  = 0
***** RT\MVS\DEMO\SAVE\DEMO.STA
DEMO      MZ390 total pcode exec opt  = 1
DEMO      MZ390 FID=  1 ERR= 0 W:\work\z390\mvs\demo\DEMO.MLC
DEMO      MZ390 FID=  2 ERR= 0 W:\work\z390\mac\SUBENTRY.MAC
DEMO      MZ390 FID=  3 ERR= 0 W:\work\z390\mvs\maclib\WTO.MAC
DEMO      MZ390 FID=  4 ERR= 0 W:\work\z390\mac\SUBEXIT.MAC
DEMO      MZ390 total mnote warnings  = 0
*****

***** MVS\DEMO\DEMO.STA
DEMO      AZ390 total az390 errors    = 0
DEMO      MZ390 ENDED   RC= 0 MEM(MB)= MB IO=1648
DEMO      LZ390 START
***** RT\MVS\DEMO\SAVE\DEMO.STA
DEMO      AZ390 total az390 errors    = 0
DEMO      MZ390 ENDED   RC= 0 MEM(MB)= MB IO=1647
DEMO      LZ390 START
*****

***** MVS\DEMO\DEMO.STA
DEMO      LZ390 z390 is licensed under GNU General Public License
DEMO      LZ390 options = @rt\RT1=(bal notiming stats) 
  sysmac(mvs\maclib+mac) systerm(mvs\test\rtmvs)
***** RT\MVS\DEMO\SAVE\DEMO.STA
DEMO      LZ390 z390 is licensed under GNU General Public License
DEMO      LZ390 options = W:\work\z390\z390.OPT=(time(60)) @rt\RT1=(bal notiming stats) 
  sysmac(mvs\maclib+mac) systerm(mvs\test\rtmvs)
*****

***** MVS\DEMO\DEMO.STA
DEMO      LZ390 final_options=PROFILE=
DEMO      LZ390 final_options=STATS=C:\Program Files (x86)\Automated Software Tools\z390\mvs\demo\DEMO.STA
DEMO      LZ390 final_options=SYSPARM=
DEMO      LZ390 final options=SYSTERM=C:\Program Files (x86)\Automated Software Tools\z390\mvs\test\rtmvs.
DEMO      LZ390 final_options=ERR
DEMO      LZ390 final_options=TESTDD=
DEMO      LZ390 final_options=TIME=15
DEMO      LZ390 final_options=TRACE=
***** RT\MVS\DEMO\SAVE\DEMO.STA
DEMO      LZ390 final_options=PROFILE=
DEMO      LZ390 final_options=STATS=W:\work\z390\mvs\demo\DEMO.STA
DEMO      LZ390 final_options=SYSPARM=
DEMO      LZ390 final_options=SYSTERM=W:\work\z390\mvs\test\rtmvs.ERR
DEMO      LZ390 final_options=TESTDD=
DEMO      LZ390 final_options=TIME=60
DEMO      LZ390 final_options=TRACE=
*****

***** MVS\DEMO\DEMO.STA
DEMO      LZ390 total errors          = 0
DEMO      LZ390 ENDED   RC= 0 MEM(MB)= MB IO=184
DEMO      EZ390 START
***** RT\MVS\DEMO\SAVE\DEMO.STA
DEMO      LZ390 total errors          = 0
DEMO      LZ390 ENDED   RC= 0 MEM(MB)= MB IO=183
DEMO      EZ390 START
*****

***** MVS\DEMO\DEMO.STA
DEMO      EZ390 program = mvs\demo\DEMO.390
DEMO      EZ390 options = @rt\RT1=(bal notiming stats) 
  sysmac(mvs\maclib+mac) systerm(mvs\test\rtmvs)
***** RT\MVS\DEMO\SAVE\DEMO.STA
DEMO      EZ390 program = mvs\demo\DEMO.390
DEMO      EZ390 options = W:\work\z390\z390.OPT=(time(60)) @rt\RT1=(bal notiming stats) 
  sysmac(mvs\maclib+mac) systerm(mvs\test\rtmvs)
*****

***** MVS\DEMO\DEMO.STA
DEMO      EZ390 final_options=PROFILE=
DEMO      EZ390 final_options=STATS=C:\Program Files (x86)\Automated Software Tools\z390\mvs\demo\DEMO.STA
DEMO      EZ390 final_options=SYSPARM=
DEMO      EZ390 final options=SYSTERM=C:\Program Files (x86)\Automated Software Tools\z390\mvs\test\rtmvs.
DEMO      EZ390 final_options=ERR
DEMO      EZ390 final_options=TESTDD=
DEMO      EZ390 final_options=TIME=15
DEMO      EZ390 final_options=TRACE=
***** RT\MVS\DEMO\SAVE\DEMO.STA
DEMO      EZ390 final_options=PROFILE=
DEMO      EZ390 final_options=STATS=W:\work\z390\mvs\demo\DEMO.STA
DEMO      EZ390 final_options=SYSPARM=
DEMO      EZ390 final_options=SYSTERM=W:\work\z390\mvs\test\rtmvs.ERR
DEMO      EZ390 final_options=TESTDD=
DEMO      EZ390 final_options=TIME=60
DEMO      EZ390 final_options=TRACE=
*****

***** MVS\DEMO\DEMO.STA
DEMO      EZ390 final_options=IPL=
DEMO      EZ390 final_options=LOG=C:\Program Files (x86)\Automated Software Tools\z390\mvs\demo\DEMO.LOG
DEMO      EZ390 final_options=SYS390=mvs\demo\+linklib
***** RT\MVS\DEMO\SAVE\DEMO.STA
DEMO      EZ390 final_options=IPL=
DEMO      EZ390 final_options=LOG=W:\work\z390\mvs\demo\DEMO.LOG
DEMO      EZ390 final_options=SYS390=mvs\demo\+linklib
*****

***** MVS\DEMO\DEMO.STA
DEMO      EZ390 total errors          = 0
DEMO      EZ390 ENDED   RC= 0 MEM(MB)= MB IO=154 INS=14
***** RT\MVS\DEMO\SAVE\DEMO.STA
DEMO      EZ390 total errors          = 0
DEMO      EZ390 ENDED   RC= 0 MEM(MB)= MB IO=153 INS=14
*****

