P10MB1    MZ390 START
P10MB1    MZ390 Copyright 2011 Automated Software Tools Corporation
P10MB1    MZ390 z390 is licensed under GNU General Public License
P10MB1    MZ390 program = mfacc\P10MB1.MLC
P10MB1    MZ390 options = sysmac(C:\PROGRA~2\AUTOMA~1\z390\mac+.) 
  syscpy(C:\PROGRA~2\AUTOMA~1\z390\mac+.) @rt\RT1=(bal notiming stats) 
  systerm(mfacc\rtmfacc)
P10MB1    MZ390 final_options=ALIGN
P10MB1    MZ390 final_options=NOALLOW
P10MB1    MZ390 final_options=NOAMODE24
P10MB1    MZ390 final_options=AMODE31
P10MB1    MZ390 final_options=NOASCII
P10MB1    MZ390 final_options=ASM
P10MB1    MZ390 final_options=NOASSIST
P10MB1    MZ390 final_options=AUTOLINK
P10MB1    MZ390 final_options=BAL
P10MB1    MZ390 final_options=NOBS2000
P10MB1    MZ390 final_options=EDF
P10MB1    MZ390 final_options=NOCICS
P10MB1    MZ390 final_options=CODEPAGE(ISO-8859-1+IBM1047)
P10MB1    MZ390 final_options=COMMENT
P10MB1    MZ390 final_options=CON
P10MB1    MZ390 final_options=NODUMP
P10MB1    MZ390 final_options=EPILOG
P10MB1    MZ390 final_options=NOERRSUM
P10MB1    MZ390 final_options=EXTEND
P10MB1    MZ390 final_options=FLOAT(DECIMAL)
P10MB1    MZ390 final_options=NOGUAM
P10MB1    MZ390 final_options=INIT
P10MB1    MZ390 final_options=LIST
P10MB1    MZ390 final_options=LISTCALL
P10MB1    MZ390 final_options=LISTUSE
P10MB1    MZ390 final_options=LOADHIGH
P10MB1    MZ390 final_options=NOMCALL
P10MB1    MZ390 final_options=NOMOD
P10MB1    MZ390 final_options=OBJ
P10MB1    MZ390 final_options=NOOBJHEX
P10MB1    MZ390 final_options=PC
P10MB1    MZ390 final_options=PCOPT
P10MB1    MZ390 final_options=NOPDSMEM8
P10MB1    MZ390 final_options=NOPRINTALL
P10MB1    MZ390 final_options=PROLOG
P10MB1    MZ390 final_options=PROTECT
P10MB1    MZ390 final_options=R64
P10MB1    MZ390 final_options=NOREFORMAT
P10MB1    MZ390 final_options=NOREGS
P10MB1    MZ390 final_options=RMODE24
P10MB1    MZ390 final_options=NORMODE31
P10MB1    MZ390 final_options=STATS
P10MB1    MZ390 final_options=NOTEST
P10MB1    MZ390 final_options=THREAD
P10MB1    MZ390 final_options=NOTIME
P10MB1    MZ390 final_options=NOTIMING
P10MB1    MZ390 final_options=NOTRACE
P10MB1    MZ390 final_options=NOTRACEA
P10MB1    MZ390 final_options=NOTRACEALL
P10MB1    MZ390 final_options=NOTRACEC
P10MB1    MZ390 final_options=NOTRACEG
P10MB1    MZ390 final_options=NOTRACEI
P10MB1    MZ390 final_options=NOTRACEL
P10MB1    MZ390 final_options=NOTRACEM
P10MB1    MZ390 final_options=NOTRACEP
P10MB1    MZ390 final_options=NOTRACEQ
P10MB1    MZ390 final_options=NOTRACES
P10MB1    MZ390 final_options=NOTRACET
P10MB1    MZ390 final_options=NOTRACEV
P10MB1    MZ390 final_options=TRAP
P10MB1    MZ390 final_options=NOTRUNC
P10MB1    MZ390 final_options=NOTS
P10MB1    MZ390 final_options=VCB
P10MB1    MZ390 final_options=WARN
P10MB1    MZ390 final_options=XREF
P10MB1    MZ390 final_options=ZSTRMAC
P10MB1    MZ390 final_options=CHKMAC=0
P10MB1    MZ390 final_options=CHKSRC=1
P10MB1    MZ390 final_options=ERR=100
P10MB1    MZ390 final_options=MAXCALL=50
P10MB1    MZ390 final_options=MAXDISPLAY=80
P10MB1    MZ390 final_options=MAXESD=1000
P10MB1    MZ390 final_options=MAXFILE=1000
P10MB1    MZ390 final_options=MAXGBL=100000
P10MB1    MZ390 final_options=MAXHEIGHT=600
P10MB1    MZ390 final_options=MAXLCL=100000
P10MB1    MZ390 final_options=MAXLEN=80
P10MB1    MZ390 final_options=MAXLINE=200000
P10MB1    MZ390 final_options=MAXLOG=1000000
P10MB1    MZ390 final_options=MAXPARM=10000
P10MB1    MZ390 final_options=MAXPASS=2
P10MB1    MZ390 final_options=MAXPC=50000
P10MB1    MZ390 final_options=MAXQUE=1000
P10MB1    MZ390 final_options=MAXRLD=10000
P10MB1    MZ390 final_options=MAXSIZE=52428800
P10MB1    MZ390 final_options=MAXSYM=50000
P10MB1    MZ390 final_options=MAXWARN=4
P10MB1    MZ390 final_options=MAXWIDTH=800
P10MB1    MZ390 final_options=MEM=1
P10MB1    MZ390 final_options=MINHEIGHT=150
P10MB1    MZ390 final_options=MINWIDTH=150
P10MB1    MZ390 final_options=MNOTE=0
P10MB1    MZ390 final_options=PARM=
P10MB1    MZ390 final_options=PROFILE=
P10MB1    MZ390 final_options=STATS=C:\Program Files (x86)\Automated Software Tools\z390\mfacc\P10MB1.STA
P10MB1    MZ390 final_options=SYSPARM=
P10MB1    MZ390 final options=SYSTERM=C:\Program Files (x86)\Automated Software Tools\z390\mfacc\rtmfacc.E
P10MB1    MZ390 final_options=RR
P10MB1    MZ390 final_options=TESTDD=
P10MB1    MZ390 final_options=TIME=15
P10MB1    MZ390 final_options=TRACE=
P10MB1    MZ390 final_options=Z390ACROBAT=cmd.exe /c Start
P10MB1    MZ390 final_options=Z390BROWSER=cmd.exe /c Start
P10MB1    MZ390 final_options=Z390COMMAND=cmd.exe
P10MB1    MZ390 final_options=Z390EDITOR=notepad.exe
P10MB1    MZ390 final_options=INSTALL=
P10MB1    MZ390 final_options=IPL=
P10MB1    MZ390 final_options=LOG=
P10MB1    MZ390 final_options=SYS390=mfacc\+linklib
P10MB1    MZ390 final_options=SYSBAL=mfacc\
P10MB1    MZ390 final_options=SYSCPY=C:\PROGRA~2\AUTOMA~1\z390\mac+.
P10MB1    MZ390 final_options=SYSDAT=mfacc\
P10MB1    MZ390 final_options=SYSERR=mfacc\
P10MB1    MZ390 final_options=SYSLOG=mfacc\
P10MB1    MZ390 final_options=SYSLST=mfacc\
P10MB1    MZ390 final_options=SYSMAC=C:\PROGRA~2\AUTOMA~1\z390\mac+.
P10MB1    MZ390 final_options=SYSMLC=mfacc\
P10MB1    MZ390 final_options=SYSPCH=mfacc\
P10MB1    MZ390 final_options=SYSPRN=mfacc\
P10MB1    MZ390 final_options=SYSOBJ=mfacc\
P10MB1    MZ390 final_options=SYSOPT=mfacc\
P10MB1    MZ390 final_options=SYSTRC=mfacc\
P10MB1    MZ390 total MLC/MAC loaded  = 429
P10MB1    MZ390 total BAL output lines= 185
P10MB1    MZ390 total BAL instructions= 33
P10MB1    MZ390 total macros          = 4
P10MB1    MZ390 total macro loads     = 4
P10MB1    MZ390 total macro calls     = 11
P10MB1    MZ390 total AENTRY blocks   = 0
P10MB1    MZ390 total ACALL  calls    = 0
P10MB1    MZ390 total AIF    blocks   = 0
P10MB1    MZ390 total ACASE  blocks   = 0
P10MB1    MZ390 total AWHILE calls    = 0
P10MB1    MZ390 total AUNTIL blocks   = 0
P10MB1    MZ390 total global set names= 48
P10MB1    MZ390 tot global seta cells = 0
P10MB1    MZ390 tot global setb cells = 8
P10MB1    MZ390 tot global setc cells = 40
P10MB1    MZ390 max local pos parms   = 7
P10MB1    MZ390 max local key parms   = 23
P10MB1    MZ390 max local set names   = 34
P10MB1    MZ390 max local seta cells  = 11
P10MB1    MZ390 max local setb cells  = 0
P10MB1    MZ390 max local setc cells  = 23
P10MB1    MZ390 total array expansions= 0
P10MB1    MZ390 total Keys            = 1708
P10MB1    MZ390 Key searches          = 3744
P10MB1    MZ390 Key avg comps         = 0
P10MB1    MZ390 Key max comps         = 3
P10MB1    MZ390 total macro line exec = 367
P10MB1    MZ390 total pcode line exec = 56
P10MB1    MZ390 total pcode line gen. = 62
P10MB1    MZ390 total pcode line reuse= 0
P10MB1    MZ390 total pcode op   gen. = 244
P10MB1    MZ390 total pcode op   exec = 208
P10MB1    MZ390 total pcode gen  opt  = 138
P10MB1    MZ390 total pcode exec opt  = 0
P10MB1    MZ390 FID=  1 ERR= 0 C:\Program Files (x86)\Automated Software Tools\z390\mfacc\P10MB1.MLC
P10MB1    MZ390 FID=  2 ERR= 0 C:\PROGRA~2\AUTOMA~1\z390\mac\ZMFACC.MAC
P10MB1    MZ390 FID=  3 ERR= 0 C:\PROGRA~2\AUTOMA~1\z390\mac\WTO.MAC
P10MB1    MZ390 FID=  4 ERR= 0 C:\PROGRA~2\AUTOMA~1\z390\mac\SNAP.MAC
P10MB1    MZ390 total mnote warnings  = 1
P10MB1    MZ390 total mnote errors    = 0
P10MB1    MZ390 max   mnote level     = 4
P10MB1    MZ390 total mz390 errors    = 0
P10MB1    AZ390 BAL lines             = 185
P10MB1    AZ390 symbols               = 71
P10MB1    AZ390 Literals              = 6
P10MB1    AZ390 alloc passes          = 3
P10MB1    AZ390 Keys                  = 1396
P10MB1    AZ390 Key searches          = 2853
P10MB1    AZ390 Key avg comps         = 0
P10MB1    AZ390 Key max comps         = 3
P10MB1    AZ390 ESD symbols           = 1
P10MB1    AZ390 object bytes          = 639
P10MB1    AZ390 object rlds           = 4
P10MB1    AZ390 total mnote warnings  = 1
P10MB1    AZ390 total mnote errors    = 0
P10MB1    AZ390 max   mnote level     = 4
P10MB1    AZ390 total mz390 errors    = 0
P10MB1    AZ390 total az390 errors    = 0
P10MB1    MZ390 ENDED   RC= 4 MEM(MB)= MB IO=2255
P10MB1    LZ390 START
P10MB1    LZ390 Copyright 2011 Automated Software Tools Corporation
P10MB1    LZ390 z390 is licensed under GNU General Public License
P10MB1    LZ390 options = @rt\RT1=(bal notiming stats) 
  systerm(mfacc\rtmfacc)
P10MB1    LZ390 program = mfacc\P10MB1.OBJ
P10MB1    LZ390 final_options=ALIGN
P10MB1    LZ390 final_options=NOALLOW
P10MB1    LZ390 final_options=NOAMODE24
P10MB1    LZ390 final_options=AMODE31
P10MB1    LZ390 final_options=NOASCII
P10MB1    LZ390 final_options=ASM
P10MB1    LZ390 final_options=NOASSIST
P10MB1    LZ390 final_options=AUTOLINK
P10MB1    LZ390 final_options=BAL
P10MB1    LZ390 final_options=NOBS2000
P10MB1    LZ390 final_options=EDF
P10MB1    LZ390 final_options=NOCICS
P10MB1    LZ390 final_options=CODEPAGE(ISO-8859-1+IBM1047)
P10MB1    LZ390 final_options=COMMENT
P10MB1    LZ390 final_options=CON
P10MB1    LZ390 final_options=NODUMP
P10MB1    LZ390 final_options=EPILOG
P10MB1    LZ390 final_options=NOERRSUM
P10MB1    LZ390 final_options=EXTEND
P10MB1    LZ390 final_options=FLOAT(DECIMAL)
P10MB1    LZ390 final_options=NOGUAM
P10MB1    LZ390 final_options=INIT
P10MB1    LZ390 final_options=LIST
P10MB1    LZ390 final_options=LISTCALL
P10MB1    LZ390 final_options=LISTUSE
P10MB1    LZ390 final_options=LOADHIGH
P10MB1    LZ390 final_options=NOMCALL
P10MB1    LZ390 final_options=NOMOD
P10MB1    LZ390 final_options=OBJ
P10MB1    LZ390 final_options=NOOBJHEX
P10MB1    LZ390 final_options=PC
P10MB1    LZ390 final_options=PCOPT
P10MB1    LZ390 final_options=NOPDSMEM8
P10MB1    LZ390 final_options=NOPRINTALL
P10MB1    LZ390 final_options=PROLOG
P10MB1    LZ390 final_options=PROTECT
P10MB1    LZ390 final_options=R64
P10MB1    LZ390 final_options=NOREFORMAT
P10MB1    LZ390 final_options=NOREGS
P10MB1    LZ390 final_options=RMODE24
P10MB1    LZ390 final_options=NORMODE31
P10MB1    LZ390 final_options=STATS
P10MB1    LZ390 final_options=NOTEST
P10MB1    LZ390 final_options=THREAD
P10MB1    LZ390 final_options=NOTIME
P10MB1    LZ390 final_options=NOTIMING
P10MB1    LZ390 final_options=NOTRACE
P10MB1    LZ390 final_options=NOTRACEA
P10MB1    LZ390 final_options=NOTRACEALL
P10MB1    LZ390 final_options=NOTRACEC
P10MB1    LZ390 final_options=NOTRACEG
P10MB1    LZ390 final_options=NOTRACEI
P10MB1    LZ390 final_options=NOTRACEL
P10MB1    LZ390 final_options=NOTRACEM
P10MB1    LZ390 final_options=NOTRACEP
P10MB1    LZ390 final_options=NOTRACEQ
P10MB1    LZ390 final_options=NOTRACES
P10MB1    LZ390 final_options=NOTRACET
P10MB1    LZ390 final_options=NOTRACEV
P10MB1    LZ390 final_options=TRAP
P10MB1    LZ390 final_options=NOTRUNC
P10MB1    LZ390 final_options=NOTS
P10MB1    LZ390 final_options=VCB
P10MB1    LZ390 final_options=WARN
P10MB1    LZ390 final_options=XREF
P10MB1    LZ390 final_options=ZSTRMAC
P10MB1    LZ390 final_options=CHKMAC=0
P10MB1    LZ390 final_options=CHKSRC=1
P10MB1    LZ390 final_options=ERR=100
P10MB1    LZ390 final_options=MAXCALL=50
P10MB1    LZ390 final_options=MAXDISPLAY=80
P10MB1    LZ390 final_options=MAXESD=1000
P10MB1    LZ390 final_options=MAXFILE=1000
P10MB1    LZ390 final_options=MAXGBL=100000
P10MB1    LZ390 final_options=MAXHEIGHT=600
P10MB1    LZ390 final_options=MAXLCL=100000
P10MB1    LZ390 final_options=MAXLEN=80
P10MB1    LZ390 final_options=MAXLINE=200000
P10MB1    LZ390 final_options=MAXLOG=1000000
P10MB1    LZ390 final_options=MAXPARM=10000
P10MB1    LZ390 final_options=MAXPASS=2
P10MB1    LZ390 final_options=MAXPC=50000
P10MB1    LZ390 final_options=MAXQUE=1000
P10MB1    LZ390 final_options=MAXRLD=10000
P10MB1    LZ390 final_options=MAXSIZE=52428800
P10MB1    LZ390 final_options=MAXSYM=50000
P10MB1    LZ390 final_options=MAXWARN=4
P10MB1    LZ390 final_options=MAXWIDTH=800
P10MB1    LZ390 final_options=MEM=1
P10MB1    LZ390 final_options=MINHEIGHT=150
P10MB1    LZ390 final_options=MINWIDTH=150
P10MB1    LZ390 final_options=MNOTE=0
P10MB1    LZ390 final_options=PARM=
P10MB1    LZ390 final_options=PROFILE=
P10MB1    LZ390 final_options=STATS=C:\Program Files (x86)\Automated Software Tools\z390\mfacc\P10MB1.STA
P10MB1    LZ390 final_options=SYSPARM=
P10MB1    LZ390 final options=SYSTERM=C:\Program Files (x86)\Automated Software Tools\z390\mfacc\rtmfacc.E
P10MB1    LZ390 final_options=RR
P10MB1    LZ390 final_options=TESTDD=
P10MB1    LZ390 final_options=TIME=15
P10MB1    LZ390 final_options=TRACE=
P10MB1    LZ390 final_options=Z390ACROBAT=cmd.exe /c Start
P10MB1    LZ390 final_options=Z390BROWSER=cmd.exe /c Start
P10MB1    LZ390 final_options=Z390COMMAND=cmd.exe
P10MB1    LZ390 final_options=Z390EDITOR=notepad.exe
P10MB1    LZ390 final_options=INSTALL=
P10MB1    LZ390 final_options=IPL=
P10MB1    LZ390 final_options=LOG=
P10MB1    LZ390 final_options=SYS390=mfacc\+linklib
P10MB1    LZ390 final_options=SYSBAL=mfacc\
P10MB1    LZ390 final_options=SYSCPY=mfacc\
P10MB1    LZ390 final_options=SYSDAT=mfacc\
P10MB1    LZ390 final_options=SYSERR=mfacc\
P10MB1    LZ390 final_options=SYSLOG=mfacc\
P10MB1    LZ390 final_options=SYSLST=mfacc\
P10MB1    LZ390 final_options=SYSMAC=mfacc\
P10MB1    LZ390 final_options=SYSMLC=mfacc\
P10MB1    LZ390 final_options=SYSPCH=mfacc\
P10MB1    LZ390 final_options=SYSPRN=mfacc\
P10MB1    LZ390 final_options=SYSOBJ=mfacc\
P10MB1    LZ390 final_options=SYSOPT=mfacc\
P10MB1    LZ390 final_options=SYSTRC=mfacc\
P10MB1    LZ390 Stats total obj files = 1
P10MB1    LZ390 Stats total esds      = 1
P10MB1    LZ390 Stats total csects    = 1
P10MB1    LZ390 Stats total entries   = 0
P10MB1    LZ390 Stats missing wxtrn's = 0
P10MB1    LZ390 Stats Keys            = 1
P10MB1    LZ390 Stats Key searches    = 2
P10MB1    LZ390 Stats Key avg comps   = 0
P10MB1    LZ390 Stats Key max comps   = 1
P10MB1    LZ390 Stats total obj byte  = 639
P10MB1    LZ390 Stats total obj rlds  = 4
P10MB1    LZ390 total errors          = 0
P10MB1    LZ390 ENDED   RC= 0 MEM(MB)= MB IO=266
P10MB1    EZ390 START
P10MB1    EZ390 Copyright 2011 Automated Software Tools Corporation
P10MB1    EZ390 z390 is licensed under GNU General Public License
P10MB1    EZ390 program = mfacc\P10MB1.390
P10MB1    EZ390 options = @rt\RT1=(bal notiming stats) 
  systerm(mfacc\rtmfacc)
P10MB1    EZ390 final_options=ALIGN
P10MB1    EZ390 final_options=NOALLOW
P10MB1    EZ390 final_options=NOAMODE24
P10MB1    EZ390 final_options=AMODE31
P10MB1    EZ390 final_options=NOASCII
P10MB1    EZ390 final_options=ASM
P10MB1    EZ390 final_options=NOASSIST
P10MB1    EZ390 final_options=AUTOLINK
P10MB1    EZ390 final_options=BAL
P10MB1    EZ390 final_options=NOBS2000
P10MB1    EZ390 final_options=EDF
P10MB1    EZ390 final_options=NOCICS
P10MB1    EZ390 final_options=CODEPAGE(ISO-8859-1+IBM1047)
P10MB1    EZ390 final_options=COMMENT
P10MB1    EZ390 final_options=CON
P10MB1    EZ390 final_options=NODUMP
P10MB1    EZ390 final_options=EPILOG
P10MB1    EZ390 final_options=NOERRSUM
P10MB1    EZ390 final_options=EXTEND
P10MB1    EZ390 final_options=FLOAT(DECIMAL)
P10MB1    EZ390 final_options=NOGUAM
P10MB1    EZ390 final_options=INIT
P10MB1    EZ390 final_options=LIST
P10MB1    EZ390 final_options=LISTCALL
P10MB1    EZ390 final_options=LISTUSE
P10MB1    EZ390 final_options=LOADHIGH
P10MB1    EZ390 final_options=NOMCALL
P10MB1    EZ390 final_options=NOMOD
P10MB1    EZ390 final_options=OBJ
P10MB1    EZ390 final_options=NOOBJHEX
P10MB1    EZ390 final_options=PC
P10MB1    EZ390 final_options=PCOPT
P10MB1    EZ390 final_options=NOPDSMEM8
P10MB1    EZ390 final_options=NOPRINTALL
P10MB1    EZ390 final_options=PROLOG
P10MB1    EZ390 final_options=PROTECT
P10MB1    EZ390 final_options=R64
P10MB1    EZ390 final_options=NOREFORMAT
P10MB1    EZ390 final_options=NOREGS
P10MB1    EZ390 final_options=RMODE24
P10MB1    EZ390 final_options=NORMODE31
P10MB1    EZ390 final_options=STATS
P10MB1    EZ390 final_options=NOTEST
P10MB1    EZ390 final_options=THREAD
P10MB1    EZ390 final_options=NOTIME
P10MB1    EZ390 final_options=NOTIMING
P10MB1    EZ390 final_options=NOTRACE
P10MB1    EZ390 final_options=NOTRACEA
P10MB1    EZ390 final_options=NOTRACEALL
P10MB1    EZ390 final_options=NOTRACEC
P10MB1    EZ390 final_options=NOTRACEG
P10MB1    EZ390 final_options=NOTRACEI
P10MB1    EZ390 final_options=NOTRACEL
P10MB1    EZ390 final_options=NOTRACEM
P10MB1    EZ390 final_options=NOTRACEP
P10MB1    EZ390 final_options=NOTRACEQ
P10MB1    EZ390 final_options=NOTRACES
P10MB1    EZ390 final_options=NOTRACET
P10MB1    EZ390 final_options=NOTRACEV
P10MB1    EZ390 final_options=TRAP
P10MB1    EZ390 final_options=NOTRUNC
P10MB1    EZ390 final_options=NOTS
P10MB1    EZ390 final_options=VCB
P10MB1    EZ390 final_options=WARN
P10MB1    EZ390 final_options=XREF
P10MB1    EZ390 final_options=ZSTRMAC
P10MB1    EZ390 final_options=CHKMAC=0
P10MB1    EZ390 final_options=CHKSRC=1
P10MB1    EZ390 final_options=ERR=100
P10MB1    EZ390 final_options=MAXCALL=50
P10MB1    EZ390 final_options=MAXDISPLAY=80
P10MB1    EZ390 final_options=MAXESD=1000
P10MB1    EZ390 final_options=MAXFILE=1000
P10MB1    EZ390 final_options=MAXGBL=100000
P10MB1    EZ390 final_options=MAXHEIGHT=600
P10MB1    EZ390 final_options=MAXLCL=100000
P10MB1    EZ390 final_options=MAXLEN=80
P10MB1    EZ390 final_options=MAXLINE=200000
P10MB1    EZ390 final_options=MAXLOG=1000000
P10MB1    EZ390 final_options=MAXPARM=10000
P10MB1    EZ390 final_options=MAXPASS=2
P10MB1    EZ390 final_options=MAXPC=50000
P10MB1    EZ390 final_options=MAXQUE=1000
P10MB1    EZ390 final_options=MAXRLD=10000
P10MB1    EZ390 final_options=MAXSIZE=52428800
P10MB1    EZ390 final_options=MAXSYM=50000
P10MB1    EZ390 final_options=MAXWARN=4
P10MB1    EZ390 final_options=MAXWIDTH=800
P10MB1    EZ390 final_options=MEM=1
P10MB1    EZ390 final_options=MINHEIGHT=150
P10MB1    EZ390 final_options=MINWIDTH=150
P10MB1    EZ390 final_options=MNOTE=0
P10MB1    EZ390 final_options=PARM=
P10MB1    EZ390 final_options=PROFILE=
P10MB1    EZ390 final_options=STATS=C:\Program Files (x86)\Automated Software Tools\z390\mfacc\P10MB1.STA
P10MB1    EZ390 final_options=SYSPARM=
P10MB1    EZ390 final options=SYSTERM=C:\Program Files (x86)\Automated Software Tools\z390\mfacc\rtmfacc.E
P10MB1    EZ390 final_options=RR
P10MB1    EZ390 final_options=TESTDD=
P10MB1    EZ390 final_options=TIME=15
P10MB1    EZ390 final_options=TRACE=
P10MB1    EZ390 final_options=Z390ACROBAT=cmd.exe /c Start
P10MB1    EZ390 final_options=Z390BROWSER=cmd.exe /c Start
P10MB1    EZ390 final_options=Z390COMMAND=cmd.exe
P10MB1    EZ390 final_options=Z390EDITOR=notepad.exe
P10MB1    EZ390 final_options=INSTALL=
P10MB1    EZ390 final_options=IPL=
P10MB1    EZ390 final_options=LOG=C:\Program Files (x86)\Automated Software Tools\z390\mfacc\P10MB1.LOG
P10MB1    EZ390 final_options=SYS390=mfacc\+linklib
P10MB1    EZ390 final_options=SYSBAL=mfacc\
P10MB1    EZ390 final_options=SYSCPY=mfacc\
P10MB1    EZ390 final_options=SYSDAT=mfacc\
P10MB1    EZ390 final_options=SYSERR=mfacc\
P10MB1    EZ390 final_options=SYSLOG=mfacc\
P10MB1    EZ390 final_options=SYSLST=mfacc\
P10MB1    EZ390 final_options=SYSMAC=mfacc\
P10MB1    EZ390 final_options=SYSMLC=mfacc\
P10MB1    EZ390 final_options=SYSPCH=mfacc\
P10MB1    EZ390 final_options=SYSPRN=mfacc\
P10MB1    EZ390 final_options=SYSOBJ=mfacc\
P10MB1    EZ390 final_options=SYSOPT=mfacc\
P10MB1    EZ390 final_options=SYSTRC=mfacc\
P10MB1    EZ390 TCPIO operations      = 0
P10MB1    EZ390 DCB operations        = 0
P10MB1    EZ390 VSAM operations       = 0
P10MB1    EZ390 Keys                  = 2467
P10MB1    EZ390 Key searches          = 2
P10MB1    EZ390 Key avg comps         = 0
P10MB1    EZ390 Key max comps         = 0
P10MB1    EZ390 total errors          = 0
P10MB1    EZ390 ENDED   RC= 0 MEM(MB)= MB IO=170 INS=48
