P12DSH3   LZ390 START
LZ390I Copyright 2011 Automated Software Tools Corporation
LZ390I z390 is licensed under GNU General Public License
LZ390I options = @rt\RT1=(bal notiming stats) 
  systerm(mfacc\rtmfacc)
LZ390I program = mfacc\P12DSH3.OBJ
LZ390I ESD=P10DSH3  LOC=00000000 LEN=00000240
LZ390I ESD=STDDEVLD LOC=00000240 LEN=000000E8
LZ390I ESD=SQXTR    LOC=00000328 LEN=00000258
LZ390I INCLUDE = mfacc\P12DSH3.OBJ
LZ390I RLD LOC=000000DC FLD=00000120 EXT=00000000
LZ390I RLD LOC=000000E0 FLD=0000011C EXT=00000000
LZ390I RLD LOC=000000E4 FLD=00000160 EXT=00000000
LZ390I RLD LOC=000001A0 FLD=00000120 EXT=00000000
LZ390I RLD LOC=000001A4 FLD=00000160 EXT=00000000
LZ390I RLD LOC=000001E4 FLD=00000000 EXT=00000240
LZ390I RLD LOC=000001EC FLD=00000160 EXT=00000000
LZ390I RLD LOC=000001F0 FLD=00000170 EXT=00000000
LZ390I RLD LOC=000001F4 FLD=00000160 EXT=00000000
LZ390I RLD LOC=000001F8 FLD=0000019D EXT=00000000
LZ390I RLD LOC=00000238 FLD=00000000 EXT=00000328
LZ390I INCLUDE = linklib\SQXTR.OBJ
LZ390I RLD LOC=00000570 FLD=000001D0 EXT=00000328
LZ390I RLD LOC=00000574 FLD=000001D0 EXT=00000328
LZ390I RLD LOC=00000578 FLD=000001FD EXT=00000328
LZ390I total errors         = 0
P12DSH3   LZ390 ENDED   RC= 0 MEM(MB)= MB IO=406
