P14MW1    MZ390 START
P14MW1    MZ390 Copyright 2011 Automated Software Tools Corporation
P14MW1    MZ390 z390 is licensed under GNU General Public License
P14MW1    MZ390 program = mfacc\P14MW1.MLC
P14MW1    MZ390 options = sysmac(C:\PROGRA~2\AUTOMA~1\z390\mac+.) 
  syscpy(C:\PROGRA~2\AUTOMA~1\z390\mac+.) @rt\RT1=(bal notiming stats) 
  systerm(mfacc\rtmfacc)
P14MW1    MZ390 final_options=ALIGN
P14MW1    MZ390 final_options=NOALLOW
P14MW1    MZ390 final_options=NOAMODE24
P14MW1    MZ390 final_options=AMODE31
P14MW1    MZ390 final_options=NOASCII
P14MW1    MZ390 final_options=ASM
P14MW1    MZ390 final_options=NOASSIST
P14MW1    MZ390 final_options=AUTOLINK
P14MW1    MZ390 final_options=BAL
P14MW1    MZ390 final_options=NOBS2000
P14MW1    MZ390 final_options=EDF
P14MW1    MZ390 final_options=NOCICS
P14MW1    MZ390 final_options=CODEPAGE(ISO-8859-1+IBM1047)
P14MW1    MZ390 final_options=COMMENT
P14MW1    MZ390 final_options=CON
P14MW1    MZ390 final_options=NODUMP
P14MW1    MZ390 final_options=EPILOG
P14MW1    MZ390 final_options=NOERRSUM
P14MW1    MZ390 final_options=EXTEND
P14MW1    MZ390 final_options=FLOAT(DECIMAL)
P14MW1    MZ390 final_options=NOGUAM
P14MW1    MZ390 final_options=INIT
P14MW1    MZ390 final_options=LIST
P14MW1    MZ390 final_options=LISTCALL
P14MW1    MZ390 final_options=LISTUSE
P14MW1    MZ390 final_options=LOADHIGH
P14MW1    MZ390 final_options=NOMCALL
P14MW1    MZ390 final_options=NOMOD
P14MW1    MZ390 final_options=OBJ
P14MW1    MZ390 final_options=NOOBJHEX
P14MW1    MZ390 final_options=PC
P14MW1    MZ390 final_options=PCOPT
P14MW1    MZ390 final_options=NOPDSMEM8
P14MW1    MZ390 final_options=NOPRINTALL
P14MW1    MZ390 final_options=PROLOG
P14MW1    MZ390 final_options=PROTECT
P14MW1    MZ390 final_options=R64
P14MW1    MZ390 final_options=NOREFORMAT
P14MW1    MZ390 final_options=NOREGS
P14MW1    MZ390 final_options=RMODE24
P14MW1    MZ390 final_options=NORMODE31
P14MW1    MZ390 final_options=STATS
P14MW1    MZ390 final_options=NOTEST
P14MW1    MZ390 final_options=THREAD
P14MW1    MZ390 final_options=NOTIME
P14MW1    MZ390 final_options=NOTIMING
P14MW1    MZ390 final_options=NOTRACE
P14MW1    MZ390 final_options=NOTRACEA
P14MW1    MZ390 final_options=NOTRACEALL
P14MW1    MZ390 final_options=NOTRACEC
P14MW1    MZ390 final_options=NOTRACEG
P14MW1    MZ390 final_options=NOTRACEI
P14MW1    MZ390 final_options=NOTRACEL
P14MW1    MZ390 final_options=NOTRACEM
P14MW1    MZ390 final_options=NOTRACEP
P14MW1    MZ390 final_options=NOTRACEQ
P14MW1    MZ390 final_options=NOTRACES
P14MW1    MZ390 final_options=NOTRACET
P14MW1    MZ390 final_options=NOTRACEV
P14MW1    MZ390 final_options=TRAP
P14MW1    MZ390 final_options=NOTRUNC
P14MW1    MZ390 final_options=NOTS
P14MW1    MZ390 final_options=VCB
P14MW1    MZ390 final_options=WARN
P14MW1    MZ390 final_options=XREF
P14MW1    MZ390 final_options=ZSTRMAC
P14MW1    MZ390 final_options=CHKMAC=0
P14MW1    MZ390 final_options=CHKSRC=1
P14MW1    MZ390 final_options=ERR=100
P14MW1    MZ390 final_options=MAXCALL=50
P14MW1    MZ390 final_options=MAXDISPLAY=80
P14MW1    MZ390 final_options=MAXESD=1000
P14MW1    MZ390 final_options=MAXFILE=1000
P14MW1    MZ390 final_options=MAXGBL=100000
P14MW1    MZ390 final_options=MAXHEIGHT=600
P14MW1    MZ390 final_options=MAXLCL=100000
P14MW1    MZ390 final_options=MAXLEN=80
P14MW1    MZ390 final_options=MAXLINE=200000
P14MW1    MZ390 final_options=MAXLOG=1000000
P14MW1    MZ390 final_options=MAXPARM=10000
P14MW1    MZ390 final_options=MAXPASS=2
P14MW1    MZ390 final_options=MAXPC=50000
P14MW1    MZ390 final_options=MAXQUE=1000
P14MW1    MZ390 final_options=MAXRLD=10000
P14MW1    MZ390 final_options=MAXSIZE=52428800
P14MW1    MZ390 final_options=MAXSYM=50000
P14MW1    MZ390 final_options=MAXWARN=4
P14MW1    MZ390 final_options=MAXWIDTH=800
P14MW1    MZ390 final_options=MEM=1
P14MW1    MZ390 final_options=MINHEIGHT=150
P14MW1    MZ390 final_options=MINWIDTH=150
P14MW1    MZ390 final_options=MNOTE=0
P14MW1    MZ390 final_options=PARM=
P14MW1    MZ390 final_options=PROFILE=
P14MW1    MZ390 final_options=STATS=C:\Program Files (x86)\Automated Software Tools\z390\mfacc\P14MW1.STA
P14MW1    MZ390 final_options=SYSPARM=
P14MW1    MZ390 final options=SYSTERM=C:\Program Files (x86)\Automated Software Tools\z390\mfacc\rtmfacc.E
P14MW1    MZ390 final_options=RR
P14MW1    MZ390 final_options=TESTDD=
P14MW1    MZ390 final_options=TIME=15
P14MW1    MZ390 final_options=TRACE=
P14MW1    MZ390 final_options=Z390ACROBAT=cmd.exe /c Start
P14MW1    MZ390 final_options=Z390BROWSER=cmd.exe /c Start
P14MW1    MZ390 final_options=Z390COMMAND=cmd.exe
P14MW1    MZ390 final_options=Z390EDITOR=notepad.exe
P14MW1    MZ390 final_options=INSTALL=
P14MW1    MZ390 final_options=IPL=
P14MW1    MZ390 final_options=LOG=
P14MW1    MZ390 final_options=SYS390=mfacc\+linklib
P14MW1    MZ390 final_options=SYSBAL=mfacc\
P14MW1    MZ390 final_options=SYSCPY=C:\PROGRA~2\AUTOMA~1\z390\mac+.
P14MW1    MZ390 final_options=SYSDAT=mfacc\
P14MW1    MZ390 final_options=SYSERR=mfacc\
P14MW1    MZ390 final_options=SYSLOG=mfacc\
P14MW1    MZ390 final_options=SYSLST=mfacc\
P14MW1    MZ390 final_options=SYSMAC=C:\PROGRA~2\AUTOMA~1\z390\mac+.
P14MW1    MZ390 final_options=SYSMLC=mfacc\
P14MW1    MZ390 final_options=SYSPCH=mfacc\
P14MW1    MZ390 final_options=SYSPRN=mfacc\
P14MW1    MZ390 final_options=SYSOBJ=mfacc\
P14MW1    MZ390 final_options=SYSOPT=mfacc\
P14MW1    MZ390 final_options=SYSTRC=mfacc\
P14MW1    MZ390 total MLC/MAC loaded  = 446
P14MW1    MZ390 total BAL output lines= 209
P14MW1    MZ390 total BAL instructions= 30
P14MW1    MZ390 total macros          = 4
P14MW1    MZ390 total macro loads     = 4
P14MW1    MZ390 total macro calls     = 11
P14MW1    MZ390 total AENTRY blocks   = 0
P14MW1    MZ390 total ACALL  calls    = 0
P14MW1    MZ390 total AIF    blocks   = 0
P14MW1    MZ390 total ACASE  blocks   = 0
P14MW1    MZ390 total AWHILE calls    = 0
P14MW1    MZ390 total AUNTIL blocks   = 0
P14MW1    MZ390 total global set names= 48
P14MW1    MZ390 tot global seta cells = 0
P14MW1    MZ390 tot global setb cells = 8
P14MW1    MZ390 tot global setc cells = 40
P14MW1    MZ390 max local pos parms   = 7
P14MW1    MZ390 max local key parms   = 23
P14MW1    MZ390 max local set names   = 34
P14MW1    MZ390 max local seta cells  = 11
P14MW1    MZ390 max local setb cells  = 0
P14MW1    MZ390 max local setc cells  = 23
P14MW1    MZ390 total array expansions= 0
P14MW1    MZ390 total Keys            = 1703
P14MW1    MZ390 Key searches          = 3796
P14MW1    MZ390 Key avg comps         = 0
P14MW1    MZ390 Key max comps         = 3
P14MW1    MZ390 total macro line exec = 379
P14MW1    MZ390 total pcode line exec = 56
P14MW1    MZ390 total pcode line gen. = 59
P14MW1    MZ390 total pcode line reuse= 0
P14MW1    MZ390 total pcode op   gen. = 234
P14MW1    MZ390 total pcode op   exec = 208
P14MW1    MZ390 total pcode gen  opt  = 136
P14MW1    MZ390 total pcode exec opt  = 0
P14MW1    MZ390 FID=  1 ERR= 0 C:\Program Files (x86)\Automated Software Tools\z390\mfacc\P14MW1.MLC
P14MW1    MZ390 FID=  2 ERR= 0 C:\PROGRA~2\AUTOMA~1\z390\mac\ZMFACC.MAC
P14MW1    MZ390 FID=  3 ERR= 0 C:\PROGRA~2\AUTOMA~1\z390\mac\WTO.MAC
P14MW1    MZ390 FID=  4 ERR= 0 C:\PROGRA~2\AUTOMA~1\z390\mac\SNAP.MAC
P14MW1    MZ390 total mnote warnings  = 0
P14MW1    MZ390 total mnote errors    = 0
P14MW1    MZ390 max   mnote level     = 0
P14MW1    MZ390 total mz390 errors    = 0
P14MW1    AZ390 BAL lines             = 209
P14MW1    AZ390 symbols               = 73
P14MW1    AZ390 Literals              = 14
P14MW1    AZ390 alloc passes          = 2
P14MW1    AZ390 Keys                  = 1406
P14MW1    AZ390 Key searches          = 2719
P14MW1    AZ390 Key avg comps         = 0
P14MW1    AZ390 Key max comps         = 3
P14MW1    AZ390 ESD symbols           = 1
P14MW1    AZ390 object bytes          = 697
P14MW1    AZ390 object rlds           = 4
P14MW1    AZ390 total mnote warnings  = 0
P14MW1    AZ390 total mnote errors    = 0
P14MW1    AZ390 max   mnote level     = 0
P14MW1    AZ390 total mz390 errors    = 0
P14MW1    AZ390 total az390 errors    = 0
P14MW1    MZ390 ENDED   RC= 0 MEM(MB)= MB IO=2385
P14MW1    LZ390 START
P14MW1    LZ390 Copyright 2011 Automated Software Tools Corporation
P14MW1    LZ390 z390 is licensed under GNU General Public License
P14MW1    LZ390 options = @rt\RT1=(bal notiming stats) 
  systerm(mfacc\rtmfacc)
P14MW1    LZ390 program = mfacc\P14MW1.OBJ
P14MW1    LZ390 final_options=ALIGN
P14MW1    LZ390 final_options=NOALLOW
P14MW1    LZ390 final_options=NOAMODE24
P14MW1    LZ390 final_options=AMODE31
P14MW1    LZ390 final_options=NOASCII
P14MW1    LZ390 final_options=ASM
P14MW1    LZ390 final_options=NOASSIST
P14MW1    LZ390 final_options=AUTOLINK
P14MW1    LZ390 final_options=BAL
P14MW1    LZ390 final_options=NOBS2000
P14MW1    LZ390 final_options=EDF
P14MW1    LZ390 final_options=NOCICS
P14MW1    LZ390 final_options=CODEPAGE(ISO-8859-1+IBM1047)
P14MW1    LZ390 final_options=COMMENT
P14MW1    LZ390 final_options=CON
P14MW1    LZ390 final_options=NODUMP
P14MW1    LZ390 final_options=EPILOG
P14MW1    LZ390 final_options=NOERRSUM
P14MW1    LZ390 final_options=EXTEND
P14MW1    LZ390 final_options=FLOAT(DECIMAL)
P14MW1    LZ390 final_options=NOGUAM
P14MW1    LZ390 final_options=INIT
P14MW1    LZ390 final_options=LIST
P14MW1    LZ390 final_options=LISTCALL
P14MW1    LZ390 final_options=LISTUSE
P14MW1    LZ390 final_options=LOADHIGH
P14MW1    LZ390 final_options=NOMCALL
P14MW1    LZ390 final_options=NOMOD
P14MW1    LZ390 final_options=OBJ
P14MW1    LZ390 final_options=NOOBJHEX
P14MW1    LZ390 final_options=PC
P14MW1    LZ390 final_options=PCOPT
P14MW1    LZ390 final_options=NOPDSMEM8
P14MW1    LZ390 final_options=NOPRINTALL
P14MW1    LZ390 final_options=PROLOG
P14MW1    LZ390 final_options=PROTECT
P14MW1    LZ390 final_options=R64
P14MW1    LZ390 final_options=NOREFORMAT
P14MW1    LZ390 final_options=NOREGS
P14MW1    LZ390 final_options=RMODE24
P14MW1    LZ390 final_options=NORMODE31
P14MW1    LZ390 final_options=STATS
P14MW1    LZ390 final_options=NOTEST
P14MW1    LZ390 final_options=THREAD
P14MW1    LZ390 final_options=NOTIME
P14MW1    LZ390 final_options=NOTIMING
P14MW1    LZ390 final_options=NOTRACE
P14MW1    LZ390 final_options=NOTRACEA
P14MW1    LZ390 final_options=NOTRACEALL
P14MW1    LZ390 final_options=NOTRACEC
P14MW1    LZ390 final_options=NOTRACEG
P14MW1    LZ390 final_options=NOTRACEI
P14MW1    LZ390 final_options=NOTRACEL
P14MW1    LZ390 final_options=NOTRACEM
P14MW1    LZ390 final_options=NOTRACEP
P14MW1    LZ390 final_options=NOTRACEQ
P14MW1    LZ390 final_options=NOTRACES
P14MW1    LZ390 final_options=NOTRACET
P14MW1    LZ390 final_options=NOTRACEV
P14MW1    LZ390 final_options=TRAP
P14MW1    LZ390 final_options=NOTRUNC
P14MW1    LZ390 final_options=NOTS
P14MW1    LZ390 final_options=VCB
P14MW1    LZ390 final_options=WARN
P14MW1    LZ390 final_options=XREF
P14MW1    LZ390 final_options=ZSTRMAC
P14MW1    LZ390 final_options=CHKMAC=0
P14MW1    LZ390 final_options=CHKSRC=1
P14MW1    LZ390 final_options=ERR=100
P14MW1    LZ390 final_options=MAXCALL=50
P14MW1    LZ390 final_options=MAXDISPLAY=80
P14MW1    LZ390 final_options=MAXESD=1000
P14MW1    LZ390 final_options=MAXFILE=1000
P14MW1    LZ390 final_options=MAXGBL=100000
P14MW1    LZ390 final_options=MAXHEIGHT=600
P14MW1    LZ390 final_options=MAXLCL=100000
P14MW1    LZ390 final_options=MAXLEN=80
P14MW1    LZ390 final_options=MAXLINE=200000
P14MW1    LZ390 final_options=MAXLOG=1000000
P14MW1    LZ390 final_options=MAXPARM=10000
P14MW1    LZ390 final_options=MAXPASS=2
P14MW1    LZ390 final_options=MAXPC=50000
P14MW1    LZ390 final_options=MAXQUE=1000
P14MW1    LZ390 final_options=MAXRLD=10000
P14MW1    LZ390 final_options=MAXSIZE=52428800
P14MW1    LZ390 final_options=MAXSYM=50000
P14MW1    LZ390 final_options=MAXWARN=4
P14MW1    LZ390 final_options=MAXWIDTH=800
P14MW1    LZ390 final_options=MEM=1
P14MW1    LZ390 final_options=MINHEIGHT=150
P14MW1    LZ390 final_options=MINWIDTH=150
P14MW1    LZ390 final_options=MNOTE=0
P14MW1    LZ390 final_options=PARM=
P14MW1    LZ390 final_options=PROFILE=
P14MW1    LZ390 final_options=STATS=C:\Program Files (x86)\Automated Software Tools\z390\mfacc\P14MW1.STA
P14MW1    LZ390 final_options=SYSPARM=
P14MW1    LZ390 final options=SYSTERM=C:\Program Files (x86)\Automated Software Tools\z390\mfacc\rtmfacc.E
P14MW1    LZ390 final_options=RR
P14MW1    LZ390 final_options=TESTDD=
P14MW1    LZ390 final_options=TIME=15
P14MW1    LZ390 final_options=TRACE=
P14MW1    LZ390 final_options=Z390ACROBAT=cmd.exe /c Start
P14MW1    LZ390 final_options=Z390BROWSER=cmd.exe /c Start
P14MW1    LZ390 final_options=Z390COMMAND=cmd.exe
P14MW1    LZ390 final_options=Z390EDITOR=notepad.exe
P14MW1    LZ390 final_options=INSTALL=
P14MW1    LZ390 final_options=IPL=
P14MW1    LZ390 final_options=LOG=
P14MW1    LZ390 final_options=SYS390=mfacc\+linklib
P14MW1    LZ390 final_options=SYSBAL=mfacc\
P14MW1    LZ390 final_options=SYSCPY=mfacc\
P14MW1    LZ390 final_options=SYSDAT=mfacc\
P14MW1    LZ390 final_options=SYSERR=mfacc\
P14MW1    LZ390 final_options=SYSLOG=mfacc\
P14MW1    LZ390 final_options=SYSLST=mfacc\
P14MW1    LZ390 final_options=SYSMAC=mfacc\
P14MW1    LZ390 final_options=SYSMLC=mfacc\
P14MW1    LZ390 final_options=SYSPCH=mfacc\
P14MW1    LZ390 final_options=SYSPRN=mfacc\
P14MW1    LZ390 final_options=SYSOBJ=mfacc\
P14MW1    LZ390 final_options=SYSOPT=mfacc\
P14MW1    LZ390 final_options=SYSTRC=mfacc\
P14MW1    LZ390 Stats total obj files = 1
P14MW1    LZ390 Stats total esds      = 1
P14MW1    LZ390 Stats total csects    = 1
P14MW1    LZ390 Stats total entries   = 0
P14MW1    LZ390 Stats missing wxtrn's = 0
P14MW1    LZ390 Stats Keys            = 1
P14MW1    LZ390 Stats Key searches    = 2
P14MW1    LZ390 Stats Key avg comps   = 0
P14MW1    LZ390 Stats Key max comps   = 1
P14MW1    LZ390 Stats total obj byte  = 697
P14MW1    LZ390 Stats total obj rlds  = 4
P14MW1    LZ390 total errors          = 0
P14MW1    LZ390 ENDED   RC= 0 MEM(MB)= MB IO=270
P14MW1    EZ390 START
P14MW1    EZ390 Copyright 2011 Automated Software Tools Corporation
P14MW1    EZ390 z390 is licensed under GNU General Public License
P14MW1    EZ390 program = mfacc\P14MW1.390
P14MW1    EZ390 options = @rt\RT1=(bal notiming stats) 
  systerm(mfacc\rtmfacc)
P14MW1    EZ390 final_options=ALIGN
P14MW1    EZ390 final_options=NOALLOW
P14MW1    EZ390 final_options=NOAMODE24
P14MW1    EZ390 final_options=AMODE31
P14MW1    EZ390 final_options=NOASCII
P14MW1    EZ390 final_options=ASM
P14MW1    EZ390 final_options=NOASSIST
P14MW1    EZ390 final_options=AUTOLINK
P14MW1    EZ390 final_options=BAL
P14MW1    EZ390 final_options=NOBS2000
P14MW1    EZ390 final_options=EDF
P14MW1    EZ390 final_options=NOCICS
P14MW1    EZ390 final_options=CODEPAGE(ISO-8859-1+IBM1047)
P14MW1    EZ390 final_options=COMMENT
P14MW1    EZ390 final_options=CON
P14MW1    EZ390 final_options=NODUMP
P14MW1    EZ390 final_options=EPILOG
P14MW1    EZ390 final_options=NOERRSUM
P14MW1    EZ390 final_options=EXTEND
P14MW1    EZ390 final_options=FLOAT(DECIMAL)
P14MW1    EZ390 final_options=NOGUAM
P14MW1    EZ390 final_options=INIT
P14MW1    EZ390 final_options=LIST
P14MW1    EZ390 final_options=LISTCALL
P14MW1    EZ390 final_options=LISTUSE
P14MW1    EZ390 final_options=LOADHIGH
P14MW1    EZ390 final_options=NOMCALL
P14MW1    EZ390 final_options=NOMOD
P14MW1    EZ390 final_options=OBJ
P14MW1    EZ390 final_options=NOOBJHEX
P14MW1    EZ390 final_options=PC
P14MW1    EZ390 final_options=PCOPT
P14MW1    EZ390 final_options=NOPDSMEM8
P14MW1    EZ390 final_options=NOPRINTALL
P14MW1    EZ390 final_options=PROLOG
P14MW1    EZ390 final_options=PROTECT
P14MW1    EZ390 final_options=R64
P14MW1    EZ390 final_options=NOREFORMAT
P14MW1    EZ390 final_options=NOREGS
P14MW1    EZ390 final_options=RMODE24
P14MW1    EZ390 final_options=NORMODE31
P14MW1    EZ390 final_options=STATS
P14MW1    EZ390 final_options=NOTEST
P14MW1    EZ390 final_options=THREAD
P14MW1    EZ390 final_options=NOTIME
P14MW1    EZ390 final_options=NOTIMING
P14MW1    EZ390 final_options=NOTRACE
P14MW1    EZ390 final_options=NOTRACEA
P14MW1    EZ390 final_options=NOTRACEALL
P14MW1    EZ390 final_options=NOTRACEC
P14MW1    EZ390 final_options=NOTRACEG
P14MW1    EZ390 final_options=NOTRACEI
P14MW1    EZ390 final_options=NOTRACEL
P14MW1    EZ390 final_options=NOTRACEM
P14MW1    EZ390 final_options=NOTRACEP
P14MW1    EZ390 final_options=NOTRACEQ
P14MW1    EZ390 final_options=NOTRACES
P14MW1    EZ390 final_options=NOTRACET
P14MW1    EZ390 final_options=NOTRACEV
P14MW1    EZ390 final_options=TRAP
P14MW1    EZ390 final_options=NOTRUNC
P14MW1    EZ390 final_options=NOTS
P14MW1    EZ390 final_options=VCB
P14MW1    EZ390 final_options=WARN
P14MW1    EZ390 final_options=XREF
P14MW1    EZ390 final_options=ZSTRMAC
P14MW1    EZ390 final_options=CHKMAC=0
P14MW1    EZ390 final_options=CHKSRC=1
P14MW1    EZ390 final_options=ERR=100
P14MW1    EZ390 final_options=MAXCALL=50
P14MW1    EZ390 final_options=MAXDISPLAY=80
P14MW1    EZ390 final_options=MAXESD=1000
P14MW1    EZ390 final_options=MAXFILE=1000
P14MW1    EZ390 final_options=MAXGBL=100000
P14MW1    EZ390 final_options=MAXHEIGHT=600
P14MW1    EZ390 final_options=MAXLCL=100000
P14MW1    EZ390 final_options=MAXLEN=80
P14MW1    EZ390 final_options=MAXLINE=200000
P14MW1    EZ390 final_options=MAXLOG=1000000
P14MW1    EZ390 final_options=MAXPARM=10000
P14MW1    EZ390 final_options=MAXPASS=2
P14MW1    EZ390 final_options=MAXPC=50000
P14MW1    EZ390 final_options=MAXQUE=1000
P14MW1    EZ390 final_options=MAXRLD=10000
P14MW1    EZ390 final_options=MAXSIZE=52428800
P14MW1    EZ390 final_options=MAXSYM=50000
P14MW1    EZ390 final_options=MAXWARN=4
P14MW1    EZ390 final_options=MAXWIDTH=800
P14MW1    EZ390 final_options=MEM=1
P14MW1    EZ390 final_options=MINHEIGHT=150
P14MW1    EZ390 final_options=MINWIDTH=150
P14MW1    EZ390 final_options=MNOTE=0
P14MW1    EZ390 final_options=PARM=
P14MW1    EZ390 final_options=PROFILE=
P14MW1    EZ390 final_options=STATS=C:\Program Files (x86)\Automated Software Tools\z390\mfacc\P14MW1.STA
P14MW1    EZ390 final_options=SYSPARM=
P14MW1    EZ390 final options=SYSTERM=C:\Program Files (x86)\Automated Software Tools\z390\mfacc\rtmfacc.E
P14MW1    EZ390 final_options=RR
P14MW1    EZ390 final_options=TESTDD=
P14MW1    EZ390 final_options=TIME=15
P14MW1    EZ390 final_options=TRACE=
P14MW1    EZ390 final_options=Z390ACROBAT=cmd.exe /c Start
P14MW1    EZ390 final_options=Z390BROWSER=cmd.exe /c Start
P14MW1    EZ390 final_options=Z390COMMAND=cmd.exe
P14MW1    EZ390 final_options=Z390EDITOR=notepad.exe
P14MW1    EZ390 final_options=INSTALL=
P14MW1    EZ390 final_options=IPL=
P14MW1    EZ390 final_options=LOG=C:\Program Files (x86)\Automated Software Tools\z390\mfacc\P14MW1.LOG
P14MW1    EZ390 final_options=SYS390=mfacc\+linklib
P14MW1    EZ390 final_options=SYSBAL=mfacc\
P14MW1    EZ390 final_options=SYSCPY=mfacc\
P14MW1    EZ390 final_options=SYSDAT=mfacc\
P14MW1    EZ390 final_options=SYSERR=mfacc\
P14MW1    EZ390 final_options=SYSLOG=mfacc\
P14MW1    EZ390 final_options=SYSLST=mfacc\
P14MW1    EZ390 final_options=SYSMAC=mfacc\
P14MW1    EZ390 final_options=SYSMLC=mfacc\
P14MW1    EZ390 final_options=SYSPCH=mfacc\
P14MW1    EZ390 final_options=SYSPRN=mfacc\
P14MW1    EZ390 final_options=SYSOBJ=mfacc\
P14MW1    EZ390 final_options=SYSOPT=mfacc\
P14MW1    EZ390 final_options=SYSTRC=mfacc\
P14MW1    EZ390 TCPIO operations      = 0
P14MW1    EZ390 DCB operations        = 0
P14MW1    EZ390 VSAM operations       = 0
P14MW1    EZ390 Keys                  = 2467
P14MW1    EZ390 Key searches          = 2
P14MW1    EZ390 Key avg comps         = 1
P14MW1    EZ390 Key max comps         = 1
P14MW1    EZ390 total errors          = 0
P14MW1    EZ390 ENDED   RC= 0 MEM(MB)= MB IO=167 INS=40
