P15DSH1   MZ390 START
P15DSH1   MZ390 Copyright 2011 Automated Software Tools Corporation
P15DSH1   MZ390 z390 is licensed under GNU General Public License
P15DSH1   MZ390 program = mfacc\P15DSH1.MLC
P15DSH1   MZ390 options = sysmac(C:\PROGRA~2\AUTOMA~1\z390\mac+.) 
  syscpy(C:\PROGRA~2\AUTOMA~1\z390\mac+.) @rt\RT1=(bal notiming stats) 
  systerm(mfacc\rtmfacc)
P15DSH1   MZ390 final_options=ALIGN
P15DSH1   MZ390 final_options=NOALLOW
P15DSH1   MZ390 final_options=NOAMODE24
P15DSH1   MZ390 final_options=AMODE31
P15DSH1   MZ390 final_options=NOASCII
P15DSH1   MZ390 final_options=ASM
P15DSH1   MZ390 final_options=NOASSIST
P15DSH1   MZ390 final_options=AUTOLINK
P15DSH1   MZ390 final_options=BAL
P15DSH1   MZ390 final_options=NOBS2000
P15DSH1   MZ390 final_options=EDF
P15DSH1   MZ390 final_options=NOCICS
P15DSH1   MZ390 final_options=CODEPAGE(ISO-8859-1+IBM1047)
P15DSH1   MZ390 final_options=COMMENT
P15DSH1   MZ390 final_options=CON
P15DSH1   MZ390 final_options=NODUMP
P15DSH1   MZ390 final_options=EPILOG
P15DSH1   MZ390 final_options=NOERRSUM
P15DSH1   MZ390 final_options=EXTEND
P15DSH1   MZ390 final_options=FLOAT(DECIMAL)
P15DSH1   MZ390 final_options=NOGUAM
P15DSH1   MZ390 final_options=INIT
P15DSH1   MZ390 final_options=LIST
P15DSH1   MZ390 final_options=LISTCALL
P15DSH1   MZ390 final_options=LISTUSE
P15DSH1   MZ390 final_options=LOADHIGH
P15DSH1   MZ390 final_options=NOMCALL
P15DSH1   MZ390 final_options=NOMOD
P15DSH1   MZ390 final_options=OBJ
P15DSH1   MZ390 final_options=NOOBJHEX
P15DSH1   MZ390 final_options=PC
P15DSH1   MZ390 final_options=PCOPT
P15DSH1   MZ390 final_options=NOPDSMEM8
P15DSH1   MZ390 final_options=NOPRINTALL
P15DSH1   MZ390 final_options=PROLOG
P15DSH1   MZ390 final_options=PROTECT
P15DSH1   MZ390 final_options=R64
P15DSH1   MZ390 final_options=NOREFORMAT
P15DSH1   MZ390 final_options=NOREGS
P15DSH1   MZ390 final_options=RMODE24
P15DSH1   MZ390 final_options=NORMODE31
P15DSH1   MZ390 final_options=STATS
P15DSH1   MZ390 final_options=NOTEST
P15DSH1   MZ390 final_options=THREAD
P15DSH1   MZ390 final_options=NOTIME
P15DSH1   MZ390 final_options=NOTIMING
P15DSH1   MZ390 final_options=NOTRACE
P15DSH1   MZ390 final_options=NOTRACEA
P15DSH1   MZ390 final_options=NOTRACEALL
P15DSH1   MZ390 final_options=NOTRACEC
P15DSH1   MZ390 final_options=NOTRACEG
P15DSH1   MZ390 final_options=NOTRACEI
P15DSH1   MZ390 final_options=NOTRACEL
P15DSH1   MZ390 final_options=NOTRACEM
P15DSH1   MZ390 final_options=NOTRACEP
P15DSH1   MZ390 final_options=NOTRACEQ
P15DSH1   MZ390 final_options=NOTRACES
P15DSH1   MZ390 final_options=NOTRACET
P15DSH1   MZ390 final_options=NOTRACEV
P15DSH1   MZ390 final_options=TRAP
P15DSH1   MZ390 final_options=NOTRUNC
P15DSH1   MZ390 final_options=NOTS
P15DSH1   MZ390 final_options=VCB
P15DSH1   MZ390 final_options=WARN
P15DSH1   MZ390 final_options=XREF
P15DSH1   MZ390 final_options=ZSTRMAC
P15DSH1   MZ390 final_options=CHKMAC=0
P15DSH1   MZ390 final_options=CHKSRC=1
P15DSH1   MZ390 final_options=ERR=100
P15DSH1   MZ390 final_options=MAXCALL=50
P15DSH1   MZ390 final_options=MAXDISPLAY=80
P15DSH1   MZ390 final_options=MAXESD=1000
P15DSH1   MZ390 final_options=MAXFILE=1000
P15DSH1   MZ390 final_options=MAXGBL=100000
P15DSH1   MZ390 final_options=MAXHEIGHT=600
P15DSH1   MZ390 final_options=MAXLCL=100000
P15DSH1   MZ390 final_options=MAXLEN=80
P15DSH1   MZ390 final_options=MAXLINE=200000
P15DSH1   MZ390 final_options=MAXLOG=1000000
P15DSH1   MZ390 final_options=MAXPARM=10000
P15DSH1   MZ390 final_options=MAXPASS=2
P15DSH1   MZ390 final_options=MAXPC=50000
P15DSH1   MZ390 final_options=MAXQUE=1000
P15DSH1   MZ390 final_options=MAXRLD=10000
P15DSH1   MZ390 final_options=MAXSIZE=52428800
P15DSH1   MZ390 final_options=MAXSYM=50000
P15DSH1   MZ390 final_options=MAXWARN=4
P15DSH1   MZ390 final_options=MAXWIDTH=800
P15DSH1   MZ390 final_options=MEM=1
P15DSH1   MZ390 final_options=MINHEIGHT=150
P15DSH1   MZ390 final_options=MINWIDTH=150
P15DSH1   MZ390 final_options=MNOTE=0
P15DSH1   MZ390 final_options=PARM=
P15DSH1   MZ390 final_options=PROFILE=
P15DSH1   MZ390 final_options=STATS=C:\Program Files (x86)\Automated Software Tools\z390\mfacc\P15DSH1.STA
P15DSH1   MZ390 final_options=SYSPARM=
P15DSH1   MZ390 final options=SYSTERM=C:\Program Files (x86)\Automated Software Tools\z390\mfacc\rtmfacc.E
P15DSH1   MZ390 final_options=RR
P15DSH1   MZ390 final_options=TESTDD=
P15DSH1   MZ390 final_options=TIME=15
P15DSH1   MZ390 final_options=TRACE=
P15DSH1   MZ390 final_options=Z390ACROBAT=cmd.exe /c Start
P15DSH1   MZ390 final_options=Z390BROWSER=cmd.exe /c Start
P15DSH1   MZ390 final_options=Z390COMMAND=cmd.exe
P15DSH1   MZ390 final_options=Z390EDITOR=notepad.exe
P15DSH1   MZ390 final_options=INSTALL=
P15DSH1   MZ390 final_options=IPL=
P15DSH1   MZ390 final_options=LOG=
P15DSH1   MZ390 final_options=SYS390=mfacc\+linklib
P15DSH1   MZ390 final_options=SYSBAL=mfacc\
P15DSH1   MZ390 final_options=SYSCPY=C:\PROGRA~2\AUTOMA~1\z390\mac+.
P15DSH1   MZ390 final_options=SYSDAT=mfacc\
P15DSH1   MZ390 final_options=SYSERR=mfacc\
P15DSH1   MZ390 final_options=SYSLOG=mfacc\
P15DSH1   MZ390 final_options=SYSLST=mfacc\
P15DSH1   MZ390 final_options=SYSMAC=C:\PROGRA~2\AUTOMA~1\z390\mac+.
P15DSH1   MZ390 final_options=SYSMLC=mfacc\
P15DSH1   MZ390 final_options=SYSPCH=mfacc\
P15DSH1   MZ390 final_options=SYSPRN=mfacc\
P15DSH1   MZ390 final_options=SYSOBJ=mfacc\
P15DSH1   MZ390 final_options=SYSOPT=mfacc\
P15DSH1   MZ390 final_options=SYSTRC=mfacc\
P15DSH1   MZ390 total MLC/MAC loaded  = 394
P15DSH1   MZ390 total BAL output lines= 176
P15DSH1   MZ390 total BAL instructions= 27
P15DSH1   MZ390 total macros          = 5
P15DSH1   MZ390 total macro loads     = 5
P15DSH1   MZ390 total macro calls     = 13
P15DSH1   MZ390 total AENTRY blocks   = 0
P15DSH1   MZ390 total ACALL  calls    = 0
P15DSH1   MZ390 total AIF    blocks   = 0
P15DSH1   MZ390 total ACASE  blocks   = 0
P15DSH1   MZ390 total AWHILE calls    = 0
P15DSH1   MZ390 total AUNTIL blocks   = 0
P15DSH1   MZ390 total global set names= 48
P15DSH1   MZ390 tot global seta cells = 0
P15DSH1   MZ390 tot global setb cells = 8
P15DSH1   MZ390 tot global setc cells = 40
P15DSH1   MZ390 max local pos parms   = 7
P15DSH1   MZ390 max local key parms   = 23
P15DSH1   MZ390 max local set names   = 34
P15DSH1   MZ390 max local seta cells  = 11
P15DSH1   MZ390 max local setb cells  = 0
P15DSH1   MZ390 max local setc cells  = 23
P15DSH1   MZ390 total array expansions= 0
P15DSH1   MZ390 total Keys            = 1725
P15DSH1   MZ390 Key searches          = 3799
P15DSH1   MZ390 Key avg comps         = 0
P15DSH1   MZ390 Key max comps         = 3
P15DSH1   MZ390 total macro line exec = 342
P15DSH1   MZ390 total pcode line exec = 58
P15DSH1   MZ390 total pcode line gen. = 64
P15DSH1   MZ390 total pcode line reuse= 0
P15DSH1   MZ390 total pcode op   gen. = 255
P15DSH1   MZ390 total pcode op   exec = 219
P15DSH1   MZ390 total pcode gen  opt  = 140
P15DSH1   MZ390 total pcode exec opt  = 0
P15DSH1   MZ390 FID=  1 ERR= 0 C:\Program Files (x86)\Automated Software Tools\z390\mfacc\P15DSH1.MLC
P15DSH1   MZ390 FID=  2 ERR= 0 C:\PROGRA~2\AUTOMA~1\z390\mac\ZMFACC.MAC
P15DSH1   MZ390 FID=  3 ERR= 0 C:\PROGRA~2\AUTOMA~1\z390\mac\WTO.MAC
P15DSH1   MZ390 FID=  4 ERR= 0 C:\PROGRA~2\AUTOMA~1\z390\mac\SNAP.MAC
P15DSH1   MZ390 total mnote warnings  = 1
P15DSH1   MZ390 total mnote errors    = 0
P15DSH1   MZ390 max   mnote level     = 4
P15DSH1   MZ390 total mz390 errors    = 0
P15DSH1   AZ390 BAL lines             = 176
P15DSH1   AZ390 symbols               = 63
P15DSH1   AZ390 Literals              = 7
P15DSH1   AZ390 alloc passes          = 2
P15DSH1   AZ390 Keys                  = 1389
P15DSH1   AZ390 Key searches          = 2484
P15DSH1   AZ390 Key avg comps         = 0
P15DSH1   AZ390 Key max comps         = 3
P15DSH1   AZ390 ESD symbols           = 1
P15DSH1   AZ390 object bytes          = 588
P15DSH1   AZ390 object rlds           = 4
P15DSH1   AZ390 total mnote warnings  = 1
P15DSH1   AZ390 total mnote errors    = 0
P15DSH1   AZ390 max   mnote level     = 4
P15DSH1   AZ390 total mz390 errors    = 0
P15DSH1   AZ390 total az390 errors    = 0
P15DSH1   MZ390 ENDED   RC= 4 MEM(MB)= MB IO=2155
P15DSH1   LZ390 START
P15DSH1   LZ390 Copyright 2011 Automated Software Tools Corporation
P15DSH1   LZ390 z390 is licensed under GNU General Public License
P15DSH1   LZ390 options = @rt\RT1=(bal notiming stats) 
  systerm(mfacc\rtmfacc)
P15DSH1   LZ390 program = mfacc\P15DSH1.OBJ
P15DSH1   LZ390 final_options=ALIGN
P15DSH1   LZ390 final_options=NOALLOW
P15DSH1   LZ390 final_options=NOAMODE24
P15DSH1   LZ390 final_options=AMODE31
P15DSH1   LZ390 final_options=NOASCII
P15DSH1   LZ390 final_options=ASM
P15DSH1   LZ390 final_options=NOASSIST
P15DSH1   LZ390 final_options=AUTOLINK
P15DSH1   LZ390 final_options=BAL
P15DSH1   LZ390 final_options=NOBS2000
P15DSH1   LZ390 final_options=EDF
P15DSH1   LZ390 final_options=NOCICS
P15DSH1   LZ390 final_options=CODEPAGE(ISO-8859-1+IBM1047)
P15DSH1   LZ390 final_options=COMMENT
P15DSH1   LZ390 final_options=CON
P15DSH1   LZ390 final_options=NODUMP
P15DSH1   LZ390 final_options=EPILOG
P15DSH1   LZ390 final_options=NOERRSUM
P15DSH1   LZ390 final_options=EXTEND
P15DSH1   LZ390 final_options=FLOAT(DECIMAL)
P15DSH1   LZ390 final_options=NOGUAM
P15DSH1   LZ390 final_options=INIT
P15DSH1   LZ390 final_options=LIST
P15DSH1   LZ390 final_options=LISTCALL
P15DSH1   LZ390 final_options=LISTUSE
P15DSH1   LZ390 final_options=LOADHIGH
P15DSH1   LZ390 final_options=NOMCALL
P15DSH1   LZ390 final_options=NOMOD
P15DSH1   LZ390 final_options=OBJ
P15DSH1   LZ390 final_options=NOOBJHEX
P15DSH1   LZ390 final_options=PC
P15DSH1   LZ390 final_options=PCOPT
P15DSH1   LZ390 final_options=NOPDSMEM8
P15DSH1   LZ390 final_options=NOPRINTALL
P15DSH1   LZ390 final_options=PROLOG
P15DSH1   LZ390 final_options=PROTECT
P15DSH1   LZ390 final_options=R64
P15DSH1   LZ390 final_options=NOREFORMAT
P15DSH1   LZ390 final_options=NOREGS
P15DSH1   LZ390 final_options=RMODE24
P15DSH1   LZ390 final_options=NORMODE31
P15DSH1   LZ390 final_options=STATS
P15DSH1   LZ390 final_options=NOTEST
P15DSH1   LZ390 final_options=THREAD
P15DSH1   LZ390 final_options=NOTIME
P15DSH1   LZ390 final_options=NOTIMING
P15DSH1   LZ390 final_options=NOTRACE
P15DSH1   LZ390 final_options=NOTRACEA
P15DSH1   LZ390 final_options=NOTRACEALL
P15DSH1   LZ390 final_options=NOTRACEC
P15DSH1   LZ390 final_options=NOTRACEG
P15DSH1   LZ390 final_options=NOTRACEI
P15DSH1   LZ390 final_options=NOTRACEL
P15DSH1   LZ390 final_options=NOTRACEM
P15DSH1   LZ390 final_options=NOTRACEP
P15DSH1   LZ390 final_options=NOTRACEQ
P15DSH1   LZ390 final_options=NOTRACES
P15DSH1   LZ390 final_options=NOTRACET
P15DSH1   LZ390 final_options=NOTRACEV
P15DSH1   LZ390 final_options=TRAP
P15DSH1   LZ390 final_options=NOTRUNC
P15DSH1   LZ390 final_options=NOTS
P15DSH1   LZ390 final_options=VCB
P15DSH1   LZ390 final_options=WARN
P15DSH1   LZ390 final_options=XREF
P15DSH1   LZ390 final_options=ZSTRMAC
P15DSH1   LZ390 final_options=CHKMAC=0
P15DSH1   LZ390 final_options=CHKSRC=1
P15DSH1   LZ390 final_options=ERR=100
P15DSH1   LZ390 final_options=MAXCALL=50
P15DSH1   LZ390 final_options=MAXDISPLAY=80
P15DSH1   LZ390 final_options=MAXESD=1000
P15DSH1   LZ390 final_options=MAXFILE=1000
P15DSH1   LZ390 final_options=MAXGBL=100000
P15DSH1   LZ390 final_options=MAXHEIGHT=600
P15DSH1   LZ390 final_options=MAXLCL=100000
P15DSH1   LZ390 final_options=MAXLEN=80
P15DSH1   LZ390 final_options=MAXLINE=200000
P15DSH1   LZ390 final_options=MAXLOG=1000000
P15DSH1   LZ390 final_options=MAXPARM=10000
P15DSH1   LZ390 final_options=MAXPASS=2
P15DSH1   LZ390 final_options=MAXPC=50000
P15DSH1   LZ390 final_options=MAXQUE=1000
P15DSH1   LZ390 final_options=MAXRLD=10000
P15DSH1   LZ390 final_options=MAXSIZE=52428800
P15DSH1   LZ390 final_options=MAXSYM=50000
P15DSH1   LZ390 final_options=MAXWARN=4
P15DSH1   LZ390 final_options=MAXWIDTH=800
P15DSH1   LZ390 final_options=MEM=1
P15DSH1   LZ390 final_options=MINHEIGHT=150
P15DSH1   LZ390 final_options=MINWIDTH=150
P15DSH1   LZ390 final_options=MNOTE=0
P15DSH1   LZ390 final_options=PARM=
P15DSH1   LZ390 final_options=PROFILE=
P15DSH1   LZ390 final_options=STATS=C:\Program Files (x86)\Automated Software Tools\z390\mfacc\P15DSH1.STA
P15DSH1   LZ390 final_options=SYSPARM=
P15DSH1   LZ390 final options=SYSTERM=C:\Program Files (x86)\Automated Software Tools\z390\mfacc\rtmfacc.E
P15DSH1   LZ390 final_options=RR
P15DSH1   LZ390 final_options=TESTDD=
P15DSH1   LZ390 final_options=TIME=15
P15DSH1   LZ390 final_options=TRACE=
P15DSH1   LZ390 final_options=Z390ACROBAT=cmd.exe /c Start
P15DSH1   LZ390 final_options=Z390BROWSER=cmd.exe /c Start
P15DSH1   LZ390 final_options=Z390COMMAND=cmd.exe
P15DSH1   LZ390 final_options=Z390EDITOR=notepad.exe
P15DSH1   LZ390 final_options=INSTALL=
P15DSH1   LZ390 final_options=IPL=
P15DSH1   LZ390 final_options=LOG=
P15DSH1   LZ390 final_options=SYS390=mfacc\+linklib
P15DSH1   LZ390 final_options=SYSBAL=mfacc\
P15DSH1   LZ390 final_options=SYSCPY=mfacc\
P15DSH1   LZ390 final_options=SYSDAT=mfacc\
P15DSH1   LZ390 final_options=SYSERR=mfacc\
P15DSH1   LZ390 final_options=SYSLOG=mfacc\
P15DSH1   LZ390 final_options=SYSLST=mfacc\
P15DSH1   LZ390 final_options=SYSMAC=mfacc\
P15DSH1   LZ390 final_options=SYSMLC=mfacc\
P15DSH1   LZ390 final_options=SYSPCH=mfacc\
P15DSH1   LZ390 final_options=SYSPRN=mfacc\
P15DSH1   LZ390 final_options=SYSOBJ=mfacc\
P15DSH1   LZ390 final_options=SYSOPT=mfacc\
P15DSH1   LZ390 final_options=SYSTRC=mfacc\
P15DSH1   LZ390 Stats total obj files = 1
P15DSH1   LZ390 Stats total esds      = 1
P15DSH1   LZ390 Stats total csects    = 1
P15DSH1   LZ390 Stats total entries   = 0
P15DSH1   LZ390 Stats missing wxtrn's = 0
P15DSH1   LZ390 Stats Keys            = 1
P15DSH1   LZ390 Stats Key searches    = 2
P15DSH1   LZ390 Stats Key avg comps   = 0
P15DSH1   LZ390 Stats Key max comps   = 1
P15DSH1   LZ390 Stats total obj byte  = 588
P15DSH1   LZ390 Stats total obj rlds  = 4
P15DSH1   LZ390 total errors          = 0
P15DSH1   LZ390 ENDED   RC= 0 MEM(MB)= MB IO=258
P15DSH1   EZ390 START
P15DSH1   EZ390 Copyright 2011 Automated Software Tools Corporation
P15DSH1   EZ390 z390 is licensed under GNU General Public License
P15DSH1   EZ390 program = mfacc\P15DSH1.390
P15DSH1   EZ390 options = @rt\RT1=(bal notiming stats) 
  systerm(mfacc\rtmfacc)
P15DSH1   EZ390 final_options=ALIGN
P15DSH1   EZ390 final_options=NOALLOW
P15DSH1   EZ390 final_options=NOAMODE24
P15DSH1   EZ390 final_options=AMODE31
P15DSH1   EZ390 final_options=NOASCII
P15DSH1   EZ390 final_options=ASM
P15DSH1   EZ390 final_options=NOASSIST
P15DSH1   EZ390 final_options=AUTOLINK
P15DSH1   EZ390 final_options=BAL
P15DSH1   EZ390 final_options=NOBS2000
P15DSH1   EZ390 final_options=EDF
P15DSH1   EZ390 final_options=NOCICS
P15DSH1   EZ390 final_options=CODEPAGE(ISO-8859-1+IBM1047)
P15DSH1   EZ390 final_options=COMMENT
P15DSH1   EZ390 final_options=CON
P15DSH1   EZ390 final_options=NODUMP
P15DSH1   EZ390 final_options=EPILOG
P15DSH1   EZ390 final_options=NOERRSUM
P15DSH1   EZ390 final_options=EXTEND
P15DSH1   EZ390 final_options=FLOAT(DECIMAL)
P15DSH1   EZ390 final_options=NOGUAM
P15DSH1   EZ390 final_options=INIT
P15DSH1   EZ390 final_options=LIST
P15DSH1   EZ390 final_options=LISTCALL
P15DSH1   EZ390 final_options=LISTUSE
P15DSH1   EZ390 final_options=LOADHIGH
P15DSH1   EZ390 final_options=NOMCALL
P15DSH1   EZ390 final_options=NOMOD
P15DSH1   EZ390 final_options=OBJ
P15DSH1   EZ390 final_options=NOOBJHEX
P15DSH1   EZ390 final_options=PC
P15DSH1   EZ390 final_options=PCOPT
P15DSH1   EZ390 final_options=NOPDSMEM8
P15DSH1   EZ390 final_options=NOPRINTALL
P15DSH1   EZ390 final_options=PROLOG
P15DSH1   EZ390 final_options=PROTECT
P15DSH1   EZ390 final_options=R64
P15DSH1   EZ390 final_options=NOREFORMAT
P15DSH1   EZ390 final_options=NOREGS
P15DSH1   EZ390 final_options=RMODE24
P15DSH1   EZ390 final_options=NORMODE31
P15DSH1   EZ390 final_options=STATS
P15DSH1   EZ390 final_options=NOTEST
P15DSH1   EZ390 final_options=THREAD
P15DSH1   EZ390 final_options=NOTIME
P15DSH1   EZ390 final_options=NOTIMING
P15DSH1   EZ390 final_options=NOTRACE
P15DSH1   EZ390 final_options=NOTRACEA
P15DSH1   EZ390 final_options=NOTRACEALL
P15DSH1   EZ390 final_options=NOTRACEC
P15DSH1   EZ390 final_options=NOTRACEG
P15DSH1   EZ390 final_options=NOTRACEI
P15DSH1   EZ390 final_options=NOTRACEL
P15DSH1   EZ390 final_options=NOTRACEM
P15DSH1   EZ390 final_options=NOTRACEP
P15DSH1   EZ390 final_options=NOTRACEQ
P15DSH1   EZ390 final_options=NOTRACES
P15DSH1   EZ390 final_options=NOTRACET
P15DSH1   EZ390 final_options=NOTRACEV
P15DSH1   EZ390 final_options=TRAP
P15DSH1   EZ390 final_options=NOTRUNC
P15DSH1   EZ390 final_options=NOTS
P15DSH1   EZ390 final_options=VCB
P15DSH1   EZ390 final_options=WARN
P15DSH1   EZ390 final_options=XREF
P15DSH1   EZ390 final_options=ZSTRMAC
P15DSH1   EZ390 final_options=CHKMAC=0
P15DSH1   EZ390 final_options=CHKSRC=1
P15DSH1   EZ390 final_options=ERR=100
P15DSH1   EZ390 final_options=MAXCALL=50
P15DSH1   EZ390 final_options=MAXDISPLAY=80
P15DSH1   EZ390 final_options=MAXESD=1000
P15DSH1   EZ390 final_options=MAXFILE=1000
P15DSH1   EZ390 final_options=MAXGBL=100000
P15DSH1   EZ390 final_options=MAXHEIGHT=600
P15DSH1   EZ390 final_options=MAXLCL=100000
P15DSH1   EZ390 final_options=MAXLEN=80
P15DSH1   EZ390 final_options=MAXLINE=200000
P15DSH1   EZ390 final_options=MAXLOG=1000000
P15DSH1   EZ390 final_options=MAXPARM=10000
P15DSH1   EZ390 final_options=MAXPASS=2
P15DSH1   EZ390 final_options=MAXPC=50000
P15DSH1   EZ390 final_options=MAXQUE=1000
P15DSH1   EZ390 final_options=MAXRLD=10000
P15DSH1   EZ390 final_options=MAXSIZE=52428800
P15DSH1   EZ390 final_options=MAXSYM=50000
P15DSH1   EZ390 final_options=MAXWARN=4
P15DSH1   EZ390 final_options=MAXWIDTH=800
P15DSH1   EZ390 final_options=MEM=1
P15DSH1   EZ390 final_options=MINHEIGHT=150
P15DSH1   EZ390 final_options=MINWIDTH=150
P15DSH1   EZ390 final_options=MNOTE=0
P15DSH1   EZ390 final_options=PARM=
P15DSH1   EZ390 final_options=PROFILE=
P15DSH1   EZ390 final_options=STATS=C:\Program Files (x86)\Automated Software Tools\z390\mfacc\P15DSH1.STA
P15DSH1   EZ390 final_options=SYSPARM=
P15DSH1   EZ390 final options=SYSTERM=C:\Program Files (x86)\Automated Software Tools\z390\mfacc\rtmfacc.E
P15DSH1   EZ390 final_options=RR
P15DSH1   EZ390 final_options=TESTDD=
P15DSH1   EZ390 final_options=TIME=15
P15DSH1   EZ390 final_options=TRACE=
P15DSH1   EZ390 final_options=Z390ACROBAT=cmd.exe /c Start
P15DSH1   EZ390 final_options=Z390BROWSER=cmd.exe /c Start
P15DSH1   EZ390 final_options=Z390COMMAND=cmd.exe
P15DSH1   EZ390 final_options=Z390EDITOR=notepad.exe
P15DSH1   EZ390 final_options=INSTALL=
P15DSH1   EZ390 final_options=IPL=
P15DSH1   EZ390 final_options=LOG=C:\Program Files (x86)\Automated Software Tools\z390\mfacc\P15DSH1.LOG
P15DSH1   EZ390 final_options=SYS390=mfacc\+linklib
P15DSH1   EZ390 final_options=SYSBAL=mfacc\
P15DSH1   EZ390 final_options=SYSCPY=mfacc\
P15DSH1   EZ390 final_options=SYSDAT=mfacc\
P15DSH1   EZ390 final_options=SYSERR=mfacc\
P15DSH1   EZ390 final_options=SYSLOG=mfacc\
P15DSH1   EZ390 final_options=SYSLST=mfacc\
P15DSH1   EZ390 final_options=SYSMAC=mfacc\
P15DSH1   EZ390 final_options=SYSMLC=mfacc\
P15DSH1   EZ390 final_options=SYSPCH=mfacc\
P15DSH1   EZ390 final_options=SYSPRN=mfacc\
P15DSH1   EZ390 final_options=SYSOBJ=mfacc\
P15DSH1   EZ390 final_options=SYSOPT=mfacc\
P15DSH1   EZ390 final_options=SYSTRC=mfacc\
P15DSH1   EZ390 TCPIO operations      = 0
P15DSH1   EZ390 DCB operations        = 0
P15DSH1   EZ390 VSAM operations       = 0
P15DSH1   EZ390 Keys                  = 2467
P15DSH1   EZ390 Key searches          = 2
P15DSH1   EZ390 Key avg comps         = 0
P15DSH1   EZ390 Key max comps         = 0
P15DSH1   EZ390 total errors          = 0
P15DSH1   EZ390 ENDED   RC= 0 MEM(MB)= MB IO=170 INS=40
