P17WR1    MZ390 START
P17WR1    MZ390 Copyright 2011 Automated Software Tools Corporation
P17WR1    MZ390 z390 is licensed under GNU General Public License
P17WR1    MZ390 program = mfacc\P17WR1.MLC
P17WR1    MZ390 options = sysmac(C:\PROGRA~2\AUTOMA~1\z390\mac+.) 
  syscpy(C:\PROGRA~2\AUTOMA~1\z390\mac+.) @rt\RT1=(bal notiming stats) 
  systerm(mfacc\rtmfacc)
P17WR1    MZ390 final_options=ALIGN
P17WR1    MZ390 final_options=NOALLOW
P17WR1    MZ390 final_options=NOAMODE24
P17WR1    MZ390 final_options=AMODE31
P17WR1    MZ390 final_options=NOASCII
P17WR1    MZ390 final_options=ASM
P17WR1    MZ390 final_options=NOASSIST
P17WR1    MZ390 final_options=AUTOLINK
P17WR1    MZ390 final_options=BAL
P17WR1    MZ390 final_options=NOBS2000
P17WR1    MZ390 final_options=EDF
P17WR1    MZ390 final_options=NOCICS
P17WR1    MZ390 final_options=CODEPAGE(ISO-8859-1+IBM1047)
P17WR1    MZ390 final_options=COMMENT
P17WR1    MZ390 final_options=CON
P17WR1    MZ390 final_options=NODUMP
P17WR1    MZ390 final_options=EPILOG
P17WR1    MZ390 final_options=NOERRSUM
P17WR1    MZ390 final_options=EXTEND
P17WR1    MZ390 final_options=FLOAT(DECIMAL)
P17WR1    MZ390 final_options=NOGUAM
P17WR1    MZ390 final_options=INIT
P17WR1    MZ390 final_options=LIST
P17WR1    MZ390 final_options=LISTCALL
P17WR1    MZ390 final_options=LISTUSE
P17WR1    MZ390 final_options=LOADHIGH
P17WR1    MZ390 final_options=NOMCALL
P17WR1    MZ390 final_options=NOMOD
P17WR1    MZ390 final_options=OBJ
P17WR1    MZ390 final_options=NOOBJHEX
P17WR1    MZ390 final_options=PC
P17WR1    MZ390 final_options=PCOPT
P17WR1    MZ390 final_options=NOPDSMEM8
P17WR1    MZ390 final_options=NOPRINTALL
P17WR1    MZ390 final_options=PROLOG
P17WR1    MZ390 final_options=PROTECT
P17WR1    MZ390 final_options=R64
P17WR1    MZ390 final_options=NOREFORMAT
P17WR1    MZ390 final_options=NOREGS
P17WR1    MZ390 final_options=RMODE24
P17WR1    MZ390 final_options=NORMODE31
P17WR1    MZ390 final_options=STATS
P17WR1    MZ390 final_options=NOTEST
P17WR1    MZ390 final_options=THREAD
P17WR1    MZ390 final_options=NOTIME
P17WR1    MZ390 final_options=NOTIMING
P17WR1    MZ390 final_options=NOTRACE
P17WR1    MZ390 final_options=NOTRACEA
P17WR1    MZ390 final_options=NOTRACEALL
P17WR1    MZ390 final_options=NOTRACEC
P17WR1    MZ390 final_options=NOTRACEG
P17WR1    MZ390 final_options=NOTRACEI
P17WR1    MZ390 final_options=NOTRACEL
P17WR1    MZ390 final_options=NOTRACEM
P17WR1    MZ390 final_options=NOTRACEP
P17WR1    MZ390 final_options=NOTRACEQ
P17WR1    MZ390 final_options=NOTRACES
P17WR1    MZ390 final_options=NOTRACET
P17WR1    MZ390 final_options=NOTRACEV
P17WR1    MZ390 final_options=TRAP
P17WR1    MZ390 final_options=NOTRUNC
P17WR1    MZ390 final_options=NOTS
P17WR1    MZ390 final_options=VCB
P17WR1    MZ390 final_options=WARN
P17WR1    MZ390 final_options=XREF
P17WR1    MZ390 final_options=ZSTRMAC
P17WR1    MZ390 final_options=CHKMAC=0
P17WR1    MZ390 final_options=CHKSRC=1
P17WR1    MZ390 final_options=ERR=100
P17WR1    MZ390 final_options=MAXCALL=50
P17WR1    MZ390 final_options=MAXDISPLAY=80
P17WR1    MZ390 final_options=MAXESD=1000
P17WR1    MZ390 final_options=MAXFILE=1000
P17WR1    MZ390 final_options=MAXGBL=100000
P17WR1    MZ390 final_options=MAXHEIGHT=600
P17WR1    MZ390 final_options=MAXLCL=100000
P17WR1    MZ390 final_options=MAXLEN=80
P17WR1    MZ390 final_options=MAXLINE=200000
P17WR1    MZ390 final_options=MAXLOG=1000000
P17WR1    MZ390 final_options=MAXPARM=10000
P17WR1    MZ390 final_options=MAXPASS=2
P17WR1    MZ390 final_options=MAXPC=50000
P17WR1    MZ390 final_options=MAXQUE=1000
P17WR1    MZ390 final_options=MAXRLD=10000
P17WR1    MZ390 final_options=MAXSIZE=52428800
P17WR1    MZ390 final_options=MAXSYM=50000
P17WR1    MZ390 final_options=MAXWARN=4
P17WR1    MZ390 final_options=MAXWIDTH=800
P17WR1    MZ390 final_options=MEM=1
P17WR1    MZ390 final_options=MINHEIGHT=150
P17WR1    MZ390 final_options=MINWIDTH=150
P17WR1    MZ390 final_options=MNOTE=0
P17WR1    MZ390 final_options=PARM=
P17WR1    MZ390 final_options=PROFILE=
P17WR1    MZ390 final_options=STATS=C:\Program Files (x86)\Automated Software Tools\z390\mfacc\P17WR1.STA
P17WR1    MZ390 final_options=SYSPARM=
P17WR1    MZ390 final options=SYSTERM=C:\Program Files (x86)\Automated Software Tools\z390\mfacc\rtmfacc.E
P17WR1    MZ390 final_options=RR
P17WR1    MZ390 final_options=TESTDD=
P17WR1    MZ390 final_options=TIME=15
P17WR1    MZ390 final_options=TRACE=
P17WR1    MZ390 final_options=Z390ACROBAT=cmd.exe /c Start
P17WR1    MZ390 final_options=Z390BROWSER=cmd.exe /c Start
P17WR1    MZ390 final_options=Z390COMMAND=cmd.exe
P17WR1    MZ390 final_options=Z390EDITOR=notepad.exe
P17WR1    MZ390 final_options=INSTALL=
P17WR1    MZ390 final_options=IPL=
P17WR1    MZ390 final_options=LOG=
P17WR1    MZ390 final_options=SYS390=mfacc\+linklib
P17WR1    MZ390 final_options=SYSBAL=mfacc\
P17WR1    MZ390 final_options=SYSCPY=C:\PROGRA~2\AUTOMA~1\z390\mac+.
P17WR1    MZ390 final_options=SYSDAT=mfacc\
P17WR1    MZ390 final_options=SYSERR=mfacc\
P17WR1    MZ390 final_options=SYSLOG=mfacc\
P17WR1    MZ390 final_options=SYSLST=mfacc\
P17WR1    MZ390 final_options=SYSMAC=C:\PROGRA~2\AUTOMA~1\z390\mac+.
P17WR1    MZ390 final_options=SYSMLC=mfacc\
P17WR1    MZ390 final_options=SYSPCH=mfacc\
P17WR1    MZ390 final_options=SYSPRN=mfacc\
P17WR1    MZ390 final_options=SYSOBJ=mfacc\
P17WR1    MZ390 final_options=SYSOPT=mfacc\
P17WR1    MZ390 final_options=SYSTRC=mfacc\
P17WR1    MZ390 total MLC/MAC loaded  = 491
P17WR1    MZ390 total BAL output lines= 244
P17WR1    MZ390 total BAL instructions= 44
P17WR1    MZ390 total macros          = 4
P17WR1    MZ390 total macro loads     = 4
P17WR1    MZ390 total macro calls     = 11
P17WR1    MZ390 total AENTRY blocks   = 0
P17WR1    MZ390 total ACALL  calls    = 0
P17WR1    MZ390 total AIF    blocks   = 0
P17WR1    MZ390 total ACASE  blocks   = 0
P17WR1    MZ390 total AWHILE calls    = 0
P17WR1    MZ390 total AUNTIL blocks   = 0
P17WR1    MZ390 total global set names= 48
P17WR1    MZ390 tot global seta cells = 0
P17WR1    MZ390 tot global setb cells = 8
P17WR1    MZ390 tot global setc cells = 40
P17WR1    MZ390 max local pos parms   = 7
P17WR1    MZ390 max local key parms   = 23
P17WR1    MZ390 max local set names   = 34
P17WR1    MZ390 max local seta cells  = 11
P17WR1    MZ390 max local setb cells  = 0
P17WR1    MZ390 max local setc cells  = 23
P17WR1    MZ390 total array expansions= 0
P17WR1    MZ390 total Keys            = 1717
P17WR1    MZ390 Key searches          = 4085
P17WR1    MZ390 Key avg comps         = 0
P17WR1    MZ390 Key max comps         = 3
P17WR1    MZ390 total macro line exec = 424
P17WR1    MZ390 total pcode line exec = 56
P17WR1    MZ390 total pcode line gen. = 59
P17WR1    MZ390 total pcode line reuse= 0
P17WR1    MZ390 total pcode op   gen. = 234
P17WR1    MZ390 total pcode op   exec = 208
P17WR1    MZ390 total pcode gen  opt  = 136
P17WR1    MZ390 total pcode exec opt  = 0
P17WR1    MZ390 FID=  1 ERR= 0 C:\Program Files (x86)\Automated Software Tools\z390\mfacc\P17WR1.MLC
P17WR1    MZ390 FID=  2 ERR= 0 C:\PROGRA~2\AUTOMA~1\z390\mac\ZMFACC.MAC
P17WR1    MZ390 FID=  3 ERR= 0 C:\PROGRA~2\AUTOMA~1\z390\mac\WTO.MAC
P17WR1    MZ390 FID=  4 ERR= 0 C:\PROGRA~2\AUTOMA~1\z390\mac\SNAP.MAC
P17WR1    MZ390 total mnote warnings  = 0
P17WR1    MZ390 total mnote errors    = 0
P17WR1    MZ390 max   mnote level     = 0
P17WR1    MZ390 total mz390 errors    = 0
P17WR1    AZ390 BAL lines             = 244
P17WR1    AZ390 symbols               = 85
P17WR1    AZ390 Literals              = 7
P17WR1    AZ390 alloc passes          = 2
P17WR1    AZ390 Keys                  = 1411
P17WR1    AZ390 Key searches          = 3283
P17WR1    AZ390 Key avg comps         = 0
P17WR1    AZ390 Key max comps         = 3
P17WR1    AZ390 ESD symbols           = 1
P17WR1    AZ390 object bytes          = 1245
P17WR1    AZ390 object rlds           = 4
P17WR1    AZ390 total mnote warnings  = 0
P17WR1    AZ390 total mnote errors    = 0
P17WR1    AZ390 max   mnote level     = 0
P17WR1    AZ390 total mz390 errors    = 0
P17WR1    AZ390 total az390 errors    = 0
P17WR1    MZ390 ENDED   RC= 0 MEM(MB)= MB IO=2612
P17WR1    LZ390 START
P17WR1    LZ390 Copyright 2011 Automated Software Tools Corporation
P17WR1    LZ390 z390 is licensed under GNU General Public License
P17WR1    LZ390 options = @rt\RT1=(bal notiming stats) 
  systerm(mfacc\rtmfacc)
P17WR1    LZ390 program = mfacc\P17WR1.OBJ
P17WR1    LZ390 final_options=ALIGN
P17WR1    LZ390 final_options=NOALLOW
P17WR1    LZ390 final_options=NOAMODE24
P17WR1    LZ390 final_options=AMODE31
P17WR1    LZ390 final_options=NOASCII
P17WR1    LZ390 final_options=ASM
P17WR1    LZ390 final_options=NOASSIST
P17WR1    LZ390 final_options=AUTOLINK
P17WR1    LZ390 final_options=BAL
P17WR1    LZ390 final_options=NOBS2000
P17WR1    LZ390 final_options=EDF
P17WR1    LZ390 final_options=NOCICS
P17WR1    LZ390 final_options=CODEPAGE(ISO-8859-1+IBM1047)
P17WR1    LZ390 final_options=COMMENT
P17WR1    LZ390 final_options=CON
P17WR1    LZ390 final_options=NODUMP
P17WR1    LZ390 final_options=EPILOG
P17WR1    LZ390 final_options=NOERRSUM
P17WR1    LZ390 final_options=EXTEND
P17WR1    LZ390 final_options=FLOAT(DECIMAL)
P17WR1    LZ390 final_options=NOGUAM
P17WR1    LZ390 final_options=INIT
P17WR1    LZ390 final_options=LIST
P17WR1    LZ390 final_options=LISTCALL
P17WR1    LZ390 final_options=LISTUSE
P17WR1    LZ390 final_options=LOADHIGH
P17WR1    LZ390 final_options=NOMCALL
P17WR1    LZ390 final_options=NOMOD
P17WR1    LZ390 final_options=OBJ
P17WR1    LZ390 final_options=NOOBJHEX
P17WR1    LZ390 final_options=PC
P17WR1    LZ390 final_options=PCOPT
P17WR1    LZ390 final_options=NOPDSMEM8
P17WR1    LZ390 final_options=NOPRINTALL
P17WR1    LZ390 final_options=PROLOG
P17WR1    LZ390 final_options=PROTECT
P17WR1    LZ390 final_options=R64
P17WR1    LZ390 final_options=NOREFORMAT
P17WR1    LZ390 final_options=NOREGS
P17WR1    LZ390 final_options=RMODE24
P17WR1    LZ390 final_options=NORMODE31
P17WR1    LZ390 final_options=STATS
P17WR1    LZ390 final_options=NOTEST
P17WR1    LZ390 final_options=THREAD
P17WR1    LZ390 final_options=NOTIME
P17WR1    LZ390 final_options=NOTIMING
P17WR1    LZ390 final_options=NOTRACE
P17WR1    LZ390 final_options=NOTRACEA
P17WR1    LZ390 final_options=NOTRACEALL
P17WR1    LZ390 final_options=NOTRACEC
P17WR1    LZ390 final_options=NOTRACEG
P17WR1    LZ390 final_options=NOTRACEI
P17WR1    LZ390 final_options=NOTRACEL
P17WR1    LZ390 final_options=NOTRACEM
P17WR1    LZ390 final_options=NOTRACEP
P17WR1    LZ390 final_options=NOTRACEQ
P17WR1    LZ390 final_options=NOTRACES
P17WR1    LZ390 final_options=NOTRACET
P17WR1    LZ390 final_options=NOTRACEV
P17WR1    LZ390 final_options=TRAP
P17WR1    LZ390 final_options=NOTRUNC
P17WR1    LZ390 final_options=NOTS
P17WR1    LZ390 final_options=VCB
P17WR1    LZ390 final_options=WARN
P17WR1    LZ390 final_options=XREF
P17WR1    LZ390 final_options=ZSTRMAC
P17WR1    LZ390 final_options=CHKMAC=0
P17WR1    LZ390 final_options=CHKSRC=1
P17WR1    LZ390 final_options=ERR=100
P17WR1    LZ390 final_options=MAXCALL=50
P17WR1    LZ390 final_options=MAXDISPLAY=80
P17WR1    LZ390 final_options=MAXESD=1000
P17WR1    LZ390 final_options=MAXFILE=1000
P17WR1    LZ390 final_options=MAXGBL=100000
P17WR1    LZ390 final_options=MAXHEIGHT=600
P17WR1    LZ390 final_options=MAXLCL=100000
P17WR1    LZ390 final_options=MAXLEN=80
P17WR1    LZ390 final_options=MAXLINE=200000
P17WR1    LZ390 final_options=MAXLOG=1000000
P17WR1    LZ390 final_options=MAXPARM=10000
P17WR1    LZ390 final_options=MAXPASS=2
P17WR1    LZ390 final_options=MAXPC=50000
P17WR1    LZ390 final_options=MAXQUE=1000
P17WR1    LZ390 final_options=MAXRLD=10000
P17WR1    LZ390 final_options=MAXSIZE=52428800
P17WR1    LZ390 final_options=MAXSYM=50000
P17WR1    LZ390 final_options=MAXWARN=4
P17WR1    LZ390 final_options=MAXWIDTH=800
P17WR1    LZ390 final_options=MEM=1
P17WR1    LZ390 final_options=MINHEIGHT=150
P17WR1    LZ390 final_options=MINWIDTH=150
P17WR1    LZ390 final_options=MNOTE=0
P17WR1    LZ390 final_options=PARM=
P17WR1    LZ390 final_options=PROFILE=
P17WR1    LZ390 final_options=STATS=C:\Program Files (x86)\Automated Software Tools\z390\mfacc\P17WR1.STA
P17WR1    LZ390 final_options=SYSPARM=
P17WR1    LZ390 final options=SYSTERM=C:\Program Files (x86)\Automated Software Tools\z390\mfacc\rtmfacc.E
P17WR1    LZ390 final_options=RR
P17WR1    LZ390 final_options=TESTDD=
P17WR1    LZ390 final_options=TIME=15
P17WR1    LZ390 final_options=TRACE=
P17WR1    LZ390 final_options=Z390ACROBAT=cmd.exe /c Start
P17WR1    LZ390 final_options=Z390BROWSER=cmd.exe /c Start
P17WR1    LZ390 final_options=Z390COMMAND=cmd.exe
P17WR1    LZ390 final_options=Z390EDITOR=notepad.exe
P17WR1    LZ390 final_options=INSTALL=
P17WR1    LZ390 final_options=IPL=
P17WR1    LZ390 final_options=LOG=
P17WR1    LZ390 final_options=SYS390=mfacc\+linklib
P17WR1    LZ390 final_options=SYSBAL=mfacc\
P17WR1    LZ390 final_options=SYSCPY=mfacc\
P17WR1    LZ390 final_options=SYSDAT=mfacc\
P17WR1    LZ390 final_options=SYSERR=mfacc\
P17WR1    LZ390 final_options=SYSLOG=mfacc\
P17WR1    LZ390 final_options=SYSLST=mfacc\
P17WR1    LZ390 final_options=SYSMAC=mfacc\
P17WR1    LZ390 final_options=SYSMLC=mfacc\
P17WR1    LZ390 final_options=SYSPCH=mfacc\
P17WR1    LZ390 final_options=SYSPRN=mfacc\
P17WR1    LZ390 final_options=SYSOBJ=mfacc\
P17WR1    LZ390 final_options=SYSOPT=mfacc\
P17WR1    LZ390 final_options=SYSTRC=mfacc\
P17WR1    LZ390 Stats total obj files = 1
P17WR1    LZ390 Stats total esds      = 1
P17WR1    LZ390 Stats total csects    = 1
P17WR1    LZ390 Stats total entries   = 0
P17WR1    LZ390 Stats missing wxtrn's = 0
P17WR1    LZ390 Stats Keys            = 1
P17WR1    LZ390 Stats Key searches    = 2
P17WR1    LZ390 Stats Key avg comps   = 0
P17WR1    LZ390 Stats Key max comps   = 1
P17WR1    LZ390 Stats total obj byte  = 1245
P17WR1    LZ390 Stats total obj rlds  = 4
P17WR1    LZ390 total errors          = 0
P17WR1    LZ390 ENDED   RC= 0 MEM(MB)= MB IO=340
P17WR1    EZ390 START
P17WR1    EZ390 Copyright 2011 Automated Software Tools Corporation
P17WR1    EZ390 z390 is licensed under GNU General Public License
P17WR1    EZ390 program = mfacc\P17WR1.390
P17WR1    EZ390 options = @rt\RT1=(bal notiming stats) 
  systerm(mfacc\rtmfacc)
P17WR1    EZ390 final_options=ALIGN
P17WR1    EZ390 final_options=NOALLOW
P17WR1    EZ390 final_options=NOAMODE24
P17WR1    EZ390 final_options=AMODE31
P17WR1    EZ390 final_options=NOASCII
P17WR1    EZ390 final_options=ASM
P17WR1    EZ390 final_options=NOASSIST
P17WR1    EZ390 final_options=AUTOLINK
P17WR1    EZ390 final_options=BAL
P17WR1    EZ390 final_options=NOBS2000
P17WR1    EZ390 final_options=EDF
P17WR1    EZ390 final_options=NOCICS
P17WR1    EZ390 final_options=CODEPAGE(ISO-8859-1+IBM1047)
P17WR1    EZ390 final_options=COMMENT
P17WR1    EZ390 final_options=CON
P17WR1    EZ390 final_options=NODUMP
P17WR1    EZ390 final_options=EPILOG
P17WR1    EZ390 final_options=NOERRSUM
P17WR1    EZ390 final_options=EXTEND
P17WR1    EZ390 final_options=FLOAT(DECIMAL)
P17WR1    EZ390 final_options=NOGUAM
P17WR1    EZ390 final_options=INIT
P17WR1    EZ390 final_options=LIST
P17WR1    EZ390 final_options=LISTCALL
P17WR1    EZ390 final_options=LISTUSE
P17WR1    EZ390 final_options=LOADHIGH
P17WR1    EZ390 final_options=NOMCALL
P17WR1    EZ390 final_options=NOMOD
P17WR1    EZ390 final_options=OBJ
P17WR1    EZ390 final_options=NOOBJHEX
P17WR1    EZ390 final_options=PC
P17WR1    EZ390 final_options=PCOPT
P17WR1    EZ390 final_options=NOPDSMEM8
P17WR1    EZ390 final_options=NOPRINTALL
P17WR1    EZ390 final_options=PROLOG
P17WR1    EZ390 final_options=PROTECT
P17WR1    EZ390 final_options=R64
P17WR1    EZ390 final_options=NOREFORMAT
P17WR1    EZ390 final_options=NOREGS
P17WR1    EZ390 final_options=RMODE24
P17WR1    EZ390 final_options=NORMODE31
P17WR1    EZ390 final_options=STATS
P17WR1    EZ390 final_options=NOTEST
P17WR1    EZ390 final_options=THREAD
P17WR1    EZ390 final_options=NOTIME
P17WR1    EZ390 final_options=NOTIMING
P17WR1    EZ390 final_options=NOTRACE
P17WR1    EZ390 final_options=NOTRACEA
P17WR1    EZ390 final_options=NOTRACEALL
P17WR1    EZ390 final_options=NOTRACEC
P17WR1    EZ390 final_options=NOTRACEG
P17WR1    EZ390 final_options=NOTRACEI
P17WR1    EZ390 final_options=NOTRACEL
P17WR1    EZ390 final_options=NOTRACEM
P17WR1    EZ390 final_options=NOTRACEP
P17WR1    EZ390 final_options=NOTRACEQ
P17WR1    EZ390 final_options=NOTRACES
P17WR1    EZ390 final_options=NOTRACET
P17WR1    EZ390 final_options=NOTRACEV
P17WR1    EZ390 final_options=TRAP
P17WR1    EZ390 final_options=NOTRUNC
P17WR1    EZ390 final_options=NOTS
P17WR1    EZ390 final_options=VCB
P17WR1    EZ390 final_options=WARN
P17WR1    EZ390 final_options=XREF
P17WR1    EZ390 final_options=ZSTRMAC
P17WR1    EZ390 final_options=CHKMAC=0
P17WR1    EZ390 final_options=CHKSRC=1
P17WR1    EZ390 final_options=ERR=100
P17WR1    EZ390 final_options=MAXCALL=50
P17WR1    EZ390 final_options=MAXDISPLAY=80
P17WR1    EZ390 final_options=MAXESD=1000
P17WR1    EZ390 final_options=MAXFILE=1000
P17WR1    EZ390 final_options=MAXGBL=100000
P17WR1    EZ390 final_options=MAXHEIGHT=600
P17WR1    EZ390 final_options=MAXLCL=100000
P17WR1    EZ390 final_options=MAXLEN=80
P17WR1    EZ390 final_options=MAXLINE=200000
P17WR1    EZ390 final_options=MAXLOG=1000000
P17WR1    EZ390 final_options=MAXPARM=10000
P17WR1    EZ390 final_options=MAXPASS=2
P17WR1    EZ390 final_options=MAXPC=50000
P17WR1    EZ390 final_options=MAXQUE=1000
P17WR1    EZ390 final_options=MAXRLD=10000
P17WR1    EZ390 final_options=MAXSIZE=52428800
P17WR1    EZ390 final_options=MAXSYM=50000
P17WR1    EZ390 final_options=MAXWARN=4
P17WR1    EZ390 final_options=MAXWIDTH=800
P17WR1    EZ390 final_options=MEM=1
P17WR1    EZ390 final_options=MINHEIGHT=150
P17WR1    EZ390 final_options=MINWIDTH=150
P17WR1    EZ390 final_options=MNOTE=0
P17WR1    EZ390 final_options=PARM=
P17WR1    EZ390 final_options=PROFILE=
P17WR1    EZ390 final_options=STATS=C:\Program Files (x86)\Automated Software Tools\z390\mfacc\P17WR1.STA
P17WR1    EZ390 final_options=SYSPARM=
P17WR1    EZ390 final options=SYSTERM=C:\Program Files (x86)\Automated Software Tools\z390\mfacc\rtmfacc.E
P17WR1    EZ390 final_options=RR
P17WR1    EZ390 final_options=TESTDD=
P17WR1    EZ390 final_options=TIME=15
P17WR1    EZ390 final_options=TRACE=
P17WR1    EZ390 final_options=Z390ACROBAT=cmd.exe /c Start
P17WR1    EZ390 final_options=Z390BROWSER=cmd.exe /c Start
P17WR1    EZ390 final_options=Z390COMMAND=cmd.exe
P17WR1    EZ390 final_options=Z390EDITOR=notepad.exe
P17WR1    EZ390 final_options=INSTALL=
P17WR1    EZ390 final_options=IPL=
P17WR1    EZ390 final_options=LOG=C:\Program Files (x86)\Automated Software Tools\z390\mfacc\P17WR1.LOG
P17WR1    EZ390 final_options=SYS390=mfacc\+linklib
P17WR1    EZ390 final_options=SYSBAL=mfacc\
P17WR1    EZ390 final_options=SYSCPY=mfacc\
P17WR1    EZ390 final_options=SYSDAT=mfacc\
P17WR1    EZ390 final_options=SYSERR=mfacc\
P17WR1    EZ390 final_options=SYSLOG=mfacc\
P17WR1    EZ390 final_options=SYSLST=mfacc\
P17WR1    EZ390 final_options=SYSMAC=mfacc\
P17WR1    EZ390 final_options=SYSMLC=mfacc\
P17WR1    EZ390 final_options=SYSPCH=mfacc\
P17WR1    EZ390 final_options=SYSPRN=mfacc\
P17WR1    EZ390 final_options=SYSOBJ=mfacc\
P17WR1    EZ390 final_options=SYSOPT=mfacc\
P17WR1    EZ390 final_options=SYSTRC=mfacc\
P17WR1    EZ390 TCPIO operations      = 0
P17WR1    EZ390 DCB operations        = 0
P17WR1    EZ390 VSAM operations       = 0
P17WR1    EZ390 Keys                  = 2467
P17WR1    EZ390 Key searches          = 2
P17WR1    EZ390 Key avg comps         = 2
P17WR1    EZ390 Key max comps         = 2
P17WR1    EZ390 total errors          = 0
P17WR1    EZ390 ENDED   RC= 0 MEM(MB)= MB IO=203 INS=827
