P1C1      MZ390 START
P1C1      MZ390 Copyright 2011 Automated Software Tools Corporation
P1C1      MZ390 z390 is licensed under GNU General Public License
P1C1      MZ390 program = mfacc\P1C1.MLC
P1C1      MZ390 options = sysmac(C:\PROGRA~2\AUTOMA~1\z390\mac+.) 
  syscpy(C:\PROGRA~2\AUTOMA~1\z390\mac+.) @rt\RT1=(bal notiming stats) 
  systerm(mfacc\rtmfacc)
P1C1      MZ390 final_options=ALIGN
P1C1      MZ390 final_options=NOALLOW
P1C1      MZ390 final_options=NOAMODE24
P1C1      MZ390 final_options=AMODE31
P1C1      MZ390 final_options=NOASCII
P1C1      MZ390 final_options=ASM
P1C1      MZ390 final_options=NOASSIST
P1C1      MZ390 final_options=AUTOLINK
P1C1      MZ390 final_options=BAL
P1C1      MZ390 final_options=NOBS2000
P1C1      MZ390 final_options=EDF
P1C1      MZ390 final_options=NOCICS
P1C1      MZ390 final_options=CODEPAGE(ISO-8859-1+IBM1047)
P1C1      MZ390 final_options=COMMENT
P1C1      MZ390 final_options=CON
P1C1      MZ390 final_options=NODUMP
P1C1      MZ390 final_options=EPILOG
P1C1      MZ390 final_options=NOERRSUM
P1C1      MZ390 final_options=EXTEND
P1C1      MZ390 final_options=FLOAT(DECIMAL)
P1C1      MZ390 final_options=NOGUAM
P1C1      MZ390 final_options=INIT
P1C1      MZ390 final_options=LIST
P1C1      MZ390 final_options=LISTCALL
P1C1      MZ390 final_options=LISTUSE
P1C1      MZ390 final_options=LOADHIGH
P1C1      MZ390 final_options=NOMCALL
P1C1      MZ390 final_options=NOMOD
P1C1      MZ390 final_options=OBJ
P1C1      MZ390 final_options=NOOBJHEX
P1C1      MZ390 final_options=PC
P1C1      MZ390 final_options=PCOPT
P1C1      MZ390 final_options=NOPDSMEM8
P1C1      MZ390 final_options=NOPRINTALL
P1C1      MZ390 final_options=PROLOG
P1C1      MZ390 final_options=PROTECT
P1C1      MZ390 final_options=R64
P1C1      MZ390 final_options=NOREFORMAT
P1C1      MZ390 final_options=NOREGS
P1C1      MZ390 final_options=RMODE24
P1C1      MZ390 final_options=NORMODE31
P1C1      MZ390 final_options=STATS
P1C1      MZ390 final_options=NOTEST
P1C1      MZ390 final_options=THREAD
P1C1      MZ390 final_options=NOTIME
P1C1      MZ390 final_options=NOTIMING
P1C1      MZ390 final_options=NOTRACE
P1C1      MZ390 final_options=NOTRACEA
P1C1      MZ390 final_options=NOTRACEALL
P1C1      MZ390 final_options=NOTRACEC
P1C1      MZ390 final_options=NOTRACEG
P1C1      MZ390 final_options=NOTRACEI
P1C1      MZ390 final_options=NOTRACEL
P1C1      MZ390 final_options=NOTRACEM
P1C1      MZ390 final_options=NOTRACEP
P1C1      MZ390 final_options=NOTRACEQ
P1C1      MZ390 final_options=NOTRACES
P1C1      MZ390 final_options=NOTRACET
P1C1      MZ390 final_options=NOTRACEV
P1C1      MZ390 final_options=TRAP
P1C1      MZ390 final_options=NOTRUNC
P1C1      MZ390 final_options=NOTS
P1C1      MZ390 final_options=VCB
P1C1      MZ390 final_options=WARN
P1C1      MZ390 final_options=XREF
P1C1      MZ390 final_options=ZSTRMAC
P1C1      MZ390 final_options=CHKMAC=0
P1C1      MZ390 final_options=CHKSRC=1
P1C1      MZ390 final_options=ERR=100
P1C1      MZ390 final_options=MAXCALL=50
P1C1      MZ390 final_options=MAXDISPLAY=80
P1C1      MZ390 final_options=MAXESD=1000
P1C1      MZ390 final_options=MAXFILE=1000
P1C1      MZ390 final_options=MAXGBL=100000
P1C1      MZ390 final_options=MAXHEIGHT=600
P1C1      MZ390 final_options=MAXLCL=100000
P1C1      MZ390 final_options=MAXLEN=80
P1C1      MZ390 final_options=MAXLINE=200000
P1C1      MZ390 final_options=MAXLOG=1000000
P1C1      MZ390 final_options=MAXPARM=10000
P1C1      MZ390 final_options=MAXPASS=2
P1C1      MZ390 final_options=MAXPC=50000
P1C1      MZ390 final_options=MAXQUE=1000
P1C1      MZ390 final_options=MAXRLD=10000
P1C1      MZ390 final_options=MAXSIZE=52428800
P1C1      MZ390 final_options=MAXSYM=50000
P1C1      MZ390 final_options=MAXWARN=4
P1C1      MZ390 final_options=MAXWIDTH=800
P1C1      MZ390 final_options=MEM=1
P1C1      MZ390 final_options=MINHEIGHT=150
P1C1      MZ390 final_options=MINWIDTH=150
P1C1      MZ390 final_options=MNOTE=0
P1C1      MZ390 final_options=PARM=
P1C1      MZ390 final_options=PROFILE=
P1C1      MZ390 final_options=STATS=C:\Program Files (x86)\Automated Software Tools\z390\mfacc\P1C1.STA
P1C1      MZ390 final_options=SYSPARM=
P1C1      MZ390 final options=SYSTERM=C:\Program Files (x86)\Automated Software Tools\z390\mfacc\rtmfacc.E
P1C1      MZ390 final_options=RR
P1C1      MZ390 final_options=TESTDD=
P1C1      MZ390 final_options=TIME=15
P1C1      MZ390 final_options=TRACE=
P1C1      MZ390 final_options=Z390ACROBAT=cmd.exe /c Start
P1C1      MZ390 final_options=Z390BROWSER=cmd.exe /c Start
P1C1      MZ390 final_options=Z390COMMAND=cmd.exe
P1C1      MZ390 final_options=Z390EDITOR=notepad.exe
P1C1      MZ390 final_options=INSTALL=
P1C1      MZ390 final_options=IPL=
P1C1      MZ390 final_options=LOG=
P1C1      MZ390 final_options=SYS390=mfacc\+linklib
P1C1      MZ390 final_options=SYSBAL=mfacc\
P1C1      MZ390 final_options=SYSCPY=C:\PROGRA~2\AUTOMA~1\z390\mac+.
P1C1      MZ390 final_options=SYSDAT=mfacc\
P1C1      MZ390 final_options=SYSERR=mfacc\
P1C1      MZ390 final_options=SYSLOG=mfacc\
P1C1      MZ390 final_options=SYSLST=mfacc\
P1C1      MZ390 final_options=SYSMAC=C:\PROGRA~2\AUTOMA~1\z390\mac+.
P1C1      MZ390 final_options=SYSMLC=mfacc\
P1C1      MZ390 final_options=SYSPCH=mfacc\
P1C1      MZ390 final_options=SYSPRN=mfacc\
P1C1      MZ390 final_options=SYSOBJ=mfacc\
P1C1      MZ390 final_options=SYSOPT=mfacc\
P1C1      MZ390 final_options=SYSTRC=mfacc\
P1C1      MZ390 total MLC/MAC loaded  = 369
P1C1      MZ390 total BAL output lines= 133
P1C1      MZ390 total BAL instructions= 21
P1C1      MZ390 total macros          = 4
P1C1      MZ390 total macro loads     = 4
P1C1      MZ390 total macro calls     = 11
P1C1      MZ390 total AENTRY blocks   = 0
P1C1      MZ390 total ACALL  calls    = 0
P1C1      MZ390 total AIF    blocks   = 0
P1C1      MZ390 total ACASE  blocks   = 0
P1C1      MZ390 total AWHILE calls    = 0
P1C1      MZ390 total AUNTIL blocks   = 0
P1C1      MZ390 total global set names= 48
P1C1      MZ390 tot global seta cells = 0
P1C1      MZ390 tot global setb cells = 8
P1C1      MZ390 tot global setc cells = 40
P1C1      MZ390 max local pos parms   = 7
P1C1      MZ390 max local key parms   = 23
P1C1      MZ390 max local set names   = 34
P1C1      MZ390 max local seta cells  = 11
P1C1      MZ390 max local setb cells  = 0
P1C1      MZ390 max local setc cells  = 23
P1C1      MZ390 total array expansions= 0
P1C1      MZ390 total Keys            = 1696
P1C1      MZ390 Key searches          = 3550
P1C1      MZ390 Key avg comps         = 0
P1C1      MZ390 Key max comps         = 3
P1C1      MZ390 total macro line exec = 307
P1C1      MZ390 total pcode line exec = 56
P1C1      MZ390 total pcode line gen. = 62
P1C1      MZ390 total pcode line reuse= 0
P1C1      MZ390 total pcode op   gen. = 244
P1C1      MZ390 total pcode op   exec = 208
P1C1      MZ390 total pcode gen  opt  = 138
P1C1      MZ390 total pcode exec opt  = 0
P1C1      MZ390 FID=  1 ERR= 0 C:\Program Files (x86)\Automated Software Tools\z390\mfacc\P1C1.MLC
P1C1      MZ390 FID=  2 ERR= 0 C:\PROGRA~2\AUTOMA~1\z390\mac\ZMFACC.MAC
P1C1      MZ390 FID=  3 ERR= 0 C:\PROGRA~2\AUTOMA~1\z390\mac\WTO.MAC
P1C1      MZ390 FID=  4 ERR= 0 C:\PROGRA~2\AUTOMA~1\z390\mac\SNAP.MAC
P1C1      MZ390 total mnote warnings  = 1
P1C1      MZ390 total mnote errors    = 0
P1C1      MZ390 max   mnote level     = 4
P1C1      MZ390 total mz390 errors    = 0
P1C1      AZ390 BAL lines             = 133
P1C1      AZ390 symbols               = 58
P1C1      AZ390 Literals              = 6
P1C1      AZ390 alloc passes          = 2
P1C1      AZ390 Keys                  = 1383
P1C1      AZ390 Key searches          = 2171
P1C1      AZ390 Key avg comps         = 0
P1C1      AZ390 Key max comps         = 3
P1C1      AZ390 ESD symbols           = 1
P1C1      AZ390 object bytes          = 436
P1C1      AZ390 object rlds           = 4
P1C1      AZ390 total mnote warnings  = 1
P1C1      AZ390 total mnote errors    = 0
P1C1      AZ390 max   mnote level     = 4
P1C1      AZ390 total mz390 errors    = 0
P1C1      AZ390 total az390 errors    = 0
P1C1      MZ390 ENDED   RC= 4 MEM(MB)= MB IO=1950
P1C1      LZ390 START
P1C1      LZ390 Copyright 2011 Automated Software Tools Corporation
P1C1      LZ390 z390 is licensed under GNU General Public License
P1C1      LZ390 options = @rt\RT1=(bal notiming stats) 
  systerm(mfacc\rtmfacc)
P1C1      LZ390 program = mfacc\P1C1.OBJ
P1C1      LZ390 final_options=ALIGN
P1C1      LZ390 final_options=NOALLOW
P1C1      LZ390 final_options=NOAMODE24
P1C1      LZ390 final_options=AMODE31
P1C1      LZ390 final_options=NOASCII
P1C1      LZ390 final_options=ASM
P1C1      LZ390 final_options=NOASSIST
P1C1      LZ390 final_options=AUTOLINK
P1C1      LZ390 final_options=BAL
P1C1      LZ390 final_options=NOBS2000
P1C1      LZ390 final_options=EDF
P1C1      LZ390 final_options=NOCICS
P1C1      LZ390 final_options=CODEPAGE(ISO-8859-1+IBM1047)
P1C1      LZ390 final_options=COMMENT
P1C1      LZ390 final_options=CON
P1C1      LZ390 final_options=NODUMP
P1C1      LZ390 final_options=EPILOG
P1C1      LZ390 final_options=NOERRSUM
P1C1      LZ390 final_options=EXTEND
P1C1      LZ390 final_options=FLOAT(DECIMAL)
P1C1      LZ390 final_options=NOGUAM
P1C1      LZ390 final_options=INIT
P1C1      LZ390 final_options=LIST
P1C1      LZ390 final_options=LISTCALL
P1C1      LZ390 final_options=LISTUSE
P1C1      LZ390 final_options=LOADHIGH
P1C1      LZ390 final_options=NOMCALL
P1C1      LZ390 final_options=NOMOD
P1C1      LZ390 final_options=OBJ
P1C1      LZ390 final_options=NOOBJHEX
P1C1      LZ390 final_options=PC
P1C1      LZ390 final_options=PCOPT
P1C1      LZ390 final_options=NOPDSMEM8
P1C1      LZ390 final_options=NOPRINTALL
P1C1      LZ390 final_options=PROLOG
P1C1      LZ390 final_options=PROTECT
P1C1      LZ390 final_options=R64
P1C1      LZ390 final_options=NOREFORMAT
P1C1      LZ390 final_options=NOREGS
P1C1      LZ390 final_options=RMODE24
P1C1      LZ390 final_options=NORMODE31
P1C1      LZ390 final_options=STATS
P1C1      LZ390 final_options=NOTEST
P1C1      LZ390 final_options=THREAD
P1C1      LZ390 final_options=NOTIME
P1C1      LZ390 final_options=NOTIMING
P1C1      LZ390 final_options=NOTRACE
P1C1      LZ390 final_options=NOTRACEA
P1C1      LZ390 final_options=NOTRACEALL
P1C1      LZ390 final_options=NOTRACEC
P1C1      LZ390 final_options=NOTRACEG
P1C1      LZ390 final_options=NOTRACEI
P1C1      LZ390 final_options=NOTRACEL
P1C1      LZ390 final_options=NOTRACEM
P1C1      LZ390 final_options=NOTRACEP
P1C1      LZ390 final_options=NOTRACEQ
P1C1      LZ390 final_options=NOTRACES
P1C1      LZ390 final_options=NOTRACET
P1C1      LZ390 final_options=NOTRACEV
P1C1      LZ390 final_options=TRAP
P1C1      LZ390 final_options=NOTRUNC
P1C1      LZ390 final_options=NOTS
P1C1      LZ390 final_options=VCB
P1C1      LZ390 final_options=WARN
P1C1      LZ390 final_options=XREF
P1C1      LZ390 final_options=ZSTRMAC
P1C1      LZ390 final_options=CHKMAC=0
P1C1      LZ390 final_options=CHKSRC=1
P1C1      LZ390 final_options=ERR=100
P1C1      LZ390 final_options=MAXCALL=50
P1C1      LZ390 final_options=MAXDISPLAY=80
P1C1      LZ390 final_options=MAXESD=1000
P1C1      LZ390 final_options=MAXFILE=1000
P1C1      LZ390 final_options=MAXGBL=100000
P1C1      LZ390 final_options=MAXHEIGHT=600
P1C1      LZ390 final_options=MAXLCL=100000
P1C1      LZ390 final_options=MAXLEN=80
P1C1      LZ390 final_options=MAXLINE=200000
P1C1      LZ390 final_options=MAXLOG=1000000
P1C1      LZ390 final_options=MAXPARM=10000
P1C1      LZ390 final_options=MAXPASS=2
P1C1      LZ390 final_options=MAXPC=50000
P1C1      LZ390 final_options=MAXQUE=1000
P1C1      LZ390 final_options=MAXRLD=10000
P1C1      LZ390 final_options=MAXSIZE=52428800
P1C1      LZ390 final_options=MAXSYM=50000
P1C1      LZ390 final_options=MAXWARN=4
P1C1      LZ390 final_options=MAXWIDTH=800
P1C1      LZ390 final_options=MEM=1
P1C1      LZ390 final_options=MINHEIGHT=150
P1C1      LZ390 final_options=MINWIDTH=150
P1C1      LZ390 final_options=MNOTE=0
P1C1      LZ390 final_options=PARM=
P1C1      LZ390 final_options=PROFILE=
P1C1      LZ390 final_options=STATS=C:\Program Files (x86)\Automated Software Tools\z390\mfacc\P1C1.STA
P1C1      LZ390 final_options=SYSPARM=
P1C1      LZ390 final options=SYSTERM=C:\Program Files (x86)\Automated Software Tools\z390\mfacc\rtmfacc.E
P1C1      LZ390 final_options=RR
P1C1      LZ390 final_options=TESTDD=
P1C1      LZ390 final_options=TIME=15
P1C1      LZ390 final_options=TRACE=
P1C1      LZ390 final_options=Z390ACROBAT=cmd.exe /c Start
P1C1      LZ390 final_options=Z390BROWSER=cmd.exe /c Start
P1C1      LZ390 final_options=Z390COMMAND=cmd.exe
P1C1      LZ390 final_options=Z390EDITOR=notepad.exe
P1C1      LZ390 final_options=INSTALL=
P1C1      LZ390 final_options=IPL=
P1C1      LZ390 final_options=LOG=
P1C1      LZ390 final_options=SYS390=mfacc\+linklib
P1C1      LZ390 final_options=SYSBAL=mfacc\
P1C1      LZ390 final_options=SYSCPY=mfacc\
P1C1      LZ390 final_options=SYSDAT=mfacc\
P1C1      LZ390 final_options=SYSERR=mfacc\
P1C1      LZ390 final_options=SYSLOG=mfacc\
P1C1      LZ390 final_options=SYSLST=mfacc\
P1C1      LZ390 final_options=SYSMAC=mfacc\
P1C1      LZ390 final_options=SYSMLC=mfacc\
P1C1      LZ390 final_options=SYSPCH=mfacc\
P1C1      LZ390 final_options=SYSPRN=mfacc\
P1C1      LZ390 final_options=SYSOBJ=mfacc\
P1C1      LZ390 final_options=SYSOPT=mfacc\
P1C1      LZ390 final_options=SYSTRC=mfacc\
P1C1      LZ390 Stats total obj files = 1
P1C1      LZ390 Stats total esds      = 1
P1C1      LZ390 Stats total csects    = 1
P1C1      LZ390 Stats total entries   = 0
P1C1      LZ390 Stats missing wxtrn's = 0
P1C1      LZ390 Stats Keys            = 1
P1C1      LZ390 Stats Key searches    = 2
P1C1      LZ390 Stats Key avg comps   = 0
P1C1      LZ390 Stats Key max comps   = 1
P1C1      LZ390 Stats total obj byte  = 436
P1C1      LZ390 Stats total obj rlds  = 4
P1C1      LZ390 total errors          = 0
P1C1      LZ390 ENDED   RC= 0 MEM(MB)= MB IO=238
P1C1      EZ390 START
P1C1      EZ390 Copyright 2011 Automated Software Tools Corporation
P1C1      EZ390 z390 is licensed under GNU General Public License
P1C1      EZ390 program = mfacc\P1C1.390
P1C1      EZ390 options = @rt\RT1=(bal notiming stats) 
  systerm(mfacc\rtmfacc)
P1C1      EZ390 final_options=ALIGN
P1C1      EZ390 final_options=NOALLOW
P1C1      EZ390 final_options=NOAMODE24
P1C1      EZ390 final_options=AMODE31
P1C1      EZ390 final_options=NOASCII
P1C1      EZ390 final_options=ASM
P1C1      EZ390 final_options=NOASSIST
P1C1      EZ390 final_options=AUTOLINK
P1C1      EZ390 final_options=BAL
P1C1      EZ390 final_options=NOBS2000
P1C1      EZ390 final_options=EDF
P1C1      EZ390 final_options=NOCICS
P1C1      EZ390 final_options=CODEPAGE(ISO-8859-1+IBM1047)
P1C1      EZ390 final_options=COMMENT
P1C1      EZ390 final_options=CON
P1C1      EZ390 final_options=NODUMP
P1C1      EZ390 final_options=EPILOG
P1C1      EZ390 final_options=NOERRSUM
P1C1      EZ390 final_options=EXTEND
P1C1      EZ390 final_options=FLOAT(DECIMAL)
P1C1      EZ390 final_options=NOGUAM
P1C1      EZ390 final_options=INIT
P1C1      EZ390 final_options=LIST
P1C1      EZ390 final_options=LISTCALL
P1C1      EZ390 final_options=LISTUSE
P1C1      EZ390 final_options=LOADHIGH
P1C1      EZ390 final_options=NOMCALL
P1C1      EZ390 final_options=NOMOD
P1C1      EZ390 final_options=OBJ
P1C1      EZ390 final_options=NOOBJHEX
P1C1      EZ390 final_options=PC
P1C1      EZ390 final_options=PCOPT
P1C1      EZ390 final_options=NOPDSMEM8
P1C1      EZ390 final_options=NOPRINTALL
P1C1      EZ390 final_options=PROLOG
P1C1      EZ390 final_options=PROTECT
P1C1      EZ390 final_options=R64
P1C1      EZ390 final_options=NOREFORMAT
P1C1      EZ390 final_options=NOREGS
P1C1      EZ390 final_options=RMODE24
P1C1      EZ390 final_options=NORMODE31
P1C1      EZ390 final_options=STATS
P1C1      EZ390 final_options=NOTEST
P1C1      EZ390 final_options=THREAD
P1C1      EZ390 final_options=NOTIME
P1C1      EZ390 final_options=NOTIMING
P1C1      EZ390 final_options=NOTRACE
P1C1      EZ390 final_options=NOTRACEA
P1C1      EZ390 final_options=NOTRACEALL
P1C1      EZ390 final_options=NOTRACEC
P1C1      EZ390 final_options=NOTRACEG
P1C1      EZ390 final_options=NOTRACEI
P1C1      EZ390 final_options=NOTRACEL
P1C1      EZ390 final_options=NOTRACEM
P1C1      EZ390 final_options=NOTRACEP
P1C1      EZ390 final_options=NOTRACEQ
P1C1      EZ390 final_options=NOTRACES
P1C1      EZ390 final_options=NOTRACET
P1C1      EZ390 final_options=NOTRACEV
P1C1      EZ390 final_options=TRAP
P1C1      EZ390 final_options=NOTRUNC
P1C1      EZ390 final_options=NOTS
P1C1      EZ390 final_options=VCB
P1C1      EZ390 final_options=WARN
P1C1      EZ390 final_options=XREF
P1C1      EZ390 final_options=ZSTRMAC
P1C1      EZ390 final_options=CHKMAC=0
P1C1      EZ390 final_options=CHKSRC=1
P1C1      EZ390 final_options=ERR=100
P1C1      EZ390 final_options=MAXCALL=50
P1C1      EZ390 final_options=MAXDISPLAY=80
P1C1      EZ390 final_options=MAXESD=1000
P1C1      EZ390 final_options=MAXFILE=1000
P1C1      EZ390 final_options=MAXGBL=100000
P1C1      EZ390 final_options=MAXHEIGHT=600
P1C1      EZ390 final_options=MAXLCL=100000
P1C1      EZ390 final_options=MAXLEN=80
P1C1      EZ390 final_options=MAXLINE=200000
P1C1      EZ390 final_options=MAXLOG=1000000
P1C1      EZ390 final_options=MAXPARM=10000
P1C1      EZ390 final_options=MAXPASS=2
P1C1      EZ390 final_options=MAXPC=50000
P1C1      EZ390 final_options=MAXQUE=1000
P1C1      EZ390 final_options=MAXRLD=10000
P1C1      EZ390 final_options=MAXSIZE=52428800
P1C1      EZ390 final_options=MAXSYM=50000
P1C1      EZ390 final_options=MAXWARN=4
P1C1      EZ390 final_options=MAXWIDTH=800
P1C1      EZ390 final_options=MEM=1
P1C1      EZ390 final_options=MINHEIGHT=150
P1C1      EZ390 final_options=MINWIDTH=150
P1C1      EZ390 final_options=MNOTE=0
P1C1      EZ390 final_options=PARM=
P1C1      EZ390 final_options=PROFILE=
P1C1      EZ390 final_options=STATS=C:\Program Files (x86)\Automated Software Tools\z390\mfacc\P1C1.STA
P1C1      EZ390 final_options=SYSPARM=
P1C1      EZ390 final options=SYSTERM=C:\Program Files (x86)\Automated Software Tools\z390\mfacc\rtmfacc.E
P1C1      EZ390 final_options=RR
P1C1      EZ390 final_options=TESTDD=
P1C1      EZ390 final_options=TIME=15
P1C1      EZ390 final_options=TRACE=
P1C1      EZ390 final_options=Z390ACROBAT=cmd.exe /c Start
P1C1      EZ390 final_options=Z390BROWSER=cmd.exe /c Start
P1C1      EZ390 final_options=Z390COMMAND=cmd.exe
P1C1      EZ390 final_options=Z390EDITOR=notepad.exe
P1C1      EZ390 final_options=INSTALL=
P1C1      EZ390 final_options=IPL=
P1C1      EZ390 final_options=LOG=C:\Program Files (x86)\Automated Software Tools\z390\mfacc\P1C1.LOG
P1C1      EZ390 final_options=SYS390=mfacc\+linklib
P1C1      EZ390 final_options=SYSBAL=mfacc\
P1C1      EZ390 final_options=SYSCPY=mfacc\
P1C1      EZ390 final_options=SYSDAT=mfacc\
P1C1      EZ390 final_options=SYSERR=mfacc\
P1C1      EZ390 final_options=SYSLOG=mfacc\
P1C1      EZ390 final_options=SYSLST=mfacc\
P1C1      EZ390 final_options=SYSMAC=mfacc\
P1C1      EZ390 final_options=SYSMLC=mfacc\
P1C1      EZ390 final_options=SYSPCH=mfacc\
P1C1      EZ390 final_options=SYSPRN=mfacc\
P1C1      EZ390 final_options=SYSOBJ=mfacc\
P1C1      EZ390 final_options=SYSOPT=mfacc\
P1C1      EZ390 final_options=SYSTRC=mfacc\
P1C1      EZ390 TCPIO operations      = 0
P1C1      EZ390 DCB operations        = 0
P1C1      EZ390 VSAM operations       = 0
P1C1      EZ390 Keys                  = 2467
P1C1      EZ390 Key searches          = 2
P1C1      EZ390 Key avg comps         = 0
P1C1      EZ390 Key max comps         = 0
P1C1      EZ390 total errors          = 0
P1C1      EZ390 ENDED   RC= 0 MEM(MB)= MB IO=170 INS=28
