P4RAFA2   EZ390 START
EZ390I Copyright 2011 Automated Software Tools Corporation
EZ390I z390 is licensed under GNU General Public License
EZ390I program = mfacc\P4RAFA2.390
EZ390I options = @rt\RT1=(bal notiming stats) 
  systerm(mfacc\rtmfacc)
ZMFACC Solution for problem P4RAFA2 by RAFA using RUNSYS=390
SNAP DUMP ID=1 TEXT=Input Area
 000FFF24 *00000050 0000004C 00000048 00000044* *...&...<...ç...à*
 000FFF34 *00000040 0000003C 00000038 00000034* *... .......?...?*
 000FFF44 *00000030 0000002C 00000028 00000024* *...?...?...?...?*
 000FFF54 *00000020 0000001C 00000018 00000014* *...?...........?*
 000FFF64 *00000010 0000000C 00000008 00000004* *...........?...?*
SNAP DUMP ID=2 TEXT=Output Area
 000FFF24 *00000004 00000008 0000000C 00000010* *...?...?........*
 000FFF34 *00000014 00000018 0000001C 00000020* *...?...........?*
 000FFF44 *00000024 00000028 0000002C 00000030* *...?...?...?...?*
 000FFF54 *00000034 00000038 0000003C 00000040* *...?...?....... *
 000FFF64 *00000044 00000048 0000004C 00000050* *...à...ç...<...&*
EZ390I total errors         = 0
P4RAFA2   EZ390 ENDED   RC= 0 MEM(MB)= MB IO=174 INS=1380
