P8LM1     LZ390 START
LZ390I Copyright 2011 Automated Software Tools Corporation
LZ390I z390 is licensed under GNU General Public License
LZ390I options = @rt\RT1=(bal notiming stats) 
  systerm(mfacc\rtmfacc)
LZ390I program = mfacc\P8LM1.OBJ
LZ390I ESD=P8LM1    LOC=00000000 LEN=000003A0
LZ390I INCLUDE = mfacc\P8LM1.OBJ
LZ390I RLD LOC=00000278 FLD=000001C4 EXT=00000000
LZ390I RLD LOC=0000027C FLD=000001F1 EXT=00000000
LZ390I RLD LOC=000002C0 FLD=000001F8 EXT=00000000
LZ390I RLD LOC=000002C4 FLD=000001C4 EXT=00000000
LZ390I RLD LOC=000002C8 FLD=000001C4 EXT=00000000
LZ390I RLD LOC=000002CC FLD=000001F1 EXT=00000000
LZ390I RLD LOC=00000314 FLD=00000218 EXT=00000000
LZ390I RLD LOC=00000318 FLD=00000218 EXT=00000000
LZ390I RLD LOC=0000031C FLD=00000245 EXT=00000000
LZ390I RLD LOC=0000035C FLD=000001C4 EXT=00000000
LZ390I RLD LOC=00000360 FLD=000001F1 EXT=00000000
LZ390I total errors         = 0
P8LM1     LZ390 ENDED   RC= 0 MEM(MB)= MB IO=335
