P8MM1     MZ390 START
P8MM1     MZ390 Copyright 2011 Automated Software Tools Corporation
P8MM1     MZ390 z390 is licensed under GNU General Public License
P8MM1     MZ390 program = mfacc\P8MM1.MLC
P8MM1     MZ390 options = sysmac(C:\PROGRA~2\AUTOMA~1\z390\mac+.) 
  syscpy(C:\PROGRA~2\AUTOMA~1\z390\mac+.) @rt\RT1=(bal notiming stats) 
  systerm(mfacc\rtmfacc)
P8MM1     MZ390 final_options=ALIGN
P8MM1     MZ390 final_options=NOALLOW
P8MM1     MZ390 final_options=NOAMODE24
P8MM1     MZ390 final_options=AMODE31
P8MM1     MZ390 final_options=NOASCII
P8MM1     MZ390 final_options=ASM
P8MM1     MZ390 final_options=NOASSIST
P8MM1     MZ390 final_options=AUTOLINK
P8MM1     MZ390 final_options=BAL
P8MM1     MZ390 final_options=NOBS2000
P8MM1     MZ390 final_options=EDF
P8MM1     MZ390 final_options=NOCICS
P8MM1     MZ390 final_options=CODEPAGE(ISO-8859-1+IBM1047)
P8MM1     MZ390 final_options=COMMENT
P8MM1     MZ390 final_options=CON
P8MM1     MZ390 final_options=NODUMP
P8MM1     MZ390 final_options=EPILOG
P8MM1     MZ390 final_options=NOERRSUM
P8MM1     MZ390 final_options=EXTEND
P8MM1     MZ390 final_options=FLOAT(DECIMAL)
P8MM1     MZ390 final_options=NOGUAM
P8MM1     MZ390 final_options=INIT
P8MM1     MZ390 final_options=LIST
P8MM1     MZ390 final_options=LISTCALL
P8MM1     MZ390 final_options=LISTUSE
P8MM1     MZ390 final_options=LOADHIGH
P8MM1     MZ390 final_options=NOMCALL
P8MM1     MZ390 final_options=NOMOD
P8MM1     MZ390 final_options=OBJ
P8MM1     MZ390 final_options=NOOBJHEX
P8MM1     MZ390 final_options=PC
P8MM1     MZ390 final_options=PCOPT
P8MM1     MZ390 final_options=NOPDSMEM8
P8MM1     MZ390 final_options=NOPRINTALL
P8MM1     MZ390 final_options=PROLOG
P8MM1     MZ390 final_options=PROTECT
P8MM1     MZ390 final_options=R64
P8MM1     MZ390 final_options=NOREFORMAT
P8MM1     MZ390 final_options=NOREGS
P8MM1     MZ390 final_options=RMODE24
P8MM1     MZ390 final_options=NORMODE31
P8MM1     MZ390 final_options=STATS
P8MM1     MZ390 final_options=NOTEST
P8MM1     MZ390 final_options=THREAD
P8MM1     MZ390 final_options=NOTIME
P8MM1     MZ390 final_options=NOTIMING
P8MM1     MZ390 final_options=NOTRACE
P8MM1     MZ390 final_options=NOTRACEA
P8MM1     MZ390 final_options=NOTRACEALL
P8MM1     MZ390 final_options=NOTRACEC
P8MM1     MZ390 final_options=NOTRACEG
P8MM1     MZ390 final_options=NOTRACEI
P8MM1     MZ390 final_options=NOTRACEL
P8MM1     MZ390 final_options=NOTRACEM
P8MM1     MZ390 final_options=NOTRACEP
P8MM1     MZ390 final_options=NOTRACEQ
P8MM1     MZ390 final_options=NOTRACES
P8MM1     MZ390 final_options=NOTRACET
P8MM1     MZ390 final_options=NOTRACEV
P8MM1     MZ390 final_options=TRAP
P8MM1     MZ390 final_options=NOTRUNC
P8MM1     MZ390 final_options=NOTS
P8MM1     MZ390 final_options=VCB
P8MM1     MZ390 final_options=WARN
P8MM1     MZ390 final_options=XREF
P8MM1     MZ390 final_options=ZSTRMAC
P8MM1     MZ390 final_options=CHKMAC=0
P8MM1     MZ390 final_options=CHKSRC=1
P8MM1     MZ390 final_options=ERR=100
P8MM1     MZ390 final_options=MAXCALL=50
P8MM1     MZ390 final_options=MAXDISPLAY=80
P8MM1     MZ390 final_options=MAXESD=1000
P8MM1     MZ390 final_options=MAXFILE=1000
P8MM1     MZ390 final_options=MAXGBL=100000
P8MM1     MZ390 final_options=MAXHEIGHT=600
P8MM1     MZ390 final_options=MAXLCL=100000
P8MM1     MZ390 final_options=MAXLEN=80
P8MM1     MZ390 final_options=MAXLINE=200000
P8MM1     MZ390 final_options=MAXLOG=1000000
P8MM1     MZ390 final_options=MAXPARM=10000
P8MM1     MZ390 final_options=MAXPASS=2
P8MM1     MZ390 final_options=MAXPC=50000
P8MM1     MZ390 final_options=MAXQUE=1000
P8MM1     MZ390 final_options=MAXRLD=10000
P8MM1     MZ390 final_options=MAXSIZE=52428800
P8MM1     MZ390 final_options=MAXSYM=50000
P8MM1     MZ390 final_options=MAXWARN=4
P8MM1     MZ390 final_options=MAXWIDTH=800
P8MM1     MZ390 final_options=MEM=1
P8MM1     MZ390 final_options=MINHEIGHT=150
P8MM1     MZ390 final_options=MINWIDTH=150
P8MM1     MZ390 final_options=MNOTE=0
P8MM1     MZ390 final_options=PARM=
P8MM1     MZ390 final_options=PROFILE=
P8MM1     MZ390 final_options=STATS=C:\Program Files (x86)\Automated Software Tools\z390\mfacc\P8MM1.STA
P8MM1     MZ390 final_options=SYSPARM=
P8MM1     MZ390 final options=SYSTERM=C:\Program Files (x86)\Automated Software Tools\z390\mfacc\rtmfacc.E
P8MM1     MZ390 final_options=RR
P8MM1     MZ390 final_options=TESTDD=
P8MM1     MZ390 final_options=TIME=15
P8MM1     MZ390 final_options=TRACE=
P8MM1     MZ390 final_options=Z390ACROBAT=cmd.exe /c Start
P8MM1     MZ390 final_options=Z390BROWSER=cmd.exe /c Start
P8MM1     MZ390 final_options=Z390COMMAND=cmd.exe
P8MM1     MZ390 final_options=Z390EDITOR=notepad.exe
P8MM1     MZ390 final_options=INSTALL=
P8MM1     MZ390 final_options=IPL=
P8MM1     MZ390 final_options=LOG=
P8MM1     MZ390 final_options=SYS390=mfacc\+linklib
P8MM1     MZ390 final_options=SYSBAL=mfacc\
P8MM1     MZ390 final_options=SYSCPY=C:\PROGRA~2\AUTOMA~1\z390\mac+.
P8MM1     MZ390 final_options=SYSDAT=mfacc\
P8MM1     MZ390 final_options=SYSERR=mfacc\
P8MM1     MZ390 final_options=SYSLOG=mfacc\
P8MM1     MZ390 final_options=SYSLST=mfacc\
P8MM1     MZ390 final_options=SYSMAC=C:\PROGRA~2\AUTOMA~1\z390\mac+.
P8MM1     MZ390 final_options=SYSMLC=mfacc\
P8MM1     MZ390 final_options=SYSPCH=mfacc\
P8MM1     MZ390 final_options=SYSPRN=mfacc\
P8MM1     MZ390 final_options=SYSOBJ=mfacc\
P8MM1     MZ390 final_options=SYSOPT=mfacc\
P8MM1     MZ390 final_options=SYSTRC=mfacc\
P8MM1     MZ390 total MLC/MAC loaded  = 492
P8MM1     MZ390 total BAL output lines= 239
P8MM1     MZ390 total BAL instructions= 36
P8MM1     MZ390 total macros          = 5
P8MM1     MZ390 total macro loads     = 5
P8MM1     MZ390 total macro calls     = 14
P8MM1     MZ390 total AENTRY blocks   = 0
P8MM1     MZ390 total ACALL  calls    = 0
P8MM1     MZ390 total AIF    blocks   = 0
P8MM1     MZ390 total ACASE  blocks   = 0
P8MM1     MZ390 total AWHILE calls    = 0
P8MM1     MZ390 total AUNTIL blocks   = 0
P8MM1     MZ390 total global set names= 49
P8MM1     MZ390 tot global seta cells = 0
P8MM1     MZ390 tot global setb cells = 9
P8MM1     MZ390 tot global setc cells = 40
P8MM1     MZ390 max local pos parms   = 7
P8MM1     MZ390 max local key parms   = 23
P8MM1     MZ390 max local set names   = 34
P8MM1     MZ390 max local seta cells  = 11
P8MM1     MZ390 max local setb cells  = 0
P8MM1     MZ390 max local setc cells  = 23
P8MM1     MZ390 total array expansions= 0
P8MM1     MZ390 total Keys            = 1764
P8MM1     MZ390 Key searches          = 4216
P8MM1     MZ390 Key avg comps         = 0
P8MM1     MZ390 Key max comps         = 3
P8MM1     MZ390 total macro line exec = 460
P8MM1     MZ390 total pcode line exec = 86
P8MM1     MZ390 total pcode line gen. = 69
P8MM1     MZ390 total pcode line reuse= 0
P8MM1     MZ390 total pcode op   gen. = 274
P8MM1     MZ390 total pcode op   exec = 340
P8MM1     MZ390 total pcode gen  opt  = 154
P8MM1     MZ390 total pcode exec opt  = 0
P8MM1     MZ390 FID=  1 ERR= 0 C:\Program Files (x86)\Automated Software Tools\z390\mfacc\P8MM1.MLC
P8MM1     MZ390 FID=  2 ERR= 0 C:\PROGRA~2\AUTOMA~1\z390\mac\ZMFACC.MAC
P8MM1     MZ390 FID=  3 ERR= 0 C:\PROGRA~2\AUTOMA~1\z390\mac\WTO.MAC
P8MM1     MZ390 FID=  4 ERR= 0 C:\PROGRA~2\AUTOMA~1\z390\mac\SNAP.MAC
P8MM1     MZ390 FID=  5 ERR= 0 C:\PROGRA~2\AUTOMA~1\z390\mac\CTD.MAC
P8MM1     MZ390 total mnote warnings  = 0
P8MM1     MZ390 total mnote errors    = 0
P8MM1     MZ390 max   mnote level     = 0
P8MM1     MZ390 total mz390 errors    = 0
P8MM1     AZ390 BAL lines             = 239
P8MM1     AZ390 symbols               = 80
P8MM1     AZ390 Literals              = 16
P8MM1     AZ390 alloc passes          = 2
P8MM1     AZ390 Keys                  = 1415
P8MM1     AZ390 Key searches          = 3046
P8MM1     AZ390 Key avg comps         = 0
P8MM1     AZ390 Key max comps         = 3
P8MM1     AZ390 ESD symbols           = 1
P8MM1     AZ390 object bytes          = 826
P8MM1     AZ390 object rlds           = 8
P8MM1     AZ390 total mnote warnings  = 0
P8MM1     AZ390 total mnote errors    = 0
P8MM1     AZ390 max   mnote level     = 0
P8MM1     AZ390 total mz390 errors    = 0
P8MM1     AZ390 total az390 errors    = 0
P8MM1     MZ390 ENDED   RC= 0 MEM(MB)= MB IO=2694
P8MM1     LZ390 START
P8MM1     LZ390 Copyright 2011 Automated Software Tools Corporation
P8MM1     LZ390 z390 is licensed under GNU General Public License
P8MM1     LZ390 options = @rt\RT1=(bal notiming stats) 
  systerm(mfacc\rtmfacc)
P8MM1     LZ390 program = mfacc\P8MM1.OBJ
P8MM1     LZ390 final_options=ALIGN
P8MM1     LZ390 final_options=NOALLOW
P8MM1     LZ390 final_options=NOAMODE24
P8MM1     LZ390 final_options=AMODE31
P8MM1     LZ390 final_options=NOASCII
P8MM1     LZ390 final_options=ASM
P8MM1     LZ390 final_options=NOASSIST
P8MM1     LZ390 final_options=AUTOLINK
P8MM1     LZ390 final_options=BAL
P8MM1     LZ390 final_options=NOBS2000
P8MM1     LZ390 final_options=EDF
P8MM1     LZ390 final_options=NOCICS
P8MM1     LZ390 final_options=CODEPAGE(ISO-8859-1+IBM1047)
P8MM1     LZ390 final_options=COMMENT
P8MM1     LZ390 final_options=CON
P8MM1     LZ390 final_options=NODUMP
P8MM1     LZ390 final_options=EPILOG
P8MM1     LZ390 final_options=NOERRSUM
P8MM1     LZ390 final_options=EXTEND
P8MM1     LZ390 final_options=FLOAT(DECIMAL)
P8MM1     LZ390 final_options=NOGUAM
P8MM1     LZ390 final_options=INIT
P8MM1     LZ390 final_options=LIST
P8MM1     LZ390 final_options=LISTCALL
P8MM1     LZ390 final_options=LISTUSE
P8MM1     LZ390 final_options=LOADHIGH
P8MM1     LZ390 final_options=NOMCALL
P8MM1     LZ390 final_options=NOMOD
P8MM1     LZ390 final_options=OBJ
P8MM1     LZ390 final_options=NOOBJHEX
P8MM1     LZ390 final_options=PC
P8MM1     LZ390 final_options=PCOPT
P8MM1     LZ390 final_options=NOPDSMEM8
P8MM1     LZ390 final_options=NOPRINTALL
P8MM1     LZ390 final_options=PROLOG
P8MM1     LZ390 final_options=PROTECT
P8MM1     LZ390 final_options=R64
P8MM1     LZ390 final_options=NOREFORMAT
P8MM1     LZ390 final_options=NOREGS
P8MM1     LZ390 final_options=RMODE24
P8MM1     LZ390 final_options=NORMODE31
P8MM1     LZ390 final_options=STATS
P8MM1     LZ390 final_options=NOTEST
P8MM1     LZ390 final_options=THREAD
P8MM1     LZ390 final_options=NOTIME
P8MM1     LZ390 final_options=NOTIMING
P8MM1     LZ390 final_options=NOTRACE
P8MM1     LZ390 final_options=NOTRACEA
P8MM1     LZ390 final_options=NOTRACEALL
P8MM1     LZ390 final_options=NOTRACEC
P8MM1     LZ390 final_options=NOTRACEG
P8MM1     LZ390 final_options=NOTRACEI
P8MM1     LZ390 final_options=NOTRACEL
P8MM1     LZ390 final_options=NOTRACEM
P8MM1     LZ390 final_options=NOTRACEP
P8MM1     LZ390 final_options=NOTRACEQ
P8MM1     LZ390 final_options=NOTRACES
P8MM1     LZ390 final_options=NOTRACET
P8MM1     LZ390 final_options=NOTRACEV
P8MM1     LZ390 final_options=TRAP
P8MM1     LZ390 final_options=NOTRUNC
P8MM1     LZ390 final_options=NOTS
P8MM1     LZ390 final_options=VCB
P8MM1     LZ390 final_options=WARN
P8MM1     LZ390 final_options=XREF
P8MM1     LZ390 final_options=ZSTRMAC
P8MM1     LZ390 final_options=CHKMAC=0
P8MM1     LZ390 final_options=CHKSRC=1
P8MM1     LZ390 final_options=ERR=100
P8MM1     LZ390 final_options=MAXCALL=50
P8MM1     LZ390 final_options=MAXDISPLAY=80
P8MM1     LZ390 final_options=MAXESD=1000
P8MM1     LZ390 final_options=MAXFILE=1000
P8MM1     LZ390 final_options=MAXGBL=100000
P8MM1     LZ390 final_options=MAXHEIGHT=600
P8MM1     LZ390 final_options=MAXLCL=100000
P8MM1     LZ390 final_options=MAXLEN=80
P8MM1     LZ390 final_options=MAXLINE=200000
P8MM1     LZ390 final_options=MAXLOG=1000000
P8MM1     LZ390 final_options=MAXPARM=10000
P8MM1     LZ390 final_options=MAXPASS=2
P8MM1     LZ390 final_options=MAXPC=50000
P8MM1     LZ390 final_options=MAXQUE=1000
P8MM1     LZ390 final_options=MAXRLD=10000
P8MM1     LZ390 final_options=MAXSIZE=52428800
P8MM1     LZ390 final_options=MAXSYM=50000
P8MM1     LZ390 final_options=MAXWARN=4
P8MM1     LZ390 final_options=MAXWIDTH=800
P8MM1     LZ390 final_options=MEM=1
P8MM1     LZ390 final_options=MINHEIGHT=150
P8MM1     LZ390 final_options=MINWIDTH=150
P8MM1     LZ390 final_options=MNOTE=0
P8MM1     LZ390 final_options=PARM=
P8MM1     LZ390 final_options=PROFILE=
P8MM1     LZ390 final_options=STATS=C:\Program Files (x86)\Automated Software Tools\z390\mfacc\P8MM1.STA
P8MM1     LZ390 final_options=SYSPARM=
P8MM1     LZ390 final options=SYSTERM=C:\Program Files (x86)\Automated Software Tools\z390\mfacc\rtmfacc.E
P8MM1     LZ390 final_options=RR
P8MM1     LZ390 final_options=TESTDD=
P8MM1     LZ390 final_options=TIME=15
P8MM1     LZ390 final_options=TRACE=
P8MM1     LZ390 final_options=Z390ACROBAT=cmd.exe /c Start
P8MM1     LZ390 final_options=Z390BROWSER=cmd.exe /c Start
P8MM1     LZ390 final_options=Z390COMMAND=cmd.exe
P8MM1     LZ390 final_options=Z390EDITOR=notepad.exe
P8MM1     LZ390 final_options=INSTALL=
P8MM1     LZ390 final_options=IPL=
P8MM1     LZ390 final_options=LOG=
P8MM1     LZ390 final_options=SYS390=mfacc\+linklib
P8MM1     LZ390 final_options=SYSBAL=mfacc\
P8MM1     LZ390 final_options=SYSCPY=mfacc\
P8MM1     LZ390 final_options=SYSDAT=mfacc\
P8MM1     LZ390 final_options=SYSERR=mfacc\
P8MM1     LZ390 final_options=SYSLOG=mfacc\
P8MM1     LZ390 final_options=SYSLST=mfacc\
P8MM1     LZ390 final_options=SYSMAC=mfacc\
P8MM1     LZ390 final_options=SYSMLC=mfacc\
P8MM1     LZ390 final_options=SYSPCH=mfacc\
P8MM1     LZ390 final_options=SYSPRN=mfacc\
P8MM1     LZ390 final_options=SYSOBJ=mfacc\
P8MM1     LZ390 final_options=SYSOPT=mfacc\
P8MM1     LZ390 final_options=SYSTRC=mfacc\
P8MM1     LZ390 Stats total obj files = 1
P8MM1     LZ390 Stats total esds      = 1
P8MM1     LZ390 Stats total csects    = 1
P8MM1     LZ390 Stats total entries   = 0
P8MM1     LZ390 Stats missing wxtrn's = 0
P8MM1     LZ390 Stats Keys            = 1
P8MM1     LZ390 Stats Key searches    = 2
P8MM1     LZ390 Stats Key avg comps   = 0
P8MM1     LZ390 Stats Key max comps   = 1
P8MM1     LZ390 Stats total obj byte  = 826
P8MM1     LZ390 Stats total obj rlds  = 8
P8MM1     LZ390 total errors          = 0
P8MM1     LZ390 ENDED   RC= 0 MEM(MB)= MB IO=308
P8MM1     EZ390 START
P8MM1     EZ390 Copyright 2011 Automated Software Tools Corporation
P8MM1     EZ390 z390 is licensed under GNU General Public License
P8MM1     EZ390 program = mfacc\P8MM1.390
P8MM1     EZ390 options = @rt\RT1=(bal notiming stats) 
  systerm(mfacc\rtmfacc)
P8MM1     EZ390 final_options=ALIGN
P8MM1     EZ390 final_options=NOALLOW
P8MM1     EZ390 final_options=NOAMODE24
P8MM1     EZ390 final_options=AMODE31
P8MM1     EZ390 final_options=NOASCII
P8MM1     EZ390 final_options=ASM
P8MM1     EZ390 final_options=NOASSIST
P8MM1     EZ390 final_options=AUTOLINK
P8MM1     EZ390 final_options=BAL
P8MM1     EZ390 final_options=NOBS2000
P8MM1     EZ390 final_options=EDF
P8MM1     EZ390 final_options=NOCICS
P8MM1     EZ390 final_options=CODEPAGE(ISO-8859-1+IBM1047)
P8MM1     EZ390 final_options=COMMENT
P8MM1     EZ390 final_options=CON
P8MM1     EZ390 final_options=NODUMP
P8MM1     EZ390 final_options=EPILOG
P8MM1     EZ390 final_options=NOERRSUM
P8MM1     EZ390 final_options=EXTEND
P8MM1     EZ390 final_options=FLOAT(DECIMAL)
P8MM1     EZ390 final_options=NOGUAM
P8MM1     EZ390 final_options=INIT
P8MM1     EZ390 final_options=LIST
P8MM1     EZ390 final_options=LISTCALL
P8MM1     EZ390 final_options=LISTUSE
P8MM1     EZ390 final_options=LOADHIGH
P8MM1     EZ390 final_options=NOMCALL
P8MM1     EZ390 final_options=NOMOD
P8MM1     EZ390 final_options=OBJ
P8MM1     EZ390 final_options=NOOBJHEX
P8MM1     EZ390 final_options=PC
P8MM1     EZ390 final_options=PCOPT
P8MM1     EZ390 final_options=NOPDSMEM8
P8MM1     EZ390 final_options=NOPRINTALL
P8MM1     EZ390 final_options=PROLOG
P8MM1     EZ390 final_options=PROTECT
P8MM1     EZ390 final_options=R64
P8MM1     EZ390 final_options=NOREFORMAT
P8MM1     EZ390 final_options=NOREGS
P8MM1     EZ390 final_options=RMODE24
P8MM1     EZ390 final_options=NORMODE31
P8MM1     EZ390 final_options=STATS
P8MM1     EZ390 final_options=NOTEST
P8MM1     EZ390 final_options=THREAD
P8MM1     EZ390 final_options=NOTIME
P8MM1     EZ390 final_options=NOTIMING
P8MM1     EZ390 final_options=NOTRACE
P8MM1     EZ390 final_options=NOTRACEA
P8MM1     EZ390 final_options=NOTRACEALL
P8MM1     EZ390 final_options=NOTRACEC
P8MM1     EZ390 final_options=NOTRACEG
P8MM1     EZ390 final_options=NOTRACEI
P8MM1     EZ390 final_options=NOTRACEL
P8MM1     EZ390 final_options=NOTRACEM
P8MM1     EZ390 final_options=NOTRACEP
P8MM1     EZ390 final_options=NOTRACEQ
P8MM1     EZ390 final_options=NOTRACES
P8MM1     EZ390 final_options=NOTRACET
P8MM1     EZ390 final_options=NOTRACEV
P8MM1     EZ390 final_options=TRAP
P8MM1     EZ390 final_options=NOTRUNC
P8MM1     EZ390 final_options=NOTS
P8MM1     EZ390 final_options=VCB
P8MM1     EZ390 final_options=WARN
P8MM1     EZ390 final_options=XREF
P8MM1     EZ390 final_options=ZSTRMAC
P8MM1     EZ390 final_options=CHKMAC=0
P8MM1     EZ390 final_options=CHKSRC=1
P8MM1     EZ390 final_options=ERR=100
P8MM1     EZ390 final_options=MAXCALL=50
P8MM1     EZ390 final_options=MAXDISPLAY=80
P8MM1     EZ390 final_options=MAXESD=1000
P8MM1     EZ390 final_options=MAXFILE=1000
P8MM1     EZ390 final_options=MAXGBL=100000
P8MM1     EZ390 final_options=MAXHEIGHT=600
P8MM1     EZ390 final_options=MAXLCL=100000
P8MM1     EZ390 final_options=MAXLEN=80
P8MM1     EZ390 final_options=MAXLINE=200000
P8MM1     EZ390 final_options=MAXLOG=1000000
P8MM1     EZ390 final_options=MAXPARM=10000
P8MM1     EZ390 final_options=MAXPASS=2
P8MM1     EZ390 final_options=MAXPC=50000
P8MM1     EZ390 final_options=MAXQUE=1000
P8MM1     EZ390 final_options=MAXRLD=10000
P8MM1     EZ390 final_options=MAXSIZE=52428800
P8MM1     EZ390 final_options=MAXSYM=50000
P8MM1     EZ390 final_options=MAXWARN=4
P8MM1     EZ390 final_options=MAXWIDTH=800
P8MM1     EZ390 final_options=MEM=1
P8MM1     EZ390 final_options=MINHEIGHT=150
P8MM1     EZ390 final_options=MINWIDTH=150
P8MM1     EZ390 final_options=MNOTE=0
P8MM1     EZ390 final_options=PARM=
P8MM1     EZ390 final_options=PROFILE=
P8MM1     EZ390 final_options=STATS=C:\Program Files (x86)\Automated Software Tools\z390\mfacc\P8MM1.STA
P8MM1     EZ390 final_options=SYSPARM=
P8MM1     EZ390 final options=SYSTERM=C:\Program Files (x86)\Automated Software Tools\z390\mfacc\rtmfacc.E
P8MM1     EZ390 final_options=RR
P8MM1     EZ390 final_options=TESTDD=
P8MM1     EZ390 final_options=TIME=15
P8MM1     EZ390 final_options=TRACE=
P8MM1     EZ390 final_options=Z390ACROBAT=cmd.exe /c Start
P8MM1     EZ390 final_options=Z390BROWSER=cmd.exe /c Start
P8MM1     EZ390 final_options=Z390COMMAND=cmd.exe
P8MM1     EZ390 final_options=Z390EDITOR=notepad.exe
P8MM1     EZ390 final_options=INSTALL=
P8MM1     EZ390 final_options=IPL=
P8MM1     EZ390 final_options=LOG=C:\Program Files (x86)\Automated Software Tools\z390\mfacc\P8MM1.LOG
P8MM1     EZ390 final_options=SYS390=mfacc\+linklib
P8MM1     EZ390 final_options=SYSBAL=mfacc\
P8MM1     EZ390 final_options=SYSCPY=mfacc\
P8MM1     EZ390 final_options=SYSDAT=mfacc\
P8MM1     EZ390 final_options=SYSERR=mfacc\
P8MM1     EZ390 final_options=SYSLOG=mfacc\
P8MM1     EZ390 final_options=SYSLST=mfacc\
P8MM1     EZ390 final_options=SYSMAC=mfacc\
P8MM1     EZ390 final_options=SYSMLC=mfacc\
P8MM1     EZ390 final_options=SYSPCH=mfacc\
P8MM1     EZ390 final_options=SYSPRN=mfacc\
P8MM1     EZ390 final_options=SYSOBJ=mfacc\
P8MM1     EZ390 final_options=SYSOPT=mfacc\
P8MM1     EZ390 final_options=SYSTRC=mfacc\
P8MM1     EZ390 TCPIO operations      = 0
P8MM1     EZ390 DCB operations        = 0
P8MM1     EZ390 VSAM operations       = 0
P8MM1     EZ390 Keys                  = 2467
P8MM1     EZ390 Key searches          = 2
P8MM1     EZ390 Key avg comps         = 0
P8MM1     EZ390 Key max comps         = 0
P8MM1     EZ390 total errors          = 0
P8MM1     EZ390 ENDED   RC= 0 MEM(MB)= MB IO=179 INS=1640
