P9DSH1    MZ390 START
P9DSH1    MZ390 Copyright 2011 Automated Software Tools Corporation
P9DSH1    MZ390 z390 is licensed under GNU General Public License
P9DSH1    MZ390 program = mfacc\P9DSH1.MLC
P9DSH1    MZ390 options = sysmac(C:\PROGRA~2\AUTOMA~1\z390\mac+.) 
  syscpy(C:\PROGRA~2\AUTOMA~1\z390\mac+.) @rt\RT1=(bal notiming stats) 
  systerm(mfacc\rtmfacc)
P9DSH1    MZ390 final_options=ALIGN
P9DSH1    MZ390 final_options=NOALLOW
P9DSH1    MZ390 final_options=NOAMODE24
P9DSH1    MZ390 final_options=AMODE31
P9DSH1    MZ390 final_options=NOASCII
P9DSH1    MZ390 final_options=ASM
P9DSH1    MZ390 final_options=NOASSIST
P9DSH1    MZ390 final_options=AUTOLINK
P9DSH1    MZ390 final_options=BAL
P9DSH1    MZ390 final_options=NOBS2000
P9DSH1    MZ390 final_options=EDF
P9DSH1    MZ390 final_options=NOCICS
P9DSH1    MZ390 final_options=CODEPAGE(ISO-8859-1+IBM1047)
P9DSH1    MZ390 final_options=COMMENT
P9DSH1    MZ390 final_options=CON
P9DSH1    MZ390 final_options=NODUMP
P9DSH1    MZ390 final_options=EPILOG
P9DSH1    MZ390 final_options=NOERRSUM
P9DSH1    MZ390 final_options=EXTEND
P9DSH1    MZ390 final_options=FLOAT(DECIMAL)
P9DSH1    MZ390 final_options=NOGUAM
P9DSH1    MZ390 final_options=INIT
P9DSH1    MZ390 final_options=LIST
P9DSH1    MZ390 final_options=LISTCALL
P9DSH1    MZ390 final_options=LISTUSE
P9DSH1    MZ390 final_options=LOADHIGH
P9DSH1    MZ390 final_options=NOMCALL
P9DSH1    MZ390 final_options=NOMOD
P9DSH1    MZ390 final_options=OBJ
P9DSH1    MZ390 final_options=NOOBJHEX
P9DSH1    MZ390 final_options=PC
P9DSH1    MZ390 final_options=PCOPT
P9DSH1    MZ390 final_options=NOPDSMEM8
P9DSH1    MZ390 final_options=NOPRINTALL
P9DSH1    MZ390 final_options=PROLOG
P9DSH1    MZ390 final_options=PROTECT
P9DSH1    MZ390 final_options=R64
P9DSH1    MZ390 final_options=NOREFORMAT
P9DSH1    MZ390 final_options=NOREGS
P9DSH1    MZ390 final_options=RMODE24
P9DSH1    MZ390 final_options=NORMODE31
P9DSH1    MZ390 final_options=STATS
P9DSH1    MZ390 final_options=NOTEST
P9DSH1    MZ390 final_options=THREAD
P9DSH1    MZ390 final_options=NOTIME
P9DSH1    MZ390 final_options=NOTIMING
P9DSH1    MZ390 final_options=NOTRACE
P9DSH1    MZ390 final_options=NOTRACEA
P9DSH1    MZ390 final_options=NOTRACEALL
P9DSH1    MZ390 final_options=NOTRACEC
P9DSH1    MZ390 final_options=NOTRACEG
P9DSH1    MZ390 final_options=NOTRACEI
P9DSH1    MZ390 final_options=NOTRACEL
P9DSH1    MZ390 final_options=NOTRACEM
P9DSH1    MZ390 final_options=NOTRACEP
P9DSH1    MZ390 final_options=NOTRACEQ
P9DSH1    MZ390 final_options=NOTRACES
P9DSH1    MZ390 final_options=NOTRACET
P9DSH1    MZ390 final_options=NOTRACEV
P9DSH1    MZ390 final_options=TRAP
P9DSH1    MZ390 final_options=NOTRUNC
P9DSH1    MZ390 final_options=NOTS
P9DSH1    MZ390 final_options=VCB
P9DSH1    MZ390 final_options=WARN
P9DSH1    MZ390 final_options=XREF
P9DSH1    MZ390 final_options=ZSTRMAC
P9DSH1    MZ390 final_options=CHKMAC=0
P9DSH1    MZ390 final_options=CHKSRC=1
P9DSH1    MZ390 final_options=ERR=100
P9DSH1    MZ390 final_options=MAXCALL=50
P9DSH1    MZ390 final_options=MAXDISPLAY=80
P9DSH1    MZ390 final_options=MAXESD=1000
P9DSH1    MZ390 final_options=MAXFILE=1000
P9DSH1    MZ390 final_options=MAXGBL=100000
P9DSH1    MZ390 final_options=MAXHEIGHT=600
P9DSH1    MZ390 final_options=MAXLCL=100000
P9DSH1    MZ390 final_options=MAXLEN=80
P9DSH1    MZ390 final_options=MAXLINE=200000
P9DSH1    MZ390 final_options=MAXLOG=1000000
P9DSH1    MZ390 final_options=MAXPARM=10000
P9DSH1    MZ390 final_options=MAXPASS=2
P9DSH1    MZ390 final_options=MAXPC=50000
P9DSH1    MZ390 final_options=MAXQUE=1000
P9DSH1    MZ390 final_options=MAXRLD=10000
P9DSH1    MZ390 final_options=MAXSIZE=52428800
P9DSH1    MZ390 final_options=MAXSYM=50000
P9DSH1    MZ390 final_options=MAXWARN=4
P9DSH1    MZ390 final_options=MAXWIDTH=800
P9DSH1    MZ390 final_options=MEM=1
P9DSH1    MZ390 final_options=MINHEIGHT=150
P9DSH1    MZ390 final_options=MINWIDTH=150
P9DSH1    MZ390 final_options=MNOTE=0
P9DSH1    MZ390 final_options=PARM=
P9DSH1    MZ390 final_options=PROFILE=
P9DSH1    MZ390 final_options=STATS=C:\Program Files (x86)\Automated Software Tools\z390\mfacc\P9DSH1.STA
P9DSH1    MZ390 final_options=SYSPARM=
P9DSH1    MZ390 final options=SYSTERM=C:\Program Files (x86)\Automated Software Tools\z390\mfacc\rtmfacc.E
P9DSH1    MZ390 final_options=RR
P9DSH1    MZ390 final_options=TESTDD=
P9DSH1    MZ390 final_options=TIME=15
P9DSH1    MZ390 final_options=TRACE=
P9DSH1    MZ390 final_options=Z390ACROBAT=cmd.exe /c Start
P9DSH1    MZ390 final_options=Z390BROWSER=cmd.exe /c Start
P9DSH1    MZ390 final_options=Z390COMMAND=cmd.exe
P9DSH1    MZ390 final_options=Z390EDITOR=notepad.exe
P9DSH1    MZ390 final_options=INSTALL=
P9DSH1    MZ390 final_options=IPL=
P9DSH1    MZ390 final_options=LOG=
P9DSH1    MZ390 final_options=SYS390=mfacc\+linklib
P9DSH1    MZ390 final_options=SYSBAL=mfacc\
P9DSH1    MZ390 final_options=SYSCPY=C:\PROGRA~2\AUTOMA~1\z390\mac+.
P9DSH1    MZ390 final_options=SYSDAT=mfacc\
P9DSH1    MZ390 final_options=SYSERR=mfacc\
P9DSH1    MZ390 final_options=SYSLOG=mfacc\
P9DSH1    MZ390 final_options=SYSLST=mfacc\
P9DSH1    MZ390 final_options=SYSMAC=C:\PROGRA~2\AUTOMA~1\z390\mac+.
P9DSH1    MZ390 final_options=SYSMLC=mfacc\
P9DSH1    MZ390 final_options=SYSPCH=mfacc\
P9DSH1    MZ390 final_options=SYSPRN=mfacc\
P9DSH1    MZ390 final_options=SYSOBJ=mfacc\
P9DSH1    MZ390 final_options=SYSOPT=mfacc\
P9DSH1    MZ390 final_options=SYSTRC=mfacc\
P9DSH1    MZ390 total MLC/MAC loaded  = 568
P9DSH1    MZ390 total BAL output lines= 175
P9DSH1    MZ390 total BAL instructions= 29
P9DSH1    MZ390 total macros          = 8
P9DSH1    MZ390 total macro loads     = 8
P9DSH1    MZ390 total macro calls     = 17
P9DSH1    MZ390 total AENTRY blocks   = 2
P9DSH1    MZ390 total ACALL  calls    = 2
P9DSH1    MZ390 total AIF    blocks   = 20
P9DSH1    MZ390 total ACASE  blocks   = 0
P9DSH1    MZ390 total AWHILE calls    = 1
P9DSH1    MZ390 total AUNTIL blocks   = 0
P9DSH1    MZ390 total global set names= 66
P9DSH1    MZ390 tot global seta cells = 310
P9DSH1    MZ390 tot global setb cells = 209
P9DSH1    MZ390 tot global setc cells = 540
P9DSH1    MZ390 max local pos parms   = 7
P9DSH1    MZ390 max local key parms   = 23
P9DSH1    MZ390 max local set names   = 34
P9DSH1    MZ390 max local seta cells  = 11
P9DSH1    MZ390 max local setb cells  = 1
P9DSH1    MZ390 max local setc cells  = 23
P9DSH1    MZ390 total array expansions= 0
P9DSH1    MZ390 total Keys            = 1855
P9DSH1    MZ390 Key searches          = 5073
P9DSH1    MZ390 Key avg comps         = 0
P9DSH1    MZ390 Key max comps         = 3
P9DSH1    MZ390 total macro line exec = 457
P9DSH1    MZ390 total pcode line exec = 59
P9DSH1    MZ390 total pcode line gen. = 103
P9DSH1    MZ390 total pcode line reuse= 0
P9DSH1    MZ390 total pcode op   gen. = 405
P9DSH1    MZ390 total pcode op   exec = 219
P9DSH1    MZ390 total pcode gen  opt  = 157
P9DSH1    MZ390 total pcode exec opt  = 0
P9DSH1    MZ390 FID=  1 ERR= 0 C:\Program Files (x86)\Automated Software Tools\z390\mfacc\P9DSH1.MLC
P9DSH1    MZ390 FID=  2 ERR= 0 C:\PROGRA~2\AUTOMA~1\z390\mac\ASMMSP.CPY
P9DSH1    MZ390 FID=  3 ERR= 0 C:\PROGRA~2\AUTOMA~1\z390\mac\ZSTRMAC.CPY
P9DSH1    MZ390 FID=  4 ERR= 0 C:\PROGRA~2\AUTOMA~1\z390\mac\ZMFACC.MAC
P9DSH1    MZ390 FID=  5 ERR= 0 C:\PROGRA~2\AUTOMA~1\z390\mac\WTO.MAC
P9DSH1    MZ390 FID=  6 ERR= 0 C:\PROGRA~2\AUTOMA~1\z390\mac\SNAP.MAC
P9DSH1    MZ390 FID=  7 ERR= 0 C:\PROGRA~2\AUTOMA~1\z390\mac\IF.MAC
P9DSH1    MZ390 FID=  8 ERR= 0 C:\PROGRA~2\AUTOMA~1\z390\mac\ZSTRGBL.CPY
P9DSH1    MZ390 FID=  9 ERR= 0 C:\PROGRA~2\AUTOMA~1\z390\mac\ZSTREQU.MAC
P9DSH1    MZ390 FID= 10 ERR= 0 C:\PROGRA~2\AUTOMA~1\z390\mac\ELSE.MAC
P9DSH1    MZ390 FID= 11 ERR= 0 C:\PROGRA~2\AUTOMA~1\z390\mac\ENDIF.MAC
P9DSH1    MZ390 total mnote warnings  = 1
P9DSH1    MZ390 total mnote errors    = 0
P9DSH1    MZ390 max   mnote level     = 4
P9DSH1    MZ390 total mz390 errors    = 0
P9DSH1    AZ390 BAL lines             = 175
P9DSH1    AZ390 symbols               = 80
P9DSH1    AZ390 Literals              = 7
P9DSH1    AZ390 alloc passes          = 2
P9DSH1    AZ390 Keys                  = 1406
P9DSH1    AZ390 Key searches          = 2472
P9DSH1    AZ390 Key avg comps         = 0
P9DSH1    AZ390 Key max comps         = 3
P9DSH1    AZ390 ESD symbols           = 1
P9DSH1    AZ390 object bytes          = 488
P9DSH1    AZ390 object rlds           = 4
P9DSH1    AZ390 total mnote warnings  = 1
P9DSH1    AZ390 total mnote errors    = 0
P9DSH1    AZ390 max   mnote level     = 4
P9DSH1    AZ390 total mz390 errors    = 0
P9DSH1    AZ390 total az390 errors    = 0
P9DSH1    MZ390 ENDED   RC= 4 MEM(MB)= MB IO=2835
P9DSH1    LZ390 START
P9DSH1    LZ390 Copyright 2011 Automated Software Tools Corporation
P9DSH1    LZ390 z390 is licensed under GNU General Public License
P9DSH1    LZ390 options = @rt\RT1=(bal notiming stats) 
  systerm(mfacc\rtmfacc)
P9DSH1    LZ390 program = mfacc\P9DSH1.OBJ
P9DSH1    LZ390 final_options=ALIGN
P9DSH1    LZ390 final_options=NOALLOW
P9DSH1    LZ390 final_options=NOAMODE24
P9DSH1    LZ390 final_options=AMODE31
P9DSH1    LZ390 final_options=NOASCII
P9DSH1    LZ390 final_options=ASM
P9DSH1    LZ390 final_options=NOASSIST
P9DSH1    LZ390 final_options=AUTOLINK
P9DSH1    LZ390 final_options=BAL
P9DSH1    LZ390 final_options=NOBS2000
P9DSH1    LZ390 final_options=EDF
P9DSH1    LZ390 final_options=NOCICS
P9DSH1    LZ390 final_options=CODEPAGE(ISO-8859-1+IBM1047)
P9DSH1    LZ390 final_options=COMMENT
P9DSH1    LZ390 final_options=CON
P9DSH1    LZ390 final_options=NODUMP
P9DSH1    LZ390 final_options=EPILOG
P9DSH1    LZ390 final_options=NOERRSUM
P9DSH1    LZ390 final_options=EXTEND
P9DSH1    LZ390 final_options=FLOAT(DECIMAL)
P9DSH1    LZ390 final_options=NOGUAM
P9DSH1    LZ390 final_options=INIT
P9DSH1    LZ390 final_options=LIST
P9DSH1    LZ390 final_options=LISTCALL
P9DSH1    LZ390 final_options=LISTUSE
P9DSH1    LZ390 final_options=LOADHIGH
P9DSH1    LZ390 final_options=NOMCALL
P9DSH1    LZ390 final_options=NOMOD
P9DSH1    LZ390 final_options=OBJ
P9DSH1    LZ390 final_options=NOOBJHEX
P9DSH1    LZ390 final_options=PC
P9DSH1    LZ390 final_options=PCOPT
P9DSH1    LZ390 final_options=NOPDSMEM8
P9DSH1    LZ390 final_options=NOPRINTALL
P9DSH1    LZ390 final_options=PROLOG
P9DSH1    LZ390 final_options=PROTECT
P9DSH1    LZ390 final_options=R64
P9DSH1    LZ390 final_options=NOREFORMAT
P9DSH1    LZ390 final_options=NOREGS
P9DSH1    LZ390 final_options=RMODE24
P9DSH1    LZ390 final_options=NORMODE31
P9DSH1    LZ390 final_options=STATS
P9DSH1    LZ390 final_options=NOTEST
P9DSH1    LZ390 final_options=THREAD
P9DSH1    LZ390 final_options=NOTIME
P9DSH1    LZ390 final_options=NOTIMING
P9DSH1    LZ390 final_options=NOTRACE
P9DSH1    LZ390 final_options=NOTRACEA
P9DSH1    LZ390 final_options=NOTRACEALL
P9DSH1    LZ390 final_options=NOTRACEC
P9DSH1    LZ390 final_options=NOTRACEG
P9DSH1    LZ390 final_options=NOTRACEI
P9DSH1    LZ390 final_options=NOTRACEL
P9DSH1    LZ390 final_options=NOTRACEM
P9DSH1    LZ390 final_options=NOTRACEP
P9DSH1    LZ390 final_options=NOTRACEQ
P9DSH1    LZ390 final_options=NOTRACES
P9DSH1    LZ390 final_options=NOTRACET
P9DSH1    LZ390 final_options=NOTRACEV
P9DSH1    LZ390 final_options=TRAP
P9DSH1    LZ390 final_options=NOTRUNC
P9DSH1    LZ390 final_options=NOTS
P9DSH1    LZ390 final_options=VCB
P9DSH1    LZ390 final_options=WARN
P9DSH1    LZ390 final_options=XREF
P9DSH1    LZ390 final_options=ZSTRMAC
P9DSH1    LZ390 final_options=CHKMAC=0
P9DSH1    LZ390 final_options=CHKSRC=1
P9DSH1    LZ390 final_options=ERR=100
P9DSH1    LZ390 final_options=MAXCALL=50
P9DSH1    LZ390 final_options=MAXDISPLAY=80
P9DSH1    LZ390 final_options=MAXESD=1000
P9DSH1    LZ390 final_options=MAXFILE=1000
P9DSH1    LZ390 final_options=MAXGBL=100000
P9DSH1    LZ390 final_options=MAXHEIGHT=600
P9DSH1    LZ390 final_options=MAXLCL=100000
P9DSH1    LZ390 final_options=MAXLEN=80
P9DSH1    LZ390 final_options=MAXLINE=200000
P9DSH1    LZ390 final_options=MAXLOG=1000000
P9DSH1    LZ390 final_options=MAXPARM=10000
P9DSH1    LZ390 final_options=MAXPASS=2
P9DSH1    LZ390 final_options=MAXPC=50000
P9DSH1    LZ390 final_options=MAXQUE=1000
P9DSH1    LZ390 final_options=MAXRLD=10000
P9DSH1    LZ390 final_options=MAXSIZE=52428800
P9DSH1    LZ390 final_options=MAXSYM=50000
P9DSH1    LZ390 final_options=MAXWARN=4
P9DSH1    LZ390 final_options=MAXWIDTH=800
P9DSH1    LZ390 final_options=MEM=1
P9DSH1    LZ390 final_options=MINHEIGHT=150
P9DSH1    LZ390 final_options=MINWIDTH=150
P9DSH1    LZ390 final_options=MNOTE=0
P9DSH1    LZ390 final_options=PARM=
P9DSH1    LZ390 final_options=PROFILE=
P9DSH1    LZ390 final_options=STATS=C:\Program Files (x86)\Automated Software Tools\z390\mfacc\P9DSH1.STA
P9DSH1    LZ390 final_options=SYSPARM=
P9DSH1    LZ390 final options=SYSTERM=C:\Program Files (x86)\Automated Software Tools\z390\mfacc\rtmfacc.E
P9DSH1    LZ390 final_options=RR
P9DSH1    LZ390 final_options=TESTDD=
P9DSH1    LZ390 final_options=TIME=15
P9DSH1    LZ390 final_options=TRACE=
P9DSH1    LZ390 final_options=Z390ACROBAT=cmd.exe /c Start
P9DSH1    LZ390 final_options=Z390BROWSER=cmd.exe /c Start
P9DSH1    LZ390 final_options=Z390COMMAND=cmd.exe
P9DSH1    LZ390 final_options=Z390EDITOR=notepad.exe
P9DSH1    LZ390 final_options=INSTALL=
P9DSH1    LZ390 final_options=IPL=
P9DSH1    LZ390 final_options=LOG=
P9DSH1    LZ390 final_options=SYS390=mfacc\+linklib
P9DSH1    LZ390 final_options=SYSBAL=mfacc\
P9DSH1    LZ390 final_options=SYSCPY=mfacc\
P9DSH1    LZ390 final_options=SYSDAT=mfacc\
P9DSH1    LZ390 final_options=SYSERR=mfacc\
P9DSH1    LZ390 final_options=SYSLOG=mfacc\
P9DSH1    LZ390 final_options=SYSLST=mfacc\
P9DSH1    LZ390 final_options=SYSMAC=mfacc\
P9DSH1    LZ390 final_options=SYSMLC=mfacc\
P9DSH1    LZ390 final_options=SYSPCH=mfacc\
P9DSH1    LZ390 final_options=SYSPRN=mfacc\
P9DSH1    LZ390 final_options=SYSOBJ=mfacc\
P9DSH1    LZ390 final_options=SYSOPT=mfacc\
P9DSH1    LZ390 final_options=SYSTRC=mfacc\
P9DSH1    LZ390 Stats total obj files = 1
P9DSH1    LZ390 Stats total esds      = 1
P9DSH1    LZ390 Stats total csects    = 1
P9DSH1    LZ390 Stats total entries   = 0
P9DSH1    LZ390 Stats missing wxtrn's = 0
P9DSH1    LZ390 Stats Keys            = 1
P9DSH1    LZ390 Stats Key searches    = 2
P9DSH1    LZ390 Stats Key avg comps   = 0
P9DSH1    LZ390 Stats Key max comps   = 1
P9DSH1    LZ390 Stats total obj byte  = 488
P9DSH1    LZ390 Stats total obj rlds  = 4
P9DSH1    LZ390 total errors          = 0
P9DSH1    LZ390 ENDED   RC= 0 MEM(MB)= MB IO=244
P9DSH1    EZ390 START
P9DSH1    EZ390 Copyright 2011 Automated Software Tools Corporation
P9DSH1    EZ390 z390 is licensed under GNU General Public License
P9DSH1    EZ390 program = mfacc\P9DSH1.390
P9DSH1    EZ390 options = @rt\RT1=(bal notiming stats) 
  systerm(mfacc\rtmfacc)
P9DSH1    EZ390 final_options=ALIGN
P9DSH1    EZ390 final_options=NOALLOW
P9DSH1    EZ390 final_options=NOAMODE24
P9DSH1    EZ390 final_options=AMODE31
P9DSH1    EZ390 final_options=NOASCII
P9DSH1    EZ390 final_options=ASM
P9DSH1    EZ390 final_options=NOASSIST
P9DSH1    EZ390 final_options=AUTOLINK
P9DSH1    EZ390 final_options=BAL
P9DSH1    EZ390 final_options=NOBS2000
P9DSH1    EZ390 final_options=EDF
P9DSH1    EZ390 final_options=NOCICS
P9DSH1    EZ390 final_options=CODEPAGE(ISO-8859-1+IBM1047)
P9DSH1    EZ390 final_options=COMMENT
P9DSH1    EZ390 final_options=CON
P9DSH1    EZ390 final_options=NODUMP
P9DSH1    EZ390 final_options=EPILOG
P9DSH1    EZ390 final_options=NOERRSUM
P9DSH1    EZ390 final_options=EXTEND
P9DSH1    EZ390 final_options=FLOAT(DECIMAL)
P9DSH1    EZ390 final_options=NOGUAM
P9DSH1    EZ390 final_options=INIT
P9DSH1    EZ390 final_options=LIST
P9DSH1    EZ390 final_options=LISTCALL
P9DSH1    EZ390 final_options=LISTUSE
P9DSH1    EZ390 final_options=LOADHIGH
P9DSH1    EZ390 final_options=NOMCALL
P9DSH1    EZ390 final_options=NOMOD
P9DSH1    EZ390 final_options=OBJ
P9DSH1    EZ390 final_options=NOOBJHEX
P9DSH1    EZ390 final_options=PC
P9DSH1    EZ390 final_options=PCOPT
P9DSH1    EZ390 final_options=NOPDSMEM8
P9DSH1    EZ390 final_options=NOPRINTALL
P9DSH1    EZ390 final_options=PROLOG
P9DSH1    EZ390 final_options=PROTECT
P9DSH1    EZ390 final_options=R64
P9DSH1    EZ390 final_options=NOREFORMAT
P9DSH1    EZ390 final_options=NOREGS
P9DSH1    EZ390 final_options=RMODE24
P9DSH1    EZ390 final_options=NORMODE31
P9DSH1    EZ390 final_options=STATS
P9DSH1    EZ390 final_options=NOTEST
P9DSH1    EZ390 final_options=THREAD
P9DSH1    EZ390 final_options=NOTIME
P9DSH1    EZ390 final_options=NOTIMING
P9DSH1    EZ390 final_options=NOTRACE
P9DSH1    EZ390 final_options=NOTRACEA
P9DSH1    EZ390 final_options=NOTRACEALL
P9DSH1    EZ390 final_options=NOTRACEC
P9DSH1    EZ390 final_options=NOTRACEG
P9DSH1    EZ390 final_options=NOTRACEI
P9DSH1    EZ390 final_options=NOTRACEL
P9DSH1    EZ390 final_options=NOTRACEM
P9DSH1    EZ390 final_options=NOTRACEP
P9DSH1    EZ390 final_options=NOTRACEQ
P9DSH1    EZ390 final_options=NOTRACES
P9DSH1    EZ390 final_options=NOTRACET
P9DSH1    EZ390 final_options=NOTRACEV
P9DSH1    EZ390 final_options=TRAP
P9DSH1    EZ390 final_options=NOTRUNC
P9DSH1    EZ390 final_options=NOTS
P9DSH1    EZ390 final_options=VCB
P9DSH1    EZ390 final_options=WARN
P9DSH1    EZ390 final_options=XREF
P9DSH1    EZ390 final_options=ZSTRMAC
P9DSH1    EZ390 final_options=CHKMAC=0
P9DSH1    EZ390 final_options=CHKSRC=1
P9DSH1    EZ390 final_options=ERR=100
P9DSH1    EZ390 final_options=MAXCALL=50
P9DSH1    EZ390 final_options=MAXDISPLAY=80
P9DSH1    EZ390 final_options=MAXESD=1000
P9DSH1    EZ390 final_options=MAXFILE=1000
P9DSH1    EZ390 final_options=MAXGBL=100000
P9DSH1    EZ390 final_options=MAXHEIGHT=600
P9DSH1    EZ390 final_options=MAXLCL=100000
P9DSH1    EZ390 final_options=MAXLEN=80
P9DSH1    EZ390 final_options=MAXLINE=200000
P9DSH1    EZ390 final_options=MAXLOG=1000000
P9DSH1    EZ390 final_options=MAXPARM=10000
P9DSH1    EZ390 final_options=MAXPASS=2
P9DSH1    EZ390 final_options=MAXPC=50000
P9DSH1    EZ390 final_options=MAXQUE=1000
P9DSH1    EZ390 final_options=MAXRLD=10000
P9DSH1    EZ390 final_options=MAXSIZE=52428800
P9DSH1    EZ390 final_options=MAXSYM=50000
P9DSH1    EZ390 final_options=MAXWARN=4
P9DSH1    EZ390 final_options=MAXWIDTH=800
P9DSH1    EZ390 final_options=MEM=1
P9DSH1    EZ390 final_options=MINHEIGHT=150
P9DSH1    EZ390 final_options=MINWIDTH=150
P9DSH1    EZ390 final_options=MNOTE=0
P9DSH1    EZ390 final_options=PARM=
P9DSH1    EZ390 final_options=PROFILE=
P9DSH1    EZ390 final_options=STATS=C:\Program Files (x86)\Automated Software Tools\z390\mfacc\P9DSH1.STA
P9DSH1    EZ390 final_options=SYSPARM=
P9DSH1    EZ390 final options=SYSTERM=C:\Program Files (x86)\Automated Software Tools\z390\mfacc\rtmfacc.E
P9DSH1    EZ390 final_options=RR
P9DSH1    EZ390 final_options=TESTDD=
P9DSH1    EZ390 final_options=TIME=15
P9DSH1    EZ390 final_options=TRACE=
P9DSH1    EZ390 final_options=Z390ACROBAT=cmd.exe /c Start
P9DSH1    EZ390 final_options=Z390BROWSER=cmd.exe /c Start
P9DSH1    EZ390 final_options=Z390COMMAND=cmd.exe
P9DSH1    EZ390 final_options=Z390EDITOR=notepad.exe
P9DSH1    EZ390 final_options=INSTALL=
P9DSH1    EZ390 final_options=IPL=
P9DSH1    EZ390 final_options=LOG=C:\Program Files (x86)\Automated Software Tools\z390\mfacc\P9DSH1.LOG
P9DSH1    EZ390 final_options=SYS390=mfacc\+linklib
P9DSH1    EZ390 final_options=SYSBAL=mfacc\
P9DSH1    EZ390 final_options=SYSCPY=mfacc\
P9DSH1    EZ390 final_options=SYSDAT=mfacc\
P9DSH1    EZ390 final_options=SYSERR=mfacc\
P9DSH1    EZ390 final_options=SYSLOG=mfacc\
P9DSH1    EZ390 final_options=SYSLST=mfacc\
P9DSH1    EZ390 final_options=SYSMAC=mfacc\
P9DSH1    EZ390 final_options=SYSMLC=mfacc\
P9DSH1    EZ390 final_options=SYSPCH=mfacc\
P9DSH1    EZ390 final_options=SYSPRN=mfacc\
P9DSH1    EZ390 final_options=SYSOBJ=mfacc\
P9DSH1    EZ390 final_options=SYSOPT=mfacc\
P9DSH1    EZ390 final_options=SYSTRC=mfacc\
P9DSH1    EZ390 TCPIO operations      = 0
P9DSH1    EZ390 DCB operations        = 0
P9DSH1    EZ390 VSAM operations       = 0
P9DSH1    EZ390 Keys                  = 2467
P9DSH1    EZ390 Key searches          = 2
P9DSH1    EZ390 Key avg comps         = 2
P9DSH1    EZ390 Key max comps         = 2
P9DSH1    EZ390 total errors          = 0
P9DSH1    EZ390 ENDED   RC= 0 MEM(MB)= MB IO=167 INS=33
