P9MM2     MZ390 START
P9MM2     MZ390 Copyright 2011 Automated Software Tools Corporation
P9MM2     MZ390 z390 is licensed under GNU General Public License
P9MM2     MZ390 program = mfacc\P9MM2.MLC
P9MM2     MZ390 options = sysmac(C:\PROGRA~2\AUTOMA~1\z390\mac+.) 
  syscpy(C:\PROGRA~2\AUTOMA~1\z390\mac+.) @rt\RT1=(bal notiming stats) 
  systerm(mfacc\rtmfacc)
P9MM2     MZ390 final_options=ALIGN
P9MM2     MZ390 final_options=NOALLOW
P9MM2     MZ390 final_options=NOAMODE24
P9MM2     MZ390 final_options=AMODE31
P9MM2     MZ390 final_options=NOASCII
P9MM2     MZ390 final_options=ASM
P9MM2     MZ390 final_options=NOASSIST
P9MM2     MZ390 final_options=AUTOLINK
P9MM2     MZ390 final_options=BAL
P9MM2     MZ390 final_options=NOBS2000
P9MM2     MZ390 final_options=EDF
P9MM2     MZ390 final_options=NOCICS
P9MM2     MZ390 final_options=CODEPAGE(ISO-8859-1+IBM1047)
P9MM2     MZ390 final_options=COMMENT
P9MM2     MZ390 final_options=CON
P9MM2     MZ390 final_options=NODUMP
P9MM2     MZ390 final_options=EPILOG
P9MM2     MZ390 final_options=NOERRSUM
P9MM2     MZ390 final_options=EXTEND
P9MM2     MZ390 final_options=FLOAT(DECIMAL)
P9MM2     MZ390 final_options=NOGUAM
P9MM2     MZ390 final_options=INIT
P9MM2     MZ390 final_options=LIST
P9MM2     MZ390 final_options=LISTCALL
P9MM2     MZ390 final_options=LISTUSE
P9MM2     MZ390 final_options=LOADHIGH
P9MM2     MZ390 final_options=NOMCALL
P9MM2     MZ390 final_options=NOMOD
P9MM2     MZ390 final_options=OBJ
P9MM2     MZ390 final_options=NOOBJHEX
P9MM2     MZ390 final_options=PC
P9MM2     MZ390 final_options=PCOPT
P9MM2     MZ390 final_options=NOPDSMEM8
P9MM2     MZ390 final_options=NOPRINTALL
P9MM2     MZ390 final_options=PROLOG
P9MM2     MZ390 final_options=PROTECT
P9MM2     MZ390 final_options=R64
P9MM2     MZ390 final_options=NOREFORMAT
P9MM2     MZ390 final_options=NOREGS
P9MM2     MZ390 final_options=RMODE24
P9MM2     MZ390 final_options=NORMODE31
P9MM2     MZ390 final_options=STATS
P9MM2     MZ390 final_options=NOTEST
P9MM2     MZ390 final_options=THREAD
P9MM2     MZ390 final_options=NOTIME
P9MM2     MZ390 final_options=NOTIMING
P9MM2     MZ390 final_options=NOTRACE
P9MM2     MZ390 final_options=NOTRACEA
P9MM2     MZ390 final_options=NOTRACEALL
P9MM2     MZ390 final_options=NOTRACEC
P9MM2     MZ390 final_options=NOTRACEG
P9MM2     MZ390 final_options=NOTRACEI
P9MM2     MZ390 final_options=NOTRACEL
P9MM2     MZ390 final_options=NOTRACEM
P9MM2     MZ390 final_options=NOTRACEP
P9MM2     MZ390 final_options=NOTRACEQ
P9MM2     MZ390 final_options=NOTRACES
P9MM2     MZ390 final_options=NOTRACET
P9MM2     MZ390 final_options=NOTRACEV
P9MM2     MZ390 final_options=TRAP
P9MM2     MZ390 final_options=NOTRUNC
P9MM2     MZ390 final_options=NOTS
P9MM2     MZ390 final_options=VCB
P9MM2     MZ390 final_options=WARN
P9MM2     MZ390 final_options=XREF
P9MM2     MZ390 final_options=ZSTRMAC
P9MM2     MZ390 final_options=CHKMAC=0
P9MM2     MZ390 final_options=CHKSRC=1
P9MM2     MZ390 final_options=ERR=100
P9MM2     MZ390 final_options=MAXCALL=50
P9MM2     MZ390 final_options=MAXDISPLAY=80
P9MM2     MZ390 final_options=MAXESD=1000
P9MM2     MZ390 final_options=MAXFILE=1000
P9MM2     MZ390 final_options=MAXGBL=100000
P9MM2     MZ390 final_options=MAXHEIGHT=600
P9MM2     MZ390 final_options=MAXLCL=100000
P9MM2     MZ390 final_options=MAXLEN=80
P9MM2     MZ390 final_options=MAXLINE=200000
P9MM2     MZ390 final_options=MAXLOG=1000000
P9MM2     MZ390 final_options=MAXPARM=10000
P9MM2     MZ390 final_options=MAXPASS=2
P9MM2     MZ390 final_options=MAXPC=50000
P9MM2     MZ390 final_options=MAXQUE=1000
P9MM2     MZ390 final_options=MAXRLD=10000
P9MM2     MZ390 final_options=MAXSIZE=52428800
P9MM2     MZ390 final_options=MAXSYM=50000
P9MM2     MZ390 final_options=MAXWARN=4
P9MM2     MZ390 final_options=MAXWIDTH=800
P9MM2     MZ390 final_options=MEM=1
P9MM2     MZ390 final_options=MINHEIGHT=150
P9MM2     MZ390 final_options=MINWIDTH=150
P9MM2     MZ390 final_options=MNOTE=0
P9MM2     MZ390 final_options=PARM=
P9MM2     MZ390 final_options=PROFILE=
P9MM2     MZ390 final_options=STATS=C:\Program Files (x86)\Automated Software Tools\z390\mfacc\P9MM2.STA
P9MM2     MZ390 final_options=SYSPARM=
P9MM2     MZ390 final options=SYSTERM=C:\Program Files (x86)\Automated Software Tools\z390\mfacc\rtmfacc.E
P9MM2     MZ390 final_options=RR
P9MM2     MZ390 final_options=TESTDD=
P9MM2     MZ390 final_options=TIME=15
P9MM2     MZ390 final_options=TRACE=
P9MM2     MZ390 final_options=Z390ACROBAT=cmd.exe /c Start
P9MM2     MZ390 final_options=Z390BROWSER=cmd.exe /c Start
P9MM2     MZ390 final_options=Z390COMMAND=cmd.exe
P9MM2     MZ390 final_options=Z390EDITOR=notepad.exe
P9MM2     MZ390 final_options=INSTALL=
P9MM2     MZ390 final_options=IPL=
P9MM2     MZ390 final_options=LOG=
P9MM2     MZ390 final_options=SYS390=mfacc\+linklib
P9MM2     MZ390 final_options=SYSBAL=mfacc\
P9MM2     MZ390 final_options=SYSCPY=C:\PROGRA~2\AUTOMA~1\z390\mac+.
P9MM2     MZ390 final_options=SYSDAT=mfacc\
P9MM2     MZ390 final_options=SYSERR=mfacc\
P9MM2     MZ390 final_options=SYSLOG=mfacc\
P9MM2     MZ390 final_options=SYSLST=mfacc\
P9MM2     MZ390 final_options=SYSMAC=C:\PROGRA~2\AUTOMA~1\z390\mac+.
P9MM2     MZ390 final_options=SYSMLC=mfacc\
P9MM2     MZ390 final_options=SYSPCH=mfacc\
P9MM2     MZ390 final_options=SYSPRN=mfacc\
P9MM2     MZ390 final_options=SYSOBJ=mfacc\
P9MM2     MZ390 final_options=SYSOPT=mfacc\
P9MM2     MZ390 final_options=SYSTRC=mfacc\
P9MM2     MZ390 total MLC/MAC loaded  = 416
P9MM2     MZ390 total BAL output lines= 180
P9MM2     MZ390 total BAL instructions= 25
P9MM2     MZ390 total macros          = 4
P9MM2     MZ390 total macro loads     = 4
P9MM2     MZ390 total macro calls     = 11
P9MM2     MZ390 total AENTRY blocks   = 0
P9MM2     MZ390 total ACALL  calls    = 0
P9MM2     MZ390 total AIF    blocks   = 0
P9MM2     MZ390 total ACASE  blocks   = 0
P9MM2     MZ390 total AWHILE calls    = 0
P9MM2     MZ390 total AUNTIL blocks   = 0
P9MM2     MZ390 total global set names= 48
P9MM2     MZ390 tot global seta cells = 0
P9MM2     MZ390 tot global setb cells = 8
P9MM2     MZ390 tot global setc cells = 40
P9MM2     MZ390 max local pos parms   = 7
P9MM2     MZ390 max local key parms   = 23
P9MM2     MZ390 max local set names   = 34
P9MM2     MZ390 max local seta cells  = 11
P9MM2     MZ390 max local setb cells  = 0
P9MM2     MZ390 max local setc cells  = 23
P9MM2     MZ390 total array expansions= 0
P9MM2     MZ390 total Keys            = 1700
P9MM2     MZ390 Key searches          = 3776
P9MM2     MZ390 Key avg comps         = 0
P9MM2     MZ390 Key max comps         = 3
P9MM2     MZ390 total macro line exec = 354
P9MM2     MZ390 total pcode line exec = 56
P9MM2     MZ390 total pcode line gen. = 62
P9MM2     MZ390 total pcode line reuse= 0
P9MM2     MZ390 total pcode op   gen. = 244
P9MM2     MZ390 total pcode op   exec = 208
P9MM2     MZ390 total pcode gen  opt  = 138
P9MM2     MZ390 total pcode exec opt  = 0
P9MM2     MZ390 FID=  1 ERR= 0 C:\Program Files (x86)\Automated Software Tools\z390\mfacc\P9MM2.MLC
P9MM2     MZ390 FID=  2 ERR= 0 C:\PROGRA~2\AUTOMA~1\z390\mac\ZMFACC.MAC
P9MM2     MZ390 FID=  3 ERR= 0 C:\PROGRA~2\AUTOMA~1\z390\mac\WTO.MAC
P9MM2     MZ390 FID=  4 ERR= 0 C:\PROGRA~2\AUTOMA~1\z390\mac\SNAP.MAC
P9MM2     MZ390 total mnote warnings  = 1
P9MM2     MZ390 total mnote errors    = 0
P9MM2     MZ390 max   mnote level     = 4
P9MM2     MZ390 total mz390 errors    = 0
P9MM2     AZ390 BAL lines             = 180
P9MM2     AZ390 symbols               = 69
P9MM2     AZ390 Literals              = 6
P9MM2     AZ390 alloc passes          = 2
P9MM2     AZ390 Keys                  = 1394
P9MM2     AZ390 Key searches          = 2572
P9MM2     AZ390 Key avg comps         = 0
P9MM2     AZ390 Key max comps         = 3
P9MM2     AZ390 ESD symbols           = 1
P9MM2     AZ390 object bytes          = 582
P9MM2     AZ390 object rlds           = 4
P9MM2     AZ390 total mnote warnings  = 1
P9MM2     AZ390 total mnote errors    = 0
P9MM2     AZ390 max   mnote level     = 4
P9MM2     AZ390 total mz390 errors    = 0
P9MM2     AZ390 total az390 errors    = 0
P9MM2     MZ390 ENDED   RC= 4 MEM(MB)= MB IO=2207
P9MM2     LZ390 START
P9MM2     LZ390 Copyright 2011 Automated Software Tools Corporation
P9MM2     LZ390 z390 is licensed under GNU General Public License
P9MM2     LZ390 options = @rt\RT1=(bal notiming stats) 
  systerm(mfacc\rtmfacc)
P9MM2     LZ390 program = mfacc\P9MM2.OBJ
P9MM2     LZ390 final_options=ALIGN
P9MM2     LZ390 final_options=NOALLOW
P9MM2     LZ390 final_options=NOAMODE24
P9MM2     LZ390 final_options=AMODE31
P9MM2     LZ390 final_options=NOASCII
P9MM2     LZ390 final_options=ASM
P9MM2     LZ390 final_options=NOASSIST
P9MM2     LZ390 final_options=AUTOLINK
P9MM2     LZ390 final_options=BAL
P9MM2     LZ390 final_options=NOBS2000
P9MM2     LZ390 final_options=EDF
P9MM2     LZ390 final_options=NOCICS
P9MM2     LZ390 final_options=CODEPAGE(ISO-8859-1+IBM1047)
P9MM2     LZ390 final_options=COMMENT
P9MM2     LZ390 final_options=CON
P9MM2     LZ390 final_options=NODUMP
P9MM2     LZ390 final_options=EPILOG
P9MM2     LZ390 final_options=NOERRSUM
P9MM2     LZ390 final_options=EXTEND
P9MM2     LZ390 final_options=FLOAT(DECIMAL)
P9MM2     LZ390 final_options=NOGUAM
P9MM2     LZ390 final_options=INIT
P9MM2     LZ390 final_options=LIST
P9MM2     LZ390 final_options=LISTCALL
P9MM2     LZ390 final_options=LISTUSE
P9MM2     LZ390 final_options=LOADHIGH
P9MM2     LZ390 final_options=NOMCALL
P9MM2     LZ390 final_options=NOMOD
P9MM2     LZ390 final_options=OBJ
P9MM2     LZ390 final_options=NOOBJHEX
P9MM2     LZ390 final_options=PC
P9MM2     LZ390 final_options=PCOPT
P9MM2     LZ390 final_options=NOPDSMEM8
P9MM2     LZ390 final_options=NOPRINTALL
P9MM2     LZ390 final_options=PROLOG
P9MM2     LZ390 final_options=PROTECT
P9MM2     LZ390 final_options=R64
P9MM2     LZ390 final_options=NOREFORMAT
P9MM2     LZ390 final_options=NOREGS
P9MM2     LZ390 final_options=RMODE24
P9MM2     LZ390 final_options=NORMODE31
P9MM2     LZ390 final_options=STATS
P9MM2     LZ390 final_options=NOTEST
P9MM2     LZ390 final_options=THREAD
P9MM2     LZ390 final_options=NOTIME
P9MM2     LZ390 final_options=NOTIMING
P9MM2     LZ390 final_options=NOTRACE
P9MM2     LZ390 final_options=NOTRACEA
P9MM2     LZ390 final_options=NOTRACEALL
P9MM2     LZ390 final_options=NOTRACEC
P9MM2     LZ390 final_options=NOTRACEG
P9MM2     LZ390 final_options=NOTRACEI
P9MM2     LZ390 final_options=NOTRACEL
P9MM2     LZ390 final_options=NOTRACEM
P9MM2     LZ390 final_options=NOTRACEP
P9MM2     LZ390 final_options=NOTRACEQ
P9MM2     LZ390 final_options=NOTRACES
P9MM2     LZ390 final_options=NOTRACET
P9MM2     LZ390 final_options=NOTRACEV
P9MM2     LZ390 final_options=TRAP
P9MM2     LZ390 final_options=NOTRUNC
P9MM2     LZ390 final_options=NOTS
P9MM2     LZ390 final_options=VCB
P9MM2     LZ390 final_options=WARN
P9MM2     LZ390 final_options=XREF
P9MM2     LZ390 final_options=ZSTRMAC
P9MM2     LZ390 final_options=CHKMAC=0
P9MM2     LZ390 final_options=CHKSRC=1
P9MM2     LZ390 final_options=ERR=100
P9MM2     LZ390 final_options=MAXCALL=50
P9MM2     LZ390 final_options=MAXDISPLAY=80
P9MM2     LZ390 final_options=MAXESD=1000
P9MM2     LZ390 final_options=MAXFILE=1000
P9MM2     LZ390 final_options=MAXGBL=100000
P9MM2     LZ390 final_options=MAXHEIGHT=600
P9MM2     LZ390 final_options=MAXLCL=100000
P9MM2     LZ390 final_options=MAXLEN=80
P9MM2     LZ390 final_options=MAXLINE=200000
P9MM2     LZ390 final_options=MAXLOG=1000000
P9MM2     LZ390 final_options=MAXPARM=10000
P9MM2     LZ390 final_options=MAXPASS=2
P9MM2     LZ390 final_options=MAXPC=50000
P9MM2     LZ390 final_options=MAXQUE=1000
P9MM2     LZ390 final_options=MAXRLD=10000
P9MM2     LZ390 final_options=MAXSIZE=52428800
P9MM2     LZ390 final_options=MAXSYM=50000
P9MM2     LZ390 final_options=MAXWARN=4
P9MM2     LZ390 final_options=MAXWIDTH=800
P9MM2     LZ390 final_options=MEM=1
P9MM2     LZ390 final_options=MINHEIGHT=150
P9MM2     LZ390 final_options=MINWIDTH=150
P9MM2     LZ390 final_options=MNOTE=0
P9MM2     LZ390 final_options=PARM=
P9MM2     LZ390 final_options=PROFILE=
P9MM2     LZ390 final_options=STATS=C:\Program Files (x86)\Automated Software Tools\z390\mfacc\P9MM2.STA
P9MM2     LZ390 final_options=SYSPARM=
P9MM2     LZ390 final options=SYSTERM=C:\Program Files (x86)\Automated Software Tools\z390\mfacc\rtmfacc.E
P9MM2     LZ390 final_options=RR
P9MM2     LZ390 final_options=TESTDD=
P9MM2     LZ390 final_options=TIME=15
P9MM2     LZ390 final_options=TRACE=
P9MM2     LZ390 final_options=Z390ACROBAT=cmd.exe /c Start
P9MM2     LZ390 final_options=Z390BROWSER=cmd.exe /c Start
P9MM2     LZ390 final_options=Z390COMMAND=cmd.exe
P9MM2     LZ390 final_options=Z390EDITOR=notepad.exe
P9MM2     LZ390 final_options=INSTALL=
P9MM2     LZ390 final_options=IPL=
P9MM2     LZ390 final_options=LOG=
P9MM2     LZ390 final_options=SYS390=mfacc\+linklib
P9MM2     LZ390 final_options=SYSBAL=mfacc\
P9MM2     LZ390 final_options=SYSCPY=mfacc\
P9MM2     LZ390 final_options=SYSDAT=mfacc\
P9MM2     LZ390 final_options=SYSERR=mfacc\
P9MM2     LZ390 final_options=SYSLOG=mfacc\
P9MM2     LZ390 final_options=SYSLST=mfacc\
P9MM2     LZ390 final_options=SYSMAC=mfacc\
P9MM2     LZ390 final_options=SYSMLC=mfacc\
P9MM2     LZ390 final_options=SYSPCH=mfacc\
P9MM2     LZ390 final_options=SYSPRN=mfacc\
P9MM2     LZ390 final_options=SYSOBJ=mfacc\
P9MM2     LZ390 final_options=SYSOPT=mfacc\
P9MM2     LZ390 final_options=SYSTRC=mfacc\
P9MM2     LZ390 Stats total obj files = 1
P9MM2     LZ390 Stats total esds      = 1
P9MM2     LZ390 Stats total csects    = 1
P9MM2     LZ390 Stats total entries   = 0
P9MM2     LZ390 Stats missing wxtrn's = 0
P9MM2     LZ390 Stats Keys            = 1
P9MM2     LZ390 Stats Key searches    = 2
P9MM2     LZ390 Stats Key avg comps   = 0
P9MM2     LZ390 Stats Key max comps   = 1
P9MM2     LZ390 Stats total obj byte  = 582
P9MM2     LZ390 Stats total obj rlds  = 4
P9MM2     LZ390 total errors          = 0
P9MM2     LZ390 ENDED   RC= 0 MEM(MB)= MB IO=258
P9MM2     EZ390 START
P9MM2     EZ390 Copyright 2011 Automated Software Tools Corporation
P9MM2     EZ390 z390 is licensed under GNU General Public License
P9MM2     EZ390 program = mfacc\P9MM2.390
P9MM2     EZ390 options = @rt\RT1=(bal notiming stats) 
  systerm(mfacc\rtmfacc)
P9MM2     EZ390 final_options=ALIGN
P9MM2     EZ390 final_options=NOALLOW
P9MM2     EZ390 final_options=NOAMODE24
P9MM2     EZ390 final_options=AMODE31
P9MM2     EZ390 final_options=NOASCII
P9MM2     EZ390 final_options=ASM
P9MM2     EZ390 final_options=NOASSIST
P9MM2     EZ390 final_options=AUTOLINK
P9MM2     EZ390 final_options=BAL
P9MM2     EZ390 final_options=NOBS2000
P9MM2     EZ390 final_options=EDF
P9MM2     EZ390 final_options=NOCICS
P9MM2     EZ390 final_options=CODEPAGE(ISO-8859-1+IBM1047)
P9MM2     EZ390 final_options=COMMENT
P9MM2     EZ390 final_options=CON
P9MM2     EZ390 final_options=NODUMP
P9MM2     EZ390 final_options=EPILOG
P9MM2     EZ390 final_options=NOERRSUM
P9MM2     EZ390 final_options=EXTEND
P9MM2     EZ390 final_options=FLOAT(DECIMAL)
P9MM2     EZ390 final_options=NOGUAM
P9MM2     EZ390 final_options=INIT
P9MM2     EZ390 final_options=LIST
P9MM2     EZ390 final_options=LISTCALL
P9MM2     EZ390 final_options=LISTUSE
P9MM2     EZ390 final_options=LOADHIGH
P9MM2     EZ390 final_options=NOMCALL
P9MM2     EZ390 final_options=NOMOD
P9MM2     EZ390 final_options=OBJ
P9MM2     EZ390 final_options=NOOBJHEX
P9MM2     EZ390 final_options=PC
P9MM2     EZ390 final_options=PCOPT
P9MM2     EZ390 final_options=NOPDSMEM8
P9MM2     EZ390 final_options=NOPRINTALL
P9MM2     EZ390 final_options=PROLOG
P9MM2     EZ390 final_options=PROTECT
P9MM2     EZ390 final_options=R64
P9MM2     EZ390 final_options=NOREFORMAT
P9MM2     EZ390 final_options=NOREGS
P9MM2     EZ390 final_options=RMODE24
P9MM2     EZ390 final_options=NORMODE31
P9MM2     EZ390 final_options=STATS
P9MM2     EZ390 final_options=NOTEST
P9MM2     EZ390 final_options=THREAD
P9MM2     EZ390 final_options=NOTIME
P9MM2     EZ390 final_options=NOTIMING
P9MM2     EZ390 final_options=NOTRACE
P9MM2     EZ390 final_options=NOTRACEA
P9MM2     EZ390 final_options=NOTRACEALL
P9MM2     EZ390 final_options=NOTRACEC
P9MM2     EZ390 final_options=NOTRACEG
P9MM2     EZ390 final_options=NOTRACEI
P9MM2     EZ390 final_options=NOTRACEL
P9MM2     EZ390 final_options=NOTRACEM
P9MM2     EZ390 final_options=NOTRACEP
P9MM2     EZ390 final_options=NOTRACEQ
P9MM2     EZ390 final_options=NOTRACES
P9MM2     EZ390 final_options=NOTRACET
P9MM2     EZ390 final_options=NOTRACEV
P9MM2     EZ390 final_options=TRAP
P9MM2     EZ390 final_options=NOTRUNC
P9MM2     EZ390 final_options=NOTS
P9MM2     EZ390 final_options=VCB
P9MM2     EZ390 final_options=WARN
P9MM2     EZ390 final_options=XREF
P9MM2     EZ390 final_options=ZSTRMAC
P9MM2     EZ390 final_options=CHKMAC=0
P9MM2     EZ390 final_options=CHKSRC=1
P9MM2     EZ390 final_options=ERR=100
P9MM2     EZ390 final_options=MAXCALL=50
P9MM2     EZ390 final_options=MAXDISPLAY=80
P9MM2     EZ390 final_options=MAXESD=1000
P9MM2     EZ390 final_options=MAXFILE=1000
P9MM2     EZ390 final_options=MAXGBL=100000
P9MM2     EZ390 final_options=MAXHEIGHT=600
P9MM2     EZ390 final_options=MAXLCL=100000
P9MM2     EZ390 final_options=MAXLEN=80
P9MM2     EZ390 final_options=MAXLINE=200000
P9MM2     EZ390 final_options=MAXLOG=1000000
P9MM2     EZ390 final_options=MAXPARM=10000
P9MM2     EZ390 final_options=MAXPASS=2
P9MM2     EZ390 final_options=MAXPC=50000
P9MM2     EZ390 final_options=MAXQUE=1000
P9MM2     EZ390 final_options=MAXRLD=10000
P9MM2     EZ390 final_options=MAXSIZE=52428800
P9MM2     EZ390 final_options=MAXSYM=50000
P9MM2     EZ390 final_options=MAXWARN=4
P9MM2     EZ390 final_options=MAXWIDTH=800
P9MM2     EZ390 final_options=MEM=1
P9MM2     EZ390 final_options=MINHEIGHT=150
P9MM2     EZ390 final_options=MINWIDTH=150
P9MM2     EZ390 final_options=MNOTE=0
P9MM2     EZ390 final_options=PARM=
P9MM2     EZ390 final_options=PROFILE=
P9MM2     EZ390 final_options=STATS=C:\Program Files (x86)\Automated Software Tools\z390\mfacc\P9MM2.STA
P9MM2     EZ390 final_options=SYSPARM=
P9MM2     EZ390 final options=SYSTERM=C:\Program Files (x86)\Automated Software Tools\z390\mfacc\rtmfacc.E
P9MM2     EZ390 final_options=RR
P9MM2     EZ390 final_options=TESTDD=
P9MM2     EZ390 final_options=TIME=15
P9MM2     EZ390 final_options=TRACE=
P9MM2     EZ390 final_options=Z390ACROBAT=cmd.exe /c Start
P9MM2     EZ390 final_options=Z390BROWSER=cmd.exe /c Start
P9MM2     EZ390 final_options=Z390COMMAND=cmd.exe
P9MM2     EZ390 final_options=Z390EDITOR=notepad.exe
P9MM2     EZ390 final_options=INSTALL=
P9MM2     EZ390 final_options=IPL=
P9MM2     EZ390 final_options=LOG=C:\Program Files (x86)\Automated Software Tools\z390\mfacc\P9MM2.LOG
P9MM2     EZ390 final_options=SYS390=mfacc\+linklib
P9MM2     EZ390 final_options=SYSBAL=mfacc\
P9MM2     EZ390 final_options=SYSCPY=mfacc\
P9MM2     EZ390 final_options=SYSDAT=mfacc\
P9MM2     EZ390 final_options=SYSERR=mfacc\
P9MM2     EZ390 final_options=SYSLOG=mfacc\
P9MM2     EZ390 final_options=SYSLST=mfacc\
P9MM2     EZ390 final_options=SYSMAC=mfacc\
P9MM2     EZ390 final_options=SYSMLC=mfacc\
P9MM2     EZ390 final_options=SYSPCH=mfacc\
P9MM2     EZ390 final_options=SYSPRN=mfacc\
P9MM2     EZ390 final_options=SYSOBJ=mfacc\
P9MM2     EZ390 final_options=SYSOPT=mfacc\
P9MM2     EZ390 final_options=SYSTRC=mfacc\
P9MM2     EZ390 TCPIO operations      = 0
P9MM2     EZ390 DCB operations        = 0
P9MM2     EZ390 VSAM operations       = 0
P9MM2     EZ390 Keys                  = 2467
P9MM2     EZ390 Key searches          = 2
P9MM2     EZ390 Key avg comps         = 1
P9MM2     EZ390 Key max comps         = 1
P9MM2     EZ390 total errors          = 0
P9MM2     EZ390 ENDED   RC= 0 MEM(MB)= MB IO=168 INS=53
