DEMO      MZ390 START
DEMO      MZ390 ENDED   RC= 0 MEM(MB)= MB IO=958
DEMO      LZ390 START
DEMO      LZ390 ENDED   RC= 0 MEM(MB)= MB IO=183
DEMO      EZ390 START
DEMO      EZ390 ENDED   RC= 0 MEM(MB)= MB IO=153 INS=13
DEMOWTO1  MZ390 START
DEMOWTO1  MZ390 ENDED   RC= 0 MEM(MB)= MB IO=931
DEMOWTO1  LZ390 START
DEMOWTO1  LZ390 ENDED   RC= 0 MEM(MB)= MB IO=183
DEMOWTO1  EZ390 START
DEMOWTO1  EZ390 ENDED   RC= 0 MEM(MB)= MB IO=153 INS=13
DEMOWTO2  MZ390 START
DEMOWTO2  MZ390 ENDED   RC= 0 MEM(MB)= MB IO=966
DEMOWTO2  LZ390 START
DEMOWTO2  LZ390 ENDED   RC= 0 MEM(MB)= MB IO=193
DEMOWTO2  EZ390 START
DEMOWTO2  EZ390 ENDED   RC= 0 MEM(MB)= MB IO=157 INS=21
DEMOBMK1  MZ390 START
DEMOBMK1  MZ390 ENDED   RC= 0 MEM(MB)= MB IO=946
DEMOBMK1  LZ390 START
DEMOBMK1  LZ390 ENDED   RC= 0 MEM(MB)= MB IO=189
DEMOBMK1  EZ390 START
DEMOBMK1  EZ390 ENDED   RC= 0 MEM(MB)= MB IO=153 INS=2000014
SIEVE     MZ390 START
SIEVE     MZ390 ENDED   RC= 0 MEM(MB)= MB IO=2297
SIEVE     LZ390 START
SIEVE     LZ390 ENDED   RC= 0 MEM(MB)= MB IO=377
SIEVE     EZ390 START
SIEVE     EZ390 ENDED   RC= 0 MEM(MB)= MB IO=190 INS=522220
DEMONUM2  MZ390 START
DEMONUM2  MZ390 ENDED   RC= 0 MEM(MB)= MB IO=1071
DEMONUM2  LZ390 START
DEMONUM2  LZ390 ENDED   RC= 0 MEM(MB)= MB IO=203
DEMONUM2  EZ390 START
DEMONUM2  EZ390 ENDED   RC= 0 MEM(MB)= MB IO=703 INS=155900
DEMODFP1  MZ390 START
DEMODFP1  MZ390 ENDED   RC= 0 MEM(MB)= MB IO=1260
DEMODFP1  LZ390 START
DEMODFP1  LZ390 ENDED   RC= 0 MEM(MB)= MB IO=241
DEMODFP1  EZ390 START
DEMODFP1  EZ390 ENDED   RC= 0 MEM(MB)= MB IO=164 INS=33
STDDEVLB  MZ390 START
STDDEVLB  MZ390 ENDED   RC= 0 MEM(MB)= MB IO=3048
STDDEVLB  LZ390 START
STDDEVLB  LZ390 ENDED   RC= 0 MEM(MB)= MB IO=340
STDDEVLB  EZ390 START
STDDEVLB  EZ390 ENDED   RC= 0 MEM(MB)= MB IO=175 INS=151
