SIEVE     EZ390 START
EZ390I Copyright 2011 Automated Software Tools Corporation
EZ390I z390 is licensed under GNU General Public License
EZ390I program = demo\SIEVE.390
EZ390I options = notiming stats systerm(demo\rtdemo)

SIEVE.MLC PROGRAM TO PRINT PRIMES ENDING
IN 999 UP TO 100,000 USING 100,000 BYTE TABLE.
CALL PET TO DISPLAY ELAPSED TIME AND MIP RATES
PREVIOUS BENCHMARKS OF THIS SAME PROGRAM ARE:
PC/370 TIME = 176 SECONDS ON  4.77 MHZ  8088 PC.
PC/370 TIME =  63 SECONDS ON  6    MHZ 80286 PC/AT.
PC/370 TIME =  37 SECONDS ON 10    MHZ 80286 PS/2-50.
PC/370 TIME =  31 SECONDS ON 12    MHZ 80286 COMPAQ.
PC/370 TIME =  20 SECONDS ON 16    MHZ 80386 COMPAQ.
PC/370 RATE = 3.1 MIPS    ON 2 GHZ DELL DUO CORE
Z390   RATE = 3.3 MIPS    ON 2 GHZ DELL DUO CORE

2012-05-21 14:47:17.063467950 INS=             49 MIPS=   0.00
     1,999
     2,999
     4,999
     8,999
    13,999
    25,999
    32,999
    35,999
    41,999
    49,999
    52,999
    56,999
    59,999
    70,999
    71,999
    73,999
    77,999
    79,999
    85,999
    94,999
    98,999
2012-05-21 14:47:17.234151713 INS=        522,189 MIPS=   3.06
EZ390I total errors         = 0
SIEVE     EZ390 ENDED   RC= 0 MEM(MB)= MB IO=190 INS=522220
