Comparing files VSE\DEMO\DEMOVSE1.STA and RT\VSE\DEMO\SAVE\DEMOVSE1.STA
***** VSE\DEMO\DEMOVSE1.STA
DEMOVSE1  MZ390 program = vse\demo\DEMOVSE1.MLC
DEMOVSE1  MZ390 options = sysmac(C:\PROGRA~2\AUTOMA~1\z390\mac+.) 
  syscpy(C:\PROGRA~2\AUTOMA~1\z390\mac+.) @rt\RT1=(bal notiming stats) 
  sysmac(vse\mac+mac) systerm(vse\test\rtvse)
DEMOVSE1  MZ390 final_options=ALIGN
***** RT\VSE\DEMO\SAVE\DEMOVSE1.STA
DEMOVSE1  MZ390 program = vse\demo\DEMOVSE1.MLC
DEMOVSE1  MZ390 options = W:\work\z390\z390.OPT=(time(60)) sysmac(W:\work\z390\mac+.) 
  syscpy(W:\work\z390\mac+.) @rt\RT1=(bal notiming stats) sysmac(vse\mac+mac) 
  systerm(vse\test\rtvse)
DEMOVSE1  MZ390 final_options=ALIGN
*****

***** VSE\DEMO\DEMOVSE1.STA
DEMOVSE1  MZ390 final_options=PROFILE=
DEMOVSE1  MZ390 final options=STATS=C:\Program Files (x86)\Automated Software Tools\z390\vse\demo\DEMOVSE1
DEMOVSE1  MZ390 final_options=.STA
DEMOVSE1  MZ390 final_options=SYSPARM=
DEMOVSE1  MZ390 final options=SYSTERM=C:\Program Files (x86)\Automated Software Tools\z390\vse\test\rtvse.
DEMOVSE1  MZ390 final_options=ERR
DEMOVSE1  MZ390 final_options=TESTDD=
DEMOVSE1  MZ390 final_options=TIME=15
DEMOVSE1  MZ390 final_options=TRACE=
***** RT\VSE\DEMO\SAVE\DEMOVSE1.STA
DEMOVSE1  MZ390 final_options=PROFILE=
DEMOVSE1  MZ390 final_options=STATS=W:\work\z390\vse\demo\DEMOVSE1.STA
DEMOVSE1  MZ390 final_options=SYSPARM=
DEMOVSE1  MZ390 final_options=SYSTERM=W:\work\z390\vse\test\rtvse.ERR
DEMOVSE1  MZ390 final_options=TESTDD=
DEMOVSE1  MZ390 final_options=TIME=60
DEMOVSE1  MZ390 final_options=TRACE=
*****

***** VSE\DEMO\DEMOVSE1.STA
DEMOVSE1  MZ390 final_options=SYSBAL=vse\demo\
DEMOVSE1  MZ390 final_options=SYSCPY=C:\PROGRA~2\AUTOMA~1\z390\mac+.
DEMOVSE1  MZ390 final_options=SYSDAT=vse\demo\
***** RT\VSE\DEMO\SAVE\DEMOVSE1.STA
DEMOVSE1  MZ390 final_options=SYSBAL=vse\demo\
DEMOVSE1  MZ390 final_options=SYSCPY=W:\work\z390\mac+.
DEMOVSE1  MZ390 final_options=SYSDAT=vse\demo\
*****

***** VSE\DEMO\DEMOVSE1.STA
DEMOVSE1  MZ390 total pcode exec opt  = 0
DEMOVSE1  MZ390 FID=  1 ERR= 0 C:\Program Files (x86)\Automated Software Tools\z390\vse\demo\DEMOVSE1.MLC
DEMOVSE1  MZ390 FID=  2 ERR= 0 C:\Program Files (x86)\Automated Software Tools\z390\mac\SUBENTRY.MAC
DEMOVSE1  MZ390 FID=  3 ERR= 0 C:\Program Files (x86)\Automated Software Tools\z390\mac\WTO.MAC
DEMOVSE1  MZ390 FID=  4 ERR= 0 C:\Program Files (x86)\Automated Software Tools\z390\vse\mac\COMRG.MAC
DEMOVSE1  MZ390 FID=  5 ERR= 0 C:\Program Files (x86)\Automated Software Tools\z390\mac\ZCVTD.MAC
DEMOVSE1  MZ390 FID=  6 ERR= 0 C:\Program Files (x86)\Automated Software Tools\z390\vse\mac\GETIME.MAC
DEMOVSE1  MZ390 FID=  7 ERR= 0 C:\Program Files (x86)\Automated Software Tools\z390\mac\TIME.MAC
DEMOVSE1  MZ390 FID=  8 ERR= 0 C:\Program Files (x86)\Automated Software Tools\z390\mac\SUBEXIT.MAC
DEMOVSE1  MZ390 total mnote warnings  = 0
***** RT\VSE\DEMO\SAVE\DEMOVSE1.STA
DEMOVSE1  MZ390 total pcode exec opt  = 0
DEMOVSE1  MZ390 FID=  1 ERR= 0 W:\work\z390\vse\demo\DEMOVSE1.MLC
DEMOVSE1  MZ390 FID=  2 ERR= 0 W:\work\z390\mac\SUBENTRY.MAC
DEMOVSE1  MZ390 FID=  3 ERR= 0 W:\work\z390\mac\WTO.MAC
DEMOVSE1  MZ390 FID=  4 ERR= 0 W:\work\z390\vse\mac\COMRG.MAC
DEMOVSE1  MZ390 FID=  5 ERR= 0 W:\work\z390\mac\ZCVTD.MAC
DEMOVSE1  MZ390 FID=  6 ERR= 0 W:\work\z390\vse\mac\GETIME.MAC
DEMOVSE1  MZ390 FID=  7 ERR= 0 W:\work\z390\mac\TIME.MAC
DEMOVSE1  MZ390 FID=  8 ERR= 0 W:\work\z390\mac\SUBEXIT.MAC
DEMOVSE1  MZ390 total mnote warnings  = 0
*****

***** VSE\DEMO\DEMOVSE1.STA
DEMOVSE1  AZ390 total az390 errors    = 0
DEMOVSE1  MZ390 ENDED   RC= 0 MEM(MB)= MB IO=2141
DEMOVSE1  LZ390 START
***** RT\VSE\DEMO\SAVE\DEMOVSE1.STA
DEMOVSE1  AZ390 total az390 errors    = 0
DEMOVSE1  MZ390 ENDED   RC= 0 MEM(MB)= MB IO=2139
DEMOVSE1  LZ390 START
*****

***** VSE\DEMO\DEMOVSE1.STA
DEMOVSE1  LZ390 z390 is licensed under GNU General Public License
DEMOVSE1  LZ390 options = @rt\RT1=(bal notiming stats) 
  sysmac(vse\mac+mac) systerm(vse\test\rtvse)
***** RT\VSE\DEMO\SAVE\DEMOVSE1.STA
DEMOVSE1  LZ390 z390 is licensed under GNU General Public License
DEMOVSE1  LZ390 options = W:\work\z390\z390.OPT=(time(60)) @rt\RT1=(bal notiming stats) 
  sysmac(vse\mac+mac) systerm(vse\test\rtvse)
*****

***** VSE\DEMO\DEMOVSE1.STA
DEMOVSE1  LZ390 final_options=PROFILE=
DEMOVSE1  LZ390 final options=STATS=C:\Program Files (x86)\Automated Software Tools\z390\vse\demo\DEMOVSE1
DEMOVSE1  LZ390 final_options=.STA
DEMOVSE1  LZ390 final_options=SYSPARM=
DEMOVSE1  LZ390 final options=SYSTERM=C:\Program Files (x86)\Automated Software Tools\z390\vse\test\rtvse.
DEMOVSE1  LZ390 final_options=ERR
DEMOVSE1  LZ390 final_options=TESTDD=
DEMOVSE1  LZ390 final_options=TIME=15
DEMOVSE1  LZ390 final_options=TRACE=
***** RT\VSE\DEMO\SAVE\DEMOVSE1.STA
DEMOVSE1  LZ390 final_options=PROFILE=
DEMOVSE1  LZ390 final_options=STATS=W:\work\z390\vse\demo\DEMOVSE1.STA
DEMOVSE1  LZ390 final_options=SYSPARM=
DEMOVSE1  LZ390 final_options=SYSTERM=W:\work\z390\vse\test\rtvse.ERR
DEMOVSE1  LZ390 final_options=TESTDD=
DEMOVSE1  LZ390 final_options=TIME=60
DEMOVSE1  LZ390 final_options=TRACE=
*****

***** VSE\DEMO\DEMOVSE1.STA
DEMOVSE1  LZ390 total errors          = 0
DEMOVSE1  LZ390 ENDED   RC= 0 MEM(MB)= MB IO=203
DEMOVSE1  EZ390 START
***** RT\VSE\DEMO\SAVE\DEMOVSE1.STA
DEMOVSE1  LZ390 total errors          = 0
DEMOVSE1  LZ390 ENDED   RC= 0 MEM(MB)= MB IO=201
DEMOVSE1  EZ390 START
*****

***** VSE\DEMO\DEMOVSE1.STA
DEMOVSE1  EZ390 program = vse\demo\DEMOVSE1.390
DEMOVSE1  EZ390 options = @rt\RT1=(bal notiming stats) 
  sysmac(vse\mac+mac) systerm(vse\test\rtvse)
***** RT\VSE\DEMO\SAVE\DEMOVSE1.STA
DEMOVSE1  EZ390 program = vse\demo\DEMOVSE1.390
DEMOVSE1  EZ390 options = W:\work\z390\z390.OPT=(time(60)) @rt\RT1=(bal notiming stats) 
  sysmac(vse\mac+mac) systerm(vse\test\rtvse)
*****

***** VSE\DEMO\DEMOVSE1.STA
DEMOVSE1  EZ390 final_options=PROFILE=
DEMOVSE1  EZ390 final options=STATS=C:\Program Files (x86)\Automated Software Tools\z390\vse\demo\DEMOVSE1
DEMOVSE1  EZ390 final_options=.STA
DEMOVSE1  EZ390 final_options=SYSPARM=
DEMOVSE1  EZ390 final options=SYSTERM=C:\Program Files (x86)\Automated Software Tools\z390\vse\test\rtvse.
DEMOVSE1  EZ390 final_options=ERR
DEMOVSE1  EZ390 final_options=TESTDD=
DEMOVSE1  EZ390 final_options=TIME=15
DEMOVSE1  EZ390 final_options=TRACE=
***** RT\VSE\DEMO\SAVE\DEMOVSE1.STA
DEMOVSE1  EZ390 final_options=PROFILE=
DEMOVSE1  EZ390 final_options=STATS=W:\work\z390\vse\demo\DEMOVSE1.STA
DEMOVSE1  EZ390 final_options=SYSPARM=
DEMOVSE1  EZ390 final_options=SYSTERM=W:\work\z390\vse\test\rtvse.ERR
DEMOVSE1  EZ390 final_options=TESTDD=
DEMOVSE1  EZ390 final_options=TIME=60
DEMOVSE1  EZ390 final_options=TRACE=
*****

***** VSE\DEMO\DEMOVSE1.STA
DEMOVSE1  EZ390 final_options=IPL=
DEMOVSE1  EZ390 final options=LOG=C:\Program Files (x86)\Automated Software Tools\z390\vse\demo\DEMOVSE1.L
DEMOVSE1  EZ390 final_options=OG
DEMOVSE1  EZ390 final_options=SYS390=vse\demo\+linklib
***** RT\VSE\DEMO\SAVE\DEMOVSE1.STA
DEMOVSE1  EZ390 final_options=IPL=
DEMOVSE1  EZ390 final_options=LOG=W:\work\z390\vse\demo\DEMOVSE1.LOG
DEMOVSE1  EZ390 final_options=SYS390=vse\demo\+linklib
*****

***** VSE\DEMO\DEMOVSE1.STA
DEMOVSE1  EZ390 total errors          = 0
DEMOVSE1  EZ390 ENDED   RC= 0 MEM(MB)= MB IO=157 INS=26
***** RT\VSE\DEMO\SAVE\DEMOVSE1.STA
DEMOVSE1  EZ390 total errors          = 0
DEMOVSE1  EZ390 ENDED   RC= 0 MEM(MB)= MB IO=154 INS=26
*****

