Comparing files ASSIST\DEMOAST1.STA and RT\ASSIST\SAVE\DEMOAST1.STA
***** ASSIST\DEMOAST1.STA
DEMOAST1  MZ390 program = assist\DEMOAST1.MLC
DEMOAST1  MZ390 options = sysmac(C:\PROGRA~2\AUTOMA~1\z390\mac+.) 
  syscpy(C:\PROGRA~2\AUTOMA~1\z390\mac+.) assist notiming stats 
  systerm(assist\rtast)
DEMOAST1  MZ390 final_options=ALIGN
***** RT\ASSIST\SAVE\DEMOAST1.STA
DEMOAST1  MZ390 program = assist\DEMOAST1.MLC
DEMOAST1  MZ390 options = W:\work\z390\z390.OPT=(time(60)) sysmac(W:\work\z390\mac+.) 
  syscpy(W:\work\z390\mac+.) assist notiming stats systerm(assist\rtast)
DEMOAST1  MZ390 final_options=ALIGN
*****

***** ASSIST\DEMOAST1.STA
DEMOAST1  MZ390 final_options=PROFILE=
DEMOAST1  MZ390 final options=STATS=C:\Program Files (x86)\Automated Software Tools\z390\assist\DEMOAST1.S
DEMOAST1  MZ390 final_options=TA
DEMOAST1  MZ390 final_options=SYSPARM=
DEMOAST1  MZ390 final options=SYSTERM=C:\Program Files (x86)\Automated Software Tools\z390\assist\rtast.ER
DEMOAST1  MZ390 final_options=R
DEMOAST1  MZ390 final_options=TESTDD=
DEMOAST1  MZ390 final_options=TIME=15
DEMOAST1  MZ390 final_options=TRACE=
***** RT\ASSIST\SAVE\DEMOAST1.STA
DEMOAST1  MZ390 final_options=PROFILE=
DEMOAST1  MZ390 final_options=STATS=W:\work\z390\assist\DEMOAST1.STA
DEMOAST1  MZ390 final_options=SYSPARM=
DEMOAST1  MZ390 final_options=SYSTERM=W:\work\z390\assist\rtast.ERR
DEMOAST1  MZ390 final_options=TESTDD=
DEMOAST1  MZ390 final_options=TIME=60
DEMOAST1  MZ390 final_options=TRACE=
*****

***** ASSIST\DEMOAST1.STA
DEMOAST1  MZ390 final_options=SYSBAL=assist\
DEMOAST1  MZ390 final_options=SYSCPY=C:\PROGRA~2\AUTOMA~1\z390\mac+.
DEMOAST1  MZ390 final_options=SYSDAT=assist\
***** RT\ASSIST\SAVE\DEMOAST1.STA
DEMOAST1  MZ390 final_options=SYSBAL=assist\
DEMOAST1  MZ390 final_options=SYSCPY=W:\work\z390\mac+.
DEMOAST1  MZ390 final_options=SYSDAT=assist\
*****

***** ASSIST\DEMOAST1.STA
DEMOAST1  MZ390 final_options=SYSLST=assist\
DEMOAST1  MZ390 final_options=SYSMAC=C:\PROGRA~2\AUTOMA~1\z390\mac+.
DEMOAST1  MZ390 final_options=SYSMLC=assist\
***** RT\ASSIST\SAVE\DEMOAST1.STA
DEMOAST1  MZ390 final_options=SYSLST=assist\
DEMOAST1  MZ390 final_options=SYSMAC=W:\work\z390\mac+.
DEMOAST1  MZ390 final_options=SYSMLC=assist\
*****

***** ASSIST\DEMOAST1.STA
DEMOAST1  MZ390 total pcode exec opt  = 0
DEMOAST1  MZ390 FID=  1 ERR= 0 C:\Program Files (x86)\Automated Software Tools\z390\assist\DEMOAST1.MLC
DEMOAST1  MZ390 total mnote warnings  = 0
***** RT\ASSIST\SAVE\DEMOAST1.STA
DEMOAST1  MZ390 total pcode exec opt  = 0
DEMOAST1  MZ390 FID=  1 ERR= 0 W:\work\z390\assist\DEMOAST1.MLC
DEMOAST1  MZ390 total mnote warnings  = 0
*****

***** ASSIST\DEMOAST1.STA
DEMOAST1  AZ390 total az390 errors    = 0
DEMOAST1  MZ390 ENDED   RC= 0 MEM(MB)= MB IO=387
DEMOAST1  LZ390 START
***** RT\ASSIST\SAVE\DEMOAST1.STA
DEMOAST1  AZ390 total az390 errors    = 0
DEMOAST1  MZ390 ENDED   RC= 0 MEM(MB)= MB IO=385
DEMOAST1  LZ390 START
*****

***** ASSIST\DEMOAST1.STA
DEMOAST1  LZ390 z390 is licensed under GNU General Public License
DEMOAST1  LZ390 options = assist notiming stats systerm(assist\rtast)
DEMOAST1  LZ390 program = assist\DEMOAST1.OBJ
***** RT\ASSIST\SAVE\DEMOAST1.STA
DEMOAST1  LZ390 z390 is licensed under GNU General Public License
DEMOAST1  LZ390 options = W:\work\z390\z390.OPT=(time(60)) assist notiming stats 
  systerm(assist\rtast)
DEMOAST1  LZ390 program = assist\DEMOAST1.OBJ
*****

***** ASSIST\DEMOAST1.STA
DEMOAST1  LZ390 final_options=PROFILE=
DEMOAST1  LZ390 final options=STATS=C:\Program Files (x86)\Automated Software Tools\z390\assist\DEMOAST1.S
DEMOAST1  LZ390 final_options=TA
DEMOAST1  LZ390 final_options=SYSPARM=
DEMOAST1  LZ390 final options=SYSTERM=C:\Program Files (x86)\Automated Software Tools\z390\assist\rtast.ER
DEMOAST1  LZ390 final_options=R
DEMOAST1  LZ390 final_options=TESTDD=
DEMOAST1  LZ390 final_options=TIME=15
DEMOAST1  LZ390 final_options=TRACE=
***** RT\ASSIST\SAVE\DEMOAST1.STA
DEMOAST1  LZ390 final_options=PROFILE=
DEMOAST1  LZ390 final_options=STATS=W:\work\z390\assist\DEMOAST1.STA
DEMOAST1  LZ390 final_options=SYSPARM=
DEMOAST1  LZ390 final_options=SYSTERM=W:\work\z390\assist\rtast.ERR
DEMOAST1  LZ390 final_options=TESTDD=
DEMOAST1  LZ390 final_options=TIME=60
DEMOAST1  LZ390 final_options=TRACE=
*****

***** ASSIST\DEMOAST1.STA
DEMOAST1  LZ390 total errors          = 0
DEMOAST1  LZ390 ENDED   RC= 0 MEM(MB)= MB IO=187
DEMOAST1  EZ390 START
***** RT\ASSIST\SAVE\DEMOAST1.STA
DEMOAST1  LZ390 total errors          = 0
DEMOAST1  LZ390 ENDED   RC= 0 MEM(MB)= MB IO=185
DEMOAST1  EZ390 START
*****

***** ASSIST\DEMOAST1.STA
DEMOAST1  EZ390 program = assist\DEMOAST1.390
DEMOAST1  EZ390 options = assist notiming stats systerm(assist\rtast)
DEMOAST1  EZ390 final_options=ALIGN
***** RT\ASSIST\SAVE\DEMOAST1.STA
DEMOAST1  EZ390 program = assist\DEMOAST1.390
DEMOAST1  EZ390 options = W:\work\z390\z390.OPT=(time(60)) assist notiming stats 
  systerm(assist\rtast)
DEMOAST1  EZ390 final_options=ALIGN
*****

***** ASSIST\DEMOAST1.STA
DEMOAST1  EZ390 final_options=PROFILE=
DEMOAST1  EZ390 final options=STATS=C:\Program Files (x86)\Automated Software Tools\z390\assist\DEMOAST1.S
DEMOAST1  EZ390 final_options=TA
DEMOAST1  EZ390 final_options=SYSPARM=
DEMOAST1  EZ390 final options=SYSTERM=C:\Program Files (x86)\Automated Software Tools\z390\assist\rtast.ER
DEMOAST1  EZ390 final_options=R
DEMOAST1  EZ390 final_options=TESTDD=
DEMOAST1  EZ390 final_options=TIME=15
DEMOAST1  EZ390 final_options=TRACE=
***** RT\ASSIST\SAVE\DEMOAST1.STA
DEMOAST1  EZ390 final_options=PROFILE=
DEMOAST1  EZ390 final_options=STATS=W:\work\z390\assist\DEMOAST1.STA
DEMOAST1  EZ390 final_options=SYSPARM=
DEMOAST1  EZ390 final_options=SYSTERM=W:\work\z390\assist\rtast.ERR
DEMOAST1  EZ390 final_options=TESTDD=
DEMOAST1  EZ390 final_options=TIME=60
DEMOAST1  EZ390 final_options=TRACE=
*****

***** ASSIST\DEMOAST1.STA
DEMOAST1  EZ390 final_options=IPL=
DEMOAST1  EZ390 final_options=LOG=C:\Program Files (x86)\Automated Software Tools\z390\assist\DEMOAST1.LOG
DEMOAST1  EZ390 final_options=SYS390=assist\+linklib
***** RT\ASSIST\SAVE\DEMOAST1.STA
DEMOAST1  EZ390 final_options=IPL=
DEMOAST1  EZ390 final_options=LOG=W:\work\z390\assist\DEMOAST1.LOG
DEMOAST1  EZ390 final_options=SYS390=assist\+linklib
*****

***** ASSIST\DEMOAST1.STA
DEMOAST1  EZ390 total errors          = 0
DEMOAST1  EZ390 ENDED   RC= 0 MEM(MB)= MB IO=191 INS=1034
***** RT\ASSIST\SAVE\DEMOAST1.STA
DEMOAST1  EZ390 total errors          = 0
DEMOAST1  EZ390 ENDED   RC= 0 MEM(MB)= MB IO=189 INS=1034
*****

