Comparing files VSE\DEMO\DEMOVSE2.STA and RT\VSE\DEMO\SAVE\DEMOVSE2.STA
***** VSE\DEMO\DEMOVSE2.STA
DEMOVSE2  MZ390 program = vse\demo\DEMOVSE2.MLC
DEMOVSE2  MZ390 options = sysmac(C:\PROGRA~2\AUTOMA~1\z390\mac+.) 
  syscpy(C:\PROGRA~2\AUTOMA~1\z390\mac+.) @rt\RT1=(bal notiming stats) 
  sysmac(vse\mac+mac) sys390(vse\demo+demo) systerm(vse\test\rtvse)
DEMOVSE2  MZ390 final_options=ALIGN
***** RT\VSE\DEMO\SAVE\DEMOVSE2.STA
DEMOVSE2  MZ390 program = vse\demo\DEMOVSE2.MLC
DEMOVSE2  MZ390 options = W:\work\z390\z390.OPT=(time(60)) sysmac(W:\work\z390\mac+.) 
  syscpy(W:\work\z390\mac+.) @rt\RT1=(bal notiming stats) sysmac(vse\mac+mac) 
  sys390(vse\demo+demo) systerm(vse\test\rtvse)
DEMOVSE2  MZ390 final_options=ALIGN
*****

***** VSE\DEMO\DEMOVSE2.STA
DEMOVSE2  MZ390 final_options=PROFILE=
DEMOVSE2  MZ390 final options=STATS=C:\Program Files (x86)\Automated Software Tools\z390\vse\demo\DEMOVSE2
DEMOVSE2  MZ390 final_options=.STA
DEMOVSE2  MZ390 final_options=SYSPARM=
DEMOVSE2  MZ390 final options=SYSTERM=C:\Program Files (x86)\Automated Software Tools\z390\vse\test\rtvse.
DEMOVSE2  MZ390 final_options=ERR
DEMOVSE2  MZ390 final_options=TESTDD=
DEMOVSE2  MZ390 final_options=TIME=15
DEMOVSE2  MZ390 final_options=TRACE=
***** RT\VSE\DEMO\SAVE\DEMOVSE2.STA
DEMOVSE2  MZ390 final_options=PROFILE=
DEMOVSE2  MZ390 final_options=STATS=W:\work\z390\vse\demo\DEMOVSE2.STA
DEMOVSE2  MZ390 final_options=SYSPARM=
DEMOVSE2  MZ390 final_options=SYSTERM=W:\work\z390\vse\test\rtvse.ERR
DEMOVSE2  MZ390 final_options=TESTDD=
DEMOVSE2  MZ390 final_options=TIME=60
DEMOVSE2  MZ390 final_options=TRACE=
*****

***** VSE\DEMO\DEMOVSE2.STA
DEMOVSE2  MZ390 final_options=SYSBAL=vse\demo\
DEMOVSE2  MZ390 final_options=SYSCPY=C:\PROGRA~2\AUTOMA~1\z390\mac+.
DEMOVSE2  MZ390 final_options=SYSDAT=vse\demo\
***** RT\VSE\DEMO\SAVE\DEMOVSE2.STA
DEMOVSE2  MZ390 final_options=SYSBAL=vse\demo\
DEMOVSE2  MZ390 final_options=SYSCPY=W:\work\z390\mac+.
DEMOVSE2  MZ390 final_options=SYSDAT=vse\demo\
*****

***** VSE\DEMO\DEMOVSE2.STA
DEMOVSE2  MZ390 total pcode exec opt  = 0
DEMOVSE2  MZ390 FID=  1 ERR= 0 C:\Program Files (x86)\Automated Software Tools\z390\vse\demo\DEMOVSE2.MLC
DEMOVSE2  MZ390 FID=  2 ERR= 0 C:\Program Files (x86)\Automated Software Tools\z390\mac\SUBENTRY.MAC
DEMOVSE2  MZ390 FID=  3 ERR= 0 C:\Program Files (x86)\Automated Software Tools\z390\mac\WTO.MAC
DEMOVSE2  MZ390 FID=  4 ERR= 0 C:\Program Files (x86)\Automated Software Tools\z390\vse\mac\CDLOAD.MAC
DEMOVSE2  MZ390 FID=  5 ERR= 0 C:\Program Files (x86)\Automated Software Tools\z390\mac\LOAD.MAC
DEMOVSE2  MZ390 FID=  6 ERR= 0 C:\Program Files (x86)\Automated Software Tools\z390\mac\CALL.MAC
DEMOVSE2  MZ390 FID=  7 ERR= 0 C:\Program Files (x86)\Automated Software Tools\z390\mac\ZCALL.MAC
DEMOVSE2  MZ390 FID=  8 ERR= 0 C:\Program Files (x86)\Automated Software Tools\z390\mac\ZOPTLR.MAC
DEMOVSE2  MZ390 FID=  9 ERR= 0 C:\Program Files (x86)\Automated Software Tools\z390\vse\mac\CDDELETE.MAC
DEMOVSE2  MZ390 FID= 10 ERR= 0 C:\Program Files (x86)\Automated Software Tools\z390\mac\DELETE.MAC
DEMOVSE2  MZ390 FID= 11 ERR= 0 C:\Program Files (x86)\Automated Software Tools\z390\mac\ZDELETE.MAC
DEMOVSE2  MZ390 FID= 12 ERR= 0 C:\Program Files (x86)\Automated Software Tools\z390\vse\mac\EOJ.MAC
DEMOVSE2  MZ390 total mnote warnings  = 0
***** RT\VSE\DEMO\SAVE\DEMOVSE2.STA
DEMOVSE2  MZ390 total pcode exec opt  = 0
DEMOVSE2  MZ390 FID=  1 ERR= 0 W:\work\z390\vse\demo\DEMOVSE2.MLC
DEMOVSE2  MZ390 FID=  2 ERR= 0 W:\work\z390\mac\SUBENTRY.MAC
DEMOVSE2  MZ390 FID=  3 ERR= 0 W:\work\z390\mac\WTO.MAC
DEMOVSE2  MZ390 FID=  4 ERR= 0 W:\work\z390\vse\mac\CDLOAD.MAC
DEMOVSE2  MZ390 FID=  5 ERR= 0 W:\work\z390\mac\LOAD.MAC
DEMOVSE2  MZ390 FID=  6 ERR= 0 W:\work\z390\mac\CALL.MAC
DEMOVSE2  MZ390 FID=  7 ERR= 0 W:\work\z390\mac\ZCALL.MAC
DEMOVSE2  MZ390 FID=  8 ERR= 0 W:\work\z390\mac\ZOPTLR.MAC
DEMOVSE2  MZ390 FID=  9 ERR= 0 W:\work\z390\vse\mac\CDDELETE.MAC
DEMOVSE2  MZ390 FID= 10 ERR= 0 W:\work\z390\mac\DELETE.MAC
DEMOVSE2  MZ390 FID= 11 ERR= 0 W:\work\z390\mac\ZDELETE.MAC
DEMOVSE2  MZ390 FID= 12 ERR= 0 W:\work\z390\vse\mac\EOJ.MAC
DEMOVSE2  MZ390 total mnote warnings  = 0
*****

***** VSE\DEMO\DEMOVSE2.STA
DEMOVSE2  AZ390 total az390 errors    = 0
DEMOVSE2  MZ390 ENDED   RC= 0 MEM(MB)= MB IO=2238
DEMOVSE2  LZ390 START
***** RT\VSE\DEMO\SAVE\DEMOVSE2.STA
DEMOVSE2  AZ390 total az390 errors    = 0
DEMOVSE2  MZ390 ENDED   RC= 0 MEM(MB)= MB IO=2236
DEMOVSE2  LZ390 START
*****

***** VSE\DEMO\DEMOVSE2.STA
DEMOVSE2  LZ390 z390 is licensed under GNU General Public License
DEMOVSE2  LZ390 options = @rt\RT1=(bal notiming stats) 
  sysmac(vse\mac+mac) sys390(vse\demo+demo) systerm(vse\test\rtvse)
***** RT\VSE\DEMO\SAVE\DEMOVSE2.STA
DEMOVSE2  LZ390 z390 is licensed under GNU General Public License
DEMOVSE2  LZ390 options = W:\work\z390\z390.OPT=(time(60)) @rt\RT1=(bal notiming stats) 
  sysmac(vse\mac+mac) sys390(vse\demo+demo) systerm(vse\test\rtvse)
*****

***** VSE\DEMO\DEMOVSE2.STA
DEMOVSE2  LZ390 final_options=PROFILE=
DEMOVSE2  LZ390 final options=STATS=C:\Program Files (x86)\Automated Software Tools\z390\vse\demo\DEMOVSE2
DEMOVSE2  LZ390 final_options=.STA
DEMOVSE2  LZ390 final_options=SYSPARM=
DEMOVSE2  LZ390 final options=SYSTERM=C:\Program Files (x86)\Automated Software Tools\z390\vse\test\rtvse.
DEMOVSE2  LZ390 final_options=ERR
DEMOVSE2  LZ390 final_options=TESTDD=
DEMOVSE2  LZ390 final_options=TIME=15
DEMOVSE2  LZ390 final_options=TRACE=
***** RT\VSE\DEMO\SAVE\DEMOVSE2.STA
DEMOVSE2  LZ390 final_options=PROFILE=
DEMOVSE2  LZ390 final_options=STATS=W:\work\z390\vse\demo\DEMOVSE2.STA
DEMOVSE2  LZ390 final_options=SYSPARM=
DEMOVSE2  LZ390 final_options=SYSTERM=W:\work\z390\vse\test\rtvse.ERR
DEMOVSE2  LZ390 final_options=TESTDD=
DEMOVSE2  LZ390 final_options=TIME=60
DEMOVSE2  LZ390 final_options=TRACE=
*****

***** VSE\DEMO\DEMOVSE2.STA
DEMOVSE2  LZ390 total errors          = 0
DEMOVSE2  LZ390 ENDED   RC= 0 MEM(MB)= MB IO=201
DEMOVSE2  EZ390 START
***** RT\VSE\DEMO\SAVE\DEMOVSE2.STA
DEMOVSE2  LZ390 total errors          = 0
DEMOVSE2  LZ390 ENDED   RC= 0 MEM(MB)= MB IO=199
DEMOVSE2  EZ390 START
*****

***** VSE\DEMO\DEMOVSE2.STA
DEMOVSE2  EZ390 program = vse\demo\DEMOVSE2.390
DEMOVSE2  EZ390 options = @rt\RT1=(bal notiming stats) 
  sysmac(vse\mac+mac) sys390(vse\demo+demo) systerm(vse\test\rtvse)
***** RT\VSE\DEMO\SAVE\DEMOVSE2.STA
DEMOVSE2  EZ390 program = vse\demo\DEMOVSE2.390
DEMOVSE2  EZ390 options = W:\work\z390\z390.OPT=(time(60)) @rt\RT1=(bal notiming stats) 
  sysmac(vse\mac+mac) sys390(vse\demo+demo) systerm(vse\test\rtvse)
*****

***** VSE\DEMO\DEMOVSE2.STA
DEMOVSE2  EZ390 final_options=PROFILE=
DEMOVSE2  EZ390 final options=STATS=C:\Program Files (x86)\Automated Software Tools\z390\vse\demo\DEMOVSE2
DEMOVSE2  EZ390 final_options=.STA
DEMOVSE2  EZ390 final_options=SYSPARM=
DEMOVSE2  EZ390 final options=SYSTERM=C:\Program Files (x86)\Automated Software Tools\z390\vse\test\rtvse.
DEMOVSE2  EZ390 final_options=ERR
DEMOVSE2  EZ390 final_options=TESTDD=
DEMOVSE2  EZ390 final_options=TIME=15
DEMOVSE2  EZ390 final_options=TRACE=
***** RT\VSE\DEMO\SAVE\DEMOVSE2.STA
DEMOVSE2  EZ390 final_options=PROFILE=
DEMOVSE2  EZ390 final_options=STATS=W:\work\z390\vse\demo\DEMOVSE2.STA
DEMOVSE2  EZ390 final_options=SYSPARM=
DEMOVSE2  EZ390 final_options=SYSTERM=W:\work\z390\vse\test\rtvse.ERR
DEMOVSE2  EZ390 final_options=TESTDD=
DEMOVSE2  EZ390 final_options=TIME=60
DEMOVSE2  EZ390 final_options=TRACE=
*****

***** VSE\DEMO\DEMOVSE2.STA
DEMOVSE2  EZ390 final_options=IPL=
DEMOVSE2  EZ390 final options=LOG=C:\Program Files (x86)\Automated Software Tools\z390\vse\demo\DEMOVSE2.L
DEMOVSE2  EZ390 final_options=OG
DEMOVSE2  EZ390 final_options=SYS390=vse\demo+demo
***** RT\VSE\DEMO\SAVE\DEMOVSE2.STA
DEMOVSE2  EZ390 final_options=IPL=
DEMOVSE2  EZ390 final_options=LOG=W:\work\z390\vse\demo\DEMOVSE2.LOG
DEMOVSE2  EZ390 final_options=SYS390=vse\demo+demo
*****

***** VSE\DEMO\DEMOVSE2.STA
DEMOVSE2  EZ390 total errors          = 0
DEMOVSE2  EZ390 ENDED   RC= 0 MEM(MB)= MB IO=171 INS=49
***** RT\VSE\DEMO\SAVE\DEMOVSE2.STA
DEMOVSE2  EZ390 total errors          = 0
DEMOVSE2  EZ390 ENDED   RC= 0 MEM(MB)= MB IO=168 INS=49
*****

