Comparing files VSAM\DEMO\ESV1SG.STA and RT\VSAM\DEMO\SAVE\ESV1SG.STA
***** VSAM\DEMO\ESV1SG.STA
ESV1SG    MZ390 program = vsam\demo\ESV1SG.MLC
ESV1SG    MZ390 options = sysmac(C:\PROGRA~2\AUTOMA~1\z390\mac+.) 
  syscpy(C:\PROGRA~2\AUTOMA~1\z390\mac+.) @vsam\rtvsam=(notiming stats tracev 
  traceq dump) systerm(w:\work\z390\vsam\test\rtvsam)
ESV1SG    MZ390 final_options=ALIGN
***** RT\VSAM\DEMO\SAVE\ESV1SG.STA
ESV1SG    MZ390 program = vsam\demo\ESV1SG.MLC
ESV1SG    MZ390 options = W:\work\z390\z390.OPT=(time(60)) sysmac(W:\work\z390\mac+.) 
  syscpy(W:\work\z390\mac+.) @vsam\rtvsam=(notiming stats tracev traceq dump) 
  systerm(w:\work\z390\vsam\test\rtvsam)
ESV1SG    MZ390 final_options=ALIGN
*****

***** VSAM\DEMO\ESV1SG.STA
ESV1SG    MZ390 final_options=PROFILE=
ESV1SG    MZ390 final options=STATS=C:\Program Files (x86)\Automated Software Tools\z390\vsam\demo\ESV1SG.
ESV1SG    MZ390 final_options=STA
ESV1SG    MZ390 final_options=SYSPARM=
***** RT\VSAM\DEMO\SAVE\ESV1SG.STA
ESV1SG    MZ390 final_options=PROFILE=
ESV1SG    MZ390 final_options=STATS=W:\work\z390\vsam\demo\ESV1SG.STA
ESV1SG    MZ390 final_options=SYSPARM=
*****

***** VSAM\DEMO\ESV1SG.STA
ESV1SG    MZ390 final_options=TESTDD=
ESV1SG    MZ390 final_options=TIME=15
ESV1SG    MZ390 final_options=TRACE=
***** RT\VSAM\DEMO\SAVE\ESV1SG.STA
ESV1SG    MZ390 final_options=TESTDD=
ESV1SG    MZ390 final_options=TIME=60
ESV1SG    MZ390 final_options=TRACE=
*****

***** VSAM\DEMO\ESV1SG.STA
ESV1SG    MZ390 final_options=SYSBAL=vsam\demo\
ESV1SG    MZ390 final_options=SYSCPY=C:\PROGRA~2\AUTOMA~1\z390\mac+.
ESV1SG    MZ390 final_options=SYSDAT=vsam\demo\
***** RT\VSAM\DEMO\SAVE\ESV1SG.STA
ESV1SG    MZ390 final_options=SYSBAL=vsam\demo\
ESV1SG    MZ390 final_options=SYSCPY=W:\work\z390\mac+.
ESV1SG    MZ390 final_options=SYSDAT=vsam\demo\
*****

***** VSAM\DEMO\ESV1SG.STA
ESV1SG    MZ390 final_options=SYSLST=vsam\demo\
ESV1SG    MZ390 final_options=SYSMAC=C:\PROGRA~2\AUTOMA~1\z390\mac+.
ESV1SG    MZ390 final_options=SYSMLC=vsam\demo\
***** RT\VSAM\DEMO\SAVE\ESV1SG.STA
ESV1SG    MZ390 final_options=SYSLST=vsam\demo\
ESV1SG    MZ390 final_options=SYSMAC=W:\work\z390\mac+.
ESV1SG    MZ390 final_options=SYSMLC=vsam\demo\
*****

***** VSAM\DEMO\ESV1SG.STA
ESV1SG    MZ390 total pcode exec opt  = 5
ESV1SG    MZ390 FID=  1 ERR= 0 C:\Program Files (x86)\Automated Software Tools\z390\vsam\demo\ESV1SG.MLC
ESV1SG    MZ390 FID=  2 ERR= 0 C:\PROGRA~2\AUTOMA~1\z390\mac\SUBENTRY.MAC
ESV1SG    MZ390 FID=  3 ERR= 0 C:\PROGRA~2\AUTOMA~1\z390\mac\WTO.MAC
ESV1SG    MZ390 FID=  4 ERR= 0 C:\PROGRA~2\AUTOMA~1\z390\mac\OPEN.MAC
ESV1SG    MZ390 FID=  5 ERR= 0 C:\PROGRA~2\AUTOMA~1\z390\mac\ZOPEN.MAC
ESV1SG    MZ390 FID=  6 ERR= 0 C:\PROGRA~2\AUTOMA~1\z390\mac\DCBD.MAC
ESV1SG    MZ390 FID=  7 ERR= 0 C:\PROGRA~2\AUTOMA~1\z390\mac\GET.MAC
ESV1SG    MZ390 FID=  8 ERR= 0 C:\PROGRA~2\AUTOMA~1\z390\mac\SHOWCB.MAC
ESV1SG    MZ390 FID=  9 ERR= 0 C:\PROGRA~2\AUTOMA~1\z390\mac\ZSHOWCB.MAC
ESV1SG    MZ390 FID= 10 ERR= 0 C:\PROGRA~2\AUTOMA~1\z390\mac\PUT.MAC
ESV1SG    MZ390 FID= 11 ERR= 0 C:\PROGRA~2\AUTOMA~1\z390\mac\CLOSE.MAC
ESV1SG    MZ390 FID= 12 ERR= 0 C:\PROGRA~2\AUTOMA~1\z390\mac\ZCLOSE.MAC
ESV1SG    MZ390 FID= 13 ERR= 0 C:\PROGRA~2\AUTOMA~1\z390\mac\SUBEXIT.MAC
ESV1SG    MZ390 FID= 14 ERR= 0 C:\PROGRA~2\AUTOMA~1\z390\mac\ABEND.MAC
ESV1SG    MZ390 FID= 15 ERR= 0 C:\PROGRA~2\AUTOMA~1\z390\mac\ACB.MAC
ESV1SG    MZ390 FID= 16 ERR= 0 C:\PROGRA~2\AUTOMA~1\z390\mac\ZGENMACF.MAC
ESV1SG    MZ390 FID= 17 ERR= 0 C:\PROGRA~2\AUTOMA~1\z390\mac\ACBD.MAC
ESV1SG    MZ390 FID= 18 ERR= 0 C:\PROGRA~2\AUTOMA~1\z390\mac\RPL.MAC
ESV1SG    MZ390 FID= 19 ERR= 0 C:\PROGRA~2\AUTOMA~1\z390\mac\ZGENOPTD.MAC
ESV1SG    MZ390 FID= 20 ERR= 0 C:\PROGRA~2\AUTOMA~1\z390\mac\RPLD.MAC
ESV1SG    MZ390 FID= 21 ERR= 0 C:\PROGRA~2\AUTOMA~1\z390\mac\DCB.MAC
ESV1SG    MZ390 FID= 22 ERR= 0 C:\PROGRA~2\AUTOMA~1\z390\mac\EQUREGS.MAC
ESV1SG    MZ390 total mnote warnings  = 0
***** RT\VSAM\DEMO\SAVE\ESV1SG.STA
ESV1SG    MZ390 total pcode exec opt  = 5
ESV1SG    MZ390 FID=  1 ERR= 0 W:\work\z390\vsam\demo\ESV1SG.MLC
ESV1SG    MZ390 FID=  2 ERR= 0 W:\work\z390\mac\SUBENTRY.MAC
ESV1SG    MZ390 FID=  3 ERR= 0 W:\work\z390\mac\WTO.MAC
ESV1SG    MZ390 FID=  4 ERR= 0 W:\work\z390\mac\OPEN.MAC
ESV1SG    MZ390 FID=  5 ERR= 0 W:\work\z390\mac\ZOPEN.MAC
ESV1SG    MZ390 FID=  6 ERR= 0 W:\work\z390\mac\DCBD.MAC
ESV1SG    MZ390 FID=  7 ERR= 0 W:\work\z390\mac\GET.MAC
ESV1SG    MZ390 FID=  8 ERR= 0 W:\work\z390\mac\SHOWCB.MAC
ESV1SG    MZ390 FID=  9 ERR= 0 W:\work\z390\mac\ZSHOWCB.MAC
ESV1SG    MZ390 FID= 10 ERR= 0 W:\work\z390\mac\PUT.MAC
ESV1SG    MZ390 FID= 11 ERR= 0 W:\work\z390\mac\CLOSE.MAC
ESV1SG    MZ390 FID= 12 ERR= 0 W:\work\z390\mac\ZCLOSE.MAC
ESV1SG    MZ390 FID= 13 ERR= 0 W:\work\z390\mac\SUBEXIT.MAC
ESV1SG    MZ390 FID= 14 ERR= 0 W:\work\z390\mac\ABEND.MAC
ESV1SG    MZ390 FID= 15 ERR= 0 W:\work\z390\mac\ACB.MAC
ESV1SG    MZ390 FID= 16 ERR= 0 W:\work\z390\mac\ZGENMACF.MAC
ESV1SG    MZ390 FID= 17 ERR= 0 W:\work\z390\mac\ACBD.MAC
ESV1SG    MZ390 FID= 18 ERR= 0 W:\work\z390\mac\RPL.MAC
ESV1SG    MZ390 FID= 19 ERR= 0 W:\work\z390\mac\ZGENOPTD.MAC
ESV1SG    MZ390 FID= 20 ERR= 0 W:\work\z390\mac\RPLD.MAC
ESV1SG    MZ390 FID= 21 ERR= 0 W:\work\z390\mac\DCB.MAC
ESV1SG    MZ390 FID= 22 ERR= 0 W:\work\z390\mac\EQUREGS.MAC
ESV1SG    MZ390 total mnote warnings  = 0
*****

***** VSAM\DEMO\ESV1SG.STA
ESV1SG    AZ390 total az390 errors    = 0
ESV1SG    MZ390 ENDED   RC= 0 MEM(MB)= MB IO=4815
ESV1SG    LZ390 START
***** RT\VSAM\DEMO\SAVE\ESV1SG.STA
ESV1SG    AZ390 total az390 errors    = 0
ESV1SG    MZ390 ENDED   RC= 0 MEM(MB)= MB IO=4814
ESV1SG    LZ390 START
*****

***** VSAM\DEMO\ESV1SG.STA
ESV1SG    LZ390 z390 is licensed under GNU General Public License
ESV1SG    LZ390 options = @vsam\rtvsam=(notiming stats tracev traceq 
  dump) systerm(w:\work\z390\vsam\test\rtvsam)
ESV1SG    LZ390 program = vsam\demo\ESV1SG.OBJ
***** RT\VSAM\DEMO\SAVE\ESV1SG.STA
ESV1SG    LZ390 z390 is licensed under GNU General Public License
ESV1SG    LZ390 options = W:\work\z390\z390.OPT=(time(60)) @vsam\rtvsam=(notiming stats tracev 
  traceq dump) systerm(w:\work\z390\vsam\test\rtvsam)
ESV1SG    LZ390 program = vsam\demo\ESV1SG.OBJ
*****

***** VSAM\DEMO\ESV1SG.STA
ESV1SG    LZ390 final_options=PROFILE=
ESV1SG    LZ390 final options=STATS=C:\Program Files (x86)\Automated Software Tools\z390\vsam\demo\ESV1SG.
ESV1SG    LZ390 final_options=STA
ESV1SG    LZ390 final_options=SYSPARM=
***** RT\VSAM\DEMO\SAVE\ESV1SG.STA
ESV1SG    LZ390 final_options=PROFILE=
ESV1SG    LZ390 final_options=STATS=W:\work\z390\vsam\demo\ESV1SG.STA
ESV1SG    LZ390 final_options=SYSPARM=
*****

***** VSAM\DEMO\ESV1SG.STA
ESV1SG    LZ390 final_options=TESTDD=
ESV1SG    LZ390 final_options=TIME=15
ESV1SG    LZ390 final_options=TRACE=
***** RT\VSAM\DEMO\SAVE\ESV1SG.STA
ESV1SG    LZ390 final_options=TESTDD=
ESV1SG    LZ390 final_options=TIME=60
ESV1SG    LZ390 final_options=TRACE=
*****

***** VSAM\DEMO\ESV1SG.STA
ESV1SG    LZ390 total errors          = 0
ESV1SG    LZ390 ENDED   RC= 0 MEM(MB)= MB IO=294
ESV1SG    EZ390 START
***** RT\VSAM\DEMO\SAVE\ESV1SG.STA
ESV1SG    LZ390 total errors          = 0
ESV1SG    LZ390 ENDED   RC= 0 MEM(MB)= MB IO=293
ESV1SG    EZ390 START
*****

***** VSAM\DEMO\ESV1SG.STA
ESV1SG    EZ390 program = vsam\demo\ESV1SG.390
ESV1SG    EZ390 options = @vsam\rtvsam=(notiming stats tracev traceq 
  dump) systerm(w:\work\z390\vsam\test\rtvsam)
ESV1SG    EZ390 final_options=ALIGN
***** RT\VSAM\DEMO\SAVE\ESV1SG.STA
ESV1SG    EZ390 program = vsam\demo\ESV1SG.390
ESV1SG    EZ390 options = W:\work\z390\z390.OPT=(time(60)) @vsam\rtvsam=(notiming stats tracev 
  traceq dump) systerm(w:\work\z390\vsam\test\rtvsam)
ESV1SG    EZ390 final_options=ALIGN
*****

***** VSAM\DEMO\ESV1SG.STA
ESV1SG    EZ390 final_options=PROFILE=
ESV1SG    EZ390 final options=STATS=C:\Program Files (x86)\Automated Software Tools\z390\vsam\demo\ESV1SG.
ESV1SG    EZ390 final_options=STA
ESV1SG    EZ390 final_options=SYSPARM=
***** RT\VSAM\DEMO\SAVE\ESV1SG.STA
ESV1SG    EZ390 final_options=PROFILE=
ESV1SG    EZ390 final_options=STATS=W:\work\z390\vsam\demo\ESV1SG.STA
ESV1SG    EZ390 final_options=SYSPARM=
*****

***** VSAM\DEMO\ESV1SG.STA
ESV1SG    EZ390 final_options=TESTDD=
ESV1SG    EZ390 final_options=TIME=15
ESV1SG    EZ390 final_options=TRACE=
***** RT\VSAM\DEMO\SAVE\ESV1SG.STA
ESV1SG    EZ390 final_options=TESTDD=
ESV1SG    EZ390 final_options=TIME=60
ESV1SG    EZ390 final_options=TRACE=
*****

***** VSAM\DEMO\ESV1SG.STA
ESV1SG    EZ390 final_options=IPL=
ESV1SG    EZ390 final options=LOG=C:\Program Files (x86)\Automated Software Tools\z390\vsam\demo\ESV1SG.LO
ESV1SG    EZ390 final_options=G
ESV1SG    EZ390 final_options=SYS390=vsam\demo\+linklib
***** RT\VSAM\DEMO\SAVE\ESV1SG.STA
ESV1SG    EZ390 final_options=IPL=
ESV1SG    EZ390 final_options=LOG=W:\work\z390\vsam\demo\ESV1SG.LOG
ESV1SG    EZ390 final_options=SYS390=vsam\demo\+linklib
*****

***** VSAM\DEMO\ESV1SG.STA
ESV1SG    EZ390 total errors          = 0
ESV1SG    EZ390 ENDED   RC= 0 MEM(MB)= MB IO=323 INS=101
***** RT\VSAM\DEMO\SAVE\ESV1SG.STA
ESV1SG    EZ390 total errors          = 0
ESV1SG    EZ390 ENDED   RC= 0 MEM(MB)= MB IO=321 INS=101
*****

