Comparing files LINKLIB\FPCONVRT.STA and RT\LINKLIB\SAVE\FPCONVRT.STA
***** LINKLIB\FPCONVRT.STA
FPCONVRT  MZ390 program = linklib\FPCONVRT.MLC
FPCONVRT  MZ390 options = bal notiming sysmac(mac) syscpy(mac) stats 
  sysmac(mac+linklib) systerm(linklib\rtlink)
FPCONVRT  MZ390 final_options=ALIGN
***** RT\LINKLIB\SAVE\FPCONVRT.STA
FPCONVRT  MZ390 program = linklib\FPCONVRT.MLC
FPCONVRT  MZ390 options = W:\work\z390\z390.OPT=(time(60)) bal notiming sysmac(mac) 
  syscpy(mac) stats sysmac(mac+linklib) systerm(linklib\rtlink)
FPCONVRT  MZ390 final_options=ALIGN
*****

***** LINKLIB\FPCONVRT.STA
FPCONVRT  MZ390 final_options=PROFILE=
FPCONVRT  MZ390 final options=STATS=C:\Program Files (x86)\Automated Software Tools\z390\linklib\FPCONVRT.
FPCONVRT  MZ390 final_options=STA
FPCONVRT  MZ390 final_options=SYSPARM=
FPCONVRT  MZ390 final options=SYSTERM=C:\Program Files (x86)\Automated Software Tools\z390\linklib\rtlink.
FPCONVRT  MZ390 final_options=ERR
FPCONVRT  MZ390 final_options=TESTDD=
FPCONVRT  MZ390 final_options=TIME=15
FPCONVRT  MZ390 final_options=TRACE=
***** RT\LINKLIB\SAVE\FPCONVRT.STA
FPCONVRT  MZ390 final_options=PROFILE=
FPCONVRT  MZ390 final_options=STATS=W:\work\z390\linklib\FPCONVRT.STA
FPCONVRT  MZ390 final_options=SYSPARM=
FPCONVRT  MZ390 final_options=SYSTERM=W:\work\z390\linklib\rtlink.ERR
FPCONVRT  MZ390 final_options=TESTDD=
FPCONVRT  MZ390 final_options=TIME=60
FPCONVRT  MZ390 final_options=TRACE=
*****

***** LINKLIB\FPCONVRT.STA
FPCONVRT  MZ390 total pcode exec opt  = 2
FPCONVRT  MZ390 FID=  1 ERR= 0 C:\Program Files (x86)\Automated Software Tools\z390\linklib\FPCONVRT.MLC
FPCONVRT  MZ390 FID=  2 ERR= 0 C:\Program Files (x86)\Automated Software Tools\z390\linklib\ARCHLVL.MAC
FPCONVRT  MZ390 FID=  3 ERR= 0 C:\Program Files (x86)\Automated Software Tools\z390\linklib\FPCONVRT.MAC
FPCONVRT  MZ390 total mnote warnings  = 0
***** RT\LINKLIB\SAVE\FPCONVRT.STA
FPCONVRT  MZ390 total pcode exec opt  = 2
FPCONVRT  MZ390 FID=  1 ERR= 0 W:\work\z390\linklib\FPCONVRT.MLC
FPCONVRT  MZ390 FID=  2 ERR= 0 W:\work\z390\linklib\ARCHLVL.MAC
FPCONVRT  MZ390 FID=  3 ERR= 0 W:\work\z390\linklib\FPCONVRT.MAC
FPCONVRT  MZ390 total mnote warnings  = 0
*****

***** LINKLIB\FPCONVRT.STA
FPCONVRT  AZ390 total az390 errors    = 0
FPCONVRT  MZ390 ENDED   RC= 0 MEM(MB)= MB IO=13758
***** RT\LINKLIB\SAVE\FPCONVRT.STA
FPCONVRT  AZ390 total az390 errors    = 0
FPCONVRT  MZ390 ENDED   RC= 0 MEM(MB)= MB IO=13756
*****

