Comparing files VSAM\DEMO\KSF1DEMO.STA and RT\VSAM\DEMO\SAVE\KSF1DEMO.STA
***** VSAM\DEMO\KSF1DEMO.STA
KSF1DEMO  MZ390 program = vsam\demo\KSF1DEMO.MLC
KSF1DEMO  MZ390 options = sysmac(C:\PROGRA~2\AUTOMA~1\z390\mac+.) 
  syscpy(C:\PROGRA~2\AUTOMA~1\z390\mac+.) @vsam\rtvsam=(notiming stats tracev 
  traceq dump) systerm(w:\work\z390\vsam\test\rtvsam)
KSF1DEMO  MZ390 final_options=ALIGN
***** RT\VSAM\DEMO\SAVE\KSF1DEMO.STA
KSF1DEMO  MZ390 program = vsam\demo\KSF1DEMO.MLC
KSF1DEMO  MZ390 options = W:\work\z390\z390.OPT=(time(60)) sysmac(W:\work\z390\mac+.) 
  syscpy(W:\work\z390\mac+.) @vsam\rtvsam=(notiming stats tracev traceq dump) 
  systerm(w:\work\z390\vsam\test\rtvsam)
KSF1DEMO  MZ390 final_options=ALIGN
*****

***** VSAM\DEMO\KSF1DEMO.STA
KSF1DEMO  MZ390 final_options=PROFILE=
KSF1DEMO  MZ390 final options=STATS=C:\Program Files (x86)\Automated Software Tools\z390\vsam\demo\KSF1DEM
KSF1DEMO  MZ390 final_options=O.STA
KSF1DEMO  MZ390 final_options=SYSPARM=
***** RT\VSAM\DEMO\SAVE\KSF1DEMO.STA
KSF1DEMO  MZ390 final_options=PROFILE=
KSF1DEMO  MZ390 final_options=STATS=W:\work\z390\vsam\demo\KSF1DEMO.STA
KSF1DEMO  MZ390 final_options=SYSPARM=
*****

***** VSAM\DEMO\KSF1DEMO.STA
KSF1DEMO  MZ390 final_options=TESTDD=
KSF1DEMO  MZ390 final_options=TIME=15
KSF1DEMO  MZ390 final_options=TRACE=
***** RT\VSAM\DEMO\SAVE\KSF1DEMO.STA
KSF1DEMO  MZ390 final_options=TESTDD=
KSF1DEMO  MZ390 final_options=TIME=60
KSF1DEMO  MZ390 final_options=TRACE=
*****

***** VSAM\DEMO\KSF1DEMO.STA
KSF1DEMO  MZ390 final_options=SYSBAL=vsam\demo\
KSF1DEMO  MZ390 final_options=SYSCPY=C:\PROGRA~2\AUTOMA~1\z390\mac+.
KSF1DEMO  MZ390 final_options=SYSDAT=vsam\demo\
***** RT\VSAM\DEMO\SAVE\KSF1DEMO.STA
KSF1DEMO  MZ390 final_options=SYSBAL=vsam\demo\
KSF1DEMO  MZ390 final_options=SYSCPY=W:\work\z390\mac+.
KSF1DEMO  MZ390 final_options=SYSDAT=vsam\demo\
*****

***** VSAM\DEMO\KSF1DEMO.STA
KSF1DEMO  MZ390 final_options=SYSLST=vsam\demo\
KSF1DEMO  MZ390 final_options=SYSMAC=C:\PROGRA~2\AUTOMA~1\z390\mac+.
KSF1DEMO  MZ390 final_options=SYSMLC=vsam\demo\
***** RT\VSAM\DEMO\SAVE\KSF1DEMO.STA
KSF1DEMO  MZ390 final_options=SYSLST=vsam\demo\
KSF1DEMO  MZ390 final_options=SYSMAC=W:\work\z390\mac+.
KSF1DEMO  MZ390 final_options=SYSMLC=vsam\demo\
*****

***** VSAM\DEMO\KSF1DEMO.STA
KSF1DEMO  MZ390 total pcode exec opt  = 4
KSF1DEMO  MZ390 FID=  1 ERR= 0 C:\Program Files (x86)\Automated Software Tools\z390\vsam\demo\KSF1DEMO.MLC
KSF1DEMO  MZ390 FID=  2 ERR= 0 C:\PROGRA~2\AUTOMA~1\z390\mac\SUBENTRY.MAC
KSF1DEMO  MZ390 FID=  3 ERR= 0 C:\PROGRA~2\AUTOMA~1\z390\mac\WTO.MAC
KSF1DEMO  MZ390 FID=  4 ERR= 0 C:\PROGRA~2\AUTOMA~1\z390\mac\OPEN.MAC
KSF1DEMO  MZ390 FID=  5 ERR= 0 C:\PROGRA~2\AUTOMA~1\z390\mac\ZOPEN.MAC
KSF1DEMO  MZ390 FID=  6 ERR= 0 C:\PROGRA~2\AUTOMA~1\z390\mac\DCBD.MAC
KSF1DEMO  MZ390 FID=  7 ERR= 0 C:\PROGRA~2\AUTOMA~1\z390\mac\GET.MAC
KSF1DEMO  MZ390 FID=  8 ERR= 0 C:\PROGRA~2\AUTOMA~1\z390\mac\CLOSE.MAC
KSF1DEMO  MZ390 FID=  9 ERR= 0 C:\PROGRA~2\AUTOMA~1\z390\mac\ZCLOSE.MAC
KSF1DEMO  MZ390 FID= 10 ERR= 0 C:\PROGRA~2\AUTOMA~1\z390\mac\SUBEXIT.MAC
KSF1DEMO  MZ390 FID= 11 ERR= 0 C:\PROGRA~2\AUTOMA~1\z390\mac\ABEND.MAC
KSF1DEMO  MZ390 FID= 12 ERR= 0 C:\PROGRA~2\AUTOMA~1\z390\mac\ACB.MAC
KSF1DEMO  MZ390 FID= 13 ERR= 0 C:\PROGRA~2\AUTOMA~1\z390\mac\ZGENMACF.MAC
KSF1DEMO  MZ390 FID= 14 ERR= 0 C:\PROGRA~2\AUTOMA~1\z390\mac\ACBD.MAC
KSF1DEMO  MZ390 FID= 15 ERR= 0 C:\PROGRA~2\AUTOMA~1\z390\mac\RPL.MAC
KSF1DEMO  MZ390 FID= 16 ERR= 0 C:\PROGRA~2\AUTOMA~1\z390\mac\ZGENOPTD.MAC
KSF1DEMO  MZ390 FID= 17 ERR= 0 C:\PROGRA~2\AUTOMA~1\z390\mac\RPLD.MAC
KSF1DEMO  MZ390 FID= 18 ERR= 0 C:\PROGRA~2\AUTOMA~1\z390\mac\EQUREGS.MAC
KSF1DEMO  MZ390 total mnote warnings  = 0
***** RT\VSAM\DEMO\SAVE\KSF1DEMO.STA
KSF1DEMO  MZ390 total pcode exec opt  = 4
KSF1DEMO  MZ390 FID=  1 ERR= 0 W:\work\z390\vsam\demo\KSF1DEMO.MLC
KSF1DEMO  MZ390 FID=  2 ERR= 0 W:\work\z390\mac\SUBENTRY.MAC
KSF1DEMO  MZ390 FID=  3 ERR= 0 W:\work\z390\mac\WTO.MAC
KSF1DEMO  MZ390 FID=  4 ERR= 0 W:\work\z390\mac\OPEN.MAC
KSF1DEMO  MZ390 FID=  5 ERR= 0 W:\work\z390\mac\ZOPEN.MAC
KSF1DEMO  MZ390 FID=  6 ERR= 0 W:\work\z390\mac\DCBD.MAC
KSF1DEMO  MZ390 FID=  7 ERR= 0 W:\work\z390\mac\GET.MAC
KSF1DEMO  MZ390 FID=  8 ERR= 0 W:\work\z390\mac\CLOSE.MAC
KSF1DEMO  MZ390 FID=  9 ERR= 0 W:\work\z390\mac\ZCLOSE.MAC
KSF1DEMO  MZ390 FID= 10 ERR= 0 W:\work\z390\mac\SUBEXIT.MAC
KSF1DEMO  MZ390 FID= 11 ERR= 0 W:\work\z390\mac\ABEND.MAC
KSF1DEMO  MZ390 FID= 12 ERR= 0 W:\work\z390\mac\ACB.MAC
KSF1DEMO  MZ390 FID= 13 ERR= 0 W:\work\z390\mac\ZGENMACF.MAC
KSF1DEMO  MZ390 FID= 14 ERR= 0 W:\work\z390\mac\ACBD.MAC
KSF1DEMO  MZ390 FID= 15 ERR= 0 W:\work\z390\mac\RPL.MAC
KSF1DEMO  MZ390 FID= 16 ERR= 0 W:\work\z390\mac\ZGENOPTD.MAC
KSF1DEMO  MZ390 FID= 17 ERR= 0 W:\work\z390\mac\RPLD.MAC
KSF1DEMO  MZ390 FID= 18 ERR= 0 W:\work\z390\mac\EQUREGS.MAC
KSF1DEMO  MZ390 total mnote warnings  = 0
*****

***** VSAM\DEMO\KSF1DEMO.STA
KSF1DEMO  AZ390 total az390 errors    = 0
KSF1DEMO  MZ390 ENDED   RC= 0 MEM(MB)= MB IO=4167
KSF1DEMO  LZ390 START
***** RT\VSAM\DEMO\SAVE\KSF1DEMO.STA
KSF1DEMO  AZ390 total az390 errors    = 0
KSF1DEMO  MZ390 ENDED   RC= 0 MEM(MB)= MB IO=4166
KSF1DEMO  LZ390 START
*****

***** VSAM\DEMO\KSF1DEMO.STA
KSF1DEMO  LZ390 z390 is licensed under GNU General Public License
KSF1DEMO  LZ390 options = @vsam\rtvsam=(notiming stats tracev traceq 
  dump) systerm(w:\work\z390\vsam\test\rtvsam)
KSF1DEMO  LZ390 program = vsam\demo\KSF1DEMO.OBJ
***** RT\VSAM\DEMO\SAVE\KSF1DEMO.STA
KSF1DEMO  LZ390 z390 is licensed under GNU General Public License
KSF1DEMO  LZ390 options = W:\work\z390\z390.OPT=(time(60)) @vsam\rtvsam=(notiming stats tracev 
  traceq dump) systerm(w:\work\z390\vsam\test\rtvsam)
KSF1DEMO  LZ390 program = vsam\demo\KSF1DEMO.OBJ
*****

***** VSAM\DEMO\KSF1DEMO.STA
KSF1DEMO  LZ390 final_options=PROFILE=
KSF1DEMO  LZ390 final options=STATS=C:\Program Files (x86)\Automated Software Tools\z390\vsam\demo\KSF1DEM
KSF1DEMO  LZ390 final_options=O.STA
KSF1DEMO  LZ390 final_options=SYSPARM=
***** RT\VSAM\DEMO\SAVE\KSF1DEMO.STA
KSF1DEMO  LZ390 final_options=PROFILE=
KSF1DEMO  LZ390 final_options=STATS=W:\work\z390\vsam\demo\KSF1DEMO.STA
KSF1DEMO  LZ390 final_options=SYSPARM=
*****

***** VSAM\DEMO\KSF1DEMO.STA
KSF1DEMO  LZ390 final_options=TESTDD=
KSF1DEMO  LZ390 final_options=TIME=15
KSF1DEMO  LZ390 final_options=TRACE=
***** RT\VSAM\DEMO\SAVE\KSF1DEMO.STA
KSF1DEMO  LZ390 final_options=TESTDD=
KSF1DEMO  LZ390 final_options=TIME=60
KSF1DEMO  LZ390 final_options=TRACE=
*****

***** VSAM\DEMO\KSF1DEMO.STA
KSF1DEMO  LZ390 total errors          = 0
KSF1DEMO  LZ390 ENDED   RC= 0 MEM(MB)= MB IO=311
KSF1DEMO  EZ390 START
***** RT\VSAM\DEMO\SAVE\KSF1DEMO.STA
KSF1DEMO  LZ390 total errors          = 0
KSF1DEMO  LZ390 ENDED   RC= 0 MEM(MB)= MB IO=310
KSF1DEMO  EZ390 START
*****

***** VSAM\DEMO\KSF1DEMO.STA
KSF1DEMO  EZ390 program = vsam\demo\KSF1DEMO.390
KSF1DEMO  EZ390 options = @vsam\rtvsam=(notiming stats tracev traceq 
  dump) systerm(w:\work\z390\vsam\test\rtvsam)
KSF1DEMO  EZ390 final_options=ALIGN
***** RT\VSAM\DEMO\SAVE\KSF1DEMO.STA
KSF1DEMO  EZ390 program = vsam\demo\KSF1DEMO.390
KSF1DEMO  EZ390 options = W:\work\z390\z390.OPT=(time(60)) @vsam\rtvsam=(notiming stats tracev 
  traceq dump) systerm(w:\work\z390\vsam\test\rtvsam)
KSF1DEMO  EZ390 final_options=ALIGN
*****

***** VSAM\DEMO\KSF1DEMO.STA
KSF1DEMO  EZ390 final_options=PROFILE=
KSF1DEMO  EZ390 final options=STATS=C:\Program Files (x86)\Automated Software Tools\z390\vsam\demo\KSF1DEM
KSF1DEMO  EZ390 final_options=O.STA
KSF1DEMO  EZ390 final_options=SYSPARM=
***** RT\VSAM\DEMO\SAVE\KSF1DEMO.STA
KSF1DEMO  EZ390 final_options=PROFILE=
KSF1DEMO  EZ390 final_options=STATS=W:\work\z390\vsam\demo\KSF1DEMO.STA
KSF1DEMO  EZ390 final_options=SYSPARM=
*****

***** VSAM\DEMO\KSF1DEMO.STA
KSF1DEMO  EZ390 final_options=TESTDD=
KSF1DEMO  EZ390 final_options=TIME=15
KSF1DEMO  EZ390 final_options=TRACE=
***** RT\VSAM\DEMO\SAVE\KSF1DEMO.STA
KSF1DEMO  EZ390 final_options=TESTDD=
KSF1DEMO  EZ390 final_options=TIME=60
KSF1DEMO  EZ390 final_options=TRACE=
*****

***** VSAM\DEMO\KSF1DEMO.STA
KSF1DEMO  EZ390 final_options=IPL=
KSF1DEMO  EZ390 final options=LOG=C:\Program Files (x86)\Automated Software Tools\z390\vsam\demo\KSF1DEMO.
KSF1DEMO  EZ390 final_options=LOG
KSF1DEMO  EZ390 final_options=SYS390=vsam\demo\+linklib
***** RT\VSAM\DEMO\SAVE\KSF1DEMO.STA
KSF1DEMO  EZ390 final_options=IPL=
KSF1DEMO  EZ390 final_options=LOG=W:\work\z390\vsam\demo\KSF1DEMO.LOG
KSF1DEMO  EZ390 final_options=SYS390=vsam\demo\+linklib
*****

***** VSAM\DEMO\KSF1DEMO.STA
KSF1DEMO  EZ390 total errors          = 0
KSF1DEMO  EZ390 ENDED   RC= 0 MEM(MB)= MB IO=328 INS=82
***** RT\VSAM\DEMO\SAVE\KSF1DEMO.STA
KSF1DEMO  EZ390 total errors          = 0
KSF1DEMO  EZ390 ENDED   RC= 0 MEM(MB)= MB IO=326 INS=82
*****

