Comparing files VSAM\TEST\KSF2TST2.STA and RT\VSAM\TEST\SAVE\KSF2TST2.STA
***** VSAM\TEST\KSF2TST2.STA
KSF2TST2  MZ390 program = vsam\test\KSF2TST2.MLC
KSF2TST2  MZ390 options = sysmac(C:\PROGRA~2\AUTOMA~1\z390\mac+.) 
  syscpy(C:\PROGRA~2\AUTOMA~1\z390\mac+.) @vsam\rtvsam=(notiming stats tracev 
  traceq dump) systerm(w:\work\z390\vsam\test\rtvsam)
KSF2TST2  MZ390 final_options=ALIGN
***** RT\VSAM\TEST\SAVE\KSF2TST2.STA
KSF2TST2  MZ390 program = vsam\test\KSF2TST2.MLC
KSF2TST2  MZ390 options = W:\work\z390\z390.OPT=(time(60)) sysmac(W:\work\z390\mac+.) 
  syscpy(W:\work\z390\mac+.) @vsam\rtvsam=(notiming stats tracev traceq dump) 
  systerm(w:\work\z390\vsam\test\rtvsam)
KSF2TST2  MZ390 final_options=ALIGN
*****

***** VSAM\TEST\KSF2TST2.STA
KSF2TST2  MZ390 final_options=PROFILE=
KSF2TST2  MZ390 final options=STATS=C:\Program Files (x86)\Automated Software Tools\z390\vsam\test\KSF2TST
KSF2TST2  MZ390 final_options=2.STA
KSF2TST2  MZ390 final_options=SYSPARM=
***** RT\VSAM\TEST\SAVE\KSF2TST2.STA
KSF2TST2  MZ390 final_options=PROFILE=
KSF2TST2  MZ390 final_options=STATS=W:\work\z390\vsam\test\KSF2TST2.STA
KSF2TST2  MZ390 final_options=SYSPARM=
*****

***** VSAM\TEST\KSF2TST2.STA
KSF2TST2  MZ390 final_options=TESTDD=
KSF2TST2  MZ390 final_options=TIME=15
KSF2TST2  MZ390 final_options=TRACE=
***** RT\VSAM\TEST\SAVE\KSF2TST2.STA
KSF2TST2  MZ390 final_options=TESTDD=
KSF2TST2  MZ390 final_options=TIME=60
KSF2TST2  MZ390 final_options=TRACE=
*****

***** VSAM\TEST\KSF2TST2.STA
KSF2TST2  MZ390 final_options=SYSBAL=vsam\test\
KSF2TST2  MZ390 final_options=SYSCPY=C:\PROGRA~2\AUTOMA~1\z390\mac+.
KSF2TST2  MZ390 final_options=SYSDAT=vsam\test\
***** RT\VSAM\TEST\SAVE\KSF2TST2.STA
KSF2TST2  MZ390 final_options=SYSBAL=vsam\test\
KSF2TST2  MZ390 final_options=SYSCPY=W:\work\z390\mac+.
KSF2TST2  MZ390 final_options=SYSDAT=vsam\test\
*****

***** VSAM\TEST\KSF2TST2.STA
KSF2TST2  MZ390 final_options=SYSLST=vsam\test\
KSF2TST2  MZ390 final_options=SYSMAC=C:\PROGRA~2\AUTOMA~1\z390\mac+.
KSF2TST2  MZ390 final_options=SYSMLC=vsam\test\
***** RT\VSAM\TEST\SAVE\KSF2TST2.STA
KSF2TST2  MZ390 final_options=SYSLST=vsam\test\
KSF2TST2  MZ390 final_options=SYSMAC=W:\work\z390\mac+.
KSF2TST2  MZ390 final_options=SYSMLC=vsam\test\
*****

***** VSAM\TEST\KSF2TST2.STA
KSF2TST2  MZ390 total pcode exec opt  = 4
KSF2TST2  MZ390 FID=  1 ERR= 0 C:\Program Files (x86)\Automated Software Tools\z390\vsam\test\KSF2TST2.MLC
KSF2TST2  MZ390 FID=  2 ERR= 0 C:\PROGRA~2\AUTOMA~1\z390\mac\SUBENTRY.MAC
KSF2TST2  MZ390 FID=  3 ERR= 0 C:\PROGRA~2\AUTOMA~1\z390\mac\WTO.MAC
KSF2TST2  MZ390 FID=  4 ERR= 0 C:\PROGRA~2\AUTOMA~1\z390\mac\OPEN.MAC
KSF2TST2  MZ390 FID=  5 ERR= 0 C:\PROGRA~2\AUTOMA~1\z390\mac\ZOPEN.MAC
KSF2TST2  MZ390 FID=  6 ERR= 0 C:\PROGRA~2\AUTOMA~1\z390\mac\DCBD.MAC
KSF2TST2  MZ390 FID=  7 ERR= 0 C:\PROGRA~2\AUTOMA~1\z390\mac\GET.MAC
KSF2TST2  MZ390 FID=  8 ERR= 0 C:\PROGRA~2\AUTOMA~1\z390\mac\PUT.MAC
KSF2TST2  MZ390 FID=  9 ERR= 0 C:\PROGRA~2\AUTOMA~1\z390\mac\CLOSE.MAC
KSF2TST2  MZ390 FID= 10 ERR= 0 C:\PROGRA~2\AUTOMA~1\z390\mac\ZCLOSE.MAC
KSF2TST2  MZ390 FID= 11 ERR= 0 C:\PROGRA~2\AUTOMA~1\z390\mac\SUBEXIT.MAC
KSF2TST2  MZ390 FID= 12 ERR= 0 C:\PROGRA~2\AUTOMA~1\z390\mac\ABEND.MAC
KSF2TST2  MZ390 FID= 13 ERR= 0 C:\PROGRA~2\AUTOMA~1\z390\mac\ACB.MAC
KSF2TST2  MZ390 FID= 14 ERR= 0 C:\PROGRA~2\AUTOMA~1\z390\mac\ZGENMACF.MAC
KSF2TST2  MZ390 FID= 15 ERR= 0 C:\PROGRA~2\AUTOMA~1\z390\mac\ACBD.MAC
KSF2TST2  MZ390 FID= 16 ERR= 0 C:\PROGRA~2\AUTOMA~1\z390\mac\RPL.MAC
KSF2TST2  MZ390 FID= 17 ERR= 0 C:\PROGRA~2\AUTOMA~1\z390\mac\ZGENOPTD.MAC
KSF2TST2  MZ390 FID= 18 ERR= 0 C:\PROGRA~2\AUTOMA~1\z390\mac\RPLD.MAC
KSF2TST2  MZ390 FID= 19 ERR= 0 C:\PROGRA~2\AUTOMA~1\z390\mac\EQUREGS.MAC
KSF2TST2  MZ390 total mnote warnings  = 0
***** RT\VSAM\TEST\SAVE\KSF2TST2.STA
KSF2TST2  MZ390 total pcode exec opt  = 4
KSF2TST2  MZ390 FID=  1 ERR= 0 W:\work\z390\vsam\test\KSF2TST2.MLC
KSF2TST2  MZ390 FID=  2 ERR= 0 W:\work\z390\mac\SUBENTRY.MAC
KSF2TST2  MZ390 FID=  3 ERR= 0 W:\work\z390\mac\WTO.MAC
KSF2TST2  MZ390 FID=  4 ERR= 0 W:\work\z390\mac\OPEN.MAC
KSF2TST2  MZ390 FID=  5 ERR= 0 W:\work\z390\mac\ZOPEN.MAC
KSF2TST2  MZ390 FID=  6 ERR= 0 W:\work\z390\mac\DCBD.MAC
KSF2TST2  MZ390 FID=  7 ERR= 0 W:\work\z390\mac\GET.MAC
KSF2TST2  MZ390 FID=  8 ERR= 0 W:\work\z390\mac\PUT.MAC
KSF2TST2  MZ390 FID=  9 ERR= 0 W:\work\z390\mac\CLOSE.MAC
KSF2TST2  MZ390 FID= 10 ERR= 0 W:\work\z390\mac\ZCLOSE.MAC
KSF2TST2  MZ390 FID= 11 ERR= 0 W:\work\z390\mac\SUBEXIT.MAC
KSF2TST2  MZ390 FID= 12 ERR= 0 W:\work\z390\mac\ABEND.MAC
KSF2TST2  MZ390 FID= 13 ERR= 0 W:\work\z390\mac\ACB.MAC
KSF2TST2  MZ390 FID= 14 ERR= 0 W:\work\z390\mac\ZGENMACF.MAC
KSF2TST2  MZ390 FID= 15 ERR= 0 W:\work\z390\mac\ACBD.MAC
KSF2TST2  MZ390 FID= 16 ERR= 0 W:\work\z390\mac\RPL.MAC
KSF2TST2  MZ390 FID= 17 ERR= 0 W:\work\z390\mac\ZGENOPTD.MAC
KSF2TST2  MZ390 FID= 18 ERR= 0 W:\work\z390\mac\RPLD.MAC
KSF2TST2  MZ390 FID= 19 ERR= 0 W:\work\z390\mac\EQUREGS.MAC
KSF2TST2  MZ390 total mnote warnings  = 0
*****

***** VSAM\TEST\KSF2TST2.STA
KSF2TST2  AZ390 total az390 errors    = 0
KSF2TST2  MZ390 ENDED   RC= 0 MEM(MB)= MB IO=4506
KSF2TST2  LZ390 START
***** RT\VSAM\TEST\SAVE\KSF2TST2.STA
KSF2TST2  AZ390 total az390 errors    = 0
KSF2TST2  MZ390 ENDED   RC= 0 MEM(MB)= MB IO=4505
KSF2TST2  LZ390 START
*****

***** VSAM\TEST\KSF2TST2.STA
KSF2TST2  LZ390 z390 is licensed under GNU General Public License
KSF2TST2  LZ390 options = @vsam\rtvsam=(notiming stats tracev traceq 
  dump) systerm(w:\work\z390\vsam\test\rtvsam)
KSF2TST2  LZ390 program = vsam\test\KSF2TST2.OBJ
***** RT\VSAM\TEST\SAVE\KSF2TST2.STA
KSF2TST2  LZ390 z390 is licensed under GNU General Public License
KSF2TST2  LZ390 options = W:\work\z390\z390.OPT=(time(60)) @vsam\rtvsam=(notiming stats tracev 
  traceq dump) systerm(w:\work\z390\vsam\test\rtvsam)
KSF2TST2  LZ390 program = vsam\test\KSF2TST2.OBJ
*****

***** VSAM\TEST\KSF2TST2.STA
KSF2TST2  LZ390 final_options=PROFILE=
KSF2TST2  LZ390 final options=STATS=C:\Program Files (x86)\Automated Software Tools\z390\vsam\test\KSF2TST
KSF2TST2  LZ390 final_options=2.STA
KSF2TST2  LZ390 final_options=SYSPARM=
***** RT\VSAM\TEST\SAVE\KSF2TST2.STA
KSF2TST2  LZ390 final_options=PROFILE=
KSF2TST2  LZ390 final_options=STATS=W:\work\z390\vsam\test\KSF2TST2.STA
KSF2TST2  LZ390 final_options=SYSPARM=
*****

***** VSAM\TEST\KSF2TST2.STA
KSF2TST2  LZ390 final_options=TESTDD=
KSF2TST2  LZ390 final_options=TIME=15
KSF2TST2  LZ390 final_options=TRACE=
***** RT\VSAM\TEST\SAVE\KSF2TST2.STA
KSF2TST2  LZ390 final_options=TESTDD=
KSF2TST2  LZ390 final_options=TIME=60
KSF2TST2  LZ390 final_options=TRACE=
*****

***** VSAM\TEST\KSF2TST2.STA
KSF2TST2  LZ390 total errors          = 0
KSF2TST2  LZ390 ENDED   RC= 0 MEM(MB)= MB IO=353
KSF2TST2  EZ390 START
***** RT\VSAM\TEST\SAVE\KSF2TST2.STA
KSF2TST2  LZ390 total errors          = 0
KSF2TST2  LZ390 ENDED   RC= 0 MEM(MB)= MB IO=352
KSF2TST2  EZ390 START
*****

***** VSAM\TEST\KSF2TST2.STA
KSF2TST2  EZ390 program = vsam\test\KSF2TST2.390
KSF2TST2  EZ390 options = @vsam\rtvsam=(notiming stats tracev traceq 
  dump) systerm(w:\work\z390\vsam\test\rtvsam)
KSF2TST2  EZ390 final_options=ALIGN
***** RT\VSAM\TEST\SAVE\KSF2TST2.STA
KSF2TST2  EZ390 program = vsam\test\KSF2TST2.390
KSF2TST2  EZ390 options = W:\work\z390\z390.OPT=(time(60)) @vsam\rtvsam=(notiming stats tracev 
  traceq dump) systerm(w:\work\z390\vsam\test\rtvsam)
KSF2TST2  EZ390 final_options=ALIGN
*****

***** VSAM\TEST\KSF2TST2.STA
KSF2TST2  EZ390 final_options=PROFILE=
KSF2TST2  EZ390 final options=STATS=C:\Program Files (x86)\Automated Software Tools\z390\vsam\test\KSF2TST
KSF2TST2  EZ390 final_options=2.STA
KSF2TST2  EZ390 final_options=SYSPARM=
***** RT\VSAM\TEST\SAVE\KSF2TST2.STA
KSF2TST2  EZ390 final_options=PROFILE=
KSF2TST2  EZ390 final_options=STATS=W:\work\z390\vsam\test\KSF2TST2.STA
KSF2TST2  EZ390 final_options=SYSPARM=
*****

***** VSAM\TEST\KSF2TST2.STA
KSF2TST2  EZ390 final_options=TESTDD=
KSF2TST2  EZ390 final_options=TIME=15
KSF2TST2  EZ390 final_options=TRACE=
***** RT\VSAM\TEST\SAVE\KSF2TST2.STA
KSF2TST2  EZ390 final_options=TESTDD=
KSF2TST2  EZ390 final_options=TIME=60
KSF2TST2  EZ390 final_options=TRACE=
*****

***** VSAM\TEST\KSF2TST2.STA
KSF2TST2  EZ390 final_options=IPL=
KSF2TST2  EZ390 final options=LOG=C:\Program Files (x86)\Automated Software Tools\z390\vsam\test\KSF2TST2.
KSF2TST2  EZ390 final_options=LOG
KSF2TST2  EZ390 final_options=SYS390=vsam\test\+linklib
***** RT\VSAM\TEST\SAVE\KSF2TST2.STA
KSF2TST2  EZ390 final_options=IPL=
KSF2TST2  EZ390 final_options=LOG=W:\work\z390\vsam\test\KSF2TST2.LOG
KSF2TST2  EZ390 final_options=SYS390=vsam\test\+linklib
*****

***** VSAM\TEST\KSF2TST2.STA
KSF2TST2  EZ390 total errors          = 0
KSF2TST2  EZ390 ENDED   RC= 0 MEM(MB)= MB IO=472 INS=106
***** RT\VSAM\TEST\SAVE\KSF2TST2.STA
KSF2TST2  EZ390 total errors          = 0
KSF2TST2  EZ390 ENDED   RC= 0 MEM(MB)= MB IO=470 INS=106
*****

