Comparing files MVS\TEST\rtmvs.ERR and RT\MVS\TEST\SAVE\RTMVS.ERR
***** MVS\TEST\rtmvs.ERR
DEMO      MZ390 START
DEMO      MZ390 ENDED   RC= 0 MEM(MB)= MB IO=1648
DEMO      LZ390 START
DEMO      LZ390 ENDED   RC= 0 MEM(MB)= MB IO=184
DEMO      EZ390 START
DEMO      EZ390 ENDED   RC= 0 MEM(MB)= MB IO=154 INS=14
TESTMVS1  MZ390 START
TESTMVS1  MZ390 ENDED   RC= 0 MEM(MB)= MB IO=48591
TESTMVS1  LZ390 START
TESTMVS1  LZ390 ENDED   RC= 0 MEM(MB)= MB IO=539
TESTCVTX  MZ390 START
TESTCVTX  MZ390 ENDED   RC= 0 MEM(MB)= MB IO=1882
TESTCVTX  LZ390 START
TESTCVTX  LZ390 ENDED   RC= 0 MEM(MB)= MB IO=546
TESTCVT1  MZ390 START
TESTCVT1  MZ390 ENDED   RC= 0 MEM(MB)= MB IO=6384
TESTCVT1  LZ390 START
TESTCVT1  LZ390 ENDED   RC= 0 MEM(MB)= MB IO=1638
***** RT\MVS\TEST\SAVE\RTMVS.ERR
DEMO      MZ390 START
DEMO      MZ390 ENDED   RC= 0 MEM(MB)= MB IO=1647
DEMO      LZ390 START
DEMO      LZ390 ENDED   RC= 0 MEM(MB)= MB IO=183
DEMO      EZ390 START
DEMO      EZ390 ENDED   RC= 0 MEM(MB)= MB IO=153 INS=14
TESTMVS1  MZ390 START
TESTMVS1  MZ390 ENDED   RC= 0 MEM(MB)= MB IO=48589
TESTMVS1  LZ390 START
TESTMVS1  LZ390 ENDED   RC= 0 MEM(MB)= MB IO=537
TESTCVTX  MZ390 START
TESTCVTX  MZ390 ENDED   RC= 0 MEM(MB)= MB IO=1880
TESTCVTX  LZ390 START
TESTCVTX  LZ390 ENDED   RC= 0 MEM(MB)= MB IO=544
TESTCVT1  MZ390 START
TESTCVT1  MZ390 ENDED   RC= 0 MEM(MB)= MB IO=6382
TESTCVT1  LZ390 START
TESTCVT1  LZ390 ENDED   RC= 0 MEM(MB)= MB IO=1636
*****

