Comparing files ASSIST\solp06.STA and RT\ASSIST\SAVE\SOLP06.STA
***** ASSIST\solp06.STA
solp06    MZ390 program = assist\solp06.MLC
solp06    MZ390 options = sysmac(C:\PROGRA~2\AUTOMA~1\z390\mac+.) 
  syscpy(C:\PROGRA~2\AUTOMA~1\z390\mac+.) assist notiming stats 
  systerm(assist\rtast)
solp06    MZ390 final_options=ALIGN
***** RT\ASSIST\SAVE\SOLP06.STA
solp06    MZ390 program = assist\solp06.MLC
solp06    MZ390 options = W:\work\z390\z390.OPT=(time(60)) sysmac(W:\work\z390\mac+.) 
  syscpy(W:\work\z390\mac+.) assist notiming stats systerm(assist\rtast)
solp06    MZ390 final_options=ALIGN
*****

***** ASSIST\solp06.STA
solp06    MZ390 final_options=PROFILE=
solp06    MZ390 final_options=STATS=C:\Program Files (x86)\Automated Software Tools\z390\assist\solp06.STA
solp06    MZ390 final_options=SYSPARM=
solp06    MZ390 final options=SYSTERM=C:\Program Files (x86)\Automated Software Tools\z390\assist\rtast.ER
solp06    MZ390 final_options=R
solp06    MZ390 final_options=TESTDD=
solp06    MZ390 final_options=TIME=15
solp06    MZ390 final_options=TRACE=
***** RT\ASSIST\SAVE\SOLP06.STA
solp06    MZ390 final_options=PROFILE=
solp06    MZ390 final_options=STATS=W:\work\z390\assist\solp06.STA
solp06    MZ390 final_options=SYSPARM=
solp06    MZ390 final_options=SYSTERM=W:\work\z390\assist\rtast.ERR
solp06    MZ390 final_options=TESTDD=
solp06    MZ390 final_options=TIME=60
solp06    MZ390 final_options=TRACE=
*****

***** ASSIST\solp06.STA
solp06    MZ390 final_options=SYSBAL=assist\
solp06    MZ390 final_options=SYSCPY=C:\PROGRA~2\AUTOMA~1\z390\mac+.
solp06    MZ390 final_options=SYSDAT=assist\
***** RT\ASSIST\SAVE\SOLP06.STA
solp06    MZ390 final_options=SYSBAL=assist\
solp06    MZ390 final_options=SYSCPY=W:\work\z390\mac+.
solp06    MZ390 final_options=SYSDAT=assist\
*****

***** ASSIST\solp06.STA
solp06    MZ390 final_options=SYSLST=assist\
solp06    MZ390 final_options=SYSMAC=C:\PROGRA~2\AUTOMA~1\z390\mac+.
solp06    MZ390 final_options=SYSMLC=assist\
***** RT\ASSIST\SAVE\SOLP06.STA
solp06    MZ390 final_options=SYSLST=assist\
solp06    MZ390 final_options=SYSMAC=W:\work\z390\mac+.
solp06    MZ390 final_options=SYSMLC=assist\
*****

***** ASSIST\solp06.STA
solp06    MZ390 total pcode exec opt  = 0
solp06    MZ390 FID=  1 ERR= 0 C:\Program Files (x86)\Automated Software Tools\z390\assist\solp06.MLC
solp06    MZ390 total mnote warnings  = 0
***** RT\ASSIST\SAVE\SOLP06.STA
solp06    MZ390 total pcode exec opt  = 0
solp06    MZ390 FID=  1 ERR= 0 W:\work\z390\assist\solp06.MLC
solp06    MZ390 total mnote warnings  = 0
*****

***** ASSIST\solp06.STA
solp06    AZ390 total az390 errors    = 0
solp06    MZ390 ENDED   RC= 0 MEM(MB)= MB IO=3477
solp06    LZ390 START
***** RT\ASSIST\SAVE\SOLP06.STA
solp06    AZ390 total az390 errors    = 0
solp06    MZ390 ENDED   RC= 0 MEM(MB)= MB IO=3476
solp06    LZ390 START
*****

***** ASSIST\solp06.STA
solp06    LZ390 z390 is licensed under GNU General Public License
solp06    LZ390 options = assist notiming stats systerm(assist\rtast)
solp06    LZ390 program = assist\solp06.OBJ
***** RT\ASSIST\SAVE\SOLP06.STA
solp06    LZ390 z390 is licensed under GNU General Public License
solp06    LZ390 options = W:\work\z390\z390.OPT=(time(60)) assist notiming stats 
  systerm(assist\rtast)
solp06    LZ390 program = assist\solp06.OBJ
*****

***** ASSIST\solp06.STA
solp06    LZ390 final_options=PROFILE=
solp06    LZ390 final_options=STATS=C:\Program Files (x86)\Automated Software Tools\z390\assist\solp06.STA
solp06    LZ390 final_options=SYSPARM=
solp06    LZ390 final options=SYSTERM=C:\Program Files (x86)\Automated Software Tools\z390\assist\rtast.ER
solp06    LZ390 final_options=R
solp06    LZ390 final_options=TESTDD=
solp06    LZ390 final_options=TIME=15
solp06    LZ390 final_options=TRACE=
***** RT\ASSIST\SAVE\SOLP06.STA
solp06    LZ390 final_options=PROFILE=
solp06    LZ390 final_options=STATS=W:\work\z390\assist\solp06.STA
solp06    LZ390 final_options=SYSPARM=
solp06    LZ390 final_options=SYSTERM=W:\work\z390\assist\rtast.ERR
solp06    LZ390 final_options=TESTDD=
solp06    LZ390 final_options=TIME=60
solp06    LZ390 final_options=TRACE=
*****

***** ASSIST\solp06.STA
solp06    LZ390 total errors          = 0
solp06    LZ390 ENDED   RC= 0 MEM(MB)= MB IO=542
solp06    EZ390 START
***** RT\ASSIST\SAVE\SOLP06.STA
solp06    LZ390 total errors          = 0
solp06    LZ390 ENDED   RC= 0 MEM(MB)= MB IO=541
solp06    EZ390 START
*****

***** ASSIST\solp06.STA
solp06    EZ390 program = assist\solp06.390
solp06    EZ390 options = assist notiming stats systerm(assist\rtast)
solp06    EZ390 final_options=ALIGN
***** RT\ASSIST\SAVE\SOLP06.STA
solp06    EZ390 program = assist\solp06.390
solp06    EZ390 options = W:\work\z390\z390.OPT=(time(60)) assist notiming stats 
  systerm(assist\rtast)
solp06    EZ390 final_options=ALIGN
*****

***** ASSIST\solp06.STA
solp06    EZ390 final_options=PROFILE=
solp06    EZ390 final_options=STATS=C:\Program Files (x86)\Automated Software Tools\z390\assist\solp06.STA
solp06    EZ390 final_options=SYSPARM=
solp06    EZ390 final options=SYSTERM=C:\Program Files (x86)\Automated Software Tools\z390\assist\rtast.ER
solp06    EZ390 final_options=R
solp06    EZ390 final_options=TESTDD=
solp06    EZ390 final_options=TIME=15
solp06    EZ390 final_options=TRACE=
***** RT\ASSIST\SAVE\SOLP06.STA
solp06    EZ390 final_options=PROFILE=
solp06    EZ390 final_options=STATS=W:\work\z390\assist\solp06.STA
solp06    EZ390 final_options=SYSPARM=
solp06    EZ390 final_options=SYSTERM=W:\work\z390\assist\rtast.ERR
solp06    EZ390 final_options=TESTDD=
solp06    EZ390 final_options=TIME=60
solp06    EZ390 final_options=TRACE=
*****

***** ASSIST\solp06.STA
solp06    EZ390 final_options=IPL=
solp06    EZ390 final_options=LOG=C:\Program Files (x86)\Automated Software Tools\z390\assist\solp06.LOG
solp06    EZ390 final_options=SYS390=assist\+linklib
***** RT\ASSIST\SAVE\SOLP06.STA
solp06    EZ390 final_options=IPL=
solp06    EZ390 final_options=LOG=W:\work\z390\assist\solp06.LOG
solp06    EZ390 final_options=SYS390=assist\+linklib
*****

***** ASSIST\solp06.STA
solp06    EZ390 total errors          = 0
solp06    EZ390 ENDED   RC= 0 MEM(MB)= MB IO=332 INS=5559
***** RT\ASSIST\SAVE\SOLP06.STA
solp06    EZ390 total errors          = 0
solp06    EZ390 ENDED   RC= 0 MEM(MB)= MB IO=331 INS=5559
*****

