Comparing files SORT\SORT3.STA and RT\SORT\SAVE\SORT3.STA
***** SORT\SORT3.STA
SORT      EZ390 z390 is licensed under GNU General Public License
SORT      EZ390 program = C:\Program Files (x86)\Automated Software Tools\z390\SORT.390
SORT      EZ390 options = STATS PARM(1000) NOTIMING 
  systerm(sort\rtsort)
***** RT\SORT\SAVE\SORT3.STA
SORT      EZ390 z390 is licensed under GNU General Public License
SORT      EZ390 program = W:\work\z390\SORT.390
SORT      EZ390 options = W:\work\z390\z390.OPT=(time(60)) STATS PARM(1000) NOTIMING 
  systerm(sort\rtsort)
*****

***** SORT\SORT3.STA
SORT      EZ390 final_options=PROFILE=
SORT      EZ390 final_options=STATS=C:\Program Files (x86)\Automated Software Tools\z390\SORT.STA
SORT      EZ390 final_options=SYSPARM=
SORT      EZ390 final_options=SYSTERM=C:\Program Files (x86)\Automated Software Tools\z390\sort\rtsort.ERR
SORT      EZ390 final_options=TESTDD=
SORT      EZ390 final_options=TIME=15
SORT      EZ390 final_options=TRACE=
***** RT\SORT\SAVE\SORT3.STA
SORT      EZ390 final_options=PROFILE=
SORT      EZ390 final_options=STATS=W:\work\z390\SORT.STA
SORT      EZ390 final_options=SYSPARM=
SORT      EZ390 final_options=SYSTERM=W:\work\z390\sort\rtsort.ERR
SORT      EZ390 final_options=TESTDD=
SORT      EZ390 final_options=TIME=60
SORT      EZ390 final_options=TRACE=
*****

***** SORT\SORT3.STA
SORT      EZ390 final_options=IPL=
SORT      EZ390 final_options=LOG=C:\Program Files (x86)\Automated Software Tools\z390\SORT.LOG
SORT      EZ390 final_options=SYS390=C:\Program Files (x86)\Automated Software Tools\z390\+linklib
SORT      EZ390 final_options=SYSBAL=C:\Program Files (x86)\Automated Software Tools\z390\
SORT      EZ390 final_options=SYSCPY=C:\Program Files (x86)\Automated Software Tools\z390\
SORT      EZ390 final_options=SYSDAT=C:\Program Files (x86)\Automated Software Tools\z390\
SORT      EZ390 final_options=SYSERR=C:\Program Files (x86)\Automated Software Tools\z390\
SORT      EZ390 final_options=SYSLOG=C:\Program Files (x86)\Automated Software Tools\z390\
SORT      EZ390 final_options=SYSLST=C:\Program Files (x86)\Automated Software Tools\z390\
SORT      EZ390 final_options=SYSMAC=C:\Program Files (x86)\Automated Software Tools\z390\
SORT      EZ390 final_options=SYSMLC=C:\Program Files (x86)\Automated Software Tools\z390\
SORT      EZ390 final_options=SYSPCH=C:\Program Files (x86)\Automated Software Tools\z390\
SORT      EZ390 final_options=SYSPRN=C:\Program Files (x86)\Automated Software Tools\z390\
SORT      EZ390 final_options=SYSOBJ=C:\Program Files (x86)\Automated Software Tools\z390\
SORT      EZ390 final_options=SYSOPT=C:\Program Files (x86)\Automated Software Tools\z390\
SORT      EZ390 final_options=SYSTRC=C:\Program Files (x86)\Automated Software Tools\z390\
SORT      EZ390 TCPIO operations      = 0
***** RT\SORT\SAVE\SORT3.STA
SORT      EZ390 final_options=IPL=
SORT      EZ390 final_options=LOG=W:\work\z390\SORT.LOG
SORT      EZ390 final_options=SYS390=W:\work\z390\+linklib
SORT      EZ390 final_options=SYSBAL=W:\work\z390\
SORT      EZ390 final_options=SYSCPY=W:\work\z390\
SORT      EZ390 final_options=SYSDAT=W:\work\z390\
SORT      EZ390 final_options=SYSERR=W:\work\z390\
SORT      EZ390 final_options=SYSLOG=W:\work\z390\
SORT      EZ390 final_options=SYSLST=W:\work\z390\
SORT      EZ390 final_options=SYSMAC=W:\work\z390\
SORT      EZ390 final_options=SYSMLC=W:\work\z390\
SORT      EZ390 final_options=SYSPCH=W:\work\z390\
SORT      EZ390 final_options=SYSPRN=W:\work\z390\
SORT      EZ390 final_options=SYSOBJ=W:\work\z390\
SORT      EZ390 final_options=SYSOPT=W:\work\z390\
SORT      EZ390 final_options=SYSTRC=W:\work\z390\
SORT      EZ390 TCPIO operations      = 0
*****

