Comparing files GUAM\TEST\AID.LST and RT\GUAM\TEST\SAVE\AID.LST
***** GUAM\TEST\AID.LST
AID       LZ390 START
LZ390I Copyright 2011 Automated Software Tools Corporation
LZ390I z390 is licensed under GNU General Public License
LZ390I options = W:\work\z390\z390.OPT=(time(60)) @rt\RT1=(bal notiming stats) guam
LZ390I program = guam\test\AID.OBJ
***** RT\GUAM\TEST\SAVE\AID.LST
AID       LZ390 START
LZ390I Copyright 2010 Automated Software Tools Corporation
LZ390I z390 is licensed under GNU General Public License
LZ390I options = @rt\RT1=(bal notiming stats) guam
LZ390I program = guam\test\AID.OBJ
*****

***** GUAM\TEST\AID.LST
LZ390I total errors         = 0
AID       LZ390 ENDED   RC= 0 MEM(MB)= MB IO=172
***** RT\GUAM\TEST\SAVE\AID.LST
LZ390I total errors         = 0
AID       LZ390 ENDED   RC= 0 MEM(MB)= MB IO=169
*****

