Comparing files GUAM\DEMO\DEMOGUI3.STA and RT\GUAM\DEMO\SAVE\DEMOGUI3.STA
***** GUAM\DEMO\DEMOGUI3.STA
DEMOGUI3  MZ390 START
DEMOGUI3  MZ390 Copyright 2011 Automated Software Tools Corporation
DEMOGUI3  MZ390 z390 is licensed under GNU General Public License
***** RT\GUAM\DEMO\SAVE\DEMOGUI3.STA
DEMOGUI3  MZ390 START
DEMOGUI3  MZ390 Copyright 2010 Automated Software Tools Corporation
DEMOGUI3  MZ390 z390 is licensed under GNU General Public License
*****

***** GUAM\DEMO\DEMOGUI3.STA
DEMOGUI3  MZ390 program = guam\demo\DEMOGUI3.MLC
DEMOGUI3  MZ390 options = W:\work\z390\z390.OPT=(time(60)) sysmac(W:\work\z390\mac+.) 
  syscpy(W:\work\z390\mac+.) @rt\RT1=(bal notiming stats) guam
***** RT\GUAM\DEMO\SAVE\DEMOGUI3.STA
DEMOGUI3  MZ390 program = guam\demo\DEMOGUI3.MLC
DEMOGUI3  MZ390 options = sysmac(W:\work\z390\mac+.) 
  syscpy(W:\work\z390\mac+.) @rt\RT1=(bal notiming stats) guam
*****

***** GUAM\DEMO\DEMOGUI3.STA
DEMOGUI3  MZ390 final_options=PCOPT
DEMOGUI3  MZ390 final_options=NOPDSMEM8
DEMOGUI3  MZ390 final_options=NOPRINTALL
***** RT\GUAM\DEMO\SAVE\DEMOGUI3.STA
DEMOGUI3  MZ390 final_options=PCOPT
DEMOGUI3  MZ390 final_options=NOPRINTALL
*****

***** GUAM\DEMO\DEMOGUI3.STA
DEMOGUI3  MZ390 final_options=NOTRACEG
DEMOGUI3  MZ390 final_options=NOTRACEI
DEMOGUI3  MZ390 final_options=NOTRACEL
***** RT\GUAM\DEMO\SAVE\DEMOGUI3.STA
DEMOGUI3  MZ390 final_options=NOTRACEG
DEMOGUI3  MZ390 final_options=NOTRACEL
*****

***** GUAM\DEMO\DEMOGUI3.STA
DEMOGUI3  MZ390 final_options=MINWIDTH=150
DEMOGUI3  MZ390 final_options=MNOTE=0
DEMOGUI3  MZ390 final_options=PARM=
***** RT\GUAM\DEMO\SAVE\DEMOGUI3.STA
DEMOGUI3  MZ390 final_options=MINWIDTH=150
DEMOGUI3  MZ390 final_options=PARM=
*****

***** GUAM\DEMO\DEMOGUI3.STA
DEMOGUI3  MZ390 final_options=TESTDD=
DEMOGUI3  MZ390 final_options=TIME=60
DEMOGUI3  MZ390 final_options=TRACE=
***** RT\GUAM\DEMO\SAVE\DEMOGUI3.STA
DEMOGUI3  MZ390 final_options=TESTDD=
DEMOGUI3  MZ390 final_options=TIME=15
DEMOGUI3  MZ390 final_options=TRACE=
*****

***** GUAM\DEMO\DEMOGUI3.STA
DEMOGUI3  MZ390 total array expansions= 0
DEMOGUI3  MZ390 total Keys            = 1601
DEMOGUI3  MZ390 Key searches          = 2904
DEMOGUI3  MZ390 Key avg comps         = 0
***** RT\GUAM\DEMO\SAVE\DEMOGUI3.STA
DEMOGUI3  MZ390 total array expansions= 0
DEMOGUI3  MZ390 total Keys            = 1463
DEMOGUI3  MZ390 Key searches          = 2766
DEMOGUI3  MZ390 Key avg comps         = 0
*****

***** GUAM\DEMO\DEMOGUI3.STA
DEMOGUI3  AZ390 alloc passes          = 2
DEMOGUI3  AZ390 Keys                  = 1334
DEMOGUI3  AZ390 Key searches          = 1750
DEMOGUI3  AZ390 Key avg comps         = 0
***** RT\GUAM\DEMO\SAVE\DEMOGUI3.STA
DEMOGUI3  AZ390 alloc passes          = 2
DEMOGUI3  AZ390 Keys                  = 1196
DEMOGUI3  AZ390 Key searches          = 1612
DEMOGUI3  AZ390 Key avg comps         = 0
*****

***** GUAM\DEMO\DEMOGUI3.STA
DEMOGUI3  AZ390 total az390 errors    = 0
DEMOGUI3  MZ390 ENDED   RC= 0 MEM(MB)= MB IO=1724
DEMOGUI3  LZ390 START
DEMOGUI3  LZ390 Copyright 2011 Automated Software Tools Corporation
DEMOGUI3  LZ390 z390 is licensed under GNU General Public License
DEMOGUI3  LZ390 options = W:\work\z390\z390.OPT=(time(60)) @rt\RT1=(bal notiming stats) guam
DEMOGUI3  LZ390 program = guam\demo\DEMOGUI3.OBJ
***** RT\GUAM\DEMO\SAVE\DEMOGUI3.STA
DEMOGUI3  AZ390 total az390 errors    = 0
DEMOGUI3  MZ390 ENDED   RC= 0 MEM(MB)= MB IO=1721
DEMOGUI3  LZ390 START
DEMOGUI3  LZ390 Copyright 2010 Automated Software Tools Corporation
DEMOGUI3  LZ390 z390 is licensed under GNU General Public License
DEMOGUI3  LZ390 options = @rt\RT1=(bal notiming stats) guam
DEMOGUI3  LZ390 program = guam\demo\DEMOGUI3.OBJ
*****

***** GUAM\DEMO\DEMOGUI3.STA
DEMOGUI3  LZ390 final_options=PCOPT
DEMOGUI3  LZ390 final_options=NOPDSMEM8
DEMOGUI3  LZ390 final_options=NOPRINTALL
***** RT\GUAM\DEMO\SAVE\DEMOGUI3.STA
DEMOGUI3  LZ390 final_options=PCOPT
DEMOGUI3  LZ390 final_options=NOPRINTALL
*****

***** GUAM\DEMO\DEMOGUI3.STA
DEMOGUI3  LZ390 final_options=NOTRACEG
DEMOGUI3  LZ390 final_options=NOTRACEI
DEMOGUI3  LZ390 final_options=NOTRACEL
***** RT\GUAM\DEMO\SAVE\DEMOGUI3.STA
DEMOGUI3  LZ390 final_options=NOTRACEG
DEMOGUI3  LZ390 final_options=NOTRACEL
*****

***** GUAM\DEMO\DEMOGUI3.STA
DEMOGUI3  LZ390 final_options=MINWIDTH=150
DEMOGUI3  LZ390 final_options=MNOTE=0
DEMOGUI3  LZ390 final_options=PARM=
***** RT\GUAM\DEMO\SAVE\DEMOGUI3.STA
DEMOGUI3  LZ390 final_options=MINWIDTH=150
DEMOGUI3  LZ390 final_options=PARM=
*****

***** GUAM\DEMO\DEMOGUI3.STA
DEMOGUI3  LZ390 final_options=TESTDD=
DEMOGUI3  LZ390 final_options=TIME=60
DEMOGUI3  LZ390 final_options=TRACE=
***** RT\GUAM\DEMO\SAVE\DEMOGUI3.STA
DEMOGUI3  LZ390 final_options=TESTDD=
DEMOGUI3  LZ390 final_options=TIME=15
DEMOGUI3  LZ390 final_options=TRACE=
*****

***** GUAM\DEMO\DEMOGUI3.STA
DEMOGUI3  LZ390 total errors          = 0
DEMOGUI3  LZ390 ENDED   RC= 0 MEM(MB)= MB IO=181
DEMOGUI3  EZ390 START
DEMOGUI3  EZ390 Copyright 2011 Automated Software Tools Corporation
DEMOGUI3  EZ390 z390 is licensed under GNU General Public License
***** RT\GUAM\DEMO\SAVE\DEMOGUI3.STA
DEMOGUI3  LZ390 total errors          = 0
DEMOGUI3  LZ390 ENDED   RC= 0 MEM(MB)= MB IO=178
DEMOGUI3  EZ390 START
DEMOGUI3  EZ390 Copyright 2010 Automated Software Tools Corporation
DEMOGUI3  EZ390 z390 is licensed under GNU General Public License
*****

***** GUAM\DEMO\DEMOGUI3.STA
DEMOGUI3  EZ390 program = guam\demo\DEMOGUI3.390
DEMOGUI3  EZ390 options = W:\work\z390\z390.OPT=(time(60)) @rt\RT1=(bal notiming stats) guam
DEMOGUI3  EZ390 final_options=ALIGN
***** RT\GUAM\DEMO\SAVE\DEMOGUI3.STA
DEMOGUI3  EZ390 program = guam\demo\DEMOGUI3.390
DEMOGUI3  EZ390 options = @rt\RT1=(bal notiming stats) guam
DEMOGUI3  EZ390 final_options=ALIGN
*****

***** GUAM\DEMO\DEMOGUI3.STA
DEMOGUI3  EZ390 final_options=PCOPT
DEMOGUI3  EZ390 final_options=NOPDSMEM8
DEMOGUI3  EZ390 final_options=NOPRINTALL
***** RT\GUAM\DEMO\SAVE\DEMOGUI3.STA
DEMOGUI3  EZ390 final_options=PCOPT
DEMOGUI3  EZ390 final_options=NOPRINTALL
*****

***** GUAM\DEMO\DEMOGUI3.STA
DEMOGUI3  EZ390 final_options=NOTRACEG
DEMOGUI3  EZ390 final_options=NOTRACEI
DEMOGUI3  EZ390 final_options=NOTRACEL
***** RT\GUAM\DEMO\SAVE\DEMOGUI3.STA
DEMOGUI3  EZ390 final_options=NOTRACEG
DEMOGUI3  EZ390 final_options=NOTRACEL
*****

***** GUAM\DEMO\DEMOGUI3.STA
DEMOGUI3  EZ390 final_options=MINWIDTH=150
DEMOGUI3  EZ390 final_options=MNOTE=0
DEMOGUI3  EZ390 final_options=PARM=
***** RT\GUAM\DEMO\SAVE\DEMOGUI3.STA
DEMOGUI3  EZ390 final_options=MINWIDTH=150
DEMOGUI3  EZ390 final_options=PARM=
*****

***** GUAM\DEMO\DEMOGUI3.STA
DEMOGUI3  EZ390 final_options=TESTDD=
DEMOGUI3  EZ390 final_options=TIME=60
DEMOGUI3  EZ390 final_options=TRACE=
***** RT\GUAM\DEMO\SAVE\DEMOGUI3.STA
DEMOGUI3  EZ390 final_options=TESTDD=
DEMOGUI3  EZ390 final_options=TIME=15
DEMOGUI3  EZ390 final_options=TRACE=
*****

***** GUAM\DEMO\DEMOGUI3.STA
DEMOGUI3  EZ390 VSAM operations       = 0
DEMOGUI3  EZ390 Keys                  = 2467
DEMOGUI3  EZ390 Key searches          = 2
***** RT\GUAM\DEMO\SAVE\DEMOGUI3.STA
DEMOGUI3  EZ390 VSAM operations       = 0
DEMOGUI3  EZ390 Keys                  = 2212
DEMOGUI3  EZ390 Key searches          = 2
*****

***** GUAM\DEMO\DEMOGUI3.STA
DEMOGUI3  EZ390 total errors          = 0
DEMOGUI3  EZ390 ENDED   RC=16 MEM(MB)= MB IO=153 INS=19
***** RT\GUAM\DEMO\SAVE\DEMOGUI3.STA
DEMOGUI3  EZ390 total errors          = 0
DEMOGUI3  EZ390 ENDED   RC= 0 MEM(MB)= MB IO=150 INS=61
*****

