Comparing files GUAM\DEMO\DEMOGUI2.STA and RT\GUAM\DEMO\SAVE\DEMOGUI2.STA
***** GUAM\DEMO\DEMOGUI2.STA
DEMOGUI2  MZ390 START
DEMOGUI2  MZ390 Copyright 2011 Automated Software Tools Corporation
DEMOGUI2  MZ390 z390 is licensed under GNU General Public License
***** RT\GUAM\DEMO\SAVE\DEMOGUI2.STA
DEMOGUI2  MZ390 START
DEMOGUI2  MZ390 Copyright 2010 Automated Software Tools Corporation
DEMOGUI2  MZ390 z390 is licensed under GNU General Public License
*****

***** GUAM\DEMO\DEMOGUI2.STA
DEMOGUI2  MZ390 program = guam\demo\DEMOGUI2.MLC
DEMOGUI2  MZ390 options = W:\work\z390\z390.OPT=(time(60)) sysmac(W:\work\z390\mac+.) 
  syscpy(W:\work\z390\mac+.) @rt\RT1=(bal notiming stats) guam
***** RT\GUAM\DEMO\SAVE\DEMOGUI2.STA
DEMOGUI2  MZ390 program = guam\demo\DEMOGUI2.MLC
DEMOGUI2  MZ390 options = sysmac(W:\work\z390\mac+.) 
  syscpy(W:\work\z390\mac+.) @rt\RT1=(bal notiming stats) guam
*****

***** GUAM\DEMO\DEMOGUI2.STA
DEMOGUI2  MZ390 final_options=PCOPT
DEMOGUI2  MZ390 final_options=NOPDSMEM8
DEMOGUI2  MZ390 final_options=NOPRINTALL
***** RT\GUAM\DEMO\SAVE\DEMOGUI2.STA
DEMOGUI2  MZ390 final_options=PCOPT
DEMOGUI2  MZ390 final_options=NOPRINTALL
*****

***** GUAM\DEMO\DEMOGUI2.STA
DEMOGUI2  MZ390 final_options=NOTRACEG
DEMOGUI2  MZ390 final_options=NOTRACEI
DEMOGUI2  MZ390 final_options=NOTRACEL
***** RT\GUAM\DEMO\SAVE\DEMOGUI2.STA
DEMOGUI2  MZ390 final_options=NOTRACEG
DEMOGUI2  MZ390 final_options=NOTRACEL
*****

***** GUAM\DEMO\DEMOGUI2.STA
DEMOGUI2  MZ390 final_options=MINWIDTH=150
DEMOGUI2  MZ390 final_options=MNOTE=0
DEMOGUI2  MZ390 final_options=PARM=
***** RT\GUAM\DEMO\SAVE\DEMOGUI2.STA
DEMOGUI2  MZ390 final_options=MINWIDTH=150
DEMOGUI2  MZ390 final_options=PARM=
*****

***** GUAM\DEMO\DEMOGUI2.STA
DEMOGUI2  MZ390 final_options=TESTDD=
DEMOGUI2  MZ390 final_options=TIME=60
DEMOGUI2  MZ390 final_options=TRACE=
***** RT\GUAM\DEMO\SAVE\DEMOGUI2.STA
DEMOGUI2  MZ390 final_options=TESTDD=
DEMOGUI2  MZ390 final_options=TIME=15
DEMOGUI2  MZ390 final_options=TRACE=
*****

***** GUAM\DEMO\DEMOGUI2.STA
DEMOGUI2  MZ390 total array expansions= 0
DEMOGUI2  MZ390 total Keys            = 1777
DEMOGUI2  MZ390 Key searches          = 3868
DEMOGUI2  MZ390 Key avg comps         = 0
***** RT\GUAM\DEMO\SAVE\DEMOGUI2.STA
DEMOGUI2  MZ390 total array expansions= 0
DEMOGUI2  MZ390 total Keys            = 1639
DEMOGUI2  MZ390 Key searches          = 3730
DEMOGUI2  MZ390 Key avg comps         = 0
*****

***** GUAM\DEMO\DEMOGUI2.STA
DEMOGUI2  AZ390 alloc passes          = 2
DEMOGUI2  AZ390 Keys                  = 1377
DEMOGUI2  AZ390 Key searches          = 2628
DEMOGUI2  AZ390 Key avg comps         = 0
***** RT\GUAM\DEMO\SAVE\DEMOGUI2.STA
DEMOGUI2  AZ390 alloc passes          = 2
DEMOGUI2  AZ390 Keys                  = 1239
DEMOGUI2  AZ390 Key searches          = 2490
DEMOGUI2  AZ390 Key avg comps         = 0
*****

***** GUAM\DEMO\DEMOGUI2.STA
DEMOGUI2  AZ390 total az390 errors    = 0
DEMOGUI2  MZ390 ENDED   RC= 0 MEM(MB)= MB IO=2666
DEMOGUI2  LZ390 START
DEMOGUI2  LZ390 Copyright 2011 Automated Software Tools Corporation
DEMOGUI2  LZ390 z390 is licensed under GNU General Public License
DEMOGUI2  LZ390 options = W:\work\z390\z390.OPT=(time(60)) @rt\RT1=(bal notiming stats) guam
DEMOGUI2  LZ390 program = guam\demo\DEMOGUI2.OBJ
***** RT\GUAM\DEMO\SAVE\DEMOGUI2.STA
DEMOGUI2  AZ390 total az390 errors    = 0
DEMOGUI2  MZ390 ENDED   RC= 0 MEM(MB)= MB IO=2663
DEMOGUI2  LZ390 START
DEMOGUI2  LZ390 Copyright 2010 Automated Software Tools Corporation
DEMOGUI2  LZ390 z390 is licensed under GNU General Public License
DEMOGUI2  LZ390 options = @rt\RT1=(bal notiming stats) guam
DEMOGUI2  LZ390 program = guam\demo\DEMOGUI2.OBJ
*****

***** GUAM\DEMO\DEMOGUI2.STA
DEMOGUI2  LZ390 final_options=PCOPT
DEMOGUI2  LZ390 final_options=NOPDSMEM8
DEMOGUI2  LZ390 final_options=NOPRINTALL
***** RT\GUAM\DEMO\SAVE\DEMOGUI2.STA
DEMOGUI2  LZ390 final_options=PCOPT
DEMOGUI2  LZ390 final_options=NOPRINTALL
*****

***** GUAM\DEMO\DEMOGUI2.STA
DEMOGUI2  LZ390 final_options=NOTRACEG
DEMOGUI2  LZ390 final_options=NOTRACEI
DEMOGUI2  LZ390 final_options=NOTRACEL
***** RT\GUAM\DEMO\SAVE\DEMOGUI2.STA
DEMOGUI2  LZ390 final_options=NOTRACEG
DEMOGUI2  LZ390 final_options=NOTRACEL
*****

***** GUAM\DEMO\DEMOGUI2.STA
DEMOGUI2  LZ390 final_options=MINWIDTH=150
DEMOGUI2  LZ390 final_options=MNOTE=0
DEMOGUI2  LZ390 final_options=PARM=
***** RT\GUAM\DEMO\SAVE\DEMOGUI2.STA
DEMOGUI2  LZ390 final_options=MINWIDTH=150
DEMOGUI2  LZ390 final_options=PARM=
*****

***** GUAM\DEMO\DEMOGUI2.STA
DEMOGUI2  LZ390 final_options=TESTDD=
DEMOGUI2  LZ390 final_options=TIME=60
DEMOGUI2  LZ390 final_options=TRACE=
***** RT\GUAM\DEMO\SAVE\DEMOGUI2.STA
DEMOGUI2  LZ390 final_options=TESTDD=
DEMOGUI2  LZ390 final_options=TIME=15
DEMOGUI2  LZ390 final_options=TRACE=
*****

***** GUAM\DEMO\DEMOGUI2.STA
DEMOGUI2  LZ390 total errors          = 0
DEMOGUI2  LZ390 ENDED   RC= 0 MEM(MB)= MB IO=220
DEMOGUI2  EZ390 START
DEMOGUI2  EZ390 Copyright 2011 Automated Software Tools Corporation
DEMOGUI2  EZ390 z390 is licensed under GNU General Public License
***** RT\GUAM\DEMO\SAVE\DEMOGUI2.STA
DEMOGUI2  LZ390 total errors          = 0
DEMOGUI2  LZ390 ENDED   RC= 0 MEM(MB)= MB IO=217
DEMOGUI2  EZ390 START
DEMOGUI2  EZ390 Copyright 2010 Automated Software Tools Corporation
DEMOGUI2  EZ390 z390 is licensed under GNU General Public License
*****

***** GUAM\DEMO\DEMOGUI2.STA
DEMOGUI2  EZ390 program = guam\demo\DEMOGUI2.390
DEMOGUI2  EZ390 options = W:\work\z390\z390.OPT=(time(60)) @rt\RT1=(bal notiming stats) guam
DEMOGUI2  EZ390 final_options=ALIGN
***** RT\GUAM\DEMO\SAVE\DEMOGUI2.STA
DEMOGUI2  EZ390 program = guam\demo\DEMOGUI2.390
DEMOGUI2  EZ390 options = @rt\RT1=(bal notiming stats) guam
DEMOGUI2  EZ390 final_options=ALIGN
*****

***** GUAM\DEMO\DEMOGUI2.STA
DEMOGUI2  EZ390 final_options=PCOPT
DEMOGUI2  EZ390 final_options=NOPDSMEM8
DEMOGUI2  EZ390 final_options=NOPRINTALL
***** RT\GUAM\DEMO\SAVE\DEMOGUI2.STA
DEMOGUI2  EZ390 final_options=PCOPT
DEMOGUI2  EZ390 final_options=NOPRINTALL
*****

***** GUAM\DEMO\DEMOGUI2.STA
DEMOGUI2  EZ390 final_options=NOTRACEG
DEMOGUI2  EZ390 final_options=NOTRACEI
DEMOGUI2  EZ390 final_options=NOTRACEL
***** RT\GUAM\DEMO\SAVE\DEMOGUI2.STA
DEMOGUI2  EZ390 final_options=NOTRACEG
DEMOGUI2  EZ390 final_options=NOTRACEL
*****

***** GUAM\DEMO\DEMOGUI2.STA
DEMOGUI2  EZ390 final_options=MINWIDTH=150
DEMOGUI2  EZ390 final_options=MNOTE=0
DEMOGUI2  EZ390 final_options=PARM=
***** RT\GUAM\DEMO\SAVE\DEMOGUI2.STA
DEMOGUI2  EZ390 final_options=MINWIDTH=150
DEMOGUI2  EZ390 final_options=PARM=
*****

***** GUAM\DEMO\DEMOGUI2.STA
DEMOGUI2  EZ390 final_options=TESTDD=
DEMOGUI2  EZ390 final_options=TIME=60
DEMOGUI2  EZ390 final_options=TRACE=
***** RT\GUAM\DEMO\SAVE\DEMOGUI2.STA
DEMOGUI2  EZ390 final_options=TESTDD=
DEMOGUI2  EZ390 final_options=TIME=15
DEMOGUI2  EZ390 final_options=TRACE=
*****

***** GUAM\DEMO\DEMOGUI2.STA
DEMOGUI2  EZ390 VSAM operations       = 0
DEMOGUI2  EZ390 Keys                  = 2467
DEMOGUI2  EZ390 Key searches          = 2
DEMOGUI2  EZ390 Key avg comps         = 1
DEMOGUI2  EZ390 Key max comps         = 1
DEMOGUI2  EZ390 total errors          = 0
DEMOGUI2  EZ390 ENDED   RC=16 MEM(MB)= MB IO=153 INS=11605201
***** RT\GUAM\DEMO\SAVE\DEMOGUI2.STA
DEMOGUI2  EZ390 VSAM operations       = 0
DEMOGUI2  EZ390 Keys                  = 2212
DEMOGUI2  EZ390 Key searches          = 2
DEMOGUI2  EZ390 Key avg comps         = 0
DEMOGUI2  EZ390 Key max comps         = 0
DEMOGUI2  EZ390 total errors          = 0
DEMOGUI2  EZ390 ENDED   RC=16 MEM(MB)= MB IO=150 INS=44873068
*****

