Comparing files GUAM\DEMO\DEMOGUI1.STA and RT\GUAM\DEMO\SAVE\DEMOGUI1.STA
***** GUAM\DEMO\DEMOGUI1.STA
DEMOGUI1  MZ390 START
DEMOGUI1  MZ390 Copyright 2011 Automated Software Tools Corporation
DEMOGUI1  MZ390 z390 is licensed under GNU General Public License
***** RT\GUAM\DEMO\SAVE\DEMOGUI1.STA
DEMOGUI1  MZ390 START
DEMOGUI1  MZ390 Copyright 2010 Automated Software Tools Corporation
DEMOGUI1  MZ390 z390 is licensed under GNU General Public License
*****

***** GUAM\DEMO\DEMOGUI1.STA
DEMOGUI1  MZ390 program = guam\demo\DEMOGUI1.MLC
DEMOGUI1  MZ390 options = W:\work\z390\z390.OPT=(time(60)) sysmac(W:\work\z390\mac+.) 
  syscpy(W:\work\z390\mac+.) @rt\RT1=(bal notiming stats) guam
***** RT\GUAM\DEMO\SAVE\DEMOGUI1.STA
DEMOGUI1  MZ390 program = guam\demo\DEMOGUI1.MLC
DEMOGUI1  MZ390 options = sysmac(W:\work\z390\mac+.) 
  syscpy(W:\work\z390\mac+.) @rt\RT1=(bal notiming stats) guam
*****

***** GUAM\DEMO\DEMOGUI1.STA
DEMOGUI1  MZ390 final_options=PCOPT
DEMOGUI1  MZ390 final_options=NOPDSMEM8
DEMOGUI1  MZ390 final_options=NOPRINTALL
***** RT\GUAM\DEMO\SAVE\DEMOGUI1.STA
DEMOGUI1  MZ390 final_options=PCOPT
DEMOGUI1  MZ390 final_options=NOPRINTALL
*****

***** GUAM\DEMO\DEMOGUI1.STA
DEMOGUI1  MZ390 final_options=NOTRACEG
DEMOGUI1  MZ390 final_options=NOTRACEI
DEMOGUI1  MZ390 final_options=NOTRACEL
***** RT\GUAM\DEMO\SAVE\DEMOGUI1.STA
DEMOGUI1  MZ390 final_options=NOTRACEG
DEMOGUI1  MZ390 final_options=NOTRACEL
*****

***** GUAM\DEMO\DEMOGUI1.STA
DEMOGUI1  MZ390 final_options=MINWIDTH=150
DEMOGUI1  MZ390 final_options=MNOTE=0
DEMOGUI1  MZ390 final_options=PARM=
***** RT\GUAM\DEMO\SAVE\DEMOGUI1.STA
DEMOGUI1  MZ390 final_options=MINWIDTH=150
DEMOGUI1  MZ390 final_options=PARM=
*****

***** GUAM\DEMO\DEMOGUI1.STA
DEMOGUI1  MZ390 final_options=TESTDD=
DEMOGUI1  MZ390 final_options=TIME=60
DEMOGUI1  MZ390 final_options=TRACE=
***** RT\GUAM\DEMO\SAVE\DEMOGUI1.STA
DEMOGUI1  MZ390 final_options=TESTDD=
DEMOGUI1  MZ390 final_options=TIME=15
DEMOGUI1  MZ390 final_options=TRACE=
*****

***** GUAM\DEMO\DEMOGUI1.STA
DEMOGUI1  MZ390 total array expansions= 0
DEMOGUI1  MZ390 total Keys            = 1589
DEMOGUI1  MZ390 Key searches          = 2524
DEMOGUI1  MZ390 Key avg comps         = 0
***** RT\GUAM\DEMO\SAVE\DEMOGUI1.STA
DEMOGUI1  MZ390 total array expansions= 0
DEMOGUI1  MZ390 total Keys            = 1451
DEMOGUI1  MZ390 Key searches          = 2386
DEMOGUI1  MZ390 Key avg comps         = 0
*****

***** GUAM\DEMO\DEMOGUI1.STA
DEMOGUI1  AZ390 alloc passes          = 2
DEMOGUI1  AZ390 Keys                  = 1330
DEMOGUI1  AZ390 Key searches          = 1681
DEMOGUI1  AZ390 Key avg comps         = 0
***** RT\GUAM\DEMO\SAVE\DEMOGUI1.STA
DEMOGUI1  AZ390 alloc passes          = 2
DEMOGUI1  AZ390 Keys                  = 1192
DEMOGUI1  AZ390 Key searches          = 1543
DEMOGUI1  AZ390 Key avg comps         = 0
*****

***** GUAM\DEMO\DEMOGUI1.STA
DEMOGUI1  AZ390 total az390 errors    = 0
DEMOGUI1  MZ390 ENDED   RC= 0 MEM(MB)= MB IO=1798
DEMOGUI1  LZ390 START
DEMOGUI1  LZ390 Copyright 2011 Automated Software Tools Corporation
DEMOGUI1  LZ390 z390 is licensed under GNU General Public License
DEMOGUI1  LZ390 options = W:\work\z390\z390.OPT=(time(60)) @rt\RT1=(bal notiming stats) guam
DEMOGUI1  LZ390 program = guam\demo\DEMOGUI1.OBJ
***** RT\GUAM\DEMO\SAVE\DEMOGUI1.STA
DEMOGUI1  AZ390 total az390 errors    = 0
DEMOGUI1  MZ390 ENDED   RC= 0 MEM(MB)= MB IO=1795
DEMOGUI1  LZ390 START
DEMOGUI1  LZ390 Copyright 2010 Automated Software Tools Corporation
DEMOGUI1  LZ390 z390 is licensed under GNU General Public License
DEMOGUI1  LZ390 options = @rt\RT1=(bal notiming stats) guam
DEMOGUI1  LZ390 program = guam\demo\DEMOGUI1.OBJ
*****

***** GUAM\DEMO\DEMOGUI1.STA
DEMOGUI1  LZ390 final_options=PCOPT
DEMOGUI1  LZ390 final_options=NOPDSMEM8
DEMOGUI1  LZ390 final_options=NOPRINTALL
***** RT\GUAM\DEMO\SAVE\DEMOGUI1.STA
DEMOGUI1  LZ390 final_options=PCOPT
DEMOGUI1  LZ390 final_options=NOPRINTALL
*****

***** GUAM\DEMO\DEMOGUI1.STA
DEMOGUI1  LZ390 final_options=NOTRACEG
DEMOGUI1  LZ390 final_options=NOTRACEI
DEMOGUI1  LZ390 final_options=NOTRACEL
***** RT\GUAM\DEMO\SAVE\DEMOGUI1.STA
DEMOGUI1  LZ390 final_options=NOTRACEG
DEMOGUI1  LZ390 final_options=NOTRACEL
*****

***** GUAM\DEMO\DEMOGUI1.STA
DEMOGUI1  LZ390 final_options=MINWIDTH=150
DEMOGUI1  LZ390 final_options=MNOTE=0
DEMOGUI1  LZ390 final_options=PARM=
***** RT\GUAM\DEMO\SAVE\DEMOGUI1.STA
DEMOGUI1  LZ390 final_options=MINWIDTH=150
DEMOGUI1  LZ390 final_options=PARM=
*****

***** GUAM\DEMO\DEMOGUI1.STA
DEMOGUI1  LZ390 final_options=TESTDD=
DEMOGUI1  LZ390 final_options=TIME=60
DEMOGUI1  LZ390 final_options=TRACE=
***** RT\GUAM\DEMO\SAVE\DEMOGUI1.STA
DEMOGUI1  LZ390 final_options=TESTDD=
DEMOGUI1  LZ390 final_options=TIME=15
DEMOGUI1  LZ390 final_options=TRACE=
*****

***** GUAM\DEMO\DEMOGUI1.STA
DEMOGUI1  LZ390 total errors          = 0
DEMOGUI1  LZ390 ENDED   RC= 0 MEM(MB)= MB IO=181
DEMOGUI1  EZ390 START
DEMOGUI1  EZ390 Copyright 2011 Automated Software Tools Corporation
DEMOGUI1  EZ390 z390 is licensed under GNU General Public License
***** RT\GUAM\DEMO\SAVE\DEMOGUI1.STA
DEMOGUI1  LZ390 total errors          = 0
DEMOGUI1  LZ390 ENDED   RC= 0 MEM(MB)= MB IO=178
DEMOGUI1  EZ390 START
DEMOGUI1  EZ390 Copyright 2010 Automated Software Tools Corporation
DEMOGUI1  EZ390 z390 is licensed under GNU General Public License
*****

***** GUAM\DEMO\DEMOGUI1.STA
DEMOGUI1  EZ390 program = guam\demo\DEMOGUI1.390
DEMOGUI1  EZ390 options = W:\work\z390\z390.OPT=(time(60)) @rt\RT1=(bal notiming stats) guam
DEMOGUI1  EZ390 final_options=ALIGN
***** RT\GUAM\DEMO\SAVE\DEMOGUI1.STA
DEMOGUI1  EZ390 program = guam\demo\DEMOGUI1.390
DEMOGUI1  EZ390 options = @rt\RT1=(bal notiming stats) guam
DEMOGUI1  EZ390 final_options=ALIGN
*****

***** GUAM\DEMO\DEMOGUI1.STA
DEMOGUI1  EZ390 final_options=PCOPT
DEMOGUI1  EZ390 final_options=NOPDSMEM8
DEMOGUI1  EZ390 final_options=NOPRINTALL
***** RT\GUAM\DEMO\SAVE\DEMOGUI1.STA
DEMOGUI1  EZ390 final_options=PCOPT
DEMOGUI1  EZ390 final_options=NOPRINTALL
*****

***** GUAM\DEMO\DEMOGUI1.STA
DEMOGUI1  EZ390 final_options=NOTRACEG
DEMOGUI1  EZ390 final_options=NOTRACEI
DEMOGUI1  EZ390 final_options=NOTRACEL
***** RT\GUAM\DEMO\SAVE\DEMOGUI1.STA
DEMOGUI1  EZ390 final_options=NOTRACEG
DEMOGUI1  EZ390 final_options=NOTRACEL
*****

***** GUAM\DEMO\DEMOGUI1.STA
DEMOGUI1  EZ390 final_options=MINWIDTH=150
DEMOGUI1  EZ390 final_options=MNOTE=0
DEMOGUI1  EZ390 final_options=PARM=
***** RT\GUAM\DEMO\SAVE\DEMOGUI1.STA
DEMOGUI1  EZ390 final_options=MINWIDTH=150
DEMOGUI1  EZ390 final_options=PARM=
*****

***** GUAM\DEMO\DEMOGUI1.STA
DEMOGUI1  EZ390 final_options=TESTDD=
DEMOGUI1  EZ390 final_options=TIME=60
DEMOGUI1  EZ390 final_options=TRACE=
***** RT\GUAM\DEMO\SAVE\DEMOGUI1.STA
DEMOGUI1  EZ390 final_options=TESTDD=
DEMOGUI1  EZ390 final_options=TIME=15
DEMOGUI1  EZ390 final_options=TRACE=
*****

***** GUAM\DEMO\DEMOGUI1.STA
DEMOGUI1  EZ390 VSAM operations       = 0
DEMOGUI1  EZ390 Keys                  = 2467
DEMOGUI1  EZ390 Key searches          = 2
DEMOGUI1  EZ390 Key avg comps         = 1
DEMOGUI1  EZ390 Key max comps         = 1
DEMOGUI1  EZ390 total errors          = 0
DEMOGUI1  EZ390 ENDED   RC=16 MEM(MB)= MB IO=153 INS=15
***** RT\GUAM\DEMO\SAVE\DEMOGUI1.STA
DEMOGUI1  EZ390 VSAM operations       = 0
DEMOGUI1  EZ390 Keys                  = 2212
DEMOGUI1  EZ390 Key searches          = 2
DEMOGUI1  EZ390 Key avg comps         = 0
DEMOGUI1  EZ390 Key max comps         = 0
DEMOGUI1  EZ390 total errors          = 0
DEMOGUI1  EZ390 ENDED   RC=16 MEM(MB)= MB IO=150 INS=15
*****

