Comparing files GUAM\DEMO\DEMOGUI4.LST and RT\GUAM\DEMO\SAVE\DEMOGUI4.LST
***** GUAM\DEMO\DEMOGUI4.LST
DEMOGUI4  LZ390 START
LZ390I Copyright 2011 Automated Software Tools Corporation
LZ390I z390 is licensed under GNU General Public License
LZ390I options = W:\work\z390\z390.OPT=(time(60)) @rt\RT1=(bal notiming stats) guam
LZ390I program = guam\demo\DEMOGUI4.OBJ
***** RT\GUAM\DEMO\SAVE\DEMOGUI4.LST
DEMOGUI4  LZ390 START
LZ390I Copyright 2010 Automated Software Tools Corporation
LZ390I z390 is licensed under GNU General Public License
LZ390I options = @rt\RT1=(bal notiming stats) guam
LZ390I program = guam\demo\DEMOGUI4.OBJ
*****

***** GUAM\DEMO\DEMOGUI4.LST
LZ390I total errors         = 0
DEMOGUI4  LZ390 ENDED   RC= 0 MEM(MB)= MB IO=187
***** RT\GUAM\DEMO\SAVE\DEMOGUI4.LST
LZ390I total errors         = 0
DEMOGUI4  LZ390 ENDED   RC= 0 MEM(MB)= MB IO=184
*****

