Comparing files GUAM\DEMO\HELLO2.LOG and RT\GUAM\DEMO\SAVE\HELLO2.LOG
***** GUAM\DEMO\HELLO2.LOG
HELLO2    EZ390 START
EZ390I Copyright 2011 Automated Software Tools Corporation
EZ390I z390 is licensed under GNU General Public License
***** RT\GUAM\DEMO\SAVE\HELLO2.LOG
HELLO2    EZ390 START
EZ390I Copyright 2010 Automated Software Tools Corporation
EZ390I z390 is licensed under GNU General Public License
*****

***** GUAM\DEMO\HELLO2.LOG
EZ390I program = guam\demo\HELLO2.390
EZ390I options = W:\work\z390\z390.OPT=(time(60)) @rt\RT1=(bal notiming stats) guam
EZ390I total errors         = 0
HELLO2    EZ390 ENDED   RC= 0 MEM(MB)= MB IO=151 INS=19
***** RT\GUAM\DEMO\SAVE\HELLO2.LOG
EZ390I program = guam\demo\HELLO2.390
EZ390I options = @rt\RT1=(bal notiming stats) guam
EZ390I total errors         = 0
HELLO2    EZ390 ENDED   RC= 0 MEM(MB)= MB IO=148 INS=19
*****

