Comparing files GUAM\TEST\AID.LOG and RT\GUAM\TEST\SAVE\AID.LOG
***** GUAM\TEST\AID.LOG
AID       EZ390 START
EZ390I Copyright 2011 Automated Software Tools Corporation
EZ390I z390 is licensed under GNU General Public License
***** RT\GUAM\TEST\SAVE\AID.LOG
AID       EZ390 START
EZ390I Copyright 2010 Automated Software Tools Corporation
EZ390I z390 is licensed under GNU General Public License
*****

***** GUAM\TEST\AID.LOG
EZ390I program = guam\test\AID.390
EZ390I options = W:\work\z390\z390.OPT=(time(60)) @rt\RT1=(bal notiming stats) guam
EZ390I total errors         = 0
AID       EZ390 ENDED   RC=16 MEM(MB)= MB IO=152 INS=446
***** RT\GUAM\TEST\SAVE\AID.LOG
EZ390I program = guam\test\AID.390
EZ390I options = @rt\RT1=(bal notiming stats) guam
EZ390I total errors         = 0
AID       EZ390 ENDED   RC=16 MEM(MB)= MB IO=149 INS=50
*****

