Comparing files GUAM\DEMO\DEMOGUI2.LOG and RT\GUAM\DEMO\SAVE\DEMOGUI2.LOG
***** GUAM\DEMO\DEMOGUI2.LOG
DEMOGUI2  EZ390 START
EZ390I Copyright 2011 Automated Software Tools Corporation
EZ390I z390 is licensed under GNU General Public License
***** RT\GUAM\DEMO\SAVE\DEMOGUI2.LOG
DEMOGUI2  EZ390 START
EZ390I Copyright 2010 Automated Software Tools Corporation
EZ390I z390 is licensed under GNU General Public License
*****

***** GUAM\DEMO\DEMOGUI2.LOG
EZ390I program = guam\demo\DEMOGUI2.390
EZ390I options = W:\work\z390\z390.OPT=(time(60)) @rt\RT1=(bal notiming stats) guam
DEMOGUI2 DEMO WTO AND WTOR MULTI-PROCESSING
***** RT\GUAM\DEMO\SAVE\DEMOGUI2.LOG
EZ390I program = guam\demo\DEMOGUI2.390
EZ390I options = @rt\RT1=(bal notiming stats) guam
DEMOGUI2 DEMO WTO AND WTOR MULTI-PROCESSING
*****

***** GUAM\DEMO\DEMOGUI2.LOG
EZ390I total errors         = 0
DEMOGUI2  EZ390 ENDED   RC=16 MEM(MB)= MB IO=153 INS=11605201
***** RT\GUAM\DEMO\SAVE\DEMOGUI2.LOG
EZ390I total errors         = 0
DEMOGUI2  EZ390 ENDED   RC=16 MEM(MB)= MB IO=150 INS=44873068
*****

