Comparing files GUAM\DEMO\DEMOAPL1.LOG and RT\GUAM\DEMO\SAVE\DEMOAPL1.LOG
***** GUAM\DEMO\DEMOAPL1.LOG
DEMOAPL1  EZ390 START
EZ390I Copyright 2011 Automated Software Tools Corporation
EZ390I z390 is licensed under GNU General Public License
***** RT\GUAM\DEMO\SAVE\DEMOAPL1.LOG
DEMOAPL1  EZ390 START
EZ390I Copyright 2010 Automated Software Tools Corporation
EZ390I z390 is licensed under GNU General Public License
*****

***** GUAM\DEMO\DEMOAPL1.LOG
EZ390I program = guam\demo\DEMOAPL1.390
EZ390I options = W:\work\z390\z390.OPT=(time(60)) @rt\RT1=(bal notiming stats) guam
EZ390I total errors         = 0
DEMOAPL1  EZ390 ENDED   RC= 0 MEM(MB)= MB IO=155 INS=27
***** RT\GUAM\DEMO\SAVE\DEMOAPL1.LOG
EZ390I program = guam\demo\DEMOAPL1.390
EZ390I options = @rt\RT1=(bal notiming stats) guam
EZ390I total errors         = 0
DEMOAPL1  EZ390 ENDED   RC= 0 MEM(MB)= MB IO=152 INS=27
*****

