Comparing files GUAM\DEMO\DEMOGUI4.STA and RT\GUAM\DEMO\SAVE\DEMOGUI4.STA
***** GUAM\DEMO\DEMOGUI4.STA
DEMOGUI4  MZ390 START
DEMOGUI4  MZ390 Copyright 2011 Automated Software Tools Corporation
DEMOGUI4  MZ390 z390 is licensed under GNU General Public License
***** RT\GUAM\DEMO\SAVE\DEMOGUI4.STA
DEMOGUI4  MZ390 START
DEMOGUI4  MZ390 Copyright 2010 Automated Software Tools Corporation
DEMOGUI4  MZ390 z390 is licensed under GNU General Public License
*****

***** GUAM\DEMO\DEMOGUI4.STA
DEMOGUI4  MZ390 program = guam\demo\DEMOGUI4.MLC
DEMOGUI4  MZ390 options = W:\work\z390\z390.OPT=(time(60)) sysmac(W:\work\z390\mac+.) 
  syscpy(W:\work\z390\mac+.) @rt\RT1=(bal notiming stats) guam
***** RT\GUAM\DEMO\SAVE\DEMOGUI4.STA
DEMOGUI4  MZ390 program = guam\demo\DEMOGUI4.MLC
DEMOGUI4  MZ390 options = sysmac(W:\work\z390\mac+.) 
  syscpy(W:\work\z390\mac+.) @rt\RT1=(bal notiming stats) guam
*****

***** GUAM\DEMO\DEMOGUI4.STA
DEMOGUI4  MZ390 final_options=PCOPT
DEMOGUI4  MZ390 final_options=NOPDSMEM8
DEMOGUI4  MZ390 final_options=NOPRINTALL
***** RT\GUAM\DEMO\SAVE\DEMOGUI4.STA
DEMOGUI4  MZ390 final_options=PCOPT
DEMOGUI4  MZ390 final_options=NOPRINTALL
*****

***** GUAM\DEMO\DEMOGUI4.STA
DEMOGUI4  MZ390 final_options=NOTRACEG
DEMOGUI4  MZ390 final_options=NOTRACEI
DEMOGUI4  MZ390 final_options=NOTRACEL
***** RT\GUAM\DEMO\SAVE\DEMOGUI4.STA
DEMOGUI4  MZ390 final_options=NOTRACEG
DEMOGUI4  MZ390 final_options=NOTRACEL
*****

***** GUAM\DEMO\DEMOGUI4.STA
DEMOGUI4  MZ390 final_options=MINWIDTH=150
DEMOGUI4  MZ390 final_options=MNOTE=0
DEMOGUI4  MZ390 final_options=PARM=
***** RT\GUAM\DEMO\SAVE\DEMOGUI4.STA
DEMOGUI4  MZ390 final_options=MINWIDTH=150
DEMOGUI4  MZ390 final_options=PARM=
*****

***** GUAM\DEMO\DEMOGUI4.STA
DEMOGUI4  MZ390 final_options=TESTDD=
DEMOGUI4  MZ390 final_options=TIME=60
DEMOGUI4  MZ390 final_options=TRACE=
***** RT\GUAM\DEMO\SAVE\DEMOGUI4.STA
DEMOGUI4  MZ390 final_options=TESTDD=
DEMOGUI4  MZ390 final_options=TIME=15
DEMOGUI4  MZ390 final_options=TRACE=
*****

***** GUAM\DEMO\DEMOGUI4.STA
DEMOGUI4  MZ390 total array expansions= 0
DEMOGUI4  MZ390 total Keys            = 1795
DEMOGUI4  MZ390 Key searches          = 5861
DEMOGUI4  MZ390 Key avg comps         = 0
***** RT\GUAM\DEMO\SAVE\DEMOGUI4.STA
DEMOGUI4  MZ390 total array expansions= 0
DEMOGUI4  MZ390 total Keys            = 1657
DEMOGUI4  MZ390 Key searches          = 5723
DEMOGUI4  MZ390 Key avg comps         = 0
*****

***** GUAM\DEMO\DEMOGUI4.STA
DEMOGUI4  AZ390 alloc passes          = 2
DEMOGUI4  AZ390 Keys                  = 1453
DEMOGUI4  AZ390 Key searches          = 3105
DEMOGUI4  AZ390 Key avg comps         = 0
***** RT\GUAM\DEMO\SAVE\DEMOGUI4.STA
DEMOGUI4  AZ390 alloc passes          = 2
DEMOGUI4  AZ390 Keys                  = 1315
DEMOGUI4  AZ390 Key searches          = 2967
DEMOGUI4  AZ390 Key avg comps         = 0
*****

***** GUAM\DEMO\DEMOGUI4.STA
DEMOGUI4  AZ390 total az390 errors    = 0
DEMOGUI4  MZ390 ENDED   RC= 0 MEM(MB)= MB IO=3808
DEMOGUI4  LZ390 START
DEMOGUI4  LZ390 Copyright 2011 Automated Software Tools Corporation
DEMOGUI4  LZ390 z390 is licensed under GNU General Public License
DEMOGUI4  LZ390 options = W:\work\z390\z390.OPT=(time(60)) @rt\RT1=(bal notiming stats) guam
DEMOGUI4  LZ390 program = guam\demo\DEMOGUI4.OBJ
***** RT\GUAM\DEMO\SAVE\DEMOGUI4.STA
DEMOGUI4  AZ390 total az390 errors    = 0
DEMOGUI4  MZ390 ENDED   RC= 0 MEM(MB)= MB IO=3805
DEMOGUI4  LZ390 START
DEMOGUI4  LZ390 Copyright 2010 Automated Software Tools Corporation
DEMOGUI4  LZ390 z390 is licensed under GNU General Public License
DEMOGUI4  LZ390 options = @rt\RT1=(bal notiming stats) guam
DEMOGUI4  LZ390 program = guam\demo\DEMOGUI4.OBJ
*****

***** GUAM\DEMO\DEMOGUI4.STA
DEMOGUI4  LZ390 final_options=PCOPT
DEMOGUI4  LZ390 final_options=NOPDSMEM8
DEMOGUI4  LZ390 final_options=NOPRINTALL
***** RT\GUAM\DEMO\SAVE\DEMOGUI4.STA
DEMOGUI4  LZ390 final_options=PCOPT
DEMOGUI4  LZ390 final_options=NOPRINTALL
*****

***** GUAM\DEMO\DEMOGUI4.STA
DEMOGUI4  LZ390 final_options=NOTRACEG
DEMOGUI4  LZ390 final_options=NOTRACEI
DEMOGUI4  LZ390 final_options=NOTRACEL
***** RT\GUAM\DEMO\SAVE\DEMOGUI4.STA
DEMOGUI4  LZ390 final_options=NOTRACEG
DEMOGUI4  LZ390 final_options=NOTRACEL
*****

***** GUAM\DEMO\DEMOGUI4.STA
DEMOGUI4  LZ390 final_options=MINWIDTH=150
DEMOGUI4  LZ390 final_options=MNOTE=0
DEMOGUI4  LZ390 final_options=PARM=
***** RT\GUAM\DEMO\SAVE\DEMOGUI4.STA
DEMOGUI4  LZ390 final_options=MINWIDTH=150
DEMOGUI4  LZ390 final_options=PARM=
*****

***** GUAM\DEMO\DEMOGUI4.STA
DEMOGUI4  LZ390 final_options=TESTDD=
DEMOGUI4  LZ390 final_options=TIME=60
DEMOGUI4  LZ390 final_options=TRACE=
***** RT\GUAM\DEMO\SAVE\DEMOGUI4.STA
DEMOGUI4  LZ390 final_options=TESTDD=
DEMOGUI4  LZ390 final_options=TIME=15
DEMOGUI4  LZ390 final_options=TRACE=
*****

***** GUAM\DEMO\DEMOGUI4.STA
DEMOGUI4  LZ390 total errors          = 0
DEMOGUI4  LZ390 ENDED   RC= 0 MEM(MB)= MB IO=187
DEMOGUI4  EZ390 START
DEMOGUI4  EZ390 Copyright 2011 Automated Software Tools Corporation
DEMOGUI4  EZ390 z390 is licensed under GNU General Public License
***** RT\GUAM\DEMO\SAVE\DEMOGUI4.STA
DEMOGUI4  LZ390 total errors          = 0
DEMOGUI4  LZ390 ENDED   RC= 0 MEM(MB)= MB IO=184
DEMOGUI4  EZ390 START
DEMOGUI4  EZ390 Copyright 2010 Automated Software Tools Corporation
DEMOGUI4  EZ390 z390 is licensed under GNU General Public License
*****

***** GUAM\DEMO\DEMOGUI4.STA
DEMOGUI4  EZ390 program = guam\demo\DEMOGUI4.390
DEMOGUI4  EZ390 options = W:\work\z390\z390.OPT=(time(60)) @rt\RT1=(bal notiming stats) guam
DEMOGUI4  EZ390 final_options=ALIGN
***** RT\GUAM\DEMO\SAVE\DEMOGUI4.STA
DEMOGUI4  EZ390 program = guam\demo\DEMOGUI4.390
DEMOGUI4  EZ390 options = @rt\RT1=(bal notiming stats) guam
DEMOGUI4  EZ390 final_options=ALIGN
*****

***** GUAM\DEMO\DEMOGUI4.STA
DEMOGUI4  EZ390 final_options=PCOPT
DEMOGUI4  EZ390 final_options=NOPDSMEM8
DEMOGUI4  EZ390 final_options=NOPRINTALL
***** RT\GUAM\DEMO\SAVE\DEMOGUI4.STA
DEMOGUI4  EZ390 final_options=PCOPT
DEMOGUI4  EZ390 final_options=NOPRINTALL
*****

***** GUAM\DEMO\DEMOGUI4.STA
DEMOGUI4  EZ390 final_options=NOTRACEG
DEMOGUI4  EZ390 final_options=NOTRACEI
DEMOGUI4  EZ390 final_options=NOTRACEL
***** RT\GUAM\DEMO\SAVE\DEMOGUI4.STA
DEMOGUI4  EZ390 final_options=NOTRACEG
DEMOGUI4  EZ390 final_options=NOTRACEL
*****

***** GUAM\DEMO\DEMOGUI4.STA
DEMOGUI4  EZ390 final_options=MINWIDTH=150
DEMOGUI4  EZ390 final_options=MNOTE=0
DEMOGUI4  EZ390 final_options=PARM=
***** RT\GUAM\DEMO\SAVE\DEMOGUI4.STA
DEMOGUI4  EZ390 final_options=MINWIDTH=150
DEMOGUI4  EZ390 final_options=PARM=
*****

***** GUAM\DEMO\DEMOGUI4.STA
DEMOGUI4  EZ390 final_options=TESTDD=
DEMOGUI4  EZ390 final_options=TIME=60
DEMOGUI4  EZ390 final_options=TRACE=
***** RT\GUAM\DEMO\SAVE\DEMOGUI4.STA
DEMOGUI4  EZ390 final_options=TESTDD=
DEMOGUI4  EZ390 final_options=TIME=15
DEMOGUI4  EZ390 final_options=TRACE=
*****

***** GUAM\DEMO\DEMOGUI4.STA
DEMOGUI4  EZ390 VSAM operations       = 0
DEMOGUI4  EZ390 Keys                  = 2467
DEMOGUI4  EZ390 Key searches          = 2
***** RT\GUAM\DEMO\SAVE\DEMOGUI4.STA
DEMOGUI4  EZ390 VSAM operations       = 0
DEMOGUI4  EZ390 Keys                  = 2212
DEMOGUI4  EZ390 Key searches          = 2
*****

***** GUAM\DEMO\DEMOGUI4.STA
DEMOGUI4  EZ390 total errors          = 0
DEMOGUI4  EZ390 ENDED   RC= 0 MEM(MB)= MB IO=151 INS=34
***** RT\GUAM\DEMO\SAVE\DEMOGUI4.STA
DEMOGUI4  EZ390 total errors          = 0
DEMOGUI4  EZ390 ENDED   RC= 0 MEM(MB)= MB IO=148 INS=34
*****

