Comparing files GUAM\DEMO\DEMOAPL1.STA and RT\GUAM\DEMO\SAVE\DEMOAPL1.STA
***** GUAM\DEMO\DEMOAPL1.STA
DEMOAPL1  MZ390 START
DEMOAPL1  MZ390 Copyright 2011 Automated Software Tools Corporation
DEMOAPL1  MZ390 z390 is licensed under GNU General Public License
***** RT\GUAM\DEMO\SAVE\DEMOAPL1.STA
DEMOAPL1  MZ390 START
DEMOAPL1  MZ390 Copyright 2010 Automated Software Tools Corporation
DEMOAPL1  MZ390 z390 is licensed under GNU General Public License
*****

***** GUAM\DEMO\DEMOAPL1.STA
DEMOAPL1  MZ390 program = guam\demo\DEMOAPL1.MLC
DEMOAPL1  MZ390 options = W:\work\z390\z390.OPT=(time(60)) sysmac(W:\work\z390\mac+.) 
  syscpy(W:\work\z390\mac+.) @rt\RT1=(bal notiming stats) guam
***** RT\GUAM\DEMO\SAVE\DEMOAPL1.STA
DEMOAPL1  MZ390 program = guam\demo\DEMOAPL1.MLC
DEMOAPL1  MZ390 options = sysmac(W:\work\z390\mac+.) 
  syscpy(W:\work\z390\mac+.) @rt\RT1=(bal notiming stats) guam
*****

***** GUAM\DEMO\DEMOAPL1.STA
DEMOAPL1  MZ390 final_options=PCOPT
DEMOAPL1  MZ390 final_options=NOPDSMEM8
DEMOAPL1  MZ390 final_options=NOPRINTALL
***** RT\GUAM\DEMO\SAVE\DEMOAPL1.STA
DEMOAPL1  MZ390 final_options=PCOPT
DEMOAPL1  MZ390 final_options=NOPRINTALL
*****

***** GUAM\DEMO\DEMOAPL1.STA
DEMOAPL1  MZ390 final_options=NOTRACEG
DEMOAPL1  MZ390 final_options=NOTRACEI
DEMOAPL1  MZ390 final_options=NOTRACEL
***** RT\GUAM\DEMO\SAVE\DEMOAPL1.STA
DEMOAPL1  MZ390 final_options=NOTRACEG
DEMOAPL1  MZ390 final_options=NOTRACEL
*****

***** GUAM\DEMO\DEMOAPL1.STA
DEMOAPL1  MZ390 final_options=MINWIDTH=150
DEMOAPL1  MZ390 final_options=MNOTE=0
DEMOAPL1  MZ390 final_options=PARM=
***** RT\GUAM\DEMO\SAVE\DEMOAPL1.STA
DEMOAPL1  MZ390 final_options=MINWIDTH=150
DEMOAPL1  MZ390 final_options=PARM=
*****

***** GUAM\DEMO\DEMOAPL1.STA
DEMOAPL1  MZ390 final_options=TESTDD=
DEMOAPL1  MZ390 final_options=TIME=60
DEMOAPL1  MZ390 final_options=TRACE=
***** RT\GUAM\DEMO\SAVE\DEMOAPL1.STA
DEMOAPL1  MZ390 final_options=TESTDD=
DEMOAPL1  MZ390 final_options=TIME=15
DEMOAPL1  MZ390 final_options=TRACE=
*****

***** GUAM\DEMO\DEMOAPL1.STA
DEMOAPL1  MZ390 total array expansions= 0
DEMOAPL1  MZ390 total Keys            = 5037
DEMOAPL1  MZ390 Key searches          = 46284
DEMOAPL1  MZ390 Key avg comps         = 0
***** RT\GUAM\DEMO\SAVE\DEMOAPL1.STA
DEMOAPL1  MZ390 total array expansions= 0
DEMOAPL1  MZ390 total Keys            = 4899
DEMOAPL1  MZ390 Key searches          = 46146
DEMOAPL1  MZ390 Key avg comps         = 0
*****

***** GUAM\DEMO\DEMOAPL1.STA
DEMOAPL1  AZ390 alloc passes          = 2
DEMOAPL1  AZ390 Keys                  = 1430
DEMOAPL1  AZ390 Key searches          = 5421
DEMOAPL1  AZ390 Key avg comps         = 0
***** RT\GUAM\DEMO\SAVE\DEMOAPL1.STA
DEMOAPL1  AZ390 alloc passes          = 2
DEMOAPL1  AZ390 Keys                  = 1292
DEMOAPL1  AZ390 Key searches          = 5283
DEMOAPL1  AZ390 Key avg comps         = 0
*****

***** GUAM\DEMO\DEMOAPL1.STA
DEMOAPL1  AZ390 total az390 errors    = 0
DEMOAPL1  MZ390 ENDED   RC= 0 MEM(MB)= MB IO=5753
DEMOAPL1  LZ390 START
DEMOAPL1  LZ390 Copyright 2011 Automated Software Tools Corporation
DEMOAPL1  LZ390 z390 is licensed under GNU General Public License
DEMOAPL1  LZ390 options = W:\work\z390\z390.OPT=(time(60)) @rt\RT1=(bal notiming stats) guam
DEMOAPL1  LZ390 program = guam\demo\DEMOAPL1.OBJ
***** RT\GUAM\DEMO\SAVE\DEMOAPL1.STA
DEMOAPL1  AZ390 total az390 errors    = 0
DEMOAPL1  MZ390 ENDED   RC= 0 MEM(MB)= MB IO=5750
DEMOAPL1  LZ390 START
DEMOAPL1  LZ390 Copyright 2010 Automated Software Tools Corporation
DEMOAPL1  LZ390 z390 is licensed under GNU General Public License
DEMOAPL1  LZ390 options = @rt\RT1=(bal notiming stats) guam
DEMOAPL1  LZ390 program = guam\demo\DEMOAPL1.OBJ
*****

***** GUAM\DEMO\DEMOAPL1.STA
DEMOAPL1  LZ390 final_options=PCOPT
DEMOAPL1  LZ390 final_options=NOPDSMEM8
DEMOAPL1  LZ390 final_options=NOPRINTALL
***** RT\GUAM\DEMO\SAVE\DEMOAPL1.STA
DEMOAPL1  LZ390 final_options=PCOPT
DEMOAPL1  LZ390 final_options=NOPRINTALL
*****

***** GUAM\DEMO\DEMOAPL1.STA
DEMOAPL1  LZ390 final_options=NOTRACEG
DEMOAPL1  LZ390 final_options=NOTRACEI
DEMOAPL1  LZ390 final_options=NOTRACEL
***** RT\GUAM\DEMO\SAVE\DEMOAPL1.STA
DEMOAPL1  LZ390 final_options=NOTRACEG
DEMOAPL1  LZ390 final_options=NOTRACEL
*****

***** GUAM\DEMO\DEMOAPL1.STA
DEMOAPL1  LZ390 final_options=MINWIDTH=150
DEMOAPL1  LZ390 final_options=MNOTE=0
DEMOAPL1  LZ390 final_options=PARM=
***** RT\GUAM\DEMO\SAVE\DEMOAPL1.STA
DEMOAPL1  LZ390 final_options=MINWIDTH=150
DEMOAPL1  LZ390 final_options=PARM=
*****

***** GUAM\DEMO\DEMOAPL1.STA
DEMOAPL1  LZ390 final_options=TESTDD=
DEMOAPL1  LZ390 final_options=TIME=60
DEMOAPL1  LZ390 final_options=TRACE=
***** RT\GUAM\DEMO\SAVE\DEMOAPL1.STA
DEMOAPL1  LZ390 final_options=TESTDD=
DEMOAPL1  LZ390 final_options=TIME=15
DEMOAPL1  LZ390 final_options=TRACE=
*****

***** GUAM\DEMO\DEMOAPL1.STA
DEMOAPL1  LZ390 total errors          = 0
DEMOAPL1  LZ390 ENDED   RC= 0 MEM(MB)= MB IO=233
DEMOAPL1  EZ390 START
DEMOAPL1  EZ390 Copyright 2011 Automated Software Tools Corporation
DEMOAPL1  EZ390 z390 is licensed under GNU General Public License
***** RT\GUAM\DEMO\SAVE\DEMOAPL1.STA
DEMOAPL1  LZ390 total errors          = 0
DEMOAPL1  LZ390 ENDED   RC= 0 MEM(MB)= MB IO=230
DEMOAPL1  EZ390 START
DEMOAPL1  EZ390 Copyright 2010 Automated Software Tools Corporation
DEMOAPL1  EZ390 z390 is licensed under GNU General Public License
*****

***** GUAM\DEMO\DEMOAPL1.STA
DEMOAPL1  EZ390 program = guam\demo\DEMOAPL1.390
DEMOAPL1  EZ390 options = W:\work\z390\z390.OPT=(time(60)) @rt\RT1=(bal notiming stats) guam
DEMOAPL1  EZ390 final_options=ALIGN
***** RT\GUAM\DEMO\SAVE\DEMOAPL1.STA
DEMOAPL1  EZ390 program = guam\demo\DEMOAPL1.390
DEMOAPL1  EZ390 options = @rt\RT1=(bal notiming stats) guam
DEMOAPL1  EZ390 final_options=ALIGN
*****

***** GUAM\DEMO\DEMOAPL1.STA
DEMOAPL1  EZ390 final_options=PCOPT
DEMOAPL1  EZ390 final_options=NOPDSMEM8
DEMOAPL1  EZ390 final_options=NOPRINTALL
***** RT\GUAM\DEMO\SAVE\DEMOAPL1.STA
DEMOAPL1  EZ390 final_options=PCOPT
DEMOAPL1  EZ390 final_options=NOPRINTALL
*****

***** GUAM\DEMO\DEMOAPL1.STA
DEMOAPL1  EZ390 final_options=NOTRACEG
DEMOAPL1  EZ390 final_options=NOTRACEI
DEMOAPL1  EZ390 final_options=NOTRACEL
***** RT\GUAM\DEMO\SAVE\DEMOAPL1.STA
DEMOAPL1  EZ390 final_options=NOTRACEG
DEMOAPL1  EZ390 final_options=NOTRACEL
*****

***** GUAM\DEMO\DEMOAPL1.STA
DEMOAPL1  EZ390 final_options=MINWIDTH=150
DEMOAPL1  EZ390 final_options=MNOTE=0
DEMOAPL1  EZ390 final_options=PARM=
***** RT\GUAM\DEMO\SAVE\DEMOAPL1.STA
DEMOAPL1  EZ390 final_options=MINWIDTH=150
DEMOAPL1  EZ390 final_options=PARM=
*****

***** GUAM\DEMO\DEMOAPL1.STA
DEMOAPL1  EZ390 final_options=TESTDD=
DEMOAPL1  EZ390 final_options=TIME=60
DEMOAPL1  EZ390 final_options=TRACE=
***** RT\GUAM\DEMO\SAVE\DEMOAPL1.STA
DEMOAPL1  EZ390 final_options=TESTDD=
DEMOAPL1  EZ390 final_options=TIME=15
DEMOAPL1  EZ390 final_options=TRACE=
*****

***** GUAM\DEMO\DEMOAPL1.STA
DEMOAPL1  EZ390 VSAM operations       = 0
DEMOAPL1  EZ390 Keys                  = 2467
DEMOAPL1  EZ390 Key searches          = 2
***** RT\GUAM\DEMO\SAVE\DEMOAPL1.STA
DEMOAPL1  EZ390 VSAM operations       = 0
DEMOAPL1  EZ390 Keys                  = 2212
DEMOAPL1  EZ390 Key searches          = 2
*****

***** GUAM\DEMO\DEMOAPL1.STA
DEMOAPL1  EZ390 total errors          = 0
DEMOAPL1  EZ390 ENDED   RC= 0 MEM(MB)= MB IO=155 INS=27
***** RT\GUAM\DEMO\SAVE\DEMOAPL1.STA
DEMOAPL1  EZ390 total errors          = 0
DEMOAPL1  EZ390 ENDED   RC= 0 MEM(MB)= MB IO=152 INS=27
*****

