Comparing files GUAM\DEMO\DEMOGUI5.LOG and RT\GUAM\DEMO\SAVE\DEMOGUI5.LOG
***** GUAM\DEMO\DEMOGUI5.LOG
DEMOGUI5  EZ390 START
EZ390I Copyright 2011 Automated Software Tools Corporation
EZ390I z390 is licensed under GNU General Public License
***** RT\GUAM\DEMO\SAVE\DEMOGUI5.LOG
DEMOGUI5  EZ390 START
EZ390I Copyright 2010 Automated Software Tools Corporation
EZ390I z390 is licensed under GNU General Public License
*****

***** GUAM\DEMO\DEMOGUI5.LOG
EZ390I program = guam\demo\DEMOGUI5.390
EZ390I options = W:\work\z390\z390.OPT=(time(60)) @rt\RT1=(bal notiming stats) guam
DEMOGUI5 GRAPHICS DEMO - MSG FOR MCS LOG
***** RT\GUAM\DEMO\SAVE\DEMOGUI5.LOG
EZ390I program = guam\demo\DEMOGUI5.390
EZ390I options = @rt\RT1=(bal notiming stats) guam
DEMOGUI5 GRAPHICS DEMO - MSG FOR MCS LOG
*****

***** GUAM\DEMO\DEMOGUI5.LOG
EZ390I total errors         = 0
DEMOGUI5  EZ390 ENDED   RC=16 MEM(MB)= MB IO=170 INS=48
***** RT\GUAM\DEMO\SAVE\DEMOGUI5.LOG
EZ390I total errors         = 0
DEMOGUI5  EZ390 ENDED   RC=16 MEM(MB)= MB IO=167 INS=48
*****

