Comparing files BMK\INSTTIME.OUT and RT\BMK\SAVE\INSTTIME.OUT
Resync Failed.  Files are too different.
***** BMK\INSTTIME.OUT
VER=V1.3.09
BCT TIMER                 0.195989 4670D0AC
PR                        0.152325 0101
SAM24                     0.028404 010C
SAM31                     0.028747 010D
SPM                       0.067100 04A0         03000000 012B0E83
BALR   B                  0.121673 05FA         004FAFE6 012B0E83
BALR   B0                 0.066425 05F0         004FAFE6 012B0E83
BCTR   B                  0.153933 06FA         004FAFE6 012B0E83
BCTR   B0                 0.104478 06F0         004FAFE6 012B0E83
BCR    B                  0.060317 07FA         004FAFE6 012B0E83
NOPR   B0                 0.020456 070A         004FAFE6 012B0E83
BSM    B                  0.166198 0BFA         004FAFE6 012B0E83
BSM    B0                 0.105638 0BF0         004FAFE6 012B0E83
BASSM  B                  0.120280 0CFA         004FAFE6 012B0E83
BASSM  B0                 0.061827 0CF0         004FAFE6 012B0E83
BASR   B                  0.110811 0DFA         004FAFE6 012B0E83
BASR   B0                 0.066289 0DF0         004FAFE6 012B0E83
MVCL            1         0.563058 0E4A         00402C49 00000000
MVCL           10         0.611560 0E4A         00402C52 00000000
MVCL           50         0.636075 0E4A         00402C7A 00000000
MVCL          100         0.638082 0E4A         00402CAC 00000000
MVCL          500         0.683366 0E4A         00402E3C 00000000
MVCL         1000         0.765437 0E4A         00403030 00000000
MVCL         5000         1.225736 0E4A         00403FD0 00000000
MVCL        10000         1.858196 0E4A         00405358 00000000
CLCL            1         0.645952 0F4A         00402C49 00000000
CLCL           10         0.660050 0F4A         00402C52 00000000
CLCL           50         0.818999 0F4A         00402C7A 00000000
CLCL          100         1.088168 0F4A         00402CAC 00000000
LPR                       0.113895 10A6         00000001 00000001
LNR                       0.118129 11A6         FFFFFFFF 00000001
LTR                       0.113013 12A6         00000001 00000001
LCR                       0.110732 13A6         FFFFFFFF 00000001
NR                        0.158302 14A6         00000000 00000001
CLR                       0.112643 15A6         00000000 00000001
OR                        0.160754 16A6         00000001 00000001
XR                        0.165040 17A6         00000000 00000001
LR                        0.116136 18A6         00000001 00000001
CR                        0.113475 19A6         00000000 00000001
AR                        0.162333 1AA6         000186A0 00000001
SR                        0.159925 1BA6         FFFE7960 00000001
MR                        0.203827 1CA6         00000000 00000001
DR                        0.271571 1DA6         00000000 00000001
ALR                       0.169696 1EA6         000186A0 00000001
SLR                       0.183780 1FA6         FFFE7960 00000001
LPDR   DPH                0.384238 2001                       99               99
LNDR   DPH                0.362872 2101                      -99               99
LTDR   DPH                0.358986 2201                       99               99
LCDR   DPH                0.364934 2301                      -99               99
HDR    DPH   F            0.356392 2401                     49.5               99
LDXR   DPH               34.408275 2501                       99               99
MXR    XPH               72.296118 2601                    99000               99
MXDR   XPH                2.150072 2701                    99000               99
LDR    DPH                0.418729 2801                       99               99
CDR    DPH                0.660494 2901                        1               99
ADR    DPH                0.409227 2A01                  9900001               99
SDR    DPH                0.390833 2B01                 -9899999               99
MDR    DPH                0.725650 2C01                    99000               99
DDR    DPH   F            0.738055 2D01         10.1010101010101               99
AWR    DPH                0.752028 2E01                  9900001               99
SWR    DPH                0.734284 2F01                 -9899999               99
LPER   EPH                0.312377 3001                       99               99
LNER   EPH                0.305181 3101                      -99               99
LTER   EPH                0.303375 3201                       99               99
LCER   EPH                0.306276 3301                      -99               99
HER    EPH   F            0.303185 3401                     49.5               99
LEDR   EPH                0.416100 3501                       99               99
AXR    XPH               38.222590 3601                  9900001               99
SXR    XPH               38.729581 3701                 -9899999               99
LER    EPH                0.338722 3801                       99               99
CER    EPH                0.543688 3901                        1               99
AER    EPH                0.344456 3A01                  9900001               99
SER    EPH                0.337943 3B01                 -9899999               99
MDER   EPH                0.577264 3C01                    99000               99
DER    EPH   F            0.603995 3D01         10.1010101010101               99
AUR    EPH                0.648086 3E01                  9900001               99
SUR    EPH                0.635320 3F01                 -9899999               99
STH    H   0BS            0.161291 40A05002     00000063 00000063
STH    H   XBS            0.195304 40A65002     00000063 00000063
LA     H   00             0.084784 41A00002     00000002 00000063
LA     H   0B             0.126252 41A05002     004FBCB4 00000063
LA     H   X0             0.132978 41A60002     00000004 00000063
LA     H   XB             0.172758 41A65002     004FBCB6 00000063
STC    H   0BS            0.090603 42A05002     00000063 00000063
STC    H   XBS            0.140834 42A65002     00000063 00000063
IC     H   00             0.056281 43A00002     00000000 00000063
IC     H   0B             0.098615 43A05002     00000000 00000063
IC     H   X0             0.097122 43A60002     00000000 00000063
IC     H   XB             0.140198 43A65002     00000000 00000063
EX         0B             0.123066 44A05000     00000009 00000063
EX         XB             0.170997 44A65000     00000009 00000063
EX     R0  0B             0.117320 44005000     00000009 00000063
EX     R0  XB             0.158110 44065000     00000009 00000063
BAL    B   0B             0.134329 45F0C25E     00000009 00000063
BAL    B   XB             0.185491 45F6C25E     00000009 00000063
BCT    B   0B             0.191511 46A0C360     7FFFFFFE 00000004
BCT    B0  0B             0.190881 46A0C360     00000000 00000000
BCT    B   XB             0.235210 46A6C360     7FFFFFFE 00000004
BCT    B0  XB             0.232095 46A6C360     00000000 00000000
***** RT\BMK\SAVE\INSTTIME.OUT
VER=V1.3.08
BCT TIMER                 0.195905 4670D0AC
PR                        0.131436 0101
SAM24                     0.036335 010C
SAM31                     0.029533 010D
SPM                       0.067304 04A0         03000000 012AEDB8
BALR   B                  0.111516 05FA         004FAFE6 012AEDB8
BALR   B0                 0.064722 05F0         004FAFE6 012AEDB8
BCTR   B                  0.160698 06FA         004FAFE6 012AEDB8
BCTR   B0                 0.115437 06F0         004FAFE6 012AEDB8
BCR    B                  0.066556 07FA         004FAFE6 012AEDB8
NOPR   B0                 0.022000 070A         004FAFE6 012AEDB8
BSM    B                  0.160600 0BFA         004FAFE6 012AEDB8
BSM    B0                 0.105325 0BF0         004FAFE6 012AEDB8
BASSM  B                  0.117980 0CFA         004FAFE6 012AEDB8
BASSM  B0                 0.063294 0CF0         004FAFE6 012AEDB8
BASR   B                  0.110414 0DFA         004FAFE6 012AEDB8
BASR   B0                 0.062766 0DF0         004FAFE6 012AEDB8
MVCL            1         0.603280 0E4A         00402C49 00000000
MVCL           10         0.606458 0E4A         00402C52 00000000
MVCL           50         0.626595 0E4A         00402C7A 00000000
MVCL          100         0.603134 0E4A         00402CAC 00000000
MVCL          500         0.641766 0E4A         00402E3C 00000000
MVCL         1000         0.729391 0E4A         00403030 00000000
MVCL         5000         1.216973 0E4A         00403FD0 00000000
MVCL        10000         2.409468 0E4A         00405358 00000000
CLCL            1         0.605021 0F4A         00402C49 00000000
CLCL           10         0.646838 0F4A         00402C52 00000000
CLCL           50         0.826640 0F4A         00402C7A 00000000
CLCL          100         1.048444 0F4A         00402CAC 00000000
LPR                       0.125805 10A6         00000001 00000001
LNR                       0.117633 11A6         FFFFFFFF 00000001
LTR                       0.104575 12A6         00000001 00000001
LCR                       0.109112 13A6         FFFFFFFF 00000001
NR                        0.152449 14A6         00000000 00000001
CLR                       0.110497 15A6         00000000 00000001
OR                        0.165573 16A6         00000001 00000001
XR                        0.158125 17A6         00000000 00000001
LR                        0.107544 18A6         00000001 00000001
CR                        0.112634 19A6         00000000 00000001
AR                        0.173785 1AA6         000186A0 00000001
SR                        0.156429 1BA6         FFFE7960 00000001
MR                        0.202427 1CA6         00000000 00000001
DR                        0.268806 1DA6         00000000 00000001
ALR                       0.160253 1EA6         000186A0 00000001
SLR                       0.161911 1FA6         FFFE7960 00000001
LPDR   DPH                0.405141 2001                       99               99
LNDR   DPH                0.367668 2101                      -99               99
LTDR   DPH                0.368908 2201                       99               99
LCDR   DPH                0.373114 2301                      -99               99
HDR    DPH   F            0.366168 2401                     49.5               99
LDXR   DPH               34.352559 2501                       99               99
MXR    XPH               72.275470 2601                    99000               99
MXDR   XPH                2.107963 2701                    99000               99
LDR    DPH                0.388331 2801                       99               99
CDR    DPH                0.655841 2901                        1               99
ADR    DPH                0.404069 2A01                  9900001               99
SDR    DPH                0.394560 2B01                 -9899999               99
MDR    DPH                0.702927 2C01                    99000               99
DDR    DPH   F            0.721882 2D01         10.1010101010101               99
AWR    DPH                0.395350 2E01                  9900001               99
SWR    DPH                0.394491 2F01                 -9899999               99
LPER   EPH                0.312480 3001                       99               99
LNER   EPH                0.308202 3101                      -99               99
LTER   EPH                0.305155 3201                       99               99
LCER   EPH                0.304984 3301                      -99               99
HER    EPH   F            0.297594 3401                     49.5               99
LEDR   EPH                0.398540 3501                       99               99
AXR    XPH               38.427051 3601                  9900001               99
SXR    XPH               38.886829 3701                 -9899999               99
LER    EPH                0.330293 3801                       99               99
CER    EPH                0.546666 3901                        1               99
AER    EPH                0.342564 3A01                  9900001               99
SER    EPH                0.336680 3B01                 -9899999               99
MDER   EPH                0.579730 3C01                    99000               99
DER    EPH   F            0.600498 3D01         10.1010101010101               99
AUR    EPH                0.344386 3E01                  9900001               99
SUR    EPH                0.340299 3F01                 -9899999               99
STH    H   0BS            0.164897 40A05002     00000063 00000063
STH    H   XBS            0.207939 40A65002     00000063 00000063
LA     H   00             0.085578 41A00002     00000002 00000063
LA     H   0B             0.129896 41A05002     004FBCB4 00000063
LA     H   X0             0.131019 41A60002     00000004 00000063
LA     H   XB             0.176098 41A65002     004FBCB6 00000063
STC    H   0BS            0.092996 42A05002     00000063 00000063
STC    H   XBS            0.139733 42A65002     00000063 00000063
IC     H   00             0.055363 43A00002     00000000 00000063
IC     H   0B             0.092002 43A05002     00000000 00000063
IC     H   X0             0.096220 43A60002     00000000 00000063
IC     H   XB             0.138603 43A65002     00000000 00000063
EX         0B             0.130427 44A05000     00000009 00000063
EX         XB             0.169284 44A65000     00000009 00000063
EX     R0  0B             0.113087 44005000     00000009 00000063
EX     R0  XB             0.158905 44065000     00000009 00000063
BAL    B   0B             0.134580 45F0C25E     00000009 00000063
BAL    B   XB             0.202863 45F6C25E     00000009 00000063
BCT    B   0B             0.193284 46A0C360     7FFFFFFE 00000004
BCT    B0  0B             0.191938 46A0C360     00000000 00000000
BCT    B   XB             0.237568 46A6C360     7FFFFFFE 00000004
BCT    B0  XB             0.228114 46A6C360     00000000 00000000
*****

