Comparing files DEMO\DEMOWTO2.STA and RT\DEMO\SAVE\DEMOWTO2.STA
***** DEMO\DEMOWTO2.STA
DEMOWTO2  MZ390 program = demo\DEMOWTO2.MLC
DEMOWTO2  MZ390 options = sysmac(C:\PROGRA~2\AUTOMA~1\z390\mac+.) 
  syscpy(C:\PROGRA~2\AUTOMA~1\z390\mac+.) notiming stats systerm(demo\rtdemo)
DEMOWTO2  MZ390 final_options=ALIGN
***** RT\DEMO\SAVE\DEMOWTO2.STA
DEMOWTO2  MZ390 program = demo\DEMOWTO2.MLC
DEMOWTO2  MZ390 options = W:\work\z390\z390.OPT=(time(60)) sysmac(W:\work\z390\mac+.) 
  syscpy(W:\work\z390\mac+.) notiming stats systerm(demo\rtdemo)
DEMOWTO2  MZ390 final_options=ALIGN
*****

***** DEMO\DEMOWTO2.STA
DEMOWTO2  MZ390 final_options=PROFILE=
DEMOWTO2  MZ390 final_options=STATS=C:\Program Files (x86)\Automated Software Tools\z390\demo\DEMOWTO2.STA
DEMOWTO2  MZ390 final_options=SYSPARM=
DEMOWTO2  MZ390 final_options=SYSTERM=C:\Program Files (x86)\Automated Software Tools\z390\demo\rtdemo.ERR
DEMOWTO2  MZ390 final_options=TESTDD=
DEMOWTO2  MZ390 final_options=TIME=15
DEMOWTO2  MZ390 final_options=TRACE=
***** RT\DEMO\SAVE\DEMOWTO2.STA
DEMOWTO2  MZ390 final_options=PROFILE=
DEMOWTO2  MZ390 final_options=STATS=W:\work\z390\demo\DEMOWTO2.STA
DEMOWTO2  MZ390 final_options=SYSPARM=
DEMOWTO2  MZ390 final_options=SYSTERM=W:\work\z390\demo\rtdemo.ERR
DEMOWTO2  MZ390 final_options=TESTDD=
DEMOWTO2  MZ390 final_options=TIME=60
DEMOWTO2  MZ390 final_options=TRACE=
*****

***** DEMO\DEMOWTO2.STA
DEMOWTO2  MZ390 final_options=SYSBAL=demo\
DEMOWTO2  MZ390 final_options=SYSCPY=C:\PROGRA~2\AUTOMA~1\z390\mac+.
DEMOWTO2  MZ390 final_options=SYSDAT=demo\
***** RT\DEMO\SAVE\DEMOWTO2.STA
DEMOWTO2  MZ390 final_options=SYSBAL=demo\
DEMOWTO2  MZ390 final_options=SYSCPY=W:\work\z390\mac+.
DEMOWTO2  MZ390 final_options=SYSDAT=demo\
*****

***** DEMO\DEMOWTO2.STA
DEMOWTO2  MZ390 final_options=SYSLST=demo\
DEMOWTO2  MZ390 final_options=SYSMAC=C:\PROGRA~2\AUTOMA~1\z390\mac+.
DEMOWTO2  MZ390 final_options=SYSMLC=demo\
***** RT\DEMO\SAVE\DEMOWTO2.STA
DEMOWTO2  MZ390 final_options=SYSLST=demo\
DEMOWTO2  MZ390 final_options=SYSMAC=W:\work\z390\mac+.
DEMOWTO2  MZ390 final_options=SYSMLC=demo\
*****

***** DEMO\DEMOWTO2.STA
DEMOWTO2  MZ390 total pcode exec opt  = 1
DEMOWTO2  MZ390 FID=  1 ERR= 0 C:\Program Files (x86)\Automated Software Tools\z390\demo\DEMOWTO2.MLC
DEMOWTO2  MZ390 FID=  2 ERR= 0 C:\PROGRA~2\AUTOMA~1\z390\mac\SUBENTRY.MAC
DEMOWTO2  MZ390 FID=  3 ERR= 0 C:\PROGRA~2\AUTOMA~1\z390\mac\WTO.MAC
DEMOWTO2  MZ390 FID=  4 ERR= 0 C:\PROGRA~2\AUTOMA~1\z390\mac\SUBEXIT.MAC
DEMOWTO2  MZ390 total mnote warnings  = 0
***** RT\DEMO\SAVE\DEMOWTO2.STA
DEMOWTO2  MZ390 total pcode exec opt  = 1
DEMOWTO2  MZ390 FID=  1 ERR= 0 W:\work\z390\demo\DEMOWTO2.MLC
DEMOWTO2  MZ390 FID=  2 ERR= 0 W:\work\z390\mac\SUBENTRY.MAC
DEMOWTO2  MZ390 FID=  3 ERR= 0 W:\work\z390\mac\WTO.MAC
DEMOWTO2  MZ390 FID=  4 ERR= 0 W:\work\z390\mac\SUBEXIT.MAC
DEMOWTO2  MZ390 total mnote warnings  = 0
*****

***** DEMO\DEMOWTO2.STA
DEMOWTO2  LZ390 z390 is licensed under GNU General Public License
DEMOWTO2  LZ390 options = notiming stats systerm(demo\rtdemo)
DEMOWTO2  LZ390 program = demo\DEMOWTO2.OBJ
***** RT\DEMO\SAVE\DEMOWTO2.STA
DEMOWTO2  LZ390 z390 is licensed under GNU General Public License
DEMOWTO2  LZ390 options = W:\work\z390\z390.OPT=(time(60)) notiming stats 
  systerm(demo\rtdemo)
DEMOWTO2  LZ390 program = demo\DEMOWTO2.OBJ
*****

***** DEMO\DEMOWTO2.STA
DEMOWTO2  LZ390 final_options=PROFILE=
DEMOWTO2  LZ390 final_options=STATS=C:\Program Files (x86)\Automated Software Tools\z390\demo\DEMOWTO2.STA
DEMOWTO2  LZ390 final_options=SYSPARM=
DEMOWTO2  LZ390 final_options=SYSTERM=C:\Program Files (x86)\Automated Software Tools\z390\demo\rtdemo.ERR
DEMOWTO2  LZ390 final_options=TESTDD=
DEMOWTO2  LZ390 final_options=TIME=15
DEMOWTO2  LZ390 final_options=TRACE=
***** RT\DEMO\SAVE\DEMOWTO2.STA
DEMOWTO2  LZ390 final_options=PROFILE=
DEMOWTO2  LZ390 final_options=STATS=W:\work\z390\demo\DEMOWTO2.STA
DEMOWTO2  LZ390 final_options=SYSPARM=
DEMOWTO2  LZ390 final_options=SYSTERM=W:\work\z390\demo\rtdemo.ERR
DEMOWTO2  LZ390 final_options=TESTDD=
DEMOWTO2  LZ390 final_options=TIME=60
DEMOWTO2  LZ390 final_options=TRACE=
*****

***** DEMO\DEMOWTO2.STA
DEMOWTO2  EZ390 program = demo\DEMOWTO2.390
DEMOWTO2  EZ390 options = notiming stats systerm(demo\rtdemo)
DEMOWTO2  EZ390 final_options=ALIGN
***** RT\DEMO\SAVE\DEMOWTO2.STA
DEMOWTO2  EZ390 program = demo\DEMOWTO2.390
DEMOWTO2  EZ390 options = W:\work\z390\z390.OPT=(time(60)) notiming stats 
  systerm(demo\rtdemo)
DEMOWTO2  EZ390 final_options=ALIGN
*****

***** DEMO\DEMOWTO2.STA
DEMOWTO2  EZ390 final_options=PROFILE=
DEMOWTO2  EZ390 final_options=STATS=C:\Program Files (x86)\Automated Software Tools\z390\demo\DEMOWTO2.STA
DEMOWTO2  EZ390 final_options=SYSPARM=
DEMOWTO2  EZ390 final_options=SYSTERM=C:\Program Files (x86)\Automated Software Tools\z390\demo\rtdemo.ERR
DEMOWTO2  EZ390 final_options=TESTDD=
DEMOWTO2  EZ390 final_options=TIME=15
DEMOWTO2  EZ390 final_options=TRACE=
***** RT\DEMO\SAVE\DEMOWTO2.STA
DEMOWTO2  EZ390 final_options=PROFILE=
DEMOWTO2  EZ390 final_options=STATS=W:\work\z390\demo\DEMOWTO2.STA
DEMOWTO2  EZ390 final_options=SYSPARM=
DEMOWTO2  EZ390 final_options=SYSTERM=W:\work\z390\demo\rtdemo.ERR
DEMOWTO2  EZ390 final_options=TESTDD=
DEMOWTO2  EZ390 final_options=TIME=60
DEMOWTO2  EZ390 final_options=TRACE=
*****

***** DEMO\DEMOWTO2.STA
DEMOWTO2  EZ390 final_options=IPL=
DEMOWTO2  EZ390 final_options=LOG=C:\Program Files (x86)\Automated Software Tools\z390\demo\DEMOWTO2.LOG
DEMOWTO2  EZ390 final_options=SYS390=demo\+linklib
***** RT\DEMO\SAVE\DEMOWTO2.STA
DEMOWTO2  EZ390 final_options=IPL=
DEMOWTO2  EZ390 final_options=LOG=W:\work\z390\demo\DEMOWTO2.LOG
DEMOWTO2  EZ390 final_options=SYS390=demo\+linklib
*****

