Comparing files LINKLIB\REPRO.STA and RT\LINKLIB\SAVE\REPRO.STA
Resync Failed.  Files are too different.
***** LINKLIB\REPRO.STA
REPRO     MZ390 START
REPRO     MZ390 Copyright 2011 Automated Software Tools Corporation
REPRO     MZ390 z390 is licensed under GNU General Public License
REPRO     MZ390 program = linklib\REPRO.MLC
REPRO     MZ390 options = sysmac(C:\PROGRA~2\AUTOMA~1\z390\mac+.) 
  syscpy(C:\PROGRA~2\AUTOMA~1\z390\mac+.) bal notiming stats 
  systerm(linklib\rtlink)
REPRO     MZ390 final_options=ALIGN
REPRO     MZ390 final_options=NOALLOW
REPRO     MZ390 final_options=NOAMODE24
REPRO     MZ390 final_options=AMODE31
REPRO     MZ390 final_options=NOASCII
REPRO     MZ390 final_options=ASM
REPRO     MZ390 final_options=NOASSIST
REPRO     MZ390 final_options=AUTOLINK
REPRO     MZ390 final_options=BAL
REPRO     MZ390 final_options=NOBS2000
REPRO     MZ390 final_options=EDF
REPRO     MZ390 final_options=NOCICS
REPRO     MZ390 final_options=CODEPAGE(ISO-8859-1+IBM1047)
REPRO     MZ390 final_options=COMMENT
REPRO     MZ390 final_options=CON
REPRO     MZ390 final_options=NODUMP
REPRO     MZ390 final_options=EPILOG
REPRO     MZ390 final_options=NOERRSUM
REPRO     MZ390 final_options=EXTEND
REPRO     MZ390 final_options=FLOAT(DECIMAL)
REPRO     MZ390 final_options=NOGUAM
REPRO     MZ390 final_options=INIT
REPRO     MZ390 final_options=LIST
REPRO     MZ390 final_options=LISTCALL
REPRO     MZ390 final_options=LISTUSE
REPRO     MZ390 final_options=LOADHIGH
REPRO     MZ390 final_options=NOMCALL
REPRO     MZ390 final_options=NOMOD
REPRO     MZ390 final_options=OBJ
REPRO     MZ390 final_options=NOOBJHEX
REPRO     MZ390 final_options=PC
REPRO     MZ390 final_options=PCOPT
REPRO     MZ390 final_options=NOPDSMEM8
REPRO     MZ390 final_options=NOPRINTALL
REPRO     MZ390 final_options=PROLOG
REPRO     MZ390 final_options=PROTECT
REPRO     MZ390 final_options=R64
REPRO     MZ390 final_options=NOREFORMAT
REPRO     MZ390 final_options=NOREGS
REPRO     MZ390 final_options=RMODE24
REPRO     MZ390 final_options=NORMODE31
REPRO     MZ390 final_options=STATS
REPRO     MZ390 final_options=NOTEST
REPRO     MZ390 final_options=THREAD
REPRO     MZ390 final_options=NOTIME
REPRO     MZ390 final_options=NOTIMING
REPRO     MZ390 final_options=NOTRACE
REPRO     MZ390 final_options=NOTRACEA
REPRO     MZ390 final_options=NOTRACEALL
REPRO     MZ390 final_options=NOTRACEC
REPRO     MZ390 final_options=NOTRACEG
REPRO     MZ390 final_options=NOTRACEI
REPRO     MZ390 final_options=NOTRACEL
REPRO     MZ390 final_options=NOTRACEM
REPRO     MZ390 final_options=NOTRACEP
REPRO     MZ390 final_options=NOTRACEQ
REPRO     MZ390 final_options=NOTRACES
REPRO     MZ390 final_options=NOTRACET
REPRO     MZ390 final_options=NOTRACEV
REPRO     MZ390 final_options=TRAP
REPRO     MZ390 final_options=NOTRUNC
REPRO     MZ390 final_options=NOTS
REPRO     MZ390 final_options=VCB
REPRO     MZ390 final_options=WARN
REPRO     MZ390 final_options=XREF
REPRO     MZ390 final_options=ZSTRMAC
REPRO     MZ390 final_options=CHKMAC=0
REPRO     MZ390 final_options=CHKSRC=1
REPRO     MZ390 final_options=ERR=100
REPRO     MZ390 final_options=MAXCALL=50
REPRO     MZ390 final_options=MAXDISPLAY=80
REPRO     MZ390 final_options=MAXESD=1000
REPRO     MZ390 final_options=MAXFILE=1000
REPRO     MZ390 final_options=MAXGBL=100000
REPRO     MZ390 final_options=MAXHEIGHT=600
REPRO     MZ390 final_options=MAXLCL=100000
REPRO     MZ390 final_options=MAXLEN=80
REPRO     MZ390 final_options=MAXLINE=200000
REPRO     MZ390 final_options=MAXLOG=1000000
REPRO     MZ390 final_options=MAXPARM=10000
REPRO     MZ390 final_options=MAXPASS=2
REPRO     MZ390 final_options=MAXPC=50000
REPRO     MZ390 final_options=MAXQUE=1000
REPRO     MZ390 final_options=MAXRLD=10000
REPRO     MZ390 final_options=MAXSIZE=52428800
REPRO     MZ390 final_options=MAXSYM=50000
REPRO     MZ390 final_options=MAXWARN=4
REPRO     MZ390 final_options=MAXWIDTH=800
REPRO     MZ390 final_options=MEM=1
REPRO     MZ390 final_options=MINHEIGHT=150
REPRO     MZ390 final_options=MINWIDTH=150
REPRO     MZ390 final_options=MNOTE=0
REPRO     MZ390 final_options=PARM=
***** RT\LINKLIB\SAVE\REPRO.STA
REPRO     EZ390 START
REPRO     EZ390 Copyright 2011 Automated Software Tools Corporation
REPRO     EZ390 z390 is licensed under GNU General Public License
REPRO     EZ390 program = W:\work\z390\linklib\REPRO.390
REPRO     EZ390 options = @..\rtvsam=(notiming stats tracev traceq 
  dump) systerm(w:\work\z390\vsam\test\rtvsam)
REPRO     EZ390 ZSORT ID=1 started= ended=
REPRO     EZ390 ZSORT ID=1 lrecl=13 keys=2
REPRO     EZ390 ZSORT ID=1 records=6 memory= 506610
REPRO     EZ390 ZSORT ID=1 record compares=10 moves=21
REPRO     EZ390 ZSORT ID=1 sorted blocks=1 merge passes=0
REPRO     EZ390 ZSORT ID=1 block writes=0 reads=0
REPRO     EZ390 final_options=ALIGN
REPRO     EZ390 final_options=NOALLOW
REPRO     EZ390 final_options=NOAMODE24
REPRO     EZ390 final_options=AMODE31
REPRO     EZ390 final_options=NOASCII
REPRO     EZ390 final_options=ASM
REPRO     EZ390 final_options=NOASSIST
REPRO     EZ390 final_options=AUTOLINK
REPRO     EZ390 final_options=NOBAL
REPRO     EZ390 final_options=NOBS2000
REPRO     EZ390 final_options=EDF
REPRO     EZ390 final_options=NOCICS
REPRO     EZ390 final_options=CODEPAGE(ISO-8859-1+IBM1047)
REPRO     EZ390 final_options=COMMENT
REPRO     EZ390 final_options=NOCON
REPRO     EZ390 final_options=DUMP
REPRO     EZ390 final_options=EPILOG
REPRO     EZ390 final_options=NOERRSUM
REPRO     EZ390 final_options=EXTEND
REPRO     EZ390 final_options=FLOAT(DECIMAL)
REPRO     EZ390 final_options=NOGUAM
REPRO     EZ390 final_options=INIT
REPRO     EZ390 final_options=LIST
REPRO     EZ390 final_options=LISTCALL
REPRO     EZ390 final_options=LISTUSE
REPRO     EZ390 final_options=LOADHIGH
REPRO     EZ390 final_options=NOMCALL
REPRO     EZ390 final_options=NOMOD
REPRO     EZ390 final_options=OBJ
REPRO     EZ390 final_options=NOOBJHEX
REPRO     EZ390 final_options=PC
REPRO     EZ390 final_options=PCOPT
REPRO     EZ390 final_options=NOPDSMEM8
REPRO     EZ390 final_options=NOPRINTALL
REPRO     EZ390 final_options=PROLOG
REPRO     EZ390 final_options=PROTECT
REPRO     EZ390 final_options=R64
REPRO     EZ390 final_options=NOREFORMAT
REPRO     EZ390 final_options=NOREGS
REPRO     EZ390 final_options=RMODE24
REPRO     EZ390 final_options=NORMODE31
REPRO     EZ390 final_options=STATS
REPRO     EZ390 final_options=NOTEST
REPRO     EZ390 final_options=THREAD
REPRO     EZ390 final_options=NOTIME
REPRO     EZ390 final_options=NOTIMING
REPRO     EZ390 final_options=NOTRACE
REPRO     EZ390 final_options=NOTRACEA
REPRO     EZ390 final_options=NOTRACEALL
REPRO     EZ390 final_options=NOTRACEC
REPRO     EZ390 final_options=NOTRACEG
REPRO     EZ390 final_options=NOTRACEI
REPRO     EZ390 final_options=NOTRACEL
REPRO     EZ390 final_options=NOTRACEM
REPRO     EZ390 final_options=NOTRACEP
REPRO     EZ390 final_options=TRACEQ
REPRO     EZ390 final_options=NOTRACES
REPRO     EZ390 final_options=NOTRACET
REPRO     EZ390 final_options=TRACEV
REPRO     EZ390 final_options=TRAP
REPRO     EZ390 final_options=NOTRUNC
REPRO     EZ390 final_options=NOTS
REPRO     EZ390 final_options=VCB
REPRO     EZ390 final_options=WARN
REPRO     EZ390 final_options=XREF
REPRO     EZ390 final_options=ZSTRMAC
REPRO     EZ390 final_options=CHKMAC=0
REPRO     EZ390 final_options=CHKSRC=1
REPRO     EZ390 final_options=ERR=100
REPRO     EZ390 final_options=MAXCALL=50
REPRO     EZ390 final_options=MAXDISPLAY=80
REPRO     EZ390 final_options=MAXESD=1000
REPRO     EZ390 final_options=MAXFILE=1000
REPRO     EZ390 final_options=MAXGBL=100000
REPRO     EZ390 final_options=MAXHEIGHT=600
REPRO     EZ390 final_options=MAXLCL=100000
REPRO     EZ390 final_options=MAXLEN=80
REPRO     EZ390 final_options=MAXLINE=200000
REPRO     EZ390 final_options=MAXLOG=1000000
REPRO     EZ390 final_options=MAXPARM=10000
REPRO     EZ390 final_options=MAXPASS=2
REPRO     EZ390 final_options=MAXPC=50000
REPRO     EZ390 final_options=MAXQUE=1000
REPRO     EZ390 final_options=MAXRLD=10000
REPRO     EZ390 final_options=MAXSIZE=52428800
REPRO     EZ390 final_options=MAXSYM=50000
REPRO     EZ390 final_options=MAXWARN=4
REPRO     EZ390 final_options=MAXWIDTH=800
*****

