Comparing files LINKLIB\rtlink.ERR and RT\LINKLIB\SAVE\RTLINK.ERR
***** LINKLIB\rtlink.ERR
REPRO     MZ390 START
REPRO     MZ390 ENDED   RC= 0 MEM(MB)= MB IO=20601
REPRO     LZ390 START
REPRO     LZ390 ENDED   RC= 0 MEM(MB)= MB IO=1121
SUPERZAP  MZ390 START
SUPERZAP  MZ390 ENDED   RC= 0 MEM(MB)= MB IO=15903
SUPERZAP  LZ390 START
SUPERZAP  LZ390 ENDED   RC= 0 MEM(MB)= MB IO=2486
SUPERZAP  EZ390 START
SUPERZAP  EZ390 ENDED   RC= 4 MEM(MB)= MB IO=264 INS=1914
SUPERZAP  EZ390 START
SUPERZAP  EZ390 ENDED   RC= 0 MEM(MB)= MB IO=1275 INS=41956
UNREF     MZ390 START
UNREF     MZ390 ENDED   RC= 0 MEM(MB)= MB IO=34025
UNREF     LZ390 START
UNREF     LZ390 ENDED   RC= 0 MEM(MB)= MB IO=3698
FPCONVRT  MZ390 START
***** RT\LINKLIB\SAVE\RTLINK.ERR
REPRO     MZ390 START
REPRO     MZ390 ENDED   RC= 0 MEM(MB)= MB IO=20600
REPRO     LZ390 START
REPRO     LZ390 ENDED   RC= 0 MEM(MB)= MB IO=1120
SUPERZAP  MZ390 START
SUPERZAP  MZ390 ENDED   RC= 0 MEM(MB)= MB IO=15901
SUPERZAP  LZ390 START
SUPERZAP  LZ390 ENDED   RC= 0 MEM(MB)= MB IO=2484
SUPERZAP  EZ390 START
SUPERZAP  EZ390 ENDED   RC= 4 MEM(MB)= MB IO=263 INS=1914
SUPERZAP  EZ390 START
SUPERZAP  EZ390 ENDED   RC= 0 MEM(MB)= MB IO=1274 INS=41956
UNREF     MZ390 START
UNREF     MZ390 ENDED   RC= 0 MEM(MB)= MB IO=34024
UNREF     LZ390 START
UNREF     LZ390 ENDED   RC= 0 MEM(MB)= MB IO=3697
FPCONVRT  MZ390 START
*****

***** LINKLIB\rtlink.ERR
FPCONVRT  AZ390 MNOTE 'ARCHLVL=7 ARCHSFX=G'
FPCONVRT  MZ390 ENDED   RC= 0 MEM(MB)= MB IO=13758
FPCONMFC  MZ390 START
***** RT\LINKLIB\SAVE\RTLINK.ERR
FPCONVRT  AZ390 MNOTE 'ARCHLVL=7 ARCHSFX=G'
FPCONVRT  MZ390 ENDED   RC= 0 MEM(MB)= MB IO=13756
FPCONMFC  MZ390 START
*****

***** LINKLIB\rtlink.ERR
FPCONMFC  AZ390 MNOTE 'ARCHLVL=7 ARCHSFX=G'
FPCONMFC  MZ390 ENDED   RC= 0 MEM(MB)= MB IO=13118
CVTTOHEX  MZ390 START
CVTTOHEX  MZ390 ENDED   RC= 0 MEM(MB)= MB IO=1290
SQXTR     MZ390 START
SQXTR     MZ390 ENDED   RC= 0 MEM(MB)= MB IO=1904
DAT       MZ390 START
DAT       MZ390 ENDED   RC= 0 MEM(MB)= MB IO=1791
IEFBR14   MZ390 START
IEFBR14   MZ390 ENDED   RC= 0 MEM(MB)= MB IO=211
IEFBR14   LZ390 START
IEFBR14   LZ390 ENDED   RC= 0 MEM(MB)= MB IO=165
IEFBR14   EZ390 START
IEFBR14   EZ390 ENDED   RC= 0 MEM(MB)= MB IO=154 INS=3
TESTFPC1  MZ390 START
TESTFPC1  MZ390 ENDED   RC= 0 MEM(MB)= MB IO=81693
TESTFPC1  LZ390 START
TESTFPC1  LZ390 ENDED   RC= 0 MEM(MB)= MB IO=17060
TESTFPC1  EZ390 START
TESTFPC1  EZ390 ENDED   RC= 0 MEM(MB)= MB IO=3288 INS=1128555
TESTFPC2  MZ390 START
TESTFPC2  MZ390 ENDED   RC= 0 MEM(MB)= MB IO=15471
TESTFPC2  LZ390 START
TESTFPC2  LZ390 ENDED   RC= 0 MEM(MB)= MB IO=3756
TESTFPC2  EZ390 START
TESTFPC2  EZ390 ENDED   RC= 0 MEM(MB)= MB IO=598 INS=750133
14:47:03 ABORT     MZ390 START USING z390 V1.5.06 ON J2SE 1.6.0_31 05/21/12
14:47:03 ABORT     MZ390 ENDED   RC= 0 SEC= 0 MEM(MB)= 69 IO=2685
14:47:03 ACCEPT    MZ390 START USING z390 V1.5.06 ON J2SE 1.6.0_31 05/21/12
14:47:04 ACCEPT    MZ390 ENDED   RC= 0 SEC= 0 MEM(MB)= 69 IO=4615
14:47:04 DISPLAY   MZ390 START USING z390 V1.5.06 ON J2SE 1.6.0_31 05/21/12
14:47:04 DISPLAY   MZ390 ENDED   RC= 0 SEC= 0 MEM(MB)= 69 IO=4799
14:47:05 INSPECT   MZ390 START USING z390 V1.5.06 ON J2SE 1.6.0_31 05/21/12
14:47:05 INSPECT   MZ390 ENDED   RC= 0 SEC= 0 MEM(MB)= 69 IO=4029
14:47:05 ZC390NUC  MZ390 START USING z390 V1.5.06 ON J2SE 1.6.0_31 05/21/12
14:47:06 ZC390NUC  MZ390 ENDED   RC= 0 SEC= 0 MEM(MB)= 69 IO=5090
14:47:06 ZC390LIB  MZ390 START USING z390 V1.5.06 ON J2SE 1.6.0_31 05/21/12
14:47:06 ZC390LIB  MZ390 ENDED   RC= 0 SEC= 0 MEM(MB)= 36 IO=575
14:47:06 ZC390LIB  LZ390 START USING z390 V1.5.06 ON J2SE 1.6.0_31 05/21/12
14:47:07 ZC390LIB  LZ390 ENDED   RC= 0 SEC= 0 MEM(MB)= 32 IO=2083
***** RT\LINKLIB\SAVE\RTLINK.ERR
FPCONMFC  AZ390 MNOTE 'ARCHLVL=7 ARCHSFX=G'
FPCONMFC  MZ390 ENDED   RC= 0 MEM(MB)= MB IO=13116
CVTTOHEX  MZ390 START
CVTTOHEX  MZ390 ENDED   RC= 0 MEM(MB)= MB IO=1288
SQXTR     MZ390 START
SQXTR     MZ390 ENDED   RC= 0 MEM(MB)= MB IO=1903
DAT       MZ390 START
DAT       MZ390 ENDED   RC= 0 MEM(MB)= MB IO=1790
IEFBR14   MZ390 START
IEFBR14   MZ390 ENDED   RC= 0 MEM(MB)= MB IO=209
IEFBR14   LZ390 START
IEFBR14   LZ390 ENDED   RC= 0 MEM(MB)= MB IO=163
IEFBR14   EZ390 START
IEFBR14   EZ390 ENDED   RC= 0 MEM(MB)= MB IO=152 INS=3
TESTFPC1  MZ390 START
TESTFPC1  MZ390 ENDED   RC= 0 MEM(MB)= MB IO=81691
TESTFPC1  LZ390 START
TESTFPC1  LZ390 ENDED   RC= 0 MEM(MB)= MB IO=17058
TESTFPC1  EZ390 START
TESTFPC1  EZ390 ENDED   RC= 0 MEM(MB)= MB IO=3285 INS=1128555
TESTFPC2  MZ390 START
TESTFPC2  MZ390 ENDED   RC= 0 MEM(MB)= MB IO=15469
TESTFPC2  LZ390 START
TESTFPC2  LZ390 ENDED   RC= 0 MEM(MB)= MB IO=3754
TESTFPC2  EZ390 START
TESTFPC2  EZ390 ENDED   RC= 0 MEM(MB)= MB IO=595 INS=750133
13:10:03 ABORT     MZ390 START USING z390 V1.5.06 ON J2SE 1.6.0_31 05/21/12
13:10:03 ABORT     MZ390 ENDED   RC= 0 SEC= 0 MEM(MB)= 42 IO=2685
13:10:04 ACCEPT    MZ390 START USING z390 V1.5.06 ON J2SE 1.6.0_31 05/21/12
13:10:04 ACCEPT    MZ390 ENDED   RC= 0 SEC= 0 MEM(MB)= 69 IO=4615
13:10:05 DISPLAY   MZ390 START USING z390 V1.5.06 ON J2SE 1.6.0_31 05/21/12
13:10:06 DISPLAY   MZ390 ENDED   RC= 0 SEC= 1 MEM(MB)= 69 IO=4799
13:10:06 INSPECT   MZ390 START USING z390 V1.5.06 ON J2SE 1.6.0_31 05/21/12
13:10:07 INSPECT   MZ390 ENDED   RC= 0 SEC= 1 MEM(MB)= 69 IO=4029
13:10:07 ZC390NUC  MZ390 START USING z390 V1.5.06 ON J2SE 1.6.0_31 05/21/12
13:10:09 ZC390NUC  MZ390 ENDED   RC= 0 SEC= 1 MEM(MB)= 69 IO=5090
13:10:09 ZC390LIB  MZ390 START USING z390 V1.5.06 ON J2SE 1.6.0_31 05/21/12
13:10:09 ZC390LIB  MZ390 ENDED   RC= 0 SEC= 0 MEM(MB)= 36 IO=575
13:10:09 ZC390LIB  LZ390 START USING z390 V1.5.06 ON J2SE 1.6.0_31 05/21/12
13:10:10 ZC390LIB  LZ390 ENDED   RC= 0 SEC= 0 MEM(MB)= 32 IO=2083
*****

