Comparing files LINKLIB\SQXTR.STA and RT\LINKLIB\SAVE\SQXTR.STA
***** LINKLIB\SQXTR.STA
SQXTR     MZ390 program = linklib\SQXTR.MLC
SQXTR     MZ390 options = bal notiming sysmac(mac) syscpy(mac) stats 
  systerm(linklib\rtlink)
SQXTR     MZ390 final_options=ALIGN
***** RT\LINKLIB\SAVE\SQXTR.STA
SQXTR     MZ390 program = linklib\SQXTR.MLC
SQXTR     MZ390 options = W:\work\z390\z390.OPT=(time(60)) bal notiming sysmac(mac) 
  syscpy(mac) stats systerm(linklib\rtlink)
SQXTR     MZ390 final_options=ALIGN
*****

***** LINKLIB\SQXTR.STA
SQXTR     MZ390 final_options=PROFILE=
SQXTR     MZ390 final_options=STATS=C:\Program Files (x86)\Automated Software Tools\z390\linklib\SQXTR.STA
SQXTR     MZ390 final_options=SYSPARM=
SQXTR     MZ390 final options=SYSTERM=C:\Program Files (x86)\Automated Software Tools\z390\linklib\rtlink.
SQXTR     MZ390 final_options=ERR
SQXTR     MZ390 final_options=TESTDD=
SQXTR     MZ390 final_options=TIME=15
SQXTR     MZ390 final_options=TRACE=
***** RT\LINKLIB\SAVE\SQXTR.STA
SQXTR     MZ390 final_options=PROFILE=
SQXTR     MZ390 final_options=STATS=W:\work\z390\linklib\SQXTR.STA
SQXTR     MZ390 final_options=SYSPARM=
SQXTR     MZ390 final_options=SYSTERM=W:\work\z390\linklib\rtlink.ERR
SQXTR     MZ390 final_options=TESTDD=
SQXTR     MZ390 final_options=TIME=60
SQXTR     MZ390 final_options=TRACE=
*****

***** LINKLIB\SQXTR.STA
SQXTR     MZ390 total pcode exec opt  = 1
SQXTR     MZ390 FID=  1 ERR= 0 C:\Program Files (x86)\Automated Software Tools\z390\linklib\SQXTR.MLC
SQXTR     MZ390 FID=  2 ERR= 0 C:\Program Files (x86)\Automated Software Tools\z390\mac\STX.MAC
SQXTR     MZ390 FID=  3 ERR= 0 C:\Program Files (x86)\Automated Software Tools\z390\mac\LX.MAC
SQXTR     MZ390 FID=  4 ERR= 0 C:\Program Files (x86)\Automated Software Tools\z390\mac\CTD.MAC
SQXTR     MZ390 FID=  5 ERR= 0 C:\Program Files (x86)\Automated Software Tools\z390\mac\SNAP.MAC
SQXTR     MZ390 FID=  6 ERR= 0 C:\Program Files (x86)\Automated Software Tools\z390\mac\ZOPTLR.MAC
SQXTR     MZ390 FID=  7 ERR= 0 C:\Program Files (x86)\Automated Software Tools\z390\mac\EQUREGS.MAC
SQXTR     MZ390 total mnote warnings  = 0
***** RT\LINKLIB\SAVE\SQXTR.STA
SQXTR     MZ390 total pcode exec opt  = 1
SQXTR     MZ390 FID=  1 ERR= 0 W:\work\z390\linklib\SQXTR.MLC
SQXTR     MZ390 FID=  2 ERR= 0 W:\work\z390\mac\STX.MAC
SQXTR     MZ390 FID=  3 ERR= 0 W:\work\z390\mac\LX.MAC
SQXTR     MZ390 FID=  4 ERR= 0 W:\work\z390\mac\CTD.MAC
SQXTR     MZ390 FID=  5 ERR= 0 W:\work\z390\mac\SNAP.MAC
SQXTR     MZ390 FID=  6 ERR= 0 W:\work\z390\mac\ZOPTLR.MAC
SQXTR     MZ390 FID=  7 ERR= 0 W:\work\z390\mac\EQUREGS.MAC
SQXTR     MZ390 total mnote warnings  = 0
*****

***** LINKLIB\SQXTR.STA
SQXTR     AZ390 total az390 errors    = 0
SQXTR     MZ390 ENDED   RC= 0 MEM(MB)= MB IO=1904
***** RT\LINKLIB\SAVE\SQXTR.STA
SQXTR     AZ390 total az390 errors    = 0
SQXTR     MZ390 ENDED   RC= 0 MEM(MB)= MB IO=1903
*****

