Comparing files GUAM\DEMO\DEMOGUI1.LST and RT\GUAM\DEMO\SAVE\DEMOGUI1.LST
***** GUAM\DEMO\DEMOGUI1.LST
DEMOGUI1  LZ390 START
LZ390I Copyright 2011 Automated Software Tools Corporation
LZ390I z390 is licensed under GNU General Public License
LZ390I options = W:\work\z390\z390.OPT=(time(60)) @rt\RT1=(bal notiming stats) guam
LZ390I program = guam\demo\DEMOGUI1.OBJ
***** RT\GUAM\DEMO\SAVE\DEMOGUI1.LST
DEMOGUI1  LZ390 START
LZ390I Copyright 2010 Automated Software Tools Corporation
LZ390I z390 is licensed under GNU General Public License
LZ390I options = @rt\RT1=(bal notiming stats) guam
LZ390I program = guam\demo\DEMOGUI1.OBJ
*****

***** GUAM\DEMO\DEMOGUI1.LST
LZ390I total errors         = 0
DEMOGUI1  LZ390 ENDED   RC= 0 MEM(MB)= MB IO=181
***** RT\GUAM\DEMO\SAVE\DEMOGUI1.LST
LZ390I total errors         = 0
DEMOGUI1  LZ390 ENDED   RC= 0 MEM(MB)= MB IO=178
*****

