Comparing files GUAM\DEMO\DEMOGUI6.STA and RT\GUAM\DEMO\SAVE\DEMOGUI6.STA
***** GUAM\DEMO\DEMOGUI6.STA
DEMOGUI6  MZ390 START
DEMOGUI6  MZ390 Copyright 2011 Automated Software Tools Corporation
DEMOGUI6  MZ390 z390 is licensed under GNU General Public License
***** RT\GUAM\DEMO\SAVE\DEMOGUI6.STA
DEMOGUI6  MZ390 START
DEMOGUI6  MZ390 Copyright 2010 Automated Software Tools Corporation
DEMOGUI6  MZ390 z390 is licensed under GNU General Public License
*****

***** GUAM\DEMO\DEMOGUI6.STA
DEMOGUI6  MZ390 program = guam\demo\DEMOGUI6.MLC
DEMOGUI6  MZ390 options = W:\work\z390\z390.OPT=(time(60)) sysmac(W:\work\z390\mac+.) 
  syscpy(W:\work\z390\mac+.) @rt\RT1=(bal notiming stats) guam
***** RT\GUAM\DEMO\SAVE\DEMOGUI6.STA
DEMOGUI6  MZ390 program = guam\demo\DEMOGUI6.MLC
DEMOGUI6  MZ390 options = sysmac(W:\work\z390\mac+.) 
  syscpy(W:\work\z390\mac+.) @rt\RT1=(bal notiming stats) guam
*****

***** GUAM\DEMO\DEMOGUI6.STA
DEMOGUI6  MZ390 final_options=PCOPT
DEMOGUI6  MZ390 final_options=NOPDSMEM8
DEMOGUI6  MZ390 final_options=NOPRINTALL
***** RT\GUAM\DEMO\SAVE\DEMOGUI6.STA
DEMOGUI6  MZ390 final_options=PCOPT
DEMOGUI6  MZ390 final_options=NOPRINTALL
*****

***** GUAM\DEMO\DEMOGUI6.STA
DEMOGUI6  MZ390 final_options=NOTRACEG
DEMOGUI6  MZ390 final_options=NOTRACEI
DEMOGUI6  MZ390 final_options=NOTRACEL
***** RT\GUAM\DEMO\SAVE\DEMOGUI6.STA
DEMOGUI6  MZ390 final_options=NOTRACEG
DEMOGUI6  MZ390 final_options=NOTRACEL
*****

***** GUAM\DEMO\DEMOGUI6.STA
DEMOGUI6  MZ390 final_options=MINWIDTH=150
DEMOGUI6  MZ390 final_options=MNOTE=0
DEMOGUI6  MZ390 final_options=PARM=
***** RT\GUAM\DEMO\SAVE\DEMOGUI6.STA
DEMOGUI6  MZ390 final_options=MINWIDTH=150
DEMOGUI6  MZ390 final_options=PARM=
*****

***** GUAM\DEMO\DEMOGUI6.STA
DEMOGUI6  MZ390 final_options=TESTDD=
DEMOGUI6  MZ390 final_options=TIME=60
DEMOGUI6  MZ390 final_options=TRACE=
***** RT\GUAM\DEMO\SAVE\DEMOGUI6.STA
DEMOGUI6  MZ390 final_options=TESTDD=
DEMOGUI6  MZ390 final_options=TIME=15
DEMOGUI6  MZ390 final_options=TRACE=
*****

***** GUAM\DEMO\DEMOGUI6.STA
DEMOGUI6  MZ390 total array expansions= 0
DEMOGUI6  MZ390 total Keys            = 2449
DEMOGUI6  MZ390 Key searches          = 13750
DEMOGUI6  MZ390 Key avg comps         = 0
***** RT\GUAM\DEMO\SAVE\DEMOGUI6.STA
DEMOGUI6  MZ390 total array expansions= 0
DEMOGUI6  MZ390 total Keys            = 2311
DEMOGUI6  MZ390 Key searches          = 13612
DEMOGUI6  MZ390 Key avg comps         = 0
*****

***** GUAM\DEMO\DEMOGUI6.STA
DEMOGUI6  AZ390 alloc passes          = 2
DEMOGUI6  AZ390 Keys                  = 1481
DEMOGUI6  AZ390 Key searches          = 4655
DEMOGUI6  AZ390 Key avg comps         = 0
***** RT\GUAM\DEMO\SAVE\DEMOGUI6.STA
DEMOGUI6  AZ390 alloc passes          = 2
DEMOGUI6  AZ390 Keys                  = 1343
DEMOGUI6  AZ390 Key searches          = 4517
DEMOGUI6  AZ390 Key avg comps         = 0
*****

***** GUAM\DEMO\DEMOGUI6.STA
DEMOGUI6  AZ390 total az390 errors    = 0
DEMOGUI6  MZ390 ENDED   RC= 0 MEM(MB)= MB IO=4814
DEMOGUI6  LZ390 START
DEMOGUI6  LZ390 Copyright 2011 Automated Software Tools Corporation
DEMOGUI6  LZ390 z390 is licensed under GNU General Public License
DEMOGUI6  LZ390 options = W:\work\z390\z390.OPT=(time(60)) @rt\RT1=(bal notiming stats) guam
DEMOGUI6  LZ390 program = guam\demo\DEMOGUI6.OBJ
***** RT\GUAM\DEMO\SAVE\DEMOGUI6.STA
DEMOGUI6  AZ390 total az390 errors    = 0
DEMOGUI6  MZ390 ENDED   RC= 0 MEM(MB)= MB IO=4811
DEMOGUI6  LZ390 START
DEMOGUI6  LZ390 Copyright 2010 Automated Software Tools Corporation
DEMOGUI6  LZ390 z390 is licensed under GNU General Public License
DEMOGUI6  LZ390 options = @rt\RT1=(bal notiming stats) guam
DEMOGUI6  LZ390 program = guam\demo\DEMOGUI6.OBJ
*****

***** GUAM\DEMO\DEMOGUI6.STA
DEMOGUI6  LZ390 final_options=PCOPT
DEMOGUI6  LZ390 final_options=NOPDSMEM8
DEMOGUI6  LZ390 final_options=NOPRINTALL
***** RT\GUAM\DEMO\SAVE\DEMOGUI6.STA
DEMOGUI6  LZ390 final_options=PCOPT
DEMOGUI6  LZ390 final_options=NOPRINTALL
*****

***** GUAM\DEMO\DEMOGUI6.STA
DEMOGUI6  LZ390 final_options=NOTRACEG
DEMOGUI6  LZ390 final_options=NOTRACEI
DEMOGUI6  LZ390 final_options=NOTRACEL
***** RT\GUAM\DEMO\SAVE\DEMOGUI6.STA
DEMOGUI6  LZ390 final_options=NOTRACEG
DEMOGUI6  LZ390 final_options=NOTRACEL
*****

***** GUAM\DEMO\DEMOGUI6.STA
DEMOGUI6  LZ390 final_options=MINWIDTH=150
DEMOGUI6  LZ390 final_options=MNOTE=0
DEMOGUI6  LZ390 final_options=PARM=
***** RT\GUAM\DEMO\SAVE\DEMOGUI6.STA
DEMOGUI6  LZ390 final_options=MINWIDTH=150
DEMOGUI6  LZ390 final_options=PARM=
*****

***** GUAM\DEMO\DEMOGUI6.STA
DEMOGUI6  LZ390 final_options=TESTDD=
DEMOGUI6  LZ390 final_options=TIME=60
DEMOGUI6  LZ390 final_options=TRACE=
***** RT\GUAM\DEMO\SAVE\DEMOGUI6.STA
DEMOGUI6  LZ390 final_options=TESTDD=
DEMOGUI6  LZ390 final_options=TIME=15
DEMOGUI6  LZ390 final_options=TRACE=
*****

***** GUAM\DEMO\DEMOGUI6.STA
DEMOGUI6  LZ390 total errors          = 0
DEMOGUI6  LZ390 ENDED   RC= 0 MEM(MB)= MB IO=255
DEMOGUI6  EZ390 START
DEMOGUI6  EZ390 Copyright 2011 Automated Software Tools Corporation
DEMOGUI6  EZ390 z390 is licensed under GNU General Public License
***** RT\GUAM\DEMO\SAVE\DEMOGUI6.STA
DEMOGUI6  LZ390 total errors          = 0
DEMOGUI6  LZ390 ENDED   RC= 0 MEM(MB)= MB IO=252
DEMOGUI6  EZ390 START
DEMOGUI6  EZ390 Copyright 2010 Automated Software Tools Corporation
DEMOGUI6  EZ390 z390 is licensed under GNU General Public License
*****

***** GUAM\DEMO\DEMOGUI6.STA
DEMOGUI6  EZ390 program = guam\demo\DEMOGUI6.390
DEMOGUI6  EZ390 options = W:\work\z390\z390.OPT=(time(60)) @rt\RT1=(bal notiming stats) guam
DEMOGUI6  EZ390 final_options=ALIGN
***** RT\GUAM\DEMO\SAVE\DEMOGUI6.STA
DEMOGUI6  EZ390 program = guam\demo\DEMOGUI6.390
DEMOGUI6  EZ390 options = @rt\RT1=(bal notiming stats) guam
DEMOGUI6  EZ390 final_options=ALIGN
*****

***** GUAM\DEMO\DEMOGUI6.STA
DEMOGUI6  EZ390 final_options=PCOPT
DEMOGUI6  EZ390 final_options=NOPDSMEM8
DEMOGUI6  EZ390 final_options=NOPRINTALL
***** RT\GUAM\DEMO\SAVE\DEMOGUI6.STA
DEMOGUI6  EZ390 final_options=PCOPT
DEMOGUI6  EZ390 final_options=NOPRINTALL
*****

***** GUAM\DEMO\DEMOGUI6.STA
DEMOGUI6  EZ390 final_options=NOTRACEG
DEMOGUI6  EZ390 final_options=NOTRACEI
DEMOGUI6  EZ390 final_options=NOTRACEL
***** RT\GUAM\DEMO\SAVE\DEMOGUI6.STA
DEMOGUI6  EZ390 final_options=NOTRACEG
DEMOGUI6  EZ390 final_options=NOTRACEL
*****

***** GUAM\DEMO\DEMOGUI6.STA
DEMOGUI6  EZ390 final_options=MINWIDTH=150
DEMOGUI6  EZ390 final_options=MNOTE=0
DEMOGUI6  EZ390 final_options=PARM=
***** RT\GUAM\DEMO\SAVE\DEMOGUI6.STA
DEMOGUI6  EZ390 final_options=MINWIDTH=150
DEMOGUI6  EZ390 final_options=PARM=
*****

***** GUAM\DEMO\DEMOGUI6.STA
DEMOGUI6  EZ390 final_options=TESTDD=
DEMOGUI6  EZ390 final_options=TIME=60
DEMOGUI6  EZ390 final_options=TRACE=
***** RT\GUAM\DEMO\SAVE\DEMOGUI6.STA
DEMOGUI6  EZ390 final_options=TESTDD=
DEMOGUI6  EZ390 final_options=TIME=15
DEMOGUI6  EZ390 final_options=TRACE=
*****

***** GUAM\DEMO\DEMOGUI6.STA
DEMOGUI6  EZ390 VSAM operations       = 0
DEMOGUI6  EZ390 Keys                  = 2467
DEMOGUI6  EZ390 Key searches          = 2
***** RT\GUAM\DEMO\SAVE\DEMOGUI6.STA
DEMOGUI6  EZ390 VSAM operations       = 0
DEMOGUI6  EZ390 Keys                  = 2212
DEMOGUI6  EZ390 Key searches          = 2
*****

***** GUAM\DEMO\DEMOGUI6.STA
DEMOGUI6  EZ390 total errors          = 0
DEMOGUI6  EZ390 ENDED   RC= 0 MEM(MB)= MB IO=151 INS=34
***** RT\GUAM\DEMO\SAVE\DEMOGUI6.STA
DEMOGUI6  EZ390 total errors          = 0
DEMOGUI6  EZ390 ENDED   RC= 0 MEM(MB)= MB IO=148 INS=34
*****

