Comparing files MFACC\P11DSH2.STA and RT\MFACC\SAVE\P11DSH2.STA
***** MFACC\P11DSH2.STA
P11DSH2   MZ390 program = mfacc\P11DSH2.MLC
P11DSH2   MZ390 options = sysmac(C:\PROGRA~2\AUTOMA~1\z390\mac+.) 
  syscpy(C:\PROGRA~2\AUTOMA~1\z390\mac+.) @rt\RT1=(bal notiming stats) 
  SYSCPY(mfacc+mac) systerm(mfacc\rtmfacc)
P11DSH2   MZ390 final_options=ALIGN
***** RT\MFACC\SAVE\P11DSH2.STA
P11DSH2   MZ390 program = mfacc\P11DSH2.MLC
P11DSH2   MZ390 options = W:\work\z390\z390.OPT=(time(60)) sysmac(W:\work\z390\mac+.) 
  syscpy(W:\work\z390\mac+.) @rt\RT1=(bal notiming stats) SYSCPY(mfacc+mac) 
  systerm(mfacc\rtmfacc)
P11DSH2   MZ390 final_options=ALIGN
*****

***** MFACC\P11DSH2.STA
P11DSH2   MZ390 final_options=PROFILE=
P11DSH2   MZ390 final_options=STATS=C:\Program Files (x86)\Automated Software Tools\z390\mfacc\P11DSH2.STA
P11DSH2   MZ390 final_options=SYSPARM=
P11DSH2   MZ390 final options=SYSTERM=C:\Program Files (x86)\Automated Software Tools\z390\mfacc\rtmfacc.E
P11DSH2   MZ390 final_options=RR
P11DSH2   MZ390 final_options=TESTDD=
P11DSH2   MZ390 final_options=TIME=15
P11DSH2   MZ390 final_options=TRACE=
***** RT\MFACC\SAVE\P11DSH2.STA
P11DSH2   MZ390 final_options=PROFILE=
P11DSH2   MZ390 final_options=STATS=W:\work\z390\mfacc\P11DSH2.STA
P11DSH2   MZ390 final_options=SYSPARM=
P11DSH2   MZ390 final_options=SYSTERM=W:\work\z390\mfacc\rtmfacc.ERR
P11DSH2   MZ390 final_options=TESTDD=
P11DSH2   MZ390 final_options=TIME=60
P11DSH2   MZ390 final_options=TRACE=
*****

***** MFACC\P11DSH2.STA
P11DSH2   MZ390 final_options=SYSLST=mfacc\
P11DSH2   MZ390 final_options=SYSMAC=C:\PROGRA~2\AUTOMA~1\z390\mac+.
P11DSH2   MZ390 final_options=SYSMLC=mfacc\
***** RT\MFACC\SAVE\P11DSH2.STA
P11DSH2   MZ390 final_options=SYSLST=mfacc\
P11DSH2   MZ390 final_options=SYSMAC=W:\work\z390\mac+.
P11DSH2   MZ390 final_options=SYSMLC=mfacc\
*****

***** MFACC\P11DSH2.STA
P11DSH2   MZ390 total pcode exec opt  = 0
P11DSH2   MZ390 FID=  1 ERR= 0 C:\Program Files (x86)\Automated Software Tools\z390\mfacc\P11DSH2.MLC
P11DSH2   MZ390 FID=  2 ERR= 0 C:\Program Files (x86)\Automated Software Tools\z390\mfacc\OPCODES.CPY
P11DSH2   MZ390 FID=  3 ERR= 0 C:\PROGRA~2\AUTOMA~1\z390\mac\ZMFACC.MAC
P11DSH2   MZ390 FID=  4 ERR= 0 C:\PROGRA~2\AUTOMA~1\z390\mac\WTO.MAC
P11DSH2   MZ390 FID=  5 ERR= 0 C:\PROGRA~2\AUTOMA~1\z390\mac\SNAP.MAC
P11DSH2   MZ390 total mnote warnings  = 1
***** RT\MFACC\SAVE\P11DSH2.STA
P11DSH2   MZ390 total pcode exec opt  = 0
P11DSH2   MZ390 FID=  1 ERR= 0 W:\work\z390\mfacc\P11DSH2.MLC
P11DSH2   MZ390 FID=  2 ERR= 0 W:\work\z390\mfacc\OPCODES.CPY
P11DSH2   MZ390 FID=  3 ERR= 0 W:\work\z390\mac\ZMFACC.MAC
P11DSH2   MZ390 FID=  4 ERR= 0 W:\work\z390\mac\WTO.MAC
P11DSH2   MZ390 FID=  5 ERR= 0 W:\work\z390\mac\SNAP.MAC
P11DSH2   MZ390 total mnote warnings  = 1
*****

***** MFACC\P11DSH2.STA
P11DSH2   AZ390 total az390 errors    = 0
P11DSH2   MZ390 ENDED   RC= 4 MEM(MB)= MB IO=16103
P11DSH2   LZ390 START
***** RT\MFACC\SAVE\P11DSH2.STA
P11DSH2   AZ390 total az390 errors    = 0
P11DSH2   MZ390 ENDED   RC= 4 MEM(MB)= MB IO=16102
P11DSH2   LZ390 START
*****

***** MFACC\P11DSH2.STA
P11DSH2   LZ390 z390 is licensed under GNU General Public License
P11DSH2   LZ390 options = @rt\RT1=(bal notiming stats) 
  SYSCPY(mfacc+mac) systerm(mfacc\rtmfacc)
***** RT\MFACC\SAVE\P11DSH2.STA
P11DSH2   LZ390 z390 is licensed under GNU General Public License
P11DSH2   LZ390 options = W:\work\z390\z390.OPT=(time(60)) @rt\RT1=(bal notiming stats) 
  SYSCPY(mfacc+mac) systerm(mfacc\rtmfacc)
*****

***** MFACC\P11DSH2.STA
P11DSH2   LZ390 final_options=PROFILE=
P11DSH2   LZ390 final_options=STATS=C:\Program Files (x86)\Automated Software Tools\z390\mfacc\P11DSH2.STA
P11DSH2   LZ390 final_options=SYSPARM=
P11DSH2   LZ390 final options=SYSTERM=C:\Program Files (x86)\Automated Software Tools\z390\mfacc\rtmfacc.E
P11DSH2   LZ390 final_options=RR
P11DSH2   LZ390 final_options=TESTDD=
P11DSH2   LZ390 final_options=TIME=15
P11DSH2   LZ390 final_options=TRACE=
***** RT\MFACC\SAVE\P11DSH2.STA
P11DSH2   LZ390 final_options=PROFILE=
P11DSH2   LZ390 final_options=STATS=W:\work\z390\mfacc\P11DSH2.STA
P11DSH2   LZ390 final_options=SYSPARM=
P11DSH2   LZ390 final_options=SYSTERM=W:\work\z390\mfacc\rtmfacc.ERR
P11DSH2   LZ390 final_options=TESTDD=
P11DSH2   LZ390 final_options=TIME=60
P11DSH2   LZ390 final_options=TRACE=
*****

***** MFACC\P11DSH2.STA
P11DSH2   LZ390 total errors          = 0
P11DSH2   LZ390 ENDED   RC= 0 MEM(MB)= MB IO=3080
P11DSH2   EZ390 START
***** RT\MFACC\SAVE\P11DSH2.STA
P11DSH2   LZ390 total errors          = 0
P11DSH2   LZ390 ENDED   RC= 0 MEM(MB)= MB IO=3079
P11DSH2   EZ390 START
*****

***** MFACC\P11DSH2.STA
P11DSH2   EZ390 program = mfacc\P11DSH2.390
P11DSH2   EZ390 options = @rt\RT1=(bal notiming stats) 
  SYSCPY(mfacc+mac) systerm(mfacc\rtmfacc)
***** RT\MFACC\SAVE\P11DSH2.STA
P11DSH2   EZ390 program = mfacc\P11DSH2.390
P11DSH2   EZ390 options = W:\work\z390\z390.OPT=(time(60)) @rt\RT1=(bal notiming stats) 
  SYSCPY(mfacc+mac) systerm(mfacc\rtmfacc)
*****

***** MFACC\P11DSH2.STA
P11DSH2   EZ390 final_options=PROFILE=
P11DSH2   EZ390 final_options=STATS=C:\Program Files (x86)\Automated Software Tools\z390\mfacc\P11DSH2.STA
P11DSH2   EZ390 final_options=SYSPARM=
P11DSH2   EZ390 final options=SYSTERM=C:\Program Files (x86)\Automated Software Tools\z390\mfacc\rtmfacc.E
P11DSH2   EZ390 final_options=RR
P11DSH2   EZ390 final_options=TESTDD=
P11DSH2   EZ390 final_options=TIME=15
P11DSH2   EZ390 final_options=TRACE=
***** RT\MFACC\SAVE\P11DSH2.STA
P11DSH2   EZ390 final_options=PROFILE=
P11DSH2   EZ390 final_options=STATS=W:\work\z390\mfacc\P11DSH2.STA
P11DSH2   EZ390 final_options=SYSPARM=
P11DSH2   EZ390 final_options=SYSTERM=W:\work\z390\mfacc\rtmfacc.ERR
P11DSH2   EZ390 final_options=TESTDD=
P11DSH2   EZ390 final_options=TIME=60
P11DSH2   EZ390 final_options=TRACE=
*****

***** MFACC\P11DSH2.STA
P11DSH2   EZ390 final_options=IPL=
P11DSH2   EZ390 final_options=LOG=C:\Program Files (x86)\Automated Software Tools\z390\mfacc\P11DSH2.LOG
P11DSH2   EZ390 final_options=SYS390=mfacc\+linklib
***** RT\MFACC\SAVE\P11DSH2.STA
P11DSH2   EZ390 final_options=IPL=
P11DSH2   EZ390 final_options=LOG=W:\work\z390\mfacc\P11DSH2.LOG
P11DSH2   EZ390 final_options=SYS390=mfacc\+linklib
*****

***** MFACC\P11DSH2.STA
P11DSH2   EZ390 total errors          = 0
P11DSH2   EZ390 ENDED   RC= 0 MEM(MB)= MB IO=168 INS=1181713
***** RT\MFACC\SAVE\P11DSH2.STA
P11DSH2   EZ390 total errors          = 0
P11DSH2   EZ390 ENDED   RC= 0 MEM(MB)= MB IO=167 INS=1181713
*****

