Comparing files MFACC\P14MW1.STA and RT\MFACC\SAVE\P14MW1.STA
***** MFACC\P14MW1.STA
P14MW1    MZ390 program = mfacc\P14MW1.MLC
P14MW1    MZ390 options = sysmac(C:\PROGRA~2\AUTOMA~1\z390\mac+.) 
  syscpy(C:\PROGRA~2\AUTOMA~1\z390\mac+.) @rt\RT1=(bal notiming stats) 
  systerm(mfacc\rtmfacc)
***** RT\MFACC\SAVE\P14MW1.STA
P14MW1    MZ390 program = mfacc\P14MW1.MLC
P14MW1    MZ390 options = W:\work\z390\z390.OPT=(time(60)) sysmac(W:\work\z390\mac+.) 
  syscpy(W:\work\z390\mac+.) @rt\RT1=(bal notiming stats) 
  systerm(mfacc\rtmfacc)
*****

***** MFACC\P14MW1.STA
P14MW1    MZ390 final_options=PROFILE=
P14MW1    MZ390 final_options=STATS=C:\Program Files (x86)\Automated Software Tools\z390\mfacc\P14MW1.STA
P14MW1    MZ390 final_options=SYSPARM=
P14MW1    MZ390 final options=SYSTERM=C:\Program Files (x86)\Automated Software Tools\z390\mfacc\rtmfacc.E
P14MW1    MZ390 final_options=RR
P14MW1    MZ390 final_options=TESTDD=
P14MW1    MZ390 final_options=TIME=15
P14MW1    MZ390 final_options=TRACE=
***** RT\MFACC\SAVE\P14MW1.STA
P14MW1    MZ390 final_options=PROFILE=
P14MW1    MZ390 final_options=STATS=W:\work\z390\mfacc\P14MW1.STA
P14MW1    MZ390 final_options=SYSPARM=
P14MW1    MZ390 final_options=SYSTERM=W:\work\z390\mfacc\rtmfacc.ERR
P14MW1    MZ390 final_options=TESTDD=
P14MW1    MZ390 final_options=TIME=60
P14MW1    MZ390 final_options=TRACE=
*****

***** MFACC\P14MW1.STA
P14MW1    MZ390 final_options=SYSBAL=mfacc\
P14MW1    MZ390 final_options=SYSCPY=C:\PROGRA~2\AUTOMA~1\z390\mac+.
P14MW1    MZ390 final_options=SYSDAT=mfacc\
***** RT\MFACC\SAVE\P14MW1.STA
P14MW1    MZ390 final_options=SYSBAL=mfacc\
P14MW1    MZ390 final_options=SYSCPY=W:\work\z390\mac+.
P14MW1    MZ390 final_options=SYSDAT=mfacc\
*****

***** MFACC\P14MW1.STA
P14MW1    MZ390 final_options=SYSLST=mfacc\
P14MW1    MZ390 final_options=SYSMAC=C:\PROGRA~2\AUTOMA~1\z390\mac+.
P14MW1    MZ390 final_options=SYSMLC=mfacc\
***** RT\MFACC\SAVE\P14MW1.STA
P14MW1    MZ390 final_options=SYSLST=mfacc\
P14MW1    MZ390 final_options=SYSMAC=W:\work\z390\mac+.
P14MW1    MZ390 final_options=SYSMLC=mfacc\
*****

***** MFACC\P14MW1.STA
P14MW1    MZ390 total pcode exec opt  = 0
P14MW1    MZ390 FID=  1 ERR= 0 C:\Program Files (x86)\Automated Software Tools\z390\mfacc\P14MW1.MLC
P14MW1    MZ390 FID=  2 ERR= 0 C:\PROGRA~2\AUTOMA~1\z390\mac\ZMFACC.MAC
P14MW1    MZ390 FID=  3 ERR= 0 C:\PROGRA~2\AUTOMA~1\z390\mac\WTO.MAC
P14MW1    MZ390 FID=  4 ERR= 0 C:\PROGRA~2\AUTOMA~1\z390\mac\SNAP.MAC
P14MW1    MZ390 total mnote warnings  = 0
***** RT\MFACC\SAVE\P14MW1.STA
P14MW1    MZ390 total pcode exec opt  = 0
P14MW1    MZ390 FID=  1 ERR= 0 W:\work\z390\mfacc\P14MW1.MLC
P14MW1    MZ390 FID=  2 ERR= 0 W:\work\z390\mac\ZMFACC.MAC
P14MW1    MZ390 FID=  3 ERR= 0 W:\work\z390\mac\WTO.MAC
P14MW1    MZ390 FID=  4 ERR= 0 W:\work\z390\mac\SNAP.MAC
P14MW1    MZ390 total mnote warnings  = 0
*****

***** MFACC\P14MW1.STA
P14MW1    AZ390 total az390 errors    = 0
P14MW1    MZ390 ENDED   RC= 0 MEM(MB)= MB IO=2385
P14MW1    LZ390 START
***** RT\MFACC\SAVE\P14MW1.STA
P14MW1    AZ390 total az390 errors    = 0
P14MW1    MZ390 ENDED   RC= 0 MEM(MB)= MB IO=2384
P14MW1    LZ390 START
*****

***** MFACC\P14MW1.STA
P14MW1    LZ390 z390 is licensed under GNU General Public License
P14MW1    LZ390 options = @rt\RT1=(bal notiming stats) 
  systerm(mfacc\rtmfacc)
***** RT\MFACC\SAVE\P14MW1.STA
P14MW1    LZ390 z390 is licensed under GNU General Public License
P14MW1    LZ390 options = W:\work\z390\z390.OPT=(time(60)) @rt\RT1=(bal notiming stats) 
  systerm(mfacc\rtmfacc)
*****

***** MFACC\P14MW1.STA
P14MW1    LZ390 final_options=PROFILE=
P14MW1    LZ390 final_options=STATS=C:\Program Files (x86)\Automated Software Tools\z390\mfacc\P14MW1.STA
P14MW1    LZ390 final_options=SYSPARM=
P14MW1    LZ390 final options=SYSTERM=C:\Program Files (x86)\Automated Software Tools\z390\mfacc\rtmfacc.E
P14MW1    LZ390 final_options=RR
P14MW1    LZ390 final_options=TESTDD=
P14MW1    LZ390 final_options=TIME=15
P14MW1    LZ390 final_options=TRACE=
***** RT\MFACC\SAVE\P14MW1.STA
P14MW1    LZ390 final_options=PROFILE=
P14MW1    LZ390 final_options=STATS=W:\work\z390\mfacc\P14MW1.STA
P14MW1    LZ390 final_options=SYSPARM=
P14MW1    LZ390 final_options=SYSTERM=W:\work\z390\mfacc\rtmfacc.ERR
P14MW1    LZ390 final_options=TESTDD=
P14MW1    LZ390 final_options=TIME=60
P14MW1    LZ390 final_options=TRACE=
*****

***** MFACC\P14MW1.STA
P14MW1    LZ390 total errors          = 0
P14MW1    LZ390 ENDED   RC= 0 MEM(MB)= MB IO=270
P14MW1    EZ390 START
***** RT\MFACC\SAVE\P14MW1.STA
P14MW1    LZ390 total errors          = 0
P14MW1    LZ390 ENDED   RC= 0 MEM(MB)= MB IO=269
P14MW1    EZ390 START
*****

***** MFACC\P14MW1.STA
P14MW1    EZ390 program = mfacc\P14MW1.390
P14MW1    EZ390 options = @rt\RT1=(bal notiming stats) 
  systerm(mfacc\rtmfacc)
***** RT\MFACC\SAVE\P14MW1.STA
P14MW1    EZ390 program = mfacc\P14MW1.390
P14MW1    EZ390 options = W:\work\z390\z390.OPT=(time(60)) @rt\RT1=(bal notiming stats) 
  systerm(mfacc\rtmfacc)
*****

***** MFACC\P14MW1.STA
P14MW1    EZ390 final_options=PROFILE=
P14MW1    EZ390 final_options=STATS=C:\Program Files (x86)\Automated Software Tools\z390\mfacc\P14MW1.STA
P14MW1    EZ390 final_options=SYSPARM=
P14MW1    EZ390 final options=SYSTERM=C:\Program Files (x86)\Automated Software Tools\z390\mfacc\rtmfacc.E
P14MW1    EZ390 final_options=RR
P14MW1    EZ390 final_options=TESTDD=
P14MW1    EZ390 final_options=TIME=15
P14MW1    EZ390 final_options=TRACE=
***** RT\MFACC\SAVE\P14MW1.STA
P14MW1    EZ390 final_options=PROFILE=
P14MW1    EZ390 final_options=STATS=W:\work\z390\mfacc\P14MW1.STA
P14MW1    EZ390 final_options=SYSPARM=
P14MW1    EZ390 final_options=SYSTERM=W:\work\z390\mfacc\rtmfacc.ERR
P14MW1    EZ390 final_options=TESTDD=
P14MW1    EZ390 final_options=TIME=60
P14MW1    EZ390 final_options=TRACE=
*****

***** MFACC\P14MW1.STA
P14MW1    EZ390 final_options=IPL=
P14MW1    EZ390 final_options=LOG=C:\Program Files (x86)\Automated Software Tools\z390\mfacc\P14MW1.LOG
P14MW1    EZ390 final_options=SYS390=mfacc\+linklib
***** RT\MFACC\SAVE\P14MW1.STA
P14MW1    EZ390 final_options=IPL=
P14MW1    EZ390 final_options=LOG=W:\work\z390\mfacc\P14MW1.LOG
P14MW1    EZ390 final_options=SYS390=mfacc\+linklib
*****

***** MFACC\P14MW1.STA
P14MW1    EZ390 total errors          = 0
P14MW1    EZ390 ENDED   RC= 0 MEM(MB)= MB IO=167 INS=40
***** RT\MFACC\SAVE\P14MW1.STA
P14MW1    EZ390 total errors          = 0
P14MW1    EZ390 ENDED   RC= 0 MEM(MB)= MB IO=166 INS=40
*****

