Comparing files MFACC\rtmfacc.ERR and RT\MFACC\SAVE\RTMFACC.ERR
***** MFACC\rtmfacc.ERR
P10DSH1   AZ390 MNOTE 'ZRUNSYS=390'                          DSH2
P10DSH1   MZ390 ENDED   RC= 4 MEM(MB)= MB IO=2753
P10DSH1   LZ390 START
P10DSH1   LZ390 ENDED   RC= 0 MEM(MB)= MB IO=502
P10DSH1   EZ390 START
P10DSH1   EZ390 ENDED   RC= 0 MEM(MB)= MB IO=267 INS=421
P10DSH2   MZ390 START
***** RT\MFACC\SAVE\RTMFACC.ERR
P10DSH1   AZ390 MNOTE 'ZRUNSYS=390'                          DSH2
P10DSH1   MZ390 ENDED   RC= 4 MEM(MB)= MB IO=2752
P10DSH1   LZ390 START
P10DSH1   LZ390 ENDED   RC= 0 MEM(MB)= MB IO=501
P10DSH1   EZ390 START
P10DSH1   EZ390 ENDED   RC= 0 MEM(MB)= MB IO=266 INS=421
P10DSH2   MZ390 START
*****

***** MFACC\rtmfacc.ERR
P10DSH2   AZ390 MNOTE 'ZRUNSYS=390'                          DSH2
P10DSH2   MZ390 ENDED   RC= 4 MEM(MB)= MB IO=2693
P10DSH2   LZ390 START
P10DSH2   LZ390 ENDED   RC= 0 MEM(MB)= MB IO=496
P10DSH2   EZ390 START
P10DSH2   EZ390 ENDED   RC= 0 MEM(MB)= MB IO=266 INS=350
P10MB1    MZ390 START
***** RT\MFACC\SAVE\RTMFACC.ERR
P10DSH2   AZ390 MNOTE 'ZRUNSYS=390'                          DSH2
P10DSH2   MZ390 ENDED   RC= 4 MEM(MB)= MB IO=2692
P10DSH2   LZ390 START
P10DSH2   LZ390 ENDED   RC= 0 MEM(MB)= MB IO=495
P10DSH2   EZ390 START
P10DSH2   EZ390 ENDED   RC= 0 MEM(MB)= MB IO=265 INS=350
P10MB1    MZ390 START
*****

***** MFACC\rtmfacc.ERR
P10MB1    AZ390 MNOTE 'ZRUNSYS=390'                          DSH2
P10MB1    MZ390 ENDED   RC= 4 MEM(MB)= MB IO=2255
P10MB1    LZ390 START
P10MB1    LZ390 ENDED   RC= 0 MEM(MB)= MB IO=266
P10MB1    EZ390 START
P10MB1    EZ390 ENDED   RC= 0 MEM(MB)= MB IO=170 INS=48
P11MODEL  MZ390 START
***** RT\MFACC\SAVE\RTMFACC.ERR
P10MB1    AZ390 MNOTE 'ZRUNSYS=390'                          DSH2
P10MB1    MZ390 ENDED   RC= 4 MEM(MB)= MB IO=2254
P10MB1    LZ390 START
P10MB1    LZ390 ENDED   RC= 0 MEM(MB)= MB IO=265
P10MB1    EZ390 START
P10MB1    EZ390 ENDED   RC= 0 MEM(MB)= MB IO=169 INS=48
P11MODEL  MZ390 START
*****

***** MFACC\rtmfacc.ERR
P11MODEL  AZ390 MNOTE 'ZRUNSYS=390'                          DSH2
P11MODEL  MZ390 ENDED   RC= 4 MEM(MB)= MB IO=13285
P11MODEL  LZ390 START
P11MODEL  LZ390 ENDED   RC= 0 MEM(MB)= MB IO=1320
P11MODEL  EZ390 START
P11MODEL  EZ390 ENDED   RC= 0 MEM(MB)= MB IO=167 INS=689307
P11FIND1  MZ390 START
***** RT\MFACC\SAVE\RTMFACC.ERR
P11MODEL  AZ390 MNOTE 'ZRUNSYS=390'                          DSH2
P11MODEL  MZ390 ENDED   RC= 4 MEM(MB)= MB IO=13283
P11MODEL  LZ390 START
P11MODEL  LZ390 ENDED   RC= 0 MEM(MB)= MB IO=1318
P11MODEL  EZ390 START
P11MODEL  EZ390 ENDED   RC= 0 MEM(MB)= MB IO=165 INS=689307
P11FIND1  MZ390 START
*****

***** MFACC\rtmfacc.ERR
P11FIND1  AZ390 MNOTE 'ZRUNSYS=390'                          DSH2
P11FIND1  MZ390 ENDED   RC= 4 MEM(MB)= MB IO=13430
P11FIND1  LZ390 START
P11FIND1  LZ390 ENDED   RC= 0 MEM(MB)= MB IO=1356
P11FIND1  EZ390 START
P11FIND1  EZ390 ENDED   RC= 0 MEM(MB)= MB IO=174 INS=85137624
P11DSH1   MZ390 START
***** RT\MFACC\SAVE\RTMFACC.ERR
P11FIND1  AZ390 MNOTE 'ZRUNSYS=390'                          DSH2
P11FIND1  MZ390 ENDED   RC= 4 MEM(MB)= MB IO=13428
P11FIND1  LZ390 START
P11FIND1  LZ390 ENDED   RC= 0 MEM(MB)= MB IO=1354
P11FIND1  EZ390 START
P11FIND1  EZ390 ENDED   RC= 0 MEM(MB)= MB IO=172 INS=85137624
P11DSH1   MZ390 START
*****

***** MFACC\rtmfacc.ERR
P11DSH1   AZ390 MNOTE 'ZRUNSYS=390'                          DSH2
P11DSH1   MZ390 ENDED   RC= 4 MEM(MB)= MB IO=49384
P11DSH1   LZ390 START
P11DSH1   LZ390 ENDED   RC= 0 MEM(MB)= MB IO=25338
P11DSH1   EZ390 START
P11DSH1   EZ390 ENDED   RC= 0 MEM(MB)= MB IO=168 INS=1041979
P11FIND2  MZ390 START
***** RT\MFACC\SAVE\RTMFACC.ERR
P11DSH1   AZ390 MNOTE 'ZRUNSYS=390'                          DSH2
P11DSH1   MZ390 ENDED   RC= 4 MEM(MB)= MB IO=49383
P11DSH1   LZ390 START
P11DSH1   LZ390 ENDED   RC= 0 MEM(MB)= MB IO=25337
P11DSH1   EZ390 START
P11DSH1   EZ390 ENDED   RC= 0 MEM(MB)= MB IO=167 INS=1041979
P11FIND2  MZ390 START
*****

***** MFACC\rtmfacc.ERR
P11FIND2  AZ390 MNOTE 'ZRUNSYS=390'                          DSH2
P11FIND2  MZ390 ENDED   RC= 4 MEM(MB)= MB IO=13548
P11FIND2  LZ390 START
P11FIND2  LZ390 ENDED   RC= 0 MEM(MB)= MB IO=1364
P11FIND2  EZ390 START
P11FIND2  EZ390 ENDED   RC= 0 MEM(MB)= MB IO=174 INS=9918006
P11DSH2   MZ390 START
***** RT\MFACC\SAVE\RTMFACC.ERR
P11FIND2  AZ390 MNOTE 'ZRUNSYS=390'                          DSH2
P11FIND2  MZ390 ENDED   RC= 4 MEM(MB)= MB IO=13546
P11FIND2  LZ390 START
P11FIND2  LZ390 ENDED   RC= 0 MEM(MB)= MB IO=1362
P11FIND2  EZ390 START
P11FIND2  EZ390 ENDED   RC= 0 MEM(MB)= MB IO=172 INS=9918006
P11DSH2   MZ390 START
*****

***** MFACC\rtmfacc.ERR
P11DSH2   AZ390 MNOTE 'ZRUNSYS=390'                          DSH2
P11DSH2   MZ390 ENDED   RC= 4 MEM(MB)= MB IO=16103
P11DSH2   LZ390 START
P11DSH2   LZ390 ENDED   RC= 0 MEM(MB)= MB IO=3080
P11DSH2   EZ390 START
P11DSH2   EZ390 ENDED   RC= 0 MEM(MB)= MB IO=168 INS=1181713
P12DSH1   MZ390 START
***** RT\MFACC\SAVE\RTMFACC.ERR
P11DSH2   AZ390 MNOTE 'ZRUNSYS=390'                          DSH2
P11DSH2   MZ390 ENDED   RC= 4 MEM(MB)= MB IO=16102
P11DSH2   LZ390 START
P11DSH2   LZ390 ENDED   RC= 0 MEM(MB)= MB IO=3079
P11DSH2   EZ390 START
P11DSH2   EZ390 ENDED   RC= 0 MEM(MB)= MB IO=167 INS=1181713
P12DSH1   MZ390 START
*****

***** MFACC\rtmfacc.ERR
P12DSH1   AZ390 MNOTE 'ZRUNSYS=390'                          DSH2
P12DSH1   MZ390 ENDED   RC= 4 MEM(MB)= MB IO=4440
P12DSH1   LZ390 START
P12DSH1   LZ390 ENDED   RC= 0 MEM(MB)= MB IO=313
P12DSH1   EZ390 START
P12DSH1   EZ390 ENDED   RC= 0 MEM(MB)= MB IO=184 INS=144
P12DSH2   MZ390 START
***** RT\MFACC\SAVE\RTMFACC.ERR
P12DSH1   AZ390 MNOTE 'ZRUNSYS=390'                          DSH2
P12DSH1   MZ390 ENDED   RC= 4 MEM(MB)= MB IO=4439
P12DSH1   LZ390 START
P12DSH1   LZ390 ENDED   RC= 0 MEM(MB)= MB IO=312
P12DSH1   EZ390 START
P12DSH1   EZ390 ENDED   RC= 0 MEM(MB)= MB IO=183 INS=144
P12DSH2   MZ390 START
*****

***** MFACC\rtmfacc.ERR
P12DSH2   AZ390 MNOTE 'ZRUNSYS=390'                          DSH2
P12DSH2   MZ390 ENDED   RC= 4 MEM(MB)= MB IO=4406
P12DSH2   LZ390 START
P12DSH2   LZ390 ENDED   RC= 0 MEM(MB)= MB IO=311
P12DSH2   EZ390 START
P12DSH2   EZ390 ENDED   RC= 0 MEM(MB)= MB IO=184 INS=139
P12DSH3   MZ390 START
***** RT\MFACC\SAVE\RTMFACC.ERR
P12DSH2   AZ390 MNOTE 'ZRUNSYS=390'                          DSH2
P12DSH2   MZ390 ENDED   RC= 4 MEM(MB)= MB IO=4405
P12DSH2   LZ390 START
P12DSH2   LZ390 ENDED   RC= 0 MEM(MB)= MB IO=310
P12DSH2   EZ390 START
P12DSH2   EZ390 ENDED   RC= 0 MEM(MB)= MB IO=183 INS=139
P12DSH3   MZ390 START
*****

***** MFACC\rtmfacc.ERR
P12DSH3   AZ390 MNOTE 'ZRUNSYS=390'                          DSH2
P12DSH3   MZ390 ENDED   RC= 4 MEM(MB)= MB IO=4484
P12DSH3   LZ390 START
P12DSH3   LZ390 ENDED   RC= 0 MEM(MB)= MB IO=406
P12DSH3   EZ390 START
P12DSH3   EZ390 ENDED   RC= 0 MEM(MB)= MB IO=220 INS=328
P13SC1    MZ390 START
***** RT\MFACC\SAVE\RTMFACC.ERR
P12DSH3   AZ390 MNOTE 'ZRUNSYS=390'                          DSH2
P12DSH3   MZ390 ENDED   RC= 4 MEM(MB)= MB IO=4483
P12DSH3   LZ390 START
P12DSH3   LZ390 ENDED   RC= 0 MEM(MB)= MB IO=405
P12DSH3   EZ390 START
P12DSH3   EZ390 ENDED   RC= 0 MEM(MB)= MB IO=219 INS=328
P13SC1    MZ390 START
*****

***** MFACC\rtmfacc.ERR
P13SC1    AZ390 MNOTE 'ZRUNSYS=390'                          DSH2
P13SC1    MZ390 ENDED   RC= 4 MEM(MB)= MB IO=1985
P13SC1    LZ390 START
P13SC1    LZ390 ENDED   RC= 0 MEM(MB)= MB IO=244
P13SC1    EZ390 START
P13SC1    EZ390 ENDED   RC= 0 MEM(MB)= MB IO=169 INS=30
P13DSH1   MZ390 START
***** RT\MFACC\SAVE\RTMFACC.ERR
P13SC1    AZ390 MNOTE 'ZRUNSYS=390'                          DSH2
P13SC1    MZ390 ENDED   RC= 4 MEM(MB)= MB IO=1984
P13SC1    LZ390 START
P13SC1    LZ390 ENDED   RC= 0 MEM(MB)= MB IO=243
P13SC1    EZ390 START
P13SC1    EZ390 ENDED   RC= 0 MEM(MB)= MB IO=168 INS=30
P13DSH1   MZ390 START
*****

***** MFACC\rtmfacc.ERR
P13DSH1   AZ390 MNOTE 'ZRUNSYS=390'                          DSH2
P13DSH1   MZ390 ENDED   RC= 4 MEM(MB)= MB IO=2070
P13DSH1   LZ390 START
P13DSH1   LZ390 ENDED   RC= 0 MEM(MB)= MB IO=250
P13DSH1   EZ390 START
P13DSH1   EZ390 ENDED   RC= 0 MEM(MB)= MB IO=169 INS=42
P14MW1    MZ390 START
***** RT\MFACC\SAVE\RTMFACC.ERR
P13DSH1   AZ390 MNOTE 'ZRUNSYS=390'                          DSH2
P13DSH1   MZ390 ENDED   RC= 4 MEM(MB)= MB IO=2069
P13DSH1   LZ390 START
P13DSH1   LZ390 ENDED   RC= 0 MEM(MB)= MB IO=249
P13DSH1   EZ390 START
P13DSH1   EZ390 ENDED   RC= 0 MEM(MB)= MB IO=168 INS=42
P14MW1    MZ390 START
*****

***** MFACC\rtmfacc.ERR
P14MW1    AZ390 MNOTE 'ZRUNSYS=390'                          DSH2
P14MW1    MZ390 ENDED   RC= 0 MEM(MB)= MB IO=2385
P14MW1    LZ390 START
P14MW1    LZ390 ENDED   RC= 0 MEM(MB)= MB IO=270
P14MW1    EZ390 START
P14MW1    EZ390 ENDED   RC= 0 MEM(MB)= MB IO=167 INS=40
P14DSH1   MZ390 START
***** RT\MFACC\SAVE\RTMFACC.ERR
P14MW1    AZ390 MNOTE 'ZRUNSYS=390'                          DSH2
P14MW1    MZ390 ENDED   RC= 0 MEM(MB)= MB IO=2384
P14MW1    LZ390 START
P14MW1    LZ390 ENDED   RC= 0 MEM(MB)= MB IO=269
P14MW1    EZ390 START
P14MW1    EZ390 ENDED   RC= 0 MEM(MB)= MB IO=166 INS=40
P14DSH1   MZ390 START
*****

***** MFACC\rtmfacc.ERR
P14DSH1   AZ390 MNOTE 'ZRUNSYS=390'                          DSH2
P14DSH1   MZ390 ENDED   RC= 4 MEM(MB)= MB IO=2204
P14DSH1   LZ390 START
P14DSH1   LZ390 ENDED   RC= 0 MEM(MB)= MB IO=236
P14DSH1   EZ390 START
P14DSH1   EZ390 ENDED   RC= 0 MEM(MB)= MB IO=166 INS=25
P15DSH1   MZ390 START
***** RT\MFACC\SAVE\RTMFACC.ERR
P14DSH1   AZ390 MNOTE 'ZRUNSYS=390'                          DSH2
P14DSH1   MZ390 ENDED   RC= 4 MEM(MB)= MB IO=2203
P14DSH1   LZ390 START
P14DSH1   LZ390 ENDED   RC= 0 MEM(MB)= MB IO=235
P14DSH1   EZ390 START
P14DSH1   EZ390 ENDED   RC= 0 MEM(MB)= MB IO=165 INS=25
P15DSH1   MZ390 START
*****

***** MFACC\rtmfacc.ERR
P15DSH1   AZ390 MNOTE 'ZRUNSYS=390'                          DSH2
P15DSH1   MZ390 ENDED   RC= 4 MEM(MB)= MB IO=2155
P15DSH1   LZ390 START
P15DSH1   LZ390 ENDED   RC= 0 MEM(MB)= MB IO=258
P15DSH1   EZ390 START
P15DSH1   EZ390 ENDED   RC= 0 MEM(MB)= MB IO=170 INS=40
P16WR1    MZ390 START
***** RT\MFACC\SAVE\RTMFACC.ERR
P15DSH1   AZ390 MNOTE 'ZRUNSYS=390'                          DSH2
P15DSH1   MZ390 ENDED   RC= 4 MEM(MB)= MB IO=2154
P15DSH1   LZ390 START
P15DSH1   LZ390 ENDED   RC= 0 MEM(MB)= MB IO=257
P15DSH1   EZ390 START
P15DSH1   EZ390 ENDED   RC= 0 MEM(MB)= MB IO=169 INS=40
P16WR1    MZ390 START
*****

***** MFACC\rtmfacc.ERR
P16WR1    AZ390 MNOTE 'ZRUNSYS=390'                          DSH2
P16WR1    MZ390 ENDED   RC= 0 MEM(MB)= MB IO=2234
P16WR1    LZ390 START
P16WR1    LZ390 ENDED   RC= 0 MEM(MB)= MB IO=256
P16WR1    EZ390 START
P16WR1    EZ390 ENDED   RC= 0 MEM(MB)= MB IO=190 INS=2531
P16DSH1   MZ390 START
***** RT\MFACC\SAVE\RTMFACC.ERR
P16WR1    AZ390 MNOTE 'ZRUNSYS=390'                          DSH2
P16WR1    MZ390 ENDED   RC= 0 MEM(MB)= MB IO=2233
P16WR1    LZ390 START
P16WR1    LZ390 ENDED   RC= 0 MEM(MB)= MB IO=255
P16WR1    EZ390 START
P16WR1    EZ390 ENDED   RC= 0 MEM(MB)= MB IO=189 INS=2531
P16DSH1   MZ390 START
*****

***** MFACC\rtmfacc.ERR
P16DSH1   AZ390 MNOTE 'ZRUNSYS=390'                          DSH2
P16DSH1   MZ390 ENDED   RC= 4 MEM(MB)= MB IO=3784
P16DSH1   LZ390 START
P16DSH1   LZ390 ENDED   RC= 0 MEM(MB)= MB IO=270
P16DSH1   EZ390 START
P16DSH1   EZ390 ENDED   RC= 0 MEM(MB)= MB IO=188 INS=2958
P17WR1    MZ390 START
***** RT\MFACC\SAVE\RTMFACC.ERR
P16DSH1   AZ390 MNOTE 'ZRUNSYS=390'                          DSH2
P16DSH1   MZ390 ENDED   RC= 4 MEM(MB)= MB IO=3783
P16DSH1   LZ390 START
P16DSH1   LZ390 ENDED   RC= 0 MEM(MB)= MB IO=269
P16DSH1   EZ390 START
P16DSH1   EZ390 ENDED   RC= 0 MEM(MB)= MB IO=187 INS=2958
P17WR1    MZ390 START
*****

***** MFACC\rtmfacc.ERR
P17WR1    AZ390 MNOTE 'ZRUNSYS=390'                          DSH2
P17WR1    MZ390 ENDED   RC= 0 MEM(MB)= MB IO=2612
P17WR1    LZ390 START
P17WR1    LZ390 ENDED   RC= 0 MEM(MB)= MB IO=340
P17WR1    EZ390 START
P17WR1    EZ390 ENDED   RC= 0 MEM(MB)= MB IO=203 INS=827
P1C1      MZ390 START
***** RT\MFACC\SAVE\RTMFACC.ERR
P17WR1    AZ390 MNOTE 'ZRUNSYS=390'                          DSH2
P17WR1    MZ390 ENDED   RC= 0 MEM(MB)= MB IO=2611
P17WR1    LZ390 START
P17WR1    LZ390 ENDED   RC= 0 MEM(MB)= MB IO=339
P17WR1    EZ390 START
P17WR1    EZ390 ENDED   RC= 0 MEM(MB)= MB IO=202 INS=827
P1C1      MZ390 START
*****

***** MFACC\rtmfacc.ERR
P1C1      AZ390 MNOTE 'ZRUNSYS=390'                          DSH2
P1C1      MZ390 ENDED   RC= 4 MEM(MB)= MB IO=1950
P1C1      LZ390 START
P1C1      LZ390 ENDED   RC= 0 MEM(MB)= MB IO=238
P1C1      EZ390 START
P1C1      EZ390 ENDED   RC= 0 MEM(MB)= MB IO=170 INS=28
P1DSH1    MZ390 START
***** RT\MFACC\SAVE\RTMFACC.ERR
P1C1      AZ390 MNOTE 'ZRUNSYS=390'                          DSH2
P1C1      MZ390 ENDED   RC= 4 MEM(MB)= MB IO=1949
P1C1      LZ390 START
P1C1      LZ390 ENDED   RC= 0 MEM(MB)= MB IO=237
P1C1      EZ390 START
P1C1      EZ390 ENDED   RC= 0 MEM(MB)= MB IO=169 INS=28
P1DSH1    MZ390 START
*****

***** MFACC\rtmfacc.ERR
P1DSH1    AZ390 MNOTE 'ZRUNSYS=390'                          DSH2
P1DSH1    MZ390 ENDED   RC= 4 MEM(MB)= MB IO=1957
P1DSH1    LZ390 START
P1DSH1    LZ390 ENDED   RC= 0 MEM(MB)= MB IO=240
P1DSH1    EZ390 START
P1DSH1    EZ390 ENDED   RC= 0 MEM(MB)= MB IO=170 INS=28
P1DSH1A   MZ390 START
***** RT\MFACC\SAVE\RTMFACC.ERR
P1DSH1    AZ390 MNOTE 'ZRUNSYS=390'                          DSH2
P1DSH1    MZ390 ENDED   RC= 4 MEM(MB)= MB IO=1956
P1DSH1    LZ390 START
P1DSH1    LZ390 ENDED   RC= 0 MEM(MB)= MB IO=239
P1DSH1    EZ390 START
P1DSH1    EZ390 ENDED   RC= 0 MEM(MB)= MB IO=169 INS=28
P1DSH1A   MZ390 START
*****

***** MFACC\rtmfacc.ERR
P1DSH1A   AZ390 MNOTE 'ZRUNSYS=390'                          DSH2
P1DSH1A   MZ390 ENDED   RC= 4 MEM(MB)= MB IO=1950
P1DSH1A   LZ390 START
P1DSH1A   LZ390 ENDED   RC= 0 MEM(MB)= MB IO=238
P1DSH1A   EZ390 START
P1DSH1A   EZ390 ENDED   RC= 0 MEM(MB)= MB IO=170 INS=28
P1RAFA1   MZ390 START
***** RT\MFACC\SAVE\RTMFACC.ERR
P1DSH1A   AZ390 MNOTE 'ZRUNSYS=390'                          DSH2
P1DSH1A   MZ390 ENDED   RC= 4 MEM(MB)= MB IO=1949
P1DSH1A   LZ390 START
P1DSH1A   LZ390 ENDED   RC= 0 MEM(MB)= MB IO=237
P1DSH1A   EZ390 START
P1DSH1A   EZ390 ENDED   RC= 0 MEM(MB)= MB IO=169 INS=28
P1RAFA1   MZ390 START
*****

***** MFACC\rtmfacc.ERR
P1RAFA1   AZ390 MNOTE 'ZRUNSYS=390'                          DSH2
P1RAFA1   MZ390 ENDED   RC= 4 MEM(MB)= MB IO=1962
P1RAFA1   LZ390 START
P1RAFA1   LZ390 ENDED   RC= 0 MEM(MB)= MB IO=240
P1RAFA1   EZ390 START
P1RAFA1   EZ390 ENDED   RC= 0 MEM(MB)= MB IO=170 INS=27
P2MD1     MZ390 START
***** RT\MFACC\SAVE\RTMFACC.ERR
P1RAFA1   AZ390 MNOTE 'ZRUNSYS=390'                          DSH2
P1RAFA1   MZ390 ENDED   RC= 4 MEM(MB)= MB IO=1961
P1RAFA1   LZ390 START
P1RAFA1   LZ390 ENDED   RC= 0 MEM(MB)= MB IO=239
P1RAFA1   EZ390 START
P1RAFA1   EZ390 ENDED   RC= 0 MEM(MB)= MB IO=169 INS=27
P2MD1     MZ390 START
*****

***** MFACC\rtmfacc.ERR
P2MD1     AZ390 MNOTE 'ZRUNSYS=390'                          DSH2
P2MD1     MZ390 ENDED   RC= 4 MEM(MB)= MB IO=1959
P2MD1     LZ390 START
P2MD1     LZ390 ENDED   RC= 0 MEM(MB)= MB IO=236
P2MD1     EZ390 START
P2MD1     EZ390 ENDED   RC= 0 MEM(MB)= MB IO=166 INS=30
P3LKM1    MZ390 START
***** RT\MFACC\SAVE\RTMFACC.ERR
P2MD1     AZ390 MNOTE 'ZRUNSYS=390'                          DSH2
P2MD1     MZ390 ENDED   RC= 4 MEM(MB)= MB IO=1958
P2MD1     LZ390 START
P2MD1     LZ390 ENDED   RC= 0 MEM(MB)= MB IO=235
P2MD1     EZ390 START
P2MD1     EZ390 ENDED   RC= 0 MEM(MB)= MB IO=165 INS=30
P3LKM1    MZ390 START
*****

***** MFACC\rtmfacc.ERR
P3LKM1    AZ390 MNOTE 'ZRUNSYS=390'                          DSH2
P3LKM1    MZ390 ENDED   RC= 4 MEM(MB)= MB IO=2008
P3LKM1    LZ390 START
P3LKM1    LZ390 ENDED   RC= 0 MEM(MB)= MB IO=240
P3LKM1    EZ390 START
P3LKM1    EZ390 ENDED   RC= 0 MEM(MB)= MB IO=166 INS=88
P3MM1     MZ390 START
***** RT\MFACC\SAVE\RTMFACC.ERR
P3LKM1    AZ390 MNOTE 'ZRUNSYS=390'                          DSH2
P3LKM1    MZ390 ENDED   RC= 4 MEM(MB)= MB IO=2007
P3LKM1    LZ390 START
P3LKM1    LZ390 ENDED   RC= 0 MEM(MB)= MB IO=239
P3LKM1    EZ390 START
P3LKM1    EZ390 ENDED   RC= 0 MEM(MB)= MB IO=165 INS=88
P3MM1     MZ390 START
*****

***** MFACC\rtmfacc.ERR
P3MM1     AZ390 MNOTE 'ZRUNSYS=390'                          DSH2
P3MM1     MZ390 ENDED   RC= 4 MEM(MB)= MB IO=2069
P3MM1     LZ390 START
P3MM1     LZ390 ENDED   RC= 0 MEM(MB)= MB IO=302
P3MM1     EZ390 START
P3MM1     EZ390 ENDED   RC= 0 MEM(MB)= MB IO=166 INS=31
P4AN1     MZ390 START
***** RT\MFACC\SAVE\RTMFACC.ERR
P3MM1     AZ390 MNOTE 'ZRUNSYS=390'                          DSH2
P3MM1     MZ390 ENDED   RC= 4 MEM(MB)= MB IO=2068
P3MM1     LZ390 START
P3MM1     LZ390 ENDED   RC= 0 MEM(MB)= MB IO=301
P3MM1     EZ390 START
P3MM1     EZ390 ENDED   RC= 0 MEM(MB)= MB IO=165 INS=31
P4AN1     MZ390 START
*****

***** MFACC\rtmfacc.ERR
P4AN1     AZ390 MNOTE 'ZRUNSYS=390'                          DSH2
P4AN1     MZ390 ENDED   RC= 4 MEM(MB)= MB IO=3156
P4AN1     LZ390 START
P4AN1     LZ390 ENDED   RC= 0 MEM(MB)= MB IO=304
P4AN1     EZ390 START
P4AN1     EZ390 ENDED   RC= 0 MEM(MB)= MB IO=180 INS=1533
P4APN2    MZ390 START
***** RT\MFACC\SAVE\RTMFACC.ERR
P4AN1     AZ390 MNOTE 'ZRUNSYS=390'                          DSH2
P4AN1     MZ390 ENDED   RC= 4 MEM(MB)= MB IO=3155
P4AN1     LZ390 START
P4AN1     LZ390 ENDED   RC= 0 MEM(MB)= MB IO=303
P4AN1     EZ390 START
P4AN1     EZ390 ENDED   RC= 0 MEM(MB)= MB IO=179 INS=1533
P4APN2    MZ390 START
*****

***** MFACC\rtmfacc.ERR
P4APN2    AZ390 MNOTE 'ZRUNSYS=390'                          DSH2
P4APN2    MZ390 ENDED   RC= 4 MEM(MB)= MB IO=3391
P4APN2    LZ390 START
P4APN2    LZ390 ENDED   RC= 0 MEM(MB)= MB IO=553
P4APN2    EZ390 START
P4APN2    EZ390 ENDED   RC= 0 MEM(MB)= MB IO=182 INS=853
P4DSH1    MZ390 START
***** RT\MFACC\SAVE\RTMFACC.ERR
P4APN2    AZ390 MNOTE 'ZRUNSYS=390'                          DSH2
P4APN2    MZ390 ENDED   RC= 4 MEM(MB)= MB IO=3390
P4APN2    LZ390 START
P4APN2    LZ390 ENDED   RC= 0 MEM(MB)= MB IO=552
P4APN2    EZ390 START
P4APN2    EZ390 ENDED   RC= 0 MEM(MB)= MB IO=181 INS=853
P4DSH1    MZ390 START
*****

***** MFACC\rtmfacc.ERR
P4DSH1    AZ390 MNOTE 'ZRUNSYS=390'                          DSH2
P4DSH1    MZ390 ENDED   RC= 4 MEM(MB)= MB IO=4072
P4DSH1    LZ390 START
P4DSH1    LZ390 ENDED   RC= 0 MEM(MB)= MB IO=292
P4DSH1    EZ390 START
P4DSH1    EZ390 ENDED   RC= 0 MEM(MB)= MB IO=180 INS=2610
P4RAFA2   MZ390 START
***** RT\MFACC\SAVE\RTMFACC.ERR
P4DSH1    AZ390 MNOTE 'ZRUNSYS=390'                          DSH2
P4DSH1    MZ390 ENDED   RC= 4 MEM(MB)= MB IO=4071
P4DSH1    LZ390 START
P4DSH1    LZ390 ENDED   RC= 0 MEM(MB)= MB IO=291
P4DSH1    EZ390 START
P4DSH1    EZ390 ENDED   RC= 0 MEM(MB)= MB IO=179 INS=2610
P4RAFA2   MZ390 START
*****

***** MFACC\rtmfacc.ERR
P4RAFA2   AZ390 MNOTE 'ZRUNSYS=390'                          DSH2
P4RAFA2   MZ390 ENDED   RC= 4 MEM(MB)= MB IO=3332
P4RAFA2   LZ390 START
P4RAFA2   LZ390 ENDED   RC= 0 MEM(MB)= MB IO=270
P4RAFA2   EZ390 START
P4RAFA2   EZ390 ENDED   RC= 0 MEM(MB)= MB IO=174 INS=1380
P4RJ1     MZ390 START
***** RT\MFACC\SAVE\RTMFACC.ERR
P4RAFA2   AZ390 MNOTE 'ZRUNSYS=390'                          DSH2
P4RAFA2   MZ390 ENDED   RC= 4 MEM(MB)= MB IO=3331
P4RAFA2   LZ390 START
P4RAFA2   LZ390 ENDED   RC= 0 MEM(MB)= MB IO=269
P4RAFA2   EZ390 START
P4RAFA2   EZ390 ENDED   RC= 0 MEM(MB)= MB IO=173 INS=1380
P4RJ1     MZ390 START
*****

***** MFACC\rtmfacc.ERR
P4RJ1     AZ390 MNOTE 'ZRUNSYS=390'                          DSH2
P4RJ1     MZ390 ENDED   RC= 4 MEM(MB)= MB IO=2513
P4RJ1     LZ390 START
P4RJ1     LZ390 ENDED   RC= 0 MEM(MB)= MB IO=288
P4RJ1     EZ390 START
P4RJ1     EZ390 ENDED   RC= 0 MEM(MB)= MB IO=174 INS=685
P5MM1     MZ390 START
***** RT\MFACC\SAVE\RTMFACC.ERR
P4RJ1     AZ390 MNOTE 'ZRUNSYS=390'                          DSH2
P4RJ1     MZ390 ENDED   RC= 4 MEM(MB)= MB IO=2512
P4RJ1     LZ390 START
P4RJ1     LZ390 ENDED   RC= 0 MEM(MB)= MB IO=287
P4RJ1     EZ390 START
P4RJ1     EZ390 ENDED   RC= 0 MEM(MB)= MB IO=173 INS=685
P5MM1     MZ390 START
*****

***** MFACC\rtmfacc.ERR
P5MM1     AZ390 MNOTE 'ZRUNSYS=390'                          DSH2
P5MM1     MZ390 ENDED   RC= 4 MEM(MB)= MB IO=2058
P5MM1     LZ390 START
P5MM1     LZ390 ENDED   RC= 0 MEM(MB)= MB IO=246
P5MM1     EZ390 START
P5MM1     EZ390 ENDED   RC= 0 MEM(MB)= MB IO=166 INS=30
P6BR1     MZ390 START
***** RT\MFACC\SAVE\RTMFACC.ERR
P5MM1     AZ390 MNOTE 'ZRUNSYS=390'                          DSH2
P5MM1     MZ390 ENDED   RC= 4 MEM(MB)= MB IO=2057
P5MM1     LZ390 START
P5MM1     LZ390 ENDED   RC= 0 MEM(MB)= MB IO=245
P5MM1     EZ390 START
P5MM1     EZ390 ENDED   RC= 0 MEM(MB)= MB IO=165 INS=30
P6BR1     MZ390 START
*****

***** MFACC\rtmfacc.ERR
P6BR1     AZ390 MNOTE 'ZRUNSYS=390'                          DSH2
P6BR1     MZ390 ENDED   RC= 4 MEM(MB)= MB IO=1967
P6BR1     LZ390 START
P6BR1     LZ390 ENDED   RC= 0 MEM(MB)= MB IO=240
P6BR1     EZ390 START
P6BR1     EZ390 ENDED   RC= 0 MEM(MB)= MB IO=166 INS=77
P6MM1     MZ390 START
***** RT\MFACC\SAVE\RTMFACC.ERR
P6BR1     AZ390 MNOTE 'ZRUNSYS=390'                          DSH2
P6BR1     MZ390 ENDED   RC= 4 MEM(MB)= MB IO=1966
P6BR1     LZ390 START
P6BR1     LZ390 ENDED   RC= 0 MEM(MB)= MB IO=239
P6BR1     EZ390 START
P6BR1     EZ390 ENDED   RC= 0 MEM(MB)= MB IO=165 INS=77
P6MM1     MZ390 START
*****

***** MFACC\rtmfacc.ERR
P6MM1     AZ390 MNOTE 'ZRUNSYS=390'                          DSH2
P6MM1     MZ390 ENDED   RC= 4 MEM(MB)= MB IO=2568
P6MM1     LZ390 START
P6MM1     LZ390 ENDED   RC= 0 MEM(MB)= MB IO=524
P6MM1     EZ390 START
P6MM1     EZ390 ENDED   RC= 0 MEM(MB)= MB IO=167 INS=160
P6PJF1    MZ390 START
***** RT\MFACC\SAVE\RTMFACC.ERR
P6MM1     AZ390 MNOTE 'ZRUNSYS=390'                          DSH2
P6MM1     MZ390 ENDED   RC= 4 MEM(MB)= MB IO=2567
P6MM1     LZ390 START
P6MM1     LZ390 ENDED   RC= 0 MEM(MB)= MB IO=523
P6MM1     EZ390 START
P6MM1     EZ390 ENDED   RC= 0 MEM(MB)= MB IO=166 INS=160
P6PJF1    MZ390 START
*****

***** MFACC\rtmfacc.ERR
P6PJF1    AZ390 MNOTE 'ZRUNSYS=390'                          DSH2
P6PJF1    MZ390 ENDED   RC= 4 MEM(MB)= MB IO=1969
P6PJF1    LZ390 START
P6PJF1    LZ390 ENDED   RC= 0 MEM(MB)= MB IO=238
P6PJF1    EZ390 START
P6PJF1    EZ390 ENDED   RC= 0 MEM(MB)= MB IO=166 INS=69
P6PL1     MZ390 START
***** RT\MFACC\SAVE\RTMFACC.ERR
P6PJF1    AZ390 MNOTE 'ZRUNSYS=390'                          DSH2
P6PJF1    MZ390 ENDED   RC= 4 MEM(MB)= MB IO=1968
P6PJF1    LZ390 START
P6PJF1    LZ390 ENDED   RC= 0 MEM(MB)= MB IO=237
P6PJF1    EZ390 START
P6PJF1    EZ390 ENDED   RC= 0 MEM(MB)= MB IO=165 INS=69
P6PL1     MZ390 START
*****

***** MFACC\rtmfacc.ERR
P6PL1     AZ390 MNOTE 'ZRUNSYS=390'                          DSH2
P6PL1     MZ390 ENDED   RC= 4 MEM(MB)= MB IO=1994
P6PL1     LZ390 START
P6PL1     LZ390 ENDED   RC= 0 MEM(MB)= MB IO=240
P6PL1     EZ390 START
P6PL1     EZ390 ENDED   RC= 0 MEM(MB)= MB IO=166 INS=98
P6RW1     MZ390 START
***** RT\MFACC\SAVE\RTMFACC.ERR
P6PL1     AZ390 MNOTE 'ZRUNSYS=390'                          DSH2
P6PL1     MZ390 ENDED   RC= 4 MEM(MB)= MB IO=1993
P6PL1     LZ390 START
P6PL1     LZ390 ENDED   RC= 0 MEM(MB)= MB IO=239
P6PL1     EZ390 START
P6PL1     EZ390 ENDED   RC= 0 MEM(MB)= MB IO=165 INS=98
P6RW1     MZ390 START
*****

***** MFACC\rtmfacc.ERR
P6RW1     AZ390 MNOTE 'ZRUNSYS=390'                          DSH2
P6RW1     MZ390 ENDED   RC= 4 MEM(MB)= MB IO=2065
P6RW1     LZ390 START
P6RW1     LZ390 ENDED   RC= 0 MEM(MB)= MB IO=332
P6RW1     EZ390 START
P6RW1     EZ390 ENDED   RC= 0 MEM(MB)= MB IO=166 INS=29
P7DSH1    MZ390 START
***** RT\MFACC\SAVE\RTMFACC.ERR
P6RW1     AZ390 MNOTE 'ZRUNSYS=390'                          DSH2
P6RW1     MZ390 ENDED   RC= 4 MEM(MB)= MB IO=2064
P6RW1     LZ390 START
P6RW1     LZ390 ENDED   RC= 0 MEM(MB)= MB IO=331
P6RW1     EZ390 START
P6RW1     EZ390 ENDED   RC= 0 MEM(MB)= MB IO=165 INS=29
P7DSH1    MZ390 START
*****

***** MFACC\rtmfacc.ERR
P7DSH1    AZ390 MNOTE 'ZRUNSYS=390'                          DSH2
P7DSH1    MZ390 ENDED   RC= 4 MEM(MB)= MB IO=2559
P7DSH1    LZ390 START
P7DSH1    LZ390 ENDED   RC= 0 MEM(MB)= MB IO=296
P7DSH1    EZ390 START
P7DSH1    EZ390 ENDED   RC= 0 MEM(MB)= MB IO=176 INS=62
P7EH1     MZ390 START
***** RT\MFACC\SAVE\RTMFACC.ERR
P7DSH1    AZ390 MNOTE 'ZRUNSYS=390'                          DSH2
P7DSH1    MZ390 ENDED   RC= 4 MEM(MB)= MB IO=2558
P7DSH1    LZ390 START
P7DSH1    LZ390 ENDED   RC= 0 MEM(MB)= MB IO=295
P7DSH1    EZ390 START
P7DSH1    EZ390 ENDED   RC= 0 MEM(MB)= MB IO=175 INS=62
P7EH1     MZ390 START
*****

***** MFACC\rtmfacc.ERR
P7EH1     AZ390 MNOTE 'ZRUNSYS=390'                          DSH2
P7EH1     MZ390 ENDED   RC= 4 MEM(MB)= MB IO=2148
P7EH1     LZ390 START
P7EH1     LZ390 ENDED   RC= 0 MEM(MB)= MB IO=248
P7EH1     EZ390 START
P7EH1     EZ390 ENDED   RC= 0 MEM(MB)= MB IO=166 INS=44
P7RV1     MZ390 START
***** RT\MFACC\SAVE\RTMFACC.ERR
P7EH1     AZ390 MNOTE 'ZRUNSYS=390'                          DSH2
P7EH1     MZ390 ENDED   RC= 4 MEM(MB)= MB IO=2147
P7EH1     LZ390 START
P7EH1     LZ390 ENDED   RC= 0 MEM(MB)= MB IO=247
P7EH1     EZ390 START
P7EH1     EZ390 ENDED   RC= 0 MEM(MB)= MB IO=165 INS=44
P7RV1     MZ390 START
*****

***** MFACC\rtmfacc.ERR
P7RV1     AZ390 MNOTE 'ZRUNSYS=390'                          DSH2
P7RV1     MZ390 ENDED   RC= 4 MEM(MB)= MB IO=2118
P7RV1     LZ390 START
P7RV1     LZ390 ENDED   RC= 0 MEM(MB)= MB IO=256
P7RV1     EZ390 START
P7RV1     EZ390 ENDED   RC= 0 MEM(MB)= MB IO=166 INS=41
P8DSH1    MZ390 START
***** RT\MFACC\SAVE\RTMFACC.ERR
P7RV1     AZ390 MNOTE 'ZRUNSYS=390'                          DSH2
P7RV1     MZ390 ENDED   RC= 4 MEM(MB)= MB IO=2117
P7RV1     LZ390 START
P7RV1     LZ390 ENDED   RC= 0 MEM(MB)= MB IO=255
P7RV1     EZ390 START
P7RV1     EZ390 ENDED   RC= 0 MEM(MB)= MB IO=165 INS=41
P8DSH1    MZ390 START
*****

***** MFACC\rtmfacc.ERR
P8DSH1    AZ390 MNOTE 'ZRUNSYS=390'                          DSH2
P8DSH1    MZ390 ENDED   RC= 4 MEM(MB)= MB IO=2607
P8DSH1    LZ390 START
P8DSH1    LZ390 ENDED   RC= 0 MEM(MB)= MB IO=302
P8DSH1    EZ390 START
P8DSH1    EZ390 ENDED   RC= 0 MEM(MB)= MB IO=975 INS=3293
P8DSH2    MZ390 START
***** RT\MFACC\SAVE\RTMFACC.ERR
P8DSH1    AZ390 MNOTE 'ZRUNSYS=390'                          DSH2
P8DSH1    MZ390 ENDED   RC= 4 MEM(MB)= MB IO=2606
P8DSH1    LZ390 START
P8DSH1    LZ390 ENDED   RC= 0 MEM(MB)= MB IO=301
P8DSH1    EZ390 START
P8DSH1    EZ390 ENDED   RC= 0 MEM(MB)= MB IO=974 INS=3293
P8DSH2    MZ390 START
*****

***** MFACC\rtmfacc.ERR
P8DSH2    AZ390 MNOTE 'ZRUNSYS=390'                          DSH2
P8DSH2    MZ390 ENDED   RC= 4 MEM(MB)= MB IO=2672
P8DSH2    LZ390 START
P8DSH2    LZ390 ENDED   RC= 0 MEM(MB)= MB IO=302
P8DSH2    EZ390 START
P8DSH2    EZ390 ENDED   RC= 0 MEM(MB)= MB IO=975 INS=3293
P8LM1     MZ390 START
***** RT\MFACC\SAVE\RTMFACC.ERR
P8DSH2    AZ390 MNOTE 'ZRUNSYS=390'                          DSH2
P8DSH2    MZ390 ENDED   RC= 4 MEM(MB)= MB IO=2671
P8DSH2    LZ390 START
P8DSH2    LZ390 ENDED   RC= 0 MEM(MB)= MB IO=301
P8DSH2    EZ390 START
P8DSH2    EZ390 ENDED   RC= 0 MEM(MB)= MB IO=974 INS=3293
P8LM1     MZ390 START
*****

***** MFACC\rtmfacc.ERR
P8LM1     AZ390 MNOTE 'ZRUNSYS=390'                          DSH2
P8LM1     MZ390 ENDED   RC= 4 MEM(MB)= MB IO=2921
P8LM1     LZ390 START
P8LM1     LZ390 ENDED   RC= 0 MEM(MB)= MB IO=335
P8LM1     EZ390 START
P8LM1     EZ390 ENDED   RC= 0 MEM(MB)= MB IO=576 INS=2293
P8MM1     MZ390 START
***** RT\MFACC\SAVE\RTMFACC.ERR
P8LM1     AZ390 MNOTE 'ZRUNSYS=390'                          DSH2
P8LM1     MZ390 ENDED   RC= 4 MEM(MB)= MB IO=2920
P8LM1     LZ390 START
P8LM1     LZ390 ENDED   RC= 0 MEM(MB)= MB IO=334
P8LM1     EZ390 START
P8LM1     EZ390 ENDED   RC= 0 MEM(MB)= MB IO=575 INS=2293
P8MM1     MZ390 START
*****

***** MFACC\rtmfacc.ERR
P8MM1     AZ390 MNOTE 'ZRUNSYS=390'                          DSH2
P8MM1     MZ390 ENDED   RC= 0 MEM(MB)= MB IO=2694
P8MM1     LZ390 START
P8MM1     LZ390 ENDED   RC= 0 MEM(MB)= MB IO=308
P8MM1     EZ390 START
P8MM1     EZ390 ENDED   RC= 0 MEM(MB)= MB IO=179 INS=1640
P9DSH1    MZ390 START
***** RT\MFACC\SAVE\RTMFACC.ERR
P8MM1     AZ390 MNOTE 'ZRUNSYS=390'                          DSH2
P8MM1     MZ390 ENDED   RC= 0 MEM(MB)= MB IO=2693
P8MM1     LZ390 START
P8MM1     LZ390 ENDED   RC= 0 MEM(MB)= MB IO=307
P8MM1     EZ390 START
P8MM1     EZ390 ENDED   RC= 0 MEM(MB)= MB IO=178 INS=1640
P9DSH1    MZ390 START
*****

***** MFACC\rtmfacc.ERR
P9DSH1    AZ390 MNOTE 'ZRUNSYS=390'                          DSH2
P9DSH1    MZ390 ENDED   RC= 4 MEM(MB)= MB IO=2835
P9DSH1    LZ390 START
P9DSH1    LZ390 ENDED   RC= 0 MEM(MB)= MB IO=244
P9DSH1    EZ390 START
P9DSH1    EZ390 ENDED   RC= 0 MEM(MB)= MB IO=167 INS=33
P9MM1     MZ390 START
***** RT\MFACC\SAVE\RTMFACC.ERR
P9DSH1    AZ390 MNOTE 'ZRUNSYS=390'                          DSH2
P9DSH1    MZ390 ENDED   RC= 4 MEM(MB)= MB IO=2834
P9DSH1    LZ390 START
P9DSH1    LZ390 ENDED   RC= 0 MEM(MB)= MB IO=243
P9DSH1    EZ390 START
P9DSH1    EZ390 ENDED   RC= 0 MEM(MB)= MB IO=166 INS=33
P9MM1     MZ390 START
*****

***** MFACC\rtmfacc.ERR
P9MM1     AZ390 MNOTE 'ZRUNSYS=390'                          DSH2
P9MM1     MZ390 ENDED   RC= 4 MEM(MB)= MB IO=2239
P9MM1     LZ390 START
P9MM1     LZ390 ENDED   RC= 0 MEM(MB)= MB IO=262
P9MM1     EZ390 START
P9MM1     EZ390 ENDED   RC= 0 MEM(MB)= MB IO=168 INS=59
P9MM2     MZ390 START
***** RT\MFACC\SAVE\RTMFACC.ERR
P9MM1     AZ390 MNOTE 'ZRUNSYS=390'                          DSH2
P9MM1     MZ390 ENDED   RC= 4 MEM(MB)= MB IO=2238
P9MM1     LZ390 START
P9MM1     LZ390 ENDED   RC= 0 MEM(MB)= MB IO=261
P9MM1     EZ390 START
P9MM1     EZ390 ENDED   RC= 0 MEM(MB)= MB IO=167 INS=59
P9MM2     MZ390 START
*****

***** MFACC\rtmfacc.ERR
P9MM2     AZ390 MNOTE 'ZRUNSYS=390'                          DSH2
P9MM2     MZ390 ENDED   RC= 4 MEM(MB)= MB IO=2207
P9MM2     LZ390 START
P9MM2     LZ390 ENDED   RC= 0 MEM(MB)= MB IO=258
P9MM2     EZ390 START
P9MM2     EZ390 ENDED   RC= 0 MEM(MB)= MB IO=168 INS=53
***** RT\MFACC\SAVE\RTMFACC.ERR
P9MM2     AZ390 MNOTE 'ZRUNSYS=390'                          DSH2
P9MM2     MZ390 ENDED   RC= 4 MEM(MB)= MB IO=2206
P9MM2     LZ390 START
P9MM2     LZ390 ENDED   RC= 0 MEM(MB)= MB IO=257
P9MM2     EZ390 START
P9MM2     EZ390 ENDED   RC= 0 MEM(MB)= MB IO=167 INS=53
*****

