Comparing files LINKLIB\UNREF.STA and RT\LINKLIB\SAVE\UNREF.STA
***** LINKLIB\UNREF.STA
UNREF     MZ390 program = linklib\UNREF.MLC
UNREF     MZ390 options = sysmac(C:\PROGRA~2\AUTOMA~1\z390\mac+.) 
  syscpy(C:\PROGRA~2\AUTOMA~1\z390\mac+.) bal notiming stats ASCII 
  SYSCPY(MAC+LINKLIB) systerm(linklib\rtlink)
UNREF     MZ390 final_options=ALIGN
***** RT\LINKLIB\SAVE\UNREF.STA
UNREF     MZ390 program = linklib\UNREF.MLC
UNREF     MZ390 options = W:\work\z390\z390.OPT=(time(60)) sysmac(W:\work\z390\mac+.) 
  syscpy(W:\work\z390\mac+.) bal notiming stats ASCII SYSCPY(MAC+LINKLIB) 
  systerm(linklib\rtlink)
UNREF     MZ390 final_options=ALIGN
*****

***** LINKLIB\UNREF.STA
UNREF     MZ390 final_options=PROFILE=
UNREF     MZ390 final_options=STATS=C:\Program Files (x86)\Automated Software Tools\z390\linklib\UNREF.STA
UNREF     MZ390 final_options=SYSPARM=
UNREF     MZ390 final options=SYSTERM=C:\Program Files (x86)\Automated Software Tools\z390\linklib\rtlink.
UNREF     MZ390 final_options=ERR
UNREF     MZ390 final_options=TESTDD=
UNREF     MZ390 final_options=TIME=15
UNREF     MZ390 final_options=TRACE=
***** RT\LINKLIB\SAVE\UNREF.STA
UNREF     MZ390 final_options=PROFILE=
UNREF     MZ390 final_options=STATS=W:\work\z390\linklib\UNREF.STA
UNREF     MZ390 final_options=SYSPARM=
UNREF     MZ390 final_options=SYSTERM=W:\work\z390\linklib\rtlink.ERR
UNREF     MZ390 final_options=TESTDD=
UNREF     MZ390 final_options=TIME=60
UNREF     MZ390 final_options=TRACE=
*****

***** LINKLIB\UNREF.STA
UNREF     MZ390 final_options=SYSLST=linklib\
UNREF     MZ390 final_options=SYSMAC=C:\PROGRA~2\AUTOMA~1\z390\mac+.
UNREF     MZ390 final_options=SYSMLC=linklib\
***** RT\LINKLIB\SAVE\UNREF.STA
UNREF     MZ390 final_options=SYSLST=linklib\
UNREF     MZ390 final_options=SYSMAC=W:\work\z390\mac+.
UNREF     MZ390 final_options=SYSMLC=linklib\
*****

***** LINKLIB\UNREF.STA
UNREF     MZ390 total pcode exec opt  = 1
UNREF     MZ390 FID=  1 ERR= 0 C:\Program Files (x86)\Automated Software Tools\z390\linklib\UNREF.MLC
UNREF     MZ390 FID=  2 ERR= 0 C:\Program Files (x86)\Automated Software Tools\z390\LINKLIB\UNREFUSR.CPY
UNREF     MZ390 FID=  3 ERR= 0 C:\PROGRA~2\AUTOMA~1\z390\mac\SUBENTRY.MAC
UNREF     MZ390 FID=  4 ERR= 0 C:\PROGRA~2\AUTOMA~1\z390\mac\OPEN.MAC
UNREF     MZ390 FID=  5 ERR= 0 C:\PROGRA~2\AUTOMA~1\z390\mac\ZOPEN.MAC
UNREF     MZ390 FID=  6 ERR= 0 C:\PROGRA~2\AUTOMA~1\z390\mac\DCBD.MAC
UNREF     MZ390 FID=  7 ERR= 0 C:\PROGRA~2\AUTOMA~1\z390\mac\GET.MAC
UNREF     MZ390 FID=  8 ERR= 0 C:\PROGRA~2\AUTOMA~1\z390\mac\ABEND.MAC
UNREF     MZ390 FID=  9 ERR= 0 C:\PROGRA~2\AUTOMA~1\z390\mac\PUT.MAC
UNREF     MZ390 FID= 10 ERR= 0 C:\PROGRA~2\AUTOMA~1\z390\mac\CLOSE.MAC
UNREF     MZ390 FID= 11 ERR= 0 C:\PROGRA~2\AUTOMA~1\z390\mac\ZCLOSE.MAC
UNREF     MZ390 FID= 12 ERR= 0 C:\PROGRA~2\AUTOMA~1\z390\mac\SUBEXIT.MAC
UNREF     MZ390 FID= 13 ERR= 0 C:\PROGRA~2\AUTOMA~1\z390\mac\DCB.MAC
UNREF     MZ390 FID= 14 ERR= 0 C:\PROGRA~2\AUTOMA~1\z390\mac\EQUREGS.MAC
UNREF     MZ390 total mnote warnings  = 0
***** RT\LINKLIB\SAVE\UNREF.STA
UNREF     MZ390 total pcode exec opt  = 1
UNREF     MZ390 FID=  1 ERR= 0 W:\work\z390\linklib\UNREF.MLC
UNREF     MZ390 FID=  2 ERR= 0 W:\work\z390\LINKLIB\UNREFUSR.CPY
UNREF     MZ390 FID=  3 ERR= 0 W:\work\z390\mac\SUBENTRY.MAC
UNREF     MZ390 FID=  4 ERR= 0 W:\work\z390\mac\OPEN.MAC
UNREF     MZ390 FID=  5 ERR= 0 W:\work\z390\mac\ZOPEN.MAC
UNREF     MZ390 FID=  6 ERR= 0 W:\work\z390\mac\DCBD.MAC
UNREF     MZ390 FID=  7 ERR= 0 W:\work\z390\mac\GET.MAC
UNREF     MZ390 FID=  8 ERR= 0 W:\work\z390\mac\ABEND.MAC
UNREF     MZ390 FID=  9 ERR= 0 W:\work\z390\mac\PUT.MAC
UNREF     MZ390 FID= 10 ERR= 0 W:\work\z390\mac\CLOSE.MAC
UNREF     MZ390 FID= 11 ERR= 0 W:\work\z390\mac\ZCLOSE.MAC
UNREF     MZ390 FID= 12 ERR= 0 W:\work\z390\mac\SUBEXIT.MAC
UNREF     MZ390 FID= 13 ERR= 0 W:\work\z390\mac\DCB.MAC
UNREF     MZ390 FID= 14 ERR= 0 W:\work\z390\mac\EQUREGS.MAC
UNREF     MZ390 total mnote warnings  = 0
*****

***** LINKLIB\UNREF.STA
UNREF     AZ390 total az390 errors    = 0
UNREF     MZ390 ENDED   RC= 0 MEM(MB)= MB IO=34025
UNREF     LZ390 START
***** RT\LINKLIB\SAVE\UNREF.STA
UNREF     AZ390 total az390 errors    = 0
UNREF     MZ390 ENDED   RC= 0 MEM(MB)= MB IO=34024
UNREF     LZ390 START
*****

***** LINKLIB\UNREF.STA
UNREF     LZ390 z390 is licensed under GNU General Public License
UNREF     LZ390 options = bal notiming stats ASCII 
  SYSCPY(MAC+LINKLIB) systerm(linklib\rtlink)
***** RT\LINKLIB\SAVE\UNREF.STA
UNREF     LZ390 z390 is licensed under GNU General Public License
UNREF     LZ390 options = W:\work\z390\z390.OPT=(time(60)) bal notiming stats ASCII 
  SYSCPY(MAC+LINKLIB) systerm(linklib\rtlink)
*****

***** LINKLIB\UNREF.STA
UNREF     LZ390 final_options=PROFILE=
UNREF     LZ390 final_options=STATS=C:\Program Files (x86)\Automated Software Tools\z390\linklib\UNREF.STA
UNREF     LZ390 final_options=SYSPARM=
UNREF     LZ390 final options=SYSTERM=C:\Program Files (x86)\Automated Software Tools\z390\linklib\rtlink.
UNREF     LZ390 final_options=ERR
UNREF     LZ390 final_options=TESTDD=
UNREF     LZ390 final_options=TIME=15
UNREF     LZ390 final_options=TRACE=
***** RT\LINKLIB\SAVE\UNREF.STA
UNREF     LZ390 final_options=PROFILE=
UNREF     LZ390 final_options=STATS=W:\work\z390\linklib\UNREF.STA
UNREF     LZ390 final_options=SYSPARM=
UNREF     LZ390 final_options=SYSTERM=W:\work\z390\linklib\rtlink.ERR
UNREF     LZ390 final_options=TESTDD=
UNREF     LZ390 final_options=TIME=60
UNREF     LZ390 final_options=TRACE=
*****

***** LINKLIB\UNREF.STA
UNREF     LZ390 total errors          = 0
UNREF     LZ390 ENDED   RC= 0 MEM(MB)= MB IO=3698
***** RT\LINKLIB\SAVE\UNREF.STA
UNREF     LZ390 total errors          = 0
UNREF     LZ390 ENDED   RC= 0 MEM(MB)= MB IO=3697
*****

