Comparing files DEMO\DEMONUM2.STA and RT\DEMO\SAVE\DEMONUM2.STA
***** DEMO\DEMONUM2.STA
DEMONUM2  MZ390 program = demo\DEMONUM2.MLC
DEMONUM2  MZ390 options = sysmac(C:\PROGRA~2\AUTOMA~1\z390\mac+.) 
  syscpy(C:\PROGRA~2\AUTOMA~1\z390\mac+.) notiming stats systerm(demo\rtdemo)
DEMONUM2  MZ390 final_options=ALIGN
***** RT\DEMO\SAVE\DEMONUM2.STA
DEMONUM2  MZ390 program = demo\DEMONUM2.MLC
DEMONUM2  MZ390 options = W:\work\z390\z390.OPT=(time(60)) sysmac(W:\work\z390\mac+.) 
  syscpy(W:\work\z390\mac+.) notiming stats systerm(demo\rtdemo)
DEMONUM2  MZ390 final_options=ALIGN
*****

***** DEMO\DEMONUM2.STA
DEMONUM2  MZ390 final_options=PROFILE=
DEMONUM2  MZ390 final_options=STATS=C:\Program Files (x86)\Automated Software Tools\z390\demo\DEMONUM2.STA
DEMONUM2  MZ390 final_options=SYSPARM=
DEMONUM2  MZ390 final_options=SYSTERM=C:\Program Files (x86)\Automated Software Tools\z390\demo\rtdemo.ERR
DEMONUM2  MZ390 final_options=TESTDD=
DEMONUM2  MZ390 final_options=TIME=15
DEMONUM2  MZ390 final_options=TRACE=
***** RT\DEMO\SAVE\DEMONUM2.STA
DEMONUM2  MZ390 final_options=PROFILE=
DEMONUM2  MZ390 final_options=STATS=W:\work\z390\demo\DEMONUM2.STA
DEMONUM2  MZ390 final_options=SYSPARM=
DEMONUM2  MZ390 final_options=SYSTERM=W:\work\z390\demo\rtdemo.ERR
DEMONUM2  MZ390 final_options=TESTDD=
DEMONUM2  MZ390 final_options=TIME=60
DEMONUM2  MZ390 final_options=TRACE=
*****

***** DEMO\DEMONUM2.STA
DEMONUM2  MZ390 final_options=SYSBAL=demo\
DEMONUM2  MZ390 final_options=SYSCPY=C:\PROGRA~2\AUTOMA~1\z390\mac+.
DEMONUM2  MZ390 final_options=SYSDAT=demo\
***** RT\DEMO\SAVE\DEMONUM2.STA
DEMONUM2  MZ390 final_options=SYSBAL=demo\
DEMONUM2  MZ390 final_options=SYSCPY=W:\work\z390\mac+.
DEMONUM2  MZ390 final_options=SYSDAT=demo\
*****

***** DEMO\DEMONUM2.STA
DEMONUM2  MZ390 final_options=SYSLST=demo\
DEMONUM2  MZ390 final_options=SYSMAC=C:\PROGRA~2\AUTOMA~1\z390\mac+.
DEMONUM2  MZ390 final_options=SYSMLC=demo\
***** RT\DEMO\SAVE\DEMONUM2.STA
DEMONUM2  MZ390 final_options=SYSLST=demo\
DEMONUM2  MZ390 final_options=SYSMAC=W:\work\z390\mac+.
DEMONUM2  MZ390 final_options=SYSMLC=demo\
*****

***** DEMO\DEMONUM2.STA
DEMONUM2  MZ390 total pcode exec opt  = 0
DEMONUM2  MZ390 FID=  1 ERR= 0 C:\Program Files (x86)\Automated Software Tools\z390\demo\DEMONUM2.MLC
DEMONUM2  MZ390 FID=  2 ERR= 0 C:\PROGRA~2\AUTOMA~1\z390\mac\SUBENTRY.MAC
DEMONUM2  MZ390 FID=  3 ERR= 0 C:\PROGRA~2\AUTOMA~1\z390\mac\WTO.MAC
DEMONUM2  MZ390 FID=  4 ERR= 0 C:\PROGRA~2\AUTOMA~1\z390\mac\SUBEXIT.MAC
DEMONUM2  MZ390 total mnote warnings  = 0
***** RT\DEMO\SAVE\DEMONUM2.STA
DEMONUM2  MZ390 total pcode exec opt  = 0
DEMONUM2  MZ390 FID=  1 ERR= 0 W:\work\z390\demo\DEMONUM2.MLC
DEMONUM2  MZ390 FID=  2 ERR= 0 W:\work\z390\mac\SUBENTRY.MAC
DEMONUM2  MZ390 FID=  3 ERR= 0 W:\work\z390\mac\WTO.MAC
DEMONUM2  MZ390 FID=  4 ERR= 0 W:\work\z390\mac\SUBEXIT.MAC
DEMONUM2  MZ390 total mnote warnings  = 0
*****

***** DEMO\DEMONUM2.STA
DEMONUM2  LZ390 z390 is licensed under GNU General Public License
DEMONUM2  LZ390 options = notiming stats systerm(demo\rtdemo)
DEMONUM2  LZ390 program = demo\DEMONUM2.OBJ
***** RT\DEMO\SAVE\DEMONUM2.STA
DEMONUM2  LZ390 z390 is licensed under GNU General Public License
DEMONUM2  LZ390 options = W:\work\z390\z390.OPT=(time(60)) notiming stats 
  systerm(demo\rtdemo)
DEMONUM2  LZ390 program = demo\DEMONUM2.OBJ
*****

***** DEMO\DEMONUM2.STA
DEMONUM2  LZ390 final_options=PROFILE=
DEMONUM2  LZ390 final_options=STATS=C:\Program Files (x86)\Automated Software Tools\z390\demo\DEMONUM2.STA
DEMONUM2  LZ390 final_options=SYSPARM=
DEMONUM2  LZ390 final_options=SYSTERM=C:\Program Files (x86)\Automated Software Tools\z390\demo\rtdemo.ERR
DEMONUM2  LZ390 final_options=TESTDD=
DEMONUM2  LZ390 final_options=TIME=15
DEMONUM2  LZ390 final_options=TRACE=
***** RT\DEMO\SAVE\DEMONUM2.STA
DEMONUM2  LZ390 final_options=PROFILE=
DEMONUM2  LZ390 final_options=STATS=W:\work\z390\demo\DEMONUM2.STA
DEMONUM2  LZ390 final_options=SYSPARM=
DEMONUM2  LZ390 final_options=SYSTERM=W:\work\z390\demo\rtdemo.ERR
DEMONUM2  LZ390 final_options=TESTDD=
DEMONUM2  LZ390 final_options=TIME=60
DEMONUM2  LZ390 final_options=TRACE=
*****

***** DEMO\DEMONUM2.STA
DEMONUM2  EZ390 program = demo\DEMONUM2.390
DEMONUM2  EZ390 options = notiming stats systerm(demo\rtdemo)
DEMONUM2  EZ390 final_options=ALIGN
***** RT\DEMO\SAVE\DEMONUM2.STA
DEMONUM2  EZ390 program = demo\DEMONUM2.390
DEMONUM2  EZ390 options = W:\work\z390\z390.OPT=(time(60)) notiming stats 
  systerm(demo\rtdemo)
DEMONUM2  EZ390 final_options=ALIGN
*****

***** DEMO\DEMONUM2.STA
DEMONUM2  EZ390 final_options=PROFILE=
DEMONUM2  EZ390 final_options=STATS=C:\Program Files (x86)\Automated Software Tools\z390\demo\DEMONUM2.STA
DEMONUM2  EZ390 final_options=SYSPARM=
DEMONUM2  EZ390 final_options=SYSTERM=C:\Program Files (x86)\Automated Software Tools\z390\demo\rtdemo.ERR
DEMONUM2  EZ390 final_options=TESTDD=
DEMONUM2  EZ390 final_options=TIME=15
DEMONUM2  EZ390 final_options=TRACE=
***** RT\DEMO\SAVE\DEMONUM2.STA
DEMONUM2  EZ390 final_options=PROFILE=
DEMONUM2  EZ390 final_options=STATS=W:\work\z390\demo\DEMONUM2.STA
DEMONUM2  EZ390 final_options=SYSPARM=
DEMONUM2  EZ390 final_options=SYSTERM=W:\work\z390\demo\rtdemo.ERR
DEMONUM2  EZ390 final_options=TESTDD=
DEMONUM2  EZ390 final_options=TIME=60
DEMONUM2  EZ390 final_options=TRACE=
*****

***** DEMO\DEMONUM2.STA
DEMONUM2  EZ390 final_options=IPL=
DEMONUM2  EZ390 final_options=LOG=C:\Program Files (x86)\Automated Software Tools\z390\demo\DEMONUM2.LOG
DEMONUM2  EZ390 final_options=SYS390=demo\+linklib
***** RT\DEMO\SAVE\DEMONUM2.STA
DEMONUM2  EZ390 final_options=IPL=
DEMONUM2  EZ390 final_options=LOG=W:\work\z390\demo\DEMONUM2.LOG
DEMONUM2  EZ390 final_options=SYS390=demo\+linklib
*****

