Comparing files VSAM\DEMO\DEMOCAT.STA and RT\VSAM\DEMO\SAVE\DEMOCAT.STA
***** VSAM\DEMO\DEMOCAT.STA
DEMOCAT   MZ390 program = vsam\demo\DEMOCAT.MLC
DEMOCAT   MZ390 options = sysmac(C:\PROGRA~2\AUTOMA~1\z390\mac+.) 
  syscpy(C:\PROGRA~2\AUTOMA~1\z390\mac+.) @vsam\rtvsam=(notiming stats tracev 
  traceq dump) systerm(w:\work\z390\vsam\test\rtvsam)
DEMOCAT   MZ390 final_options=ALIGN
***** RT\VSAM\DEMO\SAVE\DEMOCAT.STA
DEMOCAT   MZ390 program = vsam\demo\DEMOCAT.MLC
DEMOCAT   MZ390 options = W:\work\z390\z390.OPT=(time(60)) sysmac(W:\work\z390\mac+.) 
  syscpy(W:\work\z390\mac+.) @vsam\rtvsam=(notiming stats tracev traceq dump) 
  systerm(w:\work\z390\vsam\test\rtvsam)
DEMOCAT   MZ390 final_options=ALIGN
*****

***** VSAM\DEMO\DEMOCAT.STA
DEMOCAT   MZ390 final_options=PROFILE=
DEMOCAT   MZ390 final options=STATS=C:\Program Files (x86)\Automated Software Tools\z390\vsam\demo\DEMOCAT
DEMOCAT   MZ390 final_options=.STA
DEMOCAT   MZ390 final_options=SYSPARM=
***** RT\VSAM\DEMO\SAVE\DEMOCAT.STA
DEMOCAT   MZ390 final_options=PROFILE=
DEMOCAT   MZ390 final_options=STATS=W:\work\z390\vsam\demo\DEMOCAT.STA
DEMOCAT   MZ390 final_options=SYSPARM=
*****

***** VSAM\DEMO\DEMOCAT.STA
DEMOCAT   MZ390 final_options=TESTDD=
DEMOCAT   MZ390 final_options=TIME=15
DEMOCAT   MZ390 final_options=TRACE=
***** RT\VSAM\DEMO\SAVE\DEMOCAT.STA
DEMOCAT   MZ390 final_options=TESTDD=
DEMOCAT   MZ390 final_options=TIME=60
DEMOCAT   MZ390 final_options=TRACE=
*****

***** VSAM\DEMO\DEMOCAT.STA
DEMOCAT   MZ390 final_options=SYSBAL=vsam\demo\
DEMOCAT   MZ390 final_options=SYSCPY=C:\PROGRA~2\AUTOMA~1\z390\mac+.
DEMOCAT   MZ390 final_options=SYSDAT=vsam\demo\
***** RT\VSAM\DEMO\SAVE\DEMOCAT.STA
DEMOCAT   MZ390 final_options=SYSBAL=vsam\demo\
DEMOCAT   MZ390 final_options=SYSCPY=W:\work\z390\mac+.
DEMOCAT   MZ390 final_options=SYSDAT=vsam\demo\
*****

***** VSAM\DEMO\DEMOCAT.STA
DEMOCAT   MZ390 final_options=SYSLST=vsam\demo\
DEMOCAT   MZ390 final_options=SYSMAC=C:\PROGRA~2\AUTOMA~1\z390\mac+.
DEMOCAT   MZ390 final_options=SYSMLC=vsam\demo\
***** RT\VSAM\DEMO\SAVE\DEMOCAT.STA
DEMOCAT   MZ390 final_options=SYSLST=vsam\demo\
DEMOCAT   MZ390 final_options=SYSMAC=W:\work\z390\mac+.
DEMOCAT   MZ390 final_options=SYSMLC=vsam\demo\
*****

***** VSAM\DEMO\DEMOCAT.STA
DEMOCAT   MZ390 total pcode exec opt  = 12
DEMOCAT   MZ390 FID=  1 ERR= 0 C:\Program Files (x86)\Automated Software Tools\z390\vsam\demo\DEMOCAT.MLC
DEMOCAT   MZ390 FID=  2 ERR= 0 C:\PROGRA~2\AUTOMA~1\z390\mac\DEFINE.MAC
DEMOCAT   MZ390 FID=  3 ERR= 0 C:\PROGRA~2\AUTOMA~1\z390\mac\ZDEFINE.CPY
DEMOCAT   MZ390 FID=  4 ERR= 0 C:\PROGRA~2\AUTOMA~1\z390\mac\ZDEFINE.MAC
DEMOCAT   MZ390 FID=  5 ERR= 0 C:\PROGRA~2\AUTOMA~1\z390\mac\DCB.MAC
DEMOCAT   MZ390 FID=  6 ERR= 0 C:\PROGRA~2\AUTOMA~1\z390\mac\DCBD.MAC
DEMOCAT   MZ390 FID=  7 ERR= 0 C:\PROGRA~2\AUTOMA~1\z390\mac\VCDTD.MAC
DEMOCAT   MZ390 total mnote warnings  = 0
***** RT\VSAM\DEMO\SAVE\DEMOCAT.STA
DEMOCAT   MZ390 total pcode exec opt  = 12
DEMOCAT   MZ390 FID=  1 ERR= 0 W:\work\z390\vsam\demo\DEMOCAT.MLC
DEMOCAT   MZ390 FID=  2 ERR= 0 W:\work\z390\mac\DEFINE.MAC
DEMOCAT   MZ390 FID=  3 ERR= 0 W:\work\z390\mac\ZDEFINE.CPY
DEMOCAT   MZ390 FID=  4 ERR= 0 W:\work\z390\mac\ZDEFINE.MAC
DEMOCAT   MZ390 FID=  5 ERR= 0 W:\work\z390\mac\DCB.MAC
DEMOCAT   MZ390 FID=  6 ERR= 0 W:\work\z390\mac\DCBD.MAC
DEMOCAT   MZ390 FID=  7 ERR= 0 W:\work\z390\mac\VCDTD.MAC
DEMOCAT   MZ390 total mnote warnings  = 0
*****

***** VSAM\DEMO\DEMOCAT.STA
DEMOCAT   AZ390 total az390 errors    = 0
DEMOCAT   MZ390 ENDED   RC= 0 MEM(MB)= MB IO=3253
DEMOCAT   LZ390 START
***** RT\VSAM\DEMO\SAVE\DEMOCAT.STA
DEMOCAT   AZ390 total az390 errors    = 0
DEMOCAT   MZ390 ENDED   RC= 0 MEM(MB)= MB IO=3252
DEMOCAT   LZ390 START
*****

***** VSAM\DEMO\DEMOCAT.STA
DEMOCAT   LZ390 z390 is licensed under GNU General Public License
DEMOCAT   LZ390 options = @vsam\rtvsam=(notiming stats tracev traceq 
  dump) systerm(w:\work\z390\vsam\test\rtvsam)
DEMOCAT   LZ390 program = vsam\demo\DEMOCAT.OBJ
***** RT\VSAM\DEMO\SAVE\DEMOCAT.STA
DEMOCAT   LZ390 z390 is licensed under GNU General Public License
DEMOCAT   LZ390 options = W:\work\z390\z390.OPT=(time(60)) @vsam\rtvsam=(notiming stats tracev 
  traceq dump) systerm(w:\work\z390\vsam\test\rtvsam)
DEMOCAT   LZ390 program = vsam\demo\DEMOCAT.OBJ
*****

***** VSAM\DEMO\DEMOCAT.STA
DEMOCAT   LZ390 final_options=PROFILE=
DEMOCAT   LZ390 final options=STATS=C:\Program Files (x86)\Automated Software Tools\z390\vsam\demo\DEMOCAT
DEMOCAT   LZ390 final_options=.STA
DEMOCAT   LZ390 final_options=SYSPARM=
***** RT\VSAM\DEMO\SAVE\DEMOCAT.STA
DEMOCAT   LZ390 final_options=PROFILE=
DEMOCAT   LZ390 final_options=STATS=W:\work\z390\vsam\demo\DEMOCAT.STA
DEMOCAT   LZ390 final_options=SYSPARM=
*****

***** VSAM\DEMO\DEMOCAT.STA
DEMOCAT   LZ390 final_options=TESTDD=
DEMOCAT   LZ390 final_options=TIME=15
DEMOCAT   LZ390 final_options=TRACE=
***** RT\VSAM\DEMO\SAVE\DEMOCAT.STA
DEMOCAT   LZ390 final_options=TESTDD=
DEMOCAT   LZ390 final_options=TIME=60
DEMOCAT   LZ390 final_options=TRACE=
*****

***** VSAM\DEMO\DEMOCAT.STA
DEMOCAT   LZ390 total errors          = 0
DEMOCAT   LZ390 ENDED   RC= 0 MEM(MB)= MB IO=675
***** RT\VSAM\DEMO\SAVE\DEMOCAT.STA
DEMOCAT   LZ390 total errors          = 0
DEMOCAT   LZ390 ENDED   RC= 0 MEM(MB)= MB IO=674
*****

