Comparing files VSE\DEMO\DEMOVSE3.STA and RT\VSE\DEMO\SAVE\DEMOVSE3.STA
***** VSE\DEMO\DEMOVSE3.STA
DEMOVSE3  MZ390 program = vse\demo\DEMOVSE3.MLC
DEMOVSE3  MZ390 options = sysmac(C:\PROGRA~2\AUTOMA~1\z390\mac+.) 
  syscpy(C:\PROGRA~2\AUTOMA~1\z390\mac+.) bal notiming stats 
  sysmac(vse\mac+mac) systerm(vse\test\rtvse)
DEMOVSE3  MZ390 final_options=ALIGN
***** RT\VSE\DEMO\SAVE\DEMOVSE3.STA
DEMOVSE3  MZ390 program = vse\demo\DEMOVSE3.MLC
DEMOVSE3  MZ390 options = W:\work\z390\z390.OPT=(time(60)) sysmac(W:\work\z390\mac+.) 
  syscpy(W:\work\z390\mac+.) bal notiming stats sysmac(vse\mac+mac) 
  systerm(vse\test\rtvse)
DEMOVSE3  MZ390 final_options=ALIGN
*****

***** VSE\DEMO\DEMOVSE3.STA
DEMOVSE3  MZ390 final_options=PROFILE=
DEMOVSE3  MZ390 final options=STATS=C:\Program Files (x86)\Automated Software Tools\z390\vse\demo\DEMOVSE3
DEMOVSE3  MZ390 final_options=.STA
DEMOVSE3  MZ390 final_options=SYSPARM=
DEMOVSE3  MZ390 final options=SYSTERM=C:\Program Files (x86)\Automated Software Tools\z390\vse\test\rtvse.
DEMOVSE3  MZ390 final_options=ERR
DEMOVSE3  MZ390 final_options=TESTDD=
DEMOVSE3  MZ390 final_options=TIME=15
DEMOVSE3  MZ390 final_options=TRACE=
***** RT\VSE\DEMO\SAVE\DEMOVSE3.STA
DEMOVSE3  MZ390 final_options=PROFILE=
DEMOVSE3  MZ390 final_options=STATS=W:\work\z390\vse\demo\DEMOVSE3.STA
DEMOVSE3  MZ390 final_options=SYSPARM=
DEMOVSE3  MZ390 final_options=SYSTERM=W:\work\z390\vse\test\rtvse.ERR
DEMOVSE3  MZ390 final_options=TESTDD=
DEMOVSE3  MZ390 final_options=TIME=60
DEMOVSE3  MZ390 final_options=TRACE=
*****

***** VSE\DEMO\DEMOVSE3.STA
DEMOVSE3  MZ390 final_options=SYSBAL=vse\demo\
DEMOVSE3  MZ390 final_options=SYSCPY=C:\PROGRA~2\AUTOMA~1\z390\mac+.
DEMOVSE3  MZ390 final_options=SYSDAT=vse\demo\
***** RT\VSE\DEMO\SAVE\DEMOVSE3.STA
DEMOVSE3  MZ390 final_options=SYSBAL=vse\demo\
DEMOVSE3  MZ390 final_options=SYSCPY=W:\work\z390\mac+.
DEMOVSE3  MZ390 final_options=SYSDAT=vse\demo\
*****

***** VSE\DEMO\DEMOVSE3.STA
DEMOVSE3  MZ390 total pcode exec opt  = 2
DEMOVSE3  MZ390 FID=  1 ERR= 0 C:\Program Files (x86)\Automated Software Tools\z390\vse\demo\DEMOVSE3.MLC
DEMOVSE3  MZ390 FID=  2 ERR= 0 C:\Program Files (x86)\Automated Software Tools\z390\mac\SUBENTRY.MAC
DEMOVSE3  MZ390 FID=  3 ERR= 0 C:\Program Files (x86)\Automated Software Tools\z390\mac\WTO.MAC
DEMOVSE3  MZ390 FID=  4 ERR= 0 C:\Program Files (x86)\Automated Software Tools\z390\vse\mac\OPEN.MAC
DEMOVSE3  MZ390 FID=  5 ERR= 0 C:\Program Files (x86)\Automated Software Tools\z390\mac\ZOPEN.MAC
DEMOVSE3  MZ390 FID=  6 ERR= 0 C:\Program Files (x86)\Automated Software Tools\z390\mac\ZOPTLR.MAC
DEMOVSE3  MZ390 FID=  7 ERR= 0 C:\Program Files (x86)\Automated Software Tools\z390\mac\DCBD.MAC
DEMOVSE3  MZ390 FID=  8 ERR= 0 C:\Program Files (x86)\Automated Software Tools\z390\mac\GET.MAC
DEMOVSE3  MZ390 FID=  9 ERR= 0 C:\Program Files (x86)\Automated Software Tools\z390\mac\PUT.MAC
DEMOVSE3  MZ390 FID= 10 ERR= 0 C:\Program Files (x86)\Automated Software Tools\z390\vse\mac\CLOSE.MAC
DEMOVSE3  MZ390 FID= 11 ERR= 0 C:\Program Files (x86)\Automated Software Tools\z390\mac\ZCLOSE.MAC
DEMOVSE3  MZ390 FID= 12 ERR= 0 C:\Program Files (x86)\Automated Software Tools\z390\mac\SUBEXIT.MAC
DEMOVSE3  MZ390 FID= 13 ERR= 0 C:\Program Files (x86)\Automated Software Tools\z390\vse\mac\DTFSD.MAC
DEMOVSE3  MZ390 FID= 14 ERR= 0 C:\Program Files (x86)\Automated Software Tools\z390\vse\mac\DTFPR.MAC
DEMOVSE3  MZ390 FID= 15 ERR= 0 C:\Program Files (x86)\Automated Software Tools\z390\vse\mac\EOJ.MAC
DEMOVSE3  MZ390 total mnote warnings  = 0
***** RT\VSE\DEMO\SAVE\DEMOVSE3.STA
DEMOVSE3  MZ390 total pcode exec opt  = 2
DEMOVSE3  MZ390 FID=  1 ERR= 0 W:\work\z390\vse\demo\DEMOVSE3.MLC
DEMOVSE3  MZ390 FID=  2 ERR= 0 W:\work\z390\mac\SUBENTRY.MAC
DEMOVSE3  MZ390 FID=  3 ERR= 0 W:\work\z390\mac\WTO.MAC
DEMOVSE3  MZ390 FID=  4 ERR= 0 W:\work\z390\vse\mac\OPEN.MAC
DEMOVSE3  MZ390 FID=  5 ERR= 0 W:\work\z390\mac\ZOPEN.MAC
DEMOVSE3  MZ390 FID=  6 ERR= 0 W:\work\z390\mac\ZOPTLR.MAC
DEMOVSE3  MZ390 FID=  7 ERR= 0 W:\work\z390\mac\DCBD.MAC
DEMOVSE3  MZ390 FID=  8 ERR= 0 W:\work\z390\mac\GET.MAC
DEMOVSE3  MZ390 FID=  9 ERR= 0 W:\work\z390\mac\PUT.MAC
DEMOVSE3  MZ390 FID= 10 ERR= 0 W:\work\z390\vse\mac\CLOSE.MAC
DEMOVSE3  MZ390 FID= 11 ERR= 0 W:\work\z390\mac\ZCLOSE.MAC
DEMOVSE3  MZ390 FID= 12 ERR= 0 W:\work\z390\mac\SUBEXIT.MAC
DEMOVSE3  MZ390 FID= 13 ERR= 0 W:\work\z390\vse\mac\DTFSD.MAC
DEMOVSE3  MZ390 FID= 14 ERR= 0 W:\work\z390\vse\mac\DTFPR.MAC
DEMOVSE3  MZ390 FID= 15 ERR= 0 W:\work\z390\vse\mac\EOJ.MAC
DEMOVSE3  MZ390 total mnote warnings  = 0
*****

***** VSE\DEMO\DEMOVSE3.STA
DEMOVSE3  AZ390 total az390 errors    = 0
DEMOVSE3  MZ390 ENDED   RC= 0 MEM(MB)= MB IO=3473
DEMOVSE3  LZ390 START
***** RT\VSE\DEMO\SAVE\DEMOVSE3.STA
DEMOVSE3  AZ390 total az390 errors    = 0
DEMOVSE3  MZ390 ENDED   RC= 0 MEM(MB)= MB IO=3471
DEMOVSE3  LZ390 START
*****

***** VSE\DEMO\DEMOVSE3.STA
DEMOVSE3  LZ390 z390 is licensed under GNU General Public License
DEMOVSE3  LZ390 options = bal notiming stats sysmac(vse\mac+mac) 
  systerm(vse\test\rtvse)
DEMOVSE3  LZ390 program = vse\demo\DEMOVSE3.OBJ
***** RT\VSE\DEMO\SAVE\DEMOVSE3.STA
DEMOVSE3  LZ390 z390 is licensed under GNU General Public License
DEMOVSE3  LZ390 options = W:\work\z390\z390.OPT=(time(60)) bal notiming stats 
  sysmac(vse\mac+mac) systerm(vse\test\rtvse)
DEMOVSE3  LZ390 program = vse\demo\DEMOVSE3.OBJ
*****

***** VSE\DEMO\DEMOVSE3.STA
DEMOVSE3  LZ390 final_options=PROFILE=
DEMOVSE3  LZ390 final options=STATS=C:\Program Files (x86)\Automated Software Tools\z390\vse\demo\DEMOVSE3
DEMOVSE3  LZ390 final_options=.STA
DEMOVSE3  LZ390 final_options=SYSPARM=
DEMOVSE3  LZ390 final options=SYSTERM=C:\Program Files (x86)\Automated Software Tools\z390\vse\test\rtvse.
DEMOVSE3  LZ390 final_options=ERR
DEMOVSE3  LZ390 final_options=TESTDD=
DEMOVSE3  LZ390 final_options=TIME=15
DEMOVSE3  LZ390 final_options=TRACE=
***** RT\VSE\DEMO\SAVE\DEMOVSE3.STA
DEMOVSE3  LZ390 final_options=PROFILE=
DEMOVSE3  LZ390 final_options=STATS=W:\work\z390\vse\demo\DEMOVSE3.STA
DEMOVSE3  LZ390 final_options=SYSPARM=
DEMOVSE3  LZ390 final_options=SYSTERM=W:\work\z390\vse\test\rtvse.ERR
DEMOVSE3  LZ390 final_options=TESTDD=
DEMOVSE3  LZ390 final_options=TIME=60
DEMOVSE3  LZ390 final_options=TRACE=
*****

***** VSE\DEMO\DEMOVSE3.STA
DEMOVSE3  LZ390 total errors          = 0
DEMOVSE3  LZ390 ENDED   RC= 0 MEM(MB)= MB IO=308
DEMOVSE3  EZ390 START
***** RT\VSE\DEMO\SAVE\DEMOVSE3.STA
DEMOVSE3  LZ390 total errors          = 0
DEMOVSE3  LZ390 ENDED   RC= 0 MEM(MB)= MB IO=306
DEMOVSE3  EZ390 START
*****

***** VSE\DEMO\DEMOVSE3.STA
DEMOVSE3  EZ390 program = vse\demo\DEMOVSE3.390
DEMOVSE3  EZ390 options = bal notiming stats sysmac(vse\mac+mac) 
  systerm(vse\test\rtvse)
DEMOVSE3  EZ390 final_options=ALIGN
***** RT\VSE\DEMO\SAVE\DEMOVSE3.STA
DEMOVSE3  EZ390 program = vse\demo\DEMOVSE3.390
DEMOVSE3  EZ390 options = W:\work\z390\z390.OPT=(time(60)) bal notiming stats 
  sysmac(vse\mac+mac) systerm(vse\test\rtvse)
DEMOVSE3  EZ390 final_options=ALIGN
*****

***** VSE\DEMO\DEMOVSE3.STA
DEMOVSE3  EZ390 final_options=PROFILE=
DEMOVSE3  EZ390 final options=STATS=C:\Program Files (x86)\Automated Software Tools\z390\vse\demo\DEMOVSE3
DEMOVSE3  EZ390 final_options=.STA
DEMOVSE3  EZ390 final_options=SYSPARM=
DEMOVSE3  EZ390 final options=SYSTERM=C:\Program Files (x86)\Automated Software Tools\z390\vse\test\rtvse.
DEMOVSE3  EZ390 final_options=ERR
DEMOVSE3  EZ390 final_options=TESTDD=
DEMOVSE3  EZ390 final_options=TIME=15
DEMOVSE3  EZ390 final_options=TRACE=
***** RT\VSE\DEMO\SAVE\DEMOVSE3.STA
DEMOVSE3  EZ390 final_options=PROFILE=
DEMOVSE3  EZ390 final_options=STATS=W:\work\z390\vse\demo\DEMOVSE3.STA
DEMOVSE3  EZ390 final_options=SYSPARM=
DEMOVSE3  EZ390 final_options=SYSTERM=W:\work\z390\vse\test\rtvse.ERR
DEMOVSE3  EZ390 final_options=TESTDD=
DEMOVSE3  EZ390 final_options=TIME=60
DEMOVSE3  EZ390 final_options=TRACE=
*****

***** VSE\DEMO\DEMOVSE3.STA
DEMOVSE3  EZ390 final_options=IPL=
DEMOVSE3  EZ390 final options=LOG=C:\Program Files (x86)\Automated Software Tools\z390\vse\demo\DEMOVSE3.L
DEMOVSE3  EZ390 final_options=OG
DEMOVSE3  EZ390 final_options=SYS390=vse\demo\+linklib
***** RT\VSE\DEMO\SAVE\DEMOVSE3.STA
DEMOVSE3  EZ390 final_options=IPL=
DEMOVSE3  EZ390 final_options=LOG=W:\work\z390\vse\demo\DEMOVSE3.LOG
DEMOVSE3  EZ390 final_options=SYS390=vse\demo\+linklib
*****

***** VSE\DEMO\DEMOVSE3.STA
DEMOVSE3  EZ390 total errors          = 0
DEMOVSE3  EZ390 ENDED   RC= 0 MEM(MB)= MB IO=171 INS=64
***** RT\VSE\DEMO\SAVE\DEMOVSE3.STA
DEMOVSE3  EZ390 total errors          = 0
DEMOVSE3  EZ390 ENDED   RC= 0 MEM(MB)= MB IO=168 INS=64
*****

