Comparing files DEMO\DEMOBMK1.STA and RT\DEMO\SAVE\DEMOBMK1.STA
***** DEMO\DEMOBMK1.STA
DEMOBMK1  MZ390 program = demo\DEMOBMK1.MLC
DEMOBMK1  MZ390 options = sysmac(C:\PROGRA~2\AUTOMA~1\z390\mac+.) 
  syscpy(C:\PROGRA~2\AUTOMA~1\z390\mac+.) notiming stats systerm(demo\rtdemo)
DEMOBMK1  MZ390 final_options=ALIGN
***** RT\DEMO\SAVE\DEMOBMK1.STA
DEMOBMK1  MZ390 program = demo\DEMOBMK1.MLC
DEMOBMK1  MZ390 options = W:\work\z390\z390.OPT=(time(60)) sysmac(W:\work\z390\mac+.) 
  syscpy(W:\work\z390\mac+.) notiming stats systerm(demo\rtdemo)
DEMOBMK1  MZ390 final_options=ALIGN
*****

***** DEMO\DEMOBMK1.STA
DEMOBMK1  MZ390 final_options=PROFILE=
DEMOBMK1  MZ390 final_options=STATS=C:\Program Files (x86)\Automated Software Tools\z390\demo\DEMOBMK1.STA
DEMOBMK1  MZ390 final_options=SYSPARM=
DEMOBMK1  MZ390 final_options=SYSTERM=C:\Program Files (x86)\Automated Software Tools\z390\demo\rtdemo.ERR
DEMOBMK1  MZ390 final_options=TESTDD=
DEMOBMK1  MZ390 final_options=TIME=15
DEMOBMK1  MZ390 final_options=TRACE=
***** RT\DEMO\SAVE\DEMOBMK1.STA
DEMOBMK1  MZ390 final_options=PROFILE=
DEMOBMK1  MZ390 final_options=STATS=W:\work\z390\demo\DEMOBMK1.STA
DEMOBMK1  MZ390 final_options=SYSPARM=
DEMOBMK1  MZ390 final_options=SYSTERM=W:\work\z390\demo\rtdemo.ERR
DEMOBMK1  MZ390 final_options=TESTDD=
DEMOBMK1  MZ390 final_options=TIME=60
DEMOBMK1  MZ390 final_options=TRACE=
*****

***** DEMO\DEMOBMK1.STA
DEMOBMK1  MZ390 final_options=SYSBAL=demo\
DEMOBMK1  MZ390 final_options=SYSCPY=C:\PROGRA~2\AUTOMA~1\z390\mac+.
DEMOBMK1  MZ390 final_options=SYSDAT=demo\
***** RT\DEMO\SAVE\DEMOBMK1.STA
DEMOBMK1  MZ390 final_options=SYSBAL=demo\
DEMOBMK1  MZ390 final_options=SYSCPY=W:\work\z390\mac+.
DEMOBMK1  MZ390 final_options=SYSDAT=demo\
*****

***** DEMO\DEMOBMK1.STA
DEMOBMK1  MZ390 final_options=SYSLST=demo\
DEMOBMK1  MZ390 final_options=SYSMAC=C:\PROGRA~2\AUTOMA~1\z390\mac+.
DEMOBMK1  MZ390 final_options=SYSMLC=demo\
***** RT\DEMO\SAVE\DEMOBMK1.STA
DEMOBMK1  MZ390 final_options=SYSLST=demo\
DEMOBMK1  MZ390 final_options=SYSMAC=W:\work\z390\mac+.
DEMOBMK1  MZ390 final_options=SYSMLC=demo\
*****

***** DEMO\DEMOBMK1.STA
DEMOBMK1  MZ390 total pcode exec opt  = 0
DEMOBMK1  MZ390 FID=  1 ERR= 0 C:\Program Files (x86)\Automated Software Tools\z390\demo\DEMOBMK1.MLC
DEMOBMK1  MZ390 FID=  2 ERR= 0 C:\PROGRA~2\AUTOMA~1\z390\mac\SUBENTRY.MAC
DEMOBMK1  MZ390 FID=  3 ERR= 0 C:\PROGRA~2\AUTOMA~1\z390\mac\WTO.MAC
DEMOBMK1  MZ390 FID=  4 ERR= 0 C:\PROGRA~2\AUTOMA~1\z390\mac\SUBEXIT.MAC
DEMOBMK1  MZ390 total mnote warnings  = 0
***** RT\DEMO\SAVE\DEMOBMK1.STA
DEMOBMK1  MZ390 total pcode exec opt  = 0
DEMOBMK1  MZ390 FID=  1 ERR= 0 W:\work\z390\demo\DEMOBMK1.MLC
DEMOBMK1  MZ390 FID=  2 ERR= 0 W:\work\z390\mac\SUBENTRY.MAC
DEMOBMK1  MZ390 FID=  3 ERR= 0 W:\work\z390\mac\WTO.MAC
DEMOBMK1  MZ390 FID=  4 ERR= 0 W:\work\z390\mac\SUBEXIT.MAC
DEMOBMK1  MZ390 total mnote warnings  = 0
*****

***** DEMO\DEMOBMK1.STA
DEMOBMK1  LZ390 z390 is licensed under GNU General Public License
DEMOBMK1  LZ390 options = notiming stats systerm(demo\rtdemo)
DEMOBMK1  LZ390 program = demo\DEMOBMK1.OBJ
***** RT\DEMO\SAVE\DEMOBMK1.STA
DEMOBMK1  LZ390 z390 is licensed under GNU General Public License
DEMOBMK1  LZ390 options = W:\work\z390\z390.OPT=(time(60)) notiming stats 
  systerm(demo\rtdemo)
DEMOBMK1  LZ390 program = demo\DEMOBMK1.OBJ
*****

***** DEMO\DEMOBMK1.STA
DEMOBMK1  LZ390 final_options=PROFILE=
DEMOBMK1  LZ390 final_options=STATS=C:\Program Files (x86)\Automated Software Tools\z390\demo\DEMOBMK1.STA
DEMOBMK1  LZ390 final_options=SYSPARM=
DEMOBMK1  LZ390 final_options=SYSTERM=C:\Program Files (x86)\Automated Software Tools\z390\demo\rtdemo.ERR
DEMOBMK1  LZ390 final_options=TESTDD=
DEMOBMK1  LZ390 final_options=TIME=15
DEMOBMK1  LZ390 final_options=TRACE=
***** RT\DEMO\SAVE\DEMOBMK1.STA
DEMOBMK1  LZ390 final_options=PROFILE=
DEMOBMK1  LZ390 final_options=STATS=W:\work\z390\demo\DEMOBMK1.STA
DEMOBMK1  LZ390 final_options=SYSPARM=
DEMOBMK1  LZ390 final_options=SYSTERM=W:\work\z390\demo\rtdemo.ERR
DEMOBMK1  LZ390 final_options=TESTDD=
DEMOBMK1  LZ390 final_options=TIME=60
DEMOBMK1  LZ390 final_options=TRACE=
*****

***** DEMO\DEMOBMK1.STA
DEMOBMK1  EZ390 program = demo\DEMOBMK1.390
DEMOBMK1  EZ390 options = notiming stats systerm(demo\rtdemo)
DEMOBMK1  EZ390 final_options=ALIGN
***** RT\DEMO\SAVE\DEMOBMK1.STA
DEMOBMK1  EZ390 program = demo\DEMOBMK1.390
DEMOBMK1  EZ390 options = W:\work\z390\z390.OPT=(time(60)) notiming stats 
  systerm(demo\rtdemo)
DEMOBMK1  EZ390 final_options=ALIGN
*****

***** DEMO\DEMOBMK1.STA
DEMOBMK1  EZ390 final_options=PROFILE=
DEMOBMK1  EZ390 final_options=STATS=C:\Program Files (x86)\Automated Software Tools\z390\demo\DEMOBMK1.STA
DEMOBMK1  EZ390 final_options=SYSPARM=
DEMOBMK1  EZ390 final_options=SYSTERM=C:\Program Files (x86)\Automated Software Tools\z390\demo\rtdemo.ERR
DEMOBMK1  EZ390 final_options=TESTDD=
DEMOBMK1  EZ390 final_options=TIME=15
DEMOBMK1  EZ390 final_options=TRACE=
***** RT\DEMO\SAVE\DEMOBMK1.STA
DEMOBMK1  EZ390 final_options=PROFILE=
DEMOBMK1  EZ390 final_options=STATS=W:\work\z390\demo\DEMOBMK1.STA
DEMOBMK1  EZ390 final_options=SYSPARM=
DEMOBMK1  EZ390 final_options=SYSTERM=W:\work\z390\demo\rtdemo.ERR
DEMOBMK1  EZ390 final_options=TESTDD=
DEMOBMK1  EZ390 final_options=TIME=60
DEMOBMK1  EZ390 final_options=TRACE=
*****

***** DEMO\DEMOBMK1.STA
DEMOBMK1  EZ390 final_options=IPL=
DEMOBMK1  EZ390 final_options=LOG=C:\Program Files (x86)\Automated Software Tools\z390\demo\DEMOBMK1.LOG
DEMOBMK1  EZ390 final_options=SYS390=demo\+linklib
***** RT\DEMO\SAVE\DEMOBMK1.STA
DEMOBMK1  EZ390 final_options=IPL=
DEMOBMK1  EZ390 final_options=LOG=W:\work\z390\demo\DEMOBMK1.LOG
DEMOBMK1  EZ390 final_options=SYS390=demo\+linklib
*****

