Comparing files VSAM\TEST\ESF1SKP1.STA and RT\VSAM\TEST\SAVE\ESF1SKP1.STA
***** VSAM\TEST\ESF1SKP1.STA
ESF1SKP1  MZ390 program = vsam\test\ESF1SKP1.MLC
ESF1SKP1  MZ390 options = sysmac(C:\PROGRA~2\AUTOMA~1\z390\mac+.) 
  syscpy(C:\PROGRA~2\AUTOMA~1\z390\mac+.) @vsam\rtvsam=(notiming stats tracev 
  traceq dump) systerm(w:\work\z390\vsam\test\rtvsam)
ESF1SKP1  MZ390 final_options=ALIGN
***** RT\VSAM\TEST\SAVE\ESF1SKP1.STA
ESF1SKP1  MZ390 program = vsam\test\ESF1SKP1.MLC
ESF1SKP1  MZ390 options = W:\work\z390\z390.OPT=(time(60)) sysmac(W:\work\z390\mac+.) 
  syscpy(W:\work\z390\mac+.) @vsam\rtvsam=(notiming stats tracev traceq dump) 
  systerm(w:\work\z390\vsam\test\rtvsam)
ESF1SKP1  MZ390 final_options=ALIGN
*****

***** VSAM\TEST\ESF1SKP1.STA
ESF1SKP1  MZ390 final_options=PROFILE=
ESF1SKP1  MZ390 final options=STATS=C:\Program Files (x86)\Automated Software Tools\z390\vsam\test\ESF1SKP
ESF1SKP1  MZ390 final_options=1.STA
ESF1SKP1  MZ390 final_options=SYSPARM=
***** RT\VSAM\TEST\SAVE\ESF1SKP1.STA
ESF1SKP1  MZ390 final_options=PROFILE=
ESF1SKP1  MZ390 final_options=STATS=W:\work\z390\vsam\test\ESF1SKP1.STA
ESF1SKP1  MZ390 final_options=SYSPARM=
*****

***** VSAM\TEST\ESF1SKP1.STA
ESF1SKP1  MZ390 final_options=TESTDD=
ESF1SKP1  MZ390 final_options=TIME=15
ESF1SKP1  MZ390 final_options=TRACE=
***** RT\VSAM\TEST\SAVE\ESF1SKP1.STA
ESF1SKP1  MZ390 final_options=TESTDD=
ESF1SKP1  MZ390 final_options=TIME=60
ESF1SKP1  MZ390 final_options=TRACE=
*****

***** VSAM\TEST\ESF1SKP1.STA
ESF1SKP1  MZ390 final_options=SYSBAL=vsam\test\
ESF1SKP1  MZ390 final_options=SYSCPY=C:\PROGRA~2\AUTOMA~1\z390\mac+.
ESF1SKP1  MZ390 final_options=SYSDAT=vsam\test\
***** RT\VSAM\TEST\SAVE\ESF1SKP1.STA
ESF1SKP1  MZ390 final_options=SYSBAL=vsam\test\
ESF1SKP1  MZ390 final_options=SYSCPY=W:\work\z390\mac+.
ESF1SKP1  MZ390 final_options=SYSDAT=vsam\test\
*****

***** VSAM\TEST\ESF1SKP1.STA
ESF1SKP1  MZ390 final_options=SYSLST=vsam\test\
ESF1SKP1  MZ390 final_options=SYSMAC=C:\PROGRA~2\AUTOMA~1\z390\mac+.
ESF1SKP1  MZ390 final_options=SYSMLC=vsam\test\
***** RT\VSAM\TEST\SAVE\ESF1SKP1.STA
ESF1SKP1  MZ390 final_options=SYSLST=vsam\test\
ESF1SKP1  MZ390 final_options=SYSMAC=W:\work\z390\mac+.
ESF1SKP1  MZ390 final_options=SYSMLC=vsam\test\
*****

***** VSAM\TEST\ESF1SKP1.STA
ESF1SKP1  MZ390 total pcode exec opt  = 5
ESF1SKP1  MZ390 FID=  1 ERR= 0 C:\Program Files (x86)\Automated Software Tools\z390\vsam\test\ESF1SKP1.MLC
ESF1SKP1  MZ390 FID=  2 ERR= 0 C:\PROGRA~2\AUTOMA~1\z390\mac\RT1.MAC
ESF1SKP1  MZ390 FID=  3 ERR= 0 C:\PROGRA~2\AUTOMA~1\z390\mac\SUBENTRY.MAC
ESF1SKP1  MZ390 FID=  4 ERR= 0 C:\PROGRA~2\AUTOMA~1\z390\mac\WTO.MAC
ESF1SKP1  MZ390 FID=  5 ERR= 0 C:\PROGRA~2\AUTOMA~1\z390\mac\SUBEXIT.MAC
ESF1SKP1  MZ390 FID=  6 ERR= 0 C:\PROGRA~2\AUTOMA~1\z390\mac\ABEND.MAC
ESF1SKP1  MZ390 FID=  7 ERR= 0 C:\PROGRA~2\AUTOMA~1\z390\mac\EQUREGS.MAC
ESF1SKP1  MZ390 FID=  8 ERR= 0 C:\PROGRA~2\AUTOMA~1\z390\mac\GENCB.MAC
ESF1SKP1  MZ390 FID=  9 ERR= 0 C:\PROGRA~2\AUTOMA~1\z390\mac\ACBD.MAC
ESF1SKP1  MZ390 FID= 10 ERR= 0 C:\PROGRA~2\AUTOMA~1\z390\mac\GETMAIN.MAC
ESF1SKP1  MZ390 FID= 11 ERR= 0 C:\PROGRA~2\AUTOMA~1\z390\mac\ZGENACB.MAC
ESF1SKP1  MZ390 FID= 12 ERR= 0 C:\PROGRA~2\AUTOMA~1\z390\mac\MODCB.MAC
ESF1SKP1  MZ390 FID= 13 ERR= 0 C:\PROGRA~2\AUTOMA~1\z390\mac\ZGENMACF.MAC
ESF1SKP1  MZ390 FID= 14 ERR= 0 C:\PROGRA~2\AUTOMA~1\z390\mac\ZMODCB.MAC
ESF1SKP1  MZ390 FID= 15 ERR= 0 C:\PROGRA~2\AUTOMA~1\z390\mac\OPEN.MAC
ESF1SKP1  MZ390 FID= 16 ERR= 0 C:\PROGRA~2\AUTOMA~1\z390\mac\ZOPEN.MAC
ESF1SKP1  MZ390 FID= 17 ERR= 0 C:\PROGRA~2\AUTOMA~1\z390\mac\ZOPTLR.MAC
ESF1SKP1  MZ390 FID= 18 ERR= 0 C:\PROGRA~2\AUTOMA~1\z390\mac\DCBD.MAC
ESF1SKP1  MZ390 FID= 19 ERR= 0 C:\PROGRA~2\AUTOMA~1\z390\mac\RPLD.MAC
ESF1SKP1  MZ390 FID= 20 ERR= 0 C:\PROGRA~2\AUTOMA~1\z390\mac\ZGENRPL.MAC
ESF1SKP1  MZ390 FID= 21 ERR= 0 C:\PROGRA~2\AUTOMA~1\z390\mac\ZGENOPTD.MAC
ESF1SKP1  MZ390 FID= 22 ERR= 0 C:\PROGRA~2\AUTOMA~1\z390\mac\POINT.MAC
ESF1SKP1  MZ390 FID= 23 ERR= 0 C:\PROGRA~2\AUTOMA~1\z390\mac\GET.MAC
ESF1SKP1  MZ390 FID= 24 ERR= 0 C:\PROGRA~2\AUTOMA~1\z390\mac\CLOSE.MAC
ESF1SKP1  MZ390 FID= 25 ERR= 0 C:\PROGRA~2\AUTOMA~1\z390\mac\ZCLOSE.MAC
ESF1SKP1  MZ390 total mnote warnings  = 0
***** RT\VSAM\TEST\SAVE\ESF1SKP1.STA
ESF1SKP1  MZ390 total pcode exec opt  = 5
ESF1SKP1  MZ390 FID=  1 ERR= 0 W:\work\z390\vsam\test\ESF1SKP1.MLC
ESF1SKP1  MZ390 FID=  2 ERR= 0 W:\work\z390\mac\RT1.MAC
ESF1SKP1  MZ390 FID=  3 ERR= 0 W:\work\z390\mac\SUBENTRY.MAC
ESF1SKP1  MZ390 FID=  4 ERR= 0 W:\work\z390\mac\WTO.MAC
ESF1SKP1  MZ390 FID=  5 ERR= 0 W:\work\z390\mac\SUBEXIT.MAC
ESF1SKP1  MZ390 FID=  6 ERR= 0 W:\work\z390\mac\ABEND.MAC
ESF1SKP1  MZ390 FID=  7 ERR= 0 W:\work\z390\mac\EQUREGS.MAC
ESF1SKP1  MZ390 FID=  8 ERR= 0 W:\work\z390\mac\GENCB.MAC
ESF1SKP1  MZ390 FID=  9 ERR= 0 W:\work\z390\mac\ACBD.MAC
ESF1SKP1  MZ390 FID= 10 ERR= 0 W:\work\z390\mac\GETMAIN.MAC
ESF1SKP1  MZ390 FID= 11 ERR= 0 W:\work\z390\mac\ZGENACB.MAC
ESF1SKP1  MZ390 FID= 12 ERR= 0 W:\work\z390\mac\MODCB.MAC
ESF1SKP1  MZ390 FID= 13 ERR= 0 W:\work\z390\mac\ZGENMACF.MAC
ESF1SKP1  MZ390 FID= 14 ERR= 0 W:\work\z390\mac\ZMODCB.MAC
ESF1SKP1  MZ390 FID= 15 ERR= 0 W:\work\z390\mac\OPEN.MAC
ESF1SKP1  MZ390 FID= 16 ERR= 0 W:\work\z390\mac\ZOPEN.MAC
ESF1SKP1  MZ390 FID= 17 ERR= 0 W:\work\z390\mac\ZOPTLR.MAC
ESF1SKP1  MZ390 FID= 18 ERR= 0 W:\work\z390\mac\DCBD.MAC
ESF1SKP1  MZ390 FID= 19 ERR= 0 W:\work\z390\mac\RPLD.MAC
ESF1SKP1  MZ390 FID= 20 ERR= 0 W:\work\z390\mac\ZGENRPL.MAC
ESF1SKP1  MZ390 FID= 21 ERR= 0 W:\work\z390\mac\ZGENOPTD.MAC
ESF1SKP1  MZ390 FID= 22 ERR= 0 W:\work\z390\mac\POINT.MAC
ESF1SKP1  MZ390 FID= 23 ERR= 0 W:\work\z390\mac\GET.MAC
ESF1SKP1  MZ390 FID= 24 ERR= 0 W:\work\z390\mac\CLOSE.MAC
ESF1SKP1  MZ390 FID= 25 ERR= 0 W:\work\z390\mac\ZCLOSE.MAC
ESF1SKP1  MZ390 total mnote warnings  = 0
*****

***** VSAM\TEST\ESF1SKP1.STA
ESF1SKP1  AZ390 total az390 errors    = 0
ESF1SKP1  MZ390 ENDED   RC= 0 MEM(MB)= MB IO=7016
ESF1SKP1  LZ390 START
***** RT\VSAM\TEST\SAVE\ESF1SKP1.STA
ESF1SKP1  AZ390 total az390 errors    = 0
ESF1SKP1  MZ390 ENDED   RC= 0 MEM(MB)= MB IO=7015
ESF1SKP1  LZ390 START
*****

***** VSAM\TEST\ESF1SKP1.STA
ESF1SKP1  LZ390 z390 is licensed under GNU General Public License
ESF1SKP1  LZ390 options = @vsam\rtvsam=(notiming stats tracev traceq 
  dump) systerm(w:\work\z390\vsam\test\rtvsam)
ESF1SKP1  LZ390 program = vsam\test\ESF1SKP1.OBJ
***** RT\VSAM\TEST\SAVE\ESF1SKP1.STA
ESF1SKP1  LZ390 z390 is licensed under GNU General Public License
ESF1SKP1  LZ390 options = W:\work\z390\z390.OPT=(time(60)) @vsam\rtvsam=(notiming stats tracev 
  traceq dump) systerm(w:\work\z390\vsam\test\rtvsam)
ESF1SKP1  LZ390 program = vsam\test\ESF1SKP1.OBJ
*****

***** VSAM\TEST\ESF1SKP1.STA
ESF1SKP1  LZ390 final_options=PROFILE=
ESF1SKP1  LZ390 final options=STATS=C:\Program Files (x86)\Automated Software Tools\z390\vsam\test\ESF1SKP
ESF1SKP1  LZ390 final_options=1.STA
ESF1SKP1  LZ390 final_options=SYSPARM=
***** RT\VSAM\TEST\SAVE\ESF1SKP1.STA
ESF1SKP1  LZ390 final_options=PROFILE=
ESF1SKP1  LZ390 final_options=STATS=W:\work\z390\vsam\test\ESF1SKP1.STA
ESF1SKP1  LZ390 final_options=SYSPARM=
*****

***** VSAM\TEST\ESF1SKP1.STA
ESF1SKP1  LZ390 final_options=TESTDD=
ESF1SKP1  LZ390 final_options=TIME=15
ESF1SKP1  LZ390 final_options=TRACE=
***** RT\VSAM\TEST\SAVE\ESF1SKP1.STA
ESF1SKP1  LZ390 final_options=TESTDD=
ESF1SKP1  LZ390 final_options=TIME=60
ESF1SKP1  LZ390 final_options=TRACE=
*****

***** VSAM\TEST\ESF1SKP1.STA
ESF1SKP1  LZ390 total errors          = 0
ESF1SKP1  LZ390 ENDED   RC= 0 MEM(MB)= MB IO=614
ESF1SKP1  EZ390 START
***** RT\VSAM\TEST\SAVE\ESF1SKP1.STA
ESF1SKP1  LZ390 total errors          = 0
ESF1SKP1  LZ390 ENDED   RC= 0 MEM(MB)= MB IO=613
ESF1SKP1  EZ390 START
*****

***** VSAM\TEST\ESF1SKP1.STA
ESF1SKP1  EZ390 program = vsam\test\ESF1SKP1.390
ESF1SKP1  EZ390 options = @vsam\rtvsam=(notiming stats tracev traceq 
  dump) systerm(w:\work\z390\vsam\test\rtvsam)
ESF1SKP1  EZ390 final_options=ALIGN
***** RT\VSAM\TEST\SAVE\ESF1SKP1.STA
ESF1SKP1  EZ390 program = vsam\test\ESF1SKP1.390
ESF1SKP1  EZ390 options = W:\work\z390\z390.OPT=(time(60)) @vsam\rtvsam=(notiming stats tracev 
  traceq dump) systerm(w:\work\z390\vsam\test\rtvsam)
ESF1SKP1  EZ390 final_options=ALIGN
*****

***** VSAM\TEST\ESF1SKP1.STA
ESF1SKP1  EZ390 final_options=PROFILE=
ESF1SKP1  EZ390 final options=STATS=C:\Program Files (x86)\Automated Software Tools\z390\vsam\test\ESF1SKP
ESF1SKP1  EZ390 final_options=1.STA
ESF1SKP1  EZ390 final_options=SYSPARM=
***** RT\VSAM\TEST\SAVE\ESF1SKP1.STA
ESF1SKP1  EZ390 final_options=PROFILE=
ESF1SKP1  EZ390 final_options=STATS=W:\work\z390\vsam\test\ESF1SKP1.STA
ESF1SKP1  EZ390 final_options=SYSPARM=
*****

***** VSAM\TEST\ESF1SKP1.STA
ESF1SKP1  EZ390 final_options=TESTDD=
ESF1SKP1  EZ390 final_options=TIME=15
ESF1SKP1  EZ390 final_options=TRACE=
***** RT\VSAM\TEST\SAVE\ESF1SKP1.STA
ESF1SKP1  EZ390 final_options=TESTDD=
ESF1SKP1  EZ390 final_options=TIME=60
ESF1SKP1  EZ390 final_options=TRACE=
*****

***** VSAM\TEST\ESF1SKP1.STA
ESF1SKP1  EZ390 final_options=IPL=
ESF1SKP1  EZ390 final options=LOG=C:\Program Files (x86)\Automated Software Tools\z390\vsam\test\ESF1SKP1.
ESF1SKP1  EZ390 final_options=LOG
ESF1SKP1  EZ390 final_options=SYS390=vsam\test\+linklib
***** RT\VSAM\TEST\SAVE\ESF1SKP1.STA
ESF1SKP1  EZ390 final_options=IPL=
ESF1SKP1  EZ390 final_options=LOG=W:\work\z390\vsam\test\ESF1SKP1.LOG
ESF1SKP1  EZ390 final_options=SYS390=vsam\test\+linklib
*****

***** VSAM\TEST\ESF1SKP1.STA
ESF1SKP1  EZ390 total errors          = 0
ESF1SKP1  EZ390 ENDED   RC= 0 MEM(MB)= MB IO=466 INS=533
***** RT\VSAM\TEST\SAVE\ESF1SKP1.STA
ESF1SKP1  EZ390 total errors          = 0
ESF1SKP1  EZ390 ENDED   RC= 0 MEM(MB)= MB IO=464 INS=533
*****

