Comparing files VSAM\DEMO\ESF1.STA and RT\VSAM\DEMO\SAVE\ESF1.STA
***** VSAM\DEMO\ESF1.STA
ESF1      MZ390 program = vsam\demo\ESF1.MLC
ESF1      MZ390 options = sysmac(C:\PROGRA~2\AUTOMA~1\z390\mac+.) 
  syscpy(C:\PROGRA~2\AUTOMA~1\z390\mac+.) @vsam\rtvsam=(notiming stats tracev 
  traceq dump) systerm(w:\work\z390\vsam\test\rtvsam)
ESF1      MZ390 final_options=ALIGN
***** RT\VSAM\DEMO\SAVE\ESF1.STA
ESF1      MZ390 program = vsam\demo\ESF1.MLC
ESF1      MZ390 options = W:\work\z390\z390.OPT=(time(60)) sysmac(W:\work\z390\mac+.) 
  syscpy(W:\work\z390\mac+.) @vsam\rtvsam=(notiming stats tracev traceq dump) 
  systerm(w:\work\z390\vsam\test\rtvsam)
ESF1      MZ390 final_options=ALIGN
*****

***** VSAM\DEMO\ESF1.STA
ESF1      MZ390 final_options=PROFILE=
ESF1      MZ390 final options=STATS=C:\Program Files (x86)\Automated Software Tools\z390\vsam\demo\ESF1.ST
ESF1      MZ390 final_options=A
ESF1      MZ390 final_options=SYSPARM=
***** RT\VSAM\DEMO\SAVE\ESF1.STA
ESF1      MZ390 final_options=PROFILE=
ESF1      MZ390 final_options=STATS=W:\work\z390\vsam\demo\ESF1.STA
ESF1      MZ390 final_options=SYSPARM=
*****

***** VSAM\DEMO\ESF1.STA
ESF1      MZ390 final_options=TESTDD=
ESF1      MZ390 final_options=TIME=15
ESF1      MZ390 final_options=TRACE=
***** RT\VSAM\DEMO\SAVE\ESF1.STA
ESF1      MZ390 final_options=TESTDD=
ESF1      MZ390 final_options=TIME=60
ESF1      MZ390 final_options=TRACE=
*****

***** VSAM\DEMO\ESF1.STA
ESF1      MZ390 final_options=SYSBAL=vsam\demo\
ESF1      MZ390 final_options=SYSCPY=C:\PROGRA~2\AUTOMA~1\z390\mac+.
ESF1      MZ390 final_options=SYSDAT=vsam\demo\
***** RT\VSAM\DEMO\SAVE\ESF1.STA
ESF1      MZ390 final_options=SYSBAL=vsam\demo\
ESF1      MZ390 final_options=SYSCPY=W:\work\z390\mac+.
ESF1      MZ390 final_options=SYSDAT=vsam\demo\
*****

***** VSAM\DEMO\ESF1.STA
ESF1      MZ390 final_options=SYSLST=vsam\demo\
ESF1      MZ390 final_options=SYSMAC=C:\PROGRA~2\AUTOMA~1\z390\mac+.
ESF1      MZ390 final_options=SYSMLC=vsam\demo\
***** RT\VSAM\DEMO\SAVE\ESF1.STA
ESF1      MZ390 final_options=SYSLST=vsam\demo\
ESF1      MZ390 final_options=SYSMAC=W:\work\z390\mac+.
ESF1      MZ390 final_options=SYSMLC=vsam\demo\
*****

***** VSAM\DEMO\ESF1.STA
ESF1      MZ390 total pcode exec opt  = 0
ESF1      MZ390 FID=  1 ERR= 0 C:\Program Files (x86)\Automated Software Tools\z390\vsam\demo\ESF1.MLC
ESF1      MZ390 FID=  2 ERR= 0 C:\PROGRA~2\AUTOMA~1\z390\mac\SUBENTRY.MAC
ESF1      MZ390 FID=  3 ERR= 0 C:\PROGRA~2\AUTOMA~1\z390\mac\WTO.MAC
ESF1      MZ390 FID=  4 ERR= 0 C:\PROGRA~2\AUTOMA~1\z390\mac\SUBEXIT.MAC
ESF1      MZ390 total mnote warnings  = 0
***** RT\VSAM\DEMO\SAVE\ESF1.STA
ESF1      MZ390 total pcode exec opt  = 0
ESF1      MZ390 FID=  1 ERR= 0 W:\work\z390\vsam\demo\ESF1.MLC
ESF1      MZ390 FID=  2 ERR= 0 W:\work\z390\mac\SUBENTRY.MAC
ESF1      MZ390 FID=  3 ERR= 0 W:\work\z390\mac\WTO.MAC
ESF1      MZ390 FID=  4 ERR= 0 W:\work\z390\mac\SUBEXIT.MAC
ESF1      MZ390 total mnote warnings  = 0
*****

***** VSAM\DEMO\ESF1.STA
ESF1      AZ390 total az390 errors    = 0
ESF1      MZ390 ENDED   RC= 0 MEM(MB)= MB IO=925
ESF1      LZ390 START
***** RT\VSAM\DEMO\SAVE\ESF1.STA
ESF1      AZ390 total az390 errors    = 0
ESF1      MZ390 ENDED   RC= 0 MEM(MB)= MB IO=924
ESF1      LZ390 START
*****

***** VSAM\DEMO\ESF1.STA
ESF1      LZ390 z390 is licensed under GNU General Public License
ESF1      LZ390 options = @vsam\rtvsam=(notiming stats tracev traceq 
  dump) systerm(w:\work\z390\vsam\test\rtvsam)
ESF1      LZ390 program = vsam\demo\ESF1.OBJ
***** RT\VSAM\DEMO\SAVE\ESF1.STA
ESF1      LZ390 z390 is licensed under GNU General Public License
ESF1      LZ390 options = W:\work\z390\z390.OPT=(time(60)) @vsam\rtvsam=(notiming stats tracev 
  traceq dump) systerm(w:\work\z390\vsam\test\rtvsam)
ESF1      LZ390 program = vsam\demo\ESF1.OBJ
*****

***** VSAM\DEMO\ESF1.STA
ESF1      LZ390 final_options=PROFILE=
ESF1      LZ390 final options=STATS=C:\Program Files (x86)\Automated Software Tools\z390\vsam\demo\ESF1.ST
ESF1      LZ390 final_options=A
ESF1      LZ390 final_options=SYSPARM=
***** RT\VSAM\DEMO\SAVE\ESF1.STA
ESF1      LZ390 final_options=PROFILE=
ESF1      LZ390 final_options=STATS=W:\work\z390\vsam\demo\ESF1.STA
ESF1      LZ390 final_options=SYSPARM=
*****

***** VSAM\DEMO\ESF1.STA
ESF1      LZ390 final_options=TESTDD=
ESF1      LZ390 final_options=TIME=15
ESF1      LZ390 final_options=TRACE=
***** RT\VSAM\DEMO\SAVE\ESF1.STA
ESF1      LZ390 final_options=TESTDD=
ESF1      LZ390 final_options=TIME=60
ESF1      LZ390 final_options=TRACE=
*****

***** VSAM\DEMO\ESF1.STA
ESF1      LZ390 total errors          = 0
ESF1      LZ390 ENDED   RC= 0 MEM(MB)= MB IO=196
***** RT\VSAM\DEMO\SAVE\ESF1.STA
ESF1      LZ390 total errors          = 0
ESF1      LZ390 ENDED   RC= 0 MEM(MB)= MB IO=195
*****

