Comparing files VSAM\TEST\ESV1SKP1.STA and RT\VSAM\TEST\SAVE\ESV1SKP1.STA
***** VSAM\TEST\ESV1SKP1.STA
ESV1SKP1  MZ390 program = vsam\test\ESV1SKP1.MLC
ESV1SKP1  MZ390 options = sysmac(C:\PROGRA~2\AUTOMA~1\z390\mac+.) 
  syscpy(C:\PROGRA~2\AUTOMA~1\z390\mac+.) @vsam\rtvsam=(notiming stats tracev 
  traceq dump) systerm(w:\work\z390\vsam\test\rtvsam)
ESV1SKP1  MZ390 final_options=ALIGN
***** RT\VSAM\TEST\SAVE\ESV1SKP1.STA
ESV1SKP1  MZ390 program = vsam\test\ESV1SKP1.MLC
ESV1SKP1  MZ390 options = W:\work\z390\z390.OPT=(time(60)) sysmac(W:\work\z390\mac+.) 
  syscpy(W:\work\z390\mac+.) @vsam\rtvsam=(notiming stats tracev traceq dump) 
  systerm(w:\work\z390\vsam\test\rtvsam)
ESV1SKP1  MZ390 final_options=ALIGN
*****

***** VSAM\TEST\ESV1SKP1.STA
ESV1SKP1  MZ390 final_options=PROFILE=
ESV1SKP1  MZ390 final options=STATS=C:\Program Files (x86)\Automated Software Tools\z390\vsam\test\ESV1SKP
ESV1SKP1  MZ390 final_options=1.STA
ESV1SKP1  MZ390 final_options=SYSPARM=
***** RT\VSAM\TEST\SAVE\ESV1SKP1.STA
ESV1SKP1  MZ390 final_options=PROFILE=
ESV1SKP1  MZ390 final_options=STATS=W:\work\z390\vsam\test\ESV1SKP1.STA
ESV1SKP1  MZ390 final_options=SYSPARM=
*****

***** VSAM\TEST\ESV1SKP1.STA
ESV1SKP1  MZ390 final_options=TESTDD=
ESV1SKP1  MZ390 final_options=TIME=15
ESV1SKP1  MZ390 final_options=TRACE=
***** RT\VSAM\TEST\SAVE\ESV1SKP1.STA
ESV1SKP1  MZ390 final_options=TESTDD=
ESV1SKP1  MZ390 final_options=TIME=60
ESV1SKP1  MZ390 final_options=TRACE=
*****

***** VSAM\TEST\ESV1SKP1.STA
ESV1SKP1  MZ390 final_options=SYSBAL=vsam\test\
ESV1SKP1  MZ390 final_options=SYSCPY=C:\PROGRA~2\AUTOMA~1\z390\mac+.
ESV1SKP1  MZ390 final_options=SYSDAT=vsam\test\
***** RT\VSAM\TEST\SAVE\ESV1SKP1.STA
ESV1SKP1  MZ390 final_options=SYSBAL=vsam\test\
ESV1SKP1  MZ390 final_options=SYSCPY=W:\work\z390\mac+.
ESV1SKP1  MZ390 final_options=SYSDAT=vsam\test\
*****

***** VSAM\TEST\ESV1SKP1.STA
ESV1SKP1  MZ390 final_options=SYSLST=vsam\test\
ESV1SKP1  MZ390 final_options=SYSMAC=C:\PROGRA~2\AUTOMA~1\z390\mac+.
ESV1SKP1  MZ390 final_options=SYSMLC=vsam\test\
***** RT\VSAM\TEST\SAVE\ESV1SKP1.STA
ESV1SKP1  MZ390 final_options=SYSLST=vsam\test\
ESV1SKP1  MZ390 final_options=SYSMAC=W:\work\z390\mac+.
ESV1SKP1  MZ390 final_options=SYSMLC=vsam\test\
*****

***** VSAM\TEST\ESV1SKP1.STA
ESV1SKP1  MZ390 total pcode exec opt  = 5
ESV1SKP1  MZ390 FID=  1 ERR= 0 C:\Program Files (x86)\Automated Software Tools\z390\vsam\test\ESV1SKP1.MLC
ESV1SKP1  MZ390 FID=  2 ERR= 0 C:\PROGRA~2\AUTOMA~1\z390\mac\RT1.MAC
ESV1SKP1  MZ390 FID=  3 ERR= 0 C:\PROGRA~2\AUTOMA~1\z390\mac\SUBENTRY.MAC
ESV1SKP1  MZ390 FID=  4 ERR= 0 C:\PROGRA~2\AUTOMA~1\z390\mac\WTO.MAC
ESV1SKP1  MZ390 FID=  5 ERR= 0 C:\PROGRA~2\AUTOMA~1\z390\mac\SUBEXIT.MAC
ESV1SKP1  MZ390 FID=  6 ERR= 0 C:\PROGRA~2\AUTOMA~1\z390\mac\ABEND.MAC
ESV1SKP1  MZ390 FID=  7 ERR= 0 C:\PROGRA~2\AUTOMA~1\z390\mac\EQUREGS.MAC
ESV1SKP1  MZ390 FID=  8 ERR= 0 C:\PROGRA~2\AUTOMA~1\z390\mac\GENCB.MAC
ESV1SKP1  MZ390 FID=  9 ERR= 0 C:\PROGRA~2\AUTOMA~1\z390\mac\ACBD.MAC
ESV1SKP1  MZ390 FID= 10 ERR= 0 C:\PROGRA~2\AUTOMA~1\z390\mac\GETMAIN.MAC
ESV1SKP1  MZ390 FID= 11 ERR= 0 C:\PROGRA~2\AUTOMA~1\z390\mac\ZGENACB.MAC
ESV1SKP1  MZ390 FID= 12 ERR= 0 C:\PROGRA~2\AUTOMA~1\z390\mac\MODCB.MAC
ESV1SKP1  MZ390 FID= 13 ERR= 0 C:\PROGRA~2\AUTOMA~1\z390\mac\ZGENMACF.MAC
ESV1SKP1  MZ390 FID= 14 ERR= 0 C:\PROGRA~2\AUTOMA~1\z390\mac\ZMODCB.MAC
ESV1SKP1  MZ390 FID= 15 ERR= 0 C:\PROGRA~2\AUTOMA~1\z390\mac\OPEN.MAC
ESV1SKP1  MZ390 FID= 16 ERR= 0 C:\PROGRA~2\AUTOMA~1\z390\mac\ZOPEN.MAC
ESV1SKP1  MZ390 FID= 17 ERR= 0 C:\PROGRA~2\AUTOMA~1\z390\mac\ZOPTLR.MAC
ESV1SKP1  MZ390 FID= 18 ERR= 0 C:\PROGRA~2\AUTOMA~1\z390\mac\DCBD.MAC
ESV1SKP1  MZ390 FID= 19 ERR= 0 C:\PROGRA~2\AUTOMA~1\z390\mac\RPLD.MAC
ESV1SKP1  MZ390 FID= 20 ERR= 0 C:\PROGRA~2\AUTOMA~1\z390\mac\ZGENRPL.MAC
ESV1SKP1  MZ390 FID= 21 ERR= 0 C:\PROGRA~2\AUTOMA~1\z390\mac\ZGENOPTD.MAC
ESV1SKP1  MZ390 FID= 22 ERR= 0 C:\PROGRA~2\AUTOMA~1\z390\mac\POINT.MAC
ESV1SKP1  MZ390 FID= 23 ERR= 0 C:\PROGRA~2\AUTOMA~1\z390\mac\GET.MAC
ESV1SKP1  MZ390 FID= 24 ERR= 0 C:\PROGRA~2\AUTOMA~1\z390\mac\CLOSE.MAC
ESV1SKP1  MZ390 FID= 25 ERR= 0 C:\PROGRA~2\AUTOMA~1\z390\mac\ZCLOSE.MAC
ESV1SKP1  MZ390 total mnote warnings  = 0
***** RT\VSAM\TEST\SAVE\ESV1SKP1.STA
ESV1SKP1  MZ390 total pcode exec opt  = 5
ESV1SKP1  MZ390 FID=  1 ERR= 0 W:\work\z390\vsam\test\ESV1SKP1.MLC
ESV1SKP1  MZ390 FID=  2 ERR= 0 W:\work\z390\mac\RT1.MAC
ESV1SKP1  MZ390 FID=  3 ERR= 0 W:\work\z390\mac\SUBENTRY.MAC
ESV1SKP1  MZ390 FID=  4 ERR= 0 W:\work\z390\mac\WTO.MAC
ESV1SKP1  MZ390 FID=  5 ERR= 0 W:\work\z390\mac\SUBEXIT.MAC
ESV1SKP1  MZ390 FID=  6 ERR= 0 W:\work\z390\mac\ABEND.MAC
ESV1SKP1  MZ390 FID=  7 ERR= 0 W:\work\z390\mac\EQUREGS.MAC
ESV1SKP1  MZ390 FID=  8 ERR= 0 W:\work\z390\mac\GENCB.MAC
ESV1SKP1  MZ390 FID=  9 ERR= 0 W:\work\z390\mac\ACBD.MAC
ESV1SKP1  MZ390 FID= 10 ERR= 0 W:\work\z390\mac\GETMAIN.MAC
ESV1SKP1  MZ390 FID= 11 ERR= 0 W:\work\z390\mac\ZGENACB.MAC
ESV1SKP1  MZ390 FID= 12 ERR= 0 W:\work\z390\mac\MODCB.MAC
ESV1SKP1  MZ390 FID= 13 ERR= 0 W:\work\z390\mac\ZGENMACF.MAC
ESV1SKP1  MZ390 FID= 14 ERR= 0 W:\work\z390\mac\ZMODCB.MAC
ESV1SKP1  MZ390 FID= 15 ERR= 0 W:\work\z390\mac\OPEN.MAC
ESV1SKP1  MZ390 FID= 16 ERR= 0 W:\work\z390\mac\ZOPEN.MAC
ESV1SKP1  MZ390 FID= 17 ERR= 0 W:\work\z390\mac\ZOPTLR.MAC
ESV1SKP1  MZ390 FID= 18 ERR= 0 W:\work\z390\mac\DCBD.MAC
ESV1SKP1  MZ390 FID= 19 ERR= 0 W:\work\z390\mac\RPLD.MAC
ESV1SKP1  MZ390 FID= 20 ERR= 0 W:\work\z390\mac\ZGENRPL.MAC
ESV1SKP1  MZ390 FID= 21 ERR= 0 W:\work\z390\mac\ZGENOPTD.MAC
ESV1SKP1  MZ390 FID= 22 ERR= 0 W:\work\z390\mac\POINT.MAC
ESV1SKP1  MZ390 FID= 23 ERR= 0 W:\work\z390\mac\GET.MAC
ESV1SKP1  MZ390 FID= 24 ERR= 0 W:\work\z390\mac\CLOSE.MAC
ESV1SKP1  MZ390 FID= 25 ERR= 0 W:\work\z390\mac\ZCLOSE.MAC
ESV1SKP1  MZ390 total mnote warnings  = 0
*****

***** VSAM\TEST\ESV1SKP1.STA
ESV1SKP1  AZ390 total az390 errors    = 0
ESV1SKP1  MZ390 ENDED   RC= 0 MEM(MB)= MB IO=7216
ESV1SKP1  LZ390 START
***** RT\VSAM\TEST\SAVE\ESV1SKP1.STA
ESV1SKP1  AZ390 total az390 errors    = 0
ESV1SKP1  MZ390 ENDED   RC= 0 MEM(MB)= MB IO=7215
ESV1SKP1  LZ390 START
*****

***** VSAM\TEST\ESV1SKP1.STA
ESV1SKP1  LZ390 z390 is licensed under GNU General Public License
ESV1SKP1  LZ390 options = @vsam\rtvsam=(notiming stats tracev traceq 
  dump) systerm(w:\work\z390\vsam\test\rtvsam)
ESV1SKP1  LZ390 program = vsam\test\ESV1SKP1.OBJ
***** RT\VSAM\TEST\SAVE\ESV1SKP1.STA
ESV1SKP1  LZ390 z390 is licensed under GNU General Public License
ESV1SKP1  LZ390 options = W:\work\z390\z390.OPT=(time(60)) @vsam\rtvsam=(notiming stats tracev 
  traceq dump) systerm(w:\work\z390\vsam\test\rtvsam)
ESV1SKP1  LZ390 program = vsam\test\ESV1SKP1.OBJ
*****

***** VSAM\TEST\ESV1SKP1.STA
ESV1SKP1  LZ390 final_options=PROFILE=
ESV1SKP1  LZ390 final options=STATS=C:\Program Files (x86)\Automated Software Tools\z390\vsam\test\ESV1SKP
ESV1SKP1  LZ390 final_options=1.STA
ESV1SKP1  LZ390 final_options=SYSPARM=
***** RT\VSAM\TEST\SAVE\ESV1SKP1.STA
ESV1SKP1  LZ390 final_options=PROFILE=
ESV1SKP1  LZ390 final_options=STATS=W:\work\z390\vsam\test\ESV1SKP1.STA
ESV1SKP1  LZ390 final_options=SYSPARM=
*****

***** VSAM\TEST\ESV1SKP1.STA
ESV1SKP1  LZ390 final_options=TESTDD=
ESV1SKP1  LZ390 final_options=TIME=15
ESV1SKP1  LZ390 final_options=TRACE=
***** RT\VSAM\TEST\SAVE\ESV1SKP1.STA
ESV1SKP1  LZ390 final_options=TESTDD=
ESV1SKP1  LZ390 final_options=TIME=60
ESV1SKP1  LZ390 final_options=TRACE=
*****

***** VSAM\TEST\ESV1SKP1.STA
ESV1SKP1  LZ390 total errors          = 0
ESV1SKP1  LZ390 ENDED   RC= 0 MEM(MB)= MB IO=832
ESV1SKP1  EZ390 START
***** RT\VSAM\TEST\SAVE\ESV1SKP1.STA
ESV1SKP1  LZ390 total errors          = 0
ESV1SKP1  LZ390 ENDED   RC= 0 MEM(MB)= MB IO=831
ESV1SKP1  EZ390 START
*****

***** VSAM\TEST\ESV1SKP1.STA
ESV1SKP1  EZ390 program = vsam\test\ESV1SKP1.390
ESV1SKP1  EZ390 options = @vsam\rtvsam=(notiming stats tracev traceq 
  dump) systerm(w:\work\z390\vsam\test\rtvsam)
ESV1SKP1  EZ390 final_options=ALIGN
***** RT\VSAM\TEST\SAVE\ESV1SKP1.STA
ESV1SKP1  EZ390 program = vsam\test\ESV1SKP1.390
ESV1SKP1  EZ390 options = W:\work\z390\z390.OPT=(time(60)) @vsam\rtvsam=(notiming stats tracev 
  traceq dump) systerm(w:\work\z390\vsam\test\rtvsam)
ESV1SKP1  EZ390 final_options=ALIGN
*****

***** VSAM\TEST\ESV1SKP1.STA
ESV1SKP1  EZ390 final_options=PROFILE=
ESV1SKP1  EZ390 final options=STATS=C:\Program Files (x86)\Automated Software Tools\z390\vsam\test\ESV1SKP
ESV1SKP1  EZ390 final_options=1.STA
ESV1SKP1  EZ390 final_options=SYSPARM=
***** RT\VSAM\TEST\SAVE\ESV1SKP1.STA
ESV1SKP1  EZ390 final_options=PROFILE=
ESV1SKP1  EZ390 final_options=STATS=W:\work\z390\vsam\test\ESV1SKP1.STA
ESV1SKP1  EZ390 final_options=SYSPARM=
*****

***** VSAM\TEST\ESV1SKP1.STA
ESV1SKP1  EZ390 final_options=TESTDD=
ESV1SKP1  EZ390 final_options=TIME=15
ESV1SKP1  EZ390 final_options=TRACE=
***** RT\VSAM\TEST\SAVE\ESV1SKP1.STA
ESV1SKP1  EZ390 final_options=TESTDD=
ESV1SKP1  EZ390 final_options=TIME=60
ESV1SKP1  EZ390 final_options=TRACE=
*****

***** VSAM\TEST\ESV1SKP1.STA
ESV1SKP1  EZ390 final_options=IPL=
ESV1SKP1  EZ390 final options=LOG=C:\Program Files (x86)\Automated Software Tools\z390\vsam\test\ESV1SKP1.
ESV1SKP1  EZ390 final_options=LOG
ESV1SKP1  EZ390 final_options=SYS390=vsam\test\+linklib
***** RT\VSAM\TEST\SAVE\ESV1SKP1.STA
ESV1SKP1  EZ390 final_options=IPL=
ESV1SKP1  EZ390 final_options=LOG=W:\work\z390\vsam\test\ESV1SKP1.LOG
ESV1SKP1  EZ390 final_options=SYS390=vsam\test\+linklib
*****

***** VSAM\TEST\ESV1SKP1.STA
ESV1SKP1  EZ390 total errors          = 0
ESV1SKP1  EZ390 ENDED   RC= 0 MEM(MB)= MB IO=466 INS=563
***** RT\VSAM\TEST\SAVE\ESV1SKP1.STA
ESV1SKP1  EZ390 total errors          = 0
ESV1SKP1  EZ390 ENDED   RC= 0 MEM(MB)= MB IO=464 INS=563
*****

