Comparing files LINKLIB\IEFBR14.STA and RT\LINKLIB\SAVE\IEFBR14.STA
***** LINKLIB\IEFBR14.STA
IEFBR14   MZ390 program = linklib\IEFBR14.MLC
IEFBR14   MZ390 options = sysmac(C:\PROGRA~2\AUTOMA~1\z390\mac+.) 
  syscpy(C:\PROGRA~2\AUTOMA~1\z390\mac+.) @rt\RT1=(bal notiming stats) 
  sysobj(linklib) systerm(linklib\rtlink)
IEFBR14   MZ390 final_options=ALIGN
***** RT\LINKLIB\SAVE\IEFBR14.STA
IEFBR14   MZ390 program = linklib\IEFBR14.MLC
IEFBR14   MZ390 options = W:\work\z390\z390.OPT=(time(60)) sysmac(W:\work\z390\mac+.) 
  syscpy(W:\work\z390\mac+.) @rt\RT1=(bal notiming stats) sysobj(linklib) 
  systerm(linklib\rtlink)
IEFBR14   MZ390 final_options=ALIGN
*****

***** LINKLIB\IEFBR14.STA
IEFBR14   MZ390 final_options=PROFILE=
IEFBR14   MZ390 final options=STATS=C:\Program Files (x86)\Automated Software Tools\z390\linklib\IEFBR14.S
IEFBR14   MZ390 final_options=TA
IEFBR14   MZ390 final_options=SYSPARM=
IEFBR14   MZ390 final options=SYSTERM=C:\Program Files (x86)\Automated Software Tools\z390\linklib\rtlink.
IEFBR14   MZ390 final_options=ERR
IEFBR14   MZ390 final_options=TESTDD=
IEFBR14   MZ390 final_options=TIME=15
IEFBR14   MZ390 final_options=TRACE=
***** RT\LINKLIB\SAVE\IEFBR14.STA
IEFBR14   MZ390 final_options=PROFILE=
IEFBR14   MZ390 final_options=STATS=W:\work\z390\linklib\IEFBR14.STA
IEFBR14   MZ390 final_options=SYSPARM=
IEFBR14   MZ390 final_options=SYSTERM=W:\work\z390\linklib\rtlink.ERR
IEFBR14   MZ390 final_options=TESTDD=
IEFBR14   MZ390 final_options=TIME=60
IEFBR14   MZ390 final_options=TRACE=
*****

***** LINKLIB\IEFBR14.STA
IEFBR14   MZ390 final_options=SYSBAL=linklib\
IEFBR14   MZ390 final_options=SYSCPY=C:\PROGRA~2\AUTOMA~1\z390\mac+.
IEFBR14   MZ390 final_options=SYSDAT=linklib\
***** RT\LINKLIB\SAVE\IEFBR14.STA
IEFBR14   MZ390 final_options=SYSBAL=linklib\
IEFBR14   MZ390 final_options=SYSCPY=W:\work\z390\mac+.
IEFBR14   MZ390 final_options=SYSDAT=linklib\
*****

***** LINKLIB\IEFBR14.STA
IEFBR14   MZ390 final_options=SYSLST=linklib\
IEFBR14   MZ390 final_options=SYSMAC=C:\PROGRA~2\AUTOMA~1\z390\mac+.
IEFBR14   MZ390 final_options=SYSMLC=linklib\
***** RT\LINKLIB\SAVE\IEFBR14.STA
IEFBR14   MZ390 final_options=SYSLST=linklib\
IEFBR14   MZ390 final_options=SYSMAC=W:\work\z390\mac+.
IEFBR14   MZ390 final_options=SYSMLC=linklib\
*****

***** LINKLIB\IEFBR14.STA
IEFBR14   MZ390 total pcode exec opt  = 0
IEFBR14   MZ390 FID=  1 ERR= 0 C:\Program Files (x86)\Automated Software Tools\z390\linklib\IEFBR14.MLC
IEFBR14   MZ390 total mnote warnings  = 0
***** RT\LINKLIB\SAVE\IEFBR14.STA
IEFBR14   MZ390 total pcode exec opt  = 0
IEFBR14   MZ390 FID=  1 ERR= 0 W:\work\z390\linklib\IEFBR14.MLC
IEFBR14   MZ390 total mnote warnings  = 0
*****

***** LINKLIB\IEFBR14.STA
IEFBR14   AZ390 total az390 errors    = 0
IEFBR14   MZ390 ENDED   RC= 0 MEM(MB)= MB IO=211
IEFBR14   LZ390 START
***** RT\LINKLIB\SAVE\IEFBR14.STA
IEFBR14   AZ390 total az390 errors    = 0
IEFBR14   MZ390 ENDED   RC= 0 MEM(MB)= MB IO=209
IEFBR14   LZ390 START
*****

***** LINKLIB\IEFBR14.STA
IEFBR14   LZ390 z390 is licensed under GNU General Public License
IEFBR14   LZ390 options = @rt\RT1=(bal notiming stats) sysobj(linklib) 
  systerm(linklib\rtlink)
IEFBR14   LZ390 program = linklib\IEFBR14.OBJ
***** RT\LINKLIB\SAVE\IEFBR14.STA
IEFBR14   LZ390 z390 is licensed under GNU General Public License
IEFBR14   LZ390 options = W:\work\z390\z390.OPT=(time(60)) @rt\RT1=(bal notiming stats) 
  sysobj(linklib) systerm(linklib\rtlink)
IEFBR14   LZ390 program = linklib\IEFBR14.OBJ
*****

***** LINKLIB\IEFBR14.STA
IEFBR14   LZ390 final_options=PROFILE=
IEFBR14   LZ390 final options=STATS=C:\Program Files (x86)\Automated Software Tools\z390\linklib\IEFBR14.S
IEFBR14   LZ390 final_options=TA
IEFBR14   LZ390 final_options=SYSPARM=
IEFBR14   LZ390 final options=SYSTERM=C:\Program Files (x86)\Automated Software Tools\z390\linklib\rtlink.
IEFBR14   LZ390 final_options=ERR
IEFBR14   LZ390 final_options=TESTDD=
IEFBR14   LZ390 final_options=TIME=15
IEFBR14   LZ390 final_options=TRACE=
***** RT\LINKLIB\SAVE\IEFBR14.STA
IEFBR14   LZ390 final_options=PROFILE=
IEFBR14   LZ390 final_options=STATS=W:\work\z390\linklib\IEFBR14.STA
IEFBR14   LZ390 final_options=SYSPARM=
IEFBR14   LZ390 final_options=SYSTERM=W:\work\z390\linklib\rtlink.ERR
IEFBR14   LZ390 final_options=TESTDD=
IEFBR14   LZ390 final_options=TIME=60
IEFBR14   LZ390 final_options=TRACE=
*****

***** LINKLIB\IEFBR14.STA
IEFBR14   LZ390 total errors          = 0
IEFBR14   LZ390 ENDED   RC= 0 MEM(MB)= MB IO=165
IEFBR14   EZ390 START
***** RT\LINKLIB\SAVE\IEFBR14.STA
IEFBR14   LZ390 total errors          = 0
IEFBR14   LZ390 ENDED   RC= 0 MEM(MB)= MB IO=163
IEFBR14   EZ390 START
*****

***** LINKLIB\IEFBR14.STA
IEFBR14   EZ390 program = linklib\IEFBR14.390
IEFBR14   EZ390 options = @rt\RT1=(bal notiming stats) sysobj(linklib) 
  systerm(linklib\rtlink)
IEFBR14   EZ390 final_options=ALIGN
***** RT\LINKLIB\SAVE\IEFBR14.STA
IEFBR14   EZ390 program = linklib\IEFBR14.390
IEFBR14   EZ390 options = W:\work\z390\z390.OPT=(time(60)) @rt\RT1=(bal notiming stats) 
  sysobj(linklib) systerm(linklib\rtlink)
IEFBR14   EZ390 final_options=ALIGN
*****

***** LINKLIB\IEFBR14.STA
IEFBR14   EZ390 final_options=PROFILE=
IEFBR14   EZ390 final options=STATS=C:\Program Files (x86)\Automated Software Tools\z390\linklib\IEFBR14.S
IEFBR14   EZ390 final_options=TA
IEFBR14   EZ390 final_options=SYSPARM=
IEFBR14   EZ390 final options=SYSTERM=C:\Program Files (x86)\Automated Software Tools\z390\linklib\rtlink.
IEFBR14   EZ390 final_options=ERR
IEFBR14   EZ390 final_options=TESTDD=
IEFBR14   EZ390 final_options=TIME=15
IEFBR14   EZ390 final_options=TRACE=
***** RT\LINKLIB\SAVE\IEFBR14.STA
IEFBR14   EZ390 final_options=PROFILE=
IEFBR14   EZ390 final_options=STATS=W:\work\z390\linklib\IEFBR14.STA
IEFBR14   EZ390 final_options=SYSPARM=
IEFBR14   EZ390 final_options=SYSTERM=W:\work\z390\linklib\rtlink.ERR
IEFBR14   EZ390 final_options=TESTDD=
IEFBR14   EZ390 final_options=TIME=60
IEFBR14   EZ390 final_options=TRACE=
*****

***** LINKLIB\IEFBR14.STA
IEFBR14   EZ390 final_options=IPL=
IEFBR14   EZ390 final_options=LOG=C:\Program Files (x86)\Automated Software Tools\z390\linklib\IEFBR14.LOG
IEFBR14   EZ390 final_options=SYS390=linklib\+linklib
***** RT\LINKLIB\SAVE\IEFBR14.STA
IEFBR14   EZ390 final_options=IPL=
IEFBR14   EZ390 final_options=LOG=W:\work\z390\linklib\IEFBR14.LOG
IEFBR14   EZ390 final_options=SYS390=linklib\+linklib
*****

***** LINKLIB\IEFBR14.STA
IEFBR14   EZ390 total errors          = 0
IEFBR14   EZ390 ENDED   RC= 0 MEM(MB)= MB IO=154 INS=3
***** RT\LINKLIB\SAVE\IEFBR14.STA
IEFBR14   EZ390 total errors          = 0
IEFBR14   EZ390 ENDED   RC= 0 MEM(MB)= MB IO=152 INS=3
*****

