Comparing files VSAM\TEST\KSF1COMP.STA and RT\VSAM\TEST\SAVE\KSF1COMP.STA
***** VSAM\TEST\KSF1COMP.STA
KSF1COMP  MZ390 z390 is licensed under GNU General Public License
KSF1COMP  MZ390 program = C:\Program Files (x86)\Automated Software Tools\z390\vsam\test\KSF1COMP.MLC
KSF1COMP  MZ390 options = sysmac(C:\PROGRA~2\AUTOMA~1\z390\mac+.) 
  syscpy(C:\PROGRA~2\AUTOMA~1\z390\mac+.) @..\rtvsam=(notiming stats tracev 
  traceq dump) systerm(w:\work\z390\vsam\test\rtvsam)
KSF1COMP  MZ390 final_options=ALIGN
***** RT\VSAM\TEST\SAVE\KSF1COMP.STA
KSF1COMP  MZ390 z390 is licensed under GNU General Public License
KSF1COMP  MZ390 program = W:\work\z390\vsam\test\KSF1COMP.MLC
KSF1COMP  MZ390 options = sysmac(W:\work\z390\mac+.) 
  syscpy(W:\work\z390\mac+.) @..\rtvsam=(notiming stats tracev traceq dump) 
  systerm(w:\work\z390\vsam\test\rtvsam)
KSF1COMP  MZ390 final_options=ALIGN
*****

***** VSAM\TEST\KSF1COMP.STA
KSF1COMP  MZ390 final_options=PROFILE=
KSF1COMP  MZ390 final options=STATS=C:\Program Files (x86)\Automated Software Tools\z390\vsam\test\KSF1COM
KSF1COMP  MZ390 final_options=P.STA
KSF1COMP  MZ390 final_options=SYSPARM=
***** RT\VSAM\TEST\SAVE\KSF1COMP.STA
KSF1COMP  MZ390 final_options=PROFILE=
KSF1COMP  MZ390 final_options=STATS=W:\work\z390\vsam\test\KSF1COMP.STA
KSF1COMP  MZ390 final_options=SYSPARM=
*****

***** VSAM\TEST\KSF1COMP.STA
KSF1COMP  MZ390 final_options=LOG=
KSF1COMP  MZ390 final options=SYS390=C:\Program Files (x86)\Automated Software Tools\z390\vsam\test\+linkl
KSF1COMP  MZ390 final_options=ib
KSF1COMP  MZ390 final_options=SYSBAL=C:\Program Files (x86)\Automated Software Tools\z390\vsam\test\
KSF1COMP  MZ390 final_options=SYSCPY=C:\PROGRA~2\AUTOMA~1\z390\mac+.
KSF1COMP  MZ390 final_options=SYSDAT=C:\Program Files (x86)\Automated Software Tools\z390\vsam\test\
KSF1COMP  MZ390 final_options=SYSERR=C:\Program Files (x86)\Automated Software Tools\z390\vsam\test\
KSF1COMP  MZ390 final_options=SYSLOG=C:\Program Files (x86)\Automated Software Tools\z390\vsam\test\
KSF1COMP  MZ390 final_options=SYSLST=C:\Program Files (x86)\Automated Software Tools\z390\vsam\test\
KSF1COMP  MZ390 final_options=SYSMAC=C:\PROGRA~2\AUTOMA~1\z390\mac+.
KSF1COMP  MZ390 final_options=SYSMLC=C:\Program Files (x86)\Automated Software Tools\z390\vsam\test\
KSF1COMP  MZ390 final_options=SYSPCH=C:\Program Files (x86)\Automated Software Tools\z390\vsam\test\
KSF1COMP  MZ390 final_options=SYSPRN=C:\Program Files (x86)\Automated Software Tools\z390\vsam\test\
KSF1COMP  MZ390 final_options=SYSOBJ=C:\Program Files (x86)\Automated Software Tools\z390\vsam\test\
KSF1COMP  MZ390 final_options=SYSOPT=C:\Program Files (x86)\Automated Software Tools\z390\vsam\test\
KSF1COMP  MZ390 final_options=SYSTRC=C:\Program Files (x86)\Automated Software Tools\z390\vsam\test\
KSF1COMP  MZ390 total MLC/MAC loaded  = 1111
***** RT\VSAM\TEST\SAVE\KSF1COMP.STA
KSF1COMP  MZ390 final_options=LOG=
KSF1COMP  MZ390 final_options=SYS390=W:\work\z390\vsam\test\+linklib
KSF1COMP  MZ390 final_options=SYSBAL=W:\work\z390\vsam\test\
KSF1COMP  MZ390 final_options=SYSCPY=W:\work\z390\mac+.
KSF1COMP  MZ390 final_options=SYSDAT=W:\work\z390\vsam\test\
KSF1COMP  MZ390 final_options=SYSERR=W:\work\z390\vsam\test\
KSF1COMP  MZ390 final_options=SYSLOG=W:\work\z390\vsam\test\
KSF1COMP  MZ390 final_options=SYSLST=W:\work\z390\vsam\test\
KSF1COMP  MZ390 final_options=SYSMAC=W:\work\z390\mac+.
KSF1COMP  MZ390 final_options=SYSMLC=W:\work\z390\vsam\test\
KSF1COMP  MZ390 final_options=SYSPCH=W:\work\z390\vsam\test\
KSF1COMP  MZ390 final_options=SYSPRN=W:\work\z390\vsam\test\
KSF1COMP  MZ390 final_options=SYSOBJ=W:\work\z390\vsam\test\
KSF1COMP  MZ390 final_options=SYSOPT=W:\work\z390\vsam\test\
KSF1COMP  MZ390 final_options=SYSTRC=W:\work\z390\vsam\test\
KSF1COMP  MZ390 total MLC/MAC loaded  = 1111
*****

***** VSAM\TEST\KSF1COMP.STA
KSF1COMP  MZ390 total pcode exec opt  = 4
KSF1COMP  MZ390 FID=  1 ERR= 0 C:\Program Files (x86)\Automated Software Tools\z390\vsam\test\KSF1COMP.MLC
KSF1COMP  MZ390 FID=  2 ERR= 0 C:\PROGRA~2\AUTOMA~1\z390\mac\SUBENTRY.MAC
KSF1COMP  MZ390 FID=  3 ERR= 0 C:\PROGRA~2\AUTOMA~1\z390\mac\WTO.MAC
KSF1COMP  MZ390 FID=  4 ERR= 0 C:\PROGRA~2\AUTOMA~1\z390\mac\OPEN.MAC
KSF1COMP  MZ390 FID=  5 ERR= 0 C:\PROGRA~2\AUTOMA~1\z390\mac\ZOPEN.MAC
KSF1COMP  MZ390 FID=  6 ERR= 0 C:\PROGRA~2\AUTOMA~1\z390\mac\DCBD.MAC
KSF1COMP  MZ390 FID=  7 ERR= 0 C:\PROGRA~2\AUTOMA~1\z390\mac\GET.MAC
KSF1COMP  MZ390 FID=  8 ERR= 0 C:\PROGRA~2\AUTOMA~1\z390\mac\ABEND.MAC
KSF1COMP  MZ390 FID=  9 ERR= 0 C:\PROGRA~2\AUTOMA~1\z390\mac\TESTCB.MAC
KSF1COMP  MZ390 FID= 10 ERR= 0 C:\PROGRA~2\AUTOMA~1\z390\mac\ZTESTCB.MAC
KSF1COMP  MZ390 FID= 11 ERR= 0 C:\PROGRA~2\AUTOMA~1\z390\mac\CLOSE.MAC
KSF1COMP  MZ390 FID= 12 ERR= 0 C:\PROGRA~2\AUTOMA~1\z390\mac\ZCLOSE.MAC
KSF1COMP  MZ390 FID= 13 ERR= 0 C:\PROGRA~2\AUTOMA~1\z390\mac\SUBEXIT.MAC
KSF1COMP  MZ390 FID= 14 ERR= 0 C:\PROGRA~2\AUTOMA~1\z390\mac\ACB.MAC
KSF1COMP  MZ390 FID= 15 ERR= 0 C:\PROGRA~2\AUTOMA~1\z390\mac\ZGENMACF.MAC
KSF1COMP  MZ390 FID= 16 ERR= 0 C:\PROGRA~2\AUTOMA~1\z390\mac\ACBD.MAC
KSF1COMP  MZ390 FID= 17 ERR= 0 C:\PROGRA~2\AUTOMA~1\z390\mac\RPL.MAC
KSF1COMP  MZ390 FID= 18 ERR= 0 C:\PROGRA~2\AUTOMA~1\z390\mac\ZGENOPTD.MAC
KSF1COMP  MZ390 FID= 19 ERR= 0 C:\PROGRA~2\AUTOMA~1\z390\mac\RPLD.MAC
KSF1COMP  MZ390 FID= 20 ERR= 0 C:\PROGRA~2\AUTOMA~1\z390\mac\EQUREGS.MAC
KSF1COMP  MZ390 FID= 21 ERR= 0 C:\PROGRA~2\AUTOMA~1\z390\mac\DCB.MAC
KSF1COMP  MZ390 total mnote warnings  = 0
***** RT\VSAM\TEST\SAVE\KSF1COMP.STA
KSF1COMP  MZ390 total pcode exec opt  = 4
KSF1COMP  MZ390 FID=  1 ERR= 0 W:\work\z390\vsam\test\KSF1COMP.MLC
KSF1COMP  MZ390 FID=  2 ERR= 0 W:\work\z390\mac\SUBENTRY.MAC
KSF1COMP  MZ390 FID=  3 ERR= 0 W:\work\z390\mac\WTO.MAC
KSF1COMP  MZ390 FID=  4 ERR= 0 W:\work\z390\mac\OPEN.MAC
KSF1COMP  MZ390 FID=  5 ERR= 0 W:\work\z390\mac\ZOPEN.MAC
KSF1COMP  MZ390 FID=  6 ERR= 0 W:\work\z390\mac\DCBD.MAC
KSF1COMP  MZ390 FID=  7 ERR= 0 W:\work\z390\mac\GET.MAC
KSF1COMP  MZ390 FID=  8 ERR= 0 W:\work\z390\mac\ABEND.MAC
KSF1COMP  MZ390 FID=  9 ERR= 0 W:\work\z390\mac\TESTCB.MAC
KSF1COMP  MZ390 FID= 10 ERR= 0 W:\work\z390\mac\ZTESTCB.MAC
KSF1COMP  MZ390 FID= 11 ERR= 0 W:\work\z390\mac\CLOSE.MAC
KSF1COMP  MZ390 FID= 12 ERR= 0 W:\work\z390\mac\ZCLOSE.MAC
KSF1COMP  MZ390 FID= 13 ERR= 0 W:\work\z390\mac\SUBEXIT.MAC
KSF1COMP  MZ390 FID= 14 ERR= 0 W:\work\z390\mac\ACB.MAC
KSF1COMP  MZ390 FID= 15 ERR= 0 W:\work\z390\mac\ZGENMACF.MAC
KSF1COMP  MZ390 FID= 16 ERR= 0 W:\work\z390\mac\ACBD.MAC
KSF1COMP  MZ390 FID= 17 ERR= 0 W:\work\z390\mac\RPL.MAC
KSF1COMP  MZ390 FID= 18 ERR= 0 W:\work\z390\mac\ZGENOPTD.MAC
KSF1COMP  MZ390 FID= 19 ERR= 0 W:\work\z390\mac\RPLD.MAC
KSF1COMP  MZ390 FID= 20 ERR= 0 W:\work\z390\mac\EQUREGS.MAC
KSF1COMP  MZ390 FID= 21 ERR= 0 W:\work\z390\mac\DCB.MAC
KSF1COMP  MZ390 total mnote warnings  = 0
*****

***** VSAM\TEST\KSF1COMP.STA
KSF1COMP  AZ390 total az390 errors    = 0
KSF1COMP  MZ390 ENDED   RC= 0 MEM(MB)= MB IO=4610
KSF1COMP  LZ390 START
***** RT\VSAM\TEST\SAVE\KSF1COMP.STA
KSF1COMP  AZ390 total az390 errors    = 0
KSF1COMP  MZ390 ENDED   RC= 0 MEM(MB)= MB IO=4608
KSF1COMP  LZ390 START
*****

***** VSAM\TEST\KSF1COMP.STA
  dump) systerm(w:\work\z390\vsam\test\rtvsam)
KSF1COMP  LZ390 program = C:\Program Files (x86)\Automated Software Tools\z390\vsam\test\KSF1COMP.OBJ
KSF1COMP  LZ390 final_options=ALIGN
***** RT\VSAM\TEST\SAVE\KSF1COMP.STA
  dump) systerm(w:\work\z390\vsam\test\rtvsam)
KSF1COMP  LZ390 program = W:\work\z390\vsam\test\KSF1COMP.OBJ
KSF1COMP  LZ390 final_options=ALIGN
*****

***** VSAM\TEST\KSF1COMP.STA
KSF1COMP  LZ390 final_options=PROFILE=
KSF1COMP  LZ390 final options=STATS=C:\Program Files (x86)\Automated Software Tools\z390\vsam\test\KSF1COM
KSF1COMP  LZ390 final_options=P.STA
KSF1COMP  LZ390 final_options=SYSPARM=
***** RT\VSAM\TEST\SAVE\KSF1COMP.STA
KSF1COMP  LZ390 final_options=PROFILE=
KSF1COMP  LZ390 final_options=STATS=W:\work\z390\vsam\test\KSF1COMP.STA
KSF1COMP  LZ390 final_options=SYSPARM=
*****

***** VSAM\TEST\KSF1COMP.STA
KSF1COMP  LZ390 final_options=LOG=
KSF1COMP  LZ390 final options=SYS390=C:\Program Files (x86)\Automated Software Tools\z390\vsam\test\+linkl
KSF1COMP  LZ390 final_options=ib
KSF1COMP  LZ390 final_options=SYSBAL=C:\Program Files (x86)\Automated Software Tools\z390\vsam\test\
KSF1COMP  LZ390 final_options=SYSCPY=C:\Program Files (x86)\Automated Software Tools\z390\vsam\test\
KSF1COMP  LZ390 final_options=SYSDAT=C:\Program Files (x86)\Automated Software Tools\z390\vsam\test\
KSF1COMP  LZ390 final_options=SYSERR=C:\Program Files (x86)\Automated Software Tools\z390\vsam\test\
KSF1COMP  LZ390 final_options=SYSLOG=C:\Program Files (x86)\Automated Software Tools\z390\vsam\test\
KSF1COMP  LZ390 final_options=SYSLST=C:\Program Files (x86)\Automated Software Tools\z390\vsam\test\
KSF1COMP  LZ390 final_options=SYSMAC=C:\Program Files (x86)\Automated Software Tools\z390\vsam\test\
KSF1COMP  LZ390 final_options=SYSMLC=C:\Program Files (x86)\Automated Software Tools\z390\vsam\test\
KSF1COMP  LZ390 final_options=SYSPCH=C:\Program Files (x86)\Automated Software Tools\z390\vsam\test\
KSF1COMP  LZ390 final_options=SYSPRN=C:\Program Files (x86)\Automated Software Tools\z390\vsam\test\
KSF1COMP  LZ390 final_options=SYSOBJ=C:\Program Files (x86)\Automated Software Tools\z390\vsam\test\
KSF1COMP  LZ390 final_options=SYSOPT=C:\Program Files (x86)\Automated Software Tools\z390\vsam\test\
KSF1COMP  LZ390 final_options=SYSTRC=C:\Program Files (x86)\Automated Software Tools\z390\vsam\test\
KSF1COMP  LZ390 Stats total obj files = 1
***** RT\VSAM\TEST\SAVE\KSF1COMP.STA
KSF1COMP  LZ390 final_options=LOG=
KSF1COMP  LZ390 final_options=SYS390=W:\work\z390\vsam\test\+linklib
KSF1COMP  LZ390 final_options=SYSBAL=W:\work\z390\vsam\test\
KSF1COMP  LZ390 final_options=SYSCPY=W:\work\z390\vsam\test\
KSF1COMP  LZ390 final_options=SYSDAT=W:\work\z390\vsam\test\
KSF1COMP  LZ390 final_options=SYSERR=W:\work\z390\vsam\test\
KSF1COMP  LZ390 final_options=SYSLOG=W:\work\z390\vsam\test\
KSF1COMP  LZ390 final_options=SYSLST=W:\work\z390\vsam\test\
KSF1COMP  LZ390 final_options=SYSMAC=W:\work\z390\vsam\test\
KSF1COMP  LZ390 final_options=SYSMLC=W:\work\z390\vsam\test\
KSF1COMP  LZ390 final_options=SYSPCH=W:\work\z390\vsam\test\
KSF1COMP  LZ390 final_options=SYSPRN=W:\work\z390\vsam\test\
KSF1COMP  LZ390 final_options=SYSOBJ=W:\work\z390\vsam\test\
KSF1COMP  LZ390 final_options=SYSOPT=W:\work\z390\vsam\test\
KSF1COMP  LZ390 final_options=SYSTRC=W:\work\z390\vsam\test\
KSF1COMP  LZ390 Stats total obj files = 1
*****

***** VSAM\TEST\KSF1COMP.STA
KSF1COMP  LZ390 total errors          = 0
KSF1COMP  LZ390 ENDED   RC= 0 MEM(MB)= MB IO=307
KSF1COMP  EZ390 START
***** RT\VSAM\TEST\SAVE\KSF1COMP.STA
KSF1COMP  LZ390 total errors          = 0
KSF1COMP  LZ390 ENDED   RC= 0 MEM(MB)= MB IO=305
KSF1COMP  EZ390 START
*****

***** VSAM\TEST\KSF1COMP.STA
KSF1COMP  EZ390 z390 is licensed under GNU General Public License
KSF1COMP  EZ390 program = C:\Program Files (x86)\Automated Software Tools\z390\vsam\test\KSF1COMP.390
KSF1COMP  EZ390 options = @..\rtvsam=(notiming stats tracev traceq 
***** RT\VSAM\TEST\SAVE\KSF1COMP.STA
KSF1COMP  EZ390 z390 is licensed under GNU General Public License
KSF1COMP  EZ390 program = W:\work\z390\vsam\test\KSF1COMP.390
KSF1COMP  EZ390 options = @..\rtvsam=(notiming stats tracev traceq 
*****

***** VSAM\TEST\KSF1COMP.STA
KSF1COMP  EZ390 final_options=PROFILE=
KSF1COMP  EZ390 final options=STATS=C:\Program Files (x86)\Automated Software Tools\z390\vsam\test\KSF1COM
KSF1COMP  EZ390 final_options=P.STA
KSF1COMP  EZ390 final_options=SYSPARM=
***** RT\VSAM\TEST\SAVE\KSF1COMP.STA
KSF1COMP  EZ390 final_options=PROFILE=
KSF1COMP  EZ390 final_options=STATS=W:\work\z390\vsam\test\KSF1COMP.STA
KSF1COMP  EZ390 final_options=SYSPARM=
*****

***** VSAM\TEST\KSF1COMP.STA
KSF1COMP  EZ390 final_options=IPL=
KSF1COMP  EZ390 final options=LOG=C:\Program Files (x86)\Automated Software Tools\z390\vsam\test\KSF1COMP.
KSF1COMP  EZ390 final_options=LOG
KSF1COMP  EZ390 final options=SYS390=C:\Program Files (x86)\Automated Software Tools\z390\vsam\test\+linkl
KSF1COMP  EZ390 final_options=ib
KSF1COMP  EZ390 final_options=SYSBAL=C:\Program Files (x86)\Automated Software Tools\z390\vsam\test\
KSF1COMP  EZ390 final_options=SYSCPY=C:\Program Files (x86)\Automated Software Tools\z390\vsam\test\
KSF1COMP  EZ390 final_options=SYSDAT=C:\Program Files (x86)\Automated Software Tools\z390\vsam\test\
KSF1COMP  EZ390 final_options=SYSERR=C:\Program Files (x86)\Automated Software Tools\z390\vsam\test\
KSF1COMP  EZ390 final_options=SYSLOG=C:\Program Files (x86)\Automated Software Tools\z390\vsam\test\
KSF1COMP  EZ390 final_options=SYSLST=C:\Program Files (x86)\Automated Software Tools\z390\vsam\test\
KSF1COMP  EZ390 final_options=SYSMAC=C:\Program Files (x86)\Automated Software Tools\z390\vsam\test\
KSF1COMP  EZ390 final_options=SYSMLC=C:\Program Files (x86)\Automated Software Tools\z390\vsam\test\
KSF1COMP  EZ390 final_options=SYSPCH=C:\Program Files (x86)\Automated Software Tools\z390\vsam\test\
KSF1COMP  EZ390 final_options=SYSPRN=C:\Program Files (x86)\Automated Software Tools\z390\vsam\test\
KSF1COMP  EZ390 final_options=SYSOBJ=C:\Program Files (x86)\Automated Software Tools\z390\vsam\test\
KSF1COMP  EZ390 final_options=SYSOPT=C:\Program Files (x86)\Automated Software Tools\z390\vsam\test\
KSF1COMP  EZ390 final_options=SYSTRC=C:\Program Files (x86)\Automated Software Tools\z390\vsam\test\
KSF1COMP  EZ390 TCPIO operations      = 0
KSF1COMP  EZ390 DCB operations        = 0
KSF1COMP  EZ390 VSAM operations       = 1
KSF1COMP  EZ390 VSAM ACB open         = 1
KSF1COMP  EZ390 VSAM ACB close        = 0
KSF1COMP  EZ390 VSAM RPL get          = 0
KSF1COMP  EZ390 VSAM RPL put          = 0
***** RT\VSAM\TEST\SAVE\KSF1COMP.STA
KSF1COMP  EZ390 final_options=IPL=
KSF1COMP  EZ390 final_options=LOG=W:\work\z390\vsam\test\KSF1COMP.LOG
KSF1COMP  EZ390 final_options=SYS390=W:\work\z390\vsam\test\+linklib
KSF1COMP  EZ390 final_options=SYSBAL=W:\work\z390\vsam\test\
KSF1COMP  EZ390 final_options=SYSCPY=W:\work\z390\vsam\test\
KSF1COMP  EZ390 final_options=SYSDAT=W:\work\z390\vsam\test\
KSF1COMP  EZ390 final_options=SYSERR=W:\work\z390\vsam\test\
KSF1COMP  EZ390 final_options=SYSLOG=W:\work\z390\vsam\test\
KSF1COMP  EZ390 final_options=SYSLST=W:\work\z390\vsam\test\
KSF1COMP  EZ390 final_options=SYSMAC=W:\work\z390\vsam\test\
KSF1COMP  EZ390 final_options=SYSMLC=W:\work\z390\vsam\test\
KSF1COMP  EZ390 final_options=SYSPCH=W:\work\z390\vsam\test\
KSF1COMP  EZ390 final_options=SYSPRN=W:\work\z390\vsam\test\
KSF1COMP  EZ390 final_options=SYSOBJ=W:\work\z390\vsam\test\
KSF1COMP  EZ390 final_options=SYSOPT=W:\work\z390\vsam\test\
KSF1COMP  EZ390 final_options=SYSTRC=W:\work\z390\vsam\test\
KSF1COMP  EZ390 TCPIO operations      = 0
KSF1COMP  EZ390 DCB operations        = 30
KSF1COMP  EZ390 DCB open              = 3
KSF1COMP  EZ390 DCB close             = 3
KSF1COMP  EZ390 DCB get               = 6
KSF1COMP  EZ390 DCB put               = 0
KSF1COMP  EZ390 DCB read              = 18
KSF1COMP  EZ390 stats DCB write             = 0
KSF1COMP  EZ390 VSAM operations       = 9
KSF1COMP  EZ390 VSAM ACB open         = 1
KSF1COMP  EZ390 VSAM ACB close        = 1
KSF1COMP  EZ390 VSAM RPL get          = 7
KSF1COMP  EZ390 VSAM RPL put          = 0
*****

***** VSAM\TEST\KSF1COMP.STA
KSF1COMP  EZ390 VSAM VES read  cache  = 0
KSF1COMP  EZ390 VSAM VES read  file   = 0
KSF1COMP  EZ390 VSAM VES write file   = 0
***** RT\VSAM\TEST\SAVE\KSF1COMP.STA
KSF1COMP  EZ390 VSAM VES read  cache  = 0
KSF1COMP  EZ390 VSAM VES read  file   = 6
KSF1COMP  EZ390 VSAM VES write file   = 0
*****

***** VSAM\TEST\KSF1COMP.STA
KSF1COMP  EZ390 VSAM VXN read  cache  = 0
KSF1COMP  EZ390 VSAM VXN read  file   = 0
KSF1COMP  EZ390 VSAM VXN write file   = 0
KSF1COMP  EZ390 Keys                  = 2467
KSF1COMP  EZ390 Key searches          = 12
KSF1COMP  EZ390 Key avg comps         = 1
***** RT\VSAM\TEST\SAVE\KSF1COMP.STA
KSF1COMP  EZ390 VSAM VXN read  cache  = 0
KSF1COMP  EZ390 VSAM VXN read  file   = 12
KSF1COMP  EZ390 VSAM VXN write file   = 0
KSF1COMP  EZ390 Keys                  = 2468
KSF1COMP  EZ390 Key searches          = 4
KSF1COMP  EZ390 Key avg comps         = 1
*****

***** VSAM\TEST\KSF1COMP.STA
KSF1COMP  EZ390 Key max comps         = 1
KSF1COMP  EZ390 total errors          = 1
KSF1COMP  EZ390 ENDED   RC=16 MEM(MB)= MB IO=183 INS=19
***** RT\VSAM\TEST\SAVE\KSF1COMP.STA
KSF1COMP  EZ390 Key max comps         = 1
KSF1COMP  EZ390 total errors          = 0
KSF1COMP  EZ390 ENDED   RC= 0 MEM(MB)= MB IO=470 INS=115
*****

