Comparing files VSAM\TEST\KSF1COMP.LOG and RT\VSAM\TEST\SAVE\KSF1COMP.LOG
***** VSAM\TEST\KSF1COMP.LOG
EZ390I z390 is licensed under GNU General Public License
EZ390I program = C:\Program Files (x86)\Automated Software Tools\z390\vsam\test\KSF1COMP.390
EZ390I options = @..\rtvsam=(notiming stats tracev traceq 
***** RT\VSAM\TEST\SAVE\KSF1COMP.LOG
EZ390I z390 is licensed under GNU General Public License
EZ390I program = W:\work\z390\vsam\test\KSF1COMP.390
EZ390I options = @..\rtvsam=(notiming stats tracev traceq 
*****

***** VSAM\TEST\KSF1COMP.LOG
KSF1COMP READ VFILE AND COMPARE WITH QFILE
KSF1SKP1 OPEN ERROR
EZ390E error  11 ABEND PSW=07051600 800FFE10 0A0D         SVC   ABEND U0111
EZ390E error  12 program aborting due to abend U0111
EZ390I total errors         = 1
KSF1COMP  EZ390 ENDED   RC=16 MEM(MB)= MB IO=183 INS=19
***** RT\VSAM\TEST\SAVE\KSF1COMP.LOG
KSF1COMP READ VFILE AND COMPARE WITH QFILE
REC=MT                  GERMANY             BERLIN              BG   GY1
REC=AK                  HOLLAND             AMPSTERDAM          HL   HD1
REC=MW                  UK                  LONDON              LE   UK1
REC=MM                  UK                  LONDON              LE   UK2
REC=DSH                 USA                 TAMPA BAY           FL   33782
REC=RM                  USA                 SAN FRANCISCO       CA   95661
KSF1SKP1 ENDED OK
EZ390I total errors         = 0
KSF1COMP  EZ390 ENDED   RC= 0 MEM(MB)= MB IO=470 INS=115
*****

