Comparing files MFACC\P11FIND2.STA and RT\MFACC\SAVE\P11FIND2.STA
***** MFACC\P11FIND2.STA
P11FIND2  MZ390 program = mfacc\P11FIND2.MLC
P11FIND2  MZ390 options = sysmac(C:\PROGRA~2\AUTOMA~1\z390\mac+.) 
  syscpy(C:\PROGRA~2\AUTOMA~1\z390\mac+.) @rt\RT1=(bal notiming stats) 
  SYSCPY(mfacc+mac) systerm(mfacc\rtmfacc)
P11FIND2  MZ390 final_options=ALIGN
***** RT\MFACC\SAVE\P11FIND2.STA
P11FIND2  MZ390 program = mfacc\P11FIND2.MLC
P11FIND2  MZ390 options = W:\work\z390\z390.OPT=(time(60)) sysmac(W:\work\z390\mac+.) 
  syscpy(W:\work\z390\mac+.) @rt\RT1=(bal notiming stats) SYSCPY(mfacc+mac) 
  systerm(mfacc\rtmfacc)
P11FIND2  MZ390 final_options=ALIGN
*****

***** MFACC\P11FIND2.STA
P11FIND2  MZ390 final_options=PROFILE=
P11FIND2  MZ390 final options=STATS=C:\Program Files (x86)\Automated Software Tools\z390\mfacc\P11FIND2.ST
P11FIND2  MZ390 final_options=A
P11FIND2  MZ390 final_options=SYSPARM=
P11FIND2  MZ390 final options=SYSTERM=C:\Program Files (x86)\Automated Software Tools\z390\mfacc\rtmfacc.E
P11FIND2  MZ390 final_options=RR
P11FIND2  MZ390 final_options=TESTDD=
P11FIND2  MZ390 final_options=TIME=15
P11FIND2  MZ390 final_options=TRACE=
***** RT\MFACC\SAVE\P11FIND2.STA
P11FIND2  MZ390 final_options=PROFILE=
P11FIND2  MZ390 final_options=STATS=W:\work\z390\mfacc\P11FIND2.STA
P11FIND2  MZ390 final_options=SYSPARM=
P11FIND2  MZ390 final_options=SYSTERM=W:\work\z390\mfacc\rtmfacc.ERR
P11FIND2  MZ390 final_options=TESTDD=
P11FIND2  MZ390 final_options=TIME=60
P11FIND2  MZ390 final_options=TRACE=
*****

***** MFACC\P11FIND2.STA
P11FIND2  MZ390 final_options=SYSLST=mfacc\
P11FIND2  MZ390 final_options=SYSMAC=C:\PROGRA~2\AUTOMA~1\z390\mac+.
P11FIND2  MZ390 final_options=SYSMLC=mfacc\
***** RT\MFACC\SAVE\P11FIND2.STA
P11FIND2  MZ390 final_options=SYSLST=mfacc\
P11FIND2  MZ390 final_options=SYSMAC=W:\work\z390\mac+.
P11FIND2  MZ390 final_options=SYSMLC=mfacc\
*****

***** MFACC\P11FIND2.STA
P11FIND2  MZ390 total pcode exec opt  = 0
P11FIND2  MZ390 FID=  1 ERR= 0 C:\Program Files (x86)\Automated Software Tools\z390\mfacc\P11FIND2.MLC
P11FIND2  MZ390 FID=  2 ERR= 0 C:\Program Files (x86)\Automated Software Tools\z390\mfacc\OPCODES.CPY
P11FIND2  MZ390 FID=  3 ERR= 0 C:\PROGRA~2\AUTOMA~1\z390\mac\ZMFACC.MAC
P11FIND2  MZ390 FID=  4 ERR= 0 C:\PROGRA~2\AUTOMA~1\z390\mac\WTO.MAC
P11FIND2  MZ390 FID=  5 ERR= 0 C:\PROGRA~2\AUTOMA~1\z390\mac\SNAP.MAC
P11FIND2  MZ390 total mnote warnings  = 1
***** RT\MFACC\SAVE\P11FIND2.STA
P11FIND2  MZ390 total pcode exec opt  = 0
P11FIND2  MZ390 FID=  1 ERR= 0 W:\work\z390\mfacc\P11FIND2.MLC
P11FIND2  MZ390 FID=  2 ERR= 0 W:\work\z390\mfacc\OPCODES.CPY
P11FIND2  MZ390 FID=  3 ERR= 0 W:\work\z390\mac\ZMFACC.MAC
P11FIND2  MZ390 FID=  4 ERR= 0 W:\work\z390\mac\WTO.MAC
P11FIND2  MZ390 FID=  5 ERR= 0 W:\work\z390\mac\SNAP.MAC
P11FIND2  MZ390 total mnote warnings  = 1
*****

***** MFACC\P11FIND2.STA
P11FIND2  AZ390 total az390 errors    = 0
P11FIND2  MZ390 ENDED   RC= 4 MEM(MB)= MB IO=13548
P11FIND2  LZ390 START
***** RT\MFACC\SAVE\P11FIND2.STA
P11FIND2  AZ390 total az390 errors    = 0
P11FIND2  MZ390 ENDED   RC= 4 MEM(MB)= MB IO=13546
P11FIND2  LZ390 START
*****

***** MFACC\P11FIND2.STA
P11FIND2  LZ390 z390 is licensed under GNU General Public License
P11FIND2  LZ390 options = @rt\RT1=(bal notiming stats) 
  SYSCPY(mfacc+mac) systerm(mfacc\rtmfacc)
***** RT\MFACC\SAVE\P11FIND2.STA
P11FIND2  LZ390 z390 is licensed under GNU General Public License
P11FIND2  LZ390 options = W:\work\z390\z390.OPT=(time(60)) @rt\RT1=(bal notiming stats) 
  SYSCPY(mfacc+mac) systerm(mfacc\rtmfacc)
*****

***** MFACC\P11FIND2.STA
P11FIND2  LZ390 final_options=PROFILE=
P11FIND2  LZ390 final options=STATS=C:\Program Files (x86)\Automated Software Tools\z390\mfacc\P11FIND2.ST
P11FIND2  LZ390 final_options=A
P11FIND2  LZ390 final_options=SYSPARM=
P11FIND2  LZ390 final options=SYSTERM=C:\Program Files (x86)\Automated Software Tools\z390\mfacc\rtmfacc.E
P11FIND2  LZ390 final_options=RR
P11FIND2  LZ390 final_options=TESTDD=
P11FIND2  LZ390 final_options=TIME=15
P11FIND2  LZ390 final_options=TRACE=
***** RT\MFACC\SAVE\P11FIND2.STA
P11FIND2  LZ390 final_options=PROFILE=
P11FIND2  LZ390 final_options=STATS=W:\work\z390\mfacc\P11FIND2.STA
P11FIND2  LZ390 final_options=SYSPARM=
P11FIND2  LZ390 final_options=SYSTERM=W:\work\z390\mfacc\rtmfacc.ERR
P11FIND2  LZ390 final_options=TESTDD=
P11FIND2  LZ390 final_options=TIME=60
P11FIND2  LZ390 final_options=TRACE=
*****

***** MFACC\P11FIND2.STA
P11FIND2  LZ390 total errors          = 0
P11FIND2  LZ390 ENDED   RC= 0 MEM(MB)= MB IO=1364
P11FIND2  EZ390 START
***** RT\MFACC\SAVE\P11FIND2.STA
P11FIND2  LZ390 total errors          = 0
P11FIND2  LZ390 ENDED   RC= 0 MEM(MB)= MB IO=1362
P11FIND2  EZ390 START
*****

***** MFACC\P11FIND2.STA
P11FIND2  EZ390 program = mfacc\P11FIND2.390
P11FIND2  EZ390 options = @rt\RT1=(bal notiming stats) 
  SYSCPY(mfacc+mac) systerm(mfacc\rtmfacc)
***** RT\MFACC\SAVE\P11FIND2.STA
P11FIND2  EZ390 program = mfacc\P11FIND2.390
P11FIND2  EZ390 options = W:\work\z390\z390.OPT=(time(60)) @rt\RT1=(bal notiming stats) 
  SYSCPY(mfacc+mac) systerm(mfacc\rtmfacc)
*****

***** MFACC\P11FIND2.STA
P11FIND2  EZ390 final_options=PROFILE=
P11FIND2  EZ390 final options=STATS=C:\Program Files (x86)\Automated Software Tools\z390\mfacc\P11FIND2.ST
P11FIND2  EZ390 final_options=A
P11FIND2  EZ390 final_options=SYSPARM=
P11FIND2  EZ390 final options=SYSTERM=C:\Program Files (x86)\Automated Software Tools\z390\mfacc\rtmfacc.E
P11FIND2  EZ390 final_options=RR
P11FIND2  EZ390 final_options=TESTDD=
P11FIND2  EZ390 final_options=TIME=15
P11FIND2  EZ390 final_options=TRACE=
***** RT\MFACC\SAVE\P11FIND2.STA
P11FIND2  EZ390 final_options=PROFILE=
P11FIND2  EZ390 final_options=STATS=W:\work\z390\mfacc\P11FIND2.STA
P11FIND2  EZ390 final_options=SYSPARM=
P11FIND2  EZ390 final_options=SYSTERM=W:\work\z390\mfacc\rtmfacc.ERR
P11FIND2  EZ390 final_options=TESTDD=
P11FIND2  EZ390 final_options=TIME=60
P11FIND2  EZ390 final_options=TRACE=
*****

***** MFACC\P11FIND2.STA
P11FIND2  EZ390 final_options=IPL=
P11FIND2  EZ390 final_options=LOG=C:\Program Files (x86)\Automated Software Tools\z390\mfacc\P11FIND2.LOG
P11FIND2  EZ390 final_options=SYS390=mfacc\+linklib
***** RT\MFACC\SAVE\P11FIND2.STA
P11FIND2  EZ390 final_options=IPL=
P11FIND2  EZ390 final_options=LOG=W:\work\z390\mfacc\P11FIND2.LOG
P11FIND2  EZ390 final_options=SYS390=mfacc\+linklib
*****

***** MFACC\P11FIND2.STA
P11FIND2  EZ390 total errors          = 0
P11FIND2  EZ390 ENDED   RC= 0 MEM(MB)= MB IO=174 INS=9918006
***** RT\MFACC\SAVE\P11FIND2.STA
P11FIND2  EZ390 total errors          = 0
P11FIND2  EZ390 ENDED   RC= 0 MEM(MB)= MB IO=172 INS=9918006
*****

