Comparing files MFACC\P16DSH1.STA and RT\MFACC\SAVE\P16DSH1.STA
***** MFACC\P16DSH1.STA
P16DSH1   MZ390 program = mfacc\P16DSH1.MLC
P16DSH1   MZ390 options = sysmac(C:\PROGRA~2\AUTOMA~1\z390\mac+.) 
  syscpy(C:\PROGRA~2\AUTOMA~1\z390\mac+.) @rt\RT1=(bal notiming stats) 
  systerm(mfacc\rtmfacc)
***** RT\MFACC\SAVE\P16DSH1.STA
P16DSH1   MZ390 program = mfacc\P16DSH1.MLC
P16DSH1   MZ390 options = W:\work\z390\z390.OPT=(time(60)) sysmac(W:\work\z390\mac+.) 
  syscpy(W:\work\z390\mac+.) @rt\RT1=(bal notiming stats) 
  systerm(mfacc\rtmfacc)
*****

***** MFACC\P16DSH1.STA
P16DSH1   MZ390 final_options=PROFILE=
P16DSH1   MZ390 final_options=STATS=C:\Program Files (x86)\Automated Software Tools\z390\mfacc\P16DSH1.STA
P16DSH1   MZ390 final_options=SYSPARM=
P16DSH1   MZ390 final options=SYSTERM=C:\Program Files (x86)\Automated Software Tools\z390\mfacc\rtmfacc.E
P16DSH1   MZ390 final_options=RR
P16DSH1   MZ390 final_options=TESTDD=
P16DSH1   MZ390 final_options=TIME=15
P16DSH1   MZ390 final_options=TRACE=
***** RT\MFACC\SAVE\P16DSH1.STA
P16DSH1   MZ390 final_options=PROFILE=
P16DSH1   MZ390 final_options=STATS=W:\work\z390\mfacc\P16DSH1.STA
P16DSH1   MZ390 final_options=SYSPARM=
P16DSH1   MZ390 final_options=SYSTERM=W:\work\z390\mfacc\rtmfacc.ERR
P16DSH1   MZ390 final_options=TESTDD=
P16DSH1   MZ390 final_options=TIME=60
P16DSH1   MZ390 final_options=TRACE=
*****

***** MFACC\P16DSH1.STA
P16DSH1   MZ390 final_options=SYSBAL=mfacc\
P16DSH1   MZ390 final_options=SYSCPY=C:\PROGRA~2\AUTOMA~1\z390\mac+.
P16DSH1   MZ390 final_options=SYSDAT=mfacc\
***** RT\MFACC\SAVE\P16DSH1.STA
P16DSH1   MZ390 final_options=SYSBAL=mfacc\
P16DSH1   MZ390 final_options=SYSCPY=W:\work\z390\mac+.
P16DSH1   MZ390 final_options=SYSDAT=mfacc\
*****

***** MFACC\P16DSH1.STA
P16DSH1   MZ390 final_options=SYSLST=mfacc\
P16DSH1   MZ390 final_options=SYSMAC=C:\PROGRA~2\AUTOMA~1\z390\mac+.
P16DSH1   MZ390 final_options=SYSMLC=mfacc\
***** RT\MFACC\SAVE\P16DSH1.STA
P16DSH1   MZ390 final_options=SYSLST=mfacc\
P16DSH1   MZ390 final_options=SYSMAC=W:\work\z390\mac+.
P16DSH1   MZ390 final_options=SYSMLC=mfacc\
*****

***** MFACC\P16DSH1.STA
P16DSH1   MZ390 total pcode exec opt  = 7
P16DSH1   MZ390 FID=  1 ERR= 0 C:\Program Files (x86)\Automated Software Tools\z390\mfacc\P16DSH1.MLC
P16DSH1   MZ390 FID=  2 ERR= 0 C:\PROGRA~2\AUTOMA~1\z390\mac\ASMMSP.CPY
P16DSH1   MZ390 FID=  3 ERR= 0 C:\PROGRA~2\AUTOMA~1\z390\mac\ZSTRMAC.CPY
P16DSH1   MZ390 FID=  4 ERR= 0 C:\PROGRA~2\AUTOMA~1\z390\mac\ZMFACC.MAC
P16DSH1   MZ390 FID=  5 ERR= 0 C:\PROGRA~2\AUTOMA~1\z390\mac\WTO.MAC
P16DSH1   MZ390 FID=  6 ERR= 0 C:\PROGRA~2\AUTOMA~1\z390\mac\SNAP.MAC
P16DSH1   MZ390 FID=  7 ERR= 0 C:\PROGRA~2\AUTOMA~1\z390\mac\DO.MAC
P16DSH1   MZ390 FID=  8 ERR= 0 C:\PROGRA~2\AUTOMA~1\z390\mac\ZSTRGBL.CPY
P16DSH1   MZ390 FID=  9 ERR= 0 C:\PROGRA~2\AUTOMA~1\z390\mac\ZSTREQU.MAC
P16DSH1   MZ390 FID= 10 ERR= 0 C:\PROGRA~2\AUTOMA~1\z390\mac\IF.MAC
P16DSH1   MZ390 FID= 11 ERR= 0 C:\PROGRA~2\AUTOMA~1\z390\mac\ENDIF.MAC
P16DSH1   MZ390 FID= 12 ERR= 0 C:\PROGRA~2\AUTOMA~1\z390\mac\ELSE.MAC
P16DSH1   MZ390 FID= 13 ERR= 0 C:\PROGRA~2\AUTOMA~1\z390\mac\ENDDO.MAC
P16DSH1   MZ390 total mnote warnings  = 1
***** RT\MFACC\SAVE\P16DSH1.STA
P16DSH1   MZ390 total pcode exec opt  = 7
P16DSH1   MZ390 FID=  1 ERR= 0 W:\work\z390\mfacc\P16DSH1.MLC
P16DSH1   MZ390 FID=  2 ERR= 0 W:\work\z390\mac\ASMMSP.CPY
P16DSH1   MZ390 FID=  3 ERR= 0 W:\work\z390\mac\ZSTRMAC.CPY
P16DSH1   MZ390 FID=  4 ERR= 0 W:\work\z390\mac\ZMFACC.MAC
P16DSH1   MZ390 FID=  5 ERR= 0 W:\work\z390\mac\WTO.MAC
P16DSH1   MZ390 FID=  6 ERR= 0 W:\work\z390\mac\SNAP.MAC
P16DSH1   MZ390 FID=  7 ERR= 0 W:\work\z390\mac\DO.MAC
P16DSH1   MZ390 FID=  8 ERR= 0 W:\work\z390\mac\ZSTRGBL.CPY
P16DSH1   MZ390 FID=  9 ERR= 0 W:\work\z390\mac\ZSTREQU.MAC
P16DSH1   MZ390 FID= 10 ERR= 0 W:\work\z390\mac\IF.MAC
P16DSH1   MZ390 FID= 11 ERR= 0 W:\work\z390\mac\ENDIF.MAC
P16DSH1   MZ390 FID= 12 ERR= 0 W:\work\z390\mac\ELSE.MAC
P16DSH1   MZ390 FID= 13 ERR= 0 W:\work\z390\mac\ENDDO.MAC
P16DSH1   MZ390 total mnote warnings  = 1
*****

***** MFACC\P16DSH1.STA
P16DSH1   AZ390 total az390 errors    = 0
P16DSH1   MZ390 ENDED   RC= 4 MEM(MB)= MB IO=3784
P16DSH1   LZ390 START
***** RT\MFACC\SAVE\P16DSH1.STA
P16DSH1   AZ390 total az390 errors    = 0
P16DSH1   MZ390 ENDED   RC= 4 MEM(MB)= MB IO=3783
P16DSH1   LZ390 START
*****

***** MFACC\P16DSH1.STA
P16DSH1   LZ390 z390 is licensed under GNU General Public License
P16DSH1   LZ390 options = @rt\RT1=(bal notiming stats) 
  systerm(mfacc\rtmfacc)
***** RT\MFACC\SAVE\P16DSH1.STA
P16DSH1   LZ390 z390 is licensed under GNU General Public License
P16DSH1   LZ390 options = W:\work\z390\z390.OPT=(time(60)) @rt\RT1=(bal notiming stats) 
  systerm(mfacc\rtmfacc)
*****

***** MFACC\P16DSH1.STA
P16DSH1   LZ390 final_options=PROFILE=
P16DSH1   LZ390 final_options=STATS=C:\Program Files (x86)\Automated Software Tools\z390\mfacc\P16DSH1.STA
P16DSH1   LZ390 final_options=SYSPARM=
P16DSH1   LZ390 final options=SYSTERM=C:\Program Files (x86)\Automated Software Tools\z390\mfacc\rtmfacc.E
P16DSH1   LZ390 final_options=RR
P16DSH1   LZ390 final_options=TESTDD=
P16DSH1   LZ390 final_options=TIME=15
P16DSH1   LZ390 final_options=TRACE=
***** RT\MFACC\SAVE\P16DSH1.STA
P16DSH1   LZ390 final_options=PROFILE=
P16DSH1   LZ390 final_options=STATS=W:\work\z390\mfacc\P16DSH1.STA
P16DSH1   LZ390 final_options=SYSPARM=
P16DSH1   LZ390 final_options=SYSTERM=W:\work\z390\mfacc\rtmfacc.ERR
P16DSH1   LZ390 final_options=TESTDD=
P16DSH1   LZ390 final_options=TIME=60
P16DSH1   LZ390 final_options=TRACE=
*****

***** MFACC\P16DSH1.STA
P16DSH1   LZ390 total errors          = 0
P16DSH1   LZ390 ENDED   RC= 0 MEM(MB)= MB IO=270
P16DSH1   EZ390 START
***** RT\MFACC\SAVE\P16DSH1.STA
P16DSH1   LZ390 total errors          = 0
P16DSH1   LZ390 ENDED   RC= 0 MEM(MB)= MB IO=269
P16DSH1   EZ390 START
*****

***** MFACC\P16DSH1.STA
P16DSH1   EZ390 program = mfacc\P16DSH1.390
P16DSH1   EZ390 options = @rt\RT1=(bal notiming stats) 
  systerm(mfacc\rtmfacc)
***** RT\MFACC\SAVE\P16DSH1.STA
P16DSH1   EZ390 program = mfacc\P16DSH1.390
P16DSH1   EZ390 options = W:\work\z390\z390.OPT=(time(60)) @rt\RT1=(bal notiming stats) 
  systerm(mfacc\rtmfacc)
*****

***** MFACC\P16DSH1.STA
P16DSH1   EZ390 final_options=PROFILE=
P16DSH1   EZ390 final_options=STATS=C:\Program Files (x86)\Automated Software Tools\z390\mfacc\P16DSH1.STA
P16DSH1   EZ390 final_options=SYSPARM=
P16DSH1   EZ390 final options=SYSTERM=C:\Program Files (x86)\Automated Software Tools\z390\mfacc\rtmfacc.E
P16DSH1   EZ390 final_options=RR
P16DSH1   EZ390 final_options=TESTDD=
P16DSH1   EZ390 final_options=TIME=15
P16DSH1   EZ390 final_options=TRACE=
***** RT\MFACC\SAVE\P16DSH1.STA
P16DSH1   EZ390 final_options=PROFILE=
P16DSH1   EZ390 final_options=STATS=W:\work\z390\mfacc\P16DSH1.STA
P16DSH1   EZ390 final_options=SYSPARM=
P16DSH1   EZ390 final_options=SYSTERM=W:\work\z390\mfacc\rtmfacc.ERR
P16DSH1   EZ390 final_options=TESTDD=
P16DSH1   EZ390 final_options=TIME=60
P16DSH1   EZ390 final_options=TRACE=
*****

***** MFACC\P16DSH1.STA
P16DSH1   EZ390 final_options=IPL=
P16DSH1   EZ390 final_options=LOG=C:\Program Files (x86)\Automated Software Tools\z390\mfacc\P16DSH1.LOG
P16DSH1   EZ390 final_options=SYS390=mfacc\+linklib
***** RT\MFACC\SAVE\P16DSH1.STA
P16DSH1   EZ390 final_options=IPL=
P16DSH1   EZ390 final_options=LOG=W:\work\z390\mfacc\P16DSH1.LOG
P16DSH1   EZ390 final_options=SYS390=mfacc\+linklib
*****

***** MFACC\P16DSH1.STA
P16DSH1   EZ390 total errors          = 0
P16DSH1   EZ390 ENDED   RC= 0 MEM(MB)= MB IO=188 INS=2958
***** RT\MFACC\SAVE\P16DSH1.STA
P16DSH1   EZ390 total errors          = 0
P16DSH1   EZ390 ENDED   RC= 0 MEM(MB)= MB IO=187 INS=2958
*****

