Comparing files MFACC\P1DSH1.STA and RT\MFACC\SAVE\P1DSH1.STA
***** MFACC\P1DSH1.STA
P1DSH1    MZ390 program = mfacc\P1DSH1.MLC
P1DSH1    MZ390 options = sysmac(C:\PROGRA~2\AUTOMA~1\z390\mac+.) 
  syscpy(C:\PROGRA~2\AUTOMA~1\z390\mac+.) @rt\RT1=(bal notiming stats) 
  systerm(mfacc\rtmfacc)
***** RT\MFACC\SAVE\P1DSH1.STA
P1DSH1    MZ390 program = mfacc\P1DSH1.MLC
P1DSH1    MZ390 options = W:\work\z390\z390.OPT=(time(60)) sysmac(W:\work\z390\mac+.) 
  syscpy(W:\work\z390\mac+.) @rt\RT1=(bal notiming stats) 
  systerm(mfacc\rtmfacc)
*****

***** MFACC\P1DSH1.STA
P1DSH1    MZ390 final_options=PROFILE=
P1DSH1    MZ390 final_options=STATS=C:\Program Files (x86)\Automated Software Tools\z390\mfacc\P1DSH1.STA
P1DSH1    MZ390 final_options=SYSPARM=
P1DSH1    MZ390 final options=SYSTERM=C:\Program Files (x86)\Automated Software Tools\z390\mfacc\rtmfacc.E
P1DSH1    MZ390 final_options=RR
P1DSH1    MZ390 final_options=TESTDD=
P1DSH1    MZ390 final_options=TIME=15
P1DSH1    MZ390 final_options=TRACE=
***** RT\MFACC\SAVE\P1DSH1.STA
P1DSH1    MZ390 final_options=PROFILE=
P1DSH1    MZ390 final_options=STATS=W:\work\z390\mfacc\P1DSH1.STA
P1DSH1    MZ390 final_options=SYSPARM=
P1DSH1    MZ390 final_options=SYSTERM=W:\work\z390\mfacc\rtmfacc.ERR
P1DSH1    MZ390 final_options=TESTDD=
P1DSH1    MZ390 final_options=TIME=60
P1DSH1    MZ390 final_options=TRACE=
*****

***** MFACC\P1DSH1.STA
P1DSH1    MZ390 final_options=SYSBAL=mfacc\
P1DSH1    MZ390 final_options=SYSCPY=C:\PROGRA~2\AUTOMA~1\z390\mac+.
P1DSH1    MZ390 final_options=SYSDAT=mfacc\
***** RT\MFACC\SAVE\P1DSH1.STA
P1DSH1    MZ390 final_options=SYSBAL=mfacc\
P1DSH1    MZ390 final_options=SYSCPY=W:\work\z390\mac+.
P1DSH1    MZ390 final_options=SYSDAT=mfacc\
*****

***** MFACC\P1DSH1.STA
P1DSH1    MZ390 final_options=SYSLST=mfacc\
P1DSH1    MZ390 final_options=SYSMAC=C:\PROGRA~2\AUTOMA~1\z390\mac+.
P1DSH1    MZ390 final_options=SYSMLC=mfacc\
***** RT\MFACC\SAVE\P1DSH1.STA
P1DSH1    MZ390 final_options=SYSLST=mfacc\
P1DSH1    MZ390 final_options=SYSMAC=W:\work\z390\mac+.
P1DSH1    MZ390 final_options=SYSMLC=mfacc\
*****

***** MFACC\P1DSH1.STA
P1DSH1    MZ390 total pcode exec opt  = 0
P1DSH1    MZ390 FID=  1 ERR= 0 C:\Program Files (x86)\Automated Software Tools\z390\mfacc\P1DSH1.MLC
P1DSH1    MZ390 FID=  2 ERR= 0 C:\PROGRA~2\AUTOMA~1\z390\mac\ZMFACC.MAC
P1DSH1    MZ390 FID=  3 ERR= 0 C:\PROGRA~2\AUTOMA~1\z390\mac\WTO.MAC
P1DSH1    MZ390 FID=  4 ERR= 0 C:\PROGRA~2\AUTOMA~1\z390\mac\SNAP.MAC
P1DSH1    MZ390 total mnote warnings  = 1
***** RT\MFACC\SAVE\P1DSH1.STA
P1DSH1    MZ390 total pcode exec opt  = 0
P1DSH1    MZ390 FID=  1 ERR= 0 W:\work\z390\mfacc\P1DSH1.MLC
P1DSH1    MZ390 FID=  2 ERR= 0 W:\work\z390\mac\ZMFACC.MAC
P1DSH1    MZ390 FID=  3 ERR= 0 W:\work\z390\mac\WTO.MAC
P1DSH1    MZ390 FID=  4 ERR= 0 W:\work\z390\mac\SNAP.MAC
P1DSH1    MZ390 total mnote warnings  = 1
*****

***** MFACC\P1DSH1.STA
P1DSH1    AZ390 total az390 errors    = 0
P1DSH1    MZ390 ENDED   RC= 4 MEM(MB)= MB IO=1957
P1DSH1    LZ390 START
***** RT\MFACC\SAVE\P1DSH1.STA
P1DSH1    AZ390 total az390 errors    = 0
P1DSH1    MZ390 ENDED   RC= 4 MEM(MB)= MB IO=1956
P1DSH1    LZ390 START
*****

***** MFACC\P1DSH1.STA
P1DSH1    LZ390 z390 is licensed under GNU General Public License
P1DSH1    LZ390 options = @rt\RT1=(bal notiming stats) 
  systerm(mfacc\rtmfacc)
***** RT\MFACC\SAVE\P1DSH1.STA
P1DSH1    LZ390 z390 is licensed under GNU General Public License
P1DSH1    LZ390 options = W:\work\z390\z390.OPT=(time(60)) @rt\RT1=(bal notiming stats) 
  systerm(mfacc\rtmfacc)
*****

***** MFACC\P1DSH1.STA
P1DSH1    LZ390 final_options=PROFILE=
P1DSH1    LZ390 final_options=STATS=C:\Program Files (x86)\Automated Software Tools\z390\mfacc\P1DSH1.STA
P1DSH1    LZ390 final_options=SYSPARM=
P1DSH1    LZ390 final options=SYSTERM=C:\Program Files (x86)\Automated Software Tools\z390\mfacc\rtmfacc.E
P1DSH1    LZ390 final_options=RR
P1DSH1    LZ390 final_options=TESTDD=
P1DSH1    LZ390 final_options=TIME=15
P1DSH1    LZ390 final_options=TRACE=
***** RT\MFACC\SAVE\P1DSH1.STA
P1DSH1    LZ390 final_options=PROFILE=
P1DSH1    LZ390 final_options=STATS=W:\work\z390\mfacc\P1DSH1.STA
P1DSH1    LZ390 final_options=SYSPARM=
P1DSH1    LZ390 final_options=SYSTERM=W:\work\z390\mfacc\rtmfacc.ERR
P1DSH1    LZ390 final_options=TESTDD=
P1DSH1    LZ390 final_options=TIME=60
P1DSH1    LZ390 final_options=TRACE=
*****

***** MFACC\P1DSH1.STA
P1DSH1    LZ390 total errors          = 0
P1DSH1    LZ390 ENDED   RC= 0 MEM(MB)= MB IO=240
P1DSH1    EZ390 START
***** RT\MFACC\SAVE\P1DSH1.STA
P1DSH1    LZ390 total errors          = 0
P1DSH1    LZ390 ENDED   RC= 0 MEM(MB)= MB IO=239
P1DSH1    EZ390 START
*****

***** MFACC\P1DSH1.STA
P1DSH1    EZ390 program = mfacc\P1DSH1.390
P1DSH1    EZ390 options = @rt\RT1=(bal notiming stats) 
  systerm(mfacc\rtmfacc)
***** RT\MFACC\SAVE\P1DSH1.STA
P1DSH1    EZ390 program = mfacc\P1DSH1.390
P1DSH1    EZ390 options = W:\work\z390\z390.OPT=(time(60)) @rt\RT1=(bal notiming stats) 
  systerm(mfacc\rtmfacc)
*****

***** MFACC\P1DSH1.STA
P1DSH1    EZ390 final_options=PROFILE=
P1DSH1    EZ390 final_options=STATS=C:\Program Files (x86)\Automated Software Tools\z390\mfacc\P1DSH1.STA
P1DSH1    EZ390 final_options=SYSPARM=
P1DSH1    EZ390 final options=SYSTERM=C:\Program Files (x86)\Automated Software Tools\z390\mfacc\rtmfacc.E
P1DSH1    EZ390 final_options=RR
P1DSH1    EZ390 final_options=TESTDD=
P1DSH1    EZ390 final_options=TIME=15
P1DSH1    EZ390 final_options=TRACE=
***** RT\MFACC\SAVE\P1DSH1.STA
P1DSH1    EZ390 final_options=PROFILE=
P1DSH1    EZ390 final_options=STATS=W:\work\z390\mfacc\P1DSH1.STA
P1DSH1    EZ390 final_options=SYSPARM=
P1DSH1    EZ390 final_options=SYSTERM=W:\work\z390\mfacc\rtmfacc.ERR
P1DSH1    EZ390 final_options=TESTDD=
P1DSH1    EZ390 final_options=TIME=60
P1DSH1    EZ390 final_options=TRACE=
*****

***** MFACC\P1DSH1.STA
P1DSH1    EZ390 final_options=IPL=
P1DSH1    EZ390 final_options=LOG=C:\Program Files (x86)\Automated Software Tools\z390\mfacc\P1DSH1.LOG
P1DSH1    EZ390 final_options=SYS390=mfacc\+linklib
***** RT\MFACC\SAVE\P1DSH1.STA
P1DSH1    EZ390 final_options=IPL=
P1DSH1    EZ390 final_options=LOG=W:\work\z390\mfacc\P1DSH1.LOG
P1DSH1    EZ390 final_options=SYS390=mfacc\+linklib
*****

***** MFACC\P1DSH1.STA
P1DSH1    EZ390 total errors          = 0
P1DSH1    EZ390 ENDED   RC= 0 MEM(MB)= MB IO=170 INS=28
***** RT\MFACC\SAVE\P1DSH1.STA
P1DSH1    EZ390 total errors          = 0
P1DSH1    EZ390 ENDED   RC= 0 MEM(MB)= MB IO=169 INS=28
*****

