Comparing files VSAM\DEMO\RRF1DEMO.STA and RT\VSAM\DEMO\SAVE\RRF1DEMO.STA
***** VSAM\DEMO\RRF1DEMO.STA
RRF1DEMO  MZ390 program = vsam\demo\RRF1DEMO.MLC
RRF1DEMO  MZ390 options = sysmac(C:\PROGRA~2\AUTOMA~1\z390\mac+.) 
  syscpy(C:\PROGRA~2\AUTOMA~1\z390\mac+.) @vsam\rtvsam=(notiming stats tracev 
  traceq dump) systerm(w:\work\z390\vsam\test\rtvsam)
RRF1DEMO  MZ390 final_options=ALIGN
***** RT\VSAM\DEMO\SAVE\RRF1DEMO.STA
RRF1DEMO  MZ390 program = vsam\demo\RRF1DEMO.MLC
RRF1DEMO  MZ390 options = W:\work\z390\z390.OPT=(time(60)) sysmac(W:\work\z390\mac+.) 
  syscpy(W:\work\z390\mac+.) @vsam\rtvsam=(notiming stats tracev traceq dump) 
  systerm(w:\work\z390\vsam\test\rtvsam)
RRF1DEMO  MZ390 final_options=ALIGN
*****

***** VSAM\DEMO\RRF1DEMO.STA
RRF1DEMO  MZ390 final_options=PROFILE=
RRF1DEMO  MZ390 final options=STATS=C:\Program Files (x86)\Automated Software Tools\z390\vsam\demo\RRF1DEM
RRF1DEMO  MZ390 final_options=O.STA
RRF1DEMO  MZ390 final_options=SYSPARM=
***** RT\VSAM\DEMO\SAVE\RRF1DEMO.STA
RRF1DEMO  MZ390 final_options=PROFILE=
RRF1DEMO  MZ390 final_options=STATS=W:\work\z390\vsam\demo\RRF1DEMO.STA
RRF1DEMO  MZ390 final_options=SYSPARM=
*****

***** VSAM\DEMO\RRF1DEMO.STA
RRF1DEMO  MZ390 final_options=TESTDD=
RRF1DEMO  MZ390 final_options=TIME=15
RRF1DEMO  MZ390 final_options=TRACE=
***** RT\VSAM\DEMO\SAVE\RRF1DEMO.STA
RRF1DEMO  MZ390 final_options=TESTDD=
RRF1DEMO  MZ390 final_options=TIME=60
RRF1DEMO  MZ390 final_options=TRACE=
*****

***** VSAM\DEMO\RRF1DEMO.STA
RRF1DEMO  MZ390 final_options=SYSBAL=vsam\demo\
RRF1DEMO  MZ390 final_options=SYSCPY=C:\PROGRA~2\AUTOMA~1\z390\mac+.
RRF1DEMO  MZ390 final_options=SYSDAT=vsam\demo\
***** RT\VSAM\DEMO\SAVE\RRF1DEMO.STA
RRF1DEMO  MZ390 final_options=SYSBAL=vsam\demo\
RRF1DEMO  MZ390 final_options=SYSCPY=W:\work\z390\mac+.
RRF1DEMO  MZ390 final_options=SYSDAT=vsam\demo\
*****

***** VSAM\DEMO\RRF1DEMO.STA
RRF1DEMO  MZ390 final_options=SYSLST=vsam\demo\
RRF1DEMO  MZ390 final_options=SYSMAC=C:\PROGRA~2\AUTOMA~1\z390\mac+.
RRF1DEMO  MZ390 final_options=SYSMLC=vsam\demo\
***** RT\VSAM\DEMO\SAVE\RRF1DEMO.STA
RRF1DEMO  MZ390 final_options=SYSLST=vsam\demo\
RRF1DEMO  MZ390 final_options=SYSMAC=W:\work\z390\mac+.
RRF1DEMO  MZ390 final_options=SYSMLC=vsam\demo\
*****

***** VSAM\DEMO\RRF1DEMO.STA
RRF1DEMO  MZ390 total pcode exec opt  = 4
RRF1DEMO  MZ390 FID=  1 ERR= 0 C:\Program Files (x86)\Automated Software Tools\z390\vsam\demo\RRF1DEMO.MLC
RRF1DEMO  MZ390 FID=  2 ERR= 0 C:\PROGRA~2\AUTOMA~1\z390\mac\SUBENTRY.MAC
RRF1DEMO  MZ390 FID=  3 ERR= 0 C:\PROGRA~2\AUTOMA~1\z390\mac\WTO.MAC
RRF1DEMO  MZ390 FID=  4 ERR= 0 C:\PROGRA~2\AUTOMA~1\z390\mac\OPEN.MAC
RRF1DEMO  MZ390 FID=  5 ERR= 0 C:\PROGRA~2\AUTOMA~1\z390\mac\ZOPEN.MAC
RRF1DEMO  MZ390 FID=  6 ERR= 0 C:\PROGRA~2\AUTOMA~1\z390\mac\DCBD.MAC
RRF1DEMO  MZ390 FID=  7 ERR= 0 C:\PROGRA~2\AUTOMA~1\z390\mac\PUT.MAC
RRF1DEMO  MZ390 FID=  8 ERR= 0 C:\PROGRA~2\AUTOMA~1\z390\mac\CLOSE.MAC
RRF1DEMO  MZ390 FID=  9 ERR= 0 C:\PROGRA~2\AUTOMA~1\z390\mac\ZCLOSE.MAC
RRF1DEMO  MZ390 FID= 10 ERR= 0 C:\PROGRA~2\AUTOMA~1\z390\mac\GET.MAC
RRF1DEMO  MZ390 FID= 11 ERR= 0 C:\PROGRA~2\AUTOMA~1\z390\mac\SUBEXIT.MAC
RRF1DEMO  MZ390 FID= 12 ERR= 0 C:\PROGRA~2\AUTOMA~1\z390\mac\ABEND.MAC
RRF1DEMO  MZ390 FID= 13 ERR= 0 C:\PROGRA~2\AUTOMA~1\z390\mac\ACB.MAC
RRF1DEMO  MZ390 FID= 14 ERR= 0 C:\PROGRA~2\AUTOMA~1\z390\mac\ZGENMACF.MAC
RRF1DEMO  MZ390 FID= 15 ERR= 0 C:\PROGRA~2\AUTOMA~1\z390\mac\ACBD.MAC
RRF1DEMO  MZ390 FID= 16 ERR= 0 C:\PROGRA~2\AUTOMA~1\z390\mac\RPL.MAC
RRF1DEMO  MZ390 FID= 17 ERR= 0 C:\PROGRA~2\AUTOMA~1\z390\mac\ZGENOPTD.MAC
RRF1DEMO  MZ390 FID= 18 ERR= 0 C:\PROGRA~2\AUTOMA~1\z390\mac\RPLD.MAC
RRF1DEMO  MZ390 FID= 19 ERR= 0 C:\PROGRA~2\AUTOMA~1\z390\mac\EQUREGS.MAC
RRF1DEMO  MZ390 total mnote warnings  = 0
***** RT\VSAM\DEMO\SAVE\RRF1DEMO.STA
RRF1DEMO  MZ390 total pcode exec opt  = 4
RRF1DEMO  MZ390 FID=  1 ERR= 0 W:\work\z390\vsam\demo\RRF1DEMO.MLC
RRF1DEMO  MZ390 FID=  2 ERR= 0 W:\work\z390\mac\SUBENTRY.MAC
RRF1DEMO  MZ390 FID=  3 ERR= 0 W:\work\z390\mac\WTO.MAC
RRF1DEMO  MZ390 FID=  4 ERR= 0 W:\work\z390\mac\OPEN.MAC
RRF1DEMO  MZ390 FID=  5 ERR= 0 W:\work\z390\mac\ZOPEN.MAC
RRF1DEMO  MZ390 FID=  6 ERR= 0 W:\work\z390\mac\DCBD.MAC
RRF1DEMO  MZ390 FID=  7 ERR= 0 W:\work\z390\mac\PUT.MAC
RRF1DEMO  MZ390 FID=  8 ERR= 0 W:\work\z390\mac\CLOSE.MAC
RRF1DEMO  MZ390 FID=  9 ERR= 0 W:\work\z390\mac\ZCLOSE.MAC
RRF1DEMO  MZ390 FID= 10 ERR= 0 W:\work\z390\mac\GET.MAC
RRF1DEMO  MZ390 FID= 11 ERR= 0 W:\work\z390\mac\SUBEXIT.MAC
RRF1DEMO  MZ390 FID= 12 ERR= 0 W:\work\z390\mac\ABEND.MAC
RRF1DEMO  MZ390 FID= 13 ERR= 0 W:\work\z390\mac\ACB.MAC
RRF1DEMO  MZ390 FID= 14 ERR= 0 W:\work\z390\mac\ZGENMACF.MAC
RRF1DEMO  MZ390 FID= 15 ERR= 0 W:\work\z390\mac\ACBD.MAC
RRF1DEMO  MZ390 FID= 16 ERR= 0 W:\work\z390\mac\RPL.MAC
RRF1DEMO  MZ390 FID= 17 ERR= 0 W:\work\z390\mac\ZGENOPTD.MAC
RRF1DEMO  MZ390 FID= 18 ERR= 0 W:\work\z390\mac\RPLD.MAC
RRF1DEMO  MZ390 FID= 19 ERR= 0 W:\work\z390\mac\EQUREGS.MAC
RRF1DEMO  MZ390 total mnote warnings  = 0
*****

***** VSAM\DEMO\RRF1DEMO.STA
RRF1DEMO  AZ390 total az390 errors    = 0
RRF1DEMO  MZ390 ENDED   RC= 0 MEM(MB)= MB IO=4362
RRF1DEMO  LZ390 START
***** RT\VSAM\DEMO\SAVE\RRF1DEMO.STA
RRF1DEMO  AZ390 total az390 errors    = 0
RRF1DEMO  MZ390 ENDED   RC= 0 MEM(MB)= MB IO=4361
RRF1DEMO  LZ390 START
*****

***** VSAM\DEMO\RRF1DEMO.STA
RRF1DEMO  LZ390 z390 is licensed under GNU General Public License
RRF1DEMO  LZ390 options = @vsam\rtvsam=(notiming stats tracev traceq 
  dump) systerm(w:\work\z390\vsam\test\rtvsam)
RRF1DEMO  LZ390 program = vsam\demo\RRF1DEMO.OBJ
***** RT\VSAM\DEMO\SAVE\RRF1DEMO.STA
RRF1DEMO  LZ390 z390 is licensed under GNU General Public License
RRF1DEMO  LZ390 options = W:\work\z390\z390.OPT=(time(60)) @vsam\rtvsam=(notiming stats tracev 
  traceq dump) systerm(w:\work\z390\vsam\test\rtvsam)
RRF1DEMO  LZ390 program = vsam\demo\RRF1DEMO.OBJ
*****

***** VSAM\DEMO\RRF1DEMO.STA
RRF1DEMO  LZ390 final_options=PROFILE=
RRF1DEMO  LZ390 final options=STATS=C:\Program Files (x86)\Automated Software Tools\z390\vsam\demo\RRF1DEM
RRF1DEMO  LZ390 final_options=O.STA
RRF1DEMO  LZ390 final_options=SYSPARM=
***** RT\VSAM\DEMO\SAVE\RRF1DEMO.STA
RRF1DEMO  LZ390 final_options=PROFILE=
RRF1DEMO  LZ390 final_options=STATS=W:\work\z390\vsam\demo\RRF1DEMO.STA
RRF1DEMO  LZ390 final_options=SYSPARM=
*****

***** VSAM\DEMO\RRF1DEMO.STA
RRF1DEMO  LZ390 final_options=TESTDD=
RRF1DEMO  LZ390 final_options=TIME=15
RRF1DEMO  LZ390 final_options=TRACE=
***** RT\VSAM\DEMO\SAVE\RRF1DEMO.STA
RRF1DEMO  LZ390 final_options=TESTDD=
RRF1DEMO  LZ390 final_options=TIME=60
RRF1DEMO  LZ390 final_options=TRACE=
*****

***** VSAM\DEMO\RRF1DEMO.STA
RRF1DEMO  LZ390 total errors          = 0
RRF1DEMO  LZ390 ENDED   RC= 0 MEM(MB)= MB IO=366
RRF1DEMO  EZ390 START
***** RT\VSAM\DEMO\SAVE\RRF1DEMO.STA
RRF1DEMO  LZ390 total errors          = 0
RRF1DEMO  LZ390 ENDED   RC= 0 MEM(MB)= MB IO=365
RRF1DEMO  EZ390 START
*****

***** VSAM\DEMO\RRF1DEMO.STA
RRF1DEMO  EZ390 program = vsam\demo\RRF1DEMO.390
RRF1DEMO  EZ390 options = @vsam\rtvsam=(notiming stats tracev traceq 
  dump) systerm(w:\work\z390\vsam\test\rtvsam)
RRF1DEMO  EZ390 final_options=ALIGN
***** RT\VSAM\DEMO\SAVE\RRF1DEMO.STA
RRF1DEMO  EZ390 program = vsam\demo\RRF1DEMO.390
RRF1DEMO  EZ390 options = W:\work\z390\z390.OPT=(time(60)) @vsam\rtvsam=(notiming stats tracev 
  traceq dump) systerm(w:\work\z390\vsam\test\rtvsam)
RRF1DEMO  EZ390 final_options=ALIGN
*****

***** VSAM\DEMO\RRF1DEMO.STA
RRF1DEMO  EZ390 final_options=PROFILE=
RRF1DEMO  EZ390 final options=STATS=C:\Program Files (x86)\Automated Software Tools\z390\vsam\demo\RRF1DEM
RRF1DEMO  EZ390 final_options=O.STA
RRF1DEMO  EZ390 final_options=SYSPARM=
***** RT\VSAM\DEMO\SAVE\RRF1DEMO.STA
RRF1DEMO  EZ390 final_options=PROFILE=
RRF1DEMO  EZ390 final_options=STATS=W:\work\z390\vsam\demo\RRF1DEMO.STA
RRF1DEMO  EZ390 final_options=SYSPARM=
*****

***** VSAM\DEMO\RRF1DEMO.STA
RRF1DEMO  EZ390 final_options=TESTDD=
RRF1DEMO  EZ390 final_options=TIME=15
RRF1DEMO  EZ390 final_options=TRACE=
***** RT\VSAM\DEMO\SAVE\RRF1DEMO.STA
RRF1DEMO  EZ390 final_options=TESTDD=
RRF1DEMO  EZ390 final_options=TIME=60
RRF1DEMO  EZ390 final_options=TRACE=
*****

***** VSAM\DEMO\RRF1DEMO.STA
RRF1DEMO  EZ390 final_options=IPL=
RRF1DEMO  EZ390 final options=LOG=C:\Program Files (x86)\Automated Software Tools\z390\vsam\demo\RRF1DEMO.
RRF1DEMO  EZ390 final_options=LOG
RRF1DEMO  EZ390 final_options=SYS390=vsam\demo\+linklib
***** RT\VSAM\DEMO\SAVE\RRF1DEMO.STA
RRF1DEMO  EZ390 final_options=IPL=
RRF1DEMO  EZ390 final_options=LOG=W:\work\z390\vsam\demo\RRF1DEMO.LOG
RRF1DEMO  EZ390 final_options=SYS390=vsam\demo\+linklib
*****

***** VSAM\DEMO\RRF1DEMO.STA
RRF1DEMO  EZ390 total errors          = 0
RRF1DEMO  EZ390 ENDED   RC= 0 MEM(MB)= MB IO=329 INS=80
***** RT\VSAM\DEMO\SAVE\RRF1DEMO.STA
RRF1DEMO  EZ390 total errors          = 0
RRF1DEMO  EZ390 ENDED   RC= 0 MEM(MB)= MB IO=327 INS=80
*****

