Comparing files VSAM\DEMO\RRV1DEMO.STA and RT\VSAM\DEMO\SAVE\RRV1DEMO.STA
***** VSAM\DEMO\RRV1DEMO.STA
RRV1DEMO  MZ390 program = vsam\demo\RRV1DEMO.MLC
RRV1DEMO  MZ390 options = sysmac(C:\PROGRA~2\AUTOMA~1\z390\mac+.) 
  syscpy(C:\PROGRA~2\AUTOMA~1\z390\mac+.) @vsam\rtvsam=(notiming stats tracev 
  traceq dump) systerm(w:\work\z390\vsam\test\rtvsam)
RRV1DEMO  MZ390 final_options=ALIGN
***** RT\VSAM\DEMO\SAVE\RRV1DEMO.STA
RRV1DEMO  MZ390 program = vsam\demo\RRV1DEMO.MLC
RRV1DEMO  MZ390 options = W:\work\z390\z390.OPT=(time(60)) sysmac(W:\work\z390\mac+.) 
  syscpy(W:\work\z390\mac+.) @vsam\rtvsam=(notiming stats tracev traceq dump) 
  systerm(w:\work\z390\vsam\test\rtvsam)
RRV1DEMO  MZ390 final_options=ALIGN
*****

***** VSAM\DEMO\RRV1DEMO.STA
RRV1DEMO  MZ390 final_options=PROFILE=
RRV1DEMO  MZ390 final options=STATS=C:\Program Files (x86)\Automated Software Tools\z390\vsam\demo\RRV1DEM
RRV1DEMO  MZ390 final_options=O.STA
RRV1DEMO  MZ390 final_options=SYSPARM=
***** RT\VSAM\DEMO\SAVE\RRV1DEMO.STA
RRV1DEMO  MZ390 final_options=PROFILE=
RRV1DEMO  MZ390 final_options=STATS=W:\work\z390\vsam\demo\RRV1DEMO.STA
RRV1DEMO  MZ390 final_options=SYSPARM=
*****

***** VSAM\DEMO\RRV1DEMO.STA
RRV1DEMO  MZ390 final_options=TESTDD=
RRV1DEMO  MZ390 final_options=TIME=15
RRV1DEMO  MZ390 final_options=TRACE=
***** RT\VSAM\DEMO\SAVE\RRV1DEMO.STA
RRV1DEMO  MZ390 final_options=TESTDD=
RRV1DEMO  MZ390 final_options=TIME=60
RRV1DEMO  MZ390 final_options=TRACE=
*****

***** VSAM\DEMO\RRV1DEMO.STA
RRV1DEMO  MZ390 final_options=SYSBAL=vsam\demo\
RRV1DEMO  MZ390 final_options=SYSCPY=C:\PROGRA~2\AUTOMA~1\z390\mac+.
RRV1DEMO  MZ390 final_options=SYSDAT=vsam\demo\
***** RT\VSAM\DEMO\SAVE\RRV1DEMO.STA
RRV1DEMO  MZ390 final_options=SYSBAL=vsam\demo\
RRV1DEMO  MZ390 final_options=SYSCPY=W:\work\z390\mac+.
RRV1DEMO  MZ390 final_options=SYSDAT=vsam\demo\
*****

***** VSAM\DEMO\RRV1DEMO.STA
RRV1DEMO  MZ390 final_options=SYSLST=vsam\demo\
RRV1DEMO  MZ390 final_options=SYSMAC=C:\PROGRA~2\AUTOMA~1\z390\mac+.
RRV1DEMO  MZ390 final_options=SYSMLC=vsam\demo\
***** RT\VSAM\DEMO\SAVE\RRV1DEMO.STA
RRV1DEMO  MZ390 final_options=SYSLST=vsam\demo\
RRV1DEMO  MZ390 final_options=SYSMAC=W:\work\z390\mac+.
RRV1DEMO  MZ390 final_options=SYSMLC=vsam\demo\
*****

***** VSAM\DEMO\RRV1DEMO.STA
RRV1DEMO  MZ390 total pcode exec opt  = 4
RRV1DEMO  MZ390 FID=  1 ERR= 0 C:\Program Files (x86)\Automated Software Tools\z390\vsam\demo\RRV1DEMO.MLC
RRV1DEMO  MZ390 FID=  2 ERR= 0 C:\PROGRA~2\AUTOMA~1\z390\mac\SUBENTRY.MAC
RRV1DEMO  MZ390 FID=  3 ERR= 0 C:\PROGRA~2\AUTOMA~1\z390\mac\RT1.MAC
RRV1DEMO  MZ390 FID=  4 ERR= 0 C:\PROGRA~2\AUTOMA~1\z390\mac\WTO.MAC
RRV1DEMO  MZ390 FID=  5 ERR= 0 C:\PROGRA~2\AUTOMA~1\z390\mac\OPEN.MAC
RRV1DEMO  MZ390 FID=  6 ERR= 0 C:\PROGRA~2\AUTOMA~1\z390\mac\ZOPEN.MAC
RRV1DEMO  MZ390 FID=  7 ERR= 0 C:\PROGRA~2\AUTOMA~1\z390\mac\DCBD.MAC
RRV1DEMO  MZ390 FID=  8 ERR= 0 C:\PROGRA~2\AUTOMA~1\z390\mac\MODCB.MAC
RRV1DEMO  MZ390 FID=  9 ERR= 0 C:\PROGRA~2\AUTOMA~1\z390\mac\ZMODCB.MAC
RRV1DEMO  MZ390 FID= 10 ERR= 0 C:\PROGRA~2\AUTOMA~1\z390\mac\PUT.MAC
RRV1DEMO  MZ390 FID= 11 ERR= 0 C:\PROGRA~2\AUTOMA~1\z390\mac\CLOSE.MAC
RRV1DEMO  MZ390 FID= 12 ERR= 0 C:\PROGRA~2\AUTOMA~1\z390\mac\ZCLOSE.MAC
RRV1DEMO  MZ390 FID= 13 ERR= 0 C:\PROGRA~2\AUTOMA~1\z390\mac\GET.MAC
RRV1DEMO  MZ390 FID= 14 ERR= 0 C:\PROGRA~2\AUTOMA~1\z390\mac\TESTCB.MAC
RRV1DEMO  MZ390 FID= 15 ERR= 0 C:\PROGRA~2\AUTOMA~1\z390\mac\ZTESTCB.MAC
RRV1DEMO  MZ390 FID= 16 ERR= 0 C:\PROGRA~2\AUTOMA~1\z390\mac\SUBEXIT.MAC
RRV1DEMO  MZ390 FID= 17 ERR= 0 C:\PROGRA~2\AUTOMA~1\z390\mac\ABEND.MAC
RRV1DEMO  MZ390 FID= 18 ERR= 0 C:\PROGRA~2\AUTOMA~1\z390\mac\ACB.MAC
RRV1DEMO  MZ390 FID= 19 ERR= 0 C:\PROGRA~2\AUTOMA~1\z390\mac\ZGENMACF.MAC
RRV1DEMO  MZ390 FID= 20 ERR= 0 C:\PROGRA~2\AUTOMA~1\z390\mac\ACBD.MAC
RRV1DEMO  MZ390 FID= 21 ERR= 0 C:\PROGRA~2\AUTOMA~1\z390\mac\RPL.MAC
RRV1DEMO  MZ390 FID= 22 ERR= 0 C:\PROGRA~2\AUTOMA~1\z390\mac\ZGENOPTD.MAC
RRV1DEMO  MZ390 FID= 23 ERR= 0 C:\PROGRA~2\AUTOMA~1\z390\mac\RPLD.MAC
RRV1DEMO  MZ390 FID= 24 ERR= 0 C:\PROGRA~2\AUTOMA~1\z390\mac\EQUREGS.MAC
RRV1DEMO  MZ390 total mnote warnings  = 0
***** RT\VSAM\DEMO\SAVE\RRV1DEMO.STA
RRV1DEMO  MZ390 total pcode exec opt  = 4
RRV1DEMO  MZ390 FID=  1 ERR= 0 W:\work\z390\vsam\demo\RRV1DEMO.MLC
RRV1DEMO  MZ390 FID=  2 ERR= 0 W:\work\z390\mac\SUBENTRY.MAC
RRV1DEMO  MZ390 FID=  3 ERR= 0 W:\work\z390\mac\RT1.MAC
RRV1DEMO  MZ390 FID=  4 ERR= 0 W:\work\z390\mac\WTO.MAC
RRV1DEMO  MZ390 FID=  5 ERR= 0 W:\work\z390\mac\OPEN.MAC
RRV1DEMO  MZ390 FID=  6 ERR= 0 W:\work\z390\mac\ZOPEN.MAC
RRV1DEMO  MZ390 FID=  7 ERR= 0 W:\work\z390\mac\DCBD.MAC
RRV1DEMO  MZ390 FID=  8 ERR= 0 W:\work\z390\mac\MODCB.MAC
RRV1DEMO  MZ390 FID=  9 ERR= 0 W:\work\z390\mac\ZMODCB.MAC
RRV1DEMO  MZ390 FID= 10 ERR= 0 W:\work\z390\mac\PUT.MAC
RRV1DEMO  MZ390 FID= 11 ERR= 0 W:\work\z390\mac\CLOSE.MAC
RRV1DEMO  MZ390 FID= 12 ERR= 0 W:\work\z390\mac\ZCLOSE.MAC
RRV1DEMO  MZ390 FID= 13 ERR= 0 W:\work\z390\mac\GET.MAC
RRV1DEMO  MZ390 FID= 14 ERR= 0 W:\work\z390\mac\TESTCB.MAC
RRV1DEMO  MZ390 FID= 15 ERR= 0 W:\work\z390\mac\ZTESTCB.MAC
RRV1DEMO  MZ390 FID= 16 ERR= 0 W:\work\z390\mac\SUBEXIT.MAC
RRV1DEMO  MZ390 FID= 17 ERR= 0 W:\work\z390\mac\ABEND.MAC
RRV1DEMO  MZ390 FID= 18 ERR= 0 W:\work\z390\mac\ACB.MAC
RRV1DEMO  MZ390 FID= 19 ERR= 0 W:\work\z390\mac\ZGENMACF.MAC
RRV1DEMO  MZ390 FID= 20 ERR= 0 W:\work\z390\mac\ACBD.MAC
RRV1DEMO  MZ390 FID= 21 ERR= 0 W:\work\z390\mac\RPL.MAC
RRV1DEMO  MZ390 FID= 22 ERR= 0 W:\work\z390\mac\ZGENOPTD.MAC
RRV1DEMO  MZ390 FID= 23 ERR= 0 W:\work\z390\mac\RPLD.MAC
RRV1DEMO  MZ390 FID= 24 ERR= 0 W:\work\z390\mac\EQUREGS.MAC
RRV1DEMO  MZ390 total mnote warnings  = 0
*****

***** VSAM\DEMO\RRV1DEMO.STA
RRV1DEMO  AZ390 total az390 errors    = 0
RRV1DEMO  MZ390 ENDED   RC= 0 MEM(MB)= MB IO=5579
RRV1DEMO  LZ390 START
***** RT\VSAM\DEMO\SAVE\RRV1DEMO.STA
RRV1DEMO  AZ390 total az390 errors    = 0
RRV1DEMO  MZ390 ENDED   RC= 0 MEM(MB)= MB IO=5578
RRV1DEMO  LZ390 START
*****

***** VSAM\DEMO\RRV1DEMO.STA
RRV1DEMO  LZ390 z390 is licensed under GNU General Public License
RRV1DEMO  LZ390 options = @vsam\rtvsam=(notiming stats tracev traceq 
  dump) systerm(w:\work\z390\vsam\test\rtvsam)
RRV1DEMO  LZ390 program = vsam\demo\RRV1DEMO.OBJ
***** RT\VSAM\DEMO\SAVE\RRV1DEMO.STA
RRV1DEMO  LZ390 z390 is licensed under GNU General Public License
RRV1DEMO  LZ390 options = W:\work\z390\z390.OPT=(time(60)) @vsam\rtvsam=(notiming stats tracev 
  traceq dump) systerm(w:\work\z390\vsam\test\rtvsam)
RRV1DEMO  LZ390 program = vsam\demo\RRV1DEMO.OBJ
*****

***** VSAM\DEMO\RRV1DEMO.STA
RRV1DEMO  LZ390 final_options=PROFILE=
RRV1DEMO  LZ390 final options=STATS=C:\Program Files (x86)\Automated Software Tools\z390\vsam\demo\RRV1DEM
RRV1DEMO  LZ390 final_options=O.STA
RRV1DEMO  LZ390 final_options=SYSPARM=
***** RT\VSAM\DEMO\SAVE\RRV1DEMO.STA
RRV1DEMO  LZ390 final_options=PROFILE=
RRV1DEMO  LZ390 final_options=STATS=W:\work\z390\vsam\demo\RRV1DEMO.STA
RRV1DEMO  LZ390 final_options=SYSPARM=
*****

***** VSAM\DEMO\RRV1DEMO.STA
RRV1DEMO  LZ390 final_options=TESTDD=
RRV1DEMO  LZ390 final_options=TIME=15
RRV1DEMO  LZ390 final_options=TRACE=
***** RT\VSAM\DEMO\SAVE\RRV1DEMO.STA
RRV1DEMO  LZ390 final_options=TESTDD=
RRV1DEMO  LZ390 final_options=TIME=60
RRV1DEMO  LZ390 final_options=TRACE=
*****

***** VSAM\DEMO\RRV1DEMO.STA
RRV1DEMO  LZ390 total errors          = 0
RRV1DEMO  LZ390 ENDED   RC= 0 MEM(MB)= MB IO=492
RRV1DEMO  EZ390 START
***** RT\VSAM\DEMO\SAVE\RRV1DEMO.STA
RRV1DEMO  LZ390 total errors          = 0
RRV1DEMO  LZ390 ENDED   RC= 0 MEM(MB)= MB IO=491
RRV1DEMO  EZ390 START
*****

***** VSAM\DEMO\RRV1DEMO.STA
RRV1DEMO  EZ390 program = vsam\demo\RRV1DEMO.390
RRV1DEMO  EZ390 options = @vsam\rtvsam=(notiming stats tracev traceq 
  dump) systerm(w:\work\z390\vsam\test\rtvsam)
RRV1DEMO  EZ390 final_options=ALIGN
***** RT\VSAM\DEMO\SAVE\RRV1DEMO.STA
RRV1DEMO  EZ390 program = vsam\demo\RRV1DEMO.390
RRV1DEMO  EZ390 options = W:\work\z390\z390.OPT=(time(60)) @vsam\rtvsam=(notiming stats tracev 
  traceq dump) systerm(w:\work\z390\vsam\test\rtvsam)
RRV1DEMO  EZ390 final_options=ALIGN
*****

***** VSAM\DEMO\RRV1DEMO.STA
RRV1DEMO  EZ390 final_options=PROFILE=
RRV1DEMO  EZ390 final options=STATS=C:\Program Files (x86)\Automated Software Tools\z390\vsam\demo\RRV1DEM
RRV1DEMO  EZ390 final_options=O.STA
RRV1DEMO  EZ390 final_options=SYSPARM=
***** RT\VSAM\DEMO\SAVE\RRV1DEMO.STA
RRV1DEMO  EZ390 final_options=PROFILE=
RRV1DEMO  EZ390 final_options=STATS=W:\work\z390\vsam\demo\RRV1DEMO.STA
RRV1DEMO  EZ390 final_options=SYSPARM=
*****

***** VSAM\DEMO\RRV1DEMO.STA
RRV1DEMO  EZ390 final_options=TESTDD=
RRV1DEMO  EZ390 final_options=TIME=15
RRV1DEMO  EZ390 final_options=TRACE=
***** RT\VSAM\DEMO\SAVE\RRV1DEMO.STA
RRV1DEMO  EZ390 final_options=TESTDD=
RRV1DEMO  EZ390 final_options=TIME=60
RRV1DEMO  EZ390 final_options=TRACE=
*****

***** VSAM\DEMO\RRV1DEMO.STA
RRV1DEMO  EZ390 final_options=IPL=
RRV1DEMO  EZ390 final options=LOG=C:\Program Files (x86)\Automated Software Tools\z390\vsam\demo\RRV1DEMO.
RRV1DEMO  EZ390 final_options=LOG
RRV1DEMO  EZ390 final_options=SYS390=vsam\demo\+linklib
***** RT\VSAM\DEMO\SAVE\RRV1DEMO.STA
RRV1DEMO  EZ390 final_options=IPL=
RRV1DEMO  EZ390 final_options=LOG=W:\work\z390\vsam\demo\RRV1DEMO.LOG
RRV1DEMO  EZ390 final_options=SYS390=vsam\demo\+linklib
*****

***** VSAM\DEMO\RRV1DEMO.STA
RRV1DEMO  EZ390 total errors          = 0
RRV1DEMO  EZ390 ENDED   RC= 0 MEM(MB)= MB IO=329 INS=107
***** RT\VSAM\DEMO\SAVE\RRV1DEMO.STA
RRV1DEMO  EZ390 total errors          = 0
RRV1DEMO  EZ390 ENDED   RC= 0 MEM(MB)= MB IO=327 INS=107
*****

