Comparing files ASSIST\rtast.ERR and RT\ASSIST\SAVE\RTAST.ERR
***** ASSIST\rtast.ERR
DEMOAST1  MZ390 START
DEMOAST1  MZ390 ENDED   RC= 0 MEM(MB)= MB IO=387
DEMOAST1  LZ390 START
DEMOAST1  LZ390 ENDED   RC= 0 MEM(MB)= MB IO=187
DEMOAST1  EZ390 START
DEMOAST1  EZ390 ENDED   RC= 0 MEM(MB)= MB IO=191 INS=1034
TESTAST1  MZ390 START
TESTAST1  MZ390 ENDED   RC= 0 MEM(MB)= MB IO=507
TESTAST1  LZ390 START
TESTAST1  LZ390 ENDED   RC= 0 MEM(MB)= MB IO=225
TESTAST1  EZ390 START
TESTAST1  EZ390 ENDED   RC= 0 MEM(MB)= MB IO=271 INS=112
solp06    MZ390 START
solp06    MZ390 ENDED   RC= 0 MEM(MB)= MB IO=3477
solp06    LZ390 START
solp06    LZ390 ENDED   RC= 0 MEM(MB)= MB IO=542
solp06    EZ390 START
solp06    EZ390 ENDED   RC= 0 MEM(MB)= MB IO=332 INS=5559
***** RT\ASSIST\SAVE\RTAST.ERR
DEMOAST1  MZ390 START
DEMOAST1  MZ390 ENDED   RC= 0 MEM(MB)= MB IO=385
DEMOAST1  LZ390 START
DEMOAST1  LZ390 ENDED   RC= 0 MEM(MB)= MB IO=185
DEMOAST1  EZ390 START
DEMOAST1  EZ390 ENDED   RC= 0 MEM(MB)= MB IO=189 INS=1034
TESTAST1  MZ390 START
TESTAST1  MZ390 ENDED   RC= 0 MEM(MB)= MB IO=505
TESTAST1  LZ390 START
TESTAST1  LZ390 ENDED   RC= 0 MEM(MB)= MB IO=223
TESTAST1  EZ390 START
TESTAST1  EZ390 ENDED   RC= 0 MEM(MB)= MB IO=269 INS=112
solp06    MZ390 START
solp06    MZ390 ENDED   RC= 0 MEM(MB)= MB IO=3476
solp06    LZ390 START
solp06    LZ390 ENDED   RC= 0 MEM(MB)= MB IO=541
solp06    EZ390 START
solp06    EZ390 ENDED   RC= 0 MEM(MB)= MB IO=331 INS=5559
*****

