Comparing files VSE\TEST\rtvse.ERR and RT\VSE\TEST\SAVE\RTVSE.ERR
***** VSE\TEST\rtvse.ERR
DEMOVSE1  MZ390 START
DEMOVSE1  MZ390 ENDED   RC= 0 MEM(MB)= MB IO=2141
DEMOVSE1  LZ390 START
DEMOVSE1  LZ390 ENDED   RC= 0 MEM(MB)= MB IO=203
DEMOVSE1  EZ390 START
DEMOVSE1  EZ390 ENDED   RC= 0 MEM(MB)= MB IO=157 INS=26
DEMOVSE2  MZ390 START
DEMOVSE2  MZ390 ENDED   RC= 0 MEM(MB)= MB IO=2238
DEMOVSE2  LZ390 START
DEMOVSE2  LZ390 ENDED   RC= 0 MEM(MB)= MB IO=201
DEMOVSE2  EZ390 START
DEMOVSE2  EZ390 ENDED   RC= 0 MEM(MB)= MB IO=171 INS=49
DEMOVSE3  MZ390 START
DEMOVSE3  MZ390 ENDED   RC= 0 MEM(MB)= MB IO=3473
DEMOVSE3  LZ390 START
DEMOVSE3  LZ390 ENDED   RC= 0 MEM(MB)= MB IO=308
DEMOVSE3  EZ390 START
DEMOVSE3  EZ390 ENDED   RC= 0 MEM(MB)= MB IO=171 INS=64
TESTVSE1  MZ390 START
TESTVSE1  MZ390 ENDED   RC= 0 MEM(MB)= MB IO=4126
TESTVSE1  LZ390 START
TESTVSE1  LZ390 ENDED   RC= 0 MEM(MB)= MB IO=295
TESTVSE1  EZ390 START
TESTVSE1  EZ390 ENDED   RC= 0 MEM(MB)= MB IO=159 INS=198
***** RT\VSE\TEST\SAVE\RTVSE.ERR
DEMOVSE1  MZ390 START
DEMOVSE1  MZ390 ENDED   RC= 0 MEM(MB)= MB IO=2139
DEMOVSE1  LZ390 START
DEMOVSE1  LZ390 ENDED   RC= 0 MEM(MB)= MB IO=201
DEMOVSE1  EZ390 START
DEMOVSE1  EZ390 ENDED   RC= 0 MEM(MB)= MB IO=154 INS=26
DEMOVSE2  MZ390 START
DEMOVSE2  MZ390 ENDED   RC= 0 MEM(MB)= MB IO=2236
DEMOVSE2  LZ390 START
DEMOVSE2  LZ390 ENDED   RC= 0 MEM(MB)= MB IO=199
DEMOVSE2  EZ390 START
DEMOVSE2  EZ390 ENDED   RC= 0 MEM(MB)= MB IO=168 INS=49
DEMOVSE3  MZ390 START
DEMOVSE3  MZ390 ENDED   RC= 0 MEM(MB)= MB IO=3471
DEMOVSE3  LZ390 START
DEMOVSE3  LZ390 ENDED   RC= 0 MEM(MB)= MB IO=306
DEMOVSE3  EZ390 START
DEMOVSE3  EZ390 ENDED   RC= 0 MEM(MB)= MB IO=168 INS=64
TESTVSE1  MZ390 START
TESTVSE1  MZ390 ENDED   RC= 0 MEM(MB)= MB IO=4124
TESTVSE1  LZ390 START
TESTVSE1  LZ390 ENDED   RC= 0 MEM(MB)= MB IO=293
TESTVSE1  EZ390 START
TESTVSE1  EZ390 ENDED   RC= 0 MEM(MB)= MB IO=156 INS=198
*****

