Comparing files LINKLIB\SUPERZAP.STA and RT\LINKLIB\SAVE\SUPERZAP.STA
***** LINKLIB\SUPERZAP.STA
SUPERZAP  MZ390 program = linklib\SUPERZAP.MLC
SUPERZAP  MZ390 options = sysmac(C:\PROGRA~2\AUTOMA~1\z390\mac+.) 
  syscpy(C:\PROGRA~2\AUTOMA~1\z390\mac+.) bal notiming stats 
  systerm(linklib\rtlink)
SUPERZAP  MZ390 final_options=ALIGN
***** RT\LINKLIB\SAVE\SUPERZAP.STA
SUPERZAP  MZ390 program = linklib\SUPERZAP.MLC
SUPERZAP  MZ390 options = W:\work\z390\z390.OPT=(time(60)) sysmac(W:\work\z390\mac+.) 
  syscpy(W:\work\z390\mac+.) bal notiming stats systerm(linklib\rtlink)
SUPERZAP  MZ390 final_options=ALIGN
*****

***** LINKLIB\SUPERZAP.STA
SUPERZAP  MZ390 final_options=PROFILE=
SUPERZAP  MZ390 final options=STATS=C:\Program Files (x86)\Automated Software Tools\z390\linklib\SUPERZAP.
SUPERZAP  MZ390 final_options=STA
SUPERZAP  MZ390 final_options=SYSPARM=
SUPERZAP  MZ390 final options=SYSTERM=C:\Program Files (x86)\Automated Software Tools\z390\linklib\rtlink.
SUPERZAP  MZ390 final_options=ERR
SUPERZAP  MZ390 final_options=TESTDD=
SUPERZAP  MZ390 final_options=TIME=15
SUPERZAP  MZ390 final_options=TRACE=
***** RT\LINKLIB\SAVE\SUPERZAP.STA
SUPERZAP  MZ390 final_options=PROFILE=
SUPERZAP  MZ390 final_options=STATS=W:\work\z390\linklib\SUPERZAP.STA
SUPERZAP  MZ390 final_options=SYSPARM=
SUPERZAP  MZ390 final_options=SYSTERM=W:\work\z390\linklib\rtlink.ERR
SUPERZAP  MZ390 final_options=TESTDD=
SUPERZAP  MZ390 final_options=TIME=60
SUPERZAP  MZ390 final_options=TRACE=
*****

***** LINKLIB\SUPERZAP.STA
SUPERZAP  MZ390 final_options=SYSBAL=linklib\
SUPERZAP  MZ390 final_options=SYSCPY=C:\PROGRA~2\AUTOMA~1\z390\mac+.
SUPERZAP  MZ390 final_options=SYSDAT=linklib\
***** RT\LINKLIB\SAVE\SUPERZAP.STA
SUPERZAP  MZ390 final_options=SYSBAL=linklib\
SUPERZAP  MZ390 final_options=SYSCPY=W:\work\z390\mac+.
SUPERZAP  MZ390 final_options=SYSDAT=linklib\
*****

***** LINKLIB\SUPERZAP.STA
SUPERZAP  MZ390 final_options=SYSLST=linklib\
SUPERZAP  MZ390 final_options=SYSMAC=C:\PROGRA~2\AUTOMA~1\z390\mac+.
SUPERZAP  MZ390 final_options=SYSMLC=linklib\
***** RT\LINKLIB\SAVE\SUPERZAP.STA
SUPERZAP  MZ390 final_options=SYSLST=linklib\
SUPERZAP  MZ390 final_options=SYSMAC=W:\work\z390\mac+.
SUPERZAP  MZ390 final_options=SYSMLC=linklib\
*****

***** LINKLIB\SUPERZAP.STA
SUPERZAP  MZ390 total pcode exec opt  = 11
SUPERZAP  MZ390 FID=  1 ERR= 0 C:\Program Files (x86)\Automated Software Tools\z390\linklib\SUPERZAP.MLC
SUPERZAP  MZ390 FID=  2 ERR= 0 C:\PROGRA~2\AUTOMA~1\z390\mac\ASMMSP.CPY
SUPERZAP  MZ390 FID=  3 ERR= 0 C:\PROGRA~2\AUTOMA~1\z390\mac\ZSTRMAC.CPY
SUPERZAP  MZ390 FID=  4 ERR= 0 C:\PROGRA~2\AUTOMA~1\z390\mac\SUBENTRY.MAC
SUPERZAP  MZ390 FID=  5 ERR= 0 C:\PROGRA~2\AUTOMA~1\z390\mac\PM.MAC
SUPERZAP  MZ390 FID=  6 ERR= 0 C:\PROGRA~2\AUTOMA~1\z390\mac\DO.MAC
SUPERZAP  MZ390 FID=  7 ERR= 0 C:\PROGRA~2\AUTOMA~1\z390\mac\ZSTRGBL.CPY
SUPERZAP  MZ390 FID=  8 ERR= 0 C:\PROGRA~2\AUTOMA~1\z390\mac\ZSTREQU.MAC
SUPERZAP  MZ390 FID=  9 ERR= 0 C:\PROGRA~2\AUTOMA~1\z390\mac\IF.MAC
SUPERZAP  MZ390 FID= 10 ERR= 0 C:\PROGRA~2\AUTOMA~1\z390\mac\ENDIF.MAC
SUPERZAP  MZ390 FID= 11 ERR= 0 C:\PROGRA~2\AUTOMA~1\z390\mac\ENDDO.MAC
SUPERZAP  MZ390 FID= 12 ERR= 0 C:\PROGRA~2\AUTOMA~1\z390\mac\SUBEXIT.MAC
SUPERZAP  MZ390 FID= 13 ERR= 0 C:\PROGRA~2\AUTOMA~1\z390\mac\ELSE.MAC
SUPERZAP  MZ390 FID= 14 ERR= 0 C:\PROGRA~2\AUTOMA~1\z390\mac\PENTRY.MAC
SUPERZAP  MZ390 FID= 15 ERR= 0 C:\PROGRA~2\AUTOMA~1\z390\mac\PEXIT.MAC
SUPERZAP  MZ390 FID= 16 ERR= 0 C:\PROGRA~2\AUTOMA~1\z390\mac\GETENV.MAC
SUPERZAP  MZ390 FID= 17 ERR= 0 C:\PROGRA~2\AUTOMA~1\z390\mac\WTO.MAC
SUPERZAP  MZ390 FID= 18 ERR= 0 C:\PROGRA~2\AUTOMA~1\z390\mac\OPEN.MAC
SUPERZAP  MZ390 FID= 19 ERR= 0 C:\PROGRA~2\AUTOMA~1\z390\mac\ZOPEN.MAC
SUPERZAP  MZ390 FID= 20 ERR= 0 C:\PROGRA~2\AUTOMA~1\z390\mac\DCBD.MAC
SUPERZAP  MZ390 FID= 21 ERR= 0 C:\PROGRA~2\AUTOMA~1\z390\mac\CLOSE.MAC
SUPERZAP  MZ390 FID= 22 ERR= 0 C:\PROGRA~2\AUTOMA~1\z390\mac\ZCLOSE.MAC
SUPERZAP  MZ390 FID= 23 ERR= 0 C:\PROGRA~2\AUTOMA~1\z390\mac\WTOR.MAC
SUPERZAP  MZ390 FID= 24 ERR= 0 C:\PROGRA~2\AUTOMA~1\z390\mac\WAIT.MAC
SUPERZAP  MZ390 FID= 25 ERR= 0 C:\PROGRA~2\AUTOMA~1\z390\mac\GET.MAC
SUPERZAP  MZ390 FID= 26 ERR= 0 C:\PROGRA~2\AUTOMA~1\z390\mac\ELSEIF.MAC
SUPERZAP  MZ390 FID= 27 ERR= 0 C:\PROGRA~2\AUTOMA~1\z390\mac\GETMAIN.MAC
SUPERZAP  MZ390 FID= 28 ERR= 0 C:\PROGRA~2\AUTOMA~1\z390\mac\ZOPTLR.MAC
SUPERZAP  MZ390 FID= 29 ERR= 0 C:\PROGRA~2\AUTOMA~1\z390\mac\PUT.MAC
SUPERZAP  MZ390 FID= 30 ERR= 0 C:\PROGRA~2\AUTOMA~1\z390\mac\ABEND.MAC
SUPERZAP  MZ390 FID= 31 ERR= 0 C:\PROGRA~2\AUTOMA~1\z390\mac\EQUREGS.MAC
SUPERZAP  MZ390 FID= 32 ERR= 0 C:\PROGRA~2\AUTOMA~1\z390\mac\DCB.MAC
SUPERZAP  MZ390 total mnote warnings  = 0
***** RT\LINKLIB\SAVE\SUPERZAP.STA
SUPERZAP  MZ390 total pcode exec opt  = 11
SUPERZAP  MZ390 FID=  1 ERR= 0 W:\work\z390\linklib\SUPERZAP.MLC
SUPERZAP  MZ390 FID=  2 ERR= 0 W:\work\z390\mac\ASMMSP.CPY
SUPERZAP  MZ390 FID=  3 ERR= 0 W:\work\z390\mac\ZSTRMAC.CPY
SUPERZAP  MZ390 FID=  4 ERR= 0 W:\work\z390\mac\SUBENTRY.MAC
SUPERZAP  MZ390 FID=  5 ERR= 0 W:\work\z390\mac\PM.MAC
SUPERZAP  MZ390 FID=  6 ERR= 0 W:\work\z390\mac\DO.MAC
SUPERZAP  MZ390 FID=  7 ERR= 0 W:\work\z390\mac\ZSTRGBL.CPY
SUPERZAP  MZ390 FID=  8 ERR= 0 W:\work\z390\mac\ZSTREQU.MAC
SUPERZAP  MZ390 FID=  9 ERR= 0 W:\work\z390\mac\IF.MAC
SUPERZAP  MZ390 FID= 10 ERR= 0 W:\work\z390\mac\ENDIF.MAC
SUPERZAP  MZ390 FID= 11 ERR= 0 W:\work\z390\mac\ENDDO.MAC
SUPERZAP  MZ390 FID= 12 ERR= 0 W:\work\z390\mac\SUBEXIT.MAC
SUPERZAP  MZ390 FID= 13 ERR= 0 W:\work\z390\mac\ELSE.MAC
SUPERZAP  MZ390 FID= 14 ERR= 0 W:\work\z390\mac\PENTRY.MAC
SUPERZAP  MZ390 FID= 15 ERR= 0 W:\work\z390\mac\PEXIT.MAC
SUPERZAP  MZ390 FID= 16 ERR= 0 W:\work\z390\mac\GETENV.MAC
SUPERZAP  MZ390 FID= 17 ERR= 0 W:\work\z390\mac\WTO.MAC
SUPERZAP  MZ390 FID= 18 ERR= 0 W:\work\z390\mac\OPEN.MAC
SUPERZAP  MZ390 FID= 19 ERR= 0 W:\work\z390\mac\ZOPEN.MAC
SUPERZAP  MZ390 FID= 20 ERR= 0 W:\work\z390\mac\DCBD.MAC
SUPERZAP  MZ390 FID= 21 ERR= 0 W:\work\z390\mac\CLOSE.MAC
SUPERZAP  MZ390 FID= 22 ERR= 0 W:\work\z390\mac\ZCLOSE.MAC
SUPERZAP  MZ390 FID= 23 ERR= 0 W:\work\z390\mac\WTOR.MAC
SUPERZAP  MZ390 FID= 24 ERR= 0 W:\work\z390\mac\WAIT.MAC
SUPERZAP  MZ390 FID= 25 ERR= 0 W:\work\z390\mac\GET.MAC
SUPERZAP  MZ390 FID= 26 ERR= 0 W:\work\z390\mac\ELSEIF.MAC
SUPERZAP  MZ390 FID= 27 ERR= 0 W:\work\z390\mac\GETMAIN.MAC
SUPERZAP  MZ390 FID= 28 ERR= 0 W:\work\z390\mac\ZOPTLR.MAC
SUPERZAP  MZ390 FID= 29 ERR= 0 W:\work\z390\mac\PUT.MAC
SUPERZAP  MZ390 FID= 30 ERR= 0 W:\work\z390\mac\ABEND.MAC
SUPERZAP  MZ390 FID= 31 ERR= 0 W:\work\z390\mac\EQUREGS.MAC
SUPERZAP  MZ390 FID= 32 ERR= 0 W:\work\z390\mac\DCB.MAC
SUPERZAP  MZ390 total mnote warnings  = 0
*****

***** LINKLIB\SUPERZAP.STA
SUPERZAP  AZ390 total az390 errors    = 0
SUPERZAP  MZ390 ENDED   RC= 0 MEM(MB)= MB IO=15903
SUPERZAP  LZ390 START
***** RT\LINKLIB\SAVE\SUPERZAP.STA
SUPERZAP  AZ390 total az390 errors    = 0
SUPERZAP  MZ390 ENDED   RC= 0 MEM(MB)= MB IO=15901
SUPERZAP  LZ390 START
*****

***** LINKLIB\SUPERZAP.STA
SUPERZAP  LZ390 z390 is licensed under GNU General Public License
SUPERZAP  LZ390 options = bal notiming stats systerm(linklib\rtlink)
SUPERZAP  LZ390 program = linklib\SUPERZAP.OBJ
***** RT\LINKLIB\SAVE\SUPERZAP.STA
SUPERZAP  LZ390 z390 is licensed under GNU General Public License
SUPERZAP  LZ390 options = W:\work\z390\z390.OPT=(time(60)) bal notiming stats 
  systerm(linklib\rtlink)
SUPERZAP  LZ390 program = linklib\SUPERZAP.OBJ
*****

***** LINKLIB\SUPERZAP.STA
SUPERZAP  LZ390 final_options=PROFILE=
SUPERZAP  LZ390 final options=STATS=C:\Program Files (x86)\Automated Software Tools\z390\linklib\SUPERZAP.
SUPERZAP  LZ390 final_options=STA
SUPERZAP  LZ390 final_options=SYSPARM=
SUPERZAP  LZ390 final options=SYSTERM=C:\Program Files (x86)\Automated Software Tools\z390\linklib\rtlink.
SUPERZAP  LZ390 final_options=ERR
SUPERZAP  LZ390 final_options=TESTDD=
SUPERZAP  LZ390 final_options=TIME=15
SUPERZAP  LZ390 final_options=TRACE=
***** RT\LINKLIB\SAVE\SUPERZAP.STA
SUPERZAP  LZ390 final_options=PROFILE=
SUPERZAP  LZ390 final_options=STATS=W:\work\z390\linklib\SUPERZAP.STA
SUPERZAP  LZ390 final_options=SYSPARM=
SUPERZAP  LZ390 final_options=SYSTERM=W:\work\z390\linklib\rtlink.ERR
SUPERZAP  LZ390 final_options=TESTDD=
SUPERZAP  LZ390 final_options=TIME=60
SUPERZAP  LZ390 final_options=TRACE=
*****

***** LINKLIB\SUPERZAP.STA
SUPERZAP  LZ390 total errors          = 0
SUPERZAP  LZ390 ENDED   RC= 0 MEM(MB)= MB IO=2486
***** RT\LINKLIB\SAVE\SUPERZAP.STA
SUPERZAP  LZ390 total errors          = 0
SUPERZAP  LZ390 ENDED   RC= 0 MEM(MB)= MB IO=2484
*****

